[ 4570.995697] [i] Total hammer attempts per row: 3726521
[ 4570.995697] EMIF 2 REG Write 0x00000618 at 0x4d000010
[ 4570.995697] EMIF 2 REG Read 0x00000618 at 0x4d000010
[ 4570.995758] EMIF 2 REG Write 0x00000618 at 0x4d000014
[ 4570.995758] EMIF 2 REG Read 0x00000618 at 0x4d000014
[ 4570.995788] EMIF 2 REG Write 0x58016893 at 0x4d0000cc
[ 4570.995788] EMIF 2 REG Read 0x58016893 at 0x4d0000cc
[ 4570.995819] Temp polling alert enabled
[ 4570.995819] Refresh enabled at EMIF2
[ 4570.995819] [i] Starting PUF read-out
[ 4570.995849] [i] Single-Sided Rowhammer (SSRH)
[ 4570.995849] PUF Read:0xffff7fff at 0xa0008000
[ 4570.995849] PUF Read:0xffffffff at 0xa0008004
[ 4570.995849] PUF Read:0xffffffff at 0xa0008008
[ 4570.995941] PUF Read:0xf7ffff7f at 0xa000800c
[ 4570.995971] PUF Read:0xffffffff at 0xa0008010
[ 4570.995971] PUF Read:0xdfffffff at 0xa0008014
[ 4570.995971] PUF Read:0xffff7fff at 0xa0008018
[ 4570.995971] PUF Read:0xfff5ffff at 0xa000801c
[ 4570.995971] PUF Read:0xffffffff at 0xa0008020
[ 4570.995971] PUF Read:0xffffffff at 0xa0008024
[ 4570.996124] PUF Read:0xffffffff at 0xa0008028
[ 4570.996154] PUF Read:0xffffffff at 0xa000802c
[ 4570.996154] PUF Read:0xfffffffd at 0xa0008030
[ 4570.996154] PUF Read:0xffffffff at 0xa0008034
[ 4570.996215] PUF Read:0xffffffff at 0xa0008038
[ 4570.996215] PUF Read:0xffffffff at 0xa000803c
[ 4570.996276] PUF Read:0xffffffff at 0xa0008040
[ 4570.996307] PUF Read:0xffffffff at 0xa0008044
[ 4570.996307] PUF Read:0xffffffff at 0xa0008048
[ 4570.996368] PUF Read:0xfffffffd at 0xa000804c
[ 4570.996368] PUF Read:0xf7ffffff at 0xa0008050
[ 4570.996368] PUF Read:0xfffffdff at 0xa0008054
[ 4570.996429] PUF Read:0xffffffdf at 0xa0008058
[ 4570.996459] PUF Read:0xffffffff at 0xa000805c
[ 4570.996459] PUF Read:0xffffffff at 0xa0008060
[ 4570.996459] PUF Read:0xffff7fff at 0xa0008064
[ 4570.996459] PUF Read:0xf7ffffff at 0xa0008068
[ 4570.996459] PUF Read:0xffffffff at 0xa000806c
[ 4570.996459] PUF Read:0xffffffff at 0xa0008070
[ 4570.996612] PUF Read:0xffffffff at 0xa0008074
[ 4570.996612] PUF Read:0xffffffff at 0xa0008078
[ 4570.996612] PUF Read:0xffffffff at 0xa000807c
[ 4570.996612] PUF Read:0xffffffff at 0xa0008080
[ 4570.996612] PUF Read:0xffffffff at 0xa0008084
[ 4570.996612] PUF Read:0xffffffff at 0xa0008088
[ 4570.996765] PUF Read:0xffffffff at 0xa000808c
[ 4570.996765] PUF Read:0xffffdfff at 0xa0008090
[ 4570.996765] PUF Read:0xffffffff at 0xa0008094
[ 4570.996765] PUF Read:0x7fffffff at 0xa0008098
[ 4570.996856] PUF Read:0xffffffff at 0xa000809c
[ 4570.996856] PUF Read:0xdfffff7f at 0xa00080a0
[ 4570.996917] PUF Read:0xffffffff at 0xa00080a4
[ 4570.996948] PUF Read:0xffdfffff at 0xa00080a8
[ 4570.996948] PUF Read:0xffffdfff at 0xa00080ac
[ 4570.996948] PUF Read:0xffffffff at 0xa00080b0
[ 4570.996948] PUF Read:0x7f7fffff at 0xa00080b4
[ 4570.996948] PUF Read:0xffffffff at 0xa00080b8
[ 4570.997070] PUF Read:0xdfffffff at 0xa00080bc
[ 4570.997070] PUF Read:0xffffffff at 0xa00080c0
[ 4570.997070] PUF Read:0xffffffff at 0xa00080c4
[ 4570.997070] PUF Read:0xfff7ffff at 0xa00080c8
[ 4570.997070] PUF Read:0xffffffff at 0xa00080cc
[ 4570.997070] PUF Read:0xffffffff at 0xa00080d0
[ 4570.997222] PUF Read:0xffff7ffd at 0xa00080d4
[ 4570.997222] PUF Read:0xffff7fff at 0xa00080d8
[ 4570.997222] PUF Read:0xffffffff at 0xa00080dc
[ 4570.997222] PUF Read:0x7fffffff at 0xa00080e0
[ 4570.997222] PUF Read:0xffffffff at 0xa00080e4
[ 4570.997222] PUF Read:0xffffffff at 0xa00080e8
[ 4570.997375] PUF Read:0xffffffff at 0xa00080ec
[ 4570.997406] PUF Read:0xdfffffff at 0xa00080f0
[ 4570.997406] PUF Read:0xffffffff at 0xa00080f4
[ 4570.997406] PUF Read:0xffffffff at 0xa00080f8
[ 4570.997467] PUF Read:0xffdfffff at 0xa00080fc
[ 4570.997467] PUF Read:0xffffffff at 0xa0008100
[ 4570.997528] PUF Read:0xffffffff at 0xa0008104
[ 4570.997558] PUF Read:0xfff7ffff at 0xa0008108
[ 4570.997558] PUF Read:0xffffffff at 0xa000810c
[ 4570.997558] PUF Read:0xffffffff at 0xa0008110
[ 4570.997619] PUF Read:0xfdff7fff at 0xa0008114
[ 4570.997619] PUF Read:0xffffffff at 0xa0008118
[ 4570.997680] PUF Read:0xfdff7fff at 0xa000811c
[ 4570.997711] PUF Read:0xffffffff at 0xa0008120
[ 4570.997711] PUF Read:0xffffffff at 0xa0008124
[ 4570.997711] PUF Read:0xffffffff at 0xa0008128
[ 4570.997772] PUF Read:0xffffffff at 0xa000812c
[ 4570.997772] PUF Read:0xffffffff at 0xa0008130
[ 4570.997833] PUF Read:0xffffff7f at 0xa0008134
[ 4570.997863] PUF Read:0xffdfffff at 0xa0008138
[ 4570.997863] PUF Read:0xffffffff at 0xa000813c
[ 4570.997863] PUF Read:0xffffffff at 0xa0008140
[ 4570.997924] PUF Read:0xffffffff at 0xa0008144
[ 4570.997924] PUF Read:0xffffffff at 0xa0008148
[ 4570.997985] PUF Read:0xffffffff at 0xa000814c
[ 4570.998016] PUF Read:0xffffffff at 0xa0008150
[ 4570.998016] PUF Read:0xffffffff at 0xa0008154
[ 4570.998016] PUF Read:0xffffffff at 0xa0008158
[ 4570.998077] PUF Read:0xffffffff at 0xa000815c
[ 4570.998077] PUF Read:0xffffffff at 0xa0008160
[ 4570.998138] PUF Read:0xfff7ffff at 0xa0008164
[ 4570.998168] PUF Read:0xffffffff at 0xa0008168
[ 4570.998168] PUF Read:0xffffffff at 0xa000816c
[ 4570.998168] PUF Read:0x7fffffff at 0xa0008170
[ 4570.998229] PUF Read:0xffffffff at 0xa0008174
[ 4570.998229] PUF Read:0xffffffff at 0xa0008178
[ 4570.998291] PUF Read:0xffffffff at 0xa000817c
[ 4570.998321] PUF Read:0xffff7f7f at 0xa0008180
[ 4570.998321] PUF Read:0xffffffff at 0xa0008184
[ 4570.998321] PUF Read:0xff7fffff at 0xa0008188
[ 4570.998321] PUF Read:0xffffffff at 0xa000818c
[ 4570.998413] PUF Read:0x7fffffff at 0xa0008190
[ 4570.998413] PUF Read:0xffffffff at 0xa0008194
[ 4570.998474] PUF Read:0xffffffff at 0xa0008198
[ 4570.998504] PUF Read:0xffffffff at 0xa000819c
[ 4570.998504] PUF Read:0xffffffff at 0xa00081a0
[ 4570.998504] PUF Read:0xffffffff at 0xa00081a4
[ 4570.998565] PUF Read:0xf7f7ffff at 0xa00081a8
[ 4570.998565] PUF Read:0xffffffff at 0xa00081ac
[ 4570.998626] PUF Read:0xffffffff at 0xa00081b0
[ 4570.998657] PUF Read:0xffffffff at 0xa00081b4
[ 4570.998657] PUF Read:0xffffffff at 0xa00081b8
[ 4570.998718] PUF Read:0xf7ffffff at 0xa00081bc
[ 4570.998718] PUF Read:0xfffddfff at 0xa00081c0
[ 4570.998718] PUF Read:0xffffffff at 0xa00081c4
[ 4570.998779] PUF Read:0xffffffff at 0xa00081c8
[ 4570.998809] PUF Read:0xff7fffff at 0xa00081cc
[ 4570.998809] PUF Read:0xffffffff at 0xa00081d0
[ 4570.998809] PUF Read:0xffffff7f at 0xa00081d4
[ 4570.998809] PUF Read:0xffffffff at 0xa00081d8
[ 4570.998901] PUF Read:0xffffffff at 0xa00081dc
[ 4570.998901] PUF Read:0xfffffff7 at 0xa00081e0
[ 4570.998962] PUF Read:0xffffffff at 0xa00081e4
[ 4570.998992] PUF Read:0xffffffff at 0xa00081e8
[ 4570.998992] PUF Read:0xff7fffff at 0xa00081ec
[ 4570.998992] PUF Read:0xffdfffff at 0xa00081f0
[ 4570.999053] PUF Read:0xffffffff at 0xa00081f4
[ 4570.999053] PUF Read:0xfffffff7 at 0xa00081f8
[ 4570.999114] PUF Read:0xffffffff at 0xa00081fc
[ 4570.999145] PUF Read:0xdfffffff at 0xa0008200
[ 4570.999145] PUF Read:0xffffffff at 0xa0008204
[ 4570.999145] PUF Read:0xfffff7ff at 0xa0008208
[ 4570.999145] PUF Read:0xfdffffff at 0xa000820c
[ 4570.999145] PUF Read:0xfffff7fd at 0xa0008210
[ 4570.999145] PUF Read:0xffffffff at 0xa0008214
[ 4570.999298] PUF Read:0xffffffff at 0xa0008218
[ 4570.999298] PUF Read:0xffffffff at 0xa000821c
[ 4570.999298] PUF Read:0xffffffff at 0xa0008220
[ 4570.999298] PUF Read:0xffffffff at 0xa0008224
[ 4570.999298] PUF Read:0xffffffff at 0xa0008228
[ 4570.999298] PUF Read:0xffffffff at 0xa000822c
[ 4570.999450] PUF Read:0xffffffff at 0xa0008230
[ 4570.999481] PUF Read:0x7d7fffff at 0xa0008234
[ 4570.999481] PUF Read:0xffffffff at 0xa0008238
[ 4570.999481] PUF Read:0xdfffffff at 0xa000823c
[ 4570.999542] PUF Read:0xfffff7ff at 0xa0008240
[ 4570.999542] PUF Read:0xffffffff at 0xa0008244
[ 4570.999603] PUF Read:0xffffffff at 0xa0008248
[ 4570.999633] PUF Read:0xffffffff at 0xa000824c
[ 4570.999633] PUF Read:0xffffffff at 0xa0008250
[ 4570.999633] PUF Read:0xffffffff at 0xa0008254
[ 4570.999694] PUF Read:0xffffffff at 0xa0008258
[ 4570.999694] PUF Read:0xffffffff at 0xa000825c
[ 4570.999755] PUF Read:0xffffffff at 0xa0008260
[ 4570.999786] PUF Read:0xffffffff at 0xa0008264
[ 4570.999786] PUF Read:0xffffddff at 0xa0008268
[ 4570.999786] PUF Read:0xffffffff at 0xa000826c
[ 4570.999847] PUF Read:0xffffffff at 0xa0008270
[ 4570.999847] PUF Read:0xffffffff at 0xa0008274
[ 4570.999847] PUF Read:0xffffffff at 0xa0008278
[ 4570.999938] PUF Read:0xffffffff at 0xa000827c
[ 4570.999969] PUF Read:0xffffffff at 0xa0008280
[ 4570.999969] PUF Read:0xf7ffffff at 0xa0008284
[ 4570.999969] PUF Read:0xffffffff at 0xa0008288
[ 4571.000030] PUF Read:0xffffffff at 0xa000828c
[ 4571.000030] PUF Read:0xfffffffd at 0xa0008290
[ 4571.000091] PUF Read:0x7dffffff at 0xa0008294
[ 4571.000122] PUF Read:0xffffffff at 0xa0008298
[ 4571.000122] PUF Read:0xffffffff at 0xa000829c
[ 4571.000122] PUF Read:0xffffffff at 0xa00082a0
[ 4571.000183] PUF Read:0xffffffff at 0xa00082a4
[ 4571.000183] PUF Read:0xffffffff at 0xa00082a8
[ 4571.000244] PUF Read:0xffffffff at 0xa00082ac
[ 4571.000274] PUF Read:0xffffffff at 0xa00082b0
[ 4571.000274] PUF Read:0xffffffff at 0xa00082b4
[ 4571.000274] PUF Read:0xfffdffff at 0xa00082b8
[ 4571.000335] PUF Read:0xffffffff at 0xa00082bc
[ 4571.000335] PUF Read:0xffffffff at 0xa00082c0
[ 4571.000396] PUF Read:0xffffffff at 0xa00082c4
[ 4571.000427] PUF Read:0xffffffff at 0xa00082c8
[ 4571.000427] PUF Read:0xffffffff at 0xa00082cc
[ 4571.000427] PUF Read:0xffffffff at 0xa00082d0
[ 4571.000488] PUF Read:0xffffffff at 0xa00082d4
[ 4571.000488] PUF Read:0xffffffff at 0xa00082d8
[ 4571.000549] PUF Read:0xffffffff at 0xa00082dc
[ 4571.000579] PUF Read:0xffffffff at 0xa00082e0
[ 4571.000579] PUF Read:0xffffffff at 0xa00082e4
[ 4571.000579] PUF Read:0xffffffff at 0xa00082e8
[ 4571.000640] PUF Read:0xffffffff at 0xa00082ec
[ 4571.000640] PUF Read:0xffffffff at 0xa00082f0
[ 4571.000701] PUF Read:0xffffffff at 0xa00082f4
[ 4571.000732] PUF Read:0xffffffff at 0xa00082f8
[ 4571.000732] PUF Read:0xffffffff at 0xa00082fc
[ 4571.000732] PUF Read:0xffffffff at 0xa0008300
[ 4571.000793] PUF Read:0xffffffff at 0xa0008304
[ 4571.000793] PUF Read:0xffffdfff at 0xa0008308
[ 4571.000854] PUF Read:0xffffffff at 0xa000830c
[ 4571.000885] PUF Read:0xffffffdf at 0xa0008310
[ 4571.000885] PUF Read:0xffffffff at 0xa0008314
[ 4571.000946] PUF Read:0x7fffffff at 0xa0008318
[ 4571.000946] PUF Read:0xffffffff at 0xa000831c
[ 4571.000946] PUF Read:0xffffdfff at 0xa0008320
[ 4571.000946] PUF Read:0xffffffff at 0xa0008324
[ 4571.001037] PUF Read:0xffffffff at 0xa0008328
[ 4571.001037] PUF Read:0xfffffffd at 0xa000832c
[ 4571.001037] PUF Read:0xffffffff at 0xa0008330
[ 4571.001037] PUF Read:0xffffffff at 0xa0008334
[ 4571.001037] PUF Read:0xffffffff at 0xa0008338
[ 4571.001037] PUF Read:0xffffffff at 0xa000833c
[ 4571.001190] PUF Read:0xffffffff at 0xa0008340
[ 4571.001190] PUF Read:0xffffff7f at 0xa0008344
[ 4571.001190] PUF Read:0xffffffff at 0xa0008348
[ 4571.001190] PUF Read:0xffffffff at 0xa000834c
[ 4571.001281] PUF Read:0xffffdfdf at 0xa0008350
[ 4571.001281] PUF Read:0xdfffffff at 0xa0008354
[ 4571.001342] PUF Read:0xffffffff at 0xa0008358
[ 4571.001373] PUF Read:0xffffffff at 0xa000835c
[ 4571.001373] PUF Read:0xffffffff at 0xa0008360
[ 4571.001373] PUF Read:0xffffff7f at 0xa0008364
[ 4571.001434] PUF Read:0xffffdfff at 0xa0008368
[ 4571.001434] PUF Read:0xffffffff at 0xa000836c
[ 4571.001495] PUF Read:0xffffffff at 0xa0008370
[ 4571.001525] PUF Read:0xffffffff at 0xa0008374
[ 4571.001525] PUF Read:0xffffdfff at 0xa0008378
[ 4571.001525] PUF Read:0xffffffff at 0xa000837c
[ 4571.001525] PUF Read:0xfffffffd at 0xa0008380
[ 4571.001525] PUF Read:0xffffffff at 0xa0008384
[ 4571.001525] PUF Read:0xffffffff at 0xa0008388
[ 4571.001678] PUF Read:0xffffffff at 0xa000838c
[ 4571.001678] PUF Read:0xffffffff at 0xa0008390
[ 4571.001678] PUF Read:0xffffffff at 0xa0008394
[ 4571.001678] PUF Read:0xffffffff at 0xa0008398
[ 4571.001678] PUF Read:0xfff7ffff at 0xa000839c
[ 4571.001678] PUF Read:0xffffffff at 0xa00083a0
[ 4571.001831] PUF Read:0xffffffff at 0xa00083a4
[ 4571.001831] PUF Read:0xffffffff at 0xa00083a8
[ 4571.001831] PUF Read:0xffffffff at 0xa00083ac
[ 4571.001831] PUF Read:0xfffffff7 at 0xa00083b0
[ 4571.001831] PUF Read:0xffffffff at 0xa00083b4
[ 4571.001831] PUF Read:0xffffffff at 0xa00083b8
[ 4571.001983] PUF Read:0xffffffff at 0xa00083bc
[ 4571.001983] PUF Read:0xffffffff at 0xa00083c0
[ 4571.001983] PUF Read:0xffffffff at 0xa00083c4
[ 4571.001983] PUF Read:0xffffffff at 0xa00083c8
[ 4571.001983] PUF Read:0xfff7ffff at 0xa00083cc
[ 4571.001983] PUF Read:0xffffffff at 0xa00083d0
[ 4571.002136] PUF Read:0xffffffff at 0xa00083d4
[ 4571.002166] PUF Read:0xff7fffff at 0xa00083d8
[ 4571.002166] PUF Read:0xfffff7ff at 0xa00083dc
[ 4571.002166] PUF Read:0xffffffff at 0xa00083e0
[ 4571.002227] PUF Read:0xf77ffdff at 0xa00083e4
[ 4571.002227] PUF Read:0xffffff7f at 0xa00083e8
[ 4571.002288] PUF Read:0xffffff7f at 0xa00083ec
[ 4571.002319] PUF Read:0xfffdffff at 0xa00083f0
[ 4571.002319] PUF Read:0xffffffff at 0xa00083f4
[ 4571.002319] PUF Read:0xffffffff at 0xa00083f8
[ 4571.002380] PUF Read:0xdfffffff at 0xa00083fc
[ 4571.002410] [i] Finished PUF read-out
[ 4571.002410] <6>[i] Finished PUF query for decaytime: 15360
[ 4571.002441] End measurement:0
[ 4571.002441] [i] Starting the Rowhammer PUF for PandaBoard
[ 4571.002471] Number of PUF rows: 8 PUF init Value :ffffffff Rowhammer rows init Value:0
[ 4571.002502] [i] Start measurement: 0
[ 4571.002502] [i] Start decaytime: 60
[ 4571.002532] EMIF 2 REG Write 0x80000000 at 0x4d000010
[ 4571.002532] EMIF 2 REG Read 0x80000000 at 0x4d000010
[ 4571.002532] EMIF 2 REG Write 0x80000000 at 0x4d000014
[ 4571.002563] EMIF 2 REG Read 0x00000000 at 0x4d000014
[ 4571.002563] EMIF 2 REG Write 0x08016893 at 0x4d0000cc
[ 4571.002593] EMIF 2 REG Read 0x08016893 at 0x4d0000cc
[ 4571.002593] Temp polling alert disabled
[ 4571.002593] Refresh Disabled at EMIF2
[ 4571.002624] [i] Initialiting PUF & hammer rows
[ 4571.002624] [i] Single-Sided Rowhammer (SSRH)
[ 4571.046264] [i] Finished initialiting PUF & hammer rows
[ 4571.046264] [i]	Timer elapsed since its reset 0 sec
[ 4571.046295] [i] Decay: 60 sec
[ 4571.046295] [i]	Relative Decay: 0 msec
