[ 4030.080627] [i] Total hammer attempts per row: 3726605
[ 4030.080627] EMIF 2 REG Write 0x00000618 at 0x4d000010
[ 4030.080657] EMIF 2 REG Read 0x00000618 at 0x4d000010
[ 4030.080657] EMIF 2 REG Write 0x00000618 at 0x4d000014
[ 4030.080688] EMIF 2 REG Read 0x00000618 at 0x4d000014
[ 4030.080688] EMIF 2 REG Write 0x58016893 at 0x4d0000cc
[ 4030.080718] EMIF 2 REG Read 0x58016893 at 0x4d0000cc
[ 4030.080718] Temp polling alert enabled
[ 4030.080718] Refresh enabled at EMIF2
[ 4030.080749] [i] Starting PUF read-out
[ 4030.080749] [i] Single-Sided Rowhammer (SSRH)
[ 4030.080749] PUF Read:0xaaaa2aba at 0xa0008000
[ 4030.080780] PUF Read:0xaaaaaaaa at 0xa0008004
[ 4030.080810] PUF Read:0xaaaaaaaa at 0xa0008008
[ 4030.080810] PUF Read:0xa2aaaa2a at 0xa000800c
[ 4030.080810] PUF Read:0xaaaaaaaa at 0xa0008010
[ 4030.080902] PUF Read:0x8aaaabaa at 0xa0008014
[ 4030.080902] PUF Read:0xaaaa2aaa at 0xa0008018
[ 4030.080902] PUF Read:0xaaa2aaaa at 0xa000801c
[ 4030.080902] PUF Read:0xaaaaaaaa at 0xa0008020
[ 4030.080993] PUF Read:0xeaaaeaaa at 0xa0008024
[ 4030.080993] PUF Read:0xaaaaaaaa at 0xa0008028
[ 4030.081054] PUF Read:0xaaaaaaba at 0xa000802c
[ 4030.081085] PUF Read:0xaaaaaaa8 at 0xa0008030
[ 4030.081085] PUF Read:0xaeaaaaaa at 0xa0008034
[ 4030.081146] PUF Read:0xaaaaaaaa at 0xa0008038
[ 4030.081146] PUF Read:0xaaaaaaaa at 0xa000803c
[ 4030.081146] PUF Read:0xaaaaaaab at 0xa0008040
[ 4030.081207] PUF Read:0xaaaaeaaa at 0xa0008044
[ 4030.081237] PUF Read:0xaaaaaaaa at 0xa0008048
[ 4030.081237] PUF Read:0xaaaaaaa9 at 0xa000804c
[ 4030.081237] PUF Read:0xa2aaaaaa at 0xa0008050
[ 4030.081237] PUF Read:0xaaaaa8aa at 0xa0008054
[ 4030.081237] PUF Read:0xaaaaaa8a at 0xa0008058
[ 4030.081237] PUF Read:0xaaaaaaaa at 0xa000805c
[ 4030.081390] PUF Read:0xaaaaaaaa at 0xa0008060
[ 4030.081390] PUF Read:0xaaaa2aaa at 0xa0008064
[ 4030.081390] PUF Read:0xaaaaaaaa at 0xa0008068
[ 4030.081390] PUF Read:0xaaaaaaaa at 0xa000806c
[ 4030.081390] PUF Read:0xaaaaaaaa at 0xa0008070
[ 4030.081390] PUF Read:0xaaaaaaaa at 0xa0008074
[ 4030.081542] PUF Read:0xaaaaaaaa at 0xa0008078
[ 4030.081542] PUF Read:0xaaabaaaa at 0xa000807c
[ 4030.081542] PUF Read:0xaaabaaaa at 0xa0008080
[ 4030.081542] PUF Read:0xaaaaaaaa at 0xa0008084
[ 4030.081542] PUF Read:0xaaaaaaaa at 0xa0008088
[ 4030.081542] PUF Read:0xaaaaaaaa at 0xa000808c
[ 4030.081695] PUF Read:0xaaaa8aaa at 0xa0008090
[ 4030.081695] PUF Read:0xaaaaaaaa at 0xa0008094
[ 4030.081695] PUF Read:0x2aabaaab at 0xa0008098
[ 4030.081695] PUF Read:0xaaaaaaaa at 0xa000809c
[ 4030.081695] PUF Read:0x8aaaaa2a at 0xa00080a0
[ 4030.081695] PUF Read:0xaaabaaaa at 0xa00080a4
[ 4030.081848] PUF Read:0xaa8aaaab at 0xa00080a8
[ 4030.081848] PUF Read:0xaaaa8aeb at 0xa00080ac
[ 4030.081848] PUF Read:0xaaaaaaaa at 0xa00080b0
[ 4030.081848] PUF Read:0x2a2aaaaa at 0xa00080b4
[ 4030.081939] PUF Read:0xaaaaeaaa at 0xa00080b8
[ 4030.081939] PUF Read:0x8aaaaaaa at 0xa00080bc
[ 4030.082000] PUF Read:0xaaaaaaaa at 0xa00080c0
[ 4030.082031] PUF Read:0xaaaaaaaa at 0xa00080c4
[ 4030.082031] PUF Read:0xaaa2aaaa at 0xa00080c8
[ 4030.082031] PUF Read:0xabaaaaaa at 0xa00080cc
[ 4030.082031] PUF Read:0xeaaeeaaa at 0xa00080d0
[ 4030.082031] PUF Read:0xaaaa2aaa at 0xa00080d4
[ 4030.082031] PUF Read:0xaaaa3aaa at 0xa00080d8
[ 4030.082183] PUF Read:0xaaaaaaaa at 0xa00080dc
[ 4030.082183] PUF Read:0xabaaaaaa at 0xa00080e0
[ 4030.082183] PUF Read:0xaaaaaaaa at 0xa00080e4
[ 4030.082183] PUF Read:0xaaaaaaaa at 0xa00080e8
[ 4030.082183] PUF Read:0xaaaaaaab at 0xa00080ec
[ 4030.082183] PUF Read:0x8aaaaaaa at 0xa00080f0
[ 4030.082336] PUF Read:0xaaaaaaaa at 0xa00080f4
[ 4030.082336] PUF Read:0xaaaaabaa at 0xa00080f8
[ 4030.082336] PUF Read:0xaa8aaaaa at 0xa00080fc
[ 4030.082336] PUF Read:0xaaaaaaaa at 0xa0008100
[ 4030.082336] PUF Read:0xaaaaaaaa at 0xa0008104
[ 4030.082336] PUF Read:0xaaa2aaaa at 0xa0008108
[ 4030.082489] PUF Read:0xaaaaaaaa at 0xa000810c
[ 4030.082489] PUF Read:0xaaaaaaaa at 0xa0008110
[ 4030.082489] PUF Read:0xaaea2aaa at 0xa0008114
[ 4030.082489] PUF Read:0xaaaaaaaa at 0xa0008118
[ 4030.082489] PUF Read:0xa8aaaaaa at 0xa000811c
[ 4030.082489] PUF Read:0xaaaaaaaa at 0xa0008120
[ 4030.082641] PUF Read:0xaaaaaeaa at 0xa0008124
[ 4030.082641] PUF Read:0xaaaaaaea at 0xa0008128
[ 4030.082641] PUF Read:0xaaaaaaaa at 0xa000812c
[ 4030.082641] PUF Read:0xaaaaaaaa at 0xa0008130
[ 4030.082733] PUF Read:0xaaaaaa2a at 0xa0008134
[ 4030.082733] PUF Read:0xaa8baaaa at 0xa0008138
[ 4030.082794] PUF Read:0xaaaaaaaa at 0xa000813c
[ 4030.082824] PUF Read:0xaaaaaeaa at 0xa0008140
[ 4030.082824] PUF Read:0xaaaaaaaa at 0xa0008144
[ 4030.082824] PUF Read:0xaabaaeaa at 0xa0008148
[ 4030.082885] PUF Read:0xaaaaaaaa at 0xa000814c
[ 4030.082885] PUF Read:0xaaaaaaaa at 0xa0008150
[ 4030.082946] PUF Read:0xaaaaaaaa at 0xa0008154
[ 4030.082977] PUF Read:0xaaaaaaaa at 0xa0008158
[ 4030.082977] PUF Read:0xaabaaaea at 0xa000815c
[ 4030.082977] PUF Read:0xaaaaaaaa at 0xa0008160
[ 4030.083038] PUF Read:0xaaaaaaaa at 0xa0008164
[ 4030.083038] PUF Read:0xaeaaaaaa at 0xa0008168
[ 4030.083099] PUF Read:0xaaeaaaaa at 0xa000816c
[ 4030.083129] PUF Read:0x2aaaaaaa at 0xa0008170
[ 4030.083129] PUF Read:0xaabaaaaa at 0xa0008174
[ 4030.083129] PUF Read:0xaaaaaaaa at 0xa0008178
[ 4030.083190] PUF Read:0xaaaaaaaa at 0xa000817c
[ 4030.083190] PUF Read:0xaaaa2a2a at 0xa0008180
[ 4030.083251] PUF Read:0xaaaaaaaa at 0xa0008184
[ 4030.083282] PUF Read:0xaa2eaaaa at 0xa0008188
[ 4030.083282] PUF Read:0xaaaaaaea at 0xa000818c
[ 4030.083282] PUF Read:0x2aaaaaaa at 0xa0008190
[ 4030.083343] PUF Read:0xeaaaaaaa at 0xa0008194
[ 4030.083343] PUF Read:0xaaaaaaaa at 0xa0008198
[ 4030.083404] PUF Read:0xaaaaaaaa at 0xa000819c
[ 4030.083435] PUF Read:0xaaaaaaaa at 0xa00081a0
[ 4030.083435] PUF Read:0xaaaaaaaa at 0xa00081a4
[ 4030.083435] PUF Read:0xaaa2aaaa at 0xa00081a8
[ 4030.083435] PUF Read:0xaaaaaaaa at 0xa00081ac
[ 4030.083435] PUF Read:0xaaebaaaa at 0xa00081b0
[ 4030.083435] PUF Read:0xaaaaaaaa at 0xa00081b4
[ 4030.083587] PUF Read:0xaaaaaaaa at 0xa00081b8
[ 4030.083587] PUF Read:0xa2aaaaaa at 0xa00081bc
[ 4030.083587] PUF Read:0xaaa88aaa at 0xa00081c0
[ 4030.083587] PUF Read:0xaaaaaaae at 0xa00081c4
[ 4030.083587] PUF Read:0xaaaaaaaa at 0xa00081c8
[ 4030.083587] PUF Read:0xaa2baaaa at 0xa00081cc
[ 4030.083740] PUF Read:0xbaaaaaaa at 0xa00081d0
[ 4030.083740] PUF Read:0xaaaaaa2a at 0xa00081d4
[ 4030.083740] PUF Read:0xaaaaaaaa at 0xa00081d8
[ 4030.083740] PUF Read:0xaaaaaaaa at 0xa00081dc
[ 4030.083831] PUF Read:0xaaaaaaaa at 0xa00081e0
[ 4030.083831] PUF Read:0xaaaaaaea at 0xa00081e4
[ 4030.083892] PUF Read:0xaaaaaaaa at 0xa00081e8
[ 4030.083923] PUF Read:0xaa2aaaaa at 0xa00081ec
[ 4030.083923] PUF Read:0xaaaaaaab at 0xa00081f0
[ 4030.083923] PUF Read:0xaaaaaeaa at 0xa00081f4
[ 4030.083984] PUF Read:0xaaaaaaa2 at 0xa00081f8
[ 4030.083984] PUF Read:0xaaaaaaea at 0xa00081fc
[ 4030.084045] PUF Read:0xaaaaaaaa at 0xa0008200
[ 4030.084045] PUF Read:0xaaaaaaaa at 0xa0008204
[ 4030.084045] PUF Read:0xaaaaa2ba at 0xa0008208
[ 4030.084045] PUF Read:0xa8aaaaaa at 0xa000820c
[ 4030.084136] PUF Read:0xaaaaa2a8 at 0xa0008210
[ 4030.084136] PUF Read:0xaaaaaaaa at 0xa0008214
[ 4030.084197] PUF Read:0xaaaaaeaa at 0xa0008218
[ 4030.084228] PUF Read:0xaaaaaaaa at 0xa000821c
[ 4030.084228] PUF Read:0xaaaaaaaa at 0xa0008220
[ 4030.084228] PUF Read:0xaabaaaaa at 0xa0008224
[ 4030.084289] PUF Read:0xaaaaaaaa at 0xa0008228
[ 4030.084289] PUF Read:0xaaaaaaaa at 0xa000822c
[ 4030.084350] PUF Read:0xaaaaafaa at 0xa0008230
[ 4030.084381] PUF Read:0x286aaaaa at 0xa0008234
[ 4030.084381] PUF Read:0xaaaaaaaa at 0xa0008238
[ 4030.084381] PUF Read:0xaaaaaaaa at 0xa000823c
[ 4030.084442] PUF Read:0xaaaaaaaa at 0xa0008240
[ 4030.084442] PUF Read:0xaaaaaaaa at 0xa0008244
[ 4030.084503] PUF Read:0xaaaaaaaa at 0xa0008248
[ 4030.084533] PUF Read:0xaaaaaaaa at 0xa000824c
[ 4030.084533] PUF Read:0xaaaaaaaa at 0xa0008250
[ 4030.084594] PUF Read:0xaabaaaaa at 0xa0008254
[ 4030.084594] PUF Read:0xaaaaaaaa at 0xa0008258
[ 4030.084594] PUF Read:0xaeaeaaaa at 0xa000825c
[ 4030.084655] PUF Read:0xaaaaaaaa at 0xa0008260
[ 4030.084686] PUF Read:0xaaaaaaaa at 0xa0008264
[ 4030.084686] PUF Read:0xaaaa8caa at 0xa0008268
[ 4030.084686] PUF Read:0xaaaaaaaa at 0xa000826c
[ 4030.084747] PUF Read:0xaaaaaaaa at 0xa0008270
[ 4030.084747] PUF Read:0xaaaaaaaa at 0xa0008274
[ 4030.084808] PUF Read:0xaaaaaaea at 0xa0008278
[ 4030.084838] PUF Read:0xaaaaaaaa at 0xa000827c
[ 4030.084838] PUF Read:0xeaaaaaaa at 0xa0008280
[ 4030.084838] PUF Read:0xa2aaaaaa at 0xa0008284
[ 4030.084899] PUF Read:0xaaeaaaaa at 0xa0008288
[ 4030.084899] PUF Read:0xaaaaaaaa at 0xa000828c
[ 4030.084899] PUF Read:0xaaaaaaa8 at 0xa0008290
[ 4030.084991] PUF Read:0xa8aaaaaa at 0xa0008294
[ 4030.085021] PUF Read:0xaaaaaaaa at 0xa0008298
[ 4030.085021] PUF Read:0xaaaaaaaa at 0xa000829c
[ 4030.085021] PUF Read:0xaaaaaaaa at 0xa00082a0
[ 4030.085083] PUF Read:0xaaaabaaa at 0xa00082a4
[ 4030.085083] PUF Read:0xaaaaaaaa at 0xa00082a8
[ 4030.085144] PUF Read:0xaaaaaaaa at 0xa00082ac
[ 4030.085174] PUF Read:0xaaaaaaaa at 0xa00082b0
[ 4030.085174] PUF Read:0xaaaaaaaa at 0xa00082b4
[ 4030.085235] PUF Read:0xaaa8aaea at 0xa00082b8
[ 4030.085235] PUF Read:0xaaaaaaaa at 0xa00082bc
[ 4030.085235] PUF Read:0xaaaaaaaa at 0xa00082c0
[ 4030.085296] PUF Read:0xaaaaaaaa at 0xa00082c4
[ 4030.085327] PUF Read:0xbaaaaaaa at 0xa00082c8
[ 4030.085327] PUF Read:0xaaaaaaaa at 0xa00082cc
[ 4030.085327] PUF Read:0xaabaaaaa at 0xa00082d0
[ 4030.085327] PUF Read:0xaaaaaaaa at 0xa00082d4
[ 4030.085327] PUF Read:0xaaaaaaaa at 0xa00082d8
[ 4030.085327] PUF Read:0xaaaaeaaa at 0xa00082dc
[ 4030.085479] PUF Read:0xaaaaaaaa at 0xa00082e0
[ 4030.085479] PUF Read:0xaaaaaeaa at 0xa00082e4
[ 4030.085479] PUF Read:0xaaaaabaa at 0xa00082e8
[ 4030.085479] PUF Read:0xaaaaaaab at 0xa00082ec
[ 4030.085479] PUF Read:0xaaaaaaaa at 0xa00082f0
[ 4030.085479] PUF Read:0xaaaaaaaa at 0xa00082f4
[ 4030.085632] PUF Read:0xaaaaaaaa at 0xa00082f8
[ 4030.085632] PUF Read:0xaaaaaaaa at 0xa00082fc
[ 4030.085632] PUF Read:0xaaaaaaaa at 0xa0008300
[ 4030.085632] PUF Read:0xaaaaaaaa at 0xa0008304
[ 4030.085632] PUF Read:0xaaaa8aaa at 0xa0008308
[ 4030.085632] PUF Read:0xaaaaaaaa at 0xa000830c
[ 4030.085784] PUF Read:0xaaaaaa8a at 0xa0008310
[ 4030.085784] PUF Read:0xaaaaaaaa at 0xa0008314
[ 4030.085784] PUF Read:0x2bfaaaaa at 0xa0008318
[ 4030.085784] PUF Read:0xbaaaaaaa at 0xa000831c
[ 4030.085784] PUF Read:0xaaaaaaaa at 0xa0008320
[ 4030.085784] PUF Read:0xaaaaaaaa at 0xa0008324
[ 4030.085937] PUF Read:0xaaaaaaaa at 0xa0008328
[ 4030.085968] PUF Read:0xaaabaaaa at 0xa000832c
[ 4030.085968] PUF Read:0xaaaaaaae at 0xa0008330
[ 4030.085968] PUF Read:0xaaaaaaaa at 0xa0008334
[ 4030.086029] PUF Read:0xaaaabaaa at 0xa0008338
[ 4030.086029] PUF Read:0xaaaaaaaa at 0xa000833c
[ 4030.086090] PUF Read:0xbaaaaaaa at 0xa0008340
[ 4030.086120] PUF Read:0xaaaaaaab at 0xa0008344
[ 4030.086120] PUF Read:0xaaaaaaaa at 0xa0008348
[ 4030.086120] PUF Read:0xaaaaabaa at 0xa000834c
[ 4030.086181] PUF Read:0xaaaa8a8a at 0xa0008350
[ 4030.086181] PUF Read:0x8aaaaaaa at 0xa0008354
[ 4030.086242] PUF Read:0xaaaaaaaa at 0xa0008358
[ 4030.086273] PUF Read:0xaaaaaaaa at 0xa000835c
[ 4030.086273] PUF Read:0xaaabaaaa at 0xa0008360
[ 4030.086273] PUF Read:0xaaaaaa2a at 0xa0008364
[ 4030.086334] PUF Read:0xaaaaaaaa at 0xa0008368
[ 4030.086334] PUF Read:0xaaaaaeaa at 0xa000836c
[ 4030.086395] PUF Read:0xaaaaaaaa at 0xa0008370
[ 4030.086425] PUF Read:0xaaaaaaaa at 0xa0008374
[ 4030.086425] PUF Read:0xeaaa8aaa at 0xa0008378
[ 4030.086425] PUF Read:0xaaaaaaaa at 0xa000837c
[ 4030.086425] PUF Read:0xaaaaaaaa at 0xa0008380
[ 4030.086425] PUF Read:0xaaaaaaaa at 0xa0008384
[ 4030.086425] PUF Read:0xaaaaaaaa at 0xa0008388
[ 4030.086578] PUF Read:0xaaaaaaaa at 0xa000838c
[ 4030.086578] PUF Read:0xaaaaaaab at 0xa0008390
[ 4030.086578] PUF Read:0xaaaaabaa at 0xa0008394
[ 4030.086578] PUF Read:0xaaaaaaaa at 0xa0008398
[ 4030.086669] PUF Read:0xaaa2aaaa at 0xa000839c
[ 4030.086669] PUF Read:0xaaaaaaaa at 0xa00083a0
[ 4030.086730] PUF Read:0xaaaaaaaa at 0xa00083a4
[ 4030.086761] PUF Read:0xaaaaaaaa at 0xa00083a8
[ 4030.086761] PUF Read:0xaaaabaaa at 0xa00083ac
[ 4030.086761] PUF Read:0xaaaaaaa2 at 0xa00083b0
[ 4030.086822] PUF Read:0xaaaaaaaa at 0xa00083b4
[ 4030.086822] PUF Read:0xaaaaaaaa at 0xa00083b8
[ 4030.086883] PUF Read:0xaaaaaaaa at 0xa00083bc
[ 4030.086914] PUF Read:0xaaaaaaaa at 0xa00083c0
[ 4030.086914] PUF Read:0xaeaaaaaa at 0xa00083c4
[ 4030.086914] PUF Read:0xaaaaaaaa at 0xa00083c8
[ 4030.086975] PUF Read:0xaaa2aaaa at 0xa00083cc
[ 4030.086975] PUF Read:0xaaaaaaaa at 0xa00083d0
[ 4030.087036] PUF Read:0xaaabaaaa at 0xa00083d4
[ 4030.087066] PUF Read:0xaa2aaaaa at 0xa00083d8
[ 4030.087066] PUF Read:0xaaaaaaaa at 0xa00083dc
[ 4030.087066] PUF Read:0xaabeaaaa at 0xa00083e0
[ 4030.087066] PUF Read:0xba2aa8aa at 0xa00083e4
[ 4030.087066] PUF Read:0xaaaaaa2a at 0xa00083e8
[ 4030.087188] PUF Read:0xaaaaaaaa at 0xa00083ec
[ 4030.087219] PUF Read:0xaaa8aeaa at 0xa00083f0
[ 4030.087219] PUF Read:0xaeaaaaaa at 0xa00083f4
[ 4030.087219] PUF Read:0xaaaaaaae at 0xa00083f8
[ 4030.087280] PUF Read:0x8aaeaaaa at 0xa00083fc
[ 4030.087310] [i] Finished PUF read-out
[ 4030.087310] <6>[i] Finished PUF query for decaytime: 15360
[ 4030.087341] End measurement:0
[ 4030.087341] [i] Starting the Rowhammer PUF for PandaBoard
[ 4030.087341] Number of PUF rows: 8 PUF init Value :aaaaaaaa Rowhammer rows init Value:ffffffff
[ 4030.087371] [i] Start measurement: 0
[ 4030.087371] [i] Start decaytime: 60
[ 4030.087371] EMIF 2 REG Write 0x80000000 at 0x4d000010
[ 4030.087402] EMIF 2 REG Read 0x80000000 at 0x4d000010
[ 4030.087402] EMIF 2 REG Write 0x80000000 at 0x4d000014
[ 4030.087432] EMIF 2 REG Read 0x00000000 at 0x4d000014
[ 4030.087432] EMIF 2 REG Write 0x08016893 at 0x4d0000cc
[ 4030.087463] EMIF 2 REG Read 0x08016893 at 0x4d0000cc
[ 4030.087463] Temp polling alert disabled
[ 4030.087463] Refresh Disabled at EMIF2
[ 4030.087493] [i] Initialiting PUF & hammer rows
[ 4030.087493] [i] Single-Sided Rowhammer (SSRH)
[ 4030.119628] [i] Finished initialiting PUF & hammer rows
[ 4030.132354] [i]	Timer elapsed since its reset 0 sec
[ 4030.132354] [i] Decay: 60 sec
[ 4030.132385] [i]	Relative Decay: 0 msec
