[ 2828.213470] [i] Total hammer attempts per row: 1863147
[ 2828.213470] EMIF 2 REG Write 0x00000618 at 0x4d000010
[ 2828.213500] EMIF 2 REG Read 0x00000618 at 0x4d000010
[ 2828.213500] EMIF 2 REG Write 0x00000618 at 0x4d000014
[ 2828.213531] EMIF 2 REG Read 0x00000618 at 0x4d000014
[ 2828.213531] EMIF 2 REG Write 0x58016893 at 0x4d0000cc
[ 2828.213562] EMIF 2 REG Read 0x58016893 at 0x4d0000cc
[ 2828.213562] Temp polling alert enabled
[ 2828.213562] Refresh enabled at EMIF2
[ 2828.213592] [i] Starting PUF read-out
[ 2828.213592] [i] Single-Sided Rowhammer (SSRH)
[ 2828.213592] PUF Read:0xaaaaaaaa at 0xa0008000
[ 2828.213623] PUF Read:0xaaaaaaaa at 0xa0008004
[ 2828.213653] PUF Read:0xaaaaaaaa at 0xa0008008
[ 2828.213653] PUF Read:0xaaaaaaaa at 0xa000800c
[ 2828.213653] PUF Read:0xaaaaaaaa at 0xa0008010
[ 2828.213745] PUF Read:0xaaaaabaa at 0xa0008014
[ 2828.213775] PUF Read:0xaaaaaaaa at 0xa0008018
[ 2828.213775] PUF Read:0xaaaaaaaa at 0xa000801c
[ 2828.213775] PUF Read:0xaaaaaaaa at 0xa0008020
[ 2828.213836] PUF Read:0xaaaaaaaa at 0xa0008024
[ 2828.213836] PUF Read:0xaaaaaaaa at 0xa0008028
[ 2828.213897] PUF Read:0xaaaaaaaa at 0xa000802c
[ 2828.213928] PUF Read:0xaaaaaaaa at 0xa0008030
[ 2828.213928] PUF Read:0xaaaaaaaa at 0xa0008034
[ 2828.213989] PUF Read:0xaaaaaaaa at 0xa0008038
[ 2828.213989] PUF Read:0xaaaaaaaa at 0xa000803c
[ 2828.213989] PUF Read:0xaaaaaaab at 0xa0008040
[ 2828.214050] PUF Read:0xaaaaeaaa at 0xa0008044
[ 2828.214080] PUF Read:0xaaaaaaaa at 0xa0008048
[ 2828.214080] PUF Read:0xaaaaaaaa at 0xa000804c
[ 2828.214080] PUF Read:0xaaaaaaaa at 0xa0008050
[ 2828.214080] PUF Read:0xaaaaaaaa at 0xa0008054
[ 2828.214080] PUF Read:0xaaaaaaaa at 0xa0008058
[ 2828.214080] PUF Read:0xaaaaaaaa at 0xa000805c
[ 2828.214233] PUF Read:0xaaaaaaaa at 0xa0008060
[ 2828.214233] PUF Read:0xaaaa2aaa at 0xa0008064
[ 2828.214233] PUF Read:0xaaaaaaaa at 0xa0008068
[ 2828.214233] PUF Read:0xaaaaaaaa at 0xa000806c
[ 2828.214233] PUF Read:0xaaaaaaaa at 0xa0008070
[ 2828.214233] PUF Read:0xaaaaaaaa at 0xa0008074
[ 2828.214385] PUF Read:0xaaaaaaaa at 0xa0008078
[ 2828.214416] PUF Read:0xaaaaaaaa at 0xa000807c
[ 2828.214416] PUF Read:0xaaaaaaaa at 0xa0008080
[ 2828.214416] PUF Read:0xaaaaaaaa at 0xa0008084
[ 2828.214477] PUF Read:0xaaaaaaaa at 0xa0008088
[ 2828.214477] PUF Read:0xaaaaaaaa at 0xa000808c
[ 2828.214477] PUF Read:0xaaaa8aaa at 0xa0008090
[ 2828.214569] PUF Read:0xaaaaaaaa at 0xa0008094
[ 2828.214569] PUF Read:0x2aabaaaa at 0xa0008098
[ 2828.214569] PUF Read:0xaaaaaaaa at 0xa000809c
[ 2828.214569] PUF Read:0xaaaaaaaa at 0xa00080a0
[ 2828.214569] PUF Read:0xaaaaaaaa at 0xa00080a4
[ 2828.214569] PUF Read:0xaaaaaaaa at 0xa00080a8
[ 2828.214721] PUF Read:0xaaaaaaaa at 0xa00080ac
[ 2828.214721] PUF Read:0xaaaaaaaa at 0xa00080b0
[ 2828.214721] PUF Read:0xaa2aaaaa at 0xa00080b4
[ 2828.214721] PUF Read:0xaaaaeaaa at 0xa00080b8
[ 2828.214721] PUF Read:0x8aaaaaaa at 0xa00080bc
[ 2828.214721] PUF Read:0xaaaaaaaa at 0xa00080c0
[ 2828.214874] PUF Read:0xaaaaaaaa at 0xa00080c4
[ 2828.214874] PUF Read:0xaaa2aaaa at 0xa00080c8
[ 2828.214874] PUF Read:0xaaaaaaaa at 0xa00080cc
[ 2828.214874] PUF Read:0xaaaaaaaa at 0xa00080d0
[ 2828.214874] PUF Read:0xaaaaaaaa at 0xa00080d4
[ 2828.214874] PUF Read:0xaaaaaaaa at 0xa00080d8
[ 2828.215026] PUF Read:0xaaaaaaaa at 0xa00080dc
[ 2828.215026] PUF Read:0xaaaaaaaa at 0xa00080e0
[ 2828.215026] PUF Read:0xaaaaaaaa at 0xa00080e4
[ 2828.215026] PUF Read:0xaaaaaaaa at 0xa00080e8
[ 2828.215026] PUF Read:0xaaaaaaab at 0xa00080ec
[ 2828.215026] PUF Read:0x8aaaaaaa at 0xa00080f0
[ 2828.215179] PUF Read:0xaaaaaaaa at 0xa00080f4
[ 2828.215179] PUF Read:0xaaaaaaaa at 0xa00080f8
[ 2828.215179] PUF Read:0xaaaaaaaa at 0xa00080fc
[ 2828.215179] PUF Read:0xaaaaaaaa at 0xa0008100
[ 2828.215270] PUF Read:0xaaaaaaaa at 0xa0008104
[ 2828.215270] PUF Read:0xaaaaaaaa at 0xa0008108
[ 2828.215332] PUF Read:0xaaaaaaaa at 0xa000810c
[ 2828.215362] PUF Read:0xaaaaaaaa at 0xa0008110
[ 2828.215362] PUF Read:0xaaaaaaaa at 0xa0008114
[ 2828.215362] PUF Read:0xaaaaaaaa at 0xa0008118
[ 2828.215423] PUF Read:0xaaaaaaaa at 0xa000811c
[ 2828.215423] PUF Read:0xaaaaaaaa at 0xa0008120
[ 2828.215484] PUF Read:0xaaaaaaaa at 0xa0008124
[ 2828.215515] PUF Read:0xaaaaaaaa at 0xa0008128
[ 2828.215515] PUF Read:0xaaaaaaaa at 0xa000812c
[ 2828.215515] PUF Read:0xaaaaaaaa at 0xa0008130
[ 2828.215576] PUF Read:0xaaaaaaaa at 0xa0008134
[ 2828.215576] PUF Read:0xaa8aaaaa at 0xa0008138
[ 2828.215637] PUF Read:0xaaaaaaaa at 0xa000813c
[ 2828.215667] PUF Read:0xaaaaaaaa at 0xa0008140
[ 2828.215667] PUF Read:0xaaaaaaaa at 0xa0008144
[ 2828.215667] PUF Read:0xaabaaeaa at 0xa0008148
[ 2828.215728] PUF Read:0xaaaaaaaa at 0xa000814c
[ 2828.215728] PUF Read:0xaaaaaaaa at 0xa0008150
[ 2828.215789] PUF Read:0xaaaaaaaa at 0xa0008154
[ 2828.215820] PUF Read:0xaaaaaaaa at 0xa0008158
[ 2828.215820] PUF Read:0xaaaaaaea at 0xa000815c
[ 2828.215820] PUF Read:0xaaaaaaaa at 0xa0008160
[ 2828.215820] PUF Read:0xaaaaaaaa at 0xa0008164
[ 2828.215820] PUF Read:0xaaaaaaaa at 0xa0008168
[ 2828.215942] PUF Read:0xaaaaaaaa at 0xa000816c
[ 2828.215972] PUF Read:0xaaaaaaaa at 0xa0008170
[ 2828.215972] PUF Read:0xaaaaaaaa at 0xa0008174
[ 2828.215972] PUF Read:0xaaaaaaaa at 0xa0008178
[ 2828.216033] PUF Read:0xaaaaaaaa at 0xa000817c
[ 2828.216033] PUF Read:0xaaaaaa2a at 0xa0008180
[ 2828.216094] PUF Read:0xaaaaaaaa at 0xa0008184
[ 2828.216125] PUF Read:0xaaaaaaaa at 0xa0008188
[ 2828.216125] PUF Read:0xaaaaaaaa at 0xa000818c
[ 2828.216125] PUF Read:0xaaaaaaaa at 0xa0008190
[ 2828.216186] PUF Read:0xaaaaaaaa at 0xa0008194
[ 2828.216186] PUF Read:0xaaaaaaaa at 0xa0008198
[ 2828.216247] PUF Read:0xaaaaaaaa at 0xa000819c
[ 2828.216278] PUF Read:0xaaaaaaaa at 0xa00081a0
[ 2828.216278] PUF Read:0xaaaaaaaa at 0xa00081a4
[ 2828.216278] PUF Read:0xaaaaaaaa at 0xa00081a8
[ 2828.216339] PUF Read:0xaaaaaaaa at 0xa00081ac
[ 2828.216339] PUF Read:0xaaeaaaaa at 0xa00081b0
[ 2828.216400] PUF Read:0xaaaaaaaa at 0xa00081b4
[ 2828.216430] PUF Read:0xaaaaaaaa at 0xa00081b8
[ 2828.216430] PUF Read:0xaaaaaaaa at 0xa00081bc
[ 2828.216430] PUF Read:0xaaaaaaaa at 0xa00081c0
[ 2828.216491] PUF Read:0xaaaaaaae at 0xa00081c4
[ 2828.216491] PUF Read:0xaaaaaaaa at 0xa00081c8
[ 2828.216552] PUF Read:0xaaaaaaaa at 0xa00081cc
[ 2828.216583] PUF Read:0xbaaaaaaa at 0xa00081d0
[ 2828.216583] PUF Read:0xaaaaaaaa at 0xa00081d4
[ 2828.216583] PUF Read:0xaaaaaaaa at 0xa00081d8
[ 2828.216644] PUF Read:0xaaaaaaaa at 0xa00081dc
[ 2828.216644] PUF Read:0xaaaaaaaa at 0xa00081e0
[ 2828.216705] PUF Read:0xaaaaaaea at 0xa00081e4
[ 2828.216735] PUF Read:0xaaaaaaaa at 0xa00081e8
[ 2828.216735] PUF Read:0xaa2aaaaa at 0xa00081ec
[ 2828.216735] PUF Read:0xaaaaaaaa at 0xa00081f0
[ 2828.216796] PUF Read:0xaaaaaeaa at 0xa00081f4
[ 2828.216796] PUF Read:0xaaaaaaa2 at 0xa00081f8
[ 2828.216857] PUF Read:0xaaaaaaaa at 0xa00081fc
[ 2828.216888] PUF Read:0xaaaaaaaa at 0xa0008200
[ 2828.216888] PUF Read:0xaaaaaaaa at 0xa0008204
[ 2828.216888] PUF Read:0xaaaaaaaa at 0xa0008208
[ 2828.216888] PUF Read:0xa8aaaaaa at 0xa000820c
[ 2828.216888] PUF Read:0xaaaaaaaa at 0xa0008210
[ 2828.216888] PUF Read:0xaaaaaaaa at 0xa0008214
[ 2828.217041] PUF Read:0xaaaaaaaa at 0xa0008218
[ 2828.217041] PUF Read:0xaaaaaaaa at 0xa000821c
[ 2828.217041] PUF Read:0xaaaaaaaa at 0xa0008220
[ 2828.217041] PUF Read:0xaaaaaaaa at 0xa0008224
[ 2828.217041] PUF Read:0xaaaaaaaa at 0xa0008228
[ 2828.217041] PUF Read:0xaaaaaaaa at 0xa000822c
[ 2828.217193] PUF Read:0xaaaaaaaa at 0xa0008230
[ 2828.217193] PUF Read:0xa8aaaaaa at 0xa0008234
[ 2828.217193] PUF Read:0xaaaaaaaa at 0xa0008238
[ 2828.217193] PUF Read:0xaaaaaaaa at 0xa000823c
[ 2828.217193] PUF Read:0xaaaaaaaa at 0xa0008240
[ 2828.217193] PUF Read:0xaaaaaaaa at 0xa0008244
[ 2828.217346] PUF Read:0xaaaaaaaa at 0xa0008248
[ 2828.217346] PUF Read:0xaaaaaaaa at 0xa000824c
[ 2828.217346] PUF Read:0xaaaaaaaa at 0xa0008250
[ 2828.217346] PUF Read:0xaaaaaaaa at 0xa0008254
[ 2828.217346] PUF Read:0xaaaaaaaa at 0xa0008258
[ 2828.217346] PUF Read:0xaaaaaaaa at 0xa000825c
[ 2828.217346] PUF Read:0xaaaaaaaa at 0xa0008260
[ 2828.217529] PUF Read:0xaaaaaaaa at 0xa0008264
[ 2828.217529] PUF Read:0xaaaaaaaa at 0xa0008268
[ 2828.217529] PUF Read:0xaaaaaaaa at 0xa000826c
[ 2828.217529] PUF Read:0xaaaaaaaa at 0xa0008270
[ 2828.217529] PUF Read:0xaaaaaaaa at 0xa0008274
[ 2828.217651] PUF Read:0xaaaaaaaa at 0xa0008278
[ 2828.217681] PUF Read:0xaaaaaaaa at 0xa000827c
[ 2828.217681] PUF Read:0xaaaaaaaa at 0xa0008280
[ 2828.217681] PUF Read:0xaaaaaaaa at 0xa0008284
[ 2828.217742] PUF Read:0xaaaaaaaa at 0xa0008288
[ 2828.217742] PUF Read:0xaaaaaaaa at 0xa000828c
[ 2828.217803] PUF Read:0xaaaaaaaa at 0xa0008290
[ 2828.217834] PUF Read:0xaaaaaaaa at 0xa0008294
[ 2828.217834] PUF Read:0xaaaaaaaa at 0xa0008298
[ 2828.217895] PUF Read:0xaaaaaaaa at 0xa000829c
[ 2828.217895] PUF Read:0xaaaaaaaa at 0xa00082a0
[ 2828.217895] PUF Read:0xaaaaaaaa at 0xa00082a4
[ 2828.217956] PUF Read:0xaaaaaaaa at 0xa00082a8
[ 2828.217987] PUF Read:0xaaaaaaaa at 0xa00082ac
[ 2828.217987] PUF Read:0xaaaaaaaa at 0xa00082b0
[ 2828.217987] PUF Read:0xaaaaaaaa at 0xa00082b4
[ 2828.218048] PUF Read:0xaaaaaaea at 0xa00082b8
[ 2828.218048] PUF Read:0xaaaaaaaa at 0xa00082bc
[ 2828.218109] PUF Read:0xaaaaaaaa at 0xa00082c0
[ 2828.218139] PUF Read:0xaaaaaaaa at 0xa00082c4
[ 2828.218139] PUF Read:0xbaaaaaaa at 0xa00082c8
[ 2828.218139] PUF Read:0xaaaaaaaa at 0xa00082cc
[ 2828.218200] PUF Read:0xaaaaaaaa at 0xa00082d0
[ 2828.218200] PUF Read:0xaaaaaaaa at 0xa00082d4
[ 2828.218261] PUF Read:0xaaaaaaaa at 0xa00082d8
[ 2828.218292] PUF Read:0xaaaaaaaa at 0xa00082dc
[ 2828.218292] PUF Read:0xaaaaaaaa at 0xa00082e0
[ 2828.218353] PUF Read:0xaaaaaeaa at 0xa00082e4
[ 2828.218353] PUF Read:0xaaaaaaaa at 0xa00082e8
[ 2828.218353] PUF Read:0xaaaaaaaa at 0xa00082ec
[ 2828.218414] PUF Read:0xaaaaaaaa at 0xa00082f0
[ 2828.218444] PUF Read:0xaaaaaaaa at 0xa00082f4
[ 2828.218444] PUF Read:0xaaaaaaaa at 0xa00082f8
[ 2828.218505] PUF Read:0xaaaaaaaa at 0xa00082fc
[ 2828.218505] PUF Read:0xaaaaaaaa at 0xa0008300
[ 2828.218505] PUF Read:0xaaaaaaaa at 0xa0008304
[ 2828.218566] PUF Read:0xaaaaaaaa at 0xa0008308
[ 2828.218597] PUF Read:0xaaaaaaaa at 0xa000830c
[ 2828.218597] PUF Read:0xaaaaaaaa at 0xa0008310
[ 2828.218658] PUF Read:0xaaaaaaaa at 0xa0008314
[ 2828.218658] PUF Read:0xaaaaaaaa at 0xa0008318
[ 2828.218658] PUF Read:0xbaaaaaaa at 0xa000831c
[ 2828.218719] PUF Read:0xaaaaaaaa at 0xa0008320
[ 2828.218749] PUF Read:0xaaaaaaaa at 0xa0008324
[ 2828.218749] PUF Read:0xaaaaaaaa at 0xa0008328
[ 2828.218749] PUF Read:0xaaaaaaaa at 0xa000832c
[ 2828.218749] PUF Read:0xaaaaaaae at 0xa0008330
[ 2828.218749] PUF Read:0xaaaaaaaa at 0xa0008334
[ 2828.218749] PUF Read:0xaaaaaaaa at 0xa0008338
[ 2828.218902] PUF Read:0xaaaaaaaa at 0xa000833c
[ 2828.218902] PUF Read:0xaaaaaaaa at 0xa0008340
[ 2828.218902] PUF Read:0xaaaaaaaa at 0xa0008344
[ 2828.218902] PUF Read:0xaaaaaaaa at 0xa0008348
[ 2828.218902] PUF Read:0xaaaaaaaa at 0xa000834c
[ 2828.218902] PUF Read:0xaaaaaa8a at 0xa0008350
[ 2828.218902] PUF Read:0xaaaaaaaa at 0xa0008354
[ 2828.219085] PUF Read:0xaaaaaaaa at 0xa0008358
[ 2828.219085] PUF Read:0xaaaaaaaa at 0xa000835c
[ 2828.219085] PUF Read:0xaaabaaaa at 0xa0008360
[ 2828.219085] PUF Read:0xaaaaaaaa at 0xa0008364
[ 2828.219085] PUF Read:0xaaaaaaaa at 0xa0008368
[ 2828.219085] PUF Read:0xaaaaaaaa at 0xa000836c
[ 2828.219238] PUF Read:0xaaaaaaaa at 0xa0008370
[ 2828.219238] PUF Read:0xaaaaaaaa at 0xa0008374
[ 2828.219238] PUF Read:0xaaaaaaaa at 0xa0008378
[ 2828.219238] PUF Read:0xaaaaaaaa at 0xa000837c
[ 2828.219238] PUF Read:0xaaaaaaaa at 0xa0008380
[ 2828.219360] PUF Read:0xaaaaaaaa at 0xa0008384
[ 2828.219390] PUF Read:0xaaaaaaaa at 0xa0008388
[ 2828.219390] PUF Read:0xaaaaaaaa at 0xa000838c
[ 2828.219390] PUF Read:0xaaaaaaaa at 0xa0008390
[ 2828.219451] PUF Read:0xaaaaaaaa at 0xa0008394
[ 2828.219451] PUF Read:0xaaaaaaaa at 0xa0008398
[ 2828.219512] PUF Read:0xaaa2aaaa at 0xa000839c
[ 2828.219543] PUF Read:0xaaaaaaaa at 0xa00083a0
[ 2828.219543] PUF Read:0xaaaaaaaa at 0xa00083a4
[ 2828.219604] PUF Read:0xaaaaaaaa at 0xa00083a8
[ 2828.219604] PUF Read:0xaaaaaaaa at 0xa00083ac
[ 2828.219604] PUF Read:0xaaaaaaa2 at 0xa00083b0
[ 2828.219665] PUF Read:0xaaaaaaaa at 0xa00083b4
[ 2828.219696] PUF Read:0xaaaaaaaa at 0xa00083b8
[ 2828.219696] PUF Read:0xaaaaaaaa at 0xa00083bc
[ 2828.219757] PUF Read:0xaaaaaaaa at 0xa00083c0
[ 2828.219757] PUF Read:0xaaaaaaaa at 0xa00083c4
[ 2828.219757] PUF Read:0xaaaaaaaa at 0xa00083c8
[ 2828.219818] PUF Read:0xaaaaaaaa at 0xa00083cc
[ 2828.219848] PUF Read:0xaaaaaaaa at 0xa00083d0
[ 2828.219848] PUF Read:0xaaabaaaa at 0xa00083d4
[ 2828.219909] PUF Read:0xaaaaaaaa at 0xa00083d8
[ 2828.219909] PUF Read:0xaaaaaaaa at 0xa00083dc
[ 2828.219909] PUF Read:0xaaaaaaaa at 0xa00083e0
[ 2828.219970] PUF Read:0xaaaaaaaa at 0xa00083e4
[ 2828.220001] PUF Read:0xaaaaaaaa at 0xa00083e8
[ 2828.220001] PUF Read:0xaaaaaaaa at 0xa00083ec
[ 2828.220062] PUF Read:0xaaaaaaaa at 0xa00083f0
[ 2828.220062] PUF Read:0xaaaaaaaa at 0xa00083f4
[ 2828.220062] PUF Read:0xaaaaaaae at 0xa00083f8
[ 2828.220123] PUF Read:0xaaaeaaaa at 0xa00083fc
[ 2828.220153] [i] Finished PUF read-out
[ 2828.220153] <6>[i] Finished PUF query for decaytime: 7680
[ 2828.220153] [i] Start decaytime: 120
[ 2828.220184] EMIF 2 REG Write 0x80000000 at 0x4d000010
[ 2828.220184] EMIF 2 REG Read 0x80000000 at 0x4d000010
[ 2828.220214] EMIF 2 REG Write 0x80000000 at 0x4d000014
[ 2828.220214] EMIF 2 REG Read 0x00000000 at 0x4d000014
[ 2828.220245] EMIF 2 REG Write 0x08016893 at 0x4d0000cc
[ 2828.220245] EMIF 2 REG Read 0x08016893 at 0x4d0000cc
[ 2828.220245] Temp polling alert disabled
[ 2828.220275] Refresh Disabled at EMIF2
[ 2828.220275] [i] Initialiting PUF & hammer rows
[ 2828.220275] [i] Single-Sided Rowhammer (SSRH)
[ 2828.227020] [i] Finished initialiting PUF & hammer rows
[ 2828.227020] [i]	Timer elapsed since its reset 0 sec
[ 2828.227050] [i] Decay: 120 sec
[ 2828.227050] [i]	Relative Decay: 0 msec
