[ 4450.987060] [i] Total hammer attempts per row: 1862883
[ 4450.987060] EMIF 2 REG Write 0x00000618 at 0x4d000010
[ 4450.987091] EMIF 2 REG Read 0x00000618 at 0x4d000010
[ 4450.987091] EMIF 2 REG Write 0x00000618 at 0x4d000014
[ 4450.987121] EMIF 2 REG Read 0x00000618 at 0x4d000014
[ 4450.987121] EMIF 2 REG Write 0x58016893 at 0x4d0000cc
[ 4450.987152] EMIF 2 REG Read 0x58016893 at 0x4d0000cc
[ 4450.987152] Temp polling alert enabled
[ 4450.987152] Refresh enabled at EMIF2
[ 4450.987152] [i] Starting PUF read-out
[ 4450.987182] [i] Single-Sided Rowhammer (SSRH)
[ 4450.987182] PUF Read:0xffffffff at 0xa0008000
[ 4450.987213] PUF Read:0xffffffff at 0xa0008004
[ 4450.987213] PUF Read:0xffffffff at 0xa0008008
[ 4450.987213] PUF Read:0xffffffff at 0xa000800c
[ 4450.987304] PUF Read:0xffffffff at 0xa0008010
[ 4450.987335] PUF Read:0xffffffff at 0xa0008014
[ 4450.987335] PUF Read:0xffffffff at 0xa0008018
[ 4450.987396] PUF Read:0xffffffff at 0xa000801c
[ 4450.987396] PUF Read:0xffffffff at 0xa0008020
[ 4450.987396] PUF Read:0xffffffff at 0xa0008024
[ 4450.987396] PUF Read:0xffffffff at 0xa0008028
[ 4450.987487] PUF Read:0xffffffff at 0xa000802c
[ 4450.987487] PUF Read:0xffffffff at 0xa0008030
[ 4450.987487] PUF Read:0xffffffff at 0xa0008034
[ 4450.987487] PUF Read:0xffffffff at 0xa0008038
[ 4450.987579] PUF Read:0xffffffff at 0xa000803c
[ 4450.987579] PUF Read:0xffffffff at 0xa0008040
[ 4450.987640] PUF Read:0xffffffff at 0xa0008044
[ 4450.987670] PUF Read:0xffffffff at 0xa0008048
[ 4450.987670] PUF Read:0xffffffff at 0xa000804c
[ 4450.987670] PUF Read:0xffffffff at 0xa0008050
[ 4450.987731] PUF Read:0xffffffff at 0xa0008054
[ 4450.987731] PUF Read:0xffffffff at 0xa0008058
[ 4450.987792] PUF Read:0xffffffff at 0xa000805c
[ 4450.987823] PUF Read:0xffffffff at 0xa0008060
[ 4450.987823] PUF Read:0xffff7fff at 0xa0008064
[ 4450.987823] PUF Read:0xffffffff at 0xa0008068
[ 4450.987884] PUF Read:0xffffffff at 0xa000806c
[ 4450.987884] PUF Read:0xffffffff at 0xa0008070
[ 4450.987884] PUF Read:0xffffffff at 0xa0008074
[ 4450.987976] PUF Read:0xffffffff at 0xa0008078
[ 4450.987976] PUF Read:0xffffffff at 0xa000807c
[ 4450.987976] PUF Read:0xffffffff at 0xa0008080
[ 4450.987976] PUF Read:0xffffffff at 0xa0008084
[ 4450.987976] PUF Read:0xffffffff at 0xa0008088
[ 4450.987976] PUF Read:0xffffffff at 0xa000808c
[ 4450.988128] PUF Read:0xffffdfff at 0xa0008090
[ 4450.988128] PUF Read:0xffffffff at 0xa0008094
[ 4450.988128] PUF Read:0x7fffffff at 0xa0008098
[ 4450.988128] PUF Read:0xffffffff at 0xa000809c
[ 4450.988220] PUF Read:0xffffffff at 0xa00080a0
[ 4450.988220] PUF Read:0xffffffff at 0xa00080a4
[ 4450.988281] PUF Read:0xffffffff at 0xa00080a8
[ 4450.988311] PUF Read:0xffffffff at 0xa00080ac
[ 4450.988311] PUF Read:0xffffffff at 0xa00080b0
[ 4450.988311] PUF Read:0xff7fffff at 0xa00080b4
[ 4450.988372] PUF Read:0xffffffff at 0xa00080b8
[ 4450.988372] PUF Read:0xdfffffff at 0xa00080bc
[ 4450.988433] PUF Read:0xffffffff at 0xa00080c0
[ 4450.988464] PUF Read:0xffffffff at 0xa00080c4
[ 4450.988464] PUF Read:0xfff7ffff at 0xa00080c8
[ 4450.988525] PUF Read:0xffffffff at 0xa00080cc
[ 4450.988525] PUF Read:0xffffffff at 0xa00080d0
[ 4450.988525] PUF Read:0xffffffff at 0xa00080d4
[ 4450.988586] PUF Read:0xffffffff at 0xa00080d8
[ 4450.988616] PUF Read:0xffffffff at 0xa00080dc
[ 4450.988616] PUF Read:0xffffffff at 0xa00080e0
[ 4450.988616] PUF Read:0xffffffff at 0xa00080e4
[ 4450.988677] PUF Read:0xffffffff at 0xa00080e8
[ 4450.988677] PUF Read:0xffffffff at 0xa00080ec
[ 4450.988739] PUF Read:0xdfffffff at 0xa00080f0
[ 4450.988769] PUF Read:0xffffffff at 0xa00080f4
[ 4450.988769] PUF Read:0xffffffff at 0xa00080f8
[ 4450.988769] PUF Read:0xffffffff at 0xa00080fc
[ 4450.988830] PUF Read:0xffffffff at 0xa0008100
[ 4450.988830] PUF Read:0xffffffff at 0xa0008104
[ 4450.988891] PUF Read:0xffffffff at 0xa0008108
[ 4450.988922] PUF Read:0xffffffff at 0xa000810c
[ 4450.988922] PUF Read:0xffffffff at 0xa0008110
[ 4450.988983] PUF Read:0xffffffff at 0xa0008114
[ 4450.988983] PUF Read:0xffffffff at 0xa0008118
[ 4450.988983] PUF Read:0xffffffff at 0xa000811c
[ 4450.989044] PUF Read:0xffffffff at 0xa0008120
[ 4450.989074] PUF Read:0xffffffff at 0xa0008124
[ 4450.989074] PUF Read:0xffffffff at 0xa0008128
[ 4450.989135] PUF Read:0xffffffff at 0xa000812c
[ 4450.989135] PUF Read:0xffffffff at 0xa0008130
[ 4450.989135] PUF Read:0xffffffff at 0xa0008134
[ 4450.989135] PUF Read:0xffdfffff at 0xa0008138
[ 4450.989227] PUF Read:0xffffffff at 0xa000813c
[ 4450.989227] PUF Read:0xffffffff at 0xa0008140
[ 4450.989227] PUF Read:0xffffffff at 0xa0008144
[ 4450.989227] PUF Read:0xffffffff at 0xa0008148
[ 4450.989227] PUF Read:0xffffffff at 0xa000814c
[ 4450.989227] PUF Read:0xffffffff at 0xa0008150
[ 4450.989379] PUF Read:0xffffffff at 0xa0008154
[ 4450.989379] PUF Read:0xffffffff at 0xa0008158
[ 4450.989379] PUF Read:0xffffffff at 0xa000815c
[ 4450.989379] PUF Read:0xffffffff at 0xa0008160
[ 4450.989379] PUF Read:0xffffffff at 0xa0008164
[ 4450.989379] PUF Read:0xffffffff at 0xa0008168
[ 4450.989532] PUF Read:0xffffffff at 0xa000816c
[ 4450.989532] PUF Read:0xffffffff at 0xa0008170
[ 4450.989532] PUF Read:0xffffffff at 0xa0008174
[ 4450.989532] PUF Read:0xffffffff at 0xa0008178
[ 4450.989532] PUF Read:0xffffffff at 0xa000817c
[ 4450.989532] PUF Read:0xffff7f7f at 0xa0008180
[ 4450.989685] PUF Read:0xffffffff at 0xa0008184
[ 4450.989685] PUF Read:0xffffffff at 0xa0008188
[ 4450.989685] PUF Read:0xffffffff at 0xa000818c
[ 4450.989685] PUF Read:0xffffffff at 0xa0008190
[ 4450.989776] PUF Read:0xffffffff at 0xa0008194
[ 4450.989776] PUF Read:0xffffffff at 0xa0008198
[ 4450.989837] PUF Read:0xffffffff at 0xa000819c
[ 4450.989868] PUF Read:0xffffffff at 0xa00081a0
[ 4450.989868] PUF Read:0xffffffff at 0xa00081a4
[ 4450.989868] PUF Read:0xffffffff at 0xa00081a8
[ 4450.989929] PUF Read:0xffffffff at 0xa00081ac
[ 4450.989929] PUF Read:0xffffffff at 0xa00081b0
[ 4450.989990] PUF Read:0xffffffff at 0xa00081b4
[ 4450.990020] PUF Read:0xffffffff at 0xa00081b8
[ 4450.990020] PUF Read:0xffffffff at 0xa00081bc
[ 4450.990020] PUF Read:0xffffffff at 0xa00081c0
[ 4450.990081] PUF Read:0xffffffff at 0xa00081c4
[ 4450.990081] PUF Read:0xffffffff at 0xa00081c8
[ 4450.990142] PUF Read:0xffffffff at 0xa00081cc
[ 4450.990173] PUF Read:0xffffffff at 0xa00081d0
[ 4450.990173] PUF Read:0xffffffff at 0xa00081d4
[ 4450.990173] PUF Read:0xffffffff at 0xa00081d8
[ 4450.990234] PUF Read:0xffffffff at 0xa00081dc
[ 4450.990234] PUF Read:0xffffffff at 0xa00081e0
[ 4450.990295] PUF Read:0xffffffff at 0xa00081e4
[ 4450.990325] PUF Read:0xffffffff at 0xa00081e8
[ 4450.990325] PUF Read:0xff7fffff at 0xa00081ec
[ 4450.990325] PUF Read:0xffffffff at 0xa00081f0
[ 4450.990386] PUF Read:0xffffffff at 0xa00081f4
[ 4450.990386] PUF Read:0xfffffff7 at 0xa00081f8
[ 4450.990447] PUF Read:0xffffffff at 0xa00081fc
[ 4450.990478] PUF Read:0xffffffff at 0xa0008200
[ 4450.990478] PUF Read:0xffffffff at 0xa0008204
[ 4450.990478] PUF Read:0xffffffff at 0xa0008208
[ 4450.990539] PUF Read:0xfdffffff at 0xa000820c
[ 4450.990539] PUF Read:0xffffffff at 0xa0008210
[ 4450.990600] PUF Read:0xffffffff at 0xa0008214
[ 4450.990631] PUF Read:0xffffffff at 0xa0008218
[ 4450.990631] PUF Read:0xffffffff at 0xa000821c
[ 4450.990631] PUF Read:0xffffffff at 0xa0008220
[ 4450.990692] PUF Read:0xffffffff at 0xa0008224
[ 4450.990692] PUF Read:0xffffffff at 0xa0008228
[ 4450.990753] PUF Read:0xffffffff at 0xa000822c
[ 4450.990783] PUF Read:0xffffffff at 0xa0008230
[ 4450.990783] PUF Read:0xfdffffff at 0xa0008234
[ 4450.990783] PUF Read:0xffffffff at 0xa0008238
[ 4450.990844] PUF Read:0xffffffff at 0xa000823c
[ 4450.990844] PUF Read:0xffffffff at 0xa0008240
[ 4450.990905] PUF Read:0xffffffff at 0xa0008244
[ 4450.990936] PUF Read:0xffffffff at 0xa0008248
[ 4450.990936] PUF Read:0xffffffff at 0xa000824c
[ 4450.990936] PUF Read:0xffffffff at 0xa0008250
[ 4450.990997] PUF Read:0xffffffff at 0xa0008254
[ 4450.990997] PUF Read:0xffffffff at 0xa0008258
[ 4450.991058] PUF Read:0xffffffff at 0xa000825c
[ 4450.991088] PUF Read:0xffffffff at 0xa0008260
[ 4450.991088] PUF Read:0xffffffff at 0xa0008264
[ 4450.991088] PUF Read:0xffffffff at 0xa0008268
[ 4450.991149] PUF Read:0xffffffff at 0xa000826c
[ 4450.991149] PUF Read:0xffffffff at 0xa0008270
[ 4450.991210] PUF Read:0xffffffff at 0xa0008274
[ 4450.991241] PUF Read:0xffffffff at 0xa0008278
[ 4450.991271] PUF Read:0xffffffff at 0xa000827c
[ 4450.991271] PUF Read:0xffffffff at 0xa0008280
[ 4450.991333] PUF Read:0xffffffff at 0xa0008284
[ 4450.991333] PUF Read:0xffffffff at 0xa0008288
[ 4450.991333] PUF Read:0xffffffff at 0xa000828c
[ 4450.991394] PUF Read:0xffffffff at 0xa0008290
[ 4450.991424] PUF Read:0xffffffff at 0xa0008294
[ 4450.991424] PUF Read:0xffffffff at 0xa0008298
[ 4450.991485] PUF Read:0xffffffff at 0xa000829c
[ 4450.991485] PUF Read:0xffffffff at 0xa00082a0
[ 4450.991485] PUF Read:0xffffffff at 0xa00082a4
[ 4450.991485] PUF Read:0xffffffff at 0xa00082a8
[ 4450.991577] PUF Read:0xffffffff at 0xa00082ac
[ 4450.991577] PUF Read:0xffffffff at 0xa00082b0
[ 4450.991577] PUF Read:0xffffffff at 0xa00082b4
[ 4450.991577] PUF Read:0xffffffff at 0xa00082b8
[ 4450.991577] PUF Read:0xffffffff at 0xa00082bc
[ 4450.991577] PUF Read:0xffffffff at 0xa00082c0
[ 4450.991729] PUF Read:0xffffffff at 0xa00082c4
[ 4450.991729] PUF Read:0xffffffff at 0xa00082c8
[ 4450.991729] PUF Read:0xffffffff at 0xa00082cc
[ 4450.991729] PUF Read:0xffffffff at 0xa00082d0
[ 4450.991729] PUF Read:0xffffffff at 0xa00082d4
[ 4450.991729] PUF Read:0xffffffff at 0xa00082d8
[ 4450.991882] PUF Read:0xffffffff at 0xa00082dc
[ 4450.991882] PUF Read:0xffffffff at 0xa00082e0
[ 4450.991882] PUF Read:0xffffffff at 0xa00082e4
[ 4450.991882] PUF Read:0xffffffff at 0xa00082e8
[ 4450.991882] PUF Read:0xffffffff at 0xa00082ec
[ 4450.991882] PUF Read:0xffffffff at 0xa00082f0
[ 4450.992034] PUF Read:0xffffffff at 0xa00082f4
[ 4450.992034] PUF Read:0xffffffff at 0xa00082f8
[ 4450.992034] PUF Read:0xffffffff at 0xa00082fc
[ 4450.992034] PUF Read:0xffffffff at 0xa0008300
[ 4450.992034] PUF Read:0xffffffff at 0xa0008304
[ 4450.992156] PUF Read:0xffffffff at 0xa0008308
[ 4450.992187] PUF Read:0xffffffff at 0xa000830c
[ 4450.992187] PUF Read:0xffffffff at 0xa0008310
[ 4450.992187] PUF Read:0xffffffff at 0xa0008314
[ 4450.992187] PUF Read:0xffffffff at 0xa0008318
[ 4450.992187] PUF Read:0xffffffff at 0xa000831c
[ 4450.992187] PUF Read:0xffffffff at 0xa0008320
[ 4450.992340] PUF Read:0xffffffff at 0xa0008324
[ 4450.992340] PUF Read:0xffffffff at 0xa0008328
[ 4450.992340] PUF Read:0xffffffff at 0xa000832c
[ 4450.992340] PUF Read:0xffffffff at 0xa0008330
[ 4450.992340] PUF Read:0xffffffff at 0xa0008334
[ 4450.992340] PUF Read:0xffffffff at 0xa0008338
[ 4450.992492] PUF Read:0xffffffff at 0xa000833c
[ 4450.992492] PUF Read:0xffffffff at 0xa0008340
[ 4450.992492] PUF Read:0xffffffff at 0xa0008344
[ 4450.992492] PUF Read:0xffffffff at 0xa0008348
[ 4450.992492] PUF Read:0xffffffff at 0xa000834c
[ 4450.992492] PUF Read:0xffffffdf at 0xa0008350
[ 4450.992645] PUF Read:0xffffffff at 0xa0008354
[ 4450.992675] PUF Read:0xffffffff at 0xa0008358
[ 4450.992675] PUF Read:0xffffffff at 0xa000835c
[ 4450.992675] PUF Read:0xffffffff at 0xa0008360
[ 4450.992736] PUF Read:0xffffffff at 0xa0008364
[ 4450.992736] PUF Read:0xffffffff at 0xa0008368
[ 4450.992736] PUF Read:0xffffffff at 0xa000836c
[ 4450.992828] PUF Read:0xffffffff at 0xa0008370
[ 4450.992858] PUF Read:0xffffffff at 0xa0008374
[ 4450.992858] PUF Read:0xffffffff at 0xa0008378
[ 4450.992858] PUF Read:0xffffffff at 0xa000837c
[ 4450.992919] PUF Read:0xffffffff at 0xa0008380
[ 4450.992919] PUF Read:0xffffffff at 0xa0008384
[ 4450.992980] PUF Read:0xffffffff at 0xa0008388
[ 4450.993011] PUF Read:0xffffffff at 0xa000838c
[ 4450.993011] PUF Read:0xffffffff at 0xa0008390
[ 4450.993011] PUF Read:0xffffffff at 0xa0008394
[ 4450.993072] PUF Read:0xffffffff at 0xa0008398
[ 4450.993072] PUF Read:0xfff7ffff at 0xa000839c
[ 4450.993133] PUF Read:0xffffffff at 0xa00083a0
[ 4450.993164] PUF Read:0xffffffff at 0xa00083a4
[ 4450.993164] PUF Read:0xffffffff at 0xa00083a8
[ 4450.993225] PUF Read:0xffffffff at 0xa00083ac
[ 4450.993225] PUF Read:0xfffffff7 at 0xa00083b0
[ 4450.993225] PUF Read:0xffffffff at 0xa00083b4
[ 4450.993286] PUF Read:0xffffffff at 0xa00083b8
[ 4450.993316] PUF Read:0xffffffff at 0xa00083bc
[ 4450.993316] PUF Read:0xffffffff at 0xa00083c0
[ 4450.993316] PUF Read:0xffffffff at 0xa00083c4
[ 4450.993316] PUF Read:0xffffffff at 0xa00083c8
[ 4450.993316] PUF Read:0xffffffff at 0xa00083cc
[ 4450.993316] PUF Read:0xffffffff at 0xa00083d0
[ 4450.993469] PUF Read:0xffffffff at 0xa00083d4
[ 4450.993469] PUF Read:0xffffffff at 0xa00083d8
[ 4450.993469] PUF Read:0xffffffff at 0xa00083dc
[ 4450.993469] PUF Read:0xffffffff at 0xa00083e0
[ 4450.993469] PUF Read:0xfffffdff at 0xa00083e4
[ 4450.993469] PUF Read:0xffffffff at 0xa00083e8
[ 4450.993621] PUF Read:0xffffffff at 0xa00083ec
[ 4450.993621] PUF Read:0xffffffff at 0xa00083f0
[ 4450.993621] PUF Read:0xffffffff at 0xa00083f4
[ 4450.993621] PUF Read:0xffffffff at 0xa00083f8
[ 4450.993621] PUF Read:0xffffffff at 0xa00083fc
[ 4450.993743] [i] Finished PUF read-out
[ 4450.993743] <6>[i] Finished PUF query for decaytime: 7680
[ 4450.993774] [i] Start decaytime: 120
[ 4450.993774] EMIF 2 REG Write 0x80000000 at 0x4d000010
[ 4450.993774] EMIF 2 REG Read 0x80000000 at 0x4d000010
[ 4450.993804] EMIF 2 REG Write 0x80000000 at 0x4d000014
[ 4450.993804] EMIF 2 REG Read 0x00000000 at 0x4d000014
[ 4450.993835] EMIF 2 REG Write 0x08016893 at 0x4d0000cc
[ 4450.993835] EMIF 2 REG Read 0x08016893 at 0x4d0000cc
[ 4450.993835] Temp polling alert disabled
[ 4450.993865] Refresh Disabled at EMIF2
[ 4450.993865] [i] Initialiting PUF & hammer rows
[ 4450.993865] [i] Single-Sided Rowhammer (SSRH)
[ 4451.000640] [i] Finished initialiting PUF & hammer rows
[ 4451.000640] [i]	Timer elapsed since its reset 0 sec
[ 4451.000671] [i] Decay: 120 sec
[ 4451.000671] [i]	Relative Decay: 0 msec
