[  243.619689] [i] Finished initialiting PUF & hammer rows
[  243.633605] [i]	Timer elapsed since its reset 0 sec
[  243.633605] [i] Decay: 60 sec
[  243.633636] [i]	Relative Decay: 0 msec
[  303.619659] [i] Total hammer attempts per row: 818215
[  303.619720] EMIF 2 REG Write 0x00000618 at 0x4d000010
[  303.619720] EMIF 2 REG Read 0x00000618 at 0x4d000010
[  303.619750] EMIF 2 REG Write 0x00000618 at 0x4d000014
[  303.619750] EMIF 2 REG Read 0x00000618 at 0x4d000014
[  303.619781] EMIF 2 REG Write 0x58016893 at 0x4d0000cc
[  303.619781] EMIF 2 REG Read 0x58016893 at 0x4d0000cc
[  303.619781] Temp polling alert enabled
[  303.619812] Refresh enabled at EMIF2
[  303.619812] [i] Starting PUF read-out
[  303.619812] [i] Single-Sided Rowhammer (SSRH)
[  303.619842] PUF Read:0x00000000 at 0xa0008000
[  303.619873] PUF Read:0x00000000 at 0xa0008004
[  303.619903] PUF Read:0x00000000 at 0xa0008008
[  303.619903] PUF Read:0x00000000 at 0xa000800c
[  303.619903] PUF Read:0x00000000 at 0xa0008010
[  303.619903] PUF Read:0x00000100 at 0xa0008014
[  303.619903] PUF Read:0x00000000 at 0xa0008018
[  303.619903] PUF Read:0x00000000 at 0xa000801c
[  303.620056] PUF Read:0x00000000 at 0xa0008020
[  303.620056] PUF Read:0x00000000 at 0xa0008024
[  303.620056] PUF Read:0x00000000 at 0xa0008028
[  303.620056] PUF Read:0x00000000 at 0xa000802c
[  303.620056] PUF Read:0x00000000 at 0xa0008030
[  303.620178] PUF Read:0x00000000 at 0xa0008034
[  303.620208] PUF Read:0x00000000 at 0xa0008038
[  303.620208] PUF Read:0x00000000 at 0xa000803c
[  303.620208] PUF Read:0x00000001 at 0xa0008040
[  303.620269] PUF Read:0x00000000 at 0xa0008044
[  303.620269] PUF Read:0x00000000 at 0xa0008048
[  303.620330] PUF Read:0x00000000 at 0xa000804c
[  303.620361] PUF Read:0x00000000 at 0xa0008050
[  303.620361] PUF Read:0x00000000 at 0xa0008054
[  303.620361] PUF Read:0x00000000 at 0xa0008058
[  303.620422] PUF Read:0x00000000 at 0xa000805c
[  303.620422] PUF Read:0x00000000 at 0xa0008060
[  303.620483] PUF Read:0x00000000 at 0xa0008064
[  303.620483] PUF Read:0x00000000 at 0xa0008068
[  303.620483] PUF Read:0x00000000 at 0xa000806c
[  303.620483] PUF Read:0x00000000 at 0xa0008070
[  303.620483] PUF Read:0x00000000 at 0xa0008074
[  303.620483] PUF Read:0x00000000 at 0xa0008078
[  303.620635] PUF Read:0x00000000 at 0xa000807c
[  303.620635] PUF Read:0x00000000 at 0xa0008080
[  303.620635] PUF Read:0x00000000 at 0xa0008084
[  303.620635] PUF Read:0x00000000 at 0xa0008088
[  303.620727] PUF Read:0x00000000 at 0xa000808c
[  303.620727] PUF Read:0x00000000 at 0xa0008090
[  303.620788] PUF Read:0x00000000 at 0xa0008094
[  303.620819] PUF Read:0x00000000 at 0xa0008098
[  303.620819] PUF Read:0x00000000 at 0xa000809c
[  303.620819] PUF Read:0x00000000 at 0xa00080a0
[  303.620880] PUF Read:0x00000000 at 0xa00080a4
[  303.620880] PUF Read:0x00000000 at 0xa00080a8
[  303.620941] PUF Read:0x00000000 at 0xa00080ac
[  303.620941] PUF Read:0x00000000 at 0xa00080b0
[  303.620941] PUF Read:0x00000000 at 0xa00080b4
[  303.620941] PUF Read:0x00000000 at 0xa00080b8
[  303.620941] PUF Read:0x00000000 at 0xa00080bc
[  303.620941] PUF Read:0x00000000 at 0xa00080c0
[  303.621093] PUF Read:0x00000000 at 0xa00080c4
[  303.621093] PUF Read:0x00000000 at 0xa00080c8
[  303.621154] PUF Read:0x00000000 at 0xa00080cc
[  303.621154] PUF Read:0x00000000 at 0xa00080d0
[  303.621154] PUF Read:0x00000000 at 0xa00080d4
[  303.621215] PUF Read:0x00000000 at 0xa00080d8
[  303.621246] PUF Read:0x00000000 at 0xa00080dc
[  303.621246] PUF Read:0x00000000 at 0xa00080e0
[  303.621246] PUF Read:0x00000000 at 0xa00080e4
[  303.621307] PUF Read:0x00000000 at 0xa00080e8
[  303.621307] PUF Read:0x00000001 at 0xa00080ec
[  303.621368] PUF Read:0x00000000 at 0xa00080f0
[  303.621368] PUF Read:0x00000000 at 0xa00080f4
[  303.621368] PUF Read:0x00000100 at 0xa00080f8
[  303.621368] PUF Read:0x00000000 at 0xa00080fc
[  303.621368] PUF Read:0x00000000 at 0xa0008100
[  303.621490] PUF Read:0x00000000 at 0xa0008104
[  303.621520] PUF Read:0x00000000 at 0xa0008108
[  303.621520] PUF Read:0x00000000 at 0xa000810c
[  303.621520] PUF Read:0x00000000 at 0xa0008110
[  303.621582] PUF Read:0x00000000 at 0xa0008114
[  303.621582] PUF Read:0x00000000 at 0xa0008118
[  303.621643] PUF Read:0x00000000 at 0xa000811c
[  303.621673] PUF Read:0x00000000 at 0xa0008120
[  303.621673] PUF Read:0x00000000 at 0xa0008124
[  303.621673] PUF Read:0x00000000 at 0xa0008128
[  303.621734] PUF Read:0x00000000 at 0xa000812c
[  303.621734] PUF Read:0x00000000 at 0xa0008130
[  303.621795] PUF Read:0x00000000 at 0xa0008134
[  303.621795] PUF Read:0x00000000 at 0xa0008138
[  303.621795] PUF Read:0x00000000 at 0xa000813c
[  303.621795] PUF Read:0x00000000 at 0xa0008140
[  303.621795] PUF Read:0x00000000 at 0xa0008144
[  303.621917] PUF Read:0x00100400 at 0xa0008148
[  303.621948] PUF Read:0x00000000 at 0xa000814c
[  303.621948] PUF Read:0x00000000 at 0xa0008150
[  303.621948] PUF Read:0x00000000 at 0xa0008154
[  303.622009] PUF Read:0x00000000 at 0xa0008158
[  303.622009] PUF Read:0x00000000 at 0xa000815c
[  303.622070] PUF Read:0x00000000 at 0xa0008160
[  303.622100] PUF Read:0x00000000 at 0xa0008164
[  303.622100] PUF Read:0x00000000 at 0xa0008168
[  303.622100] PUF Read:0x00000000 at 0xa000816c
[  303.622100] PUF Read:0x00000000 at 0xa0008170
[  303.622100] PUF Read:0x00000000 at 0xa0008174
[  303.622222] PUF Read:0x00000000 at 0xa0008178
[  303.622253] PUF Read:0x00000000 at 0xa000817c
[  303.622253] PUF Read:0x00000000 at 0xa0008180
[  303.622314] PUF Read:0x00000000 at 0xa0008184
[  303.622314] PUF Read:0x00000000 at 0xa0008188
[  303.622314] PUF Read:0x00000000 at 0xa000818c
[  303.622375] PUF Read:0x00000000 at 0xa0008190
[  303.622406] PUF Read:0x00000000 at 0xa0008194
[  303.622406] PUF Read:0x00000000 at 0xa0008198
[  303.622406] PUF Read:0x00000000 at 0xa000819c
[  303.622467] PUF Read:0x00000000 at 0xa00081a0
[  303.622467] PUF Read:0x00000000 at 0xa00081a4
[  303.622528] PUF Read:0x00000000 at 0xa00081a8
[  303.622558] PUF Read:0x00000000 at 0xa00081ac
[  303.622558] PUF Read:0x00400000 at 0xa00081b0
[  303.622558] PUF Read:0x00000000 at 0xa00081b4
[  303.622619] PUF Read:0x00000000 at 0xa00081b8
[  303.622619] PUF Read:0x00000000 at 0xa00081bc
[  303.622680] PUF Read:0x00000000 at 0xa00081c0
[  303.622711] PUF Read:0x00000004 at 0xa00081c4
[  303.622711] PUF Read:0x00000000 at 0xa00081c8
[  303.622711] PUF Read:0x00000000 at 0xa00081cc
[  303.622711] PUF Read:0x00000000 at 0xa00081d0
[  303.622711] PUF Read:0x00000000 at 0xa00081d4
[  303.622833] PUF Read:0x00000000 at 0xa00081d8
[  303.622833] PUF Read:0x00000000 at 0xa00081dc
[  303.622833] PUF Read:0x00000000 at 0xa00081e0
[  303.622894] PUF Read:0x00000000 at 0xa00081e4
[  303.622894] PUF Read:0x00000000 at 0xa00081e8
[  303.622955] PUF Read:0x00000000 at 0xa00081ec
[  303.622985] PUF Read:0x00000000 at 0xa00081f0
[  303.622985] PUF Read:0x00000000 at 0xa00081f4
[  303.622985] PUF Read:0x00000000 at 0xa00081f8
[  303.623046] PUF Read:0x00000000 at 0xa00081fc
[  303.623046] PUF Read:0x00000000 at 0xa0008200
[  303.623107] PUF Read:0x00000000 at 0xa0008204
[  303.623107] PUF Read:0x00000000 at 0xa0008208
[  303.623107] PUF Read:0x00000000 at 0xa000820c
[  303.623107] PUF Read:0x00000000 at 0xa0008210
[  303.623107] PUF Read:0x00000000 at 0xa0008214
[  303.623229] PUF Read:0x00000000 at 0xa0008218
[  303.623260] PUF Read:0x00000000 at 0xa000821c
[  303.623260] PUF Read:0x00000000 at 0xa0008220
[  303.623260] PUF Read:0x00000000 at 0xa0008224
[  303.623321] PUF Read:0x00000000 at 0xa0008228
[  303.623321] PUF Read:0x00000000 at 0xa000822c
[  303.623382] PUF Read:0x00000000 at 0xa0008230
[  303.623413] PUF Read:0x00000000 at 0xa0008234
[  303.623413] PUF Read:0x00000000 at 0xa0008238
[  303.623413] PUF Read:0x00000000 at 0xa000823c
[  303.623474] PUF Read:0x00000000 at 0xa0008240
[  303.623474] PUF Read:0x00000000 at 0xa0008244
[  303.623535] PUF Read:0x00000000 at 0xa0008248
[  303.623565] PUF Read:0x00000000 at 0xa000824c
[  303.623565] PUF Read:0x00000000 at 0xa0008250
[  303.623565] PUF Read:0x00000000 at 0xa0008254
[  303.623565] PUF Read:0x00000000 at 0xa0008258
[  303.623565] PUF Read:0x00000000 at 0xa000825c
[  303.623687] PUF Read:0x00000000 at 0xa0008260
[  303.623687] PUF Read:0x00000000 at 0xa0008264
[  303.623687] PUF Read:0x00000000 at 0xa0008268
[  303.623687] PUF Read:0x00000000 at 0xa000826c
[  303.623779] PUF Read:0x00000000 at 0xa0008270
[  303.623779] PUF Read:0x00000000 at 0xa0008274
[  303.623840] PUF Read:0x00000000 at 0xa0008278
[  303.623870] PUF Read:0x00000000 at 0xa000827c
[  303.623870] PUF Read:0x00000000 at 0xa0008280
[  303.623870] PUF Read:0x00000000 at 0xa0008284
[  303.623931] PUF Read:0x00000000 at 0xa0008288
[  303.623931] PUF Read:0x00000000 at 0xa000828c
[  303.623992] PUF Read:0x00000000 at 0xa0008290
[  303.624023] PUF Read:0x00000000 at 0xa0008294
[  303.624023] PUF Read:0x00000000 at 0xa0008298
[  303.624023] PUF Read:0x00000000 at 0xa000829c
[  303.624023] PUF Read:0x00000000 at 0xa00082a0
[  303.624114] PUF Read:0x00000000 at 0xa00082a4
[  303.624145] PUF Read:0x00000000 at 0xa00082a8
[  303.624145] PUF Read:0x00000000 at 0xa00082ac
[  303.624145] PUF Read:0x00000000 at 0xa00082b0
[  303.624206] PUF Read:0x00000000 at 0xa00082b4
[  303.624206] PUF Read:0x00000040 at 0xa00082b8
[  303.624267] PUF Read:0x00000000 at 0xa00082bc
[  303.624298] PUF Read:0x00000000 at 0xa00082c0
[  303.624298] PUF Read:0x00000000 at 0xa00082c4
[  303.624298] PUF Read:0x00000000 at 0xa00082c8
[  303.624359] PUF Read:0x00000000 at 0xa00082cc
[  303.624359] PUF Read:0x00000000 at 0xa00082d0
[  303.624420] PUF Read:0x00000000 at 0xa00082d4
[  303.624450] PUF Read:0x00000000 at 0xa00082d8
[  303.624450] PUF Read:0x00000000 at 0xa00082dc
[  303.624450] PUF Read:0x00000000 at 0xa00082e0
[  303.624450] PUF Read:0x00000000 at 0xa00082e4
[  303.624450] PUF Read:0x00000000 at 0xa00082e8
[  303.624572] PUF Read:0x00000000 at 0xa00082ec
[  303.624572] PUF Read:0x00000000 at 0xa00082f0
[  303.624572] PUF Read:0x00000000 at 0xa00082f4
[  303.624633] PUF Read:0x00000000 at 0xa00082f8
[  303.624633] PUF Read:0x00000000 at 0xa00082fc
[  303.624694] PUF Read:0x00000000 at 0xa0008300
[  303.624725] PUF Read:0x00000000 at 0xa0008304
[  303.624725] PUF Read:0x00000000 at 0xa0008308
[  303.624725] PUF Read:0x00000000 at 0xa000830c
[  303.624786] PUF Read:0x00000000 at 0xa0008310
[  303.624786] PUF Read:0x00000000 at 0xa0008314
[  303.624847] PUF Read:0x00000000 at 0xa0008318
[  303.624877] PUF Read:0x10000000 at 0xa000831c
[  303.624877] PUF Read:0x00000000 at 0xa0008320
[  303.624877] PUF Read:0x00000000 at 0xa0008324
[  303.624938] PUF Read:0x00000000 at 0xa0008328
[  303.624938] PUF Read:0x00000000 at 0xa000832c
[  303.624999] PUF Read:0x00000004 at 0xa0008330
[  303.625030] PUF Read:0x00000000 at 0xa0008334
[  303.625030] PUF Read:0x00000000 at 0xa0008338
[  303.625030] PUF Read:0x00000000 at 0xa000833c
[  303.625091] PUF Read:0x00000000 at 0xa0008340
[  303.625091] PUF Read:0x00000000 at 0xa0008344
[  303.625152] PUF Read:0x00000000 at 0xa0008348
[  303.625152] PUF Read:0x00000000 at 0xa000834c
[  303.625152] PUF Read:0x00000000 at 0xa0008350
[  303.625152] PUF Read:0x00000000 at 0xa0008354
[  303.625152] PUF Read:0x00000000 at 0xa0008358
[  303.625152] PUF Read:0x00000000 at 0xa000835c
[  303.625152] PUF Read:0x00010000 at 0xa0008360
[  303.625335] PUF Read:0x00000000 at 0xa0008364
[  303.625335] PUF Read:0x00000000 at 0xa0008368
[  303.625335] PUF Read:0x00000000 at 0xa000836c
[  303.625396] PUF Read:0x00000000 at 0xa0008370
[  303.625396] PUF Read:0x00000000 at 0xa0008374
[  303.625457] PUF Read:0x00000000 at 0xa0008378
[  303.625488] PUF Read:0x00000000 at 0xa000837c
[  303.625488] PUF Read:0x00000000 at 0xa0008380
[  303.625488] PUF Read:0x00000000 at 0xa0008384
[  303.625549] PUF Read:0x00000000 at 0xa0008388
[  303.625549] PUF Read:0x00000000 at 0xa000838c
[  303.625610] PUF Read:0x00000000 at 0xa0008390
[  303.625610] PUF Read:0x00000000 at 0xa0008394
[  303.625610] PUF Read:0x00000000 at 0xa0008398
[  303.625610] PUF Read:0x00000000 at 0xa000839c
[  303.625610] PUF Read:0x00000000 at 0xa00083a0
[  303.625610] PUF Read:0x00000000 at 0xa00083a4
[  303.625762] PUF Read:0x00000000 at 0xa00083a8
[  303.625762] PUF Read:0x00000000 at 0xa00083ac
[  303.625762] PUF Read:0x00000000 at 0xa00083b0
[  303.625762] PUF Read:0x00000000 at 0xa00083b4
[  303.625762] PUF Read:0x00000000 at 0xa00083b8
[  303.625885] PUF Read:0x00000000 at 0xa00083bc
[  303.625915] PUF Read:0x00000000 at 0xa00083c0
[  303.625915] PUF Read:0x00000000 at 0xa00083c4
[  303.625915] PUF Read:0x00000000 at 0xa00083c8
[  303.625976] PUF Read:0x00000000 at 0xa00083cc
[  303.625976] PUF Read:0x00000000 at 0xa00083d0
[  303.626037] PUF Read:0x00010000 at 0xa00083d4
[  303.626068] PUF Read:0x00000000 at 0xa00083d8
[  303.626068] PUF Read:0x00000000 at 0xa00083dc
[  303.626068] PUF Read:0x00000000 at 0xa00083e0
[  303.626129] PUF Read:0x00000000 at 0xa00083e4
[  303.626129] PUF Read:0x00000000 at 0xa00083e8
[  303.626190] PUF Read:0x00000000 at 0xa00083ec
[  303.626220] PUF Read:0x00000000 at 0xa00083f0
[  303.626220] PUF Read:0x00000000 at 0xa00083f4
[  303.626220] PUF Read:0x00000004 at 0xa00083f8
[  303.626281] PUF Read:0x00040000 at 0xa00083fc
[  303.626281] PUF Read:0x00000000 at 0xa0010000
[  303.626342] PUF Read:0x00000000 at 0xa0010004
[  303.626342] PUF Read:0x00000000 at 0xa0010008
[  303.626342] PUF Read:0x00000000 at 0xa001000c
[  303.626342] PUF Read:0x00000000 at 0xa0010010
[  303.626342] PUF Read:0x00000000 at 0xa0010014
[  303.626342] PUF Read:0x01000000 at 0xa0010018
[  303.626495] PUF Read:0x04000000 at 0xa001001c
[  303.626495] PUF Read:0x00000000 at 0xa0010020
[  303.626556] PUF Read:0x00000000 at 0xa0010024
[  303.626556] PUF Read:0x00000000 at 0xa0010028
[  303.626556] PUF Read:0x00000000 at 0xa001002c
[  303.626617] PUF Read:0x00000000 at 0xa0010030
[  303.626647] PUF Read:0x00000000 at 0xa0010034
[  303.626647] PUF Read:0x00000000 at 0xa0010038
[  303.626647] PUF Read:0x00000000 at 0xa001003c
[  303.626708] PUF Read:0x00000000 at 0xa0010040
[  303.626708] PUF Read:0x00000000 at 0xa0010044
[  303.626708] PUF Read:0x00000000 at 0xa0010048
[  303.626800] PUF Read:0x01000000 at 0xa001004c
[  303.626800] PUF Read:0x00000000 at 0xa0010050
[  303.626800] PUF Read:0x00000000 at 0xa0010054
[  303.626800] PUF Read:0x00000000 at 0xa0010058
[  303.626800] PUF Read:0x00100400 at 0xa001005c
[  303.626800] PUF Read:0x00000000 at 0xa0010060
[  303.626953] PUF Read:0x00000000 at 0xa0010064
[  303.626953] PUF Read:0x00000000 at 0xa0010068
[  303.627014] PUF Read:0x00000000 at 0xa001006c
[  303.627014] PUF Read:0x00000000 at 0xa0010070
[  303.627014] PUF Read:0x00000000 at 0xa0010074
[  303.627075] PUF Read:0x00000000 at 0xa0010078
[  303.627105] PUF Read:0x00000000 at 0xa001007c
[  303.627105] PUF Read:0x00000000 at 0xa0010080
[  303.627105] PUF Read:0x00000000 at 0xa0010084
[  303.627166] PUF Read:0x00000000 at 0xa0010088
[  303.627166] PUF Read:0x00000000 at 0xa001008c
[  303.627227] PUF Read:0x00000000 at 0xa0010090
[  303.627258] PUF Read:0x00000000 at 0xa0010094
[  303.627258] PUF Read:0x00000000 at 0xa0010098
[  303.627258] PUF Read:0x00000000 at 0xa001009c
[  303.627319] PUF Read:0x00000000 at 0xa00100a0
[  303.627319] PUF Read:0x00000000 at 0xa00100a4
[  303.627380] PUF Read:0x00000000 at 0xa00100a8
[  303.627380] PUF Read:0x00000000 at 0xa00100ac
[  303.627380] PUF Read:0x04000000 at 0xa00100b0
[  303.627471] PUF Read:0x00000000 at 0xa00100b4
[  303.627471] PUF Read:0x00000000 at 0xa00100b8
[  303.627532] PUF Read:0x00000000 at 0xa00100bc
[  303.627532] PUF Read:0x00000000 at 0xa00100c0
[  303.627532] PUF Read:0x00000000 at 0xa00100c4
[  303.627624] PUF Read:0x00000000 at 0xa00100c8
[  303.627655] PUF Read:0x00000000 at 0xa00100cc
[  303.627655] PUF Read:0x00000000 at 0xa00100d0
[  303.627655] PUF Read:0x00000000 at 0xa00100d4
[  303.627716] PUF Read:0x00000000 at 0xa00100d8
[  303.627716] PUF Read:0x00000000 at 0xa00100dc
[  303.627777] PUF Read:0x00000000 at 0xa00100e0
[  303.627807] PUF Read:0x00000000 at 0xa00100e4
[  303.627807] PUF Read:0x00000000 at 0xa00100e8
[  303.627807] PUF Read:0x00000000 at 0xa00100ec
[  303.627807] PUF Read:0x00000000 at 0xa00100f0
[  303.627807] PUF Read:0x00000000 at 0xa00100f4
[  303.627929] PUF Read:0x00000000 at 0xa00100f8
[  303.627929] PUF Read:0x00000000 at 0xa00100fc
[  303.627990] PUF Read:0x00000000 at 0xa0010100
[  303.627990] PUF Read:0x00000000 at 0xa0010104
[  303.627990] PUF Read:0x00000000 at 0xa0010108
[  303.628051] PUF Read:0x00000000 at 0xa001010c
[  303.628082] PUF Read:0x00000000 at 0xa0010110
[  303.628082] PUF Read:0x00000000 at 0xa0010114
[  303.628082] PUF Read:0x00000000 at 0xa0010118
[  303.628143] PUF Read:0x00000000 at 0xa001011c
[  303.628143] PUF Read:0x00000000 at 0xa0010120
[  303.628204] PUF Read:0x00040000 at 0xa0010124
[  303.628234] PUF Read:0x00000000 at 0xa0010128
[  303.628234] PUF Read:0x00000000 at 0xa001012c
[  303.628234] PUF Read:0x00000000 at 0xa0010130
[  303.628234] PUF Read:0x00000000 at 0xa0010134
[  303.628234] PUF Read:0x00000000 at 0xa0010138
[  303.628356] PUF Read:0x00000000 at 0xa001013c
[  303.628387] PUF Read:0x04000000 at 0xa0010140
[  303.628387] PUF Read:0x00000000 at 0xa0010144
[  303.628387] PUF Read:0x00000000 at 0xa0010148
[  303.628448] PUF Read:0x00000000 at 0xa001014c
[  303.628448] PUF Read:0x00000000 at 0xa0010150
[  303.628509] PUF Read:0x00000000 at 0xa0010154
[  303.628540] PUF Read:0x00000000 at 0xa0010158
[  303.628540] PUF Read:0x00000000 at 0xa001015c
[  303.628540] PUF Read:0x00000000 at 0xa0010160
[  303.628601] PUF Read:0x00000000 at 0xa0010164
[  303.628601] PUF Read:0x00000000 at 0xa0010168
[  303.628662] PUF Read:0x00000000 at 0xa001016c
[  303.628692] PUF Read:0x00000000 at 0xa0010170
[  303.628692] PUF Read:0x00000000 at 0xa0010174
[  303.628692] PUF Read:0x00000000 at 0xa0010178
[  303.628692] PUF Read:0x00000000 at 0xa001017c
[  303.628692] PUF Read:0x00000000 at 0xa0010180
[  303.628814] PUF Read:0x00000000 at 0xa0010184
[  303.628814] PUF Read:0x00000000 at 0xa0010188
[  303.628875] PUF Read:0x00000000 at 0xa001018c
[  303.628875] PUF Read:0x00000000 at 0xa0010190
[  303.628875] PUF Read:0x00000000 at 0xa0010194
[  303.628936] PUF Read:0x00000000 at 0xa0010198
[  303.628967] PUF Read:0x00000000 at 0xa001019c
[  303.628967] PUF Read:0x00000000 at 0xa00101a0
[  303.628967] PUF Read:0x00000000 at 0xa00101a4
[  303.629028] PUF Read:0x00000000 at 0xa00101a8
[  303.629028] PUF Read:0x00000000 at 0xa00101ac
[  303.629089] PUF Read:0x00000000 at 0xa00101b0
[  303.629119] PUF Read:0x00000000 at 0xa00101b4
[  303.629119] PUF Read:0x00000000 at 0xa00101b8
[  303.629119] PUF Read:0x00000000 at 0xa00101bc
[  303.629119] PUF Read:0x00000000 at 0xa00101c0
[  303.629211] PUF Read:0x00000000 at 0xa00101c4
[  303.629241] PUF Read:0x00000000 at 0xa00101c8
[  303.629241] PUF Read:0x00000000 at 0xa00101cc
[  303.629241] PUF Read:0x00000000 at 0xa00101d0
[  303.629302] PUF Read:0x00000000 at 0xa00101d4
[  303.629302] PUF Read:0x00000000 at 0xa00101d8
[  303.629364] PUF Read:0x00000000 at 0xa00101dc
[  303.629394] PUF Read:0x00000001 at 0xa00101e0
[  303.629394] PUF Read:0x00000000 at 0xa00101e4
[  303.629394] PUF Read:0x00000000 at 0xa00101e8
[  303.629455] PUF Read:0x00000000 at 0xa00101ec
[  303.629455] PUF Read:0x00000000 at 0xa00101f0
[  303.629516] PUF Read:0x00000000 at 0xa00101f4
[  303.629516] PUF Read:0x00000000 at 0xa00101f8
[  303.629516] PUF Read:0x00000000 at 0xa00101fc
[  303.629516] PUF Read:0x00000000 at 0xa0010200
[  303.629516] PUF Read:0x00000000 at 0xa0010204
[  303.629638] PUF Read:0x00000000 at 0xa0010208
[  303.629669] PUF Read:0x00000000 at 0xa001020c
[  303.629669] PUF Read:0x00000000 at 0xa0010210
[  303.629669] PUF Read:0x00000000 at 0xa0010214
[  303.629730] PUF Read:0x00000000 at 0xa0010218
[  303.629730] PUF Read:0x00000000 at 0xa001021c
[  303.629791] PUF Read:0x00000000 at 0xa0010220
[  303.629791] PUF Read:0x00000000 at 0xa0010224
[  303.629791] PUF Read:0x00000000 at 0xa0010228
[  303.629791] PUF Read:0x00000000 at 0xa001022c
[  303.629791] PUF Read:0x00000000 at 0xa0010230
[  303.629791] PUF Read:0x00000000 at 0xa0010234
[  303.629791] PUF Read:0x00000000 at 0xa0010238
[  303.629974] PUF Read:0x00000000 at 0xa001023c
[  303.629974] PUF Read:0x00000000 at 0xa0010240
[  303.629974] PUF Read:0x00000000 at 0xa0010244
[  303.630035] PUF Read:0x00000000 at 0xa0010248
[  303.630035] PUF Read:0x00000000 at 0xa001024c
[  303.630096] PUF Read:0x00000000 at 0xa0010250
[  303.630126] PUF Read:0x00000000 at 0xa0010254
[  303.630126] PUF Read:0x00000000 at 0xa0010258
[  303.630126] PUF Read:0x00000000 at 0xa001025c
[  303.630187] PUF Read:0x00000000 at 0xa0010260
[  303.630187] PUF Read:0x00000040 at 0xa0010264
[  303.630249] PUF Read:0x00000000 at 0xa0010268
[  303.630249] PUF Read:0x00000000 at 0xa001026c
[  303.630310] PUF Read:0x00000000 at 0xa0010270
[  303.630310] PUF Read:0x00000000 at 0xa0010274
[  303.630310] PUF Read:0x00000000 at 0xa0010278
[  303.630371] PUF Read:0x00000000 at 0xa001027c
[  303.630401] PUF Read:0x00000000 at 0xa0010280
[  303.630401] PUF Read:0x00000000 at 0xa0010284
[  303.630401] PUF Read:0x00000000 at 0xa0010288
[  303.630462] PUF Read:0x00000000 at 0xa001028c
[  303.630462] PUF Read:0x00000000 at 0xa0010290
[  303.630523] PUF Read:0x00000000 at 0xa0010294
[  303.630554] PUF Read:0x00000000 at 0xa0010298
[  303.630554] PUF Read:0x00000000 at 0xa001029c
[  303.630554] PUF Read:0x00000000 at 0xa00102a0
[  303.630554] PUF Read:0x00000000 at 0xa00102a4
[  303.630554] PUF Read:0x00000000 at 0xa00102a8
[  303.630676] PUF Read:0x00000000 at 0xa00102ac
[  303.630676] PUF Read:0x01000000 at 0xa00102b0
[  303.630676] PUF Read:0x00000000 at 0xa00102b4
[  303.630676] PUF Read:0x00000000 at 0xa00102b8
[  303.630676] PUF Read:0x00000000 at 0xa00102bc
[  303.630798] PUF Read:0x00000000 at 0xa00102c0
[  303.630828] PUF Read:0x00000000 at 0xa00102c4
[  303.630828] PUF Read:0x00000000 at 0xa00102c8
[  303.630828] PUF Read:0x00000000 at 0xa00102cc
[  303.630889] PUF Read:0x00000000 at 0xa00102d0
[  303.630889] PUF Read:0x00000000 at 0xa00102d4
[  303.630950] PUF Read:0x00000000 at 0xa00102d8
[  303.630981] PUF Read:0x00000000 at 0xa00102dc
[  303.630981] PUF Read:0x00000000 at 0xa00102e0
[  303.630981] PUF Read:0x00000000 at 0xa00102e4
[  303.631042] PUF Read:0x00000000 at 0xa00102e8
[  303.631042] PUF Read:0x00000000 at 0xa00102ec
[  303.631103] PUF Read:0x00000000 at 0xa00102f0
[  303.631103] PUF Read:0x00000000 at 0xa00102f4
[  303.631103] PUF Read:0x00000000 at 0xa00102f8
[  303.631103] PUF Read:0x00004000 at 0xa00102fc
[  303.631103] PUF Read:0x00000000 at 0xa0010300
[  303.631225] PUF Read:0x00000000 at 0xa0010304
[  303.631256] PUF Read:0x00000000 at 0xa0010308
[  303.631256] PUF Read:0x00000000 at 0xa001030c
[  303.631256] PUF Read:0x01000000 at 0xa0010310
[  303.631317] PUF Read:0x00000000 at 0xa0010314
[  303.631317] PUF Read:0x00000000 at 0xa0010318
[  303.631317] PUF Read:0x00000000 at 0xa001031c
[  303.631408] PUF Read:0x00000000 at 0xa0010320
[  303.631439] PUF Read:0x00000000 at 0xa0010324
[  303.631439] PUF Read:0x10000000 at 0xa0010328
[  303.631439] PUF Read:0x00000000 at 0xa001032c
[  303.631500] PUF Read:0x00000000 at 0xa0010330
[  303.631500] PUF Read:0x00000000 at 0xa0010334
[  303.631561] PUF Read:0x00000000 at 0xa0010338
[  303.631591] PUF Read:0x00000000 at 0xa001033c
[  303.631591] PUF Read:0x00000000 at 0xa0010340
[  303.631591] PUF Read:0x00000000 at 0xa0010344
[  303.631591] PUF Read:0x00000000 at 0xa0010348
[  303.631591] PUF Read:0x00000000 at 0xa001034c
[  303.631713] PUF Read:0x00000000 at 0xa0010350
[  303.631713] PUF Read:0x00000000 at 0xa0010354
[  303.631713] PUF Read:0x00000000 at 0xa0010358
[  303.631774] PUF Read:0x10000000 at 0xa001035c
[  303.631774] PUF Read:0x00000000 at 0xa0010360
[  303.631835] PUF Read:0x00000000 at 0xa0010364
[  303.631866] PUF Read:0x00000000 at 0xa0010368
[  303.631866] PUF Read:0x00000000 at 0xa001036c
[  303.631866] PUF Read:0x00000000 at 0xa0010370
[  303.631927] PUF Read:0x00000000 at 0xa0010374
[  303.631927] PUF Read:0x00000000 at 0xa0010378
[  303.631988] PUF Read:0x00000000 at 0xa001037c
[  303.631988] PUF Read:0x00000000 at 0xa0010380
[  303.631988] PUF Read:0x00000000 at 0xa0010384
[  303.631988] PUF Read:0x00000000 at 0xa0010388
[  303.631988] PUF Read:0x00000000 at 0xa001038c
[  303.632110] PUF Read:0x00000000 at 0xa0010390
[  303.632141] PUF Read:0x00000000 at 0xa0010394
[  303.632141] PUF Read:0x00000000 at 0xa0010398
[  303.632141] PUF Read:0x00000000 at 0xa001039c
[  303.632202] PUF Read:0x00000000 at 0xa00103a0
[  303.632202] PUF Read:0x00000000 at 0xa00103a4
[  303.632263] PUF Read:0x00000000 at 0xa00103a8
[  303.632293] PUF Read:0x00000000 at 0xa00103ac
[  303.632293] PUF Read:0x00000000 at 0xa00103b0
[  303.632293] PUF Read:0x00000000 at 0xa00103b4
[  303.632293] PUF Read:0x00000000 at 0xa00103b8
[  303.632293] PUF Read:0x00000000 at 0xa00103bc
[  303.632415] PUF Read:0x00000000 at 0xa00103c0
[  303.632415] PUF Read:0x00000000 at 0xa00103c4
[  303.632415] PUF Read:0x00000000 at 0xa00103c8
[  303.632476] PUF Read:0x00000000 at 0xa00103cc
[  303.632476] PUF Read:0x00000000 at 0xa00103d0
[  303.632537] PUF Read:0x00000000 at 0xa00103d4
[  303.632568] PUF Read:0x00000000 at 0xa00103d8
[  303.632568] PUF Read:0x00000000 at 0xa00103dc
[  303.632568] PUF Read:0x00000000 at 0xa00103e0
[  303.632629] PUF Read:0x00000000 at 0xa00103e4
[  303.632629] PUF Read:0x00000000 at 0xa00103e8
[  303.632690] PUF Read:0x00000000 at 0xa00103ec
[  303.632720] PUF Read:0x00000000 at 0xa00103f0
[  303.632720] PUF Read:0x00000000 at 0xa00103f4
[  303.632720] PUF Read:0x00000000 at 0xa00103f8
[  303.632720] PUF Read:0x00000000 at 0xa00103fc
[  303.632720] PUF Read:0x00000000 at 0xa0020000
[  303.632843] PUF Read:0x00000000 at 0xa0020004
[  303.632843] PUF Read:0x00000000 at 0xa0020008
[  303.632843] PUF Read:0x00000000 at 0xa002000c
[  303.632843] PUF Read:0x00000000 at 0xa0020010
[  303.632934] PUF Read:0x00000000 at 0xa0020014
[  303.632934] PUF Read:0x00000000 at 0xa0020018
[  303.632995] PUF Read:0x00000000 at 0xa002001c
[  303.633026] PUF Read:0x00000000 at 0xa0020020
[  303.633026] PUF Read:0x00000000 at 0xa0020024
[  303.633026] PUF Read:0x00000000 at 0xa0020028
[  303.633087] PUF Read:0x00000000 at 0xa002002c
[  303.633087] PUF Read:0x00100000 at 0xa0020030
[  303.633148] PUF Read:0x00000000 at 0xa0020034
[  303.633148] PUF Read:0x00000000 at 0xa0020038
[  303.633148] PUF Read:0x00000000 at 0xa002003c
[  303.633148] PUF Read:0x00000000 at 0xa0020040
[  303.633148] PUF Read:0x00000000 at 0xa0020044
[  303.633270] PUF Read:0x00000000 at 0xa0020048
[  303.633300] PUF Read:0x00000000 at 0xa002004c
[  303.633300] PUF Read:0x00000001 at 0xa0020050
[  303.633300] PUF Read:0x00000000 at 0xa0020054
[  303.633361] PUF Read:0x00000000 at 0xa0020058
[  303.633361] PUF Read:0x00000000 at 0xa002005c
[  303.633422] PUF Read:0x00000000 at 0xa0020060
[  303.633453] PUF Read:0x00000000 at 0xa0020064
[  303.633453] PUF Read:0x00000000 at 0xa0020068
[  303.633453] PUF Read:0x00000000 at 0xa002006c
[  303.633453] PUF Read:0x00000000 at 0xa0020070
[  303.633453] PUF Read:0x00000000 at 0xa0020074
[  303.633575] PUF Read:0x00000000 at 0xa0020078
[  303.633575] PUF Read:0x00000000 at 0xa002007c
[  303.633636] PUF Read:0x00000000 at 0xa0020080
[  303.633636] PUF Read:0x00000000 at 0xa0020084
[  303.633636] PUF Read:0x00000000 at 0xa0020088
[  303.633697] PUF Read:0x00000000 at 0xa002008c
[  303.633728] PUF Read:0x00000000 at 0xa0020090
[  303.633728] PUF Read:0x00000000 at 0xa0020094
[  303.633728] PUF Read:0x00000000 at 0xa0020098
[  303.633789] PUF Read:0x00000000 at 0xa002009c
[  303.633789] PUF Read:0x00000000 at 0xa00200a0
[  303.633850] PUF Read:0x00000000 at 0xa00200a4
[  303.633880] PUF Read:0x00000000 at 0xa00200a8
[  303.633880] PUF Read:0x00000000 at 0xa00200ac
[  303.633880] PUF Read:0x00000000 at 0xa00200b0
[  303.633880] PUF Read:0x00000000 at 0xa00200b4
[  303.633972] PUF Read:0x00000000 at 0xa00200b8
[  303.634002] PUF Read:0x00000000 at 0xa00200bc
[  303.634002] PUF Read:0x00000000 at 0xa00200c0
[  303.634002] PUF Read:0x00000000 at 0xa00200c4
[  303.634063] PUF Read:0x00000000 at 0xa00200c8
[  303.634063] PUF Read:0x00000000 at 0xa00200cc
[  303.634124] PUF Read:0x00000000 at 0xa00200d0
[  303.634155] PUF Read:0x00000000 at 0xa00200d4
[  303.634155] PUF Read:0x00000000 at 0xa00200d8
[  303.634155] PUF Read:0x00000000 at 0xa00200dc
[  303.634216] PUF Read:0x00000000 at 0xa00200e0
[  303.634216] PUF Read:0x00000000 at 0xa00200e4
[  303.634277] PUF Read:0x00000000 at 0xa00200e8
[  303.634277] PUF Read:0x00000000 at 0xa00200ec
[  303.634338] PUF Read:0x00000000 at 0xa00200f0
[  303.634338] PUF Read:0x00000000 at 0xa00200f4
[  303.634338] PUF Read:0x00000000 at 0xa00200f8
[  303.634338] PUF Read:0x00000000 at 0xa00200fc
[  303.634429] PUF Read:0x04000000 at 0xa0020100
[  303.634460] PUF Read:0x00000000 at 0xa0020104
[  303.634460] PUF Read:0x00000000 at 0xa0020108
[  303.634460] PUF Read:0x00000000 at 0xa002010c
[  303.634521] PUF Read:0x00000000 at 0xa0020110
[  303.634521] PUF Read:0x00000000 at 0xa0020114
[  303.634582] PUF Read:0x00000000 at 0xa0020118
[  303.634582] PUF Read:0x00000000 at 0xa002011c
[  303.634582] PUF Read:0x00000100 at 0xa0020120
[  303.634582] PUF Read:0x00000000 at 0xa0020124
[  303.634582] PUF Read:0x00000000 at 0xa0020128
[  303.634582] PUF Read:0x00000004 at 0xa002012c
[  303.634735] PUF Read:0x00000000 at 0xa0020130
[  303.634735] PUF Read:0x00100000 at 0xa0020134
[  303.634735] PUF Read:0x00000000 at 0xa0020138
[  303.634735] PUF Read:0x00000000 at 0xa002013c
[  303.634735] PUF Read:0x00000000 at 0xa0020140
[  303.634857] PUF Read:0x00000000 at 0xa0020144
[  303.634887] PUF Read:0x00000000 at 0xa0020148
[  303.634887] PUF Read:0x00000000 at 0xa002014c
[  303.634887] PUF Read:0x00000000 at 0xa0020150
[  303.634948] PUF Read:0x00000000 at 0xa0020154
[  303.634948] PUF Read:0x00000000 at 0xa0020158
[  303.635009] PUF Read:0x00000000 at 0xa002015c
[  303.635040] PUF Read:0x00000000 at 0xa0020160
[  303.635040] PUF Read:0x00000000 at 0xa0020164
[  303.635040] PUF Read:0x00000000 at 0xa0020168
[  303.635101] PUF Read:0x00000000 at 0xa002016c
[  303.635101] PUF Read:0x00000000 at 0xa0020170
[  303.635162] PUF Read:0x00000000 at 0xa0020174
[  303.635162] PUF Read:0x00000000 at 0xa0020178
[  303.635162] PUF Read:0x00000000 at 0xa002017c
[  303.635162] PUF Read:0x00000000 at 0xa0020180
[  303.635284] PUF Read:0x00000000 at 0xa0020184
[  303.635284] PUF Read:0x00000000 at 0xa0020188
[  303.635345] PUF Read:0x00000000 at 0xa002018c
[  303.635375] PUF Read:0x00000000 at 0xa0020190
[  303.635375] PUF Read:0x00000000 at 0xa0020194
[  303.635375] PUF Read:0x00000000 at 0xa0020198
[  303.635437] PUF Read:0x00000000 at 0xa002019c
[  303.635437] PUF Read:0x00000000 at 0xa00201a0
[  303.635498] PUF Read:0x00000000 at 0xa00201a4
[  303.635528] PUF Read:0x00000000 at 0xa00201a8
[  303.635528] PUF Read:0x00000000 at 0xa00201ac
[  303.635528] PUF Read:0x00000000 at 0xa00201b0
[  303.635589] PUF Read:0x00000000 at 0xa00201b4
[  303.635589] PUF Read:0x00000000 at 0xa00201b8
[  303.635650] PUF Read:0x00000000 at 0xa00201bc
[  303.635650] PUF Read:0x01000000 at 0xa00201c0
[  303.635650] PUF Read:0x00000000 at 0xa00201c4
[  303.635650] PUF Read:0x00000000 at 0xa00201c8
[  303.635650] PUF Read:0x00000000 at 0xa00201cc
[  303.635772] PUF Read:0x00000000 at 0xa00201d0
[  303.635803] PUF Read:0x00000000 at 0xa00201d4
[  303.635803] PUF Read:0x00000000 at 0xa00201d8
[  303.635803] PUF Read:0x00000000 at 0xa00201dc
[  303.635864] PUF Read:0x00000000 at 0xa00201e0
[  303.635864] PUF Read:0x00000000 at 0xa00201e4
[  303.635864] PUF Read:0x00000000 at 0xa00201e8
[  303.635955] PUF Read:0x00000000 at 0xa00201ec
[  303.635955] PUF Read:0x00000000 at 0xa00201f0
[  303.635955] PUF Read:0x00000000 at 0xa00201f4
[  303.635955] PUF Read:0x00000000 at 0xa00201f8
[  303.635955] PUF Read:0x00000000 at 0xa00201fc
[  303.636077] PUF Read:0x00000000 at 0xa0020200
[  303.636108] PUF Read:0x00000000 at 0xa0020204
[  303.636108] PUF Read:0x00000000 at 0xa0020208
[  303.636108] PUF Read:0x00000000 at 0xa002020c
[  303.636169] PUF Read:0x00000000 at 0xa0020210
[  303.636169] PUF Read:0x00000000 at 0xa0020214
[  303.636230] PUF Read:0x00000000 at 0xa0020218
[  303.636260] PUF Read:0x00000000 at 0xa002021c
[  303.636260] PUF Read:0x00000000 at 0xa0020220
[  303.636260] PUF Read:0x00000000 at 0xa0020224
[  303.636322] PUF Read:0x00000000 at 0xa0020228
[  303.636322] PUF Read:0x00000000 at 0xa002022c
[  303.636383] PUF Read:0x00000000 at 0xa0020230
[  303.636383] PUF Read:0x00000000 at 0xa0020234
[  303.636444] PUF Read:0x00000000 at 0xa0020238
[  303.636444] PUF Read:0x00000000 at 0xa002023c
[  303.636444] PUF Read:0x00000000 at 0xa0020240
[  303.636505] PUF Read:0x00000000 at 0xa0020244
[  303.636535] PUF Read:0x00000000 at 0xa0020248
[  303.636535] PUF Read:0x00000000 at 0xa002024c
[  303.636535] PUF Read:0x00000010 at 0xa0020250
[  303.636596] PUF Read:0x00000000 at 0xa0020254
[  303.636596] PUF Read:0x00000000 at 0xa0020258
[  303.636657] PUF Read:0x00000000 at 0xa002025c
[  303.636657] PUF Read:0x00000000 at 0xa0020260
[  303.636657] PUF Read:0x00000000 at 0xa0020264
[  303.636657] PUF Read:0x00000000 at 0xa0020268
[  303.636657] PUF Read:0x00000000 at 0xa002026c
[  303.636779] PUF Read:0x00000000 at 0xa0020270
[  303.636810] PUF Read:0x00000000 at 0xa0020274
[  303.636810] PUF Read:0x00000000 at 0xa0020278
[  303.636871] PUF Read:0x00001000 at 0xa002027c
[  303.636871] PUF Read:0x00000000 at 0xa0020280
[  303.636871] PUF Read:0x00000000 at 0xa0020284
[  303.636932] PUF Read:0x00000000 at 0xa0020288
[  303.636962] PUF Read:0x00000000 at 0xa002028c
[  303.636962] PUF Read:0x00000000 at 0xa0020290
[  303.636962] PUF Read:0x00000000 at 0xa0020294
[  303.637023] PUF Read:0x00000000 at 0xa0020298
[  303.637023] PUF Read:0x00000000 at 0xa002029c
[  303.637084] PUF Read:0x00000000 at 0xa00202a0
[  303.637115] PUF Read:0x00000000 at 0xa00202a4
[  303.637115] PUF Read:0x00000000 at 0xa00202a8
[  303.637115] PUF Read:0x00000000 at 0xa00202ac
[  303.637115] PUF Read:0x00000000 at 0xa00202b0
[  303.637115] PUF Read:0x00000000 at 0xa00202b4
[  303.637237] PUF Read:0x00000000 at 0xa00202b8
[  303.637237] PUF Read:0x00000000 at 0xa00202bc
[  303.637237] PUF Read:0x00000000 at 0xa00202c0
[  303.637237] PUF Read:0x00000000 at 0xa00202c4
[  303.637237] PUF Read:0x00000000 at 0xa00202c8
[  303.637359] PUF Read:0x00000000 at 0xa00202cc
[  303.637390] PUF Read:0x00000000 at 0xa00202d0
[  303.637390] PUF Read:0x00000000 at 0xa00202d4
[  303.637390] PUF Read:0x00000000 at 0xa00202d8
[  303.637390] PUF Read:0x00000000 at 0xa00202dc
[  303.637481] PUF Read:0x00000000 at 0xa00202e0
[  303.637481] PUF Read:0x00000000 at 0xa00202e4
[  303.637542] PUF Read:0x00000000 at 0xa00202e8
[  303.637573] PUF Read:0x00000000 at 0xa00202ec
[  303.637573] PUF Read:0x00000000 at 0xa00202f0
[  303.637573] PUF Read:0x00000000 at 0xa00202f4
[  303.637634] PUF Read:0x00000000 at 0xa00202f8
[  303.637634] PUF Read:0x00000000 at 0xa00202fc
[  303.637695] PUF Read:0x00000000 at 0xa0020300
[  303.637695] PUF Read:0x00000000 at 0xa0020304
[  303.637695] PUF Read:0x00000000 at 0xa0020308
[  303.637695] PUF Read:0x00000000 at 0xa002030c
[  303.637695] PUF Read:0x00000000 at 0xa0020310
[  303.637817] PUF Read:0x00000004 at 0xa0020314
[  303.637847] PUF Read:0x00000000 at 0xa0020318
[  303.637847] PUF Read:0x00000000 at 0xa002031c
[  303.637847] PUF Read:0x00000000 at 0xa0020320
[  303.637908] PUF Read:0x00000000 at 0xa0020324
[  303.637908] PUF Read:0x00000000 at 0xa0020328
[  303.637969] PUF Read:0x00000000 at 0xa002032c
[  303.638000] PUF Read:0x00000000 at 0xa0020330
[  303.638000] PUF Read:0x00000000 at 0xa0020334
[  303.638000] PUF Read:0x00000000 at 0xa0020338
[  303.638061] PUF Read:0x00000000 at 0xa002033c
[  303.638061] PUF Read:0x00000000 at 0xa0020340
[  303.638122] PUF Read:0x00000000 at 0xa0020344
[  303.638153] PUF Read:0x00000000 at 0xa0020348
[  303.638153] PUF Read:0x00000000 at 0xa002034c
[  303.638153] PUF Read:0x00000000 at 0xa0020350
[  303.638153] PUF Read:0x00000000 at 0xa0020354
[  303.638244] PUF Read:0x00000000 at 0xa0020358
[  303.638275] PUF Read:0x00000000 at 0xa002035c
[  303.638275] PUF Read:0x00000000 at 0xa0020360
[  303.638275] PUF Read:0x00000000 at 0xa0020364
[  303.638336] PUF Read:0x00000000 at 0xa0020368
[  303.638336] PUF Read:0x00000000 at 0xa002036c
[  303.638397] PUF Read:0x00000000 at 0xa0020370
[  303.638427] PUF Read:0x00000000 at 0xa0020374
[  303.638427] PUF Read:0x00000000 at 0xa0020378
[  303.638427] PUF Read:0x00000000 at 0xa002037c
[  303.638488] PUF Read:0x00000000 at 0xa0020380
[  303.638488] PUF Read:0x00000000 at 0xa0020384
[  303.638549] PUF Read:0x00000000 at 0xa0020388
[  303.638549] PUF Read:0x00000000 at 0xa002038c
[  303.638549] PUF Read:0x00000000 at 0xa0020390
[  303.638549] PUF Read:0x00000000 at 0xa0020394
[  303.638549] PUF Read:0x00000000 at 0xa0020398
[  303.638671] PUF Read:0x00000000 at 0xa002039c
[  303.638702] PUF Read:0x00000000 at 0xa00203a0
[  303.638702] PUF Read:0x00000000 at 0xa00203a4
[  303.638702] PUF Read:0x00000000 at 0xa00203a8
[  303.638763] PUF Read:0x00000000 at 0xa00203ac
[  303.638763] PUF Read:0x00000000 at 0xa00203b0
[  303.638824] PUF Read:0x00000000 at 0xa00203b4
[  303.638854] PUF Read:0x00000000 at 0xa00203b8
[  303.638854] PUF Read:0x00000000 at 0xa00203bc
[  303.638854] PUF Read:0x00000000 at 0xa00203c0
[  303.638916] PUF Read:0x00000000 at 0xa00203c4
[  303.638916] PUF Read:0x00000000 at 0xa00203c8
[  303.638916] PUF Read:0x00000000 at 0xa00203cc
[  303.639007] PUF Read:0x00000000 at 0xa00203d0
[  303.639007] PUF Read:0x00000000 at 0xa00203d4
[  303.639007] PUF Read:0x00000000 at 0xa00203d8
[  303.639007] PUF Read:0x00000000 at 0xa00203dc
[  303.639007] PUF Read:0x00000000 at 0xa00203e0
[  303.639007] PUF Read:0x00000000 at 0xa00203e4
[  303.639160] PUF Read:0x00000000 at 0xa00203e8
[  303.639160] PUF Read:0x00000000 at 0xa00203ec
[  303.639221] PUF Read:0x00000000 at 0xa00203f0
[  303.639221] PUF Read:0x00000000 at 0xa00203f4
[  303.639221] PUF Read:0x00000004 at 0xa00203f8
[  303.639282] PUF Read:0x00000000 at 0xa00203fc
[  303.639312] PUF Read:0x00000000 at 0xa0028000
[  303.639312] PUF Read:0x00000000 at 0xa0028004
[  303.639312] PUF Read:0x00000000 at 0xa0028008
[  303.639373] PUF Read:0x00000000 at 0xa002800c
[  303.639373] PUF Read:0x00000000 at 0xa0028010
[  303.639434] PUF Read:0x00000000 at 0xa0028014
[  303.639465] PUF Read:0x00000000 at 0xa0028018
[  303.639465] PUF Read:0x01000000 at 0xa002801c
[  303.639465] PUF Read:0x00000000 at 0xa0028020
[  303.639465] PUF Read:0x00000000 at 0xa0028024
[  303.639465] PUF Read:0x00000000 at 0xa0028028
[  303.639587] PUF Read:0x00000000 at 0xa002802c
[  303.639587] PUF Read:0x00000000 at 0xa0028030
[  303.639648] PUF Read:0x00000000 at 0xa0028034
[  303.639648] PUF Read:0x00000000 at 0xa0028038
[  303.639648] PUF Read:0x00000000 at 0xa002803c
[  303.639709] PUF Read:0x00000000 at 0xa0028040
[  303.639739] PUF Read:0x00000000 at 0xa0028044
[  303.639739] PUF Read:0x00000000 at 0xa0028048
[  303.639739] PUF Read:0x00000000 at 0xa002804c
[  303.639801] PUF Read:0x00000000 at 0xa0028050
[  303.639801] PUF Read:0x00000000 at 0xa0028054
[  303.639862] PUF Read:0x00000000 at 0xa0028058
[  303.639892] PUF Read:0x00000000 at 0xa002805c
[  303.639892] PUF Read:0x00000000 at 0xa0028060
[  303.639892] PUF Read:0x00000000 at 0xa0028064
[  303.639892] PUF Read:0x00000000 at 0xa0028068
[  303.639892] PUF Read:0x00000000 at 0xa002806c
[  303.640014] PUF Read:0x00000000 at 0xa0028070
[  303.640014] PUF Read:0x00000000 at 0xa0028074
[  303.640075] PUF Read:0x00000000 at 0xa0028078
[  303.640075] PUF Read:0x00000000 at 0xa002807c
[  303.640075] PUF Read:0x00000000 at 0xa0028080
[  303.640136] PUF Read:0x00000000 at 0xa0028084
[  303.640167] PUF Read:0x00000000 at 0xa0028088
[  303.640167] PUF Read:0x00000000 at 0xa002808c
[  303.640167] PUF Read:0x00000000 at 0xa0028090
[  303.640228] PUF Read:0x00000000 at 0xa0028094
[  303.640228] PUF Read:0x00000000 at 0xa0028098
[  303.640289] PUF Read:0x00000000 at 0xa002809c
[  303.640319] PUF Read:0x04000000 at 0xa00280a0
[  303.640319] PUF Read:0x00000000 at 0xa00280a4
[  303.640319] PUF Read:0x00000000 at 0xa00280a8
[  303.640380] PUF Read:0x00000000 at 0xa00280ac
[  303.640380] PUF Read:0x00000000 at 0xa00280b0
[  303.640441] PUF Read:0x00000000 at 0xa00280b4
[  303.640441] PUF Read:0x00000000 at 0xa00280b8
[  303.640441] PUF Read:0x00000000 at 0xa00280bc
[  303.640441] PUF Read:0x00000000 at 0xa00280c0
[  303.640533] PUF Read:0x00000000 at 0xa00280c4
[  303.640533] PUF Read:0x00000000 at 0xa00280c8
[  303.640594] PUF Read:0x00000000 at 0xa00280cc
[  303.640624] PUF Read:0x00000000 at 0xa00280d0
[  303.640624] PUF Read:0x00000000 at 0xa00280d4
[  303.640624] PUF Read:0x00000000 at 0xa00280d8
[  303.640686] PUF Read:0x00000000 at 0xa00280dc
[  303.640686] PUF Read:0x00000000 at 0xa00280e0
[  303.640747] PUF Read:0x00000000 at 0xa00280e4
[  303.640747] PUF Read:0x00000000 at 0xa00280e8
[  303.640747] PUF Read:0x00000000 at 0xa00280ec
[  303.640747] PUF Read:0x00000000 at 0xa00280f0
[  303.640747] PUF Read:0x00000000 at 0xa00280f4
[  303.640869] PUF Read:0x00000000 at 0xa00280f8
[  303.640899] PUF Read:0x00000000 at 0xa00280fc
[  303.640899] PUF Read:0x00000000 at 0xa0028100
[  303.640899] PUF Read:0x00000000 at 0xa0028104
[  303.640960] PUF Read:0x00000000 at 0xa0028108
[  303.640960] PUF Read:0x00000000 at 0xa002810c
[  303.641021] PUF Read:0x00000000 at 0xa0028110
[  303.641052] PUF Read:0x00000000 at 0xa0028114
[  303.641052] PUF Read:0x00000000 at 0xa0028118
[  303.641052] PUF Read:0x00000000 at 0xa002811c
[  303.641052] PUF Read:0x00000000 at 0xa0028120
[  303.641052] PUF Read:0x00000000 at 0xa0028124
[  303.641174] PUF Read:0x00000000 at 0xa0028128
[  303.641174] PUF Read:0x00000000 at 0xa002812c
[  303.641174] PUF Read:0x00000000 at 0xa0028130
[  303.641174] PUF Read:0x00000000 at 0xa0028134
[  303.641174] PUF Read:0x00000000 at 0xa0028138
[  303.641296] PUF Read:0x00000000 at 0xa002813c
[  303.641326] PUF Read:0x00000000 at 0xa0028140
[  303.641326] PUF Read:0x00000000 at 0xa0028144
[  303.641326] PUF Read:0x00000000 at 0xa0028148
[  303.641387] PUF Read:0x00000000 at 0xa002814c
[  303.641387] PUF Read:0x00000000 at 0xa0028150
[  303.641448] PUF Read:0x00000000 at 0xa0028154
[  303.641479] PUF Read:0x00000000 at 0xa0028158
[  303.641479] PUF Read:0x00000000 at 0xa002815c
[  303.641479] PUF Read:0x00000000 at 0xa0028160
[  303.641540] PUF Read:0x00000000 at 0xa0028164
[  303.641540] PUF Read:0x00000000 at 0xa0028168
[  303.641601] PUF Read:0x00000000 at 0xa002816c
[  303.641601] PUF Read:0x00000000 at 0xa0028170
[  303.641662] PUF Read:0x00000000 at 0xa0028174
[  303.641662] PUF Read:0x00000000 at 0xa0028178
[  303.641662] PUF Read:0x00000000 at 0xa002817c
[  303.641723] PUF Read:0x00000000 at 0xa0028180
[  303.641754] PUF Read:0x00000000 at 0xa0028184
[  303.641754] PUF Read:0x00000004 at 0xa0028188
[  303.641754] PUF Read:0x00000000 at 0xa002818c
[  303.641815] PUF Read:0x00000000 at 0xa0028190
[  303.641815] PUF Read:0x00000000 at 0xa0028194
[  303.641876] PUF Read:0x00000000 at 0xa0028198
[  303.641906] PUF Read:0x00000000 at 0xa002819c
[  303.641906] PUF Read:0x00000000 at 0xa00281a0
[  303.641906] PUF Read:0x00000000 at 0xa00281a4
[  303.641906] PUF Read:0x00000000 at 0xa00281a8
[  303.641906] PUF Read:0x00000000 at 0xa00281ac
[  303.642028] PUF Read:0x00000000 at 0xa00281b0
[  303.642059] PUF Read:0x00000000 at 0xa00281b4
[  303.642059] PUF Read:0x00000000 at 0xa00281b8
[  303.642059] PUF Read:0x00000000 at 0xa00281bc
[  303.642120] PUF Read:0x00000000 at 0xa00281c0
[  303.642120] PUF Read:0x00000000 at 0xa00281c4
[  303.642181] PUF Read:0x00000000 at 0xa00281c8
[  303.642211] PUF Read:0x00000000 at 0xa00281cc
[  303.642211] PUF Read:0x00000000 at 0xa00281d0
[  303.642211] PUF Read:0x00000000 at 0xa00281d4
[  303.642272] PUF Read:0x00000000 at 0xa00281d8
[  303.642272] PUF Read:0x00000000 at 0xa00281dc
[  303.642333] PUF Read:0x00000000 at 0xa00281e0
[  303.642333] PUF Read:0x00000000 at 0xa00281e4
[  303.642333] PUF Read:0x00000000 at 0xa00281e8
[  303.642333] PUF Read:0x00000000 at 0xa00281ec
[  303.642333] PUF Read:0x00000000 at 0xa00281f0
[  303.642456] PUF Read:0x00000000 at 0xa00281f4
[  303.642486] PUF Read:0x00000000 at 0xa00281f8
[  303.642486] PUF Read:0x00000000 at 0xa00281fc
[  303.642486] PUF Read:0x00000000 at 0xa0028200
[  303.642547] PUF Read:0x00004000 at 0xa0028204
[  303.642547] PUF Read:0x00000000 at 0xa0028208
[  303.642608] PUF Read:0x00001000 at 0xa002820c
[  303.642639] PUF Read:0x00000000 at 0xa0028210
[  303.642639] PUF Read:0x00000000 at 0xa0028214
[  303.642639] PUF Read:0x00000000 at 0xa0028218
[  303.642700] PUF Read:0x00000000 at 0xa002821c
[  303.642700] PUF Read:0x00000000 at 0xa0028220
[  303.642761] PUF Read:0x00000000 at 0xa0028224
[  303.642761] PUF Read:0x00000000 at 0xa0028228
[  303.642761] PUF Read:0x00000000 at 0xa002822c
[  303.642761] PUF Read:0x00000000 at 0xa0028230
[  303.642761] PUF Read:0x00000000 at 0xa0028234
[  303.642883] PUF Read:0x00000000 at 0xa0028238
[  303.642913] PUF Read:0x00000000 at 0xa002823c
[  303.642913] PUF Read:0x00000000 at 0xa0028240
[  303.642913] PUF Read:0x00000000 at 0xa0028244
[  303.642974] PUF Read:0x00000000 at 0xa0028248
[  303.642974] PUF Read:0x00000000 at 0xa002824c
[  303.643035] PUF Read:0x00000000 at 0xa0028250
[  303.643066] PUF Read:0x00000000 at 0xa0028254
[  303.644256] PUF Read:0x00040000 at 0xa0028258
[  303.644256] PUF Read:0x00000000 at 0xa002825c
[  303.644256] PUF Read:0x00000000 at 0xa0028260
[  303.644256] PUF Read:0x00000000 at 0xa0028264
[  303.644348] PUF Read:0x00000000 at 0xa0028268
[  303.644348] PUF Read:0x01000000 at 0xa002826c
[  303.644409] PUF Read:0x00000000 at 0xa0028270
[  303.644439] PUF Read:0x00000000 at 0xa0028274
[  303.644439] PUF Read:0x00000000 at 0xa0028278
[  303.644439] PUF Read:0x00000000 at 0xa002827c
[  303.644500] PUF Read:0x00000000 at 0xa0028280
[  303.644500] PUF Read:0x00000000 at 0xa0028284
[  303.644561] PUF Read:0x00000000 at 0xa0028288
[  303.644561] PUF Read:0x00000000 at 0xa002828c
[  303.644561] PUF Read:0x00000000 at 0xa0028290
[  303.644561] PUF Read:0x00000000 at 0xa0028294
[  303.644561] PUF Read:0x00000000 at 0xa0028298
[  303.644683] PUF Read:0x00000000 at 0xa002829c
[  303.644714] PUF Read:0x00000000 at 0xa00282a0
[  303.644714] PUF Read:0x00000000 at 0xa00282a4
[  303.644714] PUF Read:0x00400000 at 0xa00282a8
[  303.644775] PUF Read:0x00000000 at 0xa00282ac
[  303.644775] PUF Read:0x00000000 at 0xa00282b0
[  303.644836] PUF Read:0x00000000 at 0xa00282b4
[  303.644866] PUF Read:0x00000000 at 0xa00282b8
[  303.644866] PUF Read:0x00000000 at 0xa00282bc
[  303.644866] PUF Read:0x00000000 at 0xa00282c0
[  303.644927] PUF Read:0x00000000 at 0xa00282c4
[  303.644927] PUF Read:0x00000000 at 0xa00282c8
[  303.644989] PUF Read:0x00000000 at 0xa00282cc
[  303.644989] PUF Read:0x00000000 at 0xa00282d0
[  303.644989] PUF Read:0x00000000 at 0xa00282d4
[  303.644989] PUF Read:0x00000000 at 0xa00282d8
[  303.644989] PUF Read:0x00000000 at 0xa00282dc
[  303.645111] PUF Read:0x00000000 at 0xa00282e0
[  303.645141] PUF Read:0x00000000 at 0xa00282e4
[  303.645141] PUF Read:0x00000000 at 0xa00282e8
[  303.645141] PUF Read:0x00000000 at 0xa00282ec
[  303.645202] PUF Read:0x00000000 at 0xa00282f0
[  303.645202] PUF Read:0x00000000 at 0xa00282f4
[  303.645263] PUF Read:0x00000000 at 0xa00282f8
[  303.645294] PUF Read:0x00000000 at 0xa00282fc
[  303.645294] PUF Read:0x00004000 at 0xa0028300
[  303.645294] PUF Read:0x00000000 at 0xa0028304
[  303.645355] PUF Read:0x00000000 at 0xa0028308
[  303.645355] PUF Read:0x00000000 at 0xa002830c
[  303.645416] PUF Read:0x00000000 at 0xa0028310
[  303.645446] PUF Read:0x00000000 at 0xa0028314
[  303.645446] PUF Read:0x00000000 at 0xa0028318
[  303.645446] PUF Read:0x00000000 at 0xa002831c
[  303.645446] PUF Read:0x04000000 at 0xa0028320
[  303.645446] PUF Read:0x00000000 at 0xa0028324
[  303.645446] PUF Read:0x00000000 at 0xa0028328
[  303.645446] PUF Read:0x00000000 at 0xa002832c
[  303.645660] PUF Read:0x00000000 at 0xa0028330
[  303.645690] PUF Read:0x00000000 at 0xa0028334
[  303.645690] PUF Read:0x00000000 at 0xa0028338
[  303.645690] PUF Read:0x00000000 at 0xa002833c
[  303.645751] PUF Read:0x00000000 at 0xa0028340
[  303.645751] PUF Read:0x00000000 at 0xa0028344
[  303.645812] PUF Read:0x00000000 at 0xa0028348
[  303.645843] PUF Read:0x00000000 at 0xa002834c
[  303.645843] PUF Read:0x00000000 at 0xa0028350
[  303.645904] PUF Read:0x00000000 at 0xa0028354
[  303.645904] PUF Read:0x00000000 at 0xa0028358
[  303.645904] PUF Read:0x00000000 at 0xa002835c
[  303.645904] PUF Read:0x00000000 at 0xa0028360
[  303.645996] PUF Read:0x00000000 at 0xa0028364
[  303.645996] PUF Read:0x00000000 at 0xa0028368
[  303.645996] PUF Read:0x00000000 at 0xa002836c
[  303.645996] PUF Read:0x00000000 at 0xa0028370
[  303.645996] PUF Read:0x00000000 at 0xa0028374
[  303.645996] PUF Read:0x00000000 at 0xa0028378
[  303.646148] PUF Read:0x00000000 at 0xa002837c
[  303.646148] PUF Read:0x00000000 at 0xa0028380
[  303.646148] PUF Read:0x00000000 at 0xa0028384
[  303.646148] PUF Read:0x00000000 at 0xa0028388
[  303.646240] PUF Read:0x00000000 at 0xa002838c
[  303.646240] PUF Read:0x00000000 at 0xa0028390
[  303.646240] PUF Read:0x00000000 at 0xa0028394
[  303.646240] PUF Read:0x00000000 at 0xa0028398
[  303.646362] PUF Read:0x00000000 at 0xa002839c
[  303.646392] PUF Read:0x10000100 at 0xa00283a0
[  303.646392] PUF Read:0x00000000 at 0xa00283a4
[  303.646453] PUF Read:0x00000000 at 0xa00283a8
[  303.646453] PUF Read:0x00000000 at 0xa00283ac
[  303.646453] PUF Read:0x00000000 at 0xa00283b0
[  303.646514] PUF Read:0x00000000 at 0xa00283b4
[  303.646545] PUF Read:0x00000000 at 0xa00283b8
[  303.646545] PUF Read:0x00400000 at 0xa00283bc
[  303.646545] PUF Read:0x00000000 at 0xa00283c0
[  303.646606] PUF Read:0x00000000 at 0xa00283c4
[  303.646606] PUF Read:0x00100000 at 0xa00283c8
[  303.646667] PUF Read:0x00000000 at 0xa00283cc
[  303.646697] PUF Read:0x00000000 at 0xa00283d0
[  303.646697] PUF Read:0x00000000 at 0xa00283d4
[  303.646697] PUF Read:0x00000000 at 0xa00283d8
[  303.646697] PUF Read:0x00000000 at 0xa00283dc
[  303.646789] PUF Read:0x00000000 at 0xa00283e0
[  303.646789] PUF Read:0x00000000 at 0xa00283e4
[  303.646850] PUF Read:0x00000000 at 0xa00283e8
[  303.646881] PUF Read:0x00000000 at 0xa00283ec
[  303.646881] PUF Read:0x00000000 at 0xa00283f0
[  303.646881] PUF Read:0x00000000 at 0xa00283f4
[  303.646881] PUF Read:0x00000000 at 0xa00283f8
[  303.646881] PUF Read:0x00000001 at 0xa00283fc
[  303.646881] PUF Read:0x04000000 at 0xa0038000
[  303.647033] PUF Read:0x00000000 at 0xa0038004
[  303.647064] PUF Read:0x00000000 at 0xa0038008
[  303.647064] PUF Read:0x00000000 at 0xa003800c
[  303.647064] PUF Read:0x00000000 at 0xa0038010
[  303.647064] PUF Read:0x00000000 at 0xa0038014
[  303.647155] PUF Read:0x00000000 at 0xa0038018
[  303.647155] PUF Read:0x00000000 at 0xa003801c
[  303.647247] PUF Read:0x00000000 at 0xa0038020
[  303.647247] PUF Read:0x00000000 at 0xa0038024
[  303.647247] PUF Read:0x00000000 at 0xa0038028
[  303.647247] PUF Read:0x00000000 at 0xa003802c
[  303.647247] PUF Read:0x00000000 at 0xa0038030
[  303.647430] PUF Read:0x00000000 at 0xa0038034
[  303.647430] PUF Read:0x00000000 at 0xa0038038
[  303.647430] PUF Read:0x00000000 at 0xa003803c
[  303.647430] PUF Read:0x00000000 at 0xa0038040
[  303.647430] PUF Read:0x00000000 at 0xa0038044
[  303.647430] PUF Read:0x00000000 at 0xa0038048
[  303.647430] PUF Read:0x00000000 at 0xa003804c
[  303.647674] PUF Read:0x00000000 at 0xa0038050
[  303.647674] PUF Read:0x00000000 at 0xa0038054
[  303.647674] PUF Read:0x00000000 at 0xa0038058
[  303.647674] PUF Read:0x00000000 at 0xa003805c
[  303.647674] PUF Read:0x00000000 at 0xa0038060
[  303.647857] PUF Read:0x00000000 at 0xa0038064
[  303.647857] PUF Read:0x00000000 at 0xa0038068
[  303.647857] PUF Read:0x00000000 at 0xa003806c
[  303.647857] PUF Read:0x00000000 at 0xa0038070
[  303.648010] PUF Read:0x00000000 at 0xa0038074
[  303.648010] PUF Read:0x00000000 at 0xa0038078
[  303.648010] PUF Read:0x00000000 at 0xa003807c
[  303.648010] PUF Read:0x00000000 at 0xa0038080
[  303.648132] PUF Read:0x00000000 at 0xa0038084
[  303.648132] PUF Read:0x00000000 at 0xa0038088
[  303.648132] PUF Read:0x00000000 at 0xa003808c
[  303.648132] PUF Read:0x00000000 at 0xa0038090
[  303.648284] PUF Read:0x00000000 at 0xa0038094
[  303.648284] PUF Read:0x00000000 at 0xa0038098
[  303.648284] PUF Read:0x00000000 at 0xa003809c
[  303.648376] PUF Read:0x00000000 at 0xa00380a0
[  303.648376] PUF Read:0x00000000 at 0xa00380a4
[  303.648437] PUF Read:0x00000000 at 0xa00380a8
[  303.648468] PUF Read:0x00000000 at 0xa00380ac
[  303.648468] PUF Read:0x00000000 at 0xa00380b0
[  303.648529] PUF Read:0x00000000 at 0xa00380b4
[  303.648529] PUF Read:0x00000000 at 0xa00380b8
[  303.648590] PUF Read:0x00000001 at 0xa00380bc
[  303.648590] PUF Read:0x00000000 at 0xa00380c0
[  303.648590] PUF Read:0x00000000 at 0xa00380c4
[  303.648590] PUF Read:0x00000000 at 0xa00380c8
[  303.648712] PUF Read:0x00000000 at 0xa00380cc
[  303.648712] PUF Read:0x00000000 at 0xa00380d0
[  303.648712] PUF Read:0x00000000 at 0xa00380d4
[  303.648864] PUF Read:0x00000000 at 0xa00380d8
[  303.648864] PUF Read:0x00000000 at 0xa00380dc
[  303.648864] PUF Read:0x00000000 at 0xa00380e0
[  303.648986] PUF Read:0x00000000 at 0xa00380e4
[  303.648986] PUF Read:0x00000000 at 0xa00380e8
[  303.648986] PUF Read:0x00000000 at 0xa00380ec
[  303.648986] PUF Read:0x00100000 at 0xa00380f0
[  303.648986] PUF Read:0x01000000 at 0xa00380f4
[  303.648986] PUF Read:0x00000000 at 0xa00380f8
[  303.648986] PUF Read:0x00000000 at 0xa00380fc
[  303.648986] PUF Read:0x00000000 at 0xa0038100
[  303.649230] PUF Read:0x00000000 at 0xa0038104
[  303.649261] PUF Read:0x00000000 at 0xa0038108
[  303.649291] PUF Read:0x00000000 at 0xa003810c
[  303.649291] PUF Read:0x00000000 at 0xa0038110
[  303.649291] PUF Read:0x00000000 at 0xa0038114
[  303.649353] PUF Read:0x00000000 at 0xa0038118
[  303.649353] PUF Read:0x00000000 at 0xa003811c
[  303.649414] PUF Read:0x00000000 at 0xa0038120
[  303.649444] PUF Read:0x00000000 at 0xa0038124
[  303.649475] PUF Read:0x00000000 at 0xa0038128
[  303.649475] PUF Read:0x00000000 at 0xa003812c
[  303.649475] PUF Read:0x00000000 at 0xa0038130
[  303.649536] PUF Read:0x00000000 at 0xa0038134
[  303.649536] PUF Read:0x00000000 at 0xa0038138
[  303.649597] PUF Read:0x00000000 at 0xa003813c
[  303.649627] PUF Read:0x00000000 at 0xa0038140
[  303.649627] PUF Read:0x00000000 at 0xa0038144
[  303.649627] PUF Read:0x00000000 at 0xa0038148
[  303.649688] PUF Read:0x00000000 at 0xa003814c
[  303.649688] PUF Read:0x00000000 at 0xa0038150
[  303.649749] PUF Read:0x00000000 at 0xa0038154
[  303.649780] PUF Read:0x00000000 at 0xa0038158
[  303.649780] PUF Read:0x00000000 at 0xa003815c
[  303.649780] PUF Read:0x00000100 at 0xa0038160
[  303.649841] PUF Read:0x00000000 at 0xa0038164
[  303.649841] PUF Read:0x00000000 at 0xa0038168
[  303.649841] PUF Read:0x00000000 at 0xa003816c
[  303.649841] PUF Read:0x00000000 at 0xa0038170
[  303.649841] PUF Read:0x00000000 at 0xa0038174
[  303.649841] PUF Read:0x00000000 at 0xa0038178
[  303.650024] PUF Read:0x00000000 at 0xa003817c
[  303.650024] PUF Read:0x00000000 at 0xa0038180
[  303.650024] PUF Read:0x00000000 at 0xa0038184
[  303.650024] PUF Read:0x00010000 at 0xa0038188
[  303.650177] PUF Read:0x00000000 at 0xa003818c
[  303.650177] PUF Read:0x00000000 at 0xa0038190
[  303.650177] PUF Read:0x00000000 at 0xa0038194
[  303.650177] PUF Read:0x00000000 at 0xa0038198
[  303.650177] PUF Read:0x00000000 at 0xa003819c
[  303.650360] PUF Read:0x00000000 at 0xa00381a0
[  303.650360] PUF Read:0x00010000 at 0xa00381a4
[  303.650360] PUF Read:0x00000000 at 0xa00381a8
[  303.650360] PUF Read:0x00000000 at 0xa00381ac
[  303.650482] PUF Read:0x00000000 at 0xa00381b0
[  303.650482] PUF Read:0x00000000 at 0xa00381b4
[  303.650482] PUF Read:0x00000000 at 0xa00381b8
[  303.650482] PUF Read:0x04000000 at 0xa00381bc
[  303.650482] PUF Read:0x00000000 at 0xa00381c0
[  303.650482] PUF Read:0x00000000 at 0xa00381c4
[  303.650482] PUF Read:0x00000000 at 0xa00381c8
[  303.650482] PUF Read:0x00000000 at 0xa00381cc
[  303.650482] PUF Read:0x00000000 at 0xa00381d0
[  303.650482] PUF Read:0x00000000 at 0xa00381d4
[  303.650482] PUF Read:0x00000000 at 0xa00381d8
[  303.650482] PUF Read:0x00000000 at 0xa00381dc
[  303.650482] PUF Read:0x00000000 at 0xa00381e0
[  303.650482] PUF Read:0x00000000 at 0xa00381e4
[  303.650482] PUF Read:0x00000000 at 0xa00381e8
[  303.650939] PUF Read:0x00000000 at 0xa00381ec
[  303.650939] PUF Read:0x00000100 at 0xa00381f0
[  303.650939] PUF Read:0x00000000 at 0xa00381f4
[  303.650939] PUF Read:0x00000000 at 0xa00381f8
[  303.650939] PUF Read:0x00000000 at 0xa00381fc
[  303.650939] PUF Read:0x00000000 at 0xa0038200
[  303.650939] PUF Read:0x00000000 at 0xa0038204
[  303.650939] PUF Read:0x00000010 at 0xa0038208
[  303.650939] PUF Read:0x00000000 at 0xa003820c
[  303.650939] PUF Read:0x00000000 at 0xa0038210
[  303.650939] PUF Read:0x00000000 at 0xa0038214
[  303.651275] PUF Read:0x00000000 at 0xa0038218
[  303.651306] PUF Read:0x00000000 at 0xa003821c
[  303.651367] PUF Read:0x00000000 at 0xa0038220
[  303.651397] PUF Read:0x00000000 at 0xa0038224
[  303.651428] PUF Read:0x00000000 at 0xa0038228
[  303.651428] PUF Read:0x00000000 at 0xa003822c
[  303.651489] PUF Read:0x00000000 at 0xa0038230
[  303.651519] PUF Read:0x00000000 at 0xa0038234
[  303.651519] PUF Read:0x00000000 at 0xa0038238
[  303.651519] PUF Read:0x00000000 at 0xa003823c
[  303.651519] PUF Read:0x00000000 at 0xa0038240
[  303.651672] PUF Read:0x00000000 at 0xa0038244
[  303.651672] PUF Read:0x00000000 at 0xa0038248
[  303.651672] PUF Read:0x00000000 at 0xa003824c
[  303.651794] PUF Read:0x00000000 at 0xa0038250
[  303.651794] PUF Read:0x00000000 at 0xa0038254
[  303.651794] PUF Read:0x00000000 at 0xa0038258
[  303.651794] PUF Read:0x00000000 at 0xa003825c
[  303.651916] PUF Read:0x00000000 at 0xa0038260
[  303.651947] PUF Read:0x00000000 at 0xa0038264
[  303.651947] PUF Read:0x00000000 at 0xa0038268
[  303.651947] PUF Read:0x00000000 at 0xa003826c
[  303.651947] PUF Read:0x00000000 at 0xa0038270
[  303.651947] PUF Read:0x00000000 at 0xa0038274
[  303.651947] PUF Read:0x00000000 at 0xa0038278
[  303.652099] PUF Read:0x00000000 at 0xa003827c
[  303.652099] PUF Read:0x00000000 at 0xa0038280
[  303.652099] PUF Read:0x00400000 at 0xa0038284
[  303.652099] PUF Read:0x00000004 at 0xa0038288
[  303.652099] PUF Read:0x00000000 at 0xa003828c
[  303.652282] PUF Read:0x00000000 at 0xa0038290
[  303.652282] PUF Read:0x00000000 at 0xa0038294
[  303.652282] PUF Read:0x00000040 at 0xa0038298
[  303.652282] PUF Read:0x00000000 at 0xa003829c
[  303.652435] PUF Read:0x00000400 at 0xa00382a0
[  303.652435] PUF Read:0x00404000 at 0xa00382a4
[  303.652465] PUF Read:0x00000000 at 0xa00382a8
[  303.652465] PUF Read:0x00000000 at 0xa00382ac
[  303.652465] PUF Read:0x00000000 at 0xa00382b0
[  303.652557] PUF Read:0x00004000 at 0xa00382b4
[  303.652557] PUF Read:0x00000000 at 0xa00382b8
[  303.652648] PUF Read:0x00000000 at 0xa00382bc
[  303.652648] PUF Read:0x00000000 at 0xa00382c0
[  303.652648] PUF Read:0x00000000 at 0xa00382c4
[  303.652648] PUF Read:0x00000000 at 0xa00382c8
[  303.652648] PUF Read:0x00000000 at 0xa00382cc
[  303.652648] PUF Read:0x00000000 at 0xa00382d0
