[ 1205.433471] [i] Total hammer attempts per row: 1862820
[ 1205.433471] EMIF 2 REG Write 0x00000618 at 0x4d000010
[ 1205.433502] EMIF 2 REG Read 0x00000618 at 0x4d000010
[ 1205.433502] EMIF 2 REG Write 0x00000618 at 0x4d000014
[ 1205.433532] EMIF 2 REG Read 0x00000618 at 0x4d000014
[ 1205.433532] EMIF 2 REG Write 0x58016893 at 0x4d0000cc
[ 1205.433563] EMIF 2 REG Read 0x58016893 at 0x4d0000cc
[ 1205.433563] Temp polling alert enabled
[ 1205.433563] Refresh enabled at EMIF2
[ 1205.433593] [i] Starting PUF read-out
[ 1205.433593] [i] Single-Sided Rowhammer (SSRH)
[ 1205.433624] PUF Read:0x00000000 at 0xa0008000
[ 1205.433624] PUF Read:0x00000000 at 0xa0008004
[ 1205.433624] PUF Read:0x00000000 at 0xa0008008
[ 1205.433685] PUF Read:0x00000000 at 0xa000800c
[ 1205.433685] PUF Read:0x00000000 at 0xa0008010
[ 1205.433685] PUF Read:0x00000100 at 0xa0008014
[ 1205.433776] PUF Read:0x00000000 at 0xa0008018
[ 1205.433776] PUF Read:0x00000000 at 0xa000801c
[ 1205.433776] PUF Read:0x00000000 at 0xa0008020
[ 1205.433776] PUF Read:0x00000000 at 0xa0008024
[ 1205.433776] PUF Read:0x00000000 at 0xa0008028
[ 1205.433776] PUF Read:0x00000000 at 0xa000802c
[ 1205.433929] PUF Read:0x00000000 at 0xa0008030
[ 1205.433959] PUF Read:0x00000000 at 0xa0008034
[ 1205.433959] PUF Read:0x00000000 at 0xa0008038
[ 1205.433959] PUF Read:0x00000000 at 0xa000803c
[ 1205.434020] PUF Read:0x00000000 at 0xa0008040
[ 1205.434020] PUF Read:0x00000000 at 0xa0008044
[ 1205.434082] PUF Read:0x00000000 at 0xa0008048
[ 1205.434082] PUF Read:0x00000000 at 0xa000804c
[ 1205.434082] PUF Read:0x00000000 at 0xa0008050
[ 1205.434082] PUF Read:0x00000000 at 0xa0008054
[ 1205.434082] PUF Read:0x00000000 at 0xa0008058
[ 1205.434082] PUF Read:0x00000000 at 0xa000805c
[ 1205.434234] PUF Read:0x00000000 at 0xa0008060
[ 1205.434234] PUF Read:0x00000000 at 0xa0008064
[ 1205.434234] PUF Read:0x00000000 at 0xa0008068
[ 1205.434234] PUF Read:0x00000000 at 0xa000806c
[ 1205.434234] PUF Read:0x00000000 at 0xa0008070
[ 1205.434234] PUF Read:0x00000000 at 0xa0008074
[ 1205.434387] PUF Read:0x00000000 at 0xa0008078
[ 1205.434387] PUF Read:0x00000000 at 0xa000807c
[ 1205.434448] PUF Read:0x00000000 at 0xa0008080
[ 1205.434448] PUF Read:0x00000000 at 0xa0008084
[ 1205.434448] PUF Read:0x00000000 at 0xa0008088
[ 1205.434509] PUF Read:0x00000000 at 0xa000808c
[ 1205.434539] PUF Read:0x00000000 at 0xa0008090
[ 1205.434539] PUF Read:0x00000000 at 0xa0008094
[ 1205.434539] PUF Read:0x00000000 at 0xa0008098
[ 1205.434600] PUF Read:0x00000000 at 0xa000809c
[ 1205.434600] PUF Read:0x00000000 at 0xa00080a0
[ 1205.434661] PUF Read:0x00000000 at 0xa00080a4
[ 1205.434692] PUF Read:0x00000000 at 0xa00080a8
[ 1205.434692] PUF Read:0x00000000 at 0xa00080ac
[ 1205.434692] PUF Read:0x00000000 at 0xa00080b0
[ 1205.434753] PUF Read:0x00000000 at 0xa00080b4
[ 1205.434753] PUF Read:0x00000000 at 0xa00080b8
[ 1205.434814] PUF Read:0x00000000 at 0xa00080bc
[ 1205.434844] PUF Read:0x00000000 at 0xa00080c0
[ 1205.434844] PUF Read:0x00000000 at 0xa00080c4
[ 1205.434844] PUF Read:0x00000000 at 0xa00080c8
[ 1205.434906] PUF Read:0x00000000 at 0xa00080cc
[ 1205.434906] PUF Read:0x00000000 at 0xa00080d0
[ 1205.434967] PUF Read:0x00000000 at 0xa00080d4
[ 1205.434997] PUF Read:0x00000000 at 0xa00080d8
[ 1205.434997] PUF Read:0x00000000 at 0xa00080dc
[ 1205.434997] PUF Read:0x00000000 at 0xa00080e0
[ 1205.435058] PUF Read:0x00000000 at 0xa00080e4
[ 1205.435058] PUF Read:0x00000000 at 0xa00080e8
[ 1205.435119] PUF Read:0x00000001 at 0xa00080ec
[ 1205.435119] PUF Read:0x00000000 at 0xa00080f0
[ 1205.435119] PUF Read:0x00000000 at 0xa00080f4
[ 1205.435119] PUF Read:0x00000000 at 0xa00080f8
[ 1205.435119] PUF Read:0x00000000 at 0xa00080fc
[ 1205.435119] PUF Read:0x00000000 at 0xa0008100
[ 1205.435272] PUF Read:0x00000000 at 0xa0008104
[ 1205.435272] PUF Read:0x00000000 at 0xa0008108
[ 1205.435272] PUF Read:0x00000000 at 0xa000810c
[ 1205.435272] PUF Read:0x00000000 at 0xa0008110
[ 1205.435272] PUF Read:0x00000000 at 0xa0008114
[ 1205.435394] PUF Read:0x00000000 at 0xa0008118
[ 1205.435424] PUF Read:0x00000000 at 0xa000811c
[ 1205.435424] PUF Read:0x00000000 at 0xa0008120
[ 1205.435424] PUF Read:0x00000000 at 0xa0008124
[ 1205.435485] PUF Read:0x00000000 at 0xa0008128
[ 1205.435485] PUF Read:0x00000000 at 0xa000812c
[ 1205.435546] PUF Read:0x00000000 at 0xa0008130
[ 1205.435577] PUF Read:0x00000000 at 0xa0008134
[ 1205.435577] PUF Read:0x00000000 at 0xa0008138
[ 1205.435577] PUF Read:0x00000000 at 0xa000813c
[ 1205.435638] PUF Read:0x00000000 at 0xa0008140
[ 1205.435638] PUF Read:0x00000000 at 0xa0008144
[ 1205.435699] PUF Read:0x00100400 at 0xa0008148
[ 1205.435729] PUF Read:0x00000000 at 0xa000814c
[ 1205.435729] PUF Read:0x00000000 at 0xa0008150
[ 1205.435729] PUF Read:0x00000000 at 0xa0008154
[ 1205.435791] PUF Read:0x00000000 at 0xa0008158
[ 1205.435791] PUF Read:0x00000000 at 0xa000815c
[ 1205.435852] PUF Read:0x00000000 at 0xa0008160
[ 1205.435882] PUF Read:0x00000000 at 0xa0008164
[ 1205.435882] PUF Read:0x00000000 at 0xa0008168
[ 1205.435943] PUF Read:0x00000000 at 0xa000816c
[ 1205.435943] PUF Read:0x00000000 at 0xa0008170
[ 1205.435943] PUF Read:0x00000000 at 0xa0008174
[ 1205.436004] PUF Read:0x00000000 at 0xa0008178
[ 1205.436035] PUF Read:0x00000000 at 0xa000817c
[ 1205.436035] PUF Read:0x00000000 at 0xa0008180
[ 1205.436096] PUF Read:0x00000000 at 0xa0008184
[ 1205.436096] PUF Read:0x00000000 at 0xa0008188
[ 1205.436096] PUF Read:0x00000000 at 0xa000818c
[ 1205.436157] PUF Read:0x00000000 at 0xa0008190
[ 1205.436187] PUF Read:0x00000000 at 0xa0008194
[ 1205.436187] PUF Read:0x00000000 at 0xa0008198
[ 1205.436187] PUF Read:0x00000000 at 0xa000819c
[ 1205.436248] PUF Read:0x00000000 at 0xa00081a0
[ 1205.436248] PUF Read:0x00000000 at 0xa00081a4
[ 1205.436309] PUF Read:0x00000000 at 0xa00081a8
[ 1205.436340] PUF Read:0x00000000 at 0xa00081ac
[ 1205.436340] PUF Read:0x00400000 at 0xa00081b0
[ 1205.436340] PUF Read:0x00000000 at 0xa00081b4
[ 1205.436401] PUF Read:0x00000000 at 0xa00081b8
[ 1205.436401] PUF Read:0x00000000 at 0xa00081bc
[ 1205.436462] PUF Read:0x00000000 at 0xa00081c0
[ 1205.436492] PUF Read:0x00000004 at 0xa00081c4
[ 1205.436492] PUF Read:0x00000000 at 0xa00081c8
[ 1205.436492] PUF Read:0x00000000 at 0xa00081cc
[ 1205.436553] PUF Read:0x00000000 at 0xa00081d0
[ 1205.436553] PUF Read:0x00000000 at 0xa00081d4
[ 1205.436614] PUF Read:0x00000000 at 0xa00081d8
[ 1205.436645] PUF Read:0x00000000 at 0xa00081dc
[ 1205.436645] PUF Read:0x00000000 at 0xa00081e0
[ 1205.436645] PUF Read:0x00000000 at 0xa00081e4
[ 1205.436706] PUF Read:0x00000000 at 0xa00081e8
[ 1205.436706] PUF Read:0x00000000 at 0xa00081ec
[ 1205.436767] PUF Read:0x00000000 at 0xa00081f0
[ 1205.436767] PUF Read:0x00000000 at 0xa00081f4
[ 1205.436767] PUF Read:0x00000000 at 0xa00081f8
[ 1205.436767] PUF Read:0x00000000 at 0xa00081fc
[ 1205.436767] PUF Read:0x00000000 at 0xa0008200
[ 1205.436767] PUF Read:0x00000000 at 0xa0008204
[ 1205.436920] PUF Read:0x00000000 at 0xa0008208
[ 1205.436920] PUF Read:0x00000000 at 0xa000820c
[ 1205.436920] PUF Read:0x00000000 at 0xa0008210
[ 1205.436920] PUF Read:0x00000000 at 0xa0008214
[ 1205.436920] PUF Read:0x00000000 at 0xa0008218
[ 1205.437042] PUF Read:0x00000000 at 0xa000821c
[ 1205.437072] PUF Read:0x00000000 at 0xa0008220
[ 1205.437072] PUF Read:0x00000000 at 0xa0008224
[ 1205.437072] PUF Read:0x00000000 at 0xa0008228
[ 1205.437133] PUF Read:0x00000000 at 0xa000822c
[ 1205.437133] PUF Read:0x00000000 at 0xa0008230
[ 1205.437194] PUF Read:0x00000000 at 0xa0008234
[ 1205.437225] PUF Read:0x00000000 at 0xa0008238
[ 1205.437225] PUF Read:0x00000000 at 0xa000823c
[ 1205.437225] PUF Read:0x00000000 at 0xa0008240
[ 1205.437286] PUF Read:0x00000000 at 0xa0008244
[ 1205.437286] PUF Read:0x00000000 at 0xa0008248
[ 1205.437347] PUF Read:0x00000000 at 0xa000824c
[ 1205.437377] PUF Read:0x00000000 at 0xa0008250
[ 1205.437377] PUF Read:0x00000000 at 0xa0008254
[ 1205.437377] PUF Read:0x00000000 at 0xa0008258
[ 1205.437438] PUF Read:0x00000000 at 0xa000825c
[ 1205.437438] PUF Read:0x00000000 at 0xa0008260
[ 1205.437499] PUF Read:0x00000000 at 0xa0008264
[ 1205.437530] PUF Read:0x00000000 at 0xa0008268
[ 1205.437530] PUF Read:0x00000000 at 0xa000826c
[ 1205.437530] PUF Read:0x00000000 at 0xa0008270
[ 1205.437591] PUF Read:0x00000000 at 0xa0008274
[ 1205.437591] PUF Read:0x00000000 at 0xa0008278
[ 1205.437652] PUF Read:0x00000000 at 0xa000827c
[ 1205.437683] PUF Read:0x00000000 at 0xa0008280
[ 1205.437683] PUF Read:0x00000000 at 0xa0008284
[ 1205.437683] PUF Read:0x00000000 at 0xa0008288
[ 1205.437744] PUF Read:0x00000000 at 0xa000828c
[ 1205.437744] PUF Read:0x00000000 at 0xa0008290
[ 1205.437805] PUF Read:0x00000000 at 0xa0008294
[ 1205.437835] PUF Read:0x00000000 at 0xa0008298
[ 1205.437835] PUF Read:0x00000000 at 0xa000829c
[ 1205.437835] PUF Read:0x00000000 at 0xa00082a0
[ 1205.437835] PUF Read:0x00000000 at 0xa00082a4
[ 1205.437835] PUF Read:0x00000000 at 0xa00082a8
[ 1205.437957] PUF Read:0x00000000 at 0xa00082ac
[ 1205.437957] PUF Read:0x00000000 at 0xa00082b0
[ 1205.437957] PUF Read:0x00000000 at 0xa00082b4
[ 1205.437957] PUF Read:0x00000040 at 0xa00082b8
[ 1205.437957] PUF Read:0x00000000 at 0xa00082bc
[ 1205.437957] PUF Read:0x00000000 at 0xa00082c0
[ 1205.438110] PUF Read:0x00000000 at 0xa00082c4
[ 1205.438110] PUF Read:0x00000000 at 0xa00082c8
[ 1205.438110] PUF Read:0x00000000 at 0xa00082cc
[ 1205.438110] PUF Read:0x00000000 at 0xa00082d0
[ 1205.438110] PUF Read:0x00000000 at 0xa00082d4
[ 1205.438110] PUF Read:0x00000000 at 0xa00082d8
[ 1205.438262] PUF Read:0x00000000 at 0xa00082dc
[ 1205.438262] PUF Read:0x00000000 at 0xa00082e0
[ 1205.438262] PUF Read:0x00000000 at 0xa00082e4
[ 1205.438262] PUF Read:0x00000000 at 0xa00082e8
[ 1205.438262] PUF Read:0x00000000 at 0xa00082ec
[ 1205.438385] PUF Read:0x00000000 at 0xa00082f0
[ 1205.438415] PUF Read:0x00000000 at 0xa00082f4
[ 1205.438415] PUF Read:0x00000000 at 0xa00082f8
[ 1205.438476] PUF Read:0x00000000 at 0xa00082fc
[ 1205.438476] PUF Read:0x00000000 at 0xa0008300
[ 1205.438476] PUF Read:0x00000000 at 0xa0008304
[ 1205.438537] PUF Read:0x00000000 at 0xa0008308
[ 1205.438568] PUF Read:0x00000000 at 0xa000830c
[ 1205.438568] PUF Read:0x00000000 at 0xa0008310
[ 1205.438568] PUF Read:0x00000000 at 0xa0008314
[ 1205.438629] PUF Read:0x00000000 at 0xa0008318
[ 1205.438629] PUF Read:0x10000000 at 0xa000831c
[ 1205.438690] PUF Read:0x00000000 at 0xa0008320
[ 1205.438720] PUF Read:0x00000000 at 0xa0008324
[ 1205.438720] PUF Read:0x00000000 at 0xa0008328
[ 1205.438720] PUF Read:0x00000000 at 0xa000832c
[ 1205.438781] PUF Read:0x00000004 at 0xa0008330
[ 1205.438781] PUF Read:0x00000000 at 0xa0008334
[ 1205.438842] PUF Read:0x00000000 at 0xa0008338
[ 1205.438873] PUF Read:0x00000000 at 0xa000833c
[ 1205.438873] PUF Read:0x00000000 at 0xa0008340
[ 1205.438873] PUF Read:0x00000000 at 0xa0008344
[ 1205.438934] PUF Read:0x00000000 at 0xa0008348
[ 1205.438934] PUF Read:0x00000000 at 0xa000834c
[ 1205.438995] PUF Read:0x00000000 at 0xa0008350
[ 1205.439025] PUF Read:0x00000000 at 0xa0008354
[ 1205.439025] PUF Read:0x00000000 at 0xa0008358
[ 1205.439086] PUF Read:0x00000000 at 0xa000835c
[ 1205.439086] PUF Read:0x00000000 at 0xa0008360
[ 1205.439086] PUF Read:0x00000000 at 0xa0008364
[ 1205.439147] PUF Read:0x00000000 at 0xa0008368
[ 1205.439178] PUF Read:0x00000000 at 0xa000836c
[ 1205.439178] PUF Read:0x00000000 at 0xa0008370
[ 1205.439178] PUF Read:0x00000000 at 0xa0008374
[ 1205.439239] PUF Read:0x00000000 at 0xa0008378
[ 1205.439239] PUF Read:0x00000000 at 0xa000837c
[ 1205.439300] PUF Read:0x00000000 at 0xa0008380
[ 1205.439331] PUF Read:0x00000000 at 0xa0008384
[ 1205.439331] PUF Read:0x00000000 at 0xa0008388
[ 1205.439331] PUF Read:0x00000000 at 0xa000838c
[ 1205.439392] PUF Read:0x00000000 at 0xa0008390
[ 1205.439392] PUF Read:0x00000000 at 0xa0008394
[ 1205.439453] PUF Read:0x00000000 at 0xa0008398
[ 1205.439483] PUF Read:0x00000000 at 0xa000839c
[ 1205.439483] PUF Read:0x00000000 at 0xa00083a0
[ 1205.439483] PUF Read:0x00000000 at 0xa00083a4
[ 1205.439544] PUF Read:0x00000000 at 0xa00083a8
[ 1205.439544] PUF Read:0x00000000 at 0xa00083ac
[ 1205.439605] PUF Read:0x00000000 at 0xa00083b0
[ 1205.439605] PUF Read:0x00000000 at 0xa00083b4
[ 1205.439605] PUF Read:0x00000000 at 0xa00083b8
[ 1205.439605] PUF Read:0x00000000 at 0xa00083bc
[ 1205.439605] PUF Read:0x00000000 at 0xa00083c0
[ 1205.439605] PUF Read:0x00000000 at 0xa00083c4
[ 1205.439758] PUF Read:0x00000000 at 0xa00083c8
[ 1205.439758] PUF Read:0x00000000 at 0xa00083cc
[ 1205.439819] PUF Read:0x00000000 at 0xa00083d0
[ 1205.439819] PUF Read:0x00000000 at 0xa00083d4
[ 1205.439819] PUF Read:0x00000000 at 0xa00083d8
[ 1205.439880] PUF Read:0x00000000 at 0xa00083dc
[ 1205.439910] PUF Read:0x00000000 at 0xa00083e0
[ 1205.439910] PUF Read:0x00000000 at 0xa00083e4
[ 1205.439910] PUF Read:0x00000000 at 0xa00083e8
[ 1205.440002] PUF Read:0x00000000 at 0xa00083ec
[ 1205.440032] PUF Read:0x00000000 at 0xa00083f0
[ 1205.440032] PUF Read:0x00000000 at 0xa00083f4
[ 1205.440032] PUF Read:0x00000004 at 0xa00083f8
[ 1205.440124] PUF Read:0x00000000 at 0xa00083fc
[ 1205.440155] [i] Finished PUF read-out
[ 1205.440155] <6>[i] Finished PUF query for decaytime: 7680
[ 1205.440155] [i] Start decaytime: 120
[ 1205.440185] EMIF 2 REG Write 0x80000000 at 0x4d000010
[ 1205.440185] EMIF 2 REG Read 0x80000000 at 0x4d000010
[ 1205.440216] EMIF 2 REG Write 0x80000000 at 0x4d000014
[ 1205.440216] EMIF 2 REG Read 0x00000000 at 0x4d000014
[ 1205.440246] EMIF 2 REG Write 0x08016893 at 0x4d0000cc
[ 1205.440246] EMIF 2 REG Read 0x08016893 at 0x4d0000cc
[ 1205.440246] Temp polling alert disabled
[ 1205.440277] Refresh Disabled at EMIF2
[ 1205.440277] [i] Initialiting PUF & hammer rows
[ 1205.440277] [i] Single-Sided Rowhammer (SSRH)
[ 1205.440277] [i] Finished initialiting PUF & hammer rows
[ 1205.446960] [i]	Timer elapsed since its reset 0 sec
[ 1205.446960] [i] Decay: 120 sec
[ 1205.446960] [i]	Relative Decay: 0 msec
