[   63.574493] in init
[   63.575103] in if
[   63.576324] Pandaboard PUF Kernel Module
[   63.576416] [i] Starting the Rowhammer PUF for PandaBoard
[   63.576416] Number of PUF rows: 1 PUF init Value :0 Rowhammer rows init Value:0
[   63.576416] [i] Start measurement: 0
[   63.576446] [i] Start decaytime: 60
[   63.576446] EMIF 2 REG Write 0x80000000 at 0x4d000010
[   63.576477] EMIF 2 REG Read 0x80000000 at 0x4d000010
[   63.576477] EMIF 2 REG Write 0x80000000 at 0x4d000014
[   63.576507] EMIF 2 REG Read 0x00000000 at 0x4d000014
[   63.576507] EMIF 2 REG Write 0x08016893 at 0x4d0000cc
[   63.576538] EMIF 2 REG Read 0x08016893 at 0x4d0000cc
[   63.576538] Temp polling alert disabled
[   63.576538] Refresh Disabled at EMIF2
[   63.576568] [i] Initialiting PUF & hammer rows
[   63.576568] [i] Single-Sided Rowhammer (SSRH)
[   63.582672] [i] Finished initialiting PUF & hammer rows
[   63.582855] [i]	Timer elapsed since its reset 0 sec
[   63.582855] [i] Decay: 60 sec
[   63.582855] [i]	Relative Decay: 0 msec
[  123.572814] [i] Total hammer attempts per row: 1862766
[  123.572845] EMIF 2 REG Write 0x00000618 at 0x4d000010
[  123.572845] EMIF 2 REG Read 0x00000618 at 0x4d000010
[  123.572875] EMIF 2 REG Write 0x00000618 at 0x4d000014
[  123.572875] EMIF 2 REG Read 0x00000618 at 0x4d000014
[  123.572906] EMIF 2 REG Write 0x58016893 at 0x4d0000cc
[  123.572906] EMIF 2 REG Read 0x58016893 at 0x4d0000cc
[  123.572906] Temp polling alert enabled
[  123.572937] Refresh enabled at EMIF2
[  123.572937] [i] Starting PUF read-out
[  123.572937] [i] Single-Sided Rowhammer (SSRH)
[  123.572967] PUF Read:0x00000000 at 0xa0008000
[  123.572998] PUF Read:0x00000000 at 0xa0008004
[  123.573028] PUF Read:0x00000000 at 0xa0008008
[  123.573028] PUF Read:0x00000000 at 0xa000800c
[  123.573028] PUF Read:0x00000000 at 0xa0008010
[  123.573028] PUF Read:0x00000000 at 0xa0008014
[  123.573028] PUF Read:0x00000000 at 0xa0008018
[  123.573028] PUF Read:0x00000000 at 0xa000801c
[  123.573181] PUF Read:0x00000000 at 0xa0008020
[  123.573181] PUF Read:0x00000000 at 0xa0008024
[  123.573181] PUF Read:0x00000000 at 0xa0008028
[  123.573181] PUF Read:0x00000000 at 0xa000802c
[  123.573272] PUF Read:0x00000000 at 0xa0008030
[  123.573272] PUF Read:0x00000000 at 0xa0008034
[  123.573333] PUF Read:0x00000000 at 0xa0008038
[  123.573364] PUF Read:0x00000000 at 0xa000803c
[  123.573364] PUF Read:0x00000000 at 0xa0008040
[  123.573364] PUF Read:0x00000000 at 0xa0008044
[  123.573364] PUF Read:0x00000000 at 0xa0008048
[  123.573364] PUF Read:0x00000000 at 0xa000804c
[  123.573486] PUF Read:0x00000000 at 0xa0008050
[  123.573486] PUF Read:0x00000000 at 0xa0008054
[  123.573486] PUF Read:0x00000000 at 0xa0008058
[  123.573486] PUF Read:0x00000000 at 0xa000805c
[  123.573486] PUF Read:0x00000000 at 0xa0008060
[  123.573486] PUF Read:0x00000000 at 0xa0008064
[  123.573638] PUF Read:0x00000000 at 0xa0008068
[  123.573638] PUF Read:0x00000000 at 0xa000806c
[  123.573638] PUF Read:0x00000000 at 0xa0008070
[  123.573638] PUF Read:0x00000000 at 0xa0008074
[  123.573638] PUF Read:0x00000000 at 0xa0008078
[  123.573760] PUF Read:0x00000000 at 0xa000807c
[  123.573791] PUF Read:0x00000000 at 0xa0008080
[  123.573791] PUF Read:0x00000000 at 0xa0008084
[  123.573791] PUF Read:0x00000000 at 0xa0008088
[  123.573852] PUF Read:0x00000000 at 0xa000808c
[  123.573852] PUF Read:0x00000000 at 0xa0008090
[  123.573852] PUF Read:0x00000000 at 0xa0008094
[  123.573944] PUF Read:0x00000000 at 0xa0008098
[  123.573944] PUF Read:0x00000000 at 0xa000809c
[  123.574005] PUF Read:0x00000000 at 0xa00080a0
[  123.574005] PUF Read:0x00000000 at 0xa00080a4
[  123.574005] PUF Read:0x00000000 at 0xa00080a8
[  123.574066] PUF Read:0x00000000 at 0xa00080ac
[  123.574096] PUF Read:0x00000000 at 0xa00080b0
[  123.574096] PUF Read:0x00000000 at 0xa00080b4
[  123.574096] PUF Read:0x00000000 at 0xa00080b8
[  123.574157] PUF Read:0x00000000 at 0xa00080bc
[  123.574157] PUF Read:0x00000000 at 0xa00080c0
[  123.574218] PUF Read:0x00000000 at 0xa00080c4
[  123.574249] PUF Read:0x00000000 at 0xa00080c8
[  123.574249] PUF Read:0x00000000 at 0xa00080cc
[  123.574249] PUF Read:0x00000000 at 0xa00080d0
[  123.574310] PUF Read:0x00000000 at 0xa00080d4
[  123.574310] PUF Read:0x00000000 at 0xa00080d8
[  123.574371] PUF Read:0x00000000 at 0xa00080dc
[  123.574401] PUF Read:0x00000000 at 0xa00080e0
[  123.574401] PUF Read:0x00000000 at 0xa00080e4
[  123.574401] PUF Read:0x00000000 at 0xa00080e8
[  123.574401] PUF Read:0x00000000 at 0xa00080ec
[  123.574401] PUF Read:0x00000000 at 0xa00080f0
[  123.574523] PUF Read:0x00000000 at 0xa00080f4
[  123.574523] PUF Read:0x00000000 at 0xa00080f8
[  123.574523] PUF Read:0x00000000 at 0xa00080fc
[  123.574584] PUF Read:0x00000000 at 0xa0008100
[  123.574584] PUF Read:0x00000000 at 0xa0008104
[  123.574645] PUF Read:0x00000000 at 0xa0008108
[  123.574676] PUF Read:0x00000000 at 0xa000810c
[  123.574676] PUF Read:0x00000000 at 0xa0008110
[  123.574676] PUF Read:0x00000000 at 0xa0008114
[  123.574737] PUF Read:0x00000000 at 0xa0008118
[  123.574737] PUF Read:0x00000000 at 0xa000811c
[  123.574798] PUF Read:0x00000000 at 0xa0008120
[  123.574829] PUF Read:0x00000000 at 0xa0008124
[  123.574829] PUF Read:0x00000000 at 0xa0008128
[  123.574829] PUF Read:0x00000000 at 0xa000812c
[  123.574890] PUF Read:0x00000000 at 0xa0008130
[  123.574890] PUF Read:0x00000000 at 0xa0008134
[  123.574951] PUF Read:0x00000000 at 0xa0008138
[  123.574981] PUF Read:0x00000000 at 0xa000813c
[  123.574981] PUF Read:0x00000000 at 0xa0008140
[  123.574981] PUF Read:0x00000000 at 0xa0008144
[  123.574981] PUF Read:0x00100400 at 0xa0008148
[  123.574981] PUF Read:0x00000000 at 0xa000814c
[  123.575103] PUF Read:0x00000000 at 0xa0008150
[  123.575103] PUF Read:0x00000000 at 0xa0008154
[  123.575103] PUF Read:0x00000000 at 0xa0008158
[  123.575103] PUF Read:0x00000000 at 0xa000815c
[  123.575103] PUF Read:0x00000000 at 0xa0008160
[  123.575103] PUF Read:0x00000000 at 0xa0008164
[  123.575256] PUF Read:0x00000000 at 0xa0008168
[  123.575256] PUF Read:0x00000000 at 0xa000816c
[  123.575256] PUF Read:0x00000000 at 0xa0008170
[  123.575317] PUF Read:0x00000000 at 0xa0008174
[  123.575317] PUF Read:0x00000000 at 0xa0008178
[  123.575378] PUF Read:0x00000000 at 0xa000817c
[  123.575408] PUF Read:0x00000000 at 0xa0008180
[  123.575408] PUF Read:0x00000000 at 0xa0008184
[  123.575408] PUF Read:0x00000000 at 0xa0008188
[  123.575469] PUF Read:0x00000000 at 0xa000818c
[  123.575469] PUF Read:0x00000000 at 0xa0008190
[  123.575531] PUF Read:0x00000000 at 0xa0008194
[  123.575561] PUF Read:0x00000000 at 0xa0008198
[  123.575561] PUF Read:0x00000000 at 0xa000819c
[  123.575561] PUF Read:0x00000000 at 0xa00081a0
[  123.575622] PUF Read:0x00000000 at 0xa00081a4
[  123.575622] PUF Read:0x00000000 at 0xa00081a8
[  123.575683] PUF Read:0x00000000 at 0xa00081ac
[  123.575714] PUF Read:0x00000000 at 0xa00081b0
[  123.575714] PUF Read:0x00000000 at 0xa00081b4
[  123.575714] PUF Read:0x00000000 at 0xa00081b8
[  123.575714] PUF Read:0x00000000 at 0xa00081bc
[  123.575714] PUF Read:0x00000000 at 0xa00081c0
[  123.575836] PUF Read:0x00000004 at 0xa00081c4
[  123.575836] PUF Read:0x00000000 at 0xa00081c8
[  123.575897] PUF Read:0x00000000 at 0xa00081cc
[  123.575897] PUF Read:0x00000000 at 0xa00081d0
[  123.575897] PUF Read:0x00000000 at 0xa00081d4
[  123.575958] PUF Read:0x00000000 at 0xa00081d8
[  123.575988] PUF Read:0x00000000 at 0xa00081dc
[  123.575988] PUF Read:0x00000000 at 0xa00081e0
[  123.576049] PUF Read:0x00000000 at 0xa00081e4
[  123.576049] PUF Read:0x00000000 at 0xa00081e8
[  123.576049] PUF Read:0x00000000 at 0xa00081ec
[  123.576110] PUF Read:0x00000000 at 0xa00081f0
[  123.576141] PUF Read:0x00000000 at 0xa00081f4
[  123.576141] PUF Read:0x00000000 at 0xa00081f8
[  123.576141] PUF Read:0x00000000 at 0xa00081fc
[  123.576202] PUF Read:0x00000000 at 0xa0008200
[  123.576202] PUF Read:0x00000000 at 0xa0008204
[  123.576263] PUF Read:0x00000000 at 0xa0008208
[  123.576293] PUF Read:0x00000000 at 0xa000820c
[  123.576293] PUF Read:0x00000000 at 0xa0008210
[  123.576293] PUF Read:0x00000000 at 0xa0008214
[  123.576293] PUF Read:0x00000000 at 0xa0008218
[  123.576293] PUF Read:0x00000000 at 0xa000821c
[  123.576416] PUF Read:0x00000000 at 0xa0008220
[  123.576416] PUF Read:0x00000000 at 0xa0008224
[  123.576416] PUF Read:0x00000000 at 0xa0008228
[  123.576416] PUF Read:0x00000000 at 0xa000822c
[  123.576416] PUF Read:0x00000000 at 0xa0008230
[  123.576416] PUF Read:0x00000000 at 0xa0008234
[  123.576568] PUF Read:0x00000000 at 0xa0008238
[  123.576568] PUF Read:0x00000000 at 0xa000823c
[  123.576629] PUF Read:0x00000000 at 0xa0008240
[  123.576629] PUF Read:0x00000000 at 0xa0008244
[  123.576629] PUF Read:0x00000000 at 0xa0008248
[  123.576690] PUF Read:0x00000000 at 0xa000824c
[  123.576721] PUF Read:0x00000000 at 0xa0008250
[  123.576721] PUF Read:0x00000000 at 0xa0008254
[  123.576721] PUF Read:0x00000000 at 0xa0008258
[  123.576782] PUF Read:0x00000000 at 0xa000825c
[  123.576782] PUF Read:0x00000000 at 0xa0008260
[  123.576843] PUF Read:0x00000000 at 0xa0008264
[  123.576873] PUF Read:0x00000000 at 0xa0008268
[  123.576873] PUF Read:0x00000000 at 0xa000826c
[  123.576873] PUF Read:0x00000000 at 0xa0008270
[  123.576873] PUF Read:0x00000000 at 0xa0008274
[  123.576873] PUF Read:0x00000000 at 0xa0008278
[  123.576873] PUF Read:0x00000000 at 0xa000827c
[  123.577026] PUF Read:0x00000000 at 0xa0008280
[  123.577026] PUF Read:0x00000000 at 0xa0008284
[  123.577087] PUF Read:0x00000000 at 0xa0008288
[  123.577087] PUF Read:0x00000000 at 0xa000828c
[  123.577087] PUF Read:0x00000000 at 0xa0008290
[  123.577148] PUF Read:0x00000000 at 0xa0008294
[  123.577178] PUF Read:0x00000000 at 0xa0008298
[  123.577178] PUF Read:0x00000000 at 0xa000829c
[  123.577239] PUF Read:0x00000000 at 0xa00082a0
[  123.577239] PUF Read:0x00000000 at 0xa00082a4
[  123.577239] PUF Read:0x00000000 at 0xa00082a8
[  123.577301] PUF Read:0x00000000 at 0xa00082ac
[  123.577331] PUF Read:0x00000000 at 0xa00082b0
[  123.577331] PUF Read:0x00000000 at 0xa00082b4
[  123.577331] PUF Read:0x00000000 at 0xa00082b8
[  123.577392] PUF Read:0x00000000 at 0xa00082bc
[  123.577392] PUF Read:0x00000000 at 0xa00082c0
[  123.577453] PUF Read:0x00000000 at 0xa00082c4
[  123.577484] PUF Read:0x00000000 at 0xa00082c8
[  123.577484] PUF Read:0x00000000 at 0xa00082cc
[  123.577484] PUF Read:0x00000000 at 0xa00082d0
[  123.577545] PUF Read:0x00000000 at 0xa00082d4
[  123.577545] PUF Read:0x00000000 at 0xa00082d8
[  123.577606] PUF Read:0x00000000 at 0xa00082dc
[  123.577636] PUF Read:0x00000000 at 0xa00082e0
[  123.577636] PUF Read:0x00000000 at 0xa00082e4
[  123.577636] PUF Read:0x00000000 at 0xa00082e8
[  123.577697] PUF Read:0x00000000 at 0xa00082ec
[  123.577697] PUF Read:0x00000000 at 0xa00082f0
[  123.577758] PUF Read:0x00000000 at 0xa00082f4
[  123.577789] PUF Read:0x00000000 at 0xa00082f8
[  123.577789] PUF Read:0x00000000 at 0xa00082fc
[  123.577789] PUF Read:0x00000000 at 0xa0008300
[  123.577850] PUF Read:0x00000000 at 0xa0008304
[  123.577850] PUF Read:0x00000000 at 0xa0008308
[  123.577911] PUF Read:0x00000000 at 0xa000830c
[  123.577941] PUF Read:0x00000000 at 0xa0008310
[  123.577941] PUF Read:0x00000000 at 0xa0008314
[  123.577941] PUF Read:0x00000000 at 0xa0008318
[  123.577941] PUF Read:0x00000000 at 0xa000831c
[  123.577941] PUF Read:0x00000000 at 0xa0008320
[  123.578063] PUF Read:0x00000000 at 0xa0008324
[  123.578063] PUF Read:0x00000000 at 0xa0008328
[  123.578124] PUF Read:0x00000000 at 0xa000832c
[  123.578124] PUF Read:0x00000000 at 0xa0008330
[  123.578124] PUF Read:0x00000000 at 0xa0008334
[  123.578186] PUF Read:0x00000000 at 0xa0008338
[  123.578216] PUF Read:0x00000000 at 0xa000833c
[  123.578216] PUF Read:0x00000000 at 0xa0008340
[  123.578216] PUF Read:0x00000000 at 0xa0008344
[  123.578277] PUF Read:0x00000000 at 0xa0008348
[  123.578277] PUF Read:0x00000000 at 0xa000834c
[  123.578338] PUF Read:0x00000000 at 0xa0008350
[  123.578369] PUF Read:0x00000000 at 0xa0008354
[  123.578369] PUF Read:0x00000000 at 0xa0008358
[  123.578369] PUF Read:0x00000000 at 0xa000835c
[  123.578369] PUF Read:0x00000000 at 0xa0008360
[  123.578460] PUF Read:0x00000000 at 0xa0008364
[  123.578460] PUF Read:0x00000000 at 0xa0008368
[  123.578521] PUF Read:0x00000000 at 0xa000836c
[  123.578521] PUF Read:0x00000000 at 0xa0008370
[  123.578521] PUF Read:0x00000000 at 0xa0008374
[  123.578521] PUF Read:0x00000000 at 0xa0008378
[  123.578521] PUF Read:0x00000000 at 0xa000837c
[  123.578521] PUF Read:0x00000000 at 0xa0008380
[  123.578674] PUF Read:0x00000000 at 0xa0008384
[  123.578674] PUF Read:0x00000000 at 0xa0008388
[  123.578674] PUF Read:0x00000000 at 0xa000838c
[  123.578674] PUF Read:0x00000000 at 0xa0008390
[  123.578674] PUF Read:0x00000000 at 0xa0008394
[  123.578796] PUF Read:0x00000000 at 0xa0008398
[  123.578826] PUF Read:0x00000000 at 0xa000839c
[  123.578826] PUF Read:0x00000000 at 0xa00083a0
[  123.578826] PUF Read:0x00000000 at 0xa00083a4
[  123.578887] PUF Read:0x00000000 at 0xa00083a8
[  123.578887] PUF Read:0x00000000 at 0xa00083ac
[  123.578948] PUF Read:0x00000000 at 0xa00083b0
[  123.578979] PUF Read:0x00000000 at 0xa00083b4
[  123.578979] PUF Read:0x00000000 at 0xa00083b8
[  123.578979] PUF Read:0x00000000 at 0xa00083bc
[  123.578979] PUF Read:0x00000000 at 0xa00083c0
[  123.578979] PUF Read:0x00000000 at 0xa00083c4
[  123.579101] PUF Read:0x00000000 at 0xa00083c8
[  123.579132] PUF Read:0x00000000 at 0xa00083cc
[  123.579132] PUF Read:0x00000000 at 0xa00083d0
[  123.579132] PUF Read:0x00000000 at 0xa00083d4
[  123.579132] PUF Read:0x00000000 at 0xa00083d8
[  123.579132] PUF Read:0x00000000 at 0xa00083dc
[  123.579254] PUF Read:0x00000000 at 0xa00083e0
[  123.579254] PUF Read:0x00000000 at 0xa00083e4
[  123.579315] PUF Read:0x00000000 at 0xa00083e8
[  123.579315] PUF Read:0x00000000 at 0xa00083ec
[  123.579315] PUF Read:0x00000000 at 0xa00083f0
[  123.579376] PUF Read:0x00000000 at 0xa00083f4
[  123.579406] PUF Read:0x00000004 at 0xa00083f8
[  123.579406] PUF Read:0x00000000 at 0xa00083fc
[  123.579406] [i] Finished PUF read-out
[  123.579467] <6>[i] Finished PUF query for decaytime: 7680
[  123.579467] [i] Start decaytime: 120
[  123.579467] EMIF 2 REG Write 0x80000000 at 0x4d000010
[  123.579498] EMIF 2 REG Read 0x80000000 at 0x4d000010
[  123.579498] EMIF 2 REG Write 0x80000000 at 0x4d000014
[  123.579528] EMIF 2 REG Read 0x00000000 at 0x4d000014
[  123.579528] EMIF 2 REG Write 0x08016893 at 0x4d0000cc
[  123.579559] EMIF 2 REG Read 0x08016893 at 0x4d0000cc
[  123.579559] Temp polling alert disabled
[  123.579559] Refresh Disabled at EMIF2
[  123.579589] [i] Initialiting PUF & hammer rows
[  123.579589] [i] Single-Sided Rowhammer (SSRH)
[  123.583679] [i] Finished initialiting PUF & hammer rows
[  123.587524] [i]	Timer elapsed since its reset 0 sec
[  123.587524] [i] Decay: 120 sec
[  123.587524] [i]	Relative Decay: 0 msec
