[  243.580627] [i] Total hammer attempts per row: 3725153
[  243.580657] EMIF 2 REG Write 0x00000618 at 0x4d000010
[  243.580657] EMIF 2 REG Read 0x00000618 at 0x4d000010
[  243.580688] EMIF 2 REG Write 0x00000618 at 0x4d000014
[  243.580688] EMIF 2 REG Read 0x00000618 at 0x4d000014
[  243.580718] EMIF 2 REG Write 0x58016893 at 0x4d0000cc
[  243.580718] EMIF 2 REG Read 0x58016893 at 0x4d0000cc
[  243.580718] Temp polling alert enabled
[  243.580749] Refresh enabled at EMIF2
[  243.580749] [i] Starting PUF read-out
[  243.580749] [i] Single-Sided Rowhammer (SSRH)
[  243.580780] PUF Read:0x00000000 at 0xa0008000
[  243.580810] PUF Read:0x00000000 at 0xa0008004
[  243.580810] PUF Read:0x00000000 at 0xa0008008
[  243.580810] PUF Read:0x00000000 at 0xa000800c
[  243.580810] PUF Read:0x00000000 at 0xa0008010
[  243.580902] PUF Read:0x00000100 at 0xa0008014
[  243.580902] PUF Read:0x00000000 at 0xa0008018
[  243.580963] PUF Read:0x00000000 at 0xa000801c
[  243.580993] PUF Read:0x00000000 at 0xa0008020
[  243.580993] PUF Read:0x40004000 at 0xa0008024
[  243.581054] PUF Read:0x00000000 at 0xa0008028
[  243.581054] PUF Read:0x00000000 at 0xa000802c
[  243.581054] PUF Read:0x00000000 at 0xa0008030
[  243.581115] PUF Read:0x00000000 at 0xa0008034
[  243.581146] PUF Read:0x00000000 at 0xa0008038
[  243.581146] PUF Read:0x00000000 at 0xa000803c
[  243.581146] PUF Read:0x00000001 at 0xa0008040
[  243.581207] PUF Read:0x00004000 at 0xa0008044
[  243.581207] PUF Read:0x00000000 at 0xa0008048
[  243.581207] PUF Read:0x00000000 at 0xa000804c
[  243.581298] PUF Read:0x00000000 at 0xa0008050
[  243.581329] PUF Read:0x00000000 at 0xa0008054
[  243.581329] PUF Read:0x00000000 at 0xa0008058
[  243.581329] PUF Read:0x00000000 at 0xa000805c
[  243.581390] PUF Read:0x00000000 at 0xa0008060
[  243.581390] PUF Read:0x00000000 at 0xa0008064
[  243.581451] PUF Read:0x00000000 at 0xa0008068
[  243.581481] PUF Read:0x00000000 at 0xa000806c
[  243.581481] PUF Read:0x00000000 at 0xa0008070
[  243.581481] PUF Read:0x00000000 at 0xa0008074
[  243.581542] PUF Read:0x00000000 at 0xa0008078
[  243.581542] PUF Read:0x00000000 at 0xa000807c
[  243.581604] PUF Read:0x00010000 at 0xa0008080
[  243.581634] PUF Read:0x00000000 at 0xa0008084
[  243.581634] PUF Read:0x00000000 at 0xa0008088
[  243.581634] PUF Read:0x00000000 at 0xa000808c
[  243.581695] PUF Read:0x00000000 at 0xa0008090
[  243.581695] PUF Read:0x00000000 at 0xa0008094
[  243.581756] PUF Read:0x00010001 at 0xa0008098
[  243.581787] PUF Read:0x00000000 at 0xa000809c
[  243.581787] PUF Read:0x00000000 at 0xa00080a0
[  243.581787] PUF Read:0x00010000 at 0xa00080a4
[  243.581848] PUF Read:0x00000000 at 0xa00080a8
[  243.581848] PUF Read:0x00000040 at 0xa00080ac
[  243.581909] PUF Read:0x00000000 at 0xa00080b0
[  243.581939] PUF Read:0x00000000 at 0xa00080b4
[  243.581939] PUF Read:0x00004000 at 0xa00080b8
[  243.581939] PUF Read:0x00000000 at 0xa00080bc
[  243.581939] PUF Read:0x00000000 at 0xa00080c0
[  243.581939] PUF Read:0x00000000 at 0xa00080c4
[  243.582061] PUF Read:0x00000000 at 0xa00080c8
[  243.582061] PUF Read:0x00000000 at 0xa00080cc
[  243.582061] PUF Read:0x40044000 at 0xa00080d0
[  243.582061] PUF Read:0x00000000 at 0xa00080d4
[  243.582061] PUF Read:0x00001000 at 0xa00080d8
[  243.582061] PUF Read:0x00000000 at 0xa00080dc
[  243.582214] PUF Read:0x01000000 at 0xa00080e0
[  243.582214] PUF Read:0x00000000 at 0xa00080e4
[  243.582214] PUF Read:0x00000000 at 0xa00080e8
[  243.582214] PUF Read:0x00000001 at 0xa00080ec
[  243.582214] PUF Read:0x00000000 at 0xa00080f0
[  243.582214] PUF Read:0x00000000 at 0xa00080f4
[  243.582366] PUF Read:0x00000000 at 0xa00080f8
[  243.582366] PUF Read:0x00000000 at 0xa00080fc
[  243.582427] PUF Read:0x00000000 at 0xa0008100
[  243.582427] PUF Read:0x00000000 at 0xa0008104
[  243.582427] PUF Read:0x00000000 at 0xa0008108
[  243.582489] PUF Read:0x00000000 at 0xa000810c
[  243.582519] PUF Read:0x00000000 at 0xa0008110
[  243.582519] PUF Read:0x00400000 at 0xa0008114
[  243.582519] PUF Read:0x00000000 at 0xa0008118
[  243.582580] PUF Read:0x00000000 at 0xa000811c
[  243.582580] PUF Read:0x00000000 at 0xa0008120
[  243.582641] PUF Read:0x00000400 at 0xa0008124
[  243.582672] PUF Read:0x00000000 at 0xa0008128
[  243.582672] PUF Read:0x00000000 at 0xa000812c
[  243.582672] PUF Read:0x00000000 at 0xa0008130
[  243.582672] PUF Read:0x00000000 at 0xa0008134
[  243.582672] PUF Read:0x00010000 at 0xa0008138
[  243.582794] PUF Read:0x00000000 at 0xa000813c
[  243.582824] PUF Read:0x00000400 at 0xa0008140
[  243.582824] PUF Read:0x00000000 at 0xa0008144
[  243.582824] PUF Read:0x00100400 at 0xa0008148
[  243.582824] PUF Read:0x00000000 at 0xa000814c
[  243.582824] PUF Read:0x00000000 at 0xa0008150
[  243.582824] PUF Read:0x00000000 at 0xa0008154
[  243.582977] PUF Read:0x00000000 at 0xa0008158
[  243.582977] PUF Read:0x00000040 at 0xa000815c
[  243.582977] PUF Read:0x00000000 at 0xa0008160
[  243.582977] PUF Read:0x00000000 at 0xa0008164
[  243.582977] PUF Read:0x00000000 at 0xa0008168
[  243.583099] PUF Read:0x00400000 at 0xa000816c
[  243.583129] PUF Read:0x00000000 at 0xa0008170
[  243.583129] PUF Read:0x00000000 at 0xa0008174
[  243.583129] PUF Read:0x00000000 at 0xa0008178
[  243.583190] PUF Read:0x00000000 at 0xa000817c
[  243.583190] PUF Read:0x00000000 at 0xa0008180
[  243.583251] PUF Read:0x00000000 at 0xa0008184
[  243.583282] PUF Read:0x00000000 at 0xa0008188
[  243.583282] PUF Read:0x00000040 at 0xa000818c
[  243.583282] PUF Read:0x00000000 at 0xa0008190
[  243.583343] PUF Read:0x40000000 at 0xa0008194
[  243.583343] PUF Read:0x00000000 at 0xa0008198
[  243.583404] PUF Read:0x00000000 at 0xa000819c
[  243.583435] PUF Read:0x00000000 at 0xa00081a0
[  243.583435] PUF Read:0x00000000 at 0xa00081a4
[  243.583435] PUF Read:0x00000000 at 0xa00081a8
[  243.583435] PUF Read:0x00000000 at 0xa00081ac
[  243.583435] PUF Read:0x00410000 at 0xa00081b0
[  243.583557] PUF Read:0x00000000 at 0xa00081b4
[  243.583557] PUF Read:0x00000000 at 0xa00081b8
[  243.583618] PUF Read:0x00000000 at 0xa00081bc
[  243.583618] PUF Read:0x00000000 at 0xa00081c0
[  243.583618] PUF Read:0x00000004 at 0xa00081c4
[  243.583679] PUF Read:0x00000000 at 0xa00081c8
[  243.583709] PUF Read:0x00010000 at 0xa00081cc
[  243.583709] PUF Read:0x10000000 at 0xa00081d0
[  243.583709] PUF Read:0x00000000 at 0xa00081d4
[  243.583770] PUF Read:0x00000000 at 0xa00081d8
[  243.583770] PUF Read:0x00000000 at 0xa00081dc
[  243.583831] PUF Read:0x00000000 at 0xa00081e0
[  243.583862] PUF Read:0x00000040 at 0xa00081e4
[  243.583862] PUF Read:0x00000000 at 0xa00081e8
[  243.583862] PUF Read:0x00000000 at 0xa00081ec
[  243.583923] PUF Read:0x00000000 at 0xa00081f0
[  243.583923] PUF Read:0x00000400 at 0xa00081f4
[  243.583984] PUF Read:0x00000000 at 0xa00081f8
[  243.584014] PUF Read:0x00000000 at 0xa00081fc
[  243.584014] PUF Read:0x00000000 at 0xa0008200
[  243.584014] PUF Read:0x00000000 at 0xa0008204
[  243.584075] PUF Read:0x00000000 at 0xa0008208
[  243.584075] PUF Read:0x00000000 at 0xa000820c
[  243.584136] PUF Read:0x00000000 at 0xa0008210
[  243.584136] PUF Read:0x00000000 at 0xa0008214
[  243.584197] PUF Read:0x00000000 at 0xa0008218
[  243.584197] PUF Read:0x00000000 at 0xa000821c
[  243.584197] PUF Read:0x00000000 at 0xa0008220
[  243.584259] PUF Read:0x00100000 at 0xa0008224
[  243.584289] PUF Read:0x00000000 at 0xa0008228
[  243.584289] PUF Read:0x00000000 at 0xa000822c
[  243.584289] PUF Read:0x00000000 at 0xa0008230
[  243.584289] PUF Read:0x00400000 at 0xa0008234
[  243.584381] PUF Read:0x00000000 at 0xa0008238
[  243.584381] PUF Read:0x00000000 at 0xa000823c
[  243.584442] PUF Read:0x00000000 at 0xa0008240
[  243.584472] PUF Read:0x00000000 at 0xa0008244
[  243.584472] PUF Read:0x00000000 at 0xa0008248
[  243.584472] PUF Read:0x00000000 at 0xa000824c
[  243.584533] PUF Read:0x00000000 at 0xa0008250
[  243.584533] PUF Read:0x00100000 at 0xa0008254
[  243.584594] PUF Read:0x00000000 at 0xa0008258
[  243.584594] PUF Read:0x00040000 at 0xa000825c
[  243.584594] PUF Read:0x00000000 at 0xa0008260
[  243.584594] PUF Read:0x00000000 at 0xa0008264
[  243.584594] PUF Read:0x00000400 at 0xa0008268
[  243.584594] PUF Read:0x00000000 at 0xa000826c
[  243.584747] PUF Read:0x00000000 at 0xa0008270
[  243.584747] PUF Read:0x00000000 at 0xa0008274
[  243.584808] PUF Read:0x00000040 at 0xa0008278
[  243.584808] PUF Read:0x00000000 at 0xa000827c
[  243.584808] PUF Read:0x00000000 at 0xa0008280
[  243.584869] PUF Read:0x00000000 at 0xa0008284
[  243.584899] PUF Read:0x00000000 at 0xa0008288
[  243.584899] PUF Read:0x00000000 at 0xa000828c
[  243.584899] PUF Read:0x00000000 at 0xa0008290
[  243.584960] PUF Read:0x00000000 at 0xa0008294
[  243.584960] PUF Read:0x00000000 at 0xa0008298
[  243.585021] PUF Read:0x00000000 at 0xa000829c
[  243.585052] PUF Read:0x00000000 at 0xa00082a0
[  243.585052] PUF Read:0x00001000 at 0xa00082a4
[  243.585052] PUF Read:0x00000000 at 0xa00082a8
[  243.585052] PUF Read:0x00000000 at 0xa00082ac
[  243.585052] PUF Read:0x00000000 at 0xa00082b0
[  243.585174] PUF Read:0x00000000 at 0xa00082b4
[  243.585174] PUF Read:0x00000040 at 0xa00082b8
[  243.585235] PUF Read:0x00000000 at 0xa00082bc
[  243.585235] PUF Read:0x00000000 at 0xa00082c0
[  243.585235] PUF Read:0x00000000 at 0xa00082c4
[  243.585296] PUF Read:0x10000000 at 0xa00082c8
[  243.585327] PUF Read:0x00000000 at 0xa00082cc
[  243.585327] PUF Read:0x00100000 at 0xa00082d0
[  243.585327] PUF Read:0x00000000 at 0xa00082d4
[  243.585388] PUF Read:0x00000000 at 0xa00082d8
[  243.585388] PUF Read:0x00000000 at 0xa00082dc
[  243.585449] PUF Read:0x00000000 at 0xa00082e0
[  243.585479] PUF Read:0x00000400 at 0xa00082e4
[  243.585479] PUF Read:0x00000000 at 0xa00082e8
[  243.585479] PUF Read:0x00000001 at 0xa00082ec
[  243.585540] PUF Read:0x00000000 at 0xa00082f0
[  243.585540] PUF Read:0x00000000 at 0xa00082f4
[  243.585601] PUF Read:0x00000000 at 0xa00082f8
[  243.585632] PUF Read:0x00000000 at 0xa00082fc
[  243.585632] PUF Read:0x00000000 at 0xa0008300
[  243.585632] PUF Read:0x00000000 at 0xa0008304
[  243.585693] PUF Read:0x00000000 at 0xa0008308
[  243.585693] PUF Read:0x00000000 at 0xa000830c
[  243.585754] PUF Read:0x00000000 at 0xa0008310
[  243.585754] PUF Read:0x00000000 at 0xa0008314
[  243.585754] PUF Read:0x01000000 at 0xa0008318
[  243.585754] PUF Read:0x10000000 at 0xa000831c
[  243.585845] PUF Read:0x00000000 at 0xa0008320
[  243.585845] PUF Read:0x00000000 at 0xa0008324
[  243.585906] PUF Read:0x00000000 at 0xa0008328
[  243.585937] PUF Read:0x00000000 at 0xa000832c
[  243.585937] PUF Read:0x00000004 at 0xa0008330
[  243.585937] PUF Read:0x00000000 at 0xa0008334
[  243.585998] PUF Read:0x00000000 at 0xa0008338
[  243.585998] PUF Read:0x00000000 at 0xa000833c
[  243.586059] PUF Read:0x00000000 at 0xa0008340
[  243.586090] PUF Read:0x00000001 at 0xa0008344
[  243.586090] PUF Read:0x00000000 at 0xa0008348
[  243.586090] PUF Read:0x00000000 at 0xa000834c
[  243.586151] PUF Read:0x00000000 at 0xa0008350
[  243.586151] PUF Read:0x00000000 at 0xa0008354
[  243.586212] PUF Read:0x00000000 at 0xa0008358
[  243.586212] PUF Read:0x00000000 at 0xa000835c
[  243.586212] PUF Read:0x00010000 at 0xa0008360
[  243.586212] PUF Read:0x00000000 at 0xa0008364
[  243.586212] PUF Read:0x00000000 at 0xa0008368
[  243.586212] PUF Read:0x00000000 at 0xa000836c
[  243.586364] PUF Read:0x00000000 at 0xa0008370
[  243.586364] PUF Read:0x00000000 at 0xa0008374
[  243.586425] PUF Read:0x00000000 at 0xa0008378
[  243.586425] PUF Read:0x00000000 at 0xa000837c
[  243.586425] PUF Read:0x00000000 at 0xa0008380
[  243.586486] PUF Read:0x00000000 at 0xa0008384
[  243.586517] PUF Read:0x00000000 at 0xa0008388
[  243.586517] PUF Read:0x00000000 at 0xa000838c
[  243.586517] PUF Read:0x00000001 at 0xa0008390
[  243.586578] PUF Read:0x00000100 at 0xa0008394
[  243.586578] PUF Read:0x00000000 at 0xa0008398
[  243.586639] PUF Read:0x00000000 at 0xa000839c
[  243.586639] PUF Read:0x00000000 at 0xa00083a0
[  243.586639] PUF Read:0x00000000 at 0xa00083a4
[  243.586639] PUF Read:0x00000000 at 0xa00083a8
[  243.586639] PUF Read:0x00000000 at 0xa00083ac
[  243.586761] PUF Read:0x00000000 at 0xa00083b0
[  243.586791] PUF Read:0x00000000 at 0xa00083b4
[  243.586791] PUF Read:0x00000000 at 0xa00083b8
[  243.586791] PUF Read:0x00000000 at 0xa00083bc
[  243.586853] PUF Read:0x00000000 at 0xa00083c0
[  243.586853] PUF Read:0x04000000 at 0xa00083c4
[  243.586914] PUF Read:0x00000000 at 0xa00083c8
[  243.586944] PUF Read:0x00000000 at 0xa00083cc
[  243.586944] PUF Read:0x00000000 at 0xa00083d0
[  243.586944] PUF Read:0x00010000 at 0xa00083d4
[  243.587005] PUF Read:0x00000000 at 0xa00083d8
[  243.587005] PUF Read:0x00000000 at 0xa00083dc
[  243.587066] PUF Read:0x00100000 at 0xa00083e0
[  243.587097] PUF Read:0x10000000 at 0xa00083e4
[  243.587097] PUF Read:0x00000000 at 0xa00083e8
[  243.587097] PUF Read:0x00000000 at 0xa00083ec
[  243.587158] PUF Read:0x00000400 at 0xa00083f0
[  243.587158] PUF Read:0x00000000 at 0xa00083f4
[  243.587219] PUF Read:0x00000004 at 0xa00083f8
[  243.587249] PUF Read:0x00040000 at 0xa00083fc
[  243.587249] [i] Finished PUF read-out
[  243.587280] <6>[i] Finished PUF query for decaytime: 15360
[  243.587280] End measurement:0
[  243.587280] [i] Starting the Rowhammer PUF for PandaBoard
[  243.587310] Number of PUF rows: 8 PUF init Value :0 Rowhammer rows init Value:0
[  243.587310] [i] Start measurement: 0
[  243.587310] [i] Start decaytime: 60
[  243.587341] EMIF 2 REG Write 0x80000000 at 0x4d000010
[  243.587341] EMIF 2 REG Read 0x80000000 at 0x4d000010
[  243.587371] EMIF 2 REG Write 0x80000000 at 0x4d000014
[  243.587371] EMIF 2 REG Read 0x00000000 at 0x4d000014
[  243.587402] EMIF 2 REG Write 0x08016893 at 0x4d0000cc
[  243.587402] EMIF 2 REG Read 0x08016893 at 0x4d0000cc
[  243.587402] Temp polling alert disabled
[  243.587432] Refresh Disabled at EMIF2
[  243.587432] [i] Initialiting PUF & hammer rows
[  243.587432] [i] Single-Sided Rowhammer (SSRH)
