[ 5652.830688] [i] Total hammer attempts per row: 3726393
[ 5652.830718] EMIF 2 REG Write 0x00000618 at 0x4d000010
[ 5652.830718] EMIF 2 REG Read 0x00000618 at 0x4d000010
[ 5652.830749] EMIF 2 REG Write 0x00000618 at 0x4d000014
[ 5652.830749] EMIF 2 REG Read 0x00000618 at 0x4d000014
[ 5652.830780] EMIF 2 REG Write 0x58016893 at 0x4d0000cc
[ 5652.830780] EMIF 2 REG Read 0x58016893 at 0x4d0000cc
[ 5652.830780] Temp polling alert enabled
[ 5652.830810] Refresh enabled at EMIF2
[ 5652.830810] [i] Starting PUF read-out
[ 5652.830810] [i] Single-Sided Rowhammer (SSRH)
[ 5652.830841] PUF Read:0xffff7fff at 0xa0008000
[ 5652.830841] PUF Read:0xffffffff at 0xa0008004
[ 5652.830902] PUF Read:0xffffffff at 0xa0008008
[ 5652.830932] PUF Read:0xf7ffff7f at 0xa000800c
[ 5652.830932] PUF Read:0xffffffff at 0xa0008010
[ 5652.830932] PUF Read:0xdfffffff at 0xa0008014
[ 5652.830932] PUF Read:0xffff7fff at 0xa0008018
[ 5652.830932] PUF Read:0xfff5ffff at 0xa000801c
[ 5652.830932] PUF Read:0xfdffffff at 0xa0008020
[ 5652.831085] PUF Read:0xffffffff at 0xa0008024
[ 5652.831115] PUF Read:0xffffffff at 0xa0008028
[ 5652.831115] PUF Read:0xffffffff at 0xa000802c
[ 5652.831115] PUF Read:0xfffffffd at 0xa0008030
[ 5652.831176] PUF Read:0xffffffff at 0xa0008034
[ 5652.831176] PUF Read:0xffffffff at 0xa0008038
[ 5652.831237] PUF Read:0xffffffff at 0xa000803c
[ 5652.831268] PUF Read:0xffffffff at 0xa0008040
[ 5652.831268] PUF Read:0xffffffff at 0xa0008044
[ 5652.831268] PUF Read:0xffffffff at 0xa0008048
[ 5652.831329] PUF Read:0xfffffffd at 0xa000804c
[ 5652.831329] PUF Read:0xf7ffffff at 0xa0008050
[ 5652.831390] PUF Read:0xfffffdff at 0xa0008054
[ 5652.831420] PUF Read:0xffffffdf at 0xa0008058
[ 5652.831420] PUF Read:0xffffffff at 0xa000805c
[ 5652.831420] PUF Read:0xffffffff at 0xa0008060
[ 5652.831481] PUF Read:0xffff7fff at 0xa0008064
[ 5652.831481] PUF Read:0xffffffff at 0xa0008068
[ 5652.831542] PUF Read:0xffffffff at 0xa000806c
[ 5652.831573] PUF Read:0xffffffff at 0xa0008070
[ 5652.831573] PUF Read:0xffffffff at 0xa0008074
[ 5652.831573] PUF Read:0xffffffff at 0xa0008078
[ 5652.831634] PUF Read:0xffffffff at 0xa000807c
[ 5652.831634] PUF Read:0xffffffff at 0xa0008080
[ 5652.831695] PUF Read:0xffffffff at 0xa0008084
[ 5652.831695] PUF Read:0xffffffff at 0xa0008088
[ 5652.831695] PUF Read:0xffffffff at 0xa000808c
[ 5652.831695] PUF Read:0xffffdfff at 0xa0008090
[ 5652.831787] PUF Read:0xffffffff at 0xa0008094
[ 5652.831787] PUF Read:0x7fffffff at 0xa0008098
[ 5652.831848] PUF Read:0xffffffff at 0xa000809c
[ 5652.831878] PUF Read:0xdfffff7f at 0xa00080a0
[ 5652.831878] PUF Read:0xffffffff at 0xa00080a4
[ 5652.831878] PUF Read:0xffdfffff at 0xa00080a8
[ 5652.831939] PUF Read:0xffffdfff at 0xa00080ac
[ 5652.831939] PUF Read:0xffffffff at 0xa00080b0
[ 5652.832000] PUF Read:0x7f7fffff at 0xa00080b4
[ 5652.832031] PUF Read:0xffffffff at 0xa00080b8
[ 5652.832031] PUF Read:0xdfffffff at 0xa00080bc
[ 5652.832031] PUF Read:0xffffffff at 0xa00080c0
[ 5652.832031] PUF Read:0xffffffff at 0xa00080c4
[ 5652.832122] PUF Read:0xfff7ffff at 0xa00080c8
[ 5652.832122] PUF Read:0xffffffff at 0xa00080cc
[ 5652.832122] PUF Read:0xffffffff at 0xa00080d0
[ 5652.832214] PUF Read:0xffff7ffd at 0xa00080d4
[ 5652.832214] PUF Read:0xffff7fff at 0xa00080d8
[ 5652.832214] PUF Read:0xffffffff at 0xa00080dc
[ 5652.832214] PUF Read:0xffffffff at 0xa00080e0
[ 5652.832214] PUF Read:0xffffffff at 0xa00080e4
[ 5652.832214] PUF Read:0xffffffff at 0xa00080e8
[ 5652.832366] PUF Read:0xffffffff at 0xa00080ec
[ 5652.832366] PUF Read:0xdfffffff at 0xa00080f0
[ 5652.832366] PUF Read:0xffffffff at 0xa00080f4
[ 5652.832366] PUF Read:0xffffffff at 0xa00080f8
[ 5652.832366] PUF Read:0xffdfffff at 0xa00080fc
[ 5652.832366] PUF Read:0xffffffff at 0xa0008100
[ 5652.832519] PUF Read:0xffffffff at 0xa0008104
[ 5652.832519] PUF Read:0xfff7ffff at 0xa0008108
[ 5652.832519] PUF Read:0xffffffff at 0xa000810c
[ 5652.832519] PUF Read:0xffffffff at 0xa0008110
[ 5652.832611] PUF Read:0xfdff7fff at 0xa0008114
[ 5652.832611] PUF Read:0xffffffff at 0xa0008118
[ 5652.832672] PUF Read:0xfdff7fff at 0xa000811c
[ 5652.832702] PUF Read:0xffffffff at 0xa0008120
[ 5652.832702] PUF Read:0xffffffff at 0xa0008124
[ 5652.832702] PUF Read:0xffffffff at 0xa0008128
[ 5652.832763] PUF Read:0xffffffff at 0xa000812c
[ 5652.832763] PUF Read:0xffffffff at 0xa0008130
[ 5652.832824] PUF Read:0xffffff7f at 0xa0008134
[ 5652.832855] PUF Read:0xffdfffff at 0xa0008138
[ 5652.832855] PUF Read:0xffffffff at 0xa000813c
[ 5652.832916] PUF Read:0xffffffff at 0xa0008140
[ 5652.832916] PUF Read:0xffffffff at 0xa0008144
[ 5652.832916] PUF Read:0xffffffff at 0xa0008148
[ 5652.832977] PUF Read:0xffffffff at 0xa000814c
[ 5652.833007] PUF Read:0xffffffff at 0xa0008150
[ 5652.833007] PUF Read:0xffffffff at 0xa0008154
[ 5652.833007] PUF Read:0xffffffff at 0xa0008158
[ 5652.833007] PUF Read:0xffffffff at 0xa000815c
[ 5652.833007] PUF Read:0xffffffff at 0xa0008160
[ 5652.833007] PUF Read:0xffffffff at 0xa0008164
[ 5652.833160] PUF Read:0xffffffff at 0xa0008168
[ 5652.833160] PUF Read:0xffffffff at 0xa000816c
[ 5652.833160] PUF Read:0x7fffffff at 0xa0008170
[ 5652.833160] PUF Read:0xffffffff at 0xa0008174
[ 5652.833160] PUF Read:0xffffffff at 0xa0008178
[ 5652.833160] PUF Read:0xffffffff at 0xa000817c
[ 5652.833312] PUF Read:0xffff7f7f at 0xa0008180
[ 5652.833343] PUF Read:0xffffffff at 0xa0008184
[ 5652.833343] PUF Read:0xff7fffff at 0xa0008188
[ 5652.833343] PUF Read:0xffffffff at 0xa000818c
[ 5652.833404] PUF Read:0x7fffffff at 0xa0008190
[ 5652.833404] PUF Read:0xffffffff at 0xa0008194
[ 5652.833465] PUF Read:0xffffffff at 0xa0008198
[ 5652.833496] PUF Read:0xffffffff at 0xa000819c
[ 5652.833496] PUF Read:0xffffffff at 0xa00081a0
[ 5652.833496] PUF Read:0xffffffff at 0xa00081a4
[ 5652.833557] PUF Read:0xfff7ffff at 0xa00081a8
[ 5652.833557] PUF Read:0xffffffff at 0xa00081ac
[ 5652.833557] PUF Read:0xffffffff at 0xa00081b0
[ 5652.833648] PUF Read:0xffffffff at 0xa00081b4
[ 5652.833679] PUF Read:0xffffffff at 0xa00081b8
[ 5652.833679] PUF Read:0xf7ffffff at 0xa00081bc
[ 5652.833679] PUF Read:0xfffddfff at 0xa00081c0
[ 5652.833740] PUF Read:0xffffffff at 0xa00081c4
[ 5652.833740] PUF Read:0xffffffff at 0xa00081c8
[ 5652.833801] PUF Read:0xff7fffff at 0xa00081cc
[ 5652.833831] PUF Read:0xffffffff at 0xa00081d0
[ 5652.833831] PUF Read:0xffffff7f at 0xa00081d4
[ 5652.833831] PUF Read:0xffffffff at 0xa00081d8
[ 5652.833892] PUF Read:0xffffffff at 0xa00081dc
[ 5652.833892] PUF Read:0xfffffff7 at 0xa00081e0
[ 5652.833953] PUF Read:0xffffffff at 0xa00081e4
[ 5652.833984] PUF Read:0xfdffffff at 0xa00081e8
[ 5652.833984] PUF Read:0xff7fffff at 0xa00081ec
[ 5652.833984] PUF Read:0xffdfffff at 0xa00081f0
[ 5652.834045] PUF Read:0xffffffff at 0xa00081f4
[ 5652.834045] PUF Read:0xfffffff7 at 0xa00081f8
[ 5652.834106] PUF Read:0xffffffff at 0xa00081fc
[ 5652.834136] PUF Read:0xffffffff at 0xa0008200
[ 5652.834136] PUF Read:0xffffffff at 0xa0008204
[ 5652.834136] PUF Read:0xffffffff at 0xa0008208
[ 5652.834197] PUF Read:0xfdffffff at 0xa000820c
[ 5652.834197] PUF Read:0xfffff7fd at 0xa0008210
[ 5652.834259] PUF Read:0xffffffff at 0xa0008214
[ 5652.834289] PUF Read:0xffffffff at 0xa0008218
[ 5652.834289] PUF Read:0xffffffff at 0xa000821c
[ 5652.834289] PUF Read:0xffffffff at 0xa0008220
[ 5652.834350] PUF Read:0xffffffff at 0xa0008224
[ 5652.834350] PUF Read:0xffffffff at 0xa0008228
[ 5652.834411] PUF Read:0xffffffff at 0xa000822c
[ 5652.834442] PUF Read:0xffffffff at 0xa0008230
[ 5652.834442] PUF Read:0x7d7fffff at 0xa0008234
[ 5652.834442] PUF Read:0xffffffff at 0xa0008238
[ 5652.834503] PUF Read:0xffffffff at 0xa000823c
[ 5652.834503] PUF Read:0xffffffff at 0xa0008240
[ 5652.834564] PUF Read:0xffffffff at 0xa0008244
[ 5652.834594] PUF Read:0xffffffff at 0xa0008248
[ 5652.834594] PUF Read:0xffffffff at 0xa000824c
[ 5652.834655] PUF Read:0xffffffff at 0xa0008250
[ 5652.834655] PUF Read:0xffffffff at 0xa0008254
[ 5652.834655] PUF Read:0xffffffff at 0xa0008258
[ 5652.834655] PUF Read:0xffffffff at 0xa000825c
[ 5652.834747] PUF Read:0xffffffff at 0xa0008260
[ 5652.834747] PUF Read:0xffffffff at 0xa0008264
[ 5652.834747] PUF Read:0xffffddff at 0xa0008268
[ 5652.834747] PUF Read:0xffffffff at 0xa000826c
[ 5652.834747] PUF Read:0xffffffff at 0xa0008270
[ 5652.834747] PUF Read:0xffffffff at 0xa0008274
[ 5652.834899] PUF Read:0xffffffff at 0xa0008278
[ 5652.834899] PUF Read:0xffffffff at 0xa000827c
[ 5652.834899] PUF Read:0xffffffff at 0xa0008280
[ 5652.834899] PUF Read:0xf7ffffff at 0xa0008284
[ 5652.834991] PUF Read:0xffffffff at 0xa0008288
[ 5652.834991] PUF Read:0xffffffff at 0xa000828c
[ 5652.835052] PUF Read:0xfffffffd at 0xa0008290
[ 5652.835083] PUF Read:0xfdffffff at 0xa0008294
[ 5652.835083] PUF Read:0xffffffff at 0xa0008298
[ 5652.835083] PUF Read:0xffffffff at 0xa000829c
[ 5652.835144] PUF Read:0xffffffff at 0xa00082a0
[ 5652.835144] PUF Read:0xffffffff at 0xa00082a4
[ 5652.835144] PUF Read:0xffffffff at 0xa00082a8
[ 5652.835235] PUF Read:0xffffffff at 0xa00082ac
[ 5652.835266] PUF Read:0xffffffff at 0xa00082b0
[ 5652.835266] PUF Read:0xffffffff at 0xa00082b4
[ 5652.835266] PUF Read:0xfffdffff at 0xa00082b8
[ 5652.835327] PUF Read:0xffffffff at 0xa00082bc
[ 5652.835327] PUF Read:0xffffffff at 0xa00082c0
[ 5652.835388] PUF Read:0xffffffff at 0xa00082c4
[ 5652.835418] PUF Read:0xffffffff at 0xa00082c8
[ 5652.835418] PUF Read:0xffffffff at 0xa00082cc
[ 5652.835418] PUF Read:0xffffffff at 0xa00082d0
[ 5652.835479] PUF Read:0xffffffff at 0xa00082d4
[ 5652.835479] PUF Read:0xffffffff at 0xa00082d8
[ 5652.835540] PUF Read:0xffffffff at 0xa00082dc
[ 5652.835571] PUF Read:0xffffffff at 0xa00082e0
[ 5652.835571] PUF Read:0xffffffff at 0xa00082e4
[ 5652.835571] PUF Read:0xffffffff at 0xa00082e8
[ 5652.835632] PUF Read:0xffffffff at 0xa00082ec
[ 5652.835632] PUF Read:0xffffffff at 0xa00082f0
[ 5652.835693] PUF Read:0xfffdffff at 0xa00082f4
[ 5652.835723] PUF Read:0xffffffff at 0xa00082f8
[ 5652.835723] PUF Read:0xffffffff at 0xa00082fc
[ 5652.835723] PUF Read:0xffffffff at 0xa0008300
[ 5652.835784] PUF Read:0xffffffff at 0xa0008304
[ 5652.835784] PUF Read:0xffffdfff at 0xa0008308
[ 5652.835845] PUF Read:0xffffffff at 0xa000830c
[ 5652.835876] PUF Read:0xffffffdf at 0xa0008310
[ 5652.835876] PUF Read:0xffffffff at 0xa0008314
[ 5652.835876] PUF Read:0x7fffffff at 0xa0008318
[ 5652.835937] PUF Read:0xffffffff at 0xa000831c
[ 5652.835937] PUF Read:0xffffdfff at 0xa0008320
[ 5652.835998] PUF Read:0xffffffff at 0xa0008324
[ 5652.836029] PUF Read:0xffffffff at 0xa0008328
[ 5652.836029] PUF Read:0xfffffffd at 0xa000832c
[ 5652.836090] PUF Read:0xffffffff at 0xa0008330
[ 5652.836090] PUF Read:0xffffffff at 0xa0008334
[ 5652.836090] PUF Read:0xffffffff at 0xa0008338
[ 5652.836090] PUF Read:0xffffffff at 0xa000833c
[ 5652.836181] PUF Read:0xffffffff at 0xa0008340
[ 5652.836181] PUF Read:0xffffff7f at 0xa0008344
[ 5652.836181] PUF Read:0xffffffff at 0xa0008348
[ 5652.836181] PUF Read:0xffffffff at 0xa000834c
[ 5652.836181] PUF Read:0xffffdfdf at 0xa0008350
[ 5652.836181] PUF Read:0xdfffffff at 0xa0008354
[ 5652.836334] PUF Read:0xffffffff at 0xa0008358
[ 5652.836334] PUF Read:0xffffffff at 0xa000835c
[ 5652.836334] PUF Read:0xffffffff at 0xa0008360
[ 5652.836334] PUF Read:0xffffff7f at 0xa0008364
[ 5652.836334] PUF Read:0xffffffff at 0xa0008368
[ 5652.836334] PUF Read:0xffffffff at 0xa000836c
[ 5652.836486] PUF Read:0xffffffff at 0xa0008370
[ 5652.836517] PUF Read:0xffffffff at 0xa0008374
[ 5652.836517] PUF Read:0xffffdfff at 0xa0008378
[ 5652.836517] PUF Read:0xffffffff at 0xa000837c
[ 5652.836578] PUF Read:0xfffffffd at 0xa0008380
[ 5652.836578] PUF Read:0xffffffff at 0xa0008384
[ 5652.836639] PUF Read:0xffffffff at 0xa0008388
[ 5652.836669] PUF Read:0xffffffff at 0xa000838c
[ 5652.836669] PUF Read:0xffffffff at 0xa0008390
[ 5652.836669] PUF Read:0xffffffff at 0xa0008394
[ 5652.836669] PUF Read:0xffffffff at 0xa0008398
[ 5652.836761] PUF Read:0xfff7ffff at 0xa000839c
[ 5652.836761] PUF Read:0xffffffff at 0xa00083a0
[ 5652.836822] PUF Read:0xffffffff at 0xa00083a4
[ 5652.836853] PUF Read:0xffffffff at 0xa00083a8
[ 5652.836853] PUF Read:0xffffffff at 0xa00083ac
[ 5652.836853] PUF Read:0xfffffff7 at 0xa00083b0
[ 5652.836914] PUF Read:0xffffffff at 0xa00083b4
[ 5652.836914] PUF Read:0xffffffff at 0xa00083b8
[ 5652.836975] PUF Read:0xffffffff at 0xa00083bc
[ 5652.837005] PUF Read:0xffffffff at 0xa00083c0
[ 5652.837005] PUF Read:0xffffffff at 0xa00083c4
[ 5652.837005] PUF Read:0xffffffff at 0xa00083c8
[ 5652.837066] PUF Read:0xfff7ffff at 0xa00083cc
[ 5652.837066] PUF Read:0xffffffff at 0xa00083d0
[ 5652.837127] PUF Read:0xffffffff at 0xa00083d4
[ 5652.837158] PUF Read:0xff7fffff at 0xa00083d8
[ 5652.837158] PUF Read:0xffffffff at 0xa00083dc
[ 5652.837158] PUF Read:0xffffffff at 0xa00083e0
[ 5652.837158] PUF Read:0xf77ffdff at 0xa00083e4
[ 5652.837158] PUF Read:0xffffff7f at 0xa00083e8
[ 5652.837158] PUF Read:0xffffffff at 0xa00083ec
[ 5652.837310] PUF Read:0xfffdffff at 0xa00083f0
[ 5652.837310] PUF Read:0xffffffff at 0xa00083f4
[ 5652.837310] PUF Read:0xffffffff at 0xa00083f8
[ 5652.837310] PUF Read:0xdfffffff at 0xa00083fc
[ 5652.837402] [i] Finished PUF read-out
[ 5652.837402] <6>[i] Finished PUF query for decaytime: 15360
[ 5652.837432] End measurement:0
[ 5652.837432] [i] Starting the Rowhammer PUF for PandaBoard
[ 5652.837432] Number of PUF rows: 8 PUF init Value :ffffffff Rowhammer rows init Value:aaaaaaaa
[ 5652.837463] [i] Start measurement: 0
[ 5652.837463] [i] Start decaytime: 60
[ 5652.837493] EMIF 2 REG Write 0x80000000 at 0x4d000010
[ 5652.837493] EMIF 2 REG Read 0x80000000 at 0x4d000010
[ 5652.837493] EMIF 2 REG Write 0x80000000 at 0x4d000014
[ 5652.837524] EMIF 2 REG Read 0x00000000 at 0x4d000014
[ 5652.837524] EMIF 2 REG Write 0x08016893 at 0x4d0000cc
[ 5652.837554] EMIF 2 REG Read 0x08016893 at 0x4d0000cc
[ 5652.837554] Temp polling alert disabled
[ 5652.837554] Refresh Disabled at EMIF2
[ 5652.837585] [i] Initialiting PUF & hammer rows
[ 5652.837585] [i] Single-Sided Rowhammer (SSRH)
[ 5652.877441] [i] Finished initialiting PUF & hammer rows
[ 5652.882293] [i]	Timer elapsed since its reset 0 sec
[ 5652.882293] [i] Decay: 60 sec
[ 5652.882293] [i]	Relative Decay: 0 msec
