[ 1325.440032] [i] Total hammer attempts per row: 3726906
[ 1325.440032] EMIF 2 REG Write 0x00000618 at 0x4d000010
[ 1325.440063] EMIF 2 REG Read 0x00000618 at 0x4d000010
[ 1325.440063] EMIF 2 REG Write 0x00000618 at 0x4d000014
[ 1325.440093] EMIF 2 REG Read 0x00000618 at 0x4d000014
[ 1325.440093] EMIF 2 REG Write 0x58016893 at 0x4d0000cc
[ 1325.440124] EMIF 2 REG Read 0x58016893 at 0x4d0000cc
[ 1325.440124] Temp polling alert enabled
[ 1325.440124] Refresh enabled at EMIF2
[ 1325.440155] [i] Starting PUF read-out
[ 1325.440155] [i] Single-Sided Rowhammer (SSRH)
[ 1325.440185] PUF Read:0x00000000 at 0xa0008000
[ 1325.440185] PUF Read:0x00000000 at 0xa0008004
[ 1325.440185] PUF Read:0x00000000 at 0xa0008008
[ 1325.440246] PUF Read:0x00000000 at 0xa000800c
[ 1325.440246] PUF Read:0x00000000 at 0xa0008010
[ 1325.440246] PUF Read:0x00000100 at 0xa0008014
[ 1325.440338] PUF Read:0x00000000 at 0xa0008018
[ 1325.440368] PUF Read:0x00000000 at 0xa000801c
[ 1325.440368] PUF Read:0x00000000 at 0xa0008020
[ 1325.440368] PUF Read:0x40004000 at 0xa0008024
[ 1325.440429] PUF Read:0x00000000 at 0xa0008028
[ 1325.440429] PUF Read:0x00000000 at 0xa000802c
[ 1325.440490] PUF Read:0x00000000 at 0xa0008030
[ 1325.440521] PUF Read:0x00000000 at 0xa0008034
[ 1325.440521] PUF Read:0x00000000 at 0xa0008038
[ 1325.440521] PUF Read:0x00000000 at 0xa000803c
[ 1325.440582] PUF Read:0x00000001 at 0xa0008040
[ 1325.440582] PUF Read:0x00004000 at 0xa0008044
[ 1325.440643] PUF Read:0x00000000 at 0xa0008048
[ 1325.440673] PUF Read:0x00000000 at 0xa000804c
[ 1325.440673] PUF Read:0x00000000 at 0xa0008050
[ 1325.440673] PUF Read:0x00000000 at 0xa0008054
[ 1325.440673] PUF Read:0x00000000 at 0xa0008058
[ 1325.440765] PUF Read:0x00000000 at 0xa000805c
[ 1325.440765] PUF Read:0x00000000 at 0xa0008060
[ 1325.440826] PUF Read:0x00000000 at 0xa0008064
[ 1325.440856] PUF Read:0x00000000 at 0xa0008068
[ 1325.440856] PUF Read:0x00000000 at 0xa000806c
[ 1325.440856] PUF Read:0x00000000 at 0xa0008070
[ 1325.440917] PUF Read:0x00000000 at 0xa0008074
[ 1325.440917] PUF Read:0x00000000 at 0xa0008078
[ 1325.440979] PUF Read:0x00000000 at 0xa000807c
[ 1325.441009] PUF Read:0x00010000 at 0xa0008080
[ 1325.441009] PUF Read:0x00000000 at 0xa0008084
[ 1325.441009] PUF Read:0x00000000 at 0xa0008088
[ 1325.441070] PUF Read:0x00000000 at 0xa000808c
[ 1325.441070] PUF Read:0x00000000 at 0xa0008090
[ 1325.441131] PUF Read:0x00000000 at 0xa0008094
[ 1325.441162] PUF Read:0x00010001 at 0xa0008098
[ 1325.441162] PUF Read:0x00000000 at 0xa000809c
[ 1325.441162] PUF Read:0x00000000 at 0xa00080a0
[ 1325.441223] PUF Read:0x00010000 at 0xa00080a4
[ 1325.441223] PUF Read:0x00000000 at 0xa00080a8
[ 1325.441284] PUF Read:0x00000040 at 0xa00080ac
[ 1325.441314] PUF Read:0x00000000 at 0xa00080b0
[ 1325.441314] PUF Read:0x00000000 at 0xa00080b4
[ 1325.441314] PUF Read:0x00004000 at 0xa00080b8
[ 1325.441375] PUF Read:0x00000000 at 0xa00080bc
[ 1325.441375] PUF Read:0x00000000 at 0xa00080c0
[ 1325.441436] PUF Read:0x00000000 at 0xa00080c4
[ 1325.441467] PUF Read:0x00000000 at 0xa00080c8
[ 1325.441467] PUF Read:0x00000000 at 0xa00080cc
[ 1325.441467] PUF Read:0x40044000 at 0xa00080d0
[ 1325.441528] PUF Read:0x00000000 at 0xa00080d4
[ 1325.441528] PUF Read:0x00001000 at 0xa00080d8
[ 1325.441589] PUF Read:0x00000000 at 0xa00080dc
[ 1325.441619] PUF Read:0x01000000 at 0xa00080e0
[ 1325.441619] PUF Read:0x00000000 at 0xa00080e4
[ 1325.441619] PUF Read:0x00000000 at 0xa00080e8
[ 1325.441680] PUF Read:0x00000001 at 0xa00080ec
[ 1325.441680] PUF Read:0x00000000 at 0xa00080f0
[ 1325.441741] PUF Read:0x00000000 at 0xa00080f4
[ 1325.441772] PUF Read:0x00000000 at 0xa00080f8
[ 1325.441772] PUF Read:0x00000000 at 0xa00080fc
[ 1325.441772] PUF Read:0x00000000 at 0xa0008100
[ 1325.441833] PUF Read:0x00000000 at 0xa0008104
[ 1325.441833] PUF Read:0x00000000 at 0xa0008108
[ 1325.441894] PUF Read:0x00000000 at 0xa000810c
[ 1325.441925] PUF Read:0x00000000 at 0xa0008110
[ 1325.441925] PUF Read:0x00400000 at 0xa0008114
[ 1325.441925] PUF Read:0x00000000 at 0xa0008118
[ 1325.441986] PUF Read:0x00000000 at 0xa000811c
[ 1325.441986] PUF Read:0x00000000 at 0xa0008120
[ 1325.442047] PUF Read:0x00000400 at 0xa0008124
[ 1325.442077] PUF Read:0x00000000 at 0xa0008128
[ 1325.442077] PUF Read:0x00000000 at 0xa000812c
[ 1325.442077] PUF Read:0x00000000 at 0xa0008130
[ 1325.442138] PUF Read:0x00000000 at 0xa0008134
[ 1325.442138] PUF Read:0x00010000 at 0xa0008138
[ 1325.442199] PUF Read:0x00000000 at 0xa000813c
[ 1325.442230] PUF Read:0x00000400 at 0xa0008140
[ 1325.442230] PUF Read:0x00000000 at 0xa0008144
[ 1325.442230] PUF Read:0x00100400 at 0xa0008148
[ 1325.442230] PUF Read:0x00000000 at 0xa000814c
[ 1325.442230] PUF Read:0x00000000 at 0xa0008150
[ 1325.442230] PUF Read:0x00000000 at 0xa0008154
[ 1325.442382] PUF Read:0x00000000 at 0xa0008158
[ 1325.442382] PUF Read:0x00000040 at 0xa000815c
[ 1325.442382] PUF Read:0x00000000 at 0xa0008160
[ 1325.442382] PUF Read:0x00000000 at 0xa0008164
[ 1325.442382] PUF Read:0x00000000 at 0xa0008168
[ 1325.442382] PUF Read:0x00400000 at 0xa000816c
[ 1325.442535] PUF Read:0x00000000 at 0xa0008170
[ 1325.442535] PUF Read:0x00000000 at 0xa0008174
[ 1325.442596] PUF Read:0x00000000 at 0xa0008178
[ 1325.442596] PUF Read:0x00000000 at 0xa000817c
[ 1325.442596] PUF Read:0x00000000 at 0xa0008180
[ 1325.442657] PUF Read:0x00000000 at 0xa0008184
[ 1325.442687] PUF Read:0x00000000 at 0xa0008188
[ 1325.442687] PUF Read:0x00000040 at 0xa000818c
[ 1325.442687] PUF Read:0x00000000 at 0xa0008190
[ 1325.442749] PUF Read:0x40000000 at 0xa0008194
[ 1325.442749] PUF Read:0x00000000 at 0xa0008198
[ 1325.442810] PUF Read:0x00000000 at 0xa000819c
[ 1325.442840] PUF Read:0x00000000 at 0xa00081a0
[ 1325.442840] PUF Read:0x00000000 at 0xa00081a4
[ 1325.442840] PUF Read:0x00000000 at 0xa00081a8
[ 1325.442901] PUF Read:0x00000000 at 0xa00081ac
[ 1325.442901] PUF Read:0x00410000 at 0xa00081b0
[ 1325.442962] PUF Read:0x00000000 at 0xa00081b4
[ 1325.442993] PUF Read:0x00000000 at 0xa00081b8
[ 1325.442993] PUF Read:0x00000000 at 0xa00081bc
[ 1325.442993] PUF Read:0x00000000 at 0xa00081c0
[ 1325.443054] PUF Read:0x00000004 at 0xa00081c4
[ 1325.443054] PUF Read:0x00000000 at 0xa00081c8
[ 1325.443115] PUF Read:0x00010000 at 0xa00081cc
[ 1325.443145] PUF Read:0x10000000 at 0xa00081d0
[ 1325.443145] PUF Read:0x00000000 at 0xa00081d4
[ 1325.443145] PUF Read:0x00000000 at 0xa00081d8
[ 1325.443206] PUF Read:0x00000000 at 0xa00081dc
[ 1325.443206] PUF Read:0x00000000 at 0xa00081e0
[ 1325.443267] PUF Read:0x00000040 at 0xa00081e4
[ 1325.443298] PUF Read:0x00000000 at 0xa00081e8
[ 1325.443298] PUF Read:0x00000000 at 0xa00081ec
[ 1325.443298] PUF Read:0x00000000 at 0xa00081f0
[ 1325.443298] PUF Read:0x00000400 at 0xa00081f4
[ 1325.443298] PUF Read:0x00000000 at 0xa00081f8
[ 1325.443420] PUF Read:0x00000000 at 0xa00081fc
[ 1325.443420] PUF Read:0x00000000 at 0xa0008200
[ 1325.443420] PUF Read:0x00000000 at 0xa0008204
[ 1325.443420] PUF Read:0x00000010 at 0xa0008208
[ 1325.443420] PUF Read:0x00000000 at 0xa000820c
[ 1325.443420] PUF Read:0x00000000 at 0xa0008210
[ 1325.443572] PUF Read:0x00000000 at 0xa0008214
[ 1325.443572] PUF Read:0x00000000 at 0xa0008218
[ 1325.443634] PUF Read:0x00000000 at 0xa000821c
[ 1325.443634] PUF Read:0x00000000 at 0xa0008220
[ 1325.443634] PUF Read:0x00100000 at 0xa0008224
[ 1325.443695] PUF Read:0x00000000 at 0xa0008228
[ 1325.443725] PUF Read:0x00000000 at 0xa000822c
[ 1325.443725] PUF Read:0x00000000 at 0xa0008230
[ 1325.443725] PUF Read:0x00400000 at 0xa0008234
[ 1325.443725] PUF Read:0x00000000 at 0xa0008238
[ 1325.443817] PUF Read:0x00000000 at 0xa000823c
[ 1325.443817] PUF Read:0x00000000 at 0xa0008240
[ 1325.443878] PUF Read:0x00000000 at 0xa0008244
[ 1325.443878] PUF Read:0x00000000 at 0xa0008248
[ 1325.443878] PUF Read:0x00000000 at 0xa000824c
[ 1325.443878] PUF Read:0x00000000 at 0xa0008250
[ 1325.443878] PUF Read:0x00100000 at 0xa0008254
[ 1325.444000] PUF Read:0x00000000 at 0xa0008258
[ 1325.444030] PUF Read:0x00040000 at 0xa000825c
[ 1325.444030] PUF Read:0x00000000 at 0xa0008260
[ 1325.444030] PUF Read:0x00000000 at 0xa0008264
[ 1325.444091] PUF Read:0x00000400 at 0xa0008268
[ 1325.444091] PUF Read:0x00000000 at 0xa000826c
[ 1325.444152] PUF Read:0x00000000 at 0xa0008270
[ 1325.444183] PUF Read:0x00000000 at 0xa0008274
[ 1325.444183] PUF Read:0x00000040 at 0xa0008278
[ 1325.444183] PUF Read:0x00000000 at 0xa000827c
[ 1325.444244] PUF Read:0x00000000 at 0xa0008280
[ 1325.444244] PUF Read:0x00000000 at 0xa0008284
[ 1325.444305] PUF Read:0x00000000 at 0xa0008288
[ 1325.444335] PUF Read:0x00000000 at 0xa000828c
[ 1325.444335] PUF Read:0x00000000 at 0xa0008290
[ 1325.444335] PUF Read:0x00000000 at 0xa0008294
[ 1325.444396] PUF Read:0x00000000 at 0xa0008298
[ 1325.444396] PUF Read:0x00000000 at 0xa000829c
[ 1325.444458] PUF Read:0x00000000 at 0xa00082a0
[ 1325.444488] PUF Read:0x00001000 at 0xa00082a4
[ 1325.444488] PUF Read:0x00000000 at 0xa00082a8
[ 1325.444488] PUF Read:0x00000000 at 0xa00082ac
[ 1325.444549] PUF Read:0x00000000 at 0xa00082b0
[ 1325.444549] PUF Read:0x00000000 at 0xa00082b4
[ 1325.444610] PUF Read:0x00000040 at 0xa00082b8
[ 1325.444641] PUF Read:0x00000000 at 0xa00082bc
[ 1325.444641] PUF Read:0x00000000 at 0xa00082c0
[ 1325.444641] PUF Read:0x00000000 at 0xa00082c4
[ 1325.444641] PUF Read:0x10000000 at 0xa00082c8
[ 1325.444641] PUF Read:0x00000000 at 0xa00082cc
[ 1325.444763] PUF Read:0x00100000 at 0xa00082d0
[ 1325.444763] PUF Read:0x00000000 at 0xa00082d4
[ 1325.444763] PUF Read:0x00000000 at 0xa00082d8
[ 1325.444763] PUF Read:0x00000000 at 0xa00082dc
[ 1325.444763] PUF Read:0x00000000 at 0xa00082e0
[ 1325.444763] PUF Read:0x00000400 at 0xa00082e4
[ 1325.444915] PUF Read:0x00000000 at 0xa00082e8
[ 1325.444915] PUF Read:0x00000001 at 0xa00082ec
[ 1325.444915] PUF Read:0x00000000 at 0xa00082f0
[ 1325.444976] PUF Read:0x00000000 at 0xa00082f4
[ 1325.444976] PUF Read:0x00000000 at 0xa00082f8
[ 1325.445037] PUF Read:0x00000000 at 0xa00082fc
[ 1325.445068] PUF Read:0x00000000 at 0xa0008300
[ 1325.445068] PUF Read:0x00000000 at 0xa0008304
[ 1325.445068] PUF Read:0x00000000 at 0xa0008308
[ 1325.445129] PUF Read:0x00000000 at 0xa000830c
[ 1325.445129] PUF Read:0x00000000 at 0xa0008310
[ 1325.445190] PUF Read:0x00000000 at 0xa0008314
[ 1325.445220] PUF Read:0x01000000 at 0xa0008318
[ 1325.445220] PUF Read:0x10000000 at 0xa000831c
[ 1325.445220] PUF Read:0x00000000 at 0xa0008320
[ 1325.445281] PUF Read:0x00000000 at 0xa0008324
[ 1325.445281] PUF Read:0x00000000 at 0xa0008328
[ 1325.445281] PUF Read:0x00000000 at 0xa000832c
[ 1325.445373] PUF Read:0x00000004 at 0xa0008330
[ 1325.445373] PUF Read:0x00000000 at 0xa0008334
[ 1325.445373] PUF Read:0x00000000 at 0xa0008338
[ 1325.445373] PUF Read:0x00000000 at 0xa000833c
[ 1325.445373] PUF Read:0x00000000 at 0xa0008340
[ 1325.445495] PUF Read:0x00000001 at 0xa0008344
[ 1325.445526] PUF Read:0x00000000 at 0xa0008348
[ 1325.445526] PUF Read:0x00000000 at 0xa000834c
[ 1325.445587] PUF Read:0x00000000 at 0xa0008350
[ 1325.445587] PUF Read:0x00000000 at 0xa0008354
[ 1325.445587] PUF Read:0x00000000 at 0xa0008358
[ 1325.445648] PUF Read:0x00000000 at 0xa000835c
[ 1325.445678] PUF Read:0x00010000 at 0xa0008360
[ 1325.445678] PUF Read:0x00000000 at 0xa0008364
[ 1325.445739] PUF Read:0x00000000 at 0xa0008368
[ 1325.445739] PUF Read:0x00000000 at 0xa000836c
[ 1325.445739] PUF Read:0x00000000 at 0xa0008370
[ 1325.445800] PUF Read:0x00000000 at 0xa0008374
[ 1325.445831] PUF Read:0x00000000 at 0xa0008378
[ 1325.445831] PUF Read:0x00000000 at 0xa000837c
[ 1325.445831] PUF Read:0x00000000 at 0xa0008380
[ 1325.445892] PUF Read:0x00000000 at 0xa0008384
[ 1325.445892] PUF Read:0x00000000 at 0xa0008388
[ 1325.445953] PUF Read:0x00000000 at 0xa000838c
[ 1325.445983] PUF Read:0x00000001 at 0xa0008390
[ 1325.445983] PUF Read:0x00000100 at 0xa0008394
[ 1325.445983] PUF Read:0x00000000 at 0xa0008398
[ 1325.446044] PUF Read:0x00000000 at 0xa000839c
[ 1325.446044] PUF Read:0x00000000 at 0xa00083a0
[ 1325.446105] PUF Read:0x00000000 at 0xa00083a4
[ 1325.446105] PUF Read:0x00000000 at 0xa00083a8
[ 1325.446105] PUF Read:0x00000000 at 0xa00083ac
[ 1325.446105] PUF Read:0x00000000 at 0xa00083b0
[ 1325.446105] PUF Read:0x00000000 at 0xa00083b4
[ 1325.446228] PUF Read:0x00000000 at 0xa00083b8
[ 1325.446258] PUF Read:0x00000000 at 0xa00083bc
[ 1325.446258] PUF Read:0x00000000 at 0xa00083c0
[ 1325.446319] PUF Read:0x04000000 at 0xa00083c4
[ 1325.446319] PUF Read:0x00000000 at 0xa00083c8
[ 1325.446319] PUF Read:0x00000000 at 0xa00083cc
[ 1325.446380] PUF Read:0x00000000 at 0xa00083d0
[ 1325.446411] PUF Read:0x00010000 at 0xa00083d4
[ 1325.446411] PUF Read:0x00000000 at 0xa00083d8
[ 1325.446411] PUF Read:0x00000000 at 0xa00083dc
[ 1325.446472] PUF Read:0x00100000 at 0xa00083e0
[ 1325.446472] PUF Read:0x10000000 at 0xa00083e4
[ 1325.446533] PUF Read:0x00000000 at 0xa00083e8
[ 1325.446563] PUF Read:0x00000000 at 0xa00083ec
[ 1325.446563] PUF Read:0x00000400 at 0xa00083f0
[ 1325.446624] PUF Read:0x00000000 at 0xa00083f4
[ 1325.446624] PUF Read:0x00000004 at 0xa00083f8
[ 1325.446624] PUF Read:0x00040000 at 0xa00083fc
[ 1325.446685] [i] Finished PUF read-out
[ 1325.446685] <6>[i] Finished PUF query for decaytime: 15360
[ 1325.446685] End measurement:0
[ 1325.446716] [i] Starting the Rowhammer PUF for PandaBoard
[ 1325.446716] Number of PUF rows: 8 PUF init Value :0 Rowhammer rows init Value:aaaaaaaa
[ 1325.446746] [i] Start measurement: 0
[ 1325.446746] [i] Start decaytime: 60
[ 1325.446746] EMIF 2 REG Write 0x80000000 at 0x4d000010
[ 1325.446777] EMIF 2 REG Read 0x80000000 at 0x4d000010
[ 1325.446777] EMIF 2 REG Write 0x80000000 at 0x4d000014
[ 1325.446807] EMIF 2 REG Read 0x00000000 at 0x4d000014
[ 1325.446807] EMIF 2 REG Write 0x08016893 at 0x4d0000cc
[ 1325.446838] EMIF 2 REG Read 0x08016893 at 0x4d0000cc
[ 1325.446838] Temp polling alert disabled
[ 1325.446838] Refresh Disabled at EMIF2
[ 1325.446838] [i] Initialiting PUF & hammer rows
[ 1325.446868] [i] Single-Sided Rowhammer (SSRH)
[ 1325.479003] [i] Finished initialiting PUF & hammer rows
[ 1325.491455] [i]	Timer elapsed since its reset 0 sec
[ 1325.491455] [i] Decay: 60 sec
[ 1325.491485] [i]	Relative Decay: 0 msec
