[ 6193.721252] [i] Total hammer attempts per row: 3724927
[ 6193.721282] EMIF 2 REG Write 0x00000618 at 0x4d000010
[ 6193.721282] EMIF 2 REG Read 0x00000618 at 0x4d000010
[ 6193.721313] EMIF 2 REG Write 0x00000618 at 0x4d000014
[ 6193.721313] EMIF 2 REG Read 0x00000618 at 0x4d000014
[ 6193.721343] EMIF 2 REG Write 0x58016893 at 0x4d0000cc
[ 6193.721343] EMIF 2 REG Read 0x58016893 at 0x4d0000cc
[ 6193.721343] Temp polling alert enabled
[ 6193.721374] Refresh enabled at EMIF2
[ 6193.721374] [i] Starting PUF read-out
[ 6193.721374] [i] Single-Sided Rowhammer (SSRH)
[ 6193.721405] PUF Read:0xffff7fff at 0xa0008000
[ 6193.721435] PUF Read:0xffffffff at 0xa0008004
[ 6193.721466] PUF Read:0xffffffff at 0xa0008008
[ 6193.721466] PUF Read:0xf7ffff7f at 0xa000800c
[ 6193.721466] PUF Read:0xffffffff at 0xa0008010
[ 6193.721466] PUF Read:0xdfffffff at 0xa0008014
[ 6193.721557] PUF Read:0xffff7fff at 0xa0008018
[ 6193.721557] PUF Read:0xfff7ffff at 0xa000801c
[ 6193.721557] PUF Read:0xffffffff at 0xa0008020
[ 6193.721649] PUF Read:0xffffffff at 0xa0008024
[ 6193.721649] PUF Read:0xffffffff at 0xa0008028
[ 6193.721649] PUF Read:0xffffffff at 0xa000802c
[ 6193.721649] PUF Read:0xfffffffd at 0xa0008030
[ 6193.721740] PUF Read:0xffffffff at 0xa0008034
[ 6193.721740] PUF Read:0xffffffff at 0xa0008038
[ 6193.721740] PUF Read:0xffffffff at 0xa000803c
[ 6193.721832] PUF Read:0xffffffff at 0xa0008040
[ 6193.721862] PUF Read:0xffffffff at 0xa0008044
[ 6193.721862] PUF Read:0xffffffff at 0xa0008048
[ 6193.721862] PUF Read:0xfffffffd at 0xa000804c
[ 6193.721923] PUF Read:0xf7ffffff at 0xa0008050
[ 6193.721923] PUF Read:0xfffffdff at 0xa0008054
[ 6193.721984] PUF Read:0xffffffdf at 0xa0008058
[ 6193.722015] PUF Read:0xffffffff at 0xa000805c
[ 6193.722015] PUF Read:0xffffffff at 0xa0008060
[ 6193.722015] PUF Read:0xffff7fff at 0xa0008064
[ 6193.722015] PUF Read:0xffffffff at 0xa0008068
[ 6193.722015] PUF Read:0xffffffff at 0xa000806c
[ 6193.722015] PUF Read:0xffffffff at 0xa0008070
[ 6193.722167] PUF Read:0xffffffff at 0xa0008074
[ 6193.722167] PUF Read:0xffffffff at 0xa0008078
[ 6193.722167] PUF Read:0xffffffff at 0xa000807c
[ 6193.722167] PUF Read:0xffffffff at 0xa0008080
[ 6193.722167] PUF Read:0xffffffff at 0xa0008084
[ 6193.722167] PUF Read:0xffffffff at 0xa0008088
[ 6193.722320] PUF Read:0xffffffff at 0xa000808c
[ 6193.722320] PUF Read:0xffffdfff at 0xa0008090
[ 6193.722320] PUF Read:0xffffffff at 0xa0008094
[ 6193.722320] PUF Read:0x7fffffff at 0xa0008098
[ 6193.722320] PUF Read:0xffffffff at 0xa000809c
[ 6193.722320] PUF Read:0xdfffff7f at 0xa00080a0
[ 6193.722473] PUF Read:0xffffffff at 0xa00080a4
[ 6193.722473] PUF Read:0xffdfffff at 0xa00080a8
[ 6193.722473] PUF Read:0xffffdfff at 0xa00080ac
[ 6193.722473] PUF Read:0xffffffff at 0xa00080b0
[ 6193.722473] PUF Read:0x7f7fffff at 0xa00080b4
[ 6193.722473] PUF Read:0xffffffff at 0xa00080b8
[ 6193.722625] PUF Read:0xdfffffff at 0xa00080bc
[ 6193.722625] PUF Read:0xffffffff at 0xa00080c0
[ 6193.722625] PUF Read:0xffffffff at 0xa00080c4
[ 6193.722625] PUF Read:0xfff7ffff at 0xa00080c8
[ 6193.722717] PUF Read:0xffffffff at 0xa00080cc
[ 6193.722717] PUF Read:0xffffffff at 0xa00080d0
[ 6193.722778] PUF Read:0xffff7ffd at 0xa00080d4
[ 6193.722808] PUF Read:0xffff7fff at 0xa00080d8
[ 6193.722808] PUF Read:0xffffffff at 0xa00080dc
[ 6193.722808] PUF Read:0xffffffff at 0xa00080e0
[ 6193.722869] PUF Read:0xffffffff at 0xa00080e4
[ 6193.722869] PUF Read:0xffffffff at 0xa00080e8
[ 6193.722930] PUF Read:0xffffffff at 0xa00080ec
[ 6193.722961] PUF Read:0xdfffffff at 0xa00080f0
[ 6193.722961] PUF Read:0xffffffff at 0xa00080f4
[ 6193.722961] PUF Read:0xffffffff at 0xa00080f8
[ 6193.723022] PUF Read:0xffdfffff at 0xa00080fc
[ 6193.723022] PUF Read:0xffffffff at 0xa0008100
[ 6193.723083] PUF Read:0xffffffff at 0xa0008104
[ 6193.723114] PUF Read:0xfff7ffff at 0xa0008108
[ 6193.723114] PUF Read:0xffffffff at 0xa000810c
[ 6193.723114] PUF Read:0xffffffff at 0xa0008110
[ 6193.723175] PUF Read:0xffff7fff at 0xa0008114
[ 6193.723175] PUF Read:0xffffffff at 0xa0008118
[ 6193.723236] PUF Read:0xfdffffff at 0xa000811c
[ 6193.723266] PUF Read:0xffffffff at 0xa0008120
[ 6193.723266] PUF Read:0xffffffff at 0xa0008124
[ 6193.723266] PUF Read:0xffffffff at 0xa0008128
[ 6193.723266] PUF Read:0xffffffff at 0xa000812c
[ 6193.723358] PUF Read:0xffffffff at 0xa0008130
[ 6193.723358] PUF Read:0xffffff7f at 0xa0008134
[ 6193.723419] PUF Read:0xffdfffff at 0xa0008138
[ 6193.723449] PUF Read:0xffffffff at 0xa000813c
[ 6193.723449] PUF Read:0xffffffff at 0xa0008140
[ 6193.723449] PUF Read:0xffffffff at 0xa0008144
[ 6193.723510] PUF Read:0xffffffff at 0xa0008148
[ 6193.723510] PUF Read:0xffffffff at 0xa000814c
[ 6193.723571] PUF Read:0xffffffff at 0xa0008150
[ 6193.723602] PUF Read:0xffffffff at 0xa0008154
[ 6193.723602] PUF Read:0xffffffff at 0xa0008158
[ 6193.723602] PUF Read:0xffffffff at 0xa000815c
[ 6193.723663] PUF Read:0xffffffff at 0xa0008160
[ 6193.723663] PUF Read:0xffffffff at 0xa0008164
[ 6193.723724] PUF Read:0xffffffff at 0xa0008168
[ 6193.723754] PUF Read:0xffffffff at 0xa000816c
[ 6193.723754] PUF Read:0x7fffffff at 0xa0008170
[ 6193.723754] PUF Read:0xffffffff at 0xa0008174
[ 6193.723815] PUF Read:0xffffffff at 0xa0008178
[ 6193.723815] PUF Read:0xffffffff at 0xa000817c
[ 6193.723876] PUF Read:0xffff7f7f at 0xa0008180
[ 6193.723907] PUF Read:0xffffffff at 0xa0008184
[ 6193.723907] PUF Read:0xff7fffff at 0xa0008188
[ 6193.723907] PUF Read:0xffffffff at 0xa000818c
[ 6193.723968] PUF Read:0x7fffffff at 0xa0008190
[ 6193.723968] PUF Read:0xffffffff at 0xa0008194
[ 6193.724029] PUF Read:0xffffffff at 0xa0008198
[ 6193.724060] PUF Read:0xffffffff at 0xa000819c
[ 6193.724060] PUF Read:0xffffffff at 0xa00081a0
[ 6193.724060] PUF Read:0xffffffff at 0xa00081a4
[ 6193.724121] PUF Read:0xfff7ffff at 0xa00081a8
[ 6193.724121] PUF Read:0xffffffff at 0xa00081ac
[ 6193.724182] PUF Read:0xffffffff at 0xa00081b0
[ 6193.724212] PUF Read:0xffffffff at 0xa00081b4
[ 6193.724212] PUF Read:0xffffffff at 0xa00081b8
[ 6193.724212] PUF Read:0xf7ffffff at 0xa00081bc
[ 6193.724273] PUF Read:0xfffddfff at 0xa00081c0
[ 6193.724273] PUF Read:0xffffffff at 0xa00081c4
[ 6193.724334] PUF Read:0xffffffff at 0xa00081c8
[ 6193.724365] PUF Read:0xff7fffff at 0xa00081cc
[ 6193.724365] PUF Read:0xffffffff at 0xa00081d0
[ 6193.724365] PUF Read:0xffffff7f at 0xa00081d4
[ 6193.724426] PUF Read:0xffffffff at 0xa00081d8
[ 6193.724426] PUF Read:0xffffffff at 0xa00081dc
[ 6193.724487] PUF Read:0xffffffff at 0xa00081e0
[ 6193.724517] PUF Read:0xffffffff at 0xa00081e4
[ 6193.724517] PUF Read:0xffffffff at 0xa00081e8
[ 6193.724517] PUF Read:0xff7fffff at 0xa00081ec
[ 6193.724578] PUF Read:0xffffffff at 0xa00081f0
[ 6193.724578] PUF Read:0xffffffff at 0xa00081f4
[ 6193.724639] PUF Read:0xfffffff7 at 0xa00081f8
[ 6193.724670] PUF Read:0xffffffff at 0xa00081fc
[ 6193.724670] PUF Read:0xffffffff at 0xa0008200
[ 6193.724731] PUF Read:0xffffffff at 0xa0008204
[ 6193.724731] PUF Read:0xffffffff at 0xa0008208
[ 6193.724731] PUF Read:0xfdffffff at 0xa000820c
[ 6193.724731] PUF Read:0xfffff7fd at 0xa0008210
[ 6193.724822] PUF Read:0xffffffff at 0xa0008214
[ 6193.724822] PUF Read:0xffffffff at 0xa0008218
[ 6193.724822] PUF Read:0xffffffff at 0xa000821c
[ 6193.724822] PUF Read:0xffffffff at 0xa0008220
[ 6193.724914] PUF Read:0xffffffff at 0xa0008224
[ 6193.724914] PUF Read:0xffffffff at 0xa0008228
[ 6193.724975] PUF Read:0xffffffff at 0xa000822c
[ 6193.725006] PUF Read:0xffffffff at 0xa0008230
[ 6193.725006] PUF Read:0x7d7fffff at 0xa0008234
[ 6193.725006] PUF Read:0xffffffff at 0xa0008238
[ 6193.725006] PUF Read:0xffffffff at 0xa000823c
[ 6193.725006] PUF Read:0xffffffff at 0xa0008240
[ 6193.725006] PUF Read:0xffffffff at 0xa0008244
[ 6193.725158] PUF Read:0xffffffff at 0xa0008248
[ 6193.725158] PUF Read:0xffffffff at 0xa000824c
[ 6193.725158] PUF Read:0xffffffff at 0xa0008250
[ 6193.725158] PUF Read:0xffffffff at 0xa0008254
[ 6193.725158] PUF Read:0xffffffff at 0xa0008258
[ 6193.725158] PUF Read:0xffffffff at 0xa000825c
[ 6193.725311] PUF Read:0xffffffff at 0xa0008260
[ 6193.725311] PUF Read:0xffffffff at 0xa0008264
[ 6193.725311] PUF Read:0xffffddff at 0xa0008268
[ 6193.725311] PUF Read:0xffffffff at 0xa000826c
[ 6193.725311] PUF Read:0xffffffff at 0xa0008270
[ 6193.725311] PUF Read:0xffffffff at 0xa0008274
[ 6193.725463] PUF Read:0xffffffff at 0xa0008278
[ 6193.725463] PUF Read:0xffffffff at 0xa000827c
[ 6193.725463] PUF Read:0xffffffff at 0xa0008280
[ 6193.725463] PUF Read:0xf7ffffff at 0xa0008284
[ 6193.725463] PUF Read:0xffffffff at 0xa0008288
[ 6193.725463] PUF Read:0xffffffff at 0xa000828c
[ 6193.725616] PUF Read:0xfffffffd at 0xa0008290
[ 6193.725616] PUF Read:0xfdffffff at 0xa0008294
[ 6193.725616] PUF Read:0xffffffff at 0xa0008298
[ 6193.725616] PUF Read:0xffffffff at 0xa000829c
[ 6193.725616] PUF Read:0xffffffff at 0xa00082a0
[ 6193.725616] PUF Read:0xffffffff at 0xa00082a4
[ 6193.725769] PUF Read:0xffffffff at 0xa00082a8
[ 6193.725769] PUF Read:0xffffffff at 0xa00082ac
[ 6193.725769] PUF Read:0xffffffff at 0xa00082b0
[ 6193.725769] PUF Read:0xffffffff at 0xa00082b4
[ 6193.725769] PUF Read:0xfffdffff at 0xa00082b8
[ 6193.725769] PUF Read:0xffffffff at 0xa00082bc
[ 6193.725921] PUF Read:0xffffffff at 0xa00082c0
[ 6193.725952] PUF Read:0xffffffff at 0xa00082c4
[ 6193.725952] PUF Read:0xffffffff at 0xa00082c8
[ 6193.725952] PUF Read:0xffffffff at 0xa00082cc
[ 6193.726013] PUF Read:0xffffffff at 0xa00082d0
[ 6193.726013] PUF Read:0xffffffff at 0xa00082d4
[ 6193.726074] PUF Read:0xffffffff at 0xa00082d8
[ 6193.726104] PUF Read:0xffffffff at 0xa00082dc
[ 6193.726104] PUF Read:0xffffffff at 0xa00082e0
[ 6193.726104] PUF Read:0xffffffff at 0xa00082e4
[ 6193.726165] PUF Read:0xffffffff at 0xa00082e8
[ 6193.726165] PUF Read:0xffffffff at 0xa00082ec
[ 6193.726226] PUF Read:0xffffffff at 0xa00082f0
[ 6193.726257] PUF Read:0xffffffff at 0xa00082f4
[ 6193.726257] PUF Read:0xffffffff at 0xa00082f8
[ 6193.726257] PUF Read:0xffffffff at 0xa00082fc
[ 6193.726318] PUF Read:0xffffffff at 0xa0008300
[ 6193.726318] PUF Read:0xffffffff at 0xa0008304
[ 6193.726318] PUF Read:0xffffdfff at 0xa0008308
[ 6193.726409] PUF Read:0xffffffff at 0xa000830c
[ 6193.726440] PUF Read:0xffffffdf at 0xa0008310
[ 6193.726440] PUF Read:0xffffffff at 0xa0008314
[ 6193.726440] PUF Read:0x7fffffff at 0xa0008318
[ 6193.726501] PUF Read:0xffffffff at 0xa000831c
[ 6193.726501] PUF Read:0xffffffff at 0xa0008320
[ 6193.726562] PUF Read:0xffffffff at 0xa0008324
[ 6193.726593] PUF Read:0xffffffff at 0xa0008328
[ 6193.726593] PUF Read:0xffffffff at 0xa000832c
[ 6193.726593] PUF Read:0xffffffff at 0xa0008330
[ 6193.726654] PUF Read:0xffffffff at 0xa0008334
[ 6193.726654] PUF Read:0xffffffff at 0xa0008338
[ 6193.726715] PUF Read:0xffffffff at 0xa000833c
[ 6193.726745] PUF Read:0xffffffff at 0xa0008340
[ 6193.726745] PUF Read:0xffffffff at 0xa0008344
[ 6193.726745] PUF Read:0xffffffff at 0xa0008348
[ 6193.726806] PUF Read:0xffffffff at 0xa000834c
[ 6193.726806] PUF Read:0xffffdfdf at 0xa0008350
[ 6193.726867] PUF Read:0xdfffffff at 0xa0008354
[ 6193.726898] PUF Read:0xffffffff at 0xa0008358
[ 6193.726898] PUF Read:0xffffffff at 0xa000835c
[ 6193.726898] PUF Read:0xffffffff at 0xa0008360
[ 6193.726959] PUF Read:0xffffff7f at 0xa0008364
[ 6193.726959] PUF Read:0xffffffff at 0xa0008368
[ 6193.727020] PUF Read:0xffffffff at 0xa000836c
[ 6193.727050] PUF Read:0xffffffff at 0xa0008370
[ 6193.727050] PUF Read:0xffffffff at 0xa0008374
[ 6193.727050] PUF Read:0xffffdfff at 0xa0008378
[ 6193.727111] PUF Read:0xffffffff at 0xa000837c
[ 6193.727111] PUF Read:0xffffffff at 0xa0008380
[ 6193.727172] PUF Read:0xffffffff at 0xa0008384
[ 6193.727203] PUF Read:0xffffffff at 0xa0008388
[ 6193.727203] PUF Read:0xffffffff at 0xa000838c
[ 6193.727203] PUF Read:0xffffffff at 0xa0008390
[ 6193.727264] PUF Read:0xffffffff at 0xa0008394
[ 6193.727264] PUF Read:0xffffffff at 0xa0008398
[ 6193.727325] PUF Read:0xfff7ffff at 0xa000839c
[ 6193.727355] PUF Read:0xffffffff at 0xa00083a0
[ 6193.727355] PUF Read:0xffffffff at 0xa00083a4
[ 6193.727355] PUF Read:0xffffffff at 0xa00083a8
[ 6193.727416] PUF Read:0xffffffff at 0xa00083ac
[ 6193.727416] PUF Read:0xfffffff7 at 0xa00083b0
[ 6193.727478] PUF Read:0xffffffff at 0xa00083b4
[ 6193.727508] PUF Read:0xffffffff at 0xa00083b8
[ 6193.727508] PUF Read:0xffffffff at 0xa00083bc
[ 6193.727508] PUF Read:0xffffffff at 0xa00083c0
[ 6193.727569] PUF Read:0xffffffff at 0xa00083c4
[ 6193.727569] PUF Read:0xffffffff at 0xa00083c8
[ 6193.727630] PUF Read:0xfff7ffff at 0xa00083cc
[ 6193.727661] PUF Read:0xffffffff at 0xa00083d0
[ 6193.727661] PUF Read:0xffffffff at 0xa00083d4
[ 6193.727661] PUF Read:0xff7fffff at 0xa00083d8
[ 6193.727722] PUF Read:0xffffffff at 0xa00083dc
[ 6193.727722] PUF Read:0xffffffff at 0xa00083e0
[ 6193.727783] PUF Read:0xff7ffdff at 0xa00083e4
[ 6193.727813] PUF Read:0xffffff7f at 0xa00083e8
[ 6193.727813] PUF Read:0xffffffff at 0xa00083ec
[ 6193.727813] PUF Read:0xfffdffff at 0xa00083f0
[ 6193.727874] PUF Read:0xffffffff at 0xa00083f4
[ 6193.727874] PUF Read:0xffffffff at 0xa00083f8
[ 6193.727874] PUF Read:0xdfffffff at 0xa00083fc
[ 6193.727966] [i] Finished PUF read-out
[ 6193.727966] <6>[i] Finished PUF query for decaytime: 15360
[ 6193.727966] End measurement:0
[ 6193.727996] [i] Starting the Rowhammer PUF for PandaBoard
[ 6193.727996] Number of PUF rows: 8 PUF init Value :ffffffff Rowhammer rows init Value:ffffffff
[ 6193.728027] [i] Start measurement: 0
[ 6193.728027] [i] Start decaytime: 60
[ 6193.728027] EMIF 2 REG Write 0x80000000 at 0x4d000010
[ 6193.728057] EMIF 2 REG Read 0x80000000 at 0x4d000010
[ 6193.728057] EMIF 2 REG Write 0x80000000 at 0x4d000014
[ 6193.728088] EMIF 2 REG Read 0x00000000 at 0x4d000014
[ 6193.728088] EMIF 2 REG Write 0x08016893 at 0x4d0000cc
[ 6193.728118] EMIF 2 REG Read 0x08016893 at 0x4d0000cc
[ 6193.728118] Temp polling alert disabled
[ 6193.728118] Refresh Disabled at EMIF2
[ 6193.728118] [i] Initialiting PUF & hammer rows
[ 6193.728149] [i] Single-Sided Rowhammer (SSRH)
[ 6193.773132] [i] Finished initialiting PUF & hammer rows
[ 6193.773132] [i]	Timer elapsed since its reset 0 sec
[ 6193.773162] [i] Decay: 60 sec
[ 6193.773162] [i]	Relative Decay: 0 msec
