[ 5111.901306] [i] Total hammer attempts per row: 3726905
[ 5111.901336] EMIF 2 REG Write 0x00000618 at 0x4d000010
[ 5111.901336] EMIF 2 REG Read 0x00000618 at 0x4d000010
[ 5111.901367] EMIF 2 REG Write 0x00000618 at 0x4d000014
[ 5111.901367] EMIF 2 REG Read 0x00000618 at 0x4d000014
[ 5111.901397] EMIF 2 REG Write 0x58016893 at 0x4d0000cc
[ 5111.901397] EMIF 2 REG Read 0x58016893 at 0x4d0000cc
[ 5111.901397] Temp polling alert enabled
[ 5111.901428] Refresh enabled at EMIF2
[ 5111.901428] [i] Starting PUF read-out
[ 5111.901428] [i] Single-Sided Rowhammer (SSRH)
[ 5111.901458] PUF Read:0xffff7fff at 0xa0008000
[ 5111.901458] PUF Read:0xffffffff at 0xa0008004
[ 5111.901458] PUF Read:0xffffffff at 0xa0008008
[ 5111.901458] PUF Read:0xf7ffff7f at 0xa000800c
[ 5111.901458] PUF Read:0xffffffff at 0xa0008010
[ 5111.901580] PUF Read:0xdfffffff at 0xa0008014
[ 5111.901580] PUF Read:0xffff7fff at 0xa0008018
[ 5111.901641] PUF Read:0xfff5ffff at 0xa000801c
[ 5111.901672] PUF Read:0xfdffffff at 0xa0008020
[ 5111.901672] PUF Read:0xffffffff at 0xa0008024
[ 5111.901672] PUF Read:0xffffffff at 0xa0008028
[ 5111.901672] PUF Read:0xffffffff at 0xa000802c
[ 5111.901672] PUF Read:0xfffffffd at 0xa0008030
[ 5111.901672] PUF Read:0xffffffff at 0xa0008034
[ 5111.901824] PUF Read:0xffffffff at 0xa0008038
[ 5111.901855] PUF Read:0xffffffff at 0xa000803c
[ 5111.901855] PUF Read:0xffffdfff at 0xa0008040
[ 5111.901855] PUF Read:0xffffffff at 0xa0008044
[ 5111.901916] PUF Read:0xffffffff at 0xa0008048
[ 5111.901916] PUF Read:0xfffffffd at 0xa000804c
[ 5111.901977] PUF Read:0xf7ffffff at 0xa0008050
[ 5111.902008] PUF Read:0xfffffdff at 0xa0008054
[ 5111.902008] PUF Read:0xffffffdf at 0xa0008058
[ 5111.902008] PUF Read:0xffffffff at 0xa000805c
[ 5111.902069] PUF Read:0xffffffff at 0xa0008060
[ 5111.902069] PUF Read:0xffff7fff at 0xa0008064
[ 5111.902130] PUF Read:0xf7ffffff at 0xa0008068
[ 5111.902160] PUF Read:0xffffffff at 0xa000806c
[ 5111.902160] PUF Read:0xffffffff at 0xa0008070
[ 5111.902160] PUF Read:0xffffffff at 0xa0008074
[ 5111.902221] PUF Read:0xffffffff at 0xa0008078
[ 5111.902221] PUF Read:0xffffffff at 0xa000807c
[ 5111.902282] PUF Read:0xffffffff at 0xa0008080
[ 5111.902313] PUF Read:0xffffffff at 0xa0008084
[ 5111.902313] PUF Read:0xffffffff at 0xa0008088
[ 5111.902374] PUF Read:0xffffffff at 0xa000808c
[ 5111.902374] PUF Read:0xffffdfff at 0xa0008090
[ 5111.902374] PUF Read:0xffffffff at 0xa0008094
[ 5111.902374] PUF Read:0x7fffffff at 0xa0008098
[ 5111.902465] PUF Read:0xffffdfff at 0xa000809c
[ 5111.902465] PUF Read:0xdfffff7f at 0xa00080a0
[ 5111.902465] PUF Read:0xffffffff at 0xa00080a4
[ 5111.902465] PUF Read:0xffdfffff at 0xa00080a8
[ 5111.902465] PUF Read:0xffffdfff at 0xa00080ac
[ 5111.902465] PUF Read:0xffffffff at 0xa00080b0
[ 5111.902618] PUF Read:0x7f7fffff at 0xa00080b4
[ 5111.902618] PUF Read:0xffffffff at 0xa00080b8
[ 5111.902618] PUF Read:0xdfffffff at 0xa00080bc
[ 5111.902618] PUF Read:0xffffffff at 0xa00080c0
[ 5111.902618] PUF Read:0xffffffff at 0xa00080c4
[ 5111.902618] PUF Read:0xfff7ffff at 0xa00080c8
[ 5111.902770] PUF Read:0xffffffff at 0xa00080cc
[ 5111.902770] PUF Read:0xffffffff at 0xa00080d0
[ 5111.902770] PUF Read:0xffff7ffd at 0xa00080d4
[ 5111.902770] PUF Read:0xffff7fff at 0xa00080d8
[ 5111.902770] PUF Read:0xffffffff at 0xa00080dc
[ 5111.902770] PUF Read:0xffffffff at 0xa00080e0
[ 5111.902770] PUF Read:0xffffffff at 0xa00080e4
[ 5111.902954] PUF Read:0xffffffff at 0xa00080e8
[ 5111.902984] PUF Read:0xffffffff at 0xa00080ec
[ 5111.902984] PUF Read:0xdfffffff at 0xa00080f0
[ 5111.902984] PUF Read:0xffffffff at 0xa00080f4
[ 5111.903045] PUF Read:0xffffffff at 0xa00080f8
[ 5111.903045] PUF Read:0xffdfffff at 0xa00080fc
[ 5111.903106] PUF Read:0xffffffff at 0xa0008100
[ 5111.903137] PUF Read:0xffffffff at 0xa0008104
[ 5111.903137] PUF Read:0xfff7ffff at 0xa0008108
[ 5111.903198] PUF Read:0xffffffff at 0xa000810c
[ 5111.903198] PUF Read:0xffffffff at 0xa0008110
[ 5111.903198] PUF Read:0xfdff7fff at 0xa0008114
[ 5111.903259] PUF Read:0xffffffff at 0xa0008118
[ 5111.903289] PUF Read:0xfdff7fff at 0xa000811c
[ 5111.903289] PUF Read:0xffffffff at 0xa0008120
[ 5111.903289] PUF Read:0xffffffff at 0xa0008124
[ 5111.903289] PUF Read:0xffffffff at 0xa0008128
[ 5111.903289] PUF Read:0xffffffff at 0xa000812c
[ 5111.903289] PUF Read:0xffffffff at 0xa0008130
[ 5111.903442] PUF Read:0xffffff7f at 0xa0008134
[ 5111.903442] PUF Read:0xffdfffff at 0xa0008138
[ 5111.903442] PUF Read:0xffffffff at 0xa000813c
[ 5111.903442] PUF Read:0xffffffff at 0xa0008140
[ 5111.903442] PUF Read:0xffffffff at 0xa0008144
[ 5111.903442] PUF Read:0xffffffff at 0xa0008148
[ 5111.903594] PUF Read:0xffffffff at 0xa000814c
[ 5111.903594] PUF Read:0xffffffff at 0xa0008150
[ 5111.903594] PUF Read:0xffffffff at 0xa0008154
[ 5111.903594] PUF Read:0xffffffff at 0xa0008158
[ 5111.903594] PUF Read:0xffffffff at 0xa000815c
[ 5111.903594] PUF Read:0xffffffff at 0xa0008160
[ 5111.903747] PUF Read:0xfff7ffff at 0xa0008164
[ 5111.903747] PUF Read:0xffffffff at 0xa0008168
[ 5111.903747] PUF Read:0xffffffff at 0xa000816c
[ 5111.903747] PUF Read:0x7fffffff at 0xa0008170
[ 5111.903839] PUF Read:0xffffffff at 0xa0008174
[ 5111.903839] PUF Read:0xffffffff at 0xa0008178
[ 5111.903900] PUF Read:0xffffffff at 0xa000817c
[ 5111.903930] PUF Read:0xffff7f7f at 0xa0008180
[ 5111.903930] PUF Read:0xffffffff at 0xa0008184
[ 5111.903930] PUF Read:0xff7fffff at 0xa0008188
[ 5111.903991] PUF Read:0xffffffff at 0xa000818c
[ 5111.903991] PUF Read:0x7fffffff at 0xa0008190
[ 5111.904052] PUF Read:0xffffffff at 0xa0008194
[ 5111.904083] PUF Read:0xffffffff at 0xa0008198
[ 5111.904083] PUF Read:0xffffffff at 0xa000819c
[ 5111.904083] PUF Read:0xffffffff at 0xa00081a0
[ 5111.904144] PUF Read:0xffffffff at 0xa00081a4
[ 5111.904144] PUF Read:0xf7f7ffff at 0xa00081a8
[ 5111.904205] PUF Read:0xffffffff at 0xa00081ac
[ 5111.904235] PUF Read:0xffffffff at 0xa00081b0
[ 5111.904235] PUF Read:0xffffffff at 0xa00081b4
[ 5111.904235] PUF Read:0xffffffff at 0xa00081b8
[ 5111.904235] PUF Read:0xf7ffffff at 0xa00081bc
[ 5111.904235] PUF Read:0xfffddfff at 0xa00081c0
[ 5111.904235] PUF Read:0xffffffff at 0xa00081c4
[ 5111.904388] PUF Read:0xffffffff at 0xa00081c8
[ 5111.904388] PUF Read:0xff7fffff at 0xa00081cc
[ 5111.904388] PUF Read:0xffffffff at 0xa00081d0
[ 5111.904388] PUF Read:0xffffff7f at 0xa00081d4
[ 5111.904388] PUF Read:0xffffffff at 0xa00081d8
[ 5111.904388] PUF Read:0xffffffff at 0xa00081dc
[ 5111.904388] PUF Read:0xfffffff7 at 0xa00081e0
[ 5111.904571] PUF Read:0xffffffff at 0xa00081e4
[ 5111.904571] PUF Read:0xfdffffff at 0xa00081e8
[ 5111.904571] PUF Read:0xff7fffff at 0xa00081ec
[ 5111.904571] PUF Read:0xffdfffff at 0xa00081f0
[ 5111.904571] PUF Read:0xffffffff at 0xa00081f4
[ 5111.904571] PUF Read:0xfffffff7 at 0xa00081f8
[ 5111.904724] PUF Read:0xffffffff at 0xa00081fc
[ 5111.904724] PUF Read:0xdfffffff at 0xa0008200
[ 5111.904724] PUF Read:0xffffffff at 0xa0008204
[ 5111.904724] PUF Read:0xffffffff at 0xa0008208
[ 5111.904815] PUF Read:0xfdffffff at 0xa000820c
[ 5111.904815] PUF Read:0xfffff7fd at 0xa0008210
[ 5111.904876] PUF Read:0xffffffff at 0xa0008214
[ 5111.904907] PUF Read:0xffffffff at 0xa0008218
[ 5111.904907] PUF Read:0xffffffff at 0xa000821c
[ 5111.904907] PUF Read:0xffffffff at 0xa0008220
[ 5111.904968] PUF Read:0xffffffff at 0xa0008224
[ 5111.904968] PUF Read:0xffffffff at 0xa0008228
[ 5111.905029] PUF Read:0xffffffff at 0xa000822c
[ 5111.905059] PUF Read:0xffffffff at 0xa0008230
[ 5111.905059] PUF Read:0x7d7fffff at 0xa0008234
[ 5111.905059] PUF Read:0xffffffff at 0xa0008238
[ 5111.905120] PUF Read:0xdfffffff at 0xa000823c
[ 5111.905120] PUF Read:0xfffff7ff at 0xa0008240
[ 5111.905181] PUF Read:0xffffffff at 0xa0008244
[ 5111.905212] PUF Read:0xffffffff at 0xa0008248
[ 5111.905212] PUF Read:0xffffffff at 0xa000824c
[ 5111.905273] PUF Read:0xffffffff at 0xa0008250
[ 5111.905273] PUF Read:0xffffffff at 0xa0008254
[ 5111.905273] PUF Read:0xffffffff at 0xa0008258
[ 5111.905273] PUF Read:0xffffffff at 0xa000825c
[ 5111.905364] PUF Read:0xffffffff at 0xa0008260
[ 5111.905364] PUF Read:0xffffffff at 0xa0008264
[ 5111.905364] PUF Read:0xffffddff at 0xa0008268
[ 5111.905364] PUF Read:0xffffffff at 0xa000826c
[ 5111.905364] PUF Read:0xffffffff at 0xa0008270
[ 5111.905364] PUF Read:0xffffffff at 0xa0008274
[ 5111.905517] PUF Read:0xffffffff at 0xa0008278
[ 5111.905517] PUF Read:0xffffffff at 0xa000827c
[ 5111.905517] PUF Read:0xffffffff at 0xa0008280
[ 5111.905517] PUF Read:0xf7ffffff at 0xa0008284
[ 5111.905517] PUF Read:0xffffffff at 0xa0008288
[ 5111.905517] PUF Read:0xffffffff at 0xa000828c
[ 5111.905670] PUF Read:0xfffffffd at 0xa0008290
[ 5111.905670] PUF Read:0xfdffffff at 0xa0008294
[ 5111.905670] PUF Read:0xffffffff at 0xa0008298
[ 5111.905670] PUF Read:0xffffffff at 0xa000829c
[ 5111.905670] PUF Read:0xffffffff at 0xa00082a0
[ 5111.905670] PUF Read:0xffffffff at 0xa00082a4
[ 5111.905822] PUF Read:0xffffffff at 0xa00082a8
[ 5111.905822] PUF Read:0xffffffff at 0xa00082ac
[ 5111.905822] PUF Read:0xffffffff at 0xa00082b0
[ 5111.905822] PUF Read:0xffffffff at 0xa00082b4
[ 5111.905822] PUF Read:0xfffdffff at 0xa00082b8
[ 5111.905822] PUF Read:0xffffffff at 0xa00082bc
[ 5111.905975] PUF Read:0xffffffff at 0xa00082c0
[ 5111.906005] PUF Read:0xffffffff at 0xa00082c4
[ 5111.906005] PUF Read:0xffffffff at 0xa00082c8
[ 5111.906066] PUF Read:0xffffffff at 0xa00082cc
[ 5111.906066] PUF Read:0xffffffff at 0xa00082d0
[ 5111.906066] PUF Read:0xffffffff at 0xa00082d4
[ 5111.906127] PUF Read:0xffffffff at 0xa00082d8
[ 5111.906158] PUF Read:0xffffffff at 0xa00082dc
[ 5111.906158] PUF Read:0xffffffff at 0xa00082e0
[ 5111.906158] PUF Read:0xffffffff at 0xa00082e4
[ 5111.906158] PUF Read:0xffffffff at 0xa00082e8
[ 5111.906158] PUF Read:0xffffffff at 0xa00082ec
[ 5111.906158] PUF Read:0xffffffff at 0xa00082f0
[ 5111.906311] PUF Read:0xfffdffff at 0xa00082f4
[ 5111.906311] PUF Read:0xffffffff at 0xa00082f8
[ 5111.906311] PUF Read:0xffffffff at 0xa00082fc
[ 5111.906311] PUF Read:0xffffffff at 0xa0008300
[ 5111.906311] PUF Read:0xffffffff at 0xa0008304
[ 5111.906311] PUF Read:0xffffdfff at 0xa0008308
[ 5111.906463] PUF Read:0xffffffff at 0xa000830c
[ 5111.906463] PUF Read:0xffffffdf at 0xa0008310
[ 5111.906463] PUF Read:0xffffffff at 0xa0008314
[ 5111.906463] PUF Read:0x7fffffff at 0xa0008318
[ 5111.906463] PUF Read:0xffffffff at 0xa000831c
[ 5111.906463] PUF Read:0xffffdfff at 0xa0008320
[ 5111.906616] PUF Read:0xffffffff at 0xa0008324
[ 5111.906616] PUF Read:0xffffffff at 0xa0008328
[ 5111.906616] PUF Read:0xffdffffd at 0xa000832c
[ 5111.906616] PUF Read:0xffffffff at 0xa0008330
[ 5111.906616] PUF Read:0xffffffff at 0xa0008334
[ 5111.906616] PUF Read:0xffffffff at 0xa0008338
[ 5111.906768] PUF Read:0xffffffff at 0xa000833c
[ 5111.906768] PUF Read:0xffffffff at 0xa0008340
[ 5111.906768] PUF Read:0xffffff7f at 0xa0008344
[ 5111.906768] PUF Read:0xffffffff at 0xa0008348
[ 5111.906768] PUF Read:0xffffffff at 0xa000834c
[ 5111.906768] PUF Read:0xffffdfdf at 0xa0008350
[ 5111.906921] PUF Read:0xdfffffff at 0xa0008354
[ 5111.906921] PUF Read:0xffffffff at 0xa0008358
[ 5111.906921] PUF Read:0xffffffff at 0xa000835c
[ 5111.906921] PUF Read:0xffffffff at 0xa0008360
[ 5111.906921] PUF Read:0xffffff7f at 0xa0008364
[ 5111.906921] PUF Read:0xffffdfff at 0xa0008368
[ 5111.907073] PUF Read:0xffffffff at 0xa000836c
[ 5111.907073] PUF Read:0xffffffff at 0xa0008370
[ 5111.907073] PUF Read:0xffffffff at 0xa0008374
[ 5111.907073] PUF Read:0xffffdfff at 0xa0008378
[ 5111.907073] PUF Read:0xffffffff at 0xa000837c
[ 5111.907196] PUF Read:0xfffffffd at 0xa0008380
[ 5111.907226] PUF Read:0xffffffff at 0xa0008384
[ 5111.907226] PUF Read:0xffffffff at 0xa0008388
[ 5111.907287] PUF Read:0xffffffff at 0xa000838c
[ 5111.907287] PUF Read:0xffffffff at 0xa0008390
[ 5111.907287] PUF Read:0xffffffff at 0xa0008394
[ 5111.907348] PUF Read:0xffffffff at 0xa0008398
[ 5111.907379] PUF Read:0xfff7ffff at 0xa000839c
[ 5111.907379] PUF Read:0xffffffff at 0xa00083a0
[ 5111.907440] PUF Read:0xffffffff at 0xa00083a4
[ 5111.907440] PUF Read:0xffffffff at 0xa00083a8
[ 5111.907440] PUF Read:0xffffffff at 0xa00083ac
[ 5111.907440] PUF Read:0xfffffff7 at 0xa00083b0
[ 5111.907440] PUF Read:0xffffffff at 0xa00083b4
[ 5111.907562] PUF Read:0xffffffff at 0xa00083b8
[ 5111.907562] PUF Read:0xffffffff at 0xa00083bc
[ 5111.907562] PUF Read:0xffffffff at 0xa00083c0
[ 5111.907562] PUF Read:0xffffffff at 0xa00083c4
[ 5111.907562] PUF Read:0xffffffff at 0xa00083c8
[ 5111.907562] PUF Read:0xfff7ffff at 0xa00083cc
[ 5111.907714] PUF Read:0xffffffff at 0xa00083d0
[ 5111.907714] PUF Read:0xffffffff at 0xa00083d4
[ 5111.907714] PUF Read:0xff7fffff at 0xa00083d8
[ 5111.907714] PUF Read:0xfffff7ff at 0xa00083dc
[ 5111.907714] PUF Read:0xfffffffd at 0xa00083e0
[ 5111.907714] PUF Read:0xf77ffdff at 0xa00083e4
[ 5111.907867] PUF Read:0xffffff7f at 0xa00083e8
[ 5111.907897] PUF Read:0xffffff7f at 0xa00083ec
[ 5111.907897] PUF Read:0xfffdffff at 0xa00083f0
[ 5111.907897] PUF Read:0xffffffff at 0xa00083f4
[ 5111.907958] PUF Read:0xffffffff at 0xa00083f8
[ 5111.907958] PUF Read:0xdfffffff at 0xa00083fc
[ 5111.908020] [i] Finished PUF read-out
[ 5111.908020] <6>[i] Finished PUF query for decaytime: 15360
[ 5111.908020] End measurement:0
[ 5111.908050] [i] Starting the Rowhammer PUF for PandaBoard
[ 5111.908050] Number of PUF rows: 8 PUF init Value :ffffffff Rowhammer rows init Value:55555555
[ 5111.908050] [i] Start measurement: 0
[ 5111.908081] [i] Start decaytime: 60
[ 5111.908081] EMIF 2 REG Write 0x80000000 at 0x4d000010
[ 5111.908111] EMIF 2 REG Read 0x80000000 at 0x4d000010
[ 5111.908111] EMIF 2 REG Write 0x80000000 at 0x4d000014
[ 5111.908142] EMIF 2 REG Read 0x00000000 at 0x4d000014
[ 5111.908142] EMIF 2 REG Write 0x08016893 at 0x4d0000cc
[ 5111.908142] EMIF 2 REG Read 0x08016893 at 0x4d0000cc
[ 5111.908172] Temp polling alert disabled
[ 5111.908172] Refresh Disabled at EMIF2
[ 5111.908172] [i] Initialiting PUF & hammer rows
[ 5111.908203] [i] Single-Sided Rowhammer (SSRH)
[ 5111.940460] [i] Finished initialiting PUF & hammer rows
[ 5111.952972] [i]	Timer elapsed since its reset 0 sec
[ 5111.952972] [i] Decay: 60 sec
[ 5111.952972] [i]	Relative Decay: 0 msec
