[  784.525970] [i] Total hammer attempts per row: 3726415
[  784.525970] EMIF 2 REG Write 0x00000618 at 0x4d000010
[  784.526000] EMIF 2 REG Read 0x00000618 at 0x4d000010
[  784.526000] EMIF 2 REG Write 0x00000618 at 0x4d000014
[  784.526031] EMIF 2 REG Read 0x00000618 at 0x4d000014
[  784.526031] EMIF 2 REG Write 0x58016893 at 0x4d0000cc
[  784.526062] EMIF 2 REG Read 0x58016893 at 0x4d0000cc
[  784.526062] Temp polling alert enabled
[  784.526062] Refresh enabled at EMIF2
[  784.526092] [i] Starting PUF read-out
[  784.526092] [i] Single-Sided Rowhammer (SSRH)
[  784.526123] PUF Read:0x00000010 at 0xa0008000
[  784.526123] PUF Read:0x00000000 at 0xa0008004
[  784.526123] PUF Read:0x00000000 at 0xa0008008
[  784.526184] PUF Read:0x00000000 at 0xa000800c
[  784.526184] PUF Read:0x00000000 at 0xa0008010
[  784.526184] PUF Read:0x00000100 at 0xa0008014
[  784.526275] PUF Read:0x00000000 at 0xa0008018
[  784.526275] PUF Read:0x00000000 at 0xa000801c
[  784.526275] PUF Read:0x00000000 at 0xa0008020
[  784.526275] PUF Read:0x40004000 at 0xa0008024
[  784.526275] PUF Read:0x00000000 at 0xa0008028
[  784.526275] PUF Read:0x00000010 at 0xa000802c
[  784.526428] PUF Read:0x00000000 at 0xa0008030
[  784.526458] PUF Read:0x04000000 at 0xa0008034
[  784.526458] PUF Read:0x00000000 at 0xa0008038
[  784.526458] PUF Read:0x00000000 at 0xa000803c
[  784.526519] PUF Read:0x00000001 at 0xa0008040
[  784.526519] PUF Read:0x00004000 at 0xa0008044
[  784.526580] PUF Read:0x00000000 at 0xa0008048
[  784.526611] PUF Read:0x00000000 at 0xa000804c
[  784.526611] PUF Read:0x00000000 at 0xa0008050
[  784.526611] PUF Read:0x00000000 at 0xa0008054
[  784.526672] PUF Read:0x00000000 at 0xa0008058
[  784.526672] PUF Read:0x00000000 at 0xa000805c
[  784.526672] PUF Read:0x00000000 at 0xa0008060
[  784.526763] PUF Read:0x00000000 at 0xa0008064
[  784.526763] PUF Read:0x00000000 at 0xa0008068
[  784.526763] PUF Read:0x00000000 at 0xa000806c
[  784.526763] PUF Read:0x00000000 at 0xa0008070
[  784.526763] PUF Read:0x00000000 at 0xa0008074
[  784.526763] PUF Read:0x00000000 at 0xa0008078
[  784.526916] PUF Read:0x00010000 at 0xa000807c
[  784.526916] PUF Read:0x00010000 at 0xa0008080
[  784.526916] PUF Read:0x00000000 at 0xa0008084
[  784.526916] PUF Read:0x00000000 at 0xa0008088
[  784.526916] PUF Read:0x00000000 at 0xa000808c
[  784.527038] PUF Read:0x00000000 at 0xa0008090
[  784.527069] PUF Read:0x00000000 at 0xa0008094
[  784.527069] PUF Read:0x00010001 at 0xa0008098
[  784.527130] PUF Read:0x00000000 at 0xa000809c
[  784.527130] PUF Read:0x00000000 at 0xa00080a0
[  784.527130] PUF Read:0x00010000 at 0xa00080a4
[  784.527191] PUF Read:0x00000001 at 0xa00080a8
[  784.527221] PUF Read:0x00000041 at 0xa00080ac
[  784.527221] PUF Read:0x00000000 at 0xa00080b0
[  784.527221] PUF Read:0x00000000 at 0xa00080b4
[  784.527282] PUF Read:0x00004000 at 0xa00080b8
[  784.527282] PUF Read:0x00000000 at 0xa00080bc
[  784.527343] PUF Read:0x00000000 at 0xa00080c0
[  784.527374] PUF Read:0x00000000 at 0xa00080c4
[  784.527374] PUF Read:0x00000000 at 0xa00080c8
[  784.527374] PUF Read:0x01000000 at 0xa00080cc
[  784.527435] PUF Read:0x40044000 at 0xa00080d0
[  784.527435] PUF Read:0x00000000 at 0xa00080d4
[  784.527496] PUF Read:0x00001000 at 0xa00080d8
[  784.527526] PUF Read:0x00000000 at 0xa00080dc
[  784.527526] PUF Read:0x01000000 at 0xa00080e0
[  784.527587] PUF Read:0x00000000 at 0xa00080e4
[  784.527587] PUF Read:0x00000000 at 0xa00080e8
[  784.527587] PUF Read:0x00000001 at 0xa00080ec
[  784.527648] PUF Read:0x00000000 at 0xa00080f0
[  784.527679] PUF Read:0x00000000 at 0xa00080f4
[  784.527679] PUF Read:0x00000100 at 0xa00080f8
[  784.527679] PUF Read:0x00000000 at 0xa00080fc
[  784.527740] PUF Read:0x00000000 at 0xa0008100
[  784.527740] PUF Read:0x00000000 at 0xa0008104
[  784.527801] PUF Read:0x00000000 at 0xa0008108
[  784.527832] PUF Read:0x00000000 at 0xa000810c
[  784.527832] PUF Read:0x00000000 at 0xa0008110
[  784.527832] PUF Read:0x00400000 at 0xa0008114
[  784.527893] PUF Read:0x00000000 at 0xa0008118
[  784.527893] PUF Read:0x00000000 at 0xa000811c
[  784.527954] PUF Read:0x00000000 at 0xa0008120
[  784.527984] PUF Read:0x00000400 at 0xa0008124
[  784.527984] PUF Read:0x00000040 at 0xa0008128
[  784.527984] PUF Read:0x00000000 at 0xa000812c
[  784.528045] PUF Read:0x00000000 at 0xa0008130
[  784.528045] PUF Read:0x00000000 at 0xa0008134
[  784.528106] PUF Read:0x00010000 at 0xa0008138
[  784.528137] PUF Read:0x00000000 at 0xa000813c
[  784.528137] PUF Read:0x00000400 at 0xa0008140
[  784.528137] PUF Read:0x00000000 at 0xa0008144
[  784.528198] PUF Read:0x00100400 at 0xa0008148
[  784.528198] PUF Read:0x00000000 at 0xa000814c
[  784.528198] PUF Read:0x00000000 at 0xa0008150
[  784.528289] PUF Read:0x00000000 at 0xa0008154
[  784.528289] PUF Read:0x00000000 at 0xa0008158
[  784.528289] PUF Read:0x00100040 at 0xa000815c
[  784.528289] PUF Read:0x00000000 at 0xa0008160
[  784.528289] PUF Read:0x00000000 at 0xa0008164
[  784.528289] PUF Read:0x04000000 at 0xa0008168
[  784.528442] PUF Read:0x00400000 at 0xa000816c
[  784.528442] PUF Read:0x00000000 at 0xa0008170
[  784.528442] PUF Read:0x00100000 at 0xa0008174
[  784.528442] PUF Read:0x00000000 at 0xa0008178
[  784.528442] PUF Read:0x00000000 at 0xa000817c
[  784.528442] PUF Read:0x00000000 at 0xa0008180
[  784.528594] PUF Read:0x00000000 at 0xa0008184
[  784.528594] PUF Read:0x00040000 at 0xa0008188
[  784.528656] PUF Read:0x00000040 at 0xa000818c
[  784.528656] PUF Read:0x00000000 at 0xa0008190
[  784.528656] PUF Read:0x40000000 at 0xa0008194
[  784.528717] PUF Read:0x00000000 at 0xa0008198
[  784.528747] PUF Read:0x00000000 at 0xa000819c
[  784.528747] PUF Read:0x00000000 at 0xa00081a0
[  784.528747] PUF Read:0x00000000 at 0xa00081a4
[  784.528808] PUF Read:0x00000000 at 0xa00081a8
[  784.528808] PUF Read:0x00000000 at 0xa00081ac
[  784.528869] PUF Read:0x00410000 at 0xa00081b0
[  784.528900] PUF Read:0x00000000 at 0xa00081b4
[  784.528900] PUF Read:0x00000000 at 0xa00081b8
[  784.528900] PUF Read:0x00000000 at 0xa00081bc
[  784.528961] PUF Read:0x00000000 at 0xa00081c0
[  784.528961] PUF Read:0x00000004 at 0xa00081c4
[  784.529022] PUF Read:0x00000000 at 0xa00081c8
[  784.529052] PUF Read:0x00010000 at 0xa00081cc
[  784.529052] PUF Read:0x10000000 at 0xa00081d0
[  784.529052] PUF Read:0x00000000 at 0xa00081d4
[  784.529113] PUF Read:0x00000000 at 0xa00081d8
[  784.529113] PUF Read:0x00000000 at 0xa00081dc
[  784.529174] PUF Read:0x00000000 at 0xa00081e0
[  784.529205] PUF Read:0x00000040 at 0xa00081e4
[  784.529205] PUF Read:0x00000000 at 0xa00081e8
[  784.529205] PUF Read:0x00000000 at 0xa00081ec
[  784.529266] PUF Read:0x00000001 at 0xa00081f0
[  784.529266] PUF Read:0x00000400 at 0xa00081f4
[  784.529327] PUF Read:0x00000000 at 0xa00081f8
[  784.529357] PUF Read:0x00000040 at 0xa00081fc
[  784.529357] PUF Read:0x00000000 at 0xa0008200
[  784.529357] PUF Read:0x00000000 at 0xa0008204
[  784.529418] PUF Read:0x00000010 at 0xa0008208
[  784.529418] PUF Read:0x00000000 at 0xa000820c
[  784.529479] PUF Read:0x00000000 at 0xa0008210
[  784.529479] PUF Read:0x00000000 at 0xa0008214
[  784.529479] PUF Read:0x00000400 at 0xa0008218
[  784.529479] PUF Read:0x00000000 at 0xa000821c
[  784.529479] PUF Read:0x00000000 at 0xa0008220
[  784.529479] PUF Read:0x00100000 at 0xa0008224
[  784.529632] PUF Read:0x00000000 at 0xa0008228
[  784.529632] PUF Read:0x00000000 at 0xa000822c
[  784.529693] PUF Read:0x00000400 at 0xa0008230
[  784.529693] PUF Read:0x00400000 at 0xa0008234
[  784.529693] PUF Read:0x00000000 at 0xa0008238
[  784.529754] PUF Read:0x00000000 at 0xa000823c
[  784.529785] PUF Read:0x00000000 at 0xa0008240
[  784.529815] PUF Read:0x00000000 at 0xa0008244
[  784.529815] PUF Read:0x00000000 at 0xa0008248
[  784.529815] PUF Read:0x00000000 at 0xa000824c
[  784.529876] PUF Read:0x00000000 at 0xa0008250
[  784.529876] PUF Read:0x00100000 at 0xa0008254
[  784.529937] PUF Read:0x00000000 at 0xa0008258
[  784.529968] PUF Read:0x00040000 at 0xa000825c
[  784.529968] PUF Read:0x00000000 at 0xa0008260
[  784.529968] PUF Read:0x00000000 at 0xa0008264
[  784.530029] PUF Read:0x00000400 at 0xa0008268
[  784.530029] PUF Read:0x00000000 at 0xa000826c
[  784.530090] PUF Read:0x00000000 at 0xa0008270
[  784.530120] PUF Read:0x00000000 at 0xa0008274
[  784.530120] PUF Read:0x00000040 at 0xa0008278
[  784.530120] PUF Read:0x00000000 at 0xa000827c
[  784.530181] PUF Read:0x40000000 at 0xa0008280
[  784.530181] PUF Read:0x00000000 at 0xa0008284
[  784.530242] PUF Read:0x00400000 at 0xa0008288
[  784.530242] PUF Read:0x00000000 at 0xa000828c
[  784.530242] PUF Read:0x00000000 at 0xa0008290
[  784.530242] PUF Read:0x00000000 at 0xa0008294
[  784.530242] PUF Read:0x00000000 at 0xa0008298
[  784.530242] PUF Read:0x00000000 at 0xa000829c
[  784.530395] PUF Read:0x00000000 at 0xa00082a0
[  784.530395] PUF Read:0x00001000 at 0xa00082a4
[  784.530456] PUF Read:0x00000000 at 0xa00082a8
[  784.530456] PUF Read:0x00000000 at 0xa00082ac
[  784.530456] PUF Read:0x00000000 at 0xa00082b0
[  784.530517] PUF Read:0x00000000 at 0xa00082b4
[  784.530548] PUF Read:0x00000040 at 0xa00082b8
[  784.530548] PUF Read:0x00000000 at 0xa00082bc
[  784.530548] PUF Read:0x00000000 at 0xa00082c0
[  784.530609] PUF Read:0x00000000 at 0xa00082c4
[  784.530609] PUF Read:0x10000000 at 0xa00082c8
[  784.530670] PUF Read:0x00000000 at 0xa00082cc
[  784.530700] PUF Read:0x00100000 at 0xa00082d0
[  784.530700] PUF Read:0x00000000 at 0xa00082d4
[  784.530700] PUF Read:0x00000000 at 0xa00082d8
[  784.530700] PUF Read:0x00004000 at 0xa00082dc
[  784.530700] PUF Read:0x00000000 at 0xa00082e0
[  784.530822] PUF Read:0x00000400 at 0xa00082e4
[  784.530822] PUF Read:0x00000100 at 0xa00082e8
[  784.530822] PUF Read:0x00000001 at 0xa00082ec
[  784.530822] PUF Read:0x00000000 at 0xa00082f0
[  784.530822] PUF Read:0x00000000 at 0xa00082f4
[  784.530822] PUF Read:0x00000000 at 0xa00082f8
[  784.530975] PUF Read:0x00000000 at 0xa00082fc
[  784.530975] PUF Read:0x00000000 at 0xa0008300
[  784.531036] PUF Read:0x00000000 at 0xa0008304
[  784.531036] PUF Read:0x00000000 at 0xa0008308
[  784.531036] PUF Read:0x00000000 at 0xa000830c
[  784.531097] PUF Read:0x00000000 at 0xa0008310
[  784.531127] PUF Read:0x00000000 at 0xa0008314
[  784.531127] PUF Read:0x01400000 at 0xa0008318
[  784.531127] PUF Read:0x10000000 at 0xa000831c
[  784.531188] PUF Read:0x00000000 at 0xa0008320
[  784.531188] PUF Read:0x00000000 at 0xa0008324
[  784.531249] PUF Read:0x00000000 at 0xa0008328
[  784.531280] PUF Read:0x00000000 at 0xa000832c
[  784.531280] PUF Read:0x00000004 at 0xa0008330
[  784.531280] PUF Read:0x00000000 at 0xa0008334
[  784.531280] PUF Read:0x00001000 at 0xa0008338
[  784.531372] PUF Read:0x00000000 at 0xa000833c
[  784.531372] PUF Read:0x10000000 at 0xa0008340
[  784.531433] PUF Read:0x00000001 at 0xa0008344
[  784.531463] PUF Read:0x00000000 at 0xa0008348
[  784.531463] PUF Read:0x00000100 at 0xa000834c
[  784.531463] PUF Read:0x00000000 at 0xa0008350
[  784.531524] PUF Read:0x00000000 at 0xa0008354
[  784.531524] PUF Read:0x00000000 at 0xa0008358
[  784.531585] PUF Read:0x00000000 at 0xa000835c
[  784.531585] PUF Read:0x00010000 at 0xa0008360
[  784.531585] PUF Read:0x00000000 at 0xa0008364
[  784.531585] PUF Read:0x00000000 at 0xa0008368
[  784.531585] PUF Read:0x00000400 at 0xa000836c
[  784.531585] PUF Read:0x00000000 at 0xa0008370
[  784.531738] PUF Read:0x00000000 at 0xa0008374
[  784.531738] PUF Read:0x40000000 at 0xa0008378
[  784.531738] PUF Read:0x00000000 at 0xa000837c
[  784.531799] PUF Read:0x00000000 at 0xa0008380
[  784.531799] PUF Read:0x00000000 at 0xa0008384
[  784.531860] PUF Read:0x00000000 at 0xa0008388
[  784.531890] PUF Read:0x00000000 at 0xa000838c
[  784.531890] PUF Read:0x00000001 at 0xa0008390
[  784.531890] PUF Read:0x00000100 at 0xa0008394
[  784.531951] PUF Read:0x00000000 at 0xa0008398
[  784.531951] PUF Read:0x00000000 at 0xa000839c
[  784.532012] PUF Read:0x00000000 at 0xa00083a0
[  784.532043] PUF Read:0x00000000 at 0xa00083a4
[  784.532043] PUF Read:0x00000000 at 0xa00083a8
[  784.532043] PUF Read:0x00001000 at 0xa00083ac
[  784.532104] PUF Read:0x00000000 at 0xa00083b0
[  784.532104] PUF Read:0x00000000 at 0xa00083b4
[  784.532165] PUF Read:0x00000000 at 0xa00083b8
[  784.532165] PUF Read:0x00000000 at 0xa00083bc
[  784.532165] PUF Read:0x00000000 at 0xa00083c0
[  784.532165] PUF Read:0x04000000 at 0xa00083c4
[  784.532165] PUF Read:0x00000000 at 0xa00083c8
[  784.532287] PUF Read:0x00000000 at 0xa00083cc
[  784.532318] PUF Read:0x00000000 at 0xa00083d0
[  784.532318] PUF Read:0x00010000 at 0xa00083d4
[  784.532379] PUF Read:0x00000000 at 0xa00083d8
[  784.532379] PUF Read:0x00000000 at 0xa00083dc
[  784.532379] PUF Read:0x00140000 at 0xa00083e0
[  784.532440] PUF Read:0x10000000 at 0xa00083e4
[  784.532470] PUF Read:0x00000000 at 0xa00083e8
[  784.532470] PUF Read:0x00000000 at 0xa00083ec
[  784.532470] PUF Read:0x00000400 at 0xa00083f0
[  784.532531] PUF Read:0x00000000 at 0xa00083f4
[  784.532531] PUF Read:0x00000004 at 0xa00083f8
[  784.532592] PUF Read:0x00040000 at 0xa00083fc
[  784.532623] [i] Finished PUF read-out
[  784.532623] <6>[i] Finished PUF query for decaytime: 15360
[  784.532623] End measurement:0
[  784.532653] [i] Starting the Rowhammer PUF for PandaBoard
[  784.532653] Number of PUF rows: 8 PUF init Value :0 Rowhammer rows init Value:55555555
[  784.532653] [i] Start measurement: 0
[  784.532684] [i] Start decaytime: 60
[  784.532684] EMIF 2 REG Write 0x80000000 at 0x4d000010
[  784.532684] EMIF 2 REG Read 0x80000000 at 0x4d000010
[  784.532714] EMIF 2 REG Write 0x80000000 at 0x4d000014
[  784.532714] EMIF 2 REG Read 0x00000000 at 0x4d000014
[  784.532745] EMIF 2 REG Write 0x08016893 at 0x4d0000cc
[  784.532745] EMIF 2 REG Read 0x08016893 at 0x4d0000cc
[  784.532775] Temp polling alert disabled
[  784.532775] Refresh Disabled at EMIF2
[  784.532775] [i] Initialiting PUF & hammer rows
[  784.532806] [i] Single-Sided Rowhammer (SSRH)
[  784.557159] [i] Finished initialiting PUF & hammer rows
[  784.577423] [i]	Timer elapsed since its reset 0 sec
[  784.577423] [i] Decay: 60 sec
[  784.577423] [i]	Relative Decay: 0 msec
