[ 5532.822845] [i] Total hammer attempts per row: 1863084
[ 5532.822875] EMIF 2 REG Write 0x00000618 at 0x4d000010
[ 5532.822875] EMIF 2 REG Read 0x00000618 at 0x4d000010
[ 5532.822906] EMIF 2 REG Write 0x00000618 at 0x4d000014
[ 5532.822906] EMIF 2 REG Read 0x00000618 at 0x4d000014
[ 5532.822937] EMIF 2 REG Write 0x58016893 at 0x4d0000cc
[ 5532.822937] EMIF 2 REG Read 0x58016893 at 0x4d0000cc
[ 5532.822937] Temp polling alert enabled
[ 5532.822967] Refresh enabled at EMIF2
[ 5532.822967] [i] Starting PUF read-out
[ 5532.822967] [i] Single-Sided Rowhammer (SSRH)
[ 5532.822998] PUF Read:0xffff7fff at 0xa0008000
[ 5532.823028] PUF Read:0xffffffff at 0xa0008004
[ 5532.823028] PUF Read:0xffffffff at 0xa0008008
[ 5532.823028] PUF Read:0xffffffff at 0xa000800c
[ 5532.823028] PUF Read:0xffffffff at 0xa0008010
[ 5532.823120] PUF Read:0xffffffff at 0xa0008014
[ 5532.823120] PUF Read:0xffffffff at 0xa0008018
[ 5532.823120] PUF Read:0xffffffff at 0xa000801c
[ 5532.823211] PUF Read:0xffffffff at 0xa0008020
[ 5532.823211] PUF Read:0xffffffff at 0xa0008024
[ 5532.823211] PUF Read:0xffffffff at 0xa0008028
[ 5532.823211] PUF Read:0xffffffff at 0xa000802c
[ 5532.823303] PUF Read:0xffffffff at 0xa0008030
[ 5532.823303] PUF Read:0xffffffff at 0xa0008034
[ 5532.823364] PUF Read:0xffffffff at 0xa0008038
[ 5532.823394] PUF Read:0xffffffff at 0xa000803c
[ 5532.823394] PUF Read:0xffffffff at 0xa0008040
[ 5532.823394] PUF Read:0xffffffff at 0xa0008044
[ 5532.823394] PUF Read:0xffffffff at 0xa0008048
[ 5532.823394] PUF Read:0xffffffff at 0xa000804c
[ 5532.823394] PUF Read:0xffffffff at 0xa0008050
[ 5532.823547] PUF Read:0xffffffff at 0xa0008054
[ 5532.823577] PUF Read:0xffffffdf at 0xa0008058
[ 5532.823577] PUF Read:0xffffffff at 0xa000805c
[ 5532.823577] PUF Read:0xffffffff at 0xa0008060
[ 5532.823638] PUF Read:0xffff7fff at 0xa0008064
[ 5532.823638] PUF Read:0xffffffff at 0xa0008068
[ 5532.823699] PUF Read:0xffffffff at 0xa000806c
[ 5532.823730] PUF Read:0xffffffff at 0xa0008070
[ 5532.823730] PUF Read:0xffffffff at 0xa0008074
[ 5532.823730] PUF Read:0xffffffff at 0xa0008078
[ 5532.823791] PUF Read:0xffffffff at 0xa000807c
[ 5532.823791] PUF Read:0xffffffff at 0xa0008080
[ 5532.823852] PUF Read:0xffffffff at 0xa0008084
[ 5532.823883] PUF Read:0xffffffff at 0xa0008088
[ 5532.823883] PUF Read:0xffffffff at 0xa000808c
[ 5532.823883] PUF Read:0xffffdfff at 0xa0008090
[ 5532.823944] PUF Read:0xffffffff at 0xa0008094
[ 5532.823944] PUF Read:0xffffffff at 0xa0008098
[ 5532.824005] PUF Read:0xffffffff at 0xa000809c
[ 5532.824035] PUF Read:0xffffffff at 0xa00080a0
[ 5532.824035] PUF Read:0xffffffff at 0xa00080a4
[ 5532.824035] PUF Read:0xffffffff at 0xa00080a8
[ 5532.824096] PUF Read:0xffffffff at 0xa00080ac
[ 5532.824096] PUF Read:0xffffffff at 0xa00080b0
[ 5532.824157] PUF Read:0xff7fffff at 0xa00080b4
[ 5532.824188] PUF Read:0xffffffff at 0xa00080b8
[ 5532.824188] PUF Read:0xdfffffff at 0xa00080bc
[ 5532.824188] PUF Read:0xffffffff at 0xa00080c0
[ 5532.824249] PUF Read:0xffffffff at 0xa00080c4
[ 5532.824249] PUF Read:0xfff7ffff at 0xa00080c8
[ 5532.824310] PUF Read:0xffffffff at 0xa00080cc
[ 5532.824340] PUF Read:0xffffffff at 0xa00080d0
[ 5532.824340] PUF Read:0xffffffff at 0xa00080d4
[ 5532.824340] PUF Read:0xffffffff at 0xa00080d8
[ 5532.824401] PUF Read:0xffffffff at 0xa00080dc
[ 5532.824401] PUF Read:0xffffffff at 0xa00080e0
[ 5532.824462] PUF Read:0xffffffff at 0xa00080e4
[ 5532.824493] PUF Read:0xffffffff at 0xa00080e8
[ 5532.824493] PUF Read:0xffffffff at 0xa00080ec
[ 5532.824493] PUF Read:0xdfffffff at 0xa00080f0
[ 5532.824554] PUF Read:0xffffffff at 0xa00080f4
[ 5532.824554] PUF Read:0xffffffff at 0xa00080f8
[ 5532.824615] PUF Read:0xffffffff at 0xa00080fc
[ 5532.824645] PUF Read:0xffffffff at 0xa0008100
[ 5532.824645] PUF Read:0xffffffff at 0xa0008104
[ 5532.824645] PUF Read:0xffffffff at 0xa0008108
[ 5532.824707] PUF Read:0xffffffff at 0xa000810c
[ 5532.824707] PUF Read:0xffffffff at 0xa0008110
[ 5532.824768] PUF Read:0xffffffff at 0xa0008114
[ 5532.824798] PUF Read:0xffffffff at 0xa0008118
[ 5532.824798] PUF Read:0xffffffff at 0xa000811c
[ 5532.824798] PUF Read:0xffffffff at 0xa0008120
[ 5532.824859] PUF Read:0xffffffff at 0xa0008124
[ 5532.824859] PUF Read:0xffffffff at 0xa0008128
[ 5532.824920] PUF Read:0xffffffff at 0xa000812c
[ 5532.824951] PUF Read:0xffffffff at 0xa0008130
[ 5532.824951] PUF Read:0xffffffff at 0xa0008134
[ 5532.825012] PUF Read:0xffdfffff at 0xa0008138
[ 5532.825012] PUF Read:0xffffffff at 0xa000813c
[ 5532.825012] PUF Read:0xffffffff at 0xa0008140
[ 5532.825012] PUF Read:0xffffffff at 0xa0008144
[ 5532.825103] PUF Read:0xffffffff at 0xa0008148
[ 5532.825103] PUF Read:0xffffffff at 0xa000814c
[ 5532.825103] PUF Read:0xffffffff at 0xa0008150
[ 5532.825103] PUF Read:0xffffffff at 0xa0008154
[ 5532.825103] PUF Read:0xffffffff at 0xa0008158
[ 5532.825103] PUF Read:0xffffffff at 0xa000815c
[ 5532.825256] PUF Read:0xffffffff at 0xa0008160
[ 5532.825256] PUF Read:0xffffffff at 0xa0008164
[ 5532.825256] PUF Read:0xffffffff at 0xa0008168
[ 5532.825256] PUF Read:0xffffffff at 0xa000816c
[ 5532.825256] PUF Read:0xffffffff at 0xa0008170
[ 5532.825256] PUF Read:0xffffffff at 0xa0008174
[ 5532.825408] PUF Read:0xffffffff at 0xa0008178
[ 5532.825408] PUF Read:0xffffffff at 0xa000817c
[ 5532.825408] PUF Read:0xffff7f7f at 0xa0008180
[ 5532.825408] PUF Read:0xffffffff at 0xa0008184
[ 5532.825408] PUF Read:0xffffffff at 0xa0008188
[ 5532.825408] PUF Read:0xffffffff at 0xa000818c
[ 5532.825561] PUF Read:0xffffffff at 0xa0008190
[ 5532.825561] PUF Read:0xffffffff at 0xa0008194
[ 5532.825561] PUF Read:0xffffffff at 0xa0008198
[ 5532.825561] PUF Read:0xffffffff at 0xa000819c
[ 5532.825561] PUF Read:0xffffffff at 0xa00081a0
[ 5532.825561] PUF Read:0xffffffff at 0xa00081a4
[ 5532.825714] PUF Read:0xffffffff at 0xa00081a8
[ 5532.825714] PUF Read:0xffffffff at 0xa00081ac
[ 5532.825714] PUF Read:0xffffffff at 0xa00081b0
[ 5532.825714] PUF Read:0xffffffff at 0xa00081b4
[ 5532.825714] PUF Read:0xffffffff at 0xa00081b8
[ 5532.825714] PUF Read:0xffffffff at 0xa00081bc
[ 5532.825866] PUF Read:0xffffffff at 0xa00081c0
[ 5532.825866] PUF Read:0xffffffff at 0xa00081c4
[ 5532.825866] PUF Read:0xffffffff at 0xa00081c8
[ 5532.825866] PUF Read:0xffffffff at 0xa00081cc
[ 5532.825866] PUF Read:0xffffffff at 0xa00081d0
[ 5532.825988] PUF Read:0xffffffff at 0xa00081d4
[ 5532.826019] PUF Read:0xffffffff at 0xa00081d8
[ 5532.826019] PUF Read:0xffffffff at 0xa00081dc
[ 5532.826019] PUF Read:0xffffffff at 0xa00081e0
[ 5532.826019] PUF Read:0xffffffff at 0xa00081e4
[ 5532.826019] PUF Read:0xffffffff at 0xa00081e8
[ 5532.826019] PUF Read:0xff7fffff at 0xa00081ec
[ 5532.826171] PUF Read:0xffffffff at 0xa00081f0
[ 5532.826171] PUF Read:0xffffffff at 0xa00081f4
[ 5532.826171] PUF Read:0xfffffff7 at 0xa00081f8
[ 5532.826171] PUF Read:0xffffffff at 0xa00081fc
[ 5532.826171] PUF Read:0xffffffff at 0xa0008200
[ 5532.826171] PUF Read:0xffffffff at 0xa0008204
[ 5532.826324] PUF Read:0xffffffff at 0xa0008208
[ 5532.826324] PUF Read:0xfdffffff at 0xa000820c
[ 5532.826324] PUF Read:0xffffffff at 0xa0008210
[ 5532.826416] PUF Read:0xffffffff at 0xa0008214
[ 5532.826416] PUF Read:0xffffffff at 0xa0008218
[ 5532.826416] PUF Read:0xffffffff at 0xa000821c
[ 5532.826416] PUF Read:0xffffffff at 0xa0008220
[ 5532.826507] PUF Read:0xffffffff at 0xa0008224
[ 5532.826507] PUF Read:0xffffffff at 0xa0008228
[ 5532.826507] PUF Read:0xffffffff at 0xa000822c
[ 5532.826507] PUF Read:0xffffffff at 0xa0008230
[ 5532.826507] PUF Read:0xfdffffff at 0xa0008234
[ 5532.826507] PUF Read:0xffffffff at 0xa0008238
[ 5532.826660] PUF Read:0xffffffff at 0xa000823c
[ 5532.826660] PUF Read:0xffffffff at 0xa0008240
[ 5532.826660] PUF Read:0xffffffff at 0xa0008244
[ 5532.826660] PUF Read:0xffffffff at 0xa0008248
[ 5532.826660] PUF Read:0xffffffff at 0xa000824c
[ 5532.826660] PUF Read:0xffffffff at 0xa0008250
[ 5532.826812] PUF Read:0xffffffff at 0xa0008254
[ 5532.826812] PUF Read:0xffffffff at 0xa0008258
[ 5532.826812] PUF Read:0xffffffff at 0xa000825c
[ 5532.826812] PUF Read:0xffffffff at 0xa0008260
[ 5532.826812] PUF Read:0xffffffff at 0xa0008264
[ 5532.826812] PUF Read:0xffffffff at 0xa0008268
[ 5532.826965] PUF Read:0xffffffff at 0xa000826c
[ 5532.826965] PUF Read:0xffffffff at 0xa0008270
[ 5532.826965] PUF Read:0xffffffff at 0xa0008274
[ 5532.826965] PUF Read:0xffffffff at 0xa0008278
[ 5532.826965] PUF Read:0xffffffff at 0xa000827c
[ 5532.826965] PUF Read:0xffffffff at 0xa0008280
[ 5532.827117] PUF Read:0xffffffff at 0xa0008284
[ 5532.827117] PUF Read:0xffffffff at 0xa0008288
[ 5532.827117] PUF Read:0xffffffff at 0xa000828c
[ 5532.827117] PUF Read:0xffffffff at 0xa0008290
[ 5532.827117] PUF Read:0xffffffff at 0xa0008294
[ 5532.827117] PUF Read:0xffffffff at 0xa0008298
[ 5532.827270] PUF Read:0xffffffff at 0xa000829c
[ 5532.827270] PUF Read:0xffffffff at 0xa00082a0
[ 5532.827270] PUF Read:0xffffffff at 0xa00082a4
[ 5532.827270] PUF Read:0xffffffff at 0xa00082a8
[ 5532.827270] PUF Read:0xffffffff at 0xa00082ac
[ 5532.827270] PUF Read:0xffffffff at 0xa00082b0
[ 5532.827423] PUF Read:0xffffffff at 0xa00082b4
[ 5532.827423] PUF Read:0xffffffff at 0xa00082b8
[ 5532.827423] PUF Read:0xffffffff at 0xa00082bc
[ 5532.827423] PUF Read:0xffffffff at 0xa00082c0
[ 5532.827423] PUF Read:0xffffffff at 0xa00082c4
[ 5532.827423] PUF Read:0xffffffff at 0xa00082c8
[ 5532.827575] PUF Read:0xffffffff at 0xa00082cc
[ 5532.827575] PUF Read:0xffffffff at 0xa00082d0
[ 5532.827575] PUF Read:0xffffffff at 0xa00082d4
[ 5532.827575] PUF Read:0xffffffff at 0xa00082d8
[ 5532.827667] PUF Read:0xffffffff at 0xa00082dc
[ 5532.827667] PUF Read:0xffffffff at 0xa00082e0
[ 5532.827728] PUF Read:0xffffffff at 0xa00082e4
[ 5532.827758] PUF Read:0xffffffff at 0xa00082e8
[ 5532.827758] PUF Read:0xffffffff at 0xa00082ec
[ 5532.827758] PUF Read:0xffffffff at 0xa00082f0
[ 5532.827819] PUF Read:0xffffffff at 0xa00082f4
[ 5532.827819] PUF Read:0xffffffff at 0xa00082f8
[ 5532.827880] PUF Read:0xffffffff at 0xa00082fc
[ 5532.827911] PUF Read:0xffffffff at 0xa0008300
[ 5532.827911] PUF Read:0xffffffff at 0xa0008304
[ 5532.827911] PUF Read:0xffffffff at 0xa0008308
[ 5532.827911] PUF Read:0xffffffff at 0xa000830c
[ 5532.827911] PUF Read:0xffffffff at 0xa0008310
[ 5532.827911] PUF Read:0xffffffff at 0xa0008314
[ 5532.828063] PUF Read:0xffffffff at 0xa0008318
[ 5532.828063] PUF Read:0xffffffff at 0xa000831c
[ 5532.828124] PUF Read:0xffffffff at 0xa0008320
[ 5532.828124] PUF Read:0xffffffff at 0xa0008324
[ 5532.828124] PUF Read:0xffffffff at 0xa0008328
[ 5532.828186] PUF Read:0xffffffff at 0xa000832c
[ 5532.828216] PUF Read:0xffffffff at 0xa0008330
[ 5532.828216] PUF Read:0xffffffff at 0xa0008334
[ 5532.828277] PUF Read:0xffffffff at 0xa0008338
[ 5532.828277] PUF Read:0xffffffff at 0xa000833c
[ 5532.828277] PUF Read:0xffffffff at 0xa0008340
[ 5532.828338] PUF Read:0xffffffff at 0xa0008344
[ 5532.828369] PUF Read:0xffffffff at 0xa0008348
[ 5532.828369] PUF Read:0xffffffff at 0xa000834c
[ 5532.828430] PUF Read:0xffffffdf at 0xa0008350
[ 5532.828430] PUF Read:0xffffffff at 0xa0008354
[ 5532.828430] PUF Read:0xffffffff at 0xa0008358
[ 5532.828430] PUF Read:0xffffffff at 0xa000835c
[ 5532.828521] PUF Read:0xffffffff at 0xa0008360
[ 5532.828521] PUF Read:0xffffffff at 0xa0008364
[ 5532.828521] PUF Read:0xffffffff at 0xa0008368
[ 5532.828521] PUF Read:0xffffffff at 0xa000836c
[ 5532.828521] PUF Read:0xffffffff at 0xa0008370
[ 5532.828521] PUF Read:0xffffffff at 0xa0008374
[ 5532.828674] PUF Read:0xffffffff at 0xa0008378
[ 5532.828674] PUF Read:0xffffffff at 0xa000837c
[ 5532.828674] PUF Read:0xffffffff at 0xa0008380
[ 5532.828674] PUF Read:0xffffffff at 0xa0008384
[ 5532.828674] PUF Read:0xffffffff at 0xa0008388
[ 5532.828674] PUF Read:0xffffffff at 0xa000838c
[ 5532.828826] PUF Read:0xffffffff at 0xa0008390
[ 5532.828826] PUF Read:0xffffffff at 0xa0008394
[ 5532.828826] PUF Read:0xffffffff at 0xa0008398
[ 5532.828826] PUF Read:0xfff7ffff at 0xa000839c
[ 5532.828826] PUF Read:0xffffffff at 0xa00083a0
[ 5532.828826] PUF Read:0xffffffff at 0xa00083a4
[ 5532.828979] PUF Read:0xffffffff at 0xa00083a8
[ 5532.828979] PUF Read:0xffffffff at 0xa00083ac
[ 5532.828979] PUF Read:0xffffffff at 0xa00083b0
[ 5532.828979] PUF Read:0xffffffff at 0xa00083b4
[ 5532.828979] PUF Read:0xffffffff at 0xa00083b8
[ 5532.828979] PUF Read:0xffffffff at 0xa00083bc
[ 5532.829132] PUF Read:0xffffffff at 0xa00083c0
[ 5532.829132] PUF Read:0xffffffff at 0xa00083c4
[ 5532.829132] PUF Read:0xffffffff at 0xa00083c8
[ 5532.829132] PUF Read:0xffffffff at 0xa00083cc
[ 5532.829132] PUF Read:0xffffffff at 0xa00083d0
[ 5532.829132] PUF Read:0xffffffff at 0xa00083d4
[ 5532.829284] PUF Read:0xffffffff at 0xa00083d8
[ 5532.829284] PUF Read:0xffffffff at 0xa00083dc
[ 5532.829284] PUF Read:0xffffffff at 0xa00083e0
[ 5532.829284] PUF Read:0xfffffdff at 0xa00083e4
[ 5532.829284] PUF Read:0xffffffff at 0xa00083e8
[ 5532.829284] PUF Read:0xffffffff at 0xa00083ec
[ 5532.829437] PUF Read:0xffffffff at 0xa00083f0
[ 5532.829437] PUF Read:0xffffffff at 0xa00083f4
[ 5532.829437] PUF Read:0xffffffff at 0xa00083f8
[ 5532.829437] PUF Read:0xffffffff at 0xa00083fc
[ 5532.829437] [i] Finished PUF read-out
[ 5532.829437] <6>[i] Finished PUF query for decaytime: 7680
[ 5532.829559] [i] Start decaytime: 120
[ 5532.829559] EMIF 2 REG Write 0x80000000 at 0x4d000010
[ 5532.829589] EMIF 2 REG Read 0x80000000 at 0x4d000010
[ 5532.829589] EMIF 2 REG Write 0x80000000 at 0x4d000014
[ 5532.829620] EMIF 2 REG Read 0x00000000 at 0x4d000014
[ 5532.829620] EMIF 2 REG Write 0x08016893 at 0x4d0000cc
[ 5532.829620] EMIF 2 REG Read 0x08016893 at 0x4d0000cc
[ 5532.829650] Temp polling alert disabled
[ 5532.829650] Refresh Disabled at EMIF2
[ 5532.829650] [i] Initialiting PUF & hammer rows
[ 5532.829681] [i] Single-Sided Rowhammer (SSRH)
[ 5532.836425] [i] Finished initialiting PUF & hammer rows
[ 5532.836425] [i]	Timer elapsed since its reset 0 sec
[ 5532.836425] [i] Decay: 120 sec
[ 5532.836456] [i]	Relative Decay: 0 msec
