[ 1746.362762] [i] Total hammer attempts per row: 1862664
[ 1746.363983] EMIF 2 REG Write 0x00000618 at 0x4d000010
[ 1746.363983] EMIF 2 REG Read 0x00000618 at 0x4d000010
[ 1746.364013] EMIF 2 REG Write 0x00000618 at 0x4d000014
[ 1746.364013] EMIF 2 REG Read 0x00000618 at 0x4d000014
[ 1746.364044] EMIF 2 REG Write 0x58016893 at 0x4d0000cc
[ 1746.364044] EMIF 2 REG Read 0x58016893 at 0x4d0000cc
[ 1746.364044] Temp polling alert enabled
[ 1746.364074] Refresh enabled at EMIF2
[ 1746.364074] [i] Starting PUF read-out
[ 1746.364074] [i] Single-Sided Rowhammer (SSRH)
[ 1746.364105] PUF Read:0x00000000 at 0xa0008000
[ 1746.364135] PUF Read:0x00000000 at 0xa0008004
[ 1746.364166] PUF Read:0x00000000 at 0xa0008008
[ 1746.364166] PUF Read:0x00000000 at 0xa000800c
[ 1746.364166] PUF Read:0x00000000 at 0xa0008010
[ 1746.364166] PUF Read:0x00000100 at 0xa0008014
[ 1746.364166] PUF Read:0x00000000 at 0xa0008018
[ 1746.364166] PUF Read:0x00000000 at 0xa000801c
[ 1746.364318] PUF Read:0x00000000 at 0xa0008020
[ 1746.364318] PUF Read:0x00000000 at 0xa0008024
[ 1746.364318] PUF Read:0x00000000 at 0xa0008028
[ 1746.364318] PUF Read:0x00000000 at 0xa000802c
[ 1746.364410] PUF Read:0x00000000 at 0xa0008030
[ 1746.364410] PUF Read:0x00000000 at 0xa0008034
[ 1746.364471] PUF Read:0x00000000 at 0xa0008038
[ 1746.364501] PUF Read:0x00000000 at 0xa000803c
[ 1746.364501] PUF Read:0x00000000 at 0xa0008040
[ 1746.364501] PUF Read:0x00000000 at 0xa0008044
[ 1746.364562] PUF Read:0x00000000 at 0xa0008048
[ 1746.364562] PUF Read:0x00000000 at 0xa000804c
[ 1746.364624] PUF Read:0x00000000 at 0xa0008050
[ 1746.364654] PUF Read:0x00000000 at 0xa0008054
[ 1746.364654] PUF Read:0x00000000 at 0xa0008058
[ 1746.364654] PUF Read:0x00000000 at 0xa000805c
[ 1746.364654] PUF Read:0x00000000 at 0xa0008060
[ 1746.364654] PUF Read:0x00000000 at 0xa0008064
[ 1746.364776] PUF Read:0x00000000 at 0xa0008068
[ 1746.364776] PUF Read:0x00000000 at 0xa000806c
[ 1746.364837] PUF Read:0x00000000 at 0xa0008070
[ 1746.364837] PUF Read:0x00000000 at 0xa0008074
[ 1746.364837] PUF Read:0x00000000 at 0xa0008078
[ 1746.364898] PUF Read:0x00000000 at 0xa000807c
[ 1746.364929] PUF Read:0x00000000 at 0xa0008080
[ 1746.364929] PUF Read:0x00000000 at 0xa0008084
[ 1746.364929] PUF Read:0x00000000 at 0xa0008088
[ 1746.364990] PUF Read:0x00000000 at 0xa000808c
[ 1746.364990] PUF Read:0x00000000 at 0xa0008090
[ 1746.365051] PUF Read:0x00000000 at 0xa0008094
[ 1746.365081] PUF Read:0x00000000 at 0xa0008098
[ 1746.365081] PUF Read:0x00000000 at 0xa000809c
[ 1746.365081] PUF Read:0x00000000 at 0xa00080a0
[ 1746.365142] PUF Read:0x00000000 at 0xa00080a4
[ 1746.365142] PUF Read:0x00000000 at 0xa00080a8
[ 1746.365203] PUF Read:0x00000000 at 0xa00080ac
[ 1746.365203] PUF Read:0x00000000 at 0xa00080b0
[ 1746.365203] PUF Read:0x00000000 at 0xa00080b4
[ 1746.365203] PUF Read:0x00000000 at 0xa00080b8
[ 1746.365203] PUF Read:0x00000000 at 0xa00080bc
[ 1746.365203] PUF Read:0x00000000 at 0xa00080c0
[ 1746.365356] PUF Read:0x00000000 at 0xa00080c4
[ 1746.365356] PUF Read:0x00000000 at 0xa00080c8
[ 1746.365417] PUF Read:0x00000000 at 0xa00080cc
[ 1746.365417] PUF Read:0x00000000 at 0xa00080d0
[ 1746.365417] PUF Read:0x00000000 at 0xa00080d4
[ 1746.365478] PUF Read:0x00000000 at 0xa00080d8
[ 1746.365509] PUF Read:0x00000000 at 0xa00080dc
[ 1746.365509] PUF Read:0x00000000 at 0xa00080e0
[ 1746.365509] PUF Read:0x00000000 at 0xa00080e4
[ 1746.365570] PUF Read:0x00000000 at 0xa00080e8
[ 1746.365570] PUF Read:0x00000001 at 0xa00080ec
[ 1746.365631] PUF Read:0x00000000 at 0xa00080f0
[ 1746.365661] PUF Read:0x00000000 at 0xa00080f4
[ 1746.365661] PUF Read:0x00000000 at 0xa00080f8
[ 1746.365661] PUF Read:0x00000000 at 0xa00080fc
[ 1746.365722] PUF Read:0x00000000 at 0xa0008100
[ 1746.365722] PUF Read:0x00000000 at 0xa0008104
[ 1746.365783] PUF Read:0x00000000 at 0xa0008108
[ 1746.365783] PUF Read:0x00000000 at 0xa000810c
[ 1746.365844] PUF Read:0x00000000 at 0xa0008110
[ 1746.365844] PUF Read:0x00000000 at 0xa0008114
[ 1746.365844] PUF Read:0x00000000 at 0xa0008118
[ 1746.365905] PUF Read:0x00000000 at 0xa000811c
[ 1746.365936] PUF Read:0x00000000 at 0xa0008120
[ 1746.365936] PUF Read:0x00000000 at 0xa0008124
[ 1746.365936] PUF Read:0x00000000 at 0xa0008128
[ 1746.365997] PUF Read:0x00000000 at 0xa000812c
[ 1746.365997] PUF Read:0x00000000 at 0xa0008130
[ 1746.366058] PUF Read:0x00000000 at 0xa0008134
[ 1746.366088] PUF Read:0x00000000 at 0xa0008138
[ 1746.366088] PUF Read:0x00000000 at 0xa000813c
[ 1746.366088] PUF Read:0x00000000 at 0xa0008140
[ 1746.366149] PUF Read:0x00000000 at 0xa0008144
[ 1746.366149] PUF Read:0x00100400 at 0xa0008148
[ 1746.366210] PUF Read:0x00000000 at 0xa000814c
[ 1746.366241] PUF Read:0x00000000 at 0xa0008150
[ 1746.366241] PUF Read:0x00000000 at 0xa0008154
[ 1746.366241] PUF Read:0x00000000 at 0xa0008158
[ 1746.366241] PUF Read:0x00000000 at 0xa000815c
[ 1746.366241] PUF Read:0x00000000 at 0xa0008160
[ 1746.366363] PUF Read:0x00000000 at 0xa0008164
[ 1746.366363] PUF Read:0x00000000 at 0xa0008168
[ 1746.366424] PUF Read:0x00000000 at 0xa000816c
[ 1746.366424] PUF Read:0x00000000 at 0xa0008170
[ 1746.366424] PUF Read:0x00000000 at 0xa0008174
[ 1746.366485] PUF Read:0x00000000 at 0xa0008178
[ 1746.366516] PUF Read:0x00000000 at 0xa000817c
[ 1746.366516] PUF Read:0x00000000 at 0xa0008180
[ 1746.366516] PUF Read:0x00000000 at 0xa0008184
[ 1746.366577] PUF Read:0x00000000 at 0xa0008188
[ 1746.366577] PUF Read:0x00000000 at 0xa000818c
[ 1746.366638] PUF Read:0x00000000 at 0xa0008190
[ 1746.366668] PUF Read:0x00000000 at 0xa0008194
[ 1746.366668] PUF Read:0x00000000 at 0xa0008198
[ 1746.366668] PUF Read:0x00000000 at 0xa000819c
[ 1746.366668] PUF Read:0x00000000 at 0xa00081a0
[ 1746.366668] PUF Read:0x00000000 at 0xa00081a4
[ 1746.366790] PUF Read:0x00000000 at 0xa00081a8
[ 1746.366790] PUF Read:0x00000000 at 0xa00081ac
[ 1746.366790] PUF Read:0x00400000 at 0xa00081b0
[ 1746.366790] PUF Read:0x00000000 at 0xa00081b4
[ 1746.366790] PUF Read:0x00000000 at 0xa00081b8
[ 1746.366912] PUF Read:0x00000000 at 0xa00081bc
[ 1746.366943] PUF Read:0x00000000 at 0xa00081c0
[ 1746.366943] PUF Read:0x00000004 at 0xa00081c4
[ 1746.366943] PUF Read:0x00000000 at 0xa00081c8
[ 1746.367004] PUF Read:0x00000000 at 0xa00081cc
[ 1746.367004] PUF Read:0x00000000 at 0xa00081d0
[ 1746.367004] PUF Read:0x00000000 at 0xa00081d4
[ 1746.367095] PUF Read:0x00000000 at 0xa00081d8
[ 1746.367126] PUF Read:0x00000000 at 0xa00081dc
[ 1746.367126] PUF Read:0x00000000 at 0xa00081e0
[ 1746.367126] PUF Read:0x00000000 at 0xa00081e4
[ 1746.367187] PUF Read:0x00000000 at 0xa00081e8
[ 1746.367187] PUF Read:0x00000000 at 0xa00081ec
[ 1746.367248] PUF Read:0x00000000 at 0xa00081f0
[ 1746.367279] PUF Read:0x00000000 at 0xa00081f4
[ 1746.367279] PUF Read:0x00000000 at 0xa00081f8
[ 1746.367279] PUF Read:0x00000000 at 0xa00081fc
[ 1746.367340] PUF Read:0x00000000 at 0xa0008200
[ 1746.367340] PUF Read:0x00000000 at 0xa0008204
[ 1746.367401] PUF Read:0x00000000 at 0xa0008208
[ 1746.367401] PUF Read:0x00000000 at 0xa000820c
[ 1746.367401] PUF Read:0x00000000 at 0xa0008210
[ 1746.367401] PUF Read:0x00000000 at 0xa0008214
[ 1746.367401] PUF Read:0x00000000 at 0xa0008218
[ 1746.367401] PUF Read:0x00000000 at 0xa000821c
[ 1746.367553] PUF Read:0x00000000 at 0xa0008220
[ 1746.367553] PUF Read:0x00000000 at 0xa0008224
[ 1746.367553] PUF Read:0x00000000 at 0xa0008228
[ 1746.367553] PUF Read:0x00000000 at 0xa000822c
[ 1746.367553] PUF Read:0x00000000 at 0xa0008230
[ 1746.367553] PUF Read:0x00000000 at 0xa0008234
[ 1746.367706] PUF Read:0x00000000 at 0xa0008238
[ 1746.367706] PUF Read:0x00000000 at 0xa000823c
[ 1746.367706] PUF Read:0x00000000 at 0xa0008240
[ 1746.367706] PUF Read:0x00000000 at 0xa0008244
[ 1746.367706] PUF Read:0x00000000 at 0xa0008248
[ 1746.367828] PUF Read:0x00000000 at 0xa000824c
[ 1746.367858] PUF Read:0x00000000 at 0xa0008250
[ 1746.367858] PUF Read:0x00000000 at 0xa0008254
[ 1746.367858] PUF Read:0x00000000 at 0xa0008258
[ 1746.367919] PUF Read:0x00000000 at 0xa000825c
[ 1746.367919] PUF Read:0x00000000 at 0xa0008260
[ 1746.367980] PUF Read:0x00000000 at 0xa0008264
[ 1746.368011] PUF Read:0x00000000 at 0xa0008268
[ 1746.368011] PUF Read:0x00000000 at 0xa000826c
[ 1746.368011] PUF Read:0x00000000 at 0xa0008270
[ 1746.368072] PUF Read:0x00000000 at 0xa0008274
[ 1746.368072] PUF Read:0x00000000 at 0xa0008278
[ 1746.368133] PUF Read:0x00000000 at 0xa000827c
[ 1746.368164] PUF Read:0x00000000 at 0xa0008280
[ 1746.368164] PUF Read:0x00000000 at 0xa0008284
[ 1746.368164] PUF Read:0x00000000 at 0xa0008288
[ 1746.368225] PUF Read:0x00000000 at 0xa000828c
[ 1746.368225] PUF Read:0x00000000 at 0xa0008290
[ 1746.368286] PUF Read:0x00000000 at 0xa0008294
[ 1746.368286] PUF Read:0x00000000 at 0xa0008298
[ 1746.368286] PUF Read:0x00000000 at 0xa000829c
[ 1746.368286] PUF Read:0x00000000 at 0xa00082a0
[ 1746.368286] PUF Read:0x00000000 at 0xa00082a4
[ 1746.368408] PUF Read:0x00000000 at 0xa00082a8
[ 1746.368438] PUF Read:0x00000000 at 0xa00082ac
[ 1746.368438] PUF Read:0x00000000 at 0xa00082b0
[ 1746.368438] PUF Read:0x00000000 at 0xa00082b4
[ 1746.368499] PUF Read:0x00000040 at 0xa00082b8
[ 1746.368499] PUF Read:0x00000000 at 0xa00082bc
[ 1746.368499] PUF Read:0x00000000 at 0xa00082c0
[ 1746.368591] PUF Read:0x00000000 at 0xa00082c4
[ 1746.368591] PUF Read:0x00000000 at 0xa00082c8
[ 1746.368591] PUF Read:0x00000000 at 0xa00082cc
[ 1746.368591] PUF Read:0x00000000 at 0xa00082d0
[ 1746.368591] PUF Read:0x00000000 at 0xa00082d4
[ 1746.368591] PUF Read:0x00000000 at 0xa00082d8
[ 1746.368743] PUF Read:0x00000000 at 0xa00082dc
[ 1746.368743] PUF Read:0x00000000 at 0xa00082e0
[ 1746.368743] PUF Read:0x00000000 at 0xa00082e4
[ 1746.368743] PUF Read:0x00000000 at 0xa00082e8
[ 1746.368743] PUF Read:0x00000000 at 0xa00082ec
[ 1746.368865] PUF Read:0x00000000 at 0xa00082f0
[ 1746.368896] PUF Read:0x00000000 at 0xa00082f4
[ 1746.368896] PUF Read:0x00000000 at 0xa00082f8
[ 1746.368896] PUF Read:0x00000000 at 0xa00082fc
[ 1746.368957] PUF Read:0x00000000 at 0xa0008300
[ 1746.368957] PUF Read:0x00000000 at 0xa0008304
[ 1746.369018] PUF Read:0x00000000 at 0xa0008308
[ 1746.369049] PUF Read:0x00000000 at 0xa000830c
[ 1746.369049] PUF Read:0x00000000 at 0xa0008310
[ 1746.369049] PUF Read:0x00000000 at 0xa0008314
[ 1746.369110] PUF Read:0x00000000 at 0xa0008318
[ 1746.369110] PUF Read:0x10000000 at 0xa000831c
[ 1746.369171] PUF Read:0x00000000 at 0xa0008320
[ 1746.369201] PUF Read:0x00000000 at 0xa0008324
[ 1746.369201] PUF Read:0x00000000 at 0xa0008328
[ 1746.369201] PUF Read:0x00000000 at 0xa000832c
[ 1746.369262] PUF Read:0x00000004 at 0xa0008330
[ 1746.369262] PUF Read:0x00000000 at 0xa0008334
[ 1746.369323] PUF Read:0x00000000 at 0xa0008338
[ 1746.369354] PUF Read:0x00000000 at 0xa000833c
[ 1746.369354] PUF Read:0x00000000 at 0xa0008340
[ 1746.369354] PUF Read:0x00000000 at 0xa0008344
[ 1746.369415] PUF Read:0x00000000 at 0xa0008348
[ 1746.369415] PUF Read:0x00000000 at 0xa000834c
[ 1746.369476] PUF Read:0x00000000 at 0xa0008350
[ 1746.369506] PUF Read:0x00000000 at 0xa0008354
[ 1746.369506] PUF Read:0x00000000 at 0xa0008358
[ 1746.369506] PUF Read:0x00000000 at 0xa000835c
[ 1746.369567] PUF Read:0x00010000 at 0xa0008360
[ 1746.369567] PUF Read:0x00000000 at 0xa0008364
[ 1746.369628] PUF Read:0x00000000 at 0xa0008368
[ 1746.369659] PUF Read:0x00000000 at 0xa000836c
[ 1746.369659] PUF Read:0x00000000 at 0xa0008370
[ 1746.369659] PUF Read:0x00000000 at 0xa0008374
[ 1746.369659] PUF Read:0x00000000 at 0xa0008378
[ 1746.369659] PUF Read:0x00000000 at 0xa000837c
[ 1746.369659] PUF Read:0x00000000 at 0xa0008380
[ 1746.369842] PUF Read:0x00000000 at 0xa0008384
[ 1746.369873] PUF Read:0x00000000 at 0xa0008388
[ 1746.369873] PUF Read:0x00000000 at 0xa000838c
[ 1746.369873] PUF Read:0x00000000 at 0xa0008390
[ 1746.369934] PUF Read:0x00000000 at 0xa0008394
[ 1746.369934] PUF Read:0x00000000 at 0xa0008398
[ 1746.369995] PUF Read:0x00000000 at 0xa000839c
[ 1746.370025] PUF Read:0x00000000 at 0xa00083a0
[ 1746.370025] PUF Read:0x00000000 at 0xa00083a4
[ 1746.370025] PUF Read:0x00000000 at 0xa00083a8
[ 1746.370086] PUF Read:0x00000000 at 0xa00083ac
[ 1746.370086] PUF Read:0x00000000 at 0xa00083b0
[ 1746.370086] PUF Read:0x00000000 at 0xa00083b4
[ 1746.370178] PUF Read:0x00000000 at 0xa00083b8
[ 1746.370178] PUF Read:0x00000000 at 0xa00083bc
[ 1746.370178] PUF Read:0x00000000 at 0xa00083c0
[ 1746.370178] PUF Read:0x00000000 at 0xa00083c4
[ 1746.370178] PUF Read:0x00000000 at 0xa00083c8
[ 1746.370300] PUF Read:0x00000000 at 0xa00083cc
[ 1746.370330] PUF Read:0x00000000 at 0xa00083d0
[ 1746.370330] PUF Read:0x00000000 at 0xa00083d4
[ 1746.370391] PUF Read:0x00000000 at 0xa00083d8
[ 1746.370391] PUF Read:0x00000000 at 0xa00083dc
[ 1746.370391] PUF Read:0x00000000 at 0xa00083e0
[ 1746.370452] PUF Read:0x00000000 at 0xa00083e4
[ 1746.370483] PUF Read:0x00000000 at 0xa00083e8
[ 1746.370483] PUF Read:0x00000000 at 0xa00083ec
[ 1746.370483] PUF Read:0x00000000 at 0xa00083f0
[ 1746.370544] PUF Read:0x00000000 at 0xa00083f4
[ 1746.370544] PUF Read:0x00000004 at 0xa00083f8
[ 1746.370605] PUF Read:0x00040000 at 0xa00083fc
[ 1746.370635] [i] Finished PUF read-out
[ 1746.370635] <6>[i] Finished PUF query for decaytime: 7680
[ 1746.370635] [i] Start decaytime: 120
[ 1746.370666] EMIF 2 REG Write 0x80000000 at 0x4d000010
[ 1746.370666] EMIF 2 REG Read 0x80000000 at 0x4d000010
[ 1746.370697] EMIF 2 REG Write 0x80000000 at 0x4d000014
[ 1746.370697] EMIF 2 REG Read 0x00000000 at 0x4d000014
[ 1746.370727] EMIF 2 REG Write 0x08016893 at 0x4d0000cc
[ 1746.370727] EMIF 2 REG Read 0x08016893 at 0x4d0000cc
[ 1746.370727] Temp polling alert disabled
[ 1746.370758] Refresh Disabled at EMIF2
[ 1746.370758] [i] Initialiting PUF & hammer rows
[ 1746.370758] [i] Single-Sided Rowhammer (SSRH)
[ 1746.377441] [i] Finished initialiting PUF & hammer rows
[ 1746.377471] [i]	Timer elapsed since its reset 0 sec
[ 1746.377502] [i] Decay: 120 sec
[ 1746.377502] [i]	Relative Decay: 0 msec
