[  423.751098] PUF Read:0x00000000 at 0xa0050250
[  423.751098] PUF Read:0x01000000 at 0xa0050254
[  423.751190] PUF Read:0x00004000 at 0xa0050258
[  423.751190] PUF Read:0x00000000 at 0xa005025c
[  423.751190] PUF Read:0x00000000 at 0xa0050260
[  423.751281] PUF Read:0x00000000 at 0xa0050264
[  423.751281] PUF Read:0x00000000 at 0xa0050268
[  423.751281] PUF Read:0x00000000 at 0xa005026c
[  423.751281] PUF Read:0x00000100 at 0xa0050270
[  423.751373] PUF Read:0x00000104 at 0xa0050274
[  423.751373] PUF Read:0x00000100 at 0xa0050278
[  423.751434] PUF Read:0x00000000 at 0xa005027c
[  423.751464] PUF Read:0x10000400 at 0xa0050280
[  423.751464] PUF Read:0x00000000 at 0xa0050284
[  423.751464] PUF Read:0x00000000 at 0xa0050288
[  423.751464] PUF Read:0x00101000 at 0xa005028c
[  423.751556] PUF Read:0x00000400 at 0xa0050290
[  423.751556] PUF Read:0x00040010 at 0xa0050294
[  423.751617] PUF Read:0x00000000 at 0xa0050298
[  423.751647] PUF Read:0x40000001 at 0xa005029c
[  423.751647] PUF Read:0x00000000 at 0xa00502a0
[  423.751647] PUF Read:0x01000000 at 0xa00502a4
[  423.751647] PUF Read:0x00000000 at 0xa00502a8
[  423.751647] PUF Read:0x01100000 at 0xa00502ac
[  423.751647] PUF Read:0x00000000 at 0xa00502b0
[  423.751800] PUF Read:0x00000000 at 0xa00502b4
[  423.751831] PUF Read:0x00000000 at 0xa00502b8
[  423.751831] PUF Read:0x00000000 at 0xa00502bc
[  423.751831] PUF Read:0x00100000 at 0xa00502c0
[  423.751892] PUF Read:0x00000000 at 0xa00502c4
[  423.751892] PUF Read:0x00000000 at 0xa00502c8
[  423.751953] PUF Read:0x00000000 at 0xa00502cc
[  423.751983] PUF Read:0x00100000 at 0xa00502d0
[  423.751983] PUF Read:0x00000000 at 0xa00502d4
[  423.751983] PUF Read:0x00000000 at 0xa00502d8
[  423.751983] PUF Read:0x00000000 at 0xa00502dc
[  423.751983] PUF Read:0x01000000 at 0xa00502e0
[  423.751983] PUF Read:0x00000000 at 0xa00502e4
[  423.752136] PUF Read:0x00000000 at 0xa00502e8
[  423.752166] PUF Read:0x00001001 at 0xa00502ec
[  423.752166] PUF Read:0x00001000 at 0xa00502f0
[  423.752166] PUF Read:0x00000000 at 0xa00502f4
[  423.752227] PUF Read:0x00000000 at 0xa00502f8
[  423.752227] PUF Read:0x00000100 at 0xa00502fc
[  423.752227] PUF Read:0x00000000 at 0xa0050300
[  423.752319] PUF Read:0x00000000 at 0xa0050304
[  423.752319] PUF Read:0x00000000 at 0xa0050308
[  423.752319] PUF Read:0x40000000 at 0xa005030c
[  423.752319] PUF Read:0x00000000 at 0xa0050310
[  423.752410] PUF Read:0x00000000 at 0xa0050314
[  423.752410] PUF Read:0x00100000 at 0xa0050318
[  423.752502] PUF Read:0x00000000 at 0xa005031c
[  423.752532] PUF Read:0x00000000 at 0xa0050320
[  423.752532] PUF Read:0x00000000 at 0xa0050324
[  423.752593] PUF Read:0x00000000 at 0xa0050328
[  423.752593] PUF Read:0x40000000 at 0xa005032c
[  423.752593] PUF Read:0x00000000 at 0xa0050330
[  423.752685] PUF Read:0x00000000 at 0xa0050334
[  423.752685] PUF Read:0x00000000 at 0xa0050338
[  423.752685] PUF Read:0x00000010 at 0xa005033c
[  423.752685] PUF Read:0x00000500 at 0xa0050340
[  423.752777] PUF Read:0x00000000 at 0xa0050344
[  423.752777] PUF Read:0x00000000 at 0xa0050348
[  423.752838] PUF Read:0x00000000 at 0xa005034c
[  423.752868] PUF Read:0x00000000 at 0xa0050350
[  423.752868] PUF Read:0x00000001 at 0xa0050354
[  423.752868] PUF Read:0x00000000 at 0xa0050358
[  423.752868] PUF Read:0x00000000 at 0xa005035c
[  423.752868] PUF Read:0x00000000 at 0xa0050360
[  423.752868] PUF Read:0x00000000 at 0xa0050364
[  423.753021] PUF Read:0x00000000 at 0xa0050368
[  423.753051] PUF Read:0x00000000 at 0xa005036c
[  423.753051] PUF Read:0x00000000 at 0xa0050370
[  423.753112] PUF Read:0x00010000 at 0xa0050374
[  423.753112] PUF Read:0x00000001 at 0xa0050378
[  423.753112] PUF Read:0x00000000 at 0xa005037c
[  423.753112] PUF Read:0x01001000 at 0xa0050380
[  423.753204] PUF Read:0x00004000 at 0xa0050384
[  423.753234] PUF Read:0x00000001 at 0xa0050388
[  423.753234] PUF Read:0x00000000 at 0xa005038c
[  423.753234] PUF Read:0x00000000 at 0xa0050390
[  423.753295] PUF Read:0x00000000 at 0xa0050394
[  423.753295] PUF Read:0x01000000 at 0xa0050398
[  423.753356] PUF Read:0x00000000 at 0xa005039c
[  423.753387] PUF Read:0x00000040 at 0xa00503a0
[  423.753387] PUF Read:0x00000000 at 0xa00503a4
[  423.753387] PUF Read:0x01000000 at 0xa00503a8
[  423.753387] PUF Read:0x00000040 at 0xa00503ac
[  423.753479] PUF Read:0x00000000 at 0xa00503b0
[  423.753479] PUF Read:0x00000000 at 0xa00503b4
[  423.753540] PUF Read:0x00000000 at 0xa00503b8
[  423.753570] PUF Read:0x00000000 at 0xa00503bc
[  423.753570] PUF Read:0x00000000 at 0xa00503c0
[  423.753570] PUF Read:0x00000000 at 0xa00503c4
[  423.753570] PUF Read:0x00000000 at 0xa00503c8
[  423.753570] PUF Read:0x00101000 at 0xa00503cc
[  423.753570] PUF Read:0x00000000 at 0xa00503d0
[  423.753723] PUF Read:0x00000000 at 0xa00503d4
[  423.753753] PUF Read:0x00000100 at 0xa00503d8
[  423.753753] PUF Read:0x10000000 at 0xa00503dc
[  423.753753] PUF Read:0x00000010 at 0xa00503e0
[  423.753814] PUF Read:0x00000000 at 0xa00503e4
[  423.753814] PUF Read:0x00000000 at 0xa00503e8
[  423.753814] PUF Read:0x00000000 at 0xa00503ec
[  423.753906] PUF Read:0x00000000 at 0xa00503f0
[  423.753906] PUF Read:0x00000000 at 0xa00503f4
[  423.753906] PUF Read:0x40000000 at 0xa00503f8
[  423.753906] PUF Read:0x00000000 at 0xa00503fc
[  423.753997] PUF Read:0x00000000 at 0xa0058000
[  423.753997] PUF Read:0x00000000 at 0xa0058004
[  423.754058] PUF Read:0x00000000 at 0xa0058008
[  423.754089] PUF Read:0x00000000 at 0xa005800c
[  423.754089] PUF Read:0x00000000 at 0xa0058010
[  423.754089] PUF Read:0x00000000 at 0xa0058014
[  423.754089] PUF Read:0x00000000 at 0xa0058018
[  423.754089] PUF Read:0x40000000 at 0xa005801c
[  423.754089] PUF Read:0x00000000 at 0xa0058020
[  423.754089] PUF Read:0x00000000 at 0xa0058024
[  423.754272] PUF Read:0x00000000 at 0xa0058028
[  423.754302] PUF Read:0x00000000 at 0xa005802c
[  423.754302] PUF Read:0x00000000 at 0xa0058030
[  423.754364] PUF Read:0x00000004 at 0xa0058034
[  423.754364] PUF Read:0x00000400 at 0xa0058038
[  423.754364] PUF Read:0x40000000 at 0xa005803c
[  423.754364] PUF Read:0x00000000 at 0xa0058040
[  423.754455] PUF Read:0x00000000 at 0xa0058044
[  423.754455] PUF Read:0x10000000 at 0xa0058048
[  423.754455] PUF Read:0x00000000 at 0xa005804c
[  423.754455] PUF Read:0x00000000 at 0xa0058050
[  423.754547] PUF Read:0x00000010 at 0xa0058054
[  423.754547] PUF Read:0x00000000 at 0xa0058058
[  423.754608] PUF Read:0x00000040 at 0xa005805c
[  423.754638] PUF Read:0x00000000 at 0xa0058060
[  423.754638] PUF Read:0x00000000 at 0xa0058064
[  423.754638] PUF Read:0x00000000 at 0xa0058068
[  423.754699] PUF Read:0x00000400 at 0xa005806c
[  423.754699] PUF Read:0x00000000 at 0xa0058070
[  423.754699] PUF Read:0x00000000 at 0xa0058074
[  423.754791] PUF Read:0x00000000 at 0xa0058078
[  423.754821] PUF Read:0x00000000 at 0xa005807c
[  423.754821] PUF Read:0x01000000 at 0xa0058080
[  423.754821] PUF Read:0x01040000 at 0xa0058084
[  423.754882] PUF Read:0x00000000 at 0xa0058088
[  423.754882] PUF Read:0x00000000 at 0xa005808c
[  423.754882] PUF Read:0x00000000 at 0xa0058090
[  423.754974] PUF Read:0x00000000 at 0xa0058094
[  423.754974] PUF Read:0x00000000 at 0xa0058098
[  423.754974] PUF Read:0x00000000 at 0xa005809c
[  423.754974] PUF Read:0x00000140 at 0xa00580a0
[  423.755065] PUF Read:0x00000000 at 0xa00580a4
[  423.755065] PUF Read:0x00000000 at 0xa00580a8
[  423.755126] PUF Read:0x04000000 at 0xa00580ac
[  423.755157] PUF Read:0x00000000 at 0xa00580b0
[  423.755157] PUF Read:0x10000000 at 0xa00580b4
[  423.755157] PUF Read:0x00000000 at 0xa00580b8
[  423.755157] PUF Read:0x00000000 at 0xa00580bc
[  423.755157] PUF Read:0x04000000 at 0xa00580c0
[  423.755157] PUF Read:0x00000000 at 0xa00580c4
[  423.755310] PUF Read:0x00000000 at 0xa00580c8
[  423.755340] PUF Read:0x00000000 at 0xa00580cc
[  423.755340] PUF Read:0x00000000 at 0xa00580d0
[  423.755401] PUF Read:0x00000000 at 0xa00580d4
[  423.755401] PUF Read:0x00000000 at 0xa00580d8
[  423.755401] PUF Read:0x00000000 at 0xa00580dc
[  423.755401] PUF Read:0x00000040 at 0xa00580e0
[  423.755493] PUF Read:0x00000000 at 0xa00580e4
[  423.755523] PUF Read:0x00000000 at 0xa00580e8
[  423.755523] PUF Read:0x00000000 at 0xa00580ec
[  423.755523] PUF Read:0x00001000 at 0xa00580f0
[  423.755584] PUF Read:0x00000000 at 0xa00580f4
[  423.755584] PUF Read:0x00040000 at 0xa00580f8
[  423.755645] PUF Read:0x00000000 at 0xa00580fc
[  423.755676] PUF Read:0x00000000 at 0xa0058100
[  423.755706] PUF Read:0x00000000 at 0xa0058104
[  423.755706] PUF Read:0x00000000 at 0xa0058108
[  423.755706] PUF Read:0x00000000 at 0xa005810c
[  423.755706] PUF Read:0x00000000 at 0xa0058110
[  423.755798] PUF Read:0x00000000 at 0xa0058114
[  423.755798] PUF Read:0x00000000 at 0xa0058118
[  423.755859] PUF Read:0x00000000 at 0xa005811c
[  423.755889] PUF Read:0x00000000 at 0xa0058120
[  423.755889] PUF Read:0x10004004 at 0xa0058124
[  423.755889] PUF Read:0x00000000 at 0xa0058128
[  423.755889] PUF Read:0x00000400 at 0xa005812c
[  423.755981] PUF Read:0x00000000 at 0xa0058130
[  423.755981] PUF Read:0x00000000 at 0xa0058134
[  423.756042] PUF Read:0x00000000 at 0xa0058138
[  423.756072] PUF Read:0x00001010 at 0xa005813c
[  423.756072] PUF Read:0x00000000 at 0xa0058140
[  423.756072] PUF Read:0x00000000 at 0xa0058144
[  423.756072] PUF Read:0x00000000 at 0xa0058148
[  423.756072] PUF Read:0x00000000 at 0xa005814c
[  423.756072] PUF Read:0x00000100 at 0xa0058150
[  423.756225] PUF Read:0x00000000 at 0xa0058154
[  423.756256] PUF Read:0x00000000 at 0xa0058158
[  423.756256] PUF Read:0x00000040 at 0xa005815c
[  423.756256] PUF Read:0x00005000 at 0xa0058160
[  423.756317] PUF Read:0x00000000 at 0xa0058164
[  423.756317] PUF Read:0x00000000 at 0xa0058168
[  423.756378] PUF Read:0x00000000 at 0xa005816c
[  423.756408] PUF Read:0x00000000 at 0xa0058170
[  423.756408] PUF Read:0x00000004 at 0xa0058174
[  423.756408] PUF Read:0x00000000 at 0xa0058178
[  423.756408] PUF Read:0x00000100 at 0xa005817c
[  423.756408] PUF Read:0x00000000 at 0xa0058180
[  423.756408] PUF Read:0x00000000 at 0xa0058184
[  423.756561] PUF Read:0x00000000 at 0xa0058188
[  423.756591] PUF Read:0x40000000 at 0xa005818c
[  423.756591] PUF Read:0x00000000 at 0xa0058190
[  423.756591] PUF Read:0x00000000 at 0xa0058194
[  423.756652] PUF Read:0x00000000 at 0xa0058198
[  423.756652] PUF Read:0x00000000 at 0xa005819c
[  423.756713] PUF Read:0x00000000 at 0xa00581a0
[  423.756744] PUF Read:0x00000000 at 0xa00581a4
[  423.756744] PUF Read:0x00000000 at 0xa00581a8
[  423.756744] PUF Read:0x00000000 at 0xa00581ac
[  423.756744] PUF Read:0x40000000 at 0xa00581b0
[  423.756744] PUF Read:0x00000000 at 0xa00581b4
[  423.756744] PUF Read:0x00000000 at 0xa00581b8
[  423.756896] PUF Read:0x00000000 at 0xa00581bc
[  423.756927] PUF Read:0x00100000 at 0xa00581c0
[  423.756927] PUF Read:0x00100000 at 0xa00581c4
[  423.756988] PUF Read:0x00000000 at 0xa00581c8
[  423.756988] PUF Read:0x00000000 at 0xa00581cc
[  423.756988] PUF Read:0x00000000 at 0xa00581d0
[  423.756988] PUF Read:0x00000000 at 0xa00581d4
[  423.757080] PUF Read:0x00000000 at 0xa00581d8
[  423.757080] PUF Read:0x00000000 at 0xa00581dc
[  423.757080] PUF Read:0x00000000 at 0xa00581e0
[  423.757080] PUF Read:0x00000000 at 0xa00581e4
[  423.757171] PUF Read:0x00010000 at 0xa00581e8
[  423.757171] PUF Read:0x00000000 at 0xa00581ec
[  423.757171] PUF Read:0x00000000 at 0xa00581f0
[  423.757171] PUF Read:0x00000000 at 0xa00581f4
[  423.757293] PUF Read:0x00000000 at 0xa00581f8
[  423.757324] PUF Read:0x00000000 at 0xa00581fc
[  423.757324] PUF Read:0x00000000 at 0xa0058200
[  423.757324] PUF Read:0x00000100 at 0xa0058204
[  423.757385] PUF Read:0x40000000 at 0xa0058208
[  423.757385] PUF Read:0x00010001 at 0xa005820c
[  423.757385] PUF Read:0x00100000 at 0xa0058210
[  423.757476] PUF Read:0x00000000 at 0xa0058214
[  423.757476] PUF Read:0x00000000 at 0xa0058218
[  423.757476] PUF Read:0x00000000 at 0xa005821c
[  423.757476] PUF Read:0x00000010 at 0xa0058220
[  423.757568] PUF Read:0x00000000 at 0xa0058224
[  423.757568] PUF Read:0x00000000 at 0xa0058228
[  423.757629] PUF Read:0x00000000 at 0xa005822c
[  423.757659] PUF Read:0x00000000 at 0xa0058230
[  423.757659] PUF Read:0x00000000 at 0xa0058234
[  423.757720] PUF Read:0x00000010 at 0xa0058238
[  423.757720] PUF Read:0x00000010 at 0xa005823c
[  423.757720] PUF Read:0x01000000 at 0xa0058240
[  423.757720] PUF Read:0x00000004 at 0xa0058244
[  423.757812] PUF Read:0x01000000 at 0xa0058248
[  423.757843] PUF Read:0x00000000 at 0xa005824c
[  423.757843] PUF Read:0x00000000 at 0xa0058250
[  423.757843] PUF Read:0x00000000 at 0xa0058254
[  423.757904] PUF Read:0x00000000 at 0xa0058258
[  423.757904] PUF Read:0x00000000 at 0xa005825c
[  423.757965] PUF Read:0x00000000 at 0xa0058260
[  423.757995] PUF Read:0x00000000 at 0xa0058264
[  423.757995] PUF Read:0x00000000 at 0xa0058268
[  423.757995] PUF Read:0x00000000 at 0xa005826c
[  423.757995] PUF Read:0x00000000 at 0xa0058270
[  423.757995] PUF Read:0x00000000 at 0xa0058274
[  423.757995] PUF Read:0x00000000 at 0xa0058278
[  423.758148] PUF Read:0x00000000 at 0xa005827c
[  423.758178] PUF Read:0x00004000 at 0xa0058280
[  423.758178] PUF Read:0x00000000 at 0xa0058284
[  423.758178] PUF Read:0x00000000 at 0xa0058288
[  423.758239] PUF Read:0x00000000 at 0xa005828c
[  423.758239] PUF Read:0x00000000 at 0xa0058290
[  423.758300] PUF Read:0x00000000 at 0xa0058294
[  423.758331] PUF Read:0x00000000 at 0xa0058298
[  423.758331] PUF Read:0x00000000 at 0xa005829c
[  423.758331] PUF Read:0x00000000 at 0xa00582a0
[  423.758331] PUF Read:0x00000001 at 0xa00582a4
[  423.758422] PUF Read:0x00400000 at 0xa00582a8
[  423.758422] PUF Read:0x00000000 at 0xa00582ac
[  423.758483] PUF Read:0x00000000 at 0xa00582b0
[  423.758514] PUF Read:0x00000000 at 0xa00582b4
[  423.758514] PUF Read:0x00000000 at 0xa00582b8
[  423.758514] PUF Read:0x00000000 at 0xa00582bc
[  423.758575] PUF Read:0x00000000 at 0xa00582c0
[  423.758575] PUF Read:0x00000000 at 0xa00582c4
[  423.758575] PUF Read:0x00000000 at 0xa00582c8
[  423.758666] PUF Read:0x00000000 at 0xa00582cc
[  423.758666] PUF Read:0x00000000 at 0xa00582d0
[  423.758666] PUF Read:0x00000004 at 0xa00582d4
[  423.758666] PUF Read:0x00000000 at 0xa00582d8
[  423.758666] PUF Read:0x00000000 at 0xa00582dc
[  423.758666] PUF Read:0x00004000 at 0xa00582e0
[  423.758666] PUF Read:0x00000000 at 0xa00582e4
[  423.758850] PUF Read:0x00000000 at 0xa00582e8
[  423.758880] PUF Read:0x00000000 at 0xa00582ec
[  423.758880] PUF Read:0x00000000 at 0xa00582f0
[  423.758880] PUF Read:0x00100000 at 0xa00582f4
[  423.758880] PUF Read:0x00000000 at 0xa00582f8
[  423.758880] PUF Read:0x00000000 at 0xa00582fc
[  423.758880] PUF Read:0x00000000 at 0xa0058300
[  423.759033] PUF Read:0x10000000 at 0xa0058304
[  423.759063] PUF Read:0x00000000 at 0xa0058308
[  423.759063] PUF Read:0x00000040 at 0xa005830c
[  423.759124] PUF Read:0x01000000 at 0xa0058310
[  423.759124] PUF Read:0x00000000 at 0xa0058314
[  423.759124] PUF Read:0x10000000 at 0xa0058318
[  423.759124] PUF Read:0x00000000 at 0xa005831c
[  423.759216] PUF Read:0x00000000 at 0xa0058320
[  423.759246] PUF Read:0x00004000 at 0xa0058324
[  423.759246] PUF Read:0x00000000 at 0xa0058328
[  423.759246] PUF Read:0x00000000 at 0xa005832c
[  423.759307] PUF Read:0x00000010 at 0xa0058330
[  423.759307] PUF Read:0x00000000 at 0xa0058334
[  423.759307] PUF Read:0x04000010 at 0xa0058338
[  423.759399] PUF Read:0x00000100 at 0xa005833c
[  423.759399] PUF Read:0x00000000 at 0xa0058340
[  423.759399] PUF Read:0x00000000 at 0xa0058344
[  423.759399] PUF Read:0x00000000 at 0xa0058348
[  423.759490] PUF Read:0x00004000 at 0xa005834c
[  423.759490] PUF Read:0x40000000 at 0xa0058350
[  423.759552] PUF Read:0x00000000 at 0xa0058354
[  423.759582] PUF Read:0x00000000 at 0xa0058358
[  423.759582] PUF Read:0x00000010 at 0xa005835c
[  423.759643] PUF Read:0x00000000 at 0xa0058360
[  423.759643] PUF Read:0x00100000 at 0xa0058364
[  423.759643] PUF Read:0x00000100 at 0xa0058368
[  423.759643] PUF Read:0x00000000 at 0xa005836c
[  423.759735] PUF Read:0x00000400 at 0xa0058370
[  423.759765] PUF Read:0x00000000 at 0xa0058374
[  423.759765] PUF Read:0x00000001 at 0xa0058378
[  423.759765] PUF Read:0x00000000 at 0xa005837c
[  423.759826] PUF Read:0x00000000 at 0xa0058380
[  423.759826] PUF Read:0x00040000 at 0xa0058384
[  423.759887] PUF Read:0x00000000 at 0xa0058388
[  423.759918] PUF Read:0x00000000 at 0xa005838c
[  423.759918] PUF Read:0x00010000 at 0xa0058390
[  423.759918] PUF Read:0x00400000 at 0xa0058394
[  423.759918] PUF Read:0x00100000 at 0xa0058398
[  423.760009] PUF Read:0x00000004 at 0xa005839c
[  423.760009] PUF Read:0x00000000 at 0xa00583a0
[  423.760070] PUF Read:0x00000000 at 0xa00583a4
[  423.760101] PUF Read:0x00000040 at 0xa00583a8
[  423.760101] PUF Read:0x00000010 at 0xa00583ac
[  423.760101] PUF Read:0x00000000 at 0xa00583b0
[  423.760162] PUF Read:0x00000000 at 0xa00583b4
[  423.760162] PUF Read:0x00000000 at 0xa00583b8
[  423.760162] PUF Read:0x40040000 at 0xa00583bc
[  423.760253] PUF Read:0x00000000 at 0xa00583c0
[  423.760284] PUF Read:0x00000000 at 0xa00583c4
[  423.760284] PUF Read:0x00001000 at 0xa00583c8
[  423.760375] PUF Read:0x00000000 at 0xa00583cc
[  423.760406] PUF Read:0x00000000 at 0xa00583d0
[  423.760437] PUF Read:0x00000400 at 0xa00583d4
[  423.760437] PUF Read:0x00000000 at 0xa00583d8
[  423.760437] PUF Read:0x00000000 at 0xa00583dc
[  423.760437] PUF Read:0x00000000 at 0xa00583e0
[  423.760437] PUF Read:0x00000000 at 0xa00583e4
[  423.760437] PUF Read:0x00000000 at 0xa00583e8
[  423.760589] PUF Read:0x00000000 at 0xa00583ec
[  423.760620] PUF Read:0x00000041 at 0xa00583f0
[  423.760620] PUF Read:0x00000000 at 0xa00583f4
[  423.760681] PUF Read:0x00000000 at 0xa00583f8
[  423.760681] PUF Read:0x00000000 at 0xa00583fc
[  423.760711] [i] Finished PUF read-out
[  423.760711] <6>[i] Finished PUF query for decaytime: 15360
[  423.760742] End measurement:0
[  423.760742] [i] Starting the Rowhammer PUF for PandaBoard
[  423.760742] Number of PUF rows: 32 PUF init Value :0 Rowhammer rows init Value:0
[  423.760772] [i] Start measurement: 0
[  423.760772] [i] Start decaytime: 60
[  423.760803] EMIF 2 REG Write 0x80000000 at 0x4d000010
[  423.760803] EMIF 2 REG Read 0x80000000 at 0x4d000010
[  423.760833] EMIF 2 REG Write 0x80000000 at 0x4d000014
[  423.760833] EMIF 2 REG Read 0x00000000 at 0x4d000014
[  423.760864] EMIF 2 REG Write 0x08016893 at 0x4d0000cc
[  423.760864] EMIF 2 REG Read 0x08016893 at 0x4d0000cc
[  423.760864] Temp polling alert disabled
[  423.760894] Refresh Disabled at EMIF2
[  423.760894] [i] Initialiting PUF & hammer rows
[  423.760894] [i] Single-Sided Rowhammer (SSRH)
[  423.927642] [i] Finished initialiting PUF & hammer rows
[  423.927642] [i]	Timer elapsed since its reset 0 sec
[  423.927673] [i] Decay: 60 sec
[  423.927673] [i]	Relative Decay: 0 msec
[  483.924774] [i] Total hammer attempts per row: 253099
[  483.924804] EMIF 2 REG Write 0x00000618 at 0x4d000010
[  483.924804] EMIF 2 REG Read 0x00000618 at 0x4d000010
[  483.924835] EMIF 2 REG Write 0x00000618 at 0x4d000014
[  483.924835] EMIF 2 REG Read 0x00000618 at 0x4d000014
[  483.924835] EMIF 2 REG Write 0x58016893 at 0x4d0000cc
[  483.924865] EMIF 2 REG Read 0x58016893 at 0x4d0000cc
[  483.924865] Temp polling alert enabled
[  483.924865] Refresh enabled at EMIF2
[  483.924896] [i] Starting PUF read-out
[  483.924896] [i] Single-Sided Rowhammer (SSRH)
[  483.924926] PUF Read:0x00000000 at 0xa0008000
[  483.924957] PUF Read:0x00000000 at 0xa0008004
[  483.924957] PUF Read:0x00000000 at 0xa0008008
[  483.924987] PUF Read:0x00000000 at 0xa000800c
[  483.924987] PUF Read:0x00000000 at 0xa0008010
[  483.924987] PUF Read:0x00000100 at 0xa0008014
[  483.925079] PUF Read:0x00000000 at 0xa0008018
[  483.925079] PUF Read:0x00000000 at 0xa000801c
[  483.925079] PUF Read:0x00000000 at 0xa0008020
[  483.925079] PUF Read:0x00000000 at 0xa0008024
[  483.925170] PUF Read:0x00000000 at 0xa0008028
[  483.925201] PUF Read:0x00000000 at 0xa000802c
[  483.925231] PUF Read:0x00000000 at 0xa0008030
[  483.925231] PUF Read:0x00000000 at 0xa0008034
[  483.925354] PUF Read:0x00000000 at 0xa0008038
[  483.925354] PUF Read:0x00000000 at 0xa000803c
[  483.925354] PUF Read:0x00000001 at 0xa0008040
[  483.925354] PUF Read:0x00004000 at 0xa0008044
[  483.925354] PUF Read:0x00000000 at 0xa0008048
[  483.925354] PUF Read:0x00000000 at 0xa000804c
[  483.925537] PUF Read:0x00000000 at 0xa0008050
[  483.925567] PUF Read:0x00000000 at 0xa0008054
[  483.925567] PUF Read:0x00000000 at 0xa0008058
[  483.925567] PUF Read:0x00000000 at 0xa000805c
[  483.925567] PUF Read:0x00000000 at 0xa0008060
[  483.925567] PUF Read:0x00000000 at 0xa0008064
[  483.925750] PUF Read:0x00000000 at 0xa0008068
[  483.925750] PUF Read:0x00000000 at 0xa000806c
[  483.925750] PUF Read:0x00000000 at 0xa0008070
[  483.925750] PUF Read:0x00000000 at 0xa0008074
