[ 6073.713684] [i] Total hammer attempts per row: 1862518
[ 6073.713714] EMIF 2 REG Write 0x00000618 at 0x4d000010
[ 6073.713714] EMIF 2 REG Read 0x00000618 at 0x4d000010
[ 6073.713745] EMIF 2 REG Write 0x00000618 at 0x4d000014
[ 6073.713745] EMIF 2 REG Read 0x00000618 at 0x4d000014
[ 6073.713775] EMIF 2 REG Write 0x58016893 at 0x4d0000cc
[ 6073.713775] EMIF 2 REG Read 0x58016893 at 0x4d0000cc
[ 6073.713806] Temp polling alert enabled
[ 6073.713806] Refresh enabled at EMIF2
[ 6073.713806] [i] Starting PUF read-out
[ 6073.713836] [i] Single-Sided Rowhammer (SSRH)
[ 6073.713836] PUF Read:0xffffffff at 0xa0008000
[ 6073.713836] PUF Read:0xffffffff at 0xa0008004
[ 6073.713897] PUF Read:0xffffffff at 0xa0008008
[ 6073.713928] PUF Read:0xffffffff at 0xa000800c
[ 6073.713928] PUF Read:0xffffffff at 0xa0008010
[ 6073.713928] PUF Read:0xffffffff at 0xa0008014
[ 6073.713989] PUF Read:0xffffffff at 0xa0008018
[ 6073.713989] PUF Read:0xffffffff at 0xa000801c
[ 6073.714050] PUF Read:0xffffffff at 0xa0008020
[ 6073.714080] PUF Read:0xffffffff at 0xa0008024
[ 6073.714080] PUF Read:0xffffffff at 0xa0008028
[ 6073.714080] PUF Read:0xffffffff at 0xa000802c
[ 6073.714080] PUF Read:0xffffffff at 0xa0008030
[ 6073.714080] PUF Read:0xffffffff at 0xa0008034
[ 6073.714080] PUF Read:0xffffffff at 0xa0008038
[ 6073.714233] PUF Read:0xffffffff at 0xa000803c
[ 6073.714233] PUF Read:0xffffffff at 0xa0008040
[ 6073.714233] PUF Read:0xffffffff at 0xa0008044
[ 6073.714233] PUF Read:0xffffffff at 0xa0008048
[ 6073.714233] PUF Read:0xffffffff at 0xa000804c
[ 6073.714233] PUF Read:0xffffffff at 0xa0008050
[ 6073.714385] PUF Read:0xffffffff at 0xa0008054
[ 6073.714385] PUF Read:0xffffffff at 0xa0008058
[ 6073.714385] PUF Read:0xffffffff at 0xa000805c
[ 6073.714385] PUF Read:0xffffffff at 0xa0008060
[ 6073.714385] PUF Read:0xffffffff at 0xa0008064
[ 6073.714508] PUF Read:0xffffffff at 0xa0008068
[ 6073.714538] PUF Read:0xffffffff at 0xa000806c
[ 6073.714538] PUF Read:0xffffffff at 0xa0008070
[ 6073.714538] PUF Read:0xffffffff at 0xa0008074
[ 6073.714599] PUF Read:0xffffffff at 0xa0008078
[ 6073.714599] PUF Read:0xffffffff at 0xa000807c
[ 6073.714660] PUF Read:0xffffffff at 0xa0008080
[ 6073.714691] PUF Read:0xffffffff at 0xa0008084
[ 6073.714691] PUF Read:0xffffffff at 0xa0008088
[ 6073.714691] PUF Read:0xffffffff at 0xa000808c
[ 6073.714691] PUF Read:0xffffdfff at 0xa0008090
[ 6073.714691] PUF Read:0xffffffff at 0xa0008094
[ 6073.714691] PUF Read:0xffffffff at 0xa0008098
[ 6073.714843] PUF Read:0xffffffff at 0xa000809c
[ 6073.714843] PUF Read:0xffffffff at 0xa00080a0
[ 6073.714843] PUF Read:0xffffffff at 0xa00080a4
[ 6073.714843] PUF Read:0xffffffff at 0xa00080a8
[ 6073.714843] PUF Read:0xffffffff at 0xa00080ac
[ 6073.714965] PUF Read:0xffffffff at 0xa00080b0
[ 6073.714996] PUF Read:0xff7fffff at 0xa00080b4
[ 6073.714996] PUF Read:0xffffffff at 0xa00080b8
[ 6073.714996] PUF Read:0xdfffffff at 0xa00080bc
[ 6073.714996] PUF Read:0xffffffff at 0xa00080c0
[ 6073.714996] PUF Read:0xffffffff at 0xa00080c4
[ 6073.715118] PUF Read:0xfff7ffff at 0xa00080c8
[ 6073.715148] PUF Read:0xffffffff at 0xa00080cc
[ 6073.715179] PUF Read:0xffffffff at 0xa00080d0
[ 6073.715179] PUF Read:0xffffffff at 0xa00080d4
[ 6073.715179] PUF Read:0xffffffff at 0xa00080d8
[ 6073.715179] PUF Read:0xffffffff at 0xa00080dc
[ 6073.715179] PUF Read:0xffffffff at 0xa00080e0
[ 6073.715179] PUF Read:0xffffffff at 0xa00080e4
[ 6073.715332] PUF Read:0xffffffff at 0xa00080e8
[ 6073.715332] PUF Read:0xffffffff at 0xa00080ec
[ 6073.715332] PUF Read:0xdfffffff at 0xa00080f0
[ 6073.715332] PUF Read:0xffffffff at 0xa00080f4
[ 6073.715332] PUF Read:0xffffffff at 0xa00080f8
[ 6073.715332] PUF Read:0xffffffff at 0xa00080fc
[ 6073.715484] PUF Read:0xffffffff at 0xa0008100
[ 6073.715484] PUF Read:0xffffffff at 0xa0008104
[ 6073.715484] PUF Read:0xffffffff at 0xa0008108
[ 6073.715484] PUF Read:0xffffffff at 0xa000810c
[ 6073.715484] PUF Read:0xffffffff at 0xa0008110
[ 6073.715484] PUF Read:0xffffffff at 0xa0008114
[ 6073.715637] PUF Read:0xffffffff at 0xa0008118
[ 6073.715637] PUF Read:0xffffffff at 0xa000811c
[ 6073.715637] PUF Read:0xffffffff at 0xa0008120
[ 6073.715637] PUF Read:0xffffffff at 0xa0008124
[ 6073.715637] PUF Read:0xffffffff at 0xa0008128
[ 6073.715637] PUF Read:0xffffffff at 0xa000812c
[ 6073.715789] PUF Read:0xffffffff at 0xa0008130
[ 6073.715789] PUF Read:0xffffffff at 0xa0008134
[ 6073.715850] PUF Read:0xffdfffff at 0xa0008138
[ 6073.715850] PUF Read:0xffffffff at 0xa000813c
[ 6073.715850] PUF Read:0xffffffff at 0xa0008140
[ 6073.715911] PUF Read:0xffffffff at 0xa0008144
[ 6073.715942] PUF Read:0xffffffff at 0xa0008148
[ 6073.715942] PUF Read:0xffffffff at 0xa000814c
[ 6073.716003] PUF Read:0xffffffff at 0xa0008150
[ 6073.716003] PUF Read:0xffffffff at 0xa0008154
[ 6073.716003] PUF Read:0xffffffff at 0xa0008158
[ 6073.716064] PUF Read:0xffffffff at 0xa000815c
[ 6073.716094] PUF Read:0xffffffff at 0xa0008160
[ 6073.716094] PUF Read:0xffffffff at 0xa0008164
[ 6073.716094] PUF Read:0xffffffff at 0xa0008168
[ 6073.716156] PUF Read:0xffffffff at 0xa000816c
[ 6073.716156] PUF Read:0xffffffff at 0xa0008170
[ 6073.716217] PUF Read:0xffffffff at 0xa0008174
[ 6073.716247] PUF Read:0xffffffff at 0xa0008178
[ 6073.716247] PUF Read:0xffffffff at 0xa000817c
[ 6073.716308] PUF Read:0xffff7f7f at 0xa0008180
[ 6073.716308] PUF Read:0xffffffff at 0xa0008184
[ 6073.716308] PUF Read:0xffffffff at 0xa0008188
[ 6073.716369] PUF Read:0xffffffff at 0xa000818c
[ 6073.716400] PUF Read:0xffffffff at 0xa0008190
[ 6073.716400] PUF Read:0xffffffff at 0xa0008194
[ 6073.716400] PUF Read:0xffffffff at 0xa0008198
[ 6073.716461] PUF Read:0xffffffff at 0xa000819c
[ 6073.716461] PUF Read:0xffffffff at 0xa00081a0
[ 6073.716522] PUF Read:0xffffffff at 0xa00081a4
[ 6073.716552] PUF Read:0xffffffff at 0xa00081a8
[ 6073.716552] PUF Read:0xffffffff at 0xa00081ac
[ 6073.716552] PUF Read:0xffffffff at 0xa00081b0
[ 6073.716613] PUF Read:0xffffffff at 0xa00081b4
[ 6073.716613] PUF Read:0xffffffff at 0xa00081b8
[ 6073.716613] PUF Read:0xffffffff at 0xa00081bc
[ 6073.716705] PUF Read:0xffffffff at 0xa00081c0
[ 6073.716735] PUF Read:0xffffffff at 0xa00081c4
[ 6073.716735] PUF Read:0xffffffff at 0xa00081c8
[ 6073.716735] PUF Read:0xffffffff at 0xa00081cc
[ 6073.716796] PUF Read:0xffffffff at 0xa00081d0
[ 6073.716796] PUF Read:0xffffffff at 0xa00081d4
[ 6073.716857] PUF Read:0xffffffff at 0xa00081d8
[ 6073.716888] PUF Read:0xffffffff at 0xa00081dc
[ 6073.716888] PUF Read:0xffffffff at 0xa00081e0
[ 6073.716949] PUF Read:0xffffffff at 0xa00081e4
[ 6073.716949] PUF Read:0xffffffff at 0xa00081e8
[ 6073.716949] PUF Read:0xff7fffff at 0xa00081ec
[ 6073.716949] PUF Read:0xffffffff at 0xa00081f0
[ 6073.717041] PUF Read:0xffffffff at 0xa00081f4
[ 6073.717041] PUF Read:0xfffffff7 at 0xa00081f8
[ 6073.717041] PUF Read:0xffffffff at 0xa00081fc
[ 6073.717041] PUF Read:0xffffffff at 0xa0008200
[ 6073.717041] PUF Read:0xffffffff at 0xa0008204
[ 6073.717041] PUF Read:0xffffffff at 0xa0008208
[ 6073.717193] PUF Read:0xfdffffff at 0xa000820c
[ 6073.717193] PUF Read:0xffffffff at 0xa0008210
[ 6073.717193] PUF Read:0xffffffff at 0xa0008214
[ 6073.717193] PUF Read:0xffffffff at 0xa0008218
[ 6073.717285] PUF Read:0xffffffff at 0xa000821c
[ 6073.717285] PUF Read:0xffffffff at 0xa0008220
[ 6073.717346] PUF Read:0xffffffff at 0xa0008224
[ 6073.717376] PUF Read:0xffffffff at 0xa0008228
[ 6073.717376] PUF Read:0xffffffff at 0xa000822c
[ 6073.717376] PUF Read:0xffffffff at 0xa0008230
[ 6073.717437] PUF Read:0xffffffff at 0xa0008234
[ 6073.717437] PUF Read:0xffffffff at 0xa0008238
[ 6073.717498] PUF Read:0xffffffff at 0xa000823c
[ 6073.717529] PUF Read:0xffffffff at 0xa0008240
[ 6073.717529] PUF Read:0xffffffff at 0xa0008244
[ 6073.717529] PUF Read:0xffffffff at 0xa0008248
[ 6073.717590] PUF Read:0xffffffff at 0xa000824c
[ 6073.717590] PUF Read:0xffffffff at 0xa0008250
[ 6073.717651] PUF Read:0xffffffff at 0xa0008254
[ 6073.717681] PUF Read:0xffffffff at 0xa0008258
[ 6073.717681] PUF Read:0xffffffff at 0xa000825c
[ 6073.717681] PUF Read:0xffffffff at 0xa0008260
[ 6073.717742] PUF Read:0xffffffff at 0xa0008264
[ 6073.717742] PUF Read:0xffffffff at 0xa0008268
[ 6073.717803] PUF Read:0xffffffff at 0xa000826c
[ 6073.717834] PUF Read:0xffffffff at 0xa0008270
[ 6073.717834] PUF Read:0xffffffff at 0xa0008274
[ 6073.717895] PUF Read:0xffffffff at 0xa0008278
[ 6073.717895] PUF Read:0xffffffff at 0xa000827c
[ 6073.717895] PUF Read:0xffffffff at 0xa0008280
[ 6073.717895] PUF Read:0xffffffff at 0xa0008284
[ 6073.717987] PUF Read:0xffffffff at 0xa0008288
[ 6073.717987] PUF Read:0xffffffff at 0xa000828c
[ 6073.718048] PUF Read:0xffffffff at 0xa0008290
[ 6073.718048] PUF Read:0xffffffff at 0xa0008294
[ 6073.718048] PUF Read:0xffffffff at 0xa0008298
[ 6073.718109] PUF Read:0xffffffff at 0xa000829c
[ 6073.718139] PUF Read:0xffffffff at 0xa00082a0
[ 6073.718139] PUF Read:0xffffffff at 0xa00082a4
[ 6073.718139] PUF Read:0xffffffff at 0xa00082a8
[ 6073.718200] PUF Read:0xffffffff at 0xa00082ac
[ 6073.718231] PUF Read:0xffffffff at 0xa00082b0
[ 6073.718231] PUF Read:0xffffffff at 0xa00082b4
[ 6073.718292] PUF Read:0xffffffff at 0xa00082b8
[ 6073.718322] PUF Read:0xffffffff at 0xa00082bc
[ 6073.718322] PUF Read:0xffffffff at 0xa00082c0
[ 6073.718322] PUF Read:0xffffffff at 0xa00082c4
[ 6073.718383] PUF Read:0xffffffff at 0xa00082c8
[ 6073.718383] PUF Read:0xffffffff at 0xa00082cc
[ 6073.718444] PUF Read:0xffffffff at 0xa00082d0
[ 6073.718475] PUF Read:0xffffffff at 0xa00082d4
[ 6073.718475] PUF Read:0xffffffff at 0xa00082d8
[ 6073.718475] PUF Read:0xffffffff at 0xa00082dc
[ 6073.718536] PUF Read:0xffffffff at 0xa00082e0
[ 6073.718536] PUF Read:0xffffffff at 0xa00082e4
[ 6073.718597] PUF Read:0xffffffff at 0xa00082e8
[ 6073.718627] PUF Read:0xffffffff at 0xa00082ec
[ 6073.718627] PUF Read:0xffffffff at 0xa00082f0
[ 6073.718627] PUF Read:0xffffffff at 0xa00082f4
[ 6073.718688] PUF Read:0xffffffff at 0xa00082f8
[ 6073.718688] PUF Read:0xffffffff at 0xa00082fc
[ 6073.718749] PUF Read:0xffffffff at 0xa0008300
[ 6073.718780] PUF Read:0xffffffff at 0xa0008304
[ 6073.718780] PUF Read:0xffffffff at 0xa0008308
[ 6073.718780] PUF Read:0xffffffff at 0xa000830c
[ 6073.718841] PUF Read:0xffffffff at 0xa0008310
[ 6073.718841] PUF Read:0xffffffff at 0xa0008314
[ 6073.718902] PUF Read:0xffffffff at 0xa0008318
[ 6073.718933] PUF Read:0xffffffff at 0xa000831c
[ 6073.718933] PUF Read:0xffffffff at 0xa0008320
[ 6073.718933] PUF Read:0xffffffff at 0xa0008324
[ 6073.718994] PUF Read:0xffffffff at 0xa0008328
[ 6073.718994] PUF Read:0xffffffff at 0xa000832c
[ 6073.719055] PUF Read:0xffffffff at 0xa0008330
[ 6073.719085] PUF Read:0xffffffff at 0xa0008334
[ 6073.719085] PUF Read:0xffffffff at 0xa0008338
[ 6073.719085] PUF Read:0xffffffff at 0xa000833c
[ 6073.719146] PUF Read:0xffffffff at 0xa0008340
[ 6073.719146] PUF Read:0xffffffff at 0xa0008344
[ 6073.719207] PUF Read:0xffffffff at 0xa0008348
[ 6073.719238] PUF Read:0xffffffff at 0xa000834c
[ 6073.719238] PUF Read:0xffffffff at 0xa0008350
[ 6073.719238] PUF Read:0xffffffff at 0xa0008354
[ 6073.719299] PUF Read:0xffffffff at 0xa0008358
[ 6073.719299] PUF Read:0xffffffff at 0xa000835c
[ 6073.719360] PUF Read:0xffffffff at 0xa0008360
[ 6073.719390] PUF Read:0xffffffff at 0xa0008364
[ 6073.719390] PUF Read:0xffffffff at 0xa0008368
[ 6073.719390] PUF Read:0xffffffff at 0xa000836c
[ 6073.719451] PUF Read:0xffffffff at 0xa0008370
[ 6073.719451] PUF Read:0xffffffff at 0xa0008374
[ 6073.719512] PUF Read:0xffffffff at 0xa0008378
[ 6073.719543] PUF Read:0xffffffff at 0xa000837c
[ 6073.719543] PUF Read:0xffffffff at 0xa0008380
[ 6073.719543] PUF Read:0xffffffff at 0xa0008384
[ 6073.719604] PUF Read:0xffffffff at 0xa0008388
[ 6073.719604] PUF Read:0xffffffff at 0xa000838c
[ 6073.719665] PUF Read:0xffffffff at 0xa0008390
[ 6073.719696] PUF Read:0xffffffff at 0xa0008394
[ 6073.719696] PUF Read:0xffffffff at 0xa0008398
[ 6073.719696] PUF Read:0xfff7ffff at 0xa000839c
[ 6073.719696] PUF Read:0xffffffff at 0xa00083a0
[ 6073.719787] PUF Read:0xffffffff at 0xa00083a4
[ 6073.719787] PUF Read:0xffffffff at 0xa00083a8
[ 6073.719848] PUF Read:0xffffffff at 0xa00083ac
[ 6073.719879] PUF Read:0xffffffff at 0xa00083b0
[ 6073.719879] PUF Read:0xffffffff at 0xa00083b4
[ 6073.719879] PUF Read:0xffffffff at 0xa00083b8
[ 6073.719940] PUF Read:0xffffffff at 0xa00083bc
[ 6073.719940] PUF Read:0xffffffff at 0xa00083c0
[ 6073.720001] PUF Read:0xffffffff at 0xa00083c4
[ 6073.720031] PUF Read:0xffffffff at 0xa00083c8
[ 6073.720031] PUF Read:0xffffffff at 0xa00083cc
[ 6073.720031] PUF Read:0xffffffff at 0xa00083d0
[ 6073.720092] PUF Read:0xffffffff at 0xa00083d4
[ 6073.720092] PUF Read:0xffffffff at 0xa00083d8
[ 6073.720153] PUF Read:0xffffffff at 0xa00083dc
[ 6073.720184] PUF Read:0xffffffff at 0xa00083e0
[ 6073.720184] PUF Read:0xffffffff at 0xa00083e4
[ 6073.720184] PUF Read:0xffffffff at 0xa00083e8
[ 6073.720245] PUF Read:0xffffffff at 0xa00083ec
[ 6073.720245] PUF Read:0xffffffff at 0xa00083f0
[ 6073.720306] PUF Read:0xffffffff at 0xa00083f4
[ 6073.720336] PUF Read:0xffffffff at 0xa00083f8
[ 6073.720336] PUF Read:0xffffffff at 0xa00083fc
[ 6073.720336] [i] Finished PUF read-out
[ 6073.720397] <6>[i] Finished PUF query for decaytime: 7680
[ 6073.720397] [i] Start decaytime: 120
[ 6073.720397] EMIF 2 REG Write 0x80000000 at 0x4d000010
[ 6073.720428] EMIF 2 REG Read 0x80000000 at 0x4d000010
[ 6073.720428] EMIF 2 REG Write 0x80000000 at 0x4d000014
[ 6073.720458] EMIF 2 REG Read 0x00000000 at 0x4d000014
[ 6073.720458] EMIF 2 REG Write 0x08016893 at 0x4d0000cc
[ 6073.720489] EMIF 2 REG Read 0x08016893 at 0x4d0000cc
[ 6073.720489] Temp polling alert disabled
[ 6073.720489] Refresh Disabled at EMIF2
[ 6073.720520] [i] Initialiting PUF & hammer rows
[ 6073.720520] [i] Single-Sided Rowhammer (SSRH)
[ 6073.722015] [i] Finished initialiting PUF & hammer rows
[ 6073.727294] [i]	Timer elapsed since its reset 0 sec
[ 6073.727294] [i] Decay: 120 sec
[ 6073.727294] [i]	Relative Decay: 0 msec
