[ 6614.627960] [i] Total hammer attempts per row: 1862380
[ 6614.627990] EMIF 2 REG Write 0x00000618 at 0x4d000010
[ 6614.627990] EMIF 2 REG Read 0x00000618 at 0x4d000010
[ 6614.628021] EMIF 2 REG Write 0x00000618 at 0x4d000014
[ 6614.628021] EMIF 2 REG Read 0x00000618 at 0x4d000014
[ 6614.628051] EMIF 2 REG Write 0x58016893 at 0x4d0000cc
[ 6614.628051] EMIF 2 REG Read 0x58016893 at 0x4d0000cc
[ 6614.628051] Temp polling alert enabled
[ 6614.628082] Refresh enabled at EMIF2
[ 6614.628082] [i] Starting PUF read-out
[ 6614.628082] [i] Single-Sided Rowhammer (SSRH)
[ 6614.628112] PUF Read:0x00000000 at 0xa0008000
[ 6614.628143] PUF Read:0x00000000 at 0xa0008004
[ 6614.628143] PUF Read:0x00000000 at 0xa0008008
[ 6614.628143] PUF Read:0x00000000 at 0xa000800c
[ 6614.628143] PUF Read:0x00000000 at 0xa0008010
[ 6614.628234] PUF Read:0x00000100 at 0xa0008014
[ 6614.628234] PUF Read:0x00000000 at 0xa0008018
[ 6614.628295] PUF Read:0x00000000 at 0xa000801c
[ 6614.628326] PUF Read:0x00000000 at 0xa0008020
[ 6614.628326] PUF Read:0x00000000 at 0xa0008024
[ 6614.628387] PUF Read:0x00000000 at 0xa0008028
[ 6614.628387] PUF Read:0x00000000 at 0xa000802c
[ 6614.628387] PUF Read:0x00000000 at 0xa0008030
[ 6614.628448] PUF Read:0x00000000 at 0xa0008034
[ 6614.628479] PUF Read:0x00000000 at 0xa0008038
[ 6614.628479] PUF Read:0x00000000 at 0xa000803c
[ 6614.628540] PUF Read:0x00000001 at 0xa0008040
[ 6614.628540] PUF Read:0x00004000 at 0xa0008044
[ 6614.628540] PUF Read:0x00000000 at 0xa0008048
[ 6614.628601] PUF Read:0x00000000 at 0xa000804c
[ 6614.628631] PUF Read:0x00000000 at 0xa0008050
[ 6614.628631] PUF Read:0x00000000 at 0xa0008054
[ 6614.628631] PUF Read:0x00000000 at 0xa0008058
[ 6614.628692] PUF Read:0x00000000 at 0xa000805c
[ 6614.628692] PUF Read:0x00000000 at 0xa0008060
[ 6614.628753] PUF Read:0x00000000 at 0xa0008064
[ 6614.628784] PUF Read:0x00000000 at 0xa0008068
[ 6614.628784] PUF Read:0x00000000 at 0xa000806c
[ 6614.628784] PUF Read:0x00000000 at 0xa0008070
[ 6614.628845] PUF Read:0x00000000 at 0xa0008074
[ 6614.628845] PUF Read:0x00000000 at 0xa0008078
[ 6614.628906] PUF Read:0x00000000 at 0xa000807c
[ 6614.628936] PUF Read:0x00000000 at 0xa0008080
[ 6614.628936] PUF Read:0x00000000 at 0xa0008084
[ 6614.628936] PUF Read:0x00000000 at 0xa0008088
[ 6614.628997] PUF Read:0x00000000 at 0xa000808c
[ 6614.628997] PUF Read:0x00000000 at 0xa0008090
[ 6614.629058] PUF Read:0x00000000 at 0xa0008094
[ 6614.629058] PUF Read:0x00010000 at 0xa0008098
[ 6614.629058] PUF Read:0x00000000 at 0xa000809c
[ 6614.629058] PUF Read:0x00000000 at 0xa00080a0
[ 6614.629058] PUF Read:0x00000000 at 0xa00080a4
[ 6614.629180] PUF Read:0x00000000 at 0xa00080a8
[ 6614.629180] PUF Read:0x00000000 at 0xa00080ac
[ 6614.629241] PUF Read:0x00000000 at 0xa00080b0
[ 6614.629272] PUF Read:0x00000000 at 0xa00080b4
[ 6614.629272] PUF Read:0x00000000 at 0xa00080b8
[ 6614.629272] PUF Read:0x00000000 at 0xa00080bc
[ 6614.629333] PUF Read:0x00000000 at 0xa00080c0
[ 6614.629333] PUF Read:0x00000000 at 0xa00080c4
[ 6614.629394] PUF Read:0x00000000 at 0xa00080c8
[ 6614.629425] PUF Read:0x00000000 at 0xa00080cc
[ 6614.629425] PUF Read:0x00000000 at 0xa00080d0
[ 6614.629425] PUF Read:0x00000000 at 0xa00080d4
[ 6614.629486] PUF Read:0x00000000 at 0xa00080d8
[ 6614.629486] PUF Read:0x00000000 at 0xa00080dc
[ 6614.629547] PUF Read:0x00000000 at 0xa00080e0
[ 6614.629577] PUF Read:0x00000000 at 0xa00080e4
[ 6614.629577] PUF Read:0x00000000 at 0xa00080e8
[ 6614.629577] PUF Read:0x00000001 at 0xa00080ec
[ 6614.629638] PUF Read:0x00000000 at 0xa00080f0
[ 6614.629638] PUF Read:0x00000000 at 0xa00080f4
[ 6614.629699] PUF Read:0x00000000 at 0xa00080f8
[ 6614.629699] PUF Read:0x00000000 at 0xa00080fc
[ 6614.629699] PUF Read:0x00000000 at 0xa0008100
[ 6614.629699] PUF Read:0x00000000 at 0xa0008104
[ 6614.629699] PUF Read:0x00000000 at 0xa0008108
[ 6614.629699] PUF Read:0x00000000 at 0xa000810c
[ 6614.629852] PUF Read:0x00000000 at 0xa0008110
[ 6614.629852] PUF Read:0x00000000 at 0xa0008114
[ 6614.629852] PUF Read:0x00000000 at 0xa0008118
[ 6614.629852] PUF Read:0x00000000 at 0xa000811c
[ 6614.629852] PUF Read:0x00000000 at 0xa0008120
[ 6614.629974] PUF Read:0x00000000 at 0xa0008124
[ 6614.630004] PUF Read:0x00000000 at 0xa0008128
[ 6614.630004] PUF Read:0x00000000 at 0xa000812c
[ 6614.630004] PUF Read:0x00000000 at 0xa0008130
[ 6614.630065] PUF Read:0x00000000 at 0xa0008134
[ 6614.630065] PUF Read:0x00000000 at 0xa0008138
[ 6614.630126] PUF Read:0x00000000 at 0xa000813c
[ 6614.630157] PUF Read:0x00000000 at 0xa0008140
[ 6614.630157] PUF Read:0x00000000 at 0xa0008144
[ 6614.630157] PUF Read:0x00100400 at 0xa0008148
[ 6614.630218] PUF Read:0x00000000 at 0xa000814c
[ 6614.630218] PUF Read:0x00000000 at 0xa0008150
[ 6614.630279] PUF Read:0x00000000 at 0xa0008154
[ 6614.630310] PUF Read:0x00000000 at 0xa0008158
[ 6614.630310] PUF Read:0x00000040 at 0xa000815c
[ 6614.630310] PUF Read:0x00000000 at 0xa0008160
[ 6614.630371] PUF Read:0x00000000 at 0xa0008164
[ 6614.630371] PUF Read:0x00000000 at 0xa0008168
[ 6614.630432] PUF Read:0x00000000 at 0xa000816c
[ 6614.630462] PUF Read:0x00000000 at 0xa0008170
[ 6614.630462] PUF Read:0x00000000 at 0xa0008174
[ 6614.630462] PUF Read:0x00000000 at 0xa0008178
[ 6614.630523] PUF Read:0x00000000 at 0xa000817c
[ 6614.630523] PUF Read:0x00000000 at 0xa0008180
[ 6614.630584] PUF Read:0x00000000 at 0xa0008184
[ 6614.630584] PUF Read:0x00000000 at 0xa0008188
[ 6614.630584] PUF Read:0x00000000 at 0xa000818c
[ 6614.630584] PUF Read:0x00000000 at 0xa0008190
[ 6614.630584] PUF Read:0x00000000 at 0xa0008194
[ 6614.630584] PUF Read:0x00000000 at 0xa0008198
[ 6614.630584] PUF Read:0x00000000 at 0xa000819c
[ 6614.630767] PUF Read:0x00000000 at 0xa00081a0
[ 6614.630767] PUF Read:0x00000000 at 0xa00081a4
[ 6614.630767] PUF Read:0x00000000 at 0xa00081a8
[ 6614.630767] PUF Read:0x00000000 at 0xa00081ac
[ 6614.630767] PUF Read:0x00400000 at 0xa00081b0
[ 6614.630767] PUF Read:0x00000000 at 0xa00081b4
[ 6614.630920] PUF Read:0x00000000 at 0xa00081b8
[ 6614.630920] PUF Read:0x00000000 at 0xa00081bc
[ 6614.630981] PUF Read:0x00000000 at 0xa00081c0
[ 6614.630981] PUF Read:0x00000004 at 0xa00081c4
[ 6614.630981] PUF Read:0x00000000 at 0xa00081c8
[ 6614.631042] PUF Read:0x00000000 at 0xa00081cc
[ 6614.631072] PUF Read:0x00000000 at 0xa00081d0
[ 6614.631072] PUF Read:0x00000000 at 0xa00081d4
[ 6614.631072] PUF Read:0x00000000 at 0xa00081d8
[ 6614.631134] PUF Read:0x00000000 at 0xa00081dc
[ 6614.631134] PUF Read:0x00000000 at 0xa00081e0
[ 6614.631195] PUF Read:0x00000000 at 0xa00081e4
[ 6614.631225] PUF Read:0x00000000 at 0xa00081e8
[ 6614.631225] PUF Read:0x00000000 at 0xa00081ec
[ 6614.631225] PUF Read:0x00000000 at 0xa00081f0
[ 6614.631286] PUF Read:0x00000000 at 0xa00081f4
[ 6614.631286] PUF Read:0x00000000 at 0xa00081f8
[ 6614.631347] PUF Read:0x00000000 at 0xa00081fc
[ 6614.631378] PUF Read:0x00000000 at 0xa0008200
[ 6614.631378] PUF Read:0x00000000 at 0xa0008204
[ 6614.631378] PUF Read:0x00000000 at 0xa0008208
[ 6614.631378] PUF Read:0x00000000 at 0xa000820c
[ 6614.631378] PUF Read:0x00000000 at 0xa0008210
[ 6614.631500] PUF Read:0x00000000 at 0xa0008214
[ 6614.631500] PUF Read:0x00000000 at 0xa0008218
[ 6614.631500] PUF Read:0x00000000 at 0xa000821c
[ 6614.631500] PUF Read:0x00000000 at 0xa0008220
[ 6614.631500] PUF Read:0x00000000 at 0xa0008224
[ 6614.631500] PUF Read:0x00000000 at 0xa0008228
[ 6614.631652] PUF Read:0x00000000 at 0xa000822c
[ 6614.631652] PUF Read:0x00000000 at 0xa0008230
[ 6614.631652] PUF Read:0x00000000 at 0xa0008234
[ 6614.631713] PUF Read:0x00000000 at 0xa0008238
[ 6614.631713] PUF Read:0x00000000 at 0xa000823c
[ 6614.631774] PUF Read:0x00000000 at 0xa0008240
[ 6614.631805] PUF Read:0x00000000 at 0xa0008244
[ 6614.631805] PUF Read:0x00000000 at 0xa0008248
[ 6614.631805] PUF Read:0x00000000 at 0xa000824c
[ 6614.631866] PUF Read:0x00000000 at 0xa0008250
[ 6614.631866] PUF Read:0x00000000 at 0xa0008254
[ 6614.631927] PUF Read:0x00000000 at 0xa0008258
[ 6614.631958] PUF Read:0x00000000 at 0xa000825c
[ 6614.631958] PUF Read:0x00000000 at 0xa0008260
[ 6614.631958] PUF Read:0x00000000 at 0xa0008264
[ 6614.632019] PUF Read:0x00000000 at 0xa0008268
[ 6614.632019] PUF Read:0x00000000 at 0xa000826c
[ 6614.632080] PUF Read:0x00000000 at 0xa0008270
[ 6614.632110] PUF Read:0x00000000 at 0xa0008274
[ 6614.632110] PUF Read:0x00000000 at 0xa0008278
[ 6614.632110] PUF Read:0x00000000 at 0xa000827c
[ 6614.632110] PUF Read:0x00000000 at 0xa0008280
[ 6614.632110] PUF Read:0x00000000 at 0xa0008284
[ 6614.632110] PUF Read:0x00000000 at 0xa0008288
[ 6614.632263] PUF Read:0x00000000 at 0xa000828c
[ 6614.632263] PUF Read:0x00000000 at 0xa0008290
[ 6614.632263] PUF Read:0x00000000 at 0xa0008294
[ 6614.632263] PUF Read:0x00000000 at 0xa0008298
[ 6614.632263] PUF Read:0x00000000 at 0xa000829c
[ 6614.632263] PUF Read:0x00000000 at 0xa00082a0
[ 6614.632415] PUF Read:0x00000000 at 0xa00082a4
[ 6614.632415] PUF Read:0x00000000 at 0xa00082a8
[ 6614.632415] PUF Read:0x00000000 at 0xa00082ac
[ 6614.632415] PUF Read:0x00000000 at 0xa00082b0
[ 6614.632415] PUF Read:0x00000000 at 0xa00082b4
[ 6614.632415] PUF Read:0x00000040 at 0xa00082b8
[ 6614.632568] PUF Read:0x00000000 at 0xa00082bc
[ 6614.632568] PUF Read:0x00000000 at 0xa00082c0
[ 6614.632568] PUF Read:0x00000000 at 0xa00082c4
[ 6614.632568] PUF Read:0x00000000 at 0xa00082c8
[ 6614.632568] PUF Read:0x00000000 at 0xa00082cc
[ 6614.632690] PUF Read:0x00000000 at 0xa00082d0
[ 6614.632720] PUF Read:0x00000000 at 0xa00082d4
[ 6614.632720] PUF Read:0x00000000 at 0xa00082d8
[ 6614.632781] PUF Read:0x00000000 at 0xa00082dc
[ 6614.632781] PUF Read:0x00000000 at 0xa00082e0
[ 6614.632781] PUF Read:0x00000400 at 0xa00082e4
[ 6614.632843] PUF Read:0x00000000 at 0xa00082e8
[ 6614.632873] PUF Read:0x00000000 at 0xa00082ec
[ 6614.632873] PUF Read:0x00000000 at 0xa00082f0
[ 6614.632873] PUF Read:0x00000000 at 0xa00082f4
[ 6614.632934] PUF Read:0x00000000 at 0xa00082f8
[ 6614.632934] PUF Read:0x00000000 at 0xa00082fc
[ 6614.632995] PUF Read:0x00000000 at 0xa0008300
[ 6614.633026] PUF Read:0x00000000 at 0xa0008304
[ 6614.633026] PUF Read:0x00000000 at 0xa0008308
[ 6614.633026] PUF Read:0x00000000 at 0xa000830c
[ 6614.633087] PUF Read:0x00000000 at 0xa0008310
[ 6614.633087] PUF Read:0x00000000 at 0xa0008314
[ 6614.633148] PUF Read:0x00000000 at 0xa0008318
[ 6614.633178] PUF Read:0x10000000 at 0xa000831c
[ 6614.633178] PUF Read:0x00000000 at 0xa0008320
[ 6614.633178] PUF Read:0x00000000 at 0xa0008324
[ 6614.633239] PUF Read:0x00000000 at 0xa0008328
[ 6614.633239] PUF Read:0x00000000 at 0xa000832c
[ 6614.633300] PUF Read:0x00000004 at 0xa0008330
[ 6614.633331] PUF Read:0x00000000 at 0xa0008334
[ 6614.633331] PUF Read:0x00000000 at 0xa0008338
[ 6614.633331] PUF Read:0x00000000 at 0xa000833c
[ 6614.633392] PUF Read:0x00000000 at 0xa0008340
[ 6614.633392] PUF Read:0x00000000 at 0xa0008344
[ 6614.633453] PUF Read:0x00000000 at 0xa0008348
[ 6614.633453] PUF Read:0x00000000 at 0xa000834c
[ 6614.633453] PUF Read:0x00000000 at 0xa0008350
[ 6614.633453] PUF Read:0x00000000 at 0xa0008354
[ 6614.633453] PUF Read:0x00000000 at 0xa0008358
[ 6614.633575] PUF Read:0x00000000 at 0xa000835c
[ 6614.633605] PUF Read:0x00010000 at 0xa0008360
[ 6614.633605] PUF Read:0x00000000 at 0xa0008364
[ 6614.633605] PUF Read:0x00000000 at 0xa0008368
[ 6614.633605] PUF Read:0x00000000 at 0xa000836c
[ 6614.633697] PUF Read:0x00000000 at 0xa0008370
[ 6614.633697] PUF Read:0x00000000 at 0xa0008374
[ 6614.633758] PUF Read:0x00000000 at 0xa0008378
[ 6614.633789] PUF Read:0x00000000 at 0xa000837c
[ 6614.633789] PUF Read:0x00000000 at 0xa0008380
[ 6614.633789] PUF Read:0x00000000 at 0xa0008384
[ 6614.633850] PUF Read:0x00000000 at 0xa0008388
[ 6614.633850] PUF Read:0x00000000 at 0xa000838c
[ 6614.633911] PUF Read:0x00000000 at 0xa0008390
[ 6614.633941] PUF Read:0x00000000 at 0xa0008394
[ 6614.633941] PUF Read:0x00000000 at 0xa0008398
[ 6614.633941] PUF Read:0x00000000 at 0xa000839c
[ 6614.634002] PUF Read:0x00000000 at 0xa00083a0
[ 6614.634002] PUF Read:0x00000000 at 0xa00083a4
[ 6614.634063] PUF Read:0x00000000 at 0xa00083a8
[ 6614.634094] PUF Read:0x00000000 at 0xa00083ac
[ 6614.634094] PUF Read:0x00000000 at 0xa00083b0
[ 6614.634094] PUF Read:0x00000000 at 0xa00083b4
[ 6614.634094] PUF Read:0x00000000 at 0xa00083b8
[ 6614.634094] PUF Read:0x00000000 at 0xa00083bc
[ 6614.634216] PUF Read:0x00000000 at 0xa00083c0
[ 6614.634216] PUF Read:0x00000000 at 0xa00083c4
[ 6614.634216] PUF Read:0x00000000 at 0xa00083c8
[ 6614.634216] PUF Read:0x00000000 at 0xa00083cc
[ 6614.634216] PUF Read:0x00000000 at 0xa00083d0
[ 6614.634216] PUF Read:0x00010000 at 0xa00083d4
[ 6614.634368] PUF Read:0x00000000 at 0xa00083d8
[ 6614.634368] PUF Read:0x00000000 at 0xa00083dc
[ 6614.634429] PUF Read:0x00000000 at 0xa00083e0
[ 6614.634429] PUF Read:0x00000000 at 0xa00083e4
[ 6614.634429] PUF Read:0x00000000 at 0xa00083e8
[ 6614.634490] PUF Read:0x00000000 at 0xa00083ec
[ 6614.634521] PUF Read:0x00000000 at 0xa00083f0
[ 6614.634521] PUF Read:0x00000000 at 0xa00083f4
[ 6614.634521] PUF Read:0x00000004 at 0xa00083f8
[ 6614.634582] PUF Read:0x00040000 at 0xa00083fc
[ 6614.634613] [i] Finished PUF read-out
[ 6614.634613] <6>[i] Finished PUF query for decaytime: 7680
[ 6614.634643] [i] Start decaytime: 120
[ 6614.634643] EMIF 2 REG Write 0x80000000 at 0x4d000010
[ 6614.634643] EMIF 2 REG Read 0x80000000 at 0x4d000010
[ 6614.634674] EMIF 2 REG Write 0x80000000 at 0x4d000014
[ 6614.634674] EMIF 2 REG Read 0x00000000 at 0x4d000014
[ 6614.634704] EMIF 2 REG Write 0x08016893 at 0x4d0000cc
[ 6614.634704] EMIF 2 REG Read 0x08016893 at 0x4d0000cc
[ 6614.634735] Temp polling alert disabled
[ 6614.634735] Refresh Disabled at EMIF2
[ 6614.634735] [i] Initialiting PUF & hammer rows
[ 6614.634765] [i] Single-Sided Rowhammer (SSRH)
[ 6614.636260] [i] Finished initialiting PUF & hammer rows
[ 6614.642700] [i]	Timer elapsed since its reset 0 sec
[ 6614.642700] [i] Decay: 120 sec
[ 6614.642700] [i]	Relative Decay: 0 msec
