[ 3369.135314] [i] Total hammer attempts per row: 1862831
[ 3369.135314] EMIF 2 REG Write 0x00000618 at 0x4d000010
[ 3369.135314] EMIF 2 REG Read 0x00000618 at 0x4d000010
[ 3369.135375] EMIF 2 REG Write 0x00000618 at 0x4d000014
[ 3369.135375] EMIF 2 REG Read 0x00000618 at 0x4d000014
[ 3369.135406] EMIF 2 REG Write 0x58016893 at 0x4d0000cc
[ 3369.135406] EMIF 2 REG Read 0x58016893 at 0x4d0000cc
[ 3369.135406] Temp polling alert enabled
[ 3369.135406] Refresh enabled at EMIF2
[ 3369.135437] [i] Starting PUF read-out
[ 3369.135437] [i] Single-Sided Rowhammer (SSRH)
[ 3369.135467] PUF Read:0xaaaaaaaa at 0xa0008000
[ 3369.135467] PUF Read:0xaaaaaaaa at 0xa0008004
[ 3369.135467] PUF Read:0xaaaaaaaa at 0xa0008008
[ 3369.135467] PUF Read:0xaaaaaaaa at 0xa000800c
[ 3369.135559] PUF Read:0xaaaaaaaa at 0xa0008010
[ 3369.135559] PUF Read:0xaaaaabaa at 0xa0008014
[ 3369.135620] PUF Read:0xaaaaaaaa at 0xa0008018
[ 3369.135650] PUF Read:0xaaaaaaaa at 0xa000801c
[ 3369.135650] PUF Read:0xaaaaaaaa at 0xa0008020
[ 3369.135650] PUF Read:0xaaaaaaaa at 0xa0008024
[ 3369.135650] PUF Read:0xaaaaaaaa at 0xa0008028
[ 3369.135742] PUF Read:0xaaaaaaaa at 0xa000802c
[ 3369.135742] PUF Read:0xaaaaaaaa at 0xa0008030
[ 3369.135803] PUF Read:0xaaaaaaaa at 0xa0008034
[ 3369.135833] PUF Read:0xaaaaaaaa at 0xa0008038
[ 3369.135833] PUF Read:0xaaaaaaaa at 0xa000803c
[ 3369.135833] PUF Read:0xaaaaaaab at 0xa0008040
[ 3369.135894] PUF Read:0xaaaaeaaa at 0xa0008044
[ 3369.135894] PUF Read:0xaaaaaaaa at 0xa0008048
[ 3369.135955] PUF Read:0xaaaaaaaa at 0xa000804c
[ 3369.135986] PUF Read:0xaaaaaaaa at 0xa0008050
[ 3369.135986] PUF Read:0xaaaaaaaa at 0xa0008054
[ 3369.135986] PUF Read:0xaaaaaaaa at 0xa0008058
[ 3369.135986] PUF Read:0xaaaaaaaa at 0xa000805c
[ 3369.136077] PUF Read:0xaaaaaaaa at 0xa0008060
[ 3369.136077] PUF Read:0xaaaa2aaa at 0xa0008064
[ 3369.136138] PUF Read:0xaaaaaaaa at 0xa0008068
[ 3369.136169] PUF Read:0xaaaaaaaa at 0xa000806c
[ 3369.136169] PUF Read:0xaaaaaaaa at 0xa0008070
[ 3369.136230] PUF Read:0xaaaaaaaa at 0xa0008074
[ 3369.136230] PUF Read:0xaaaaaaaa at 0xa0008078
[ 3369.136230] PUF Read:0xaaaaaaaa at 0xa000807c
[ 3369.136230] PUF Read:0xaaaaaaaa at 0xa0008080
[ 3369.136322] PUF Read:0xaaaaaaaa at 0xa0008084
[ 3369.136322] PUF Read:0xaaaaaaaa at 0xa0008088
[ 3369.136322] PUF Read:0xaaaaaaaa at 0xa000808c
[ 3369.136322] PUF Read:0xaaaa8aaa at 0xa0008090
[ 3369.136322] PUF Read:0xaaaaaaaa at 0xa0008094
[ 3369.136322] PUF Read:0xaaabaaaa at 0xa0008098
[ 3369.136474] PUF Read:0xaaaaaaaa at 0xa000809c
[ 3369.136474] PUF Read:0xaaaaaaaa at 0xa00080a0
[ 3369.136474] PUF Read:0xaaaaaaaa at 0xa00080a4
[ 3369.136474] PUF Read:0xaaaaaaaa at 0xa00080a8
[ 3369.136566] PUF Read:0xaaaaaaaa at 0xa00080ac
[ 3369.136566] PUF Read:0xaaaaaaaa at 0xa00080b0
[ 3369.136627] PUF Read:0xaa2aaaaa at 0xa00080b4
[ 3369.136657] PUF Read:0xaaaaaaaa at 0xa00080b8
[ 3369.136657] PUF Read:0x8aaaaaaa at 0xa00080bc
[ 3369.136718] PUF Read:0xaaaaaaaa at 0xa00080c0
[ 3369.136718] PUF Read:0xaaaaaaaa at 0xa00080c4
[ 3369.136718] PUF Read:0xaaa2aaaa at 0xa00080c8
[ 3369.136718] PUF Read:0xaaaaaaaa at 0xa00080cc
[ 3369.136810] PUF Read:0xaaaaaaaa at 0xa00080d0
[ 3369.136810] PUF Read:0xaaaaaaaa at 0xa00080d4
[ 3369.136810] PUF Read:0xaaaaaaaa at 0xa00080d8
[ 3369.136810] PUF Read:0xaaaaaaaa at 0xa00080dc
[ 3369.136810] PUF Read:0xaaaaaaaa at 0xa00080e0
[ 3369.136810] PUF Read:0xaaaaaaaa at 0xa00080e4
[ 3369.136962] PUF Read:0xaaaaaaaa at 0xa00080e8
[ 3369.136962] PUF Read:0xaaaaaaab at 0xa00080ec
[ 3369.136962] PUF Read:0x8aaaaaaa at 0xa00080f0
[ 3369.136962] PUF Read:0xaaaaaaaa at 0xa00080f4
[ 3369.136962] PUF Read:0xaaaaaaaa at 0xa00080f8
[ 3369.136962] PUF Read:0xaaaaaaaa at 0xa00080fc
[ 3369.137115] PUF Read:0xaaaaaaaa at 0xa0008100
[ 3369.137145] PUF Read:0xaaaaaaaa at 0xa0008104
[ 3369.137145] PUF Read:0xaaaaaaaa at 0xa0008108
[ 3369.137145] PUF Read:0xaaaaaaaa at 0xa000810c
[ 3369.137207] PUF Read:0xaaaaaaaa at 0xa0008110
[ 3369.137207] PUF Read:0xaaaaaaaa at 0xa0008114
[ 3369.137268] PUF Read:0xaaaaaaaa at 0xa0008118
[ 3369.137298] PUF Read:0xaaaaaaaa at 0xa000811c
[ 3369.137298] PUF Read:0xaaaaaaaa at 0xa0008120
[ 3369.137298] PUF Read:0xaaaaaaaa at 0xa0008124
[ 3369.137359] PUF Read:0xaaaaaaaa at 0xa0008128
[ 3369.137359] PUF Read:0xaaaaaaaa at 0xa000812c
[ 3369.137420] PUF Read:0xaaaaaaaa at 0xa0008130
[ 3369.137451] PUF Read:0xaaaaaaaa at 0xa0008134
[ 3369.137451] PUF Read:0xaa8aaaaa at 0xa0008138
[ 3369.137451] PUF Read:0xaaaaaaaa at 0xa000813c
[ 3369.137512] PUF Read:0xaaaaaaaa at 0xa0008140
[ 3369.137512] PUF Read:0xaaaaaaaa at 0xa0008144
[ 3369.137512] PUF Read:0xaabaaeaa at 0xa0008148
[ 3369.137603] PUF Read:0xaaaaaaaa at 0xa000814c
[ 3369.137634] PUF Read:0xaaaaaaaa at 0xa0008150
[ 3369.137634] PUF Read:0xaaaaaaaa at 0xa0008154
[ 3369.137634] PUF Read:0xaaaaaaaa at 0xa0008158
[ 3369.137695] PUF Read:0xaaaaaaea at 0xa000815c
[ 3369.137695] PUF Read:0xaaaaaaaa at 0xa0008160
[ 3369.137756] PUF Read:0xaaaaaaaa at 0xa0008164
[ 3369.137786] PUF Read:0xaaaaaaaa at 0xa0008168
[ 3369.137786] PUF Read:0xaaaaaaaa at 0xa000816c
[ 3369.137786] PUF Read:0xaaaaaaaa at 0xa0008170
[ 3369.137847] PUF Read:0xaaaaaaaa at 0xa0008174
[ 3369.137847] PUF Read:0xaaaaaaaa at 0xa0008178
[ 3369.137908] PUF Read:0xaaaaaaaa at 0xa000817c
[ 3369.137939] PUF Read:0xaaaa2a2a at 0xa0008180
[ 3369.137939] PUF Read:0xaaaaaaaa at 0xa0008184
[ 3369.137939] PUF Read:0xaaaaaaaa at 0xa0008188
[ 3369.138000] PUF Read:0xaaaaaaaa at 0xa000818c
[ 3369.138000] PUF Read:0xaaaaaaaa at 0xa0008190
[ 3369.138061] PUF Read:0xaaaaaaaa at 0xa0008194
[ 3369.138092] PUF Read:0xaaaaaaaa at 0xa0008198
[ 3369.138092] PUF Read:0xaaaaaaaa at 0xa000819c
[ 3369.138092] PUF Read:0xaaaaaaaa at 0xa00081a0
[ 3369.138153] PUF Read:0xaaaaaaaa at 0xa00081a4
[ 3369.138153] PUF Read:0xaaaaaaaa at 0xa00081a8
[ 3369.138153] PUF Read:0xaaaaaaaa at 0xa00081ac
[ 3369.138244] PUF Read:0xaaeaaaaa at 0xa00081b0
[ 3369.138244] PUF Read:0xaaaaaaaa at 0xa00081b4
[ 3369.138244] PUF Read:0xaaaaaaaa at 0xa00081b8
[ 3369.138244] PUF Read:0xaaaaaaaa at 0xa00081bc
[ 3369.138244] PUF Read:0xaaaaaaaa at 0xa00081c0
[ 3369.138244] PUF Read:0xaaaaaaae at 0xa00081c4
[ 3369.138397] PUF Read:0xaaaaaaaa at 0xa00081c8
[ 3369.138397] PUF Read:0xaaaaaaaa at 0xa00081cc
[ 3369.138397] PUF Read:0xbaaaaaaa at 0xa00081d0
[ 3369.138397] PUF Read:0xaaaaaaaa at 0xa00081d4
[ 3369.138397] PUF Read:0xaaaaaaaa at 0xa00081d8
[ 3369.138397] PUF Read:0xaaaaaaaa at 0xa00081dc
[ 3369.138549] PUF Read:0xaaaaaaaa at 0xa00081e0
[ 3369.138549] PUF Read:0xaaaaaaea at 0xa00081e4
[ 3369.138549] PUF Read:0xaaaaaaaa at 0xa00081e8
[ 3369.138549] PUF Read:0xaa2aaaaa at 0xa00081ec
[ 3369.138641] PUF Read:0xaaaaaaaa at 0xa00081f0
[ 3369.138641] PUF Read:0xaaaaaeaa at 0xa00081f4
[ 3369.138702] PUF Read:0xaaaaaaa2 at 0xa00081f8
[ 3369.138702] PUF Read:0xaaaaaaaa at 0xa00081fc
[ 3369.138702] PUF Read:0xaaaaaaaa at 0xa0008200
[ 3369.138702] PUF Read:0xaaaaaaaa at 0xa0008204
[ 3369.138793] PUF Read:0xaaaaaaaa at 0xa0008208
[ 3369.138793] PUF Read:0xa8aaaaaa at 0xa000820c
[ 3369.138854] PUF Read:0xaaaaaaaa at 0xa0008210
[ 3369.138885] PUF Read:0xaaaaaaaa at 0xa0008214
[ 3369.138885] PUF Read:0xaaaaaaaa at 0xa0008218
[ 3369.138885] PUF Read:0xaaaaaaaa at 0xa000821c
[ 3369.138946] PUF Read:0xaaaaaaaa at 0xa0008220
[ 3369.138946] PUF Read:0xaaaaaaaa at 0xa0008224
[ 3369.139007] PUF Read:0xaaaaaaaa at 0xa0008228
[ 3369.139038] PUF Read:0xaaaaaaaa at 0xa000822c
[ 3369.139038] PUF Read:0xaaaaaaaa at 0xa0008230
[ 3369.139038] PUF Read:0xa8aaaaaa at 0xa0008234
[ 3369.139038] PUF Read:0xaaaaaaaa at 0xa0008238
[ 3369.139129] PUF Read:0xaaaaaaaa at 0xa000823c
[ 3369.139129] PUF Read:0xaaaaaaaa at 0xa0008240
[ 3369.139190] PUF Read:0xaaaaaaaa at 0xa0008244
[ 3369.139221] PUF Read:0xaaaaaaaa at 0xa0008248
[ 3369.139221] PUF Read:0xaaaaaaaa at 0xa000824c
[ 3369.139221] PUF Read:0xaaaaaaaa at 0xa0008250
[ 3369.139282] PUF Read:0xaaaaaaaa at 0xa0008254
[ 3369.139282] PUF Read:0xaaaaaaaa at 0xa0008258
[ 3369.139343] PUF Read:0xaaaaaaaa at 0xa000825c
[ 3369.139373] PUF Read:0xaaaaaaaa at 0xa0008260
[ 3369.139373] PUF Read:0xaaaaaaaa at 0xa0008264
[ 3369.139373] PUF Read:0xaaaaaaaa at 0xa0008268
[ 3369.139373] PUF Read:0xaaaaaaaa at 0xa000826c
[ 3369.139373] PUF Read:0xaaaaaaaa at 0xa0008270
[ 3369.139373] PUF Read:0xaaaaaaaa at 0xa0008274
[ 3369.139526] PUF Read:0xaaaaaaaa at 0xa0008278
[ 3369.139526] PUF Read:0xaaaaaaaa at 0xa000827c
[ 3369.139526] PUF Read:0xaaaaaaaa at 0xa0008280
[ 3369.139526] PUF Read:0xaaaaaaaa at 0xa0008284
[ 3369.139526] PUF Read:0xaaaaaaaa at 0xa0008288
[ 3369.139526] PUF Read:0xaaaaaaaa at 0xa000828c
[ 3369.139678] PUF Read:0xaaaaaaaa at 0xa0008290
[ 3369.139678] PUF Read:0xaaaaaaaa at 0xa0008294
[ 3369.139678] PUF Read:0xaaaaaaaa at 0xa0008298
[ 3369.139678] PUF Read:0xaaaaaaaa at 0xa000829c
[ 3369.139678] PUF Read:0xaaaaaaaa at 0xa00082a0
[ 3369.139678] PUF Read:0xaaaaaaaa at 0xa00082a4
[ 3369.139831] PUF Read:0xaaaaaaaa at 0xa00082a8
[ 3369.139831] PUF Read:0xaaaaaaaa at 0xa00082ac
[ 3369.139831] PUF Read:0xaaaaaaaa at 0xa00082b0
[ 3369.139831] PUF Read:0xaaaaaaaa at 0xa00082b4
[ 3369.139923] PUF Read:0xaaaaaaea at 0xa00082b8
[ 3369.139923] PUF Read:0xaaaaaaaa at 0xa00082bc
[ 3369.139984] PUF Read:0xaaaaaaaa at 0xa00082c0
[ 3369.140014] PUF Read:0xaaaaaaaa at 0xa00082c4
[ 3369.140014] PUF Read:0xbaaaaaaa at 0xa00082c8
[ 3369.140014] PUF Read:0xaaaaaaaa at 0xa00082cc
[ 3369.140075] PUF Read:0xaaaaaaaa at 0xa00082d0
[ 3369.140075] PUF Read:0xaaaaaaaa at 0xa00082d4
[ 3369.140136] PUF Read:0xaaaaaaaa at 0xa00082d8
[ 3369.140167] PUF Read:0xaaaaaaaa at 0xa00082dc
[ 3369.140167] PUF Read:0xaaaaaaaa at 0xa00082e0
[ 3369.140167] PUF Read:0xaaaaaeaa at 0xa00082e4
[ 3369.140228] PUF Read:0xaaaaaaaa at 0xa00082e8
[ 3369.140228] PUF Read:0xaaaaaaaa at 0xa00082ec
[ 3369.140289] PUF Read:0xaaaaaaaa at 0xa00082f0
[ 3369.140319] PUF Read:0xaaaaaaaa at 0xa00082f4
[ 3369.140319] PUF Read:0xaaaaaaaa at 0xa00082f8
[ 3369.140319] PUF Read:0xaaaaaaaa at 0xa00082fc
[ 3369.140380] PUF Read:0xaaaaaaaa at 0xa0008300
[ 3369.140380] PUF Read:0xaaaaaaaa at 0xa0008304
[ 3369.140441] PUF Read:0xaaaaaaaa at 0xa0008308
[ 3369.140472] PUF Read:0xaaaaaaaa at 0xa000830c
[ 3369.140472] PUF Read:0xaaaaaaaa at 0xa0008310
[ 3369.140533] PUF Read:0xaaaaaaaa at 0xa0008314
[ 3369.140533] PUF Read:0xaaaaaaaa at 0xa0008318
[ 3369.140533] PUF Read:0xbaaaaaaa at 0xa000831c
[ 3369.140533] PUF Read:0xaaaaaaaa at 0xa0008320
[ 3369.140533] PUF Read:0xaaaaaaaa at 0xa0008324
[ 3369.140655] PUF Read:0xaaaaaaaa at 0xa0008328
[ 3369.140655] PUF Read:0xaaaaaaaa at 0xa000832c
[ 3369.140655] PUF Read:0xaaaaaaae at 0xa0008330
[ 3369.140655] PUF Read:0xaaaaaaaa at 0xa0008334
[ 3369.140747] PUF Read:0xaaaaaaaa at 0xa0008338
[ 3369.140747] PUF Read:0xaaaaaaaa at 0xa000833c
[ 3369.140808] PUF Read:0xaaaaaaaa at 0xa0008340
[ 3369.140838] PUF Read:0xaaaaaaaa at 0xa0008344
[ 3369.140838] PUF Read:0xaaaaaaaa at 0xa0008348
[ 3369.140838] PUF Read:0xaaaaaaaa at 0xa000834c
[ 3369.140899] PUF Read:0xaaaaaa8a at 0xa0008350
[ 3369.140899] PUF Read:0xaaaaaaaa at 0xa0008354
[ 3369.140960] PUF Read:0xaaaaaaaa at 0xa0008358
[ 3369.140991] PUF Read:0xaaaaaaaa at 0xa000835c
[ 3369.140991] PUF Read:0xaaabaaaa at 0xa0008360
[ 3369.140991] PUF Read:0xaaaaaaaa at 0xa0008364
[ 3369.141052] PUF Read:0xaaaaaaaa at 0xa0008368
[ 3369.141052] PUF Read:0xaaaaaaaa at 0xa000836c
[ 3369.141113] PUF Read:0xaaaaaaaa at 0xa0008370
[ 3369.141143] PUF Read:0xaaaaaaaa at 0xa0008374
[ 3369.141143] PUF Read:0xaaaaaaaa at 0xa0008378
[ 3369.141204] PUF Read:0xaaaaaaaa at 0xa000837c
[ 3369.141204] PUF Read:0xaaaaaaaa at 0xa0008380
[ 3369.141204] PUF Read:0xaaaaaaaa at 0xa0008384
[ 3369.141204] PUF Read:0xaaaaaaaa at 0xa0008388
[ 3369.141296] PUF Read:0xaaaaaaaa at 0xa000838c
[ 3369.141296] PUF Read:0xaaaaaaaa at 0xa0008390
[ 3369.141296] PUF Read:0xaaaaaaaa at 0xa0008394
[ 3369.141296] PUF Read:0xaaaaaaaa at 0xa0008398
[ 3369.141296] PUF Read:0xaaa2aaaa at 0xa000839c
[ 3369.141296] PUF Read:0xaaaaaaaa at 0xa00083a0
[ 3369.141448] PUF Read:0xaaaaaaaa at 0xa00083a4
[ 3369.141448] PUF Read:0xaaaaaaaa at 0xa00083a8
[ 3369.141448] PUF Read:0xaaaaaaaa at 0xa00083ac
[ 3369.141448] PUF Read:0xaaaaaaaa at 0xa00083b0
[ 3369.141540] PUF Read:0xaaaaaaaa at 0xa00083b4
[ 3369.141540] PUF Read:0xaaaaaaaa at 0xa00083b8
[ 3369.141601] PUF Read:0xaaaaaaaa at 0xa00083bc
[ 3369.141632] PUF Read:0xaaaaaaaa at 0xa00083c0
[ 3369.141632] PUF Read:0xaaaaaaaa at 0xa00083c4
[ 3369.141632] PUF Read:0xaaaaaaaa at 0xa00083c8
[ 3369.141693] PUF Read:0xaaaaaaaa at 0xa00083cc
[ 3369.141693] PUF Read:0xaaaaaaaa at 0xa00083d0
[ 3369.141754] PUF Read:0xaaabaaaa at 0xa00083d4
[ 3369.141784] PUF Read:0xaaaaaaaa at 0xa00083d8
[ 3369.141784] PUF Read:0xaaaaaaaa at 0xa00083dc
[ 3369.141784] PUF Read:0xaaaaaaaa at 0xa00083e0
[ 3369.141845] PUF Read:0xaaaaaaaa at 0xa00083e4
[ 3369.141845] PUF Read:0xaaaaaaaa at 0xa00083e8
[ 3369.141906] PUF Read:0xaaaaaaaa at 0xa00083ec
[ 3369.141937] PUF Read:0xaaaaaaaa at 0xa00083f0
[ 3369.141937] PUF Read:0xaaaaaaaa at 0xa00083f4
[ 3369.141937] PUF Read:0xaaaaaaae at 0xa00083f8
[ 3369.141998] PUF Read:0xaaaeaaaa at 0xa00083fc
[ 3369.142028] [i] Finished PUF read-out
[ 3369.142028] <6>[i] Finished PUF query for decaytime: 7680
[ 3369.142059] [i] Start decaytime: 120
[ 3369.142059] EMIF 2 REG Write 0x80000000 at 0x4d000010
[ 3369.142059] EMIF 2 REG Read 0x80000000 at 0x4d000010
[ 3369.142089] EMIF 2 REG Write 0x80000000 at 0x4d000014
[ 3369.142089] EMIF 2 REG Read 0x00000000 at 0x4d000014
[ 3369.142120] EMIF 2 REG Write 0x08016893 at 0x4d0000cc
[ 3369.142120] EMIF 2 REG Read 0x08016893 at 0x4d0000cc
[ 3369.142150] Temp polling alert disabled
[ 3369.142150] Refresh Disabled at EMIF2
[ 3369.142150] [i] Initialiting PUF & hammer rows
[ 3369.142181] [i] Single-Sided Rowhammer (SSRH)
[ 3369.148895] [i] Finished initialiting PUF & hammer rows
[ 3369.148895] [i]	Timer elapsed since its reset 0 sec
[ 3369.148925] [i] Decay: 120 sec
[ 3369.148925] [i]	Relative Decay: 0 msec
