[ 2287.291564] [i] Total hammer attempts per row: 1862608
[ 2287.291595] EMIF 2 REG Write 0x00000618 at 0x4d000010
[ 2287.291595] EMIF 2 REG Read 0x00000618 at 0x4d000010
[ 2287.291625] EMIF 2 REG Write 0x00000618 at 0x4d000014
[ 2287.291625] EMIF 2 REG Read 0x00000618 at 0x4d000014
[ 2287.291625] EMIF 2 REG Write 0x58016893 at 0x4d0000cc
[ 2287.291656] EMIF 2 REG Read 0x58016893 at 0x4d0000cc
[ 2287.291656] Temp polling alert enabled
[ 2287.291656] Refresh enabled at EMIF2
[ 2287.291687] [i] Starting PUF read-out
[ 2287.291687] [i] Single-Sided Rowhammer (SSRH)
[ 2287.291717] PUF Read:0xaaaaaaaa at 0xa0008000
[ 2287.291717] PUF Read:0xaaaaaaaa at 0xa0008004
[ 2287.291778] PUF Read:0xaaaaaaaa at 0xa0008008
[ 2287.291778] PUF Read:0xaaaaaaaa at 0xa000800c
[ 2287.291778] PUF Read:0xaaaaaaaa at 0xa0008010
[ 2287.291778] PUF Read:0xaaaaabaa at 0xa0008014
[ 2287.291870] PUF Read:0xaaaaaaaa at 0xa0008018
[ 2287.291900] PUF Read:0xaaaaaaaa at 0xa000801c
[ 2287.291900] PUF Read:0xaaaaaaaa at 0xa0008020
[ 2287.291900] PUF Read:0xaaaaaaaa at 0xa0008024
[ 2287.291900] PUF Read:0xaaaaaaaa at 0xa0008028
[ 2287.291900] PUF Read:0xaaaaaaaa at 0xa000802c
[ 2287.291900] PUF Read:0xaaaaaaaa at 0xa0008030
[ 2287.292053] PUF Read:0xaaaaaaaa at 0xa0008034
[ 2287.292083] PUF Read:0xaaaaaaaa at 0xa0008038
[ 2287.292083] PUF Read:0xaaaaaaaa at 0xa000803c
[ 2287.292083] PUF Read:0xaaaaaaab at 0xa0008040
[ 2287.292144] PUF Read:0xaaaaeaaa at 0xa0008044
[ 2287.292144] PUF Read:0xaaaaaaaa at 0xa0008048
[ 2287.292205] PUF Read:0xaaaaaaaa at 0xa000804c
[ 2287.292236] PUF Read:0xaaaaaaaa at 0xa0008050
[ 2287.292236] PUF Read:0xaaaaaaaa at 0xa0008054
[ 2287.292297] PUF Read:0xaaaaaaaa at 0xa0008058
[ 2287.292297] PUF Read:0xaaaaaaaa at 0xa000805c
[ 2287.292297] PUF Read:0xaaaaaaaa at 0xa0008060
[ 2287.292297] PUF Read:0xaaaaaaaa at 0xa0008064
[ 2287.292388] PUF Read:0xaaaaaaaa at 0xa0008068
[ 2287.292388] PUF Read:0xaaaaaaaa at 0xa000806c
[ 2287.292388] PUF Read:0xaaaaaaaa at 0xa0008070
[ 2287.292388] PUF Read:0xaaaaaaaa at 0xa0008074
[ 2287.292480] PUF Read:0xaaaaaaaa at 0xa0008078
[ 2287.292480] PUF Read:0xaaaaaaaa at 0xa000807c
[ 2287.292541] PUF Read:0xaaaaaaaa at 0xa0008080
[ 2287.292572] PUF Read:0xaaaaaaaa at 0xa0008084
[ 2287.292572] PUF Read:0xaaaaaaaa at 0xa0008088
[ 2287.292572] PUF Read:0xaaaaaaaa at 0xa000808c
[ 2287.292633] PUF Read:0xaaaa8aaa at 0xa0008090
[ 2287.292633] PUF Read:0xaaaaaaaa at 0xa0008094
[ 2287.292694] PUF Read:0x2aabaaaa at 0xa0008098
[ 2287.292724] PUF Read:0xaaaaaaaa at 0xa000809c
[ 2287.292724] PUF Read:0xaaaaaaaa at 0xa00080a0
[ 2287.292724] PUF Read:0xaaaaaaaa at 0xa00080a4
[ 2287.292724] PUF Read:0xaaaaaaaa at 0xa00080a8
[ 2287.292724] PUF Read:0xaaaaaaaa at 0xa00080ac
[ 2287.292724] PUF Read:0xaaaaaaaa at 0xa00080b0
[ 2287.292877] PUF Read:0xaa2aaaaa at 0xa00080b4
[ 2287.292907] PUF Read:0xaaaaaaaa at 0xa00080b8
[ 2287.292907] PUF Read:0x8aaaaaaa at 0xa00080bc
[ 2287.292907] PUF Read:0xaaaaaaaa at 0xa00080c0
[ 2287.292968] PUF Read:0xaaaaaaaa at 0xa00080c4
[ 2287.292968] PUF Read:0xaaa2aaaa at 0xa00080c8
[ 2287.293029] PUF Read:0xaaaaaaaa at 0xa00080cc
[ 2287.293060] PUF Read:0xaaaaaaaa at 0xa00080d0
[ 2287.293060] PUF Read:0xaaaaaaaa at 0xa00080d4
[ 2287.293060] PUF Read:0xaaaaaaaa at 0xa00080d8
[ 2287.293121] PUF Read:0xaaaaaaaa at 0xa00080dc
[ 2287.293121] PUF Read:0xaaaaaaaa at 0xa00080e0
[ 2287.293182] PUF Read:0xaaaaaaaa at 0xa00080e4
[ 2287.293212] PUF Read:0xaaaaaaaa at 0xa00080e8
[ 2287.293212] PUF Read:0xaaaaaaab at 0xa00080ec
[ 2287.293212] PUF Read:0x8aaaaaaa at 0xa00080f0
[ 2287.293273] PUF Read:0xaaaaaaaa at 0xa00080f4
[ 2287.293273] PUF Read:0xaaaaaaaa at 0xa00080f8
[ 2287.293334] PUF Read:0xaaaaaaaa at 0xa00080fc
[ 2287.293365] PUF Read:0xaaaaaaaa at 0xa0008100
[ 2287.293365] PUF Read:0xaaaaaaaa at 0xa0008104
[ 2287.293426] PUF Read:0xaaaaaaaa at 0xa0008108
[ 2287.293426] PUF Read:0xaaaaaaaa at 0xa000810c
[ 2287.293426] PUF Read:0xaaaaaaaa at 0xa0008110
[ 2287.293487] PUF Read:0xaaaaaaaa at 0xa0008114
[ 2287.293518] PUF Read:0xaaaaaaaa at 0xa0008118
[ 2287.293518] PUF Read:0xaaaaaaaa at 0xa000811c
[ 2287.293579] PUF Read:0xaaaaaaaa at 0xa0008120
[ 2287.293579] PUF Read:0xaaaaaaaa at 0xa0008124
[ 2287.293579] PUF Read:0xaaaaaaaa at 0xa0008128
[ 2287.293579] PUF Read:0xaaaaaaaa at 0xa000812c
[ 2287.293670] PUF Read:0xaaaaaaaa at 0xa0008130
[ 2287.293670] PUF Read:0xaaaaaaaa at 0xa0008134
[ 2287.293670] PUF Read:0xaa8aaaaa at 0xa0008138
[ 2287.293670] PUF Read:0xaaaaaaaa at 0xa000813c
[ 2287.293670] PUF Read:0xaaaaaaaa at 0xa0008140
[ 2287.293670] PUF Read:0xaaaaaaaa at 0xa0008144
[ 2287.293823] PUF Read:0xaabaaeaa at 0xa0008148
[ 2287.293823] PUF Read:0xaaaaaaaa at 0xa000814c
[ 2287.293823] PUF Read:0xaaaaaaaa at 0xa0008150
[ 2287.293823] PUF Read:0xaaaaaaaa at 0xa0008154
[ 2287.293823] PUF Read:0xaaaaaaaa at 0xa0008158
[ 2287.293823] PUF Read:0xaaaaaaea at 0xa000815c
[ 2287.293975] PUF Read:0xaaaaaaaa at 0xa0008160
[ 2287.293975] PUF Read:0xaaaaaaaa at 0xa0008164
[ 2287.293975] PUF Read:0xaaaaaaaa at 0xa0008168
[ 2287.293975] PUF Read:0xaaaaaaaa at 0xa000816c
[ 2287.294067] PUF Read:0xaaaaaaaa at 0xa0008170
[ 2287.294067] PUF Read:0xaaaaaaaa at 0xa0008174
[ 2287.294128] PUF Read:0xaaaaaaaa at 0xa0008178
[ 2287.294158] PUF Read:0xaaaaaaaa at 0xa000817c
[ 2287.294158] PUF Read:0xaaaaaa2a at 0xa0008180
[ 2287.294158] PUF Read:0xaaaaaaaa at 0xa0008184
[ 2287.294219] PUF Read:0xaaaaaaaa at 0xa0008188
[ 2287.294219] PUF Read:0xaaaaaaaa at 0xa000818c
[ 2287.294281] PUF Read:0xaaaaaaaa at 0xa0008190
[ 2287.294311] PUF Read:0xaaaaaaaa at 0xa0008194
[ 2287.294311] PUF Read:0xaaaaaaaa at 0xa0008198
[ 2287.294372] PUF Read:0xaaaaaaaa at 0xa000819c
[ 2287.294372] PUF Read:0xaaaaaaaa at 0xa00081a0
[ 2287.294372] PUF Read:0xaaaaaaaa at 0xa00081a4
[ 2287.294433] PUF Read:0xaaaaaaaa at 0xa00081a8
[ 2287.294464] PUF Read:0xaaaaaaaa at 0xa00081ac
[ 2287.294464] PUF Read:0xaaeaaaaa at 0xa00081b0
[ 2287.294525] PUF Read:0xaaaaaaaa at 0xa00081b4
[ 2287.294525] PUF Read:0xaaaaaaaa at 0xa00081b8
[ 2287.294525] PUF Read:0xaaaaaaaa at 0xa00081bc
[ 2287.294586] PUF Read:0xaaaaaaaa at 0xa00081c0
[ 2287.294616] PUF Read:0xaaaaaaae at 0xa00081c4
[ 2287.294616] PUF Read:0xaaaaaaaa at 0xa00081c8
[ 2287.294616] PUF Read:0xaaaaaaaa at 0xa00081cc
[ 2287.294616] PUF Read:0xbaaaaaaa at 0xa00081d0
[ 2287.294616] PUF Read:0xaaaaaaaa at 0xa00081d4
[ 2287.294616] PUF Read:0xaaaaaaaa at 0xa00081d8
[ 2287.294769] PUF Read:0xaaaaaaaa at 0xa00081dc
[ 2287.294769] PUF Read:0xaaaaaaaa at 0xa00081e0
[ 2287.294769] PUF Read:0xaaaaaaaa at 0xa00081e4
[ 2287.294769] PUF Read:0xaaaaaaaa at 0xa00081e8
[ 2287.294769] PUF Read:0xaa2aaaaa at 0xa00081ec
[ 2287.294769] PUF Read:0xaaaaaaaa at 0xa00081f0
[ 2287.294921] PUF Read:0xaaaaaaaa at 0xa00081f4
[ 2287.294921] PUF Read:0xaaaaaaa2 at 0xa00081f8
[ 2287.294921] PUF Read:0xaaaaaaaa at 0xa00081fc
[ 2287.294921] PUF Read:0xaaaaaaaa at 0xa0008200
[ 2287.294921] PUF Read:0xaaaaaaaa at 0xa0008204
[ 2287.294921] PUF Read:0xaaaaaaaa at 0xa0008208
[ 2287.295074] PUF Read:0xa8aaaaaa at 0xa000820c
[ 2287.295074] PUF Read:0xaaaaaaaa at 0xa0008210
[ 2287.295074] PUF Read:0xaaaaaaaa at 0xa0008214
[ 2287.295074] PUF Read:0xaaaaaaaa at 0xa0008218
[ 2287.295074] PUF Read:0xaaaaaaaa at 0xa000821c
[ 2287.295074] PUF Read:0xaaaaaaaa at 0xa0008220
[ 2287.295227] PUF Read:0xaaaaaaaa at 0xa0008224
[ 2287.295227] PUF Read:0xaaaaaaaa at 0xa0008228
[ 2287.295227] PUF Read:0xaaaaaaaa at 0xa000822c
[ 2287.295227] PUF Read:0xaaaaaaaa at 0xa0008230
[ 2287.295227] PUF Read:0xa8aaaaaa at 0xa0008234
[ 2287.295227] PUF Read:0xaaaaaaaa at 0xa0008238
[ 2287.295379] PUF Read:0xaaaaaaaa at 0xa000823c
[ 2287.295379] PUF Read:0xaaaaaaaa at 0xa0008240
[ 2287.295379] PUF Read:0xaaaaaaaa at 0xa0008244
[ 2287.295379] PUF Read:0xaaaaaaaa at 0xa0008248
[ 2287.295379] PUF Read:0xaaaaaaaa at 0xa000824c
[ 2287.295379] PUF Read:0xaaaaaaaa at 0xa0008250
[ 2287.295532] PUF Read:0xaaaaaaaa at 0xa0008254
[ 2287.295532] PUF Read:0xaaaaaaaa at 0xa0008258
[ 2287.295532] PUF Read:0xaaaaaaaa at 0xa000825c
[ 2287.295532] PUF Read:0xaaaaaaaa at 0xa0008260
[ 2287.295532] PUF Read:0xaaaaaaaa at 0xa0008264
[ 2287.295532] PUF Read:0xaaaaaaaa at 0xa0008268
[ 2287.295684] PUF Read:0xaaaaaaaa at 0xa000826c
[ 2287.295684] PUF Read:0xaaaaaaaa at 0xa0008270
[ 2287.295684] PUF Read:0xaaaaaaaa at 0xa0008274
[ 2287.295684] PUF Read:0xaaaaaaaa at 0xa0008278
[ 2287.295684] PUF Read:0xaaaaaaaa at 0xa000827c
[ 2287.295684] PUF Read:0xaaaaaaaa at 0xa0008280
[ 2287.295684] PUF Read:0xaaaaaaaa at 0xa0008284
[ 2287.295867] PUF Read:0xaaaaaaaa at 0xa0008288
[ 2287.295867] PUF Read:0xaaaaaaaa at 0xa000828c
[ 2287.295867] PUF Read:0xaaaaaaaa at 0xa0008290
[ 2287.295867] PUF Read:0xaaaaaaaa at 0xa0008294
[ 2287.295867] PUF Read:0xaaaaaaaa at 0xa0008298
[ 2287.295867] PUF Read:0xaaaaaaaa at 0xa000829c
[ 2287.296020] PUF Read:0xaaaaaaaa at 0xa00082a0
[ 2287.296020] PUF Read:0xaaaaaaaa at 0xa00082a4
[ 2287.296020] PUF Read:0xaaaaaaaa at 0xa00082a8
[ 2287.296020] PUF Read:0xaaaaaaaa at 0xa00082ac
[ 2287.296020] PUF Read:0xaaaaaaaa at 0xa00082b0
[ 2287.296020] PUF Read:0xaaaaaaaa at 0xa00082b4
[ 2287.296173] PUF Read:0xaaaaaaea at 0xa00082b8
[ 2287.296173] PUF Read:0xaaaaaaaa at 0xa00082bc
[ 2287.296173] PUF Read:0xaaaaaaaa at 0xa00082c0
[ 2287.296173] PUF Read:0xaaaaaaaa at 0xa00082c4
[ 2287.296173] PUF Read:0xaaaaaaaa at 0xa00082c8
[ 2287.296173] PUF Read:0xaaaaaaaa at 0xa00082cc
[ 2287.296325] PUF Read:0xaaaaaaaa at 0xa00082d0
[ 2287.296325] PUF Read:0xaaaaaaaa at 0xa00082d4
[ 2287.296325] PUF Read:0xaaaaaaaa at 0xa00082d8
[ 2287.296325] PUF Read:0xaaaaaaaa at 0xa00082dc
[ 2287.296325] PUF Read:0xaaaaaaaa at 0xa00082e0
[ 2287.296325] PUF Read:0xaaaaaeaa at 0xa00082e4
[ 2287.296478] PUF Read:0xaaaaaaaa at 0xa00082e8
[ 2287.296478] PUF Read:0xaaaaaaaa at 0xa00082ec
[ 2287.296478] PUF Read:0xaaaaaaaa at 0xa00082f0
[ 2287.296478] PUF Read:0xaaaaaaaa at 0xa00082f4
[ 2287.296569] PUF Read:0xaaaaaaaa at 0xa00082f8
[ 2287.296569] PUF Read:0xaaaaaaaa at 0xa00082fc
[ 2287.296630] PUF Read:0xaaaaaaaa at 0xa0008300
[ 2287.296661] PUF Read:0xaaaaaaaa at 0xa0008304
[ 2287.296661] PUF Read:0xaaaaaaaa at 0xa0008308
[ 2287.296661] PUF Read:0xaaaaaaaa at 0xa000830c
[ 2287.296722] PUF Read:0xaaaaaaaa at 0xa0008310
[ 2287.296722] PUF Read:0xaaaaaaaa at 0xa0008314
[ 2287.296783] PUF Read:0xaaaaaaaa at 0xa0008318
[ 2287.296813] PUF Read:0xbaaaaaaa at 0xa000831c
[ 2287.296813] PUF Read:0xaaaaaaaa at 0xa0008320
[ 2287.296813] PUF Read:0xaaaaaaaa at 0xa0008324
[ 2287.296874] PUF Read:0xaaaaaaaa at 0xa0008328
[ 2287.296874] PUF Read:0xaaaaaaaa at 0xa000832c
[ 2287.296936] PUF Read:0xaaaaaaae at 0xa0008330
[ 2287.296966] PUF Read:0xaaaaaaaa at 0xa0008334
[ 2287.296966] PUF Read:0xaaaaaaaa at 0xa0008338
[ 2287.296966] PUF Read:0xaaaaaaaa at 0xa000833c
[ 2287.297027] PUF Read:0xaaaaaaaa at 0xa0008340
[ 2287.297027] PUF Read:0xaaaaaaaa at 0xa0008344
[ 2287.297088] PUF Read:0xaaaaaaaa at 0xa0008348
[ 2287.297119] PUF Read:0xaaaaaaaa at 0xa000834c
[ 2287.297119] PUF Read:0xaaaaaa8a at 0xa0008350
[ 2287.297119] PUF Read:0xaaaaaaaa at 0xa0008354
[ 2287.297180] PUF Read:0xaaaaaaaa at 0xa0008358
[ 2287.297180] PUF Read:0xaaaaaaaa at 0xa000835c
[ 2287.297241] PUF Read:0xaaabaaaa at 0xa0008360
[ 2287.297271] PUF Read:0xaaaaaaaa at 0xa0008364
[ 2287.297271] PUF Read:0xaaaaaaaa at 0xa0008368
[ 2287.297271] PUF Read:0xaaaaaaaa at 0xa000836c
[ 2287.297332] PUF Read:0xaaaaaaaa at 0xa0008370
[ 2287.297363] PUF Read:0xaaaaaaaa at 0xa0008374
[ 2287.297363] PUF Read:0xaaaaaaaa at 0xa0008378
[ 2287.297424] PUF Read:0xaaaaaaaa at 0xa000837c
[ 2287.297454] PUF Read:0xaaaaaaaa at 0xa0008380
[ 2287.297454] PUF Read:0xaaaaaaaa at 0xa0008384
[ 2287.297454] PUF Read:0xaaaaaaaa at 0xa0008388
[ 2287.297515] PUF Read:0xaaaaaaaa at 0xa000838c
[ 2287.297515] PUF Read:0xaaaaaaaa at 0xa0008390
[ 2287.297576] PUF Read:0xaaaaaaaa at 0xa0008394
[ 2287.297607] PUF Read:0xaaaaaaaa at 0xa0008398
[ 2287.297607] PUF Read:0xaaa2aaaa at 0xa000839c
[ 2287.297607] PUF Read:0xaaaaaaaa at 0xa00083a0
[ 2287.297607] PUF Read:0xaaaaaaaa at 0xa00083a4
[ 2287.297607] PUF Read:0xaaaaaaaa at 0xa00083a8
[ 2287.297729] PUF Read:0xaaaaaaaa at 0xa00083ac
[ 2287.297760] PUF Read:0xaaaaaaa2 at 0xa00083b0
[ 2287.297760] PUF Read:0xaaaaaaaa at 0xa00083b4
[ 2287.297821] PUF Read:0xaaaaaaaa at 0xa00083b8
[ 2287.297821] PUF Read:0xaaaaaaaa at 0xa00083bc
[ 2287.297821] PUF Read:0xaaaaaaaa at 0xa00083c0
[ 2287.297882] PUF Read:0xaaaaaaaa at 0xa00083c4
[ 2287.297912] PUF Read:0xaaaaaaaa at 0xa00083c8
[ 2287.297912] PUF Read:0xaaaaaaaa at 0xa00083cc
[ 2287.297973] PUF Read:0xaaaaaaaa at 0xa00083d0
[ 2287.297973] PUF Read:0xaaabaaaa at 0xa00083d4
[ 2287.297973] PUF Read:0xaaaaaaaa at 0xa00083d8
[ 2287.298034] PUF Read:0xaaaaaaaa at 0xa00083dc
[ 2287.298065] PUF Read:0xaaaaaaaa at 0xa00083e0
[ 2287.298065] PUF Read:0xaaaaaaaa at 0xa00083e4
[ 2287.298065] PUF Read:0xaaaaaaaa at 0xa00083e8
[ 2287.298065] PUF Read:0xaaaaaaaa at 0xa00083ec
[ 2287.298065] PUF Read:0xaaaaaaaa at 0xa00083f0
[ 2287.298065] PUF Read:0xaaaaaaaa at 0xa00083f4
[ 2287.298217] PUF Read:0xaaaaaaae at 0xa00083f8
[ 2287.298217] PUF Read:0xaaaeaaaa at 0xa00083fc
[ 2287.298217] [i] Finished PUF read-out
[ 2287.298278] <6>[i] Finished PUF query for decaytime: 7680
[ 2287.298278] [i] Start decaytime: 120
[ 2287.298278] EMIF 2 REG Write 0x80000000 at 0x4d000010
[ 2287.298309] EMIF 2 REG Read 0x80000000 at 0x4d000010
[ 2287.298309] EMIF 2 REG Write 0x80000000 at 0x4d000014
[ 2287.298339] EMIF 2 REG Read 0x00000000 at 0x4d000014
[ 2287.298339] EMIF 2 REG Write 0x08016893 at 0x4d0000cc
[ 2287.298370] EMIF 2 REG Read 0x08016893 at 0x4d0000cc
[ 2287.298370] Temp polling alert disabled
[ 2287.298370] Refresh Disabled at EMIF2
[ 2287.298400] [i] Initialiting PUF & hammer rows
[ 2287.298400] [i] Single-Sided Rowhammer (SSRH)
[ 2287.299346] [i] Finished initialiting PUF & hammer rows
[ 2287.305175] [i]	Timer elapsed since its reset 0 sec
[ 2287.305175] [i] Decay: 120 sec
[ 2287.305175] [i]	Relative Decay: 0 msec
