[68120.745605] [i] Total hammer attempts per row: 1864417
[68120.745635] EMIF 2 REG Write 0x00000618 at 0x4d000010
[68120.745635] EMIF 2 REG Read 0x00000618 at 0x4d000010
[68120.745666] EMIF 2 REG Write 0x00000618 at 0x4d000014
[68120.745666] EMIF 2 REG Read 0x00000618 at 0x4d000014
[68120.745697] EMIF 2 REG Write 0x58016893 at 0x4d0000cc
[68120.745697] EMIF 2 REG Read 0x58016893 at 0x4d0000cc
[68120.745697] Temp polling alert enabled
[68120.745727] Refresh enabled at EMIF2
[68120.745727] [i] Starting PUF read-out
[68120.745727] [i] Single-Sided Rowhammer (SSRH)
[68120.745758] PUF Read:0xaaaaaaaa at 0xa0008000
[68120.745788] PUF Read:0xaaaaaaaa at 0xa0008004
[68120.745788] PUF Read:0xaaaaaaaa at 0xa0008008
[68120.745788] PUF Read:0xaaaaaaaa at 0xa000800c
[68120.745788] PUF Read:0xaaaaaaaa at 0xa0008010
[68120.745880] PUF Read:0xaaaaabaa at 0xa0008014
[68120.745880] PUF Read:0xaaaaaaaa at 0xa0008018
[68120.745880] PUF Read:0xaaaaaaaa at 0xa000801c
[68120.745971] PUF Read:0xaaaaaaaa at 0xa0008020
[68120.746002] PUF Read:0xaaaaaaaa at 0xa0008024
[68120.746002] PUF Read:0xaaaaaaaa at 0xa0008028
[68120.746002] PUF Read:0xaaaaaaaa at 0xa000802c
[68120.746002] PUF Read:0xaaaaaaaa at 0xa0008030
[68120.746093] PUF Read:0xaaaaaaaa at 0xa0008034
[68120.746093] PUF Read:0xaaaaaaaa at 0xa0008038
[68120.746154] PUF Read:0xaaaaaaaa at 0xa000803c
[68120.746185] PUF Read:0xaaaaaaab at 0xa0008040
[68120.746185] PUF Read:0xaaaaeaaa at 0xa0008044
[68120.746246] PUF Read:0xaaaaaaaa at 0xa0008048
[68120.746246] PUF Read:0xaaaaaaaa at 0xa000804c
[68120.746246] PUF Read:0xaaaaaaaa at 0xa0008050
[68120.746246] PUF Read:0xaaaaaaaa at 0xa0008054
[68120.746337] PUF Read:0xaaaaaaaa at 0xa0008058
[68120.746337] PUF Read:0xaaaaaaaa at 0xa000805c
[68120.746337] PUF Read:0xaaaaaaaa at 0xa0008060
[68120.746337] PUF Read:0xaaaa2aaa at 0xa0008064
[68120.746429] PUF Read:0xaaaaaaaa at 0xa0008068
[68120.746429] PUF Read:0xaaaaaaaa at 0xa000806c
[68120.746490] PUF Read:0xaaaaaaaa at 0xa0008070
[68120.746520] PUF Read:0xaaaaaaaa at 0xa0008074
[68120.746520] PUF Read:0xaaaaaaaa at 0xa0008078
[68120.746520] PUF Read:0xaaaaaaaa at 0xa000807c
[68120.746582] PUF Read:0xaaaaaaaa at 0xa0008080
[68120.746582] PUF Read:0xaaaaaaaa at 0xa0008084
[68120.746643] PUF Read:0xaaaaaaaa at 0xa0008088
[68120.746673] PUF Read:0xaaaaaaaa at 0xa000808c
[68120.746673] PUF Read:0xaaaa8aaa at 0xa0008090
[68120.746734] PUF Read:0xaaaaaaaa at 0xa0008094
[68120.746734] PUF Read:0xaaabaaaa at 0xa0008098
[68120.746734] PUF Read:0xaaaaaaaa at 0xa000809c
[68120.746734] PUF Read:0xaaaaaaaa at 0xa00080a0
[68120.746826] PUF Read:0xaaaaaaaa at 0xa00080a4
[68120.746826] PUF Read:0xaaaaaaaa at 0xa00080a8
[68120.746826] PUF Read:0xaaaaaaaa at 0xa00080ac
[68120.746826] PUF Read:0xaaaaaaaa at 0xa00080b0
[68120.746826] PUF Read:0xaa2aaaaa at 0xa00080b4
[68120.746826] PUF Read:0xaaaaaaaa at 0xa00080b8
[68120.746978] PUF Read:0x8aaaaaaa at 0xa00080bc
[68120.747009] PUF Read:0xaaaaaaaa at 0xa00080c0
[68120.747009] PUF Read:0xaaaaaaaa at 0xa00080c4
[68120.747009] PUF Read:0xaaa2aaaa at 0xa00080c8
[68120.747070] PUF Read:0xaaaaaaaa at 0xa00080cc
[68120.747070] PUF Read:0xaaaaaaaa at 0xa00080d0
[68120.747131] PUF Read:0xaaaaaaaa at 0xa00080d4
[68120.747161] PUF Read:0xaaaaaaaa at 0xa00080d8
[68120.747161] PUF Read:0xaaaaaaaa at 0xa00080dc
[68120.747161] PUF Read:0xaaaaaaaa at 0xa00080e0
[68120.747222] PUF Read:0xaaaaaaaa at 0xa00080e4
[68120.747222] PUF Read:0xaaaaaaaa at 0xa00080e8
[68120.747283] PUF Read:0xaaaaaaab at 0xa00080ec
[68120.747314] PUF Read:0x8aaaaaaa at 0xa00080f0
[68120.747314] PUF Read:0xaaaaaaaa at 0xa00080f4
[68120.747314] PUF Read:0xaaaaaaaa at 0xa00080f8
[68120.747314] PUF Read:0xaaaaaaaa at 0xa00080fc
[68120.747314] PUF Read:0xaaaaaaaa at 0xa0008100
[68120.747314] PUF Read:0xaaaaaaaa at 0xa0008104
[68120.747467] PUF Read:0xaaaaaaaa at 0xa0008108
[68120.747467] PUF Read:0xaaaaaaaa at 0xa000810c
[68120.747467] PUF Read:0xaaaaaaaa at 0xa0008110
[68120.747467] PUF Read:0xaaaaaaaa at 0xa0008114
[68120.747467] PUF Read:0xaaaaaaaa at 0xa0008118
[68120.747467] PUF Read:0xaaaaaaaa at 0xa000811c
[68120.747467] PUF Read:0xaaaaaaaa at 0xa0008120
[68120.747650] PUF Read:0xaaaaaaaa at 0xa0008124
[68120.747680] PUF Read:0xaaaaaaaa at 0xa0008128
[68120.747680] PUF Read:0xaaaaaaaa at 0xa000812c
[68120.747680] PUF Read:0xaaaaaaaa at 0xa0008130
[68120.747741] PUF Read:0xaaaaaaaa at 0xa0008134
[68120.747741] PUF Read:0xaa8aaaaa at 0xa0008138
[68120.747802] PUF Read:0xaaaaaaaa at 0xa000813c
[68120.747833] PUF Read:0xaaaaaaaa at 0xa0008140
[68120.747833] PUF Read:0xaaaaaaaa at 0xa0008144
[68120.747833] PUF Read:0xaabaaeaa at 0xa0008148
[68120.747894] PUF Read:0xaaaaaaaa at 0xa000814c
[68120.747894] PUF Read:0xaaaaaaaa at 0xa0008150
[68120.747955] PUF Read:0xaaaaaaaa at 0xa0008154
[68120.747985] PUF Read:0xaaaaaaaa at 0xa0008158
[68120.747985] PUF Read:0xaaaaaaea at 0xa000815c
[68120.747985] PUF Read:0xaaaaaaaa at 0xa0008160
[68120.747985] PUF Read:0xaaaaaaaa at 0xa0008164
[68120.747985] PUF Read:0xaaaaaaaa at 0xa0008168
[68120.747985] PUF Read:0xaaaaaaaa at 0xa000816c
[68120.748138] PUF Read:0xaaaaaaaa at 0xa0008170
[68120.748138] PUF Read:0xaaaaaaaa at 0xa0008174
[68120.748138] PUF Read:0xaaaaaaaa at 0xa0008178
[68120.748138] PUF Read:0xaaaaaaaa at 0xa000817c
[68120.748229] PUF Read:0xaaaa2a2a at 0xa0008180
[68120.748229] PUF Read:0xaaaaaaaa at 0xa0008184
[68120.748291] PUF Read:0xaaaaaaaa at 0xa0008188
[68120.748321] PUF Read:0xaaaaaaaa at 0xa000818c
[68120.748321] PUF Read:0xaaaaaaaa at 0xa0008190
[68120.748321] PUF Read:0xaaaaaaaa at 0xa0008194
[68120.748382] PUF Read:0xaaaaaaaa at 0xa0008198
[68120.748382] PUF Read:0xaaaaaaaa at 0xa000819c
[68120.748443] PUF Read:0xaaaaaaaa at 0xa00081a0
[68120.748474] PUF Read:0xaaaaaaaa at 0xa00081a4
[68120.748474] PUF Read:0xaaaaaaaa at 0xa00081a8
[68120.748474] PUF Read:0xaaaaaaaa at 0xa00081ac
[68120.748474] PUF Read:0xaaeaaaaa at 0xa00081b0
[68120.748474] PUF Read:0xaaaaaaaa at 0xa00081b4
[68120.748474] PUF Read:0xaaaaaaaa at 0xa00081b8
[68120.748626] PUF Read:0xaaaaaaaa at 0xa00081bc
[68120.748626] PUF Read:0xaaaaaaaa at 0xa00081c0
[68120.748626] PUF Read:0xaaaaaaae at 0xa00081c4
[68120.748626] PUF Read:0xaaaaaaaa at 0xa00081c8
[68120.748626] PUF Read:0xaaaaaaaa at 0xa00081cc
[68120.748626] PUF Read:0xbaaaaaaa at 0xa00081d0
[68120.748779] PUF Read:0xaaaaaaaa at 0xa00081d4
[68120.748779] PUF Read:0xaaaaaaaa at 0xa00081d8
[68120.748779] PUF Read:0xaaaaaaaa at 0xa00081dc
[68120.748779] PUF Read:0xaaaaaaaa at 0xa00081e0
[68120.748870] PUF Read:0xaaaaaaea at 0xa00081e4
[68120.748870] PUF Read:0xaaaaaaaa at 0xa00081e8
[68120.748931] PUF Read:0xaa2aaaaa at 0xa00081ec
[68120.748962] PUF Read:0xaaaaaaaa at 0xa00081f0
[68120.748962] PUF Read:0xaaaaaeaa at 0xa00081f4
[68120.748962] PUF Read:0xaaaaaaa2 at 0xa00081f8
[68120.749023] PUF Read:0xaaaaaaaa at 0xa00081fc
[68120.749023] PUF Read:0xaaaaaaaa at 0xa0008200
[68120.749023] PUF Read:0xaaaaaaaa at 0xa0008204
[68120.749114] PUF Read:0xaaaaaaaa at 0xa0008208
[68120.749145] PUF Read:0xa8aaaaaa at 0xa000820c
[68120.749145] PUF Read:0xaaaaaaaa at 0xa0008210
[68120.749145] PUF Read:0xaaaaaaaa at 0xa0008214
[68120.749206] PUF Read:0xaaaaaaaa at 0xa0008218
[68120.749206] PUF Read:0xaaaaaaaa at 0xa000821c
[68120.749267] PUF Read:0xaaaaaaaa at 0xa0008220
[68120.749298] PUF Read:0xaaaaaaaa at 0xa0008224
[68120.749298] PUF Read:0xaaaaaaaa at 0xa0008228
[68120.749359] PUF Read:0xaaaaaaaa at 0xa000822c
[68120.749359] PUF Read:0xaaaaaaaa at 0xa0008230
[68120.749359] PUF Read:0xaaaaaaaa at 0xa0008234
[68120.749359] PUF Read:0xaaaaaaaa at 0xa0008238
[68120.749450] PUF Read:0xaaaaaaaa at 0xa000823c
[68120.749450] PUF Read:0xaaaaaaaa at 0xa0008240
[68120.749450] PUF Read:0xaaaaaaaa at 0xa0008244
[68120.749450] PUF Read:0xaaaaaaaa at 0xa0008248
[68120.749542] PUF Read:0xaaaaaaaa at 0xa000824c
[68120.749542] PUF Read:0xaaaaaaaa at 0xa0008250
[68120.749603] PUF Read:0xaaaaaaaa at 0xa0008254
[68120.749633] PUF Read:0xaaaaaaaa at 0xa0008258
[68120.749633] PUF Read:0xaaaaaaaa at 0xa000825c
[68120.749633] PUF Read:0xaaaaaaaa at 0xa0008260
[68120.749694] PUF Read:0xaaaaaaaa at 0xa0008264
[68120.749694] PUF Read:0xaaaaaaaa at 0xa0008268
[68120.749755] PUF Read:0xaaaaaaaa at 0xa000826c
[68120.749786] PUF Read:0xaaaaaaaa at 0xa0008270
[68120.749786] PUF Read:0xaaaaaaaa at 0xa0008274
[68120.749786] PUF Read:0xaaaaaaaa at 0xa0008278
[68120.749847] PUF Read:0xaaaaaaaa at 0xa000827c
[68120.749847] PUF Read:0xaaaaaaaa at 0xa0008280
[68120.749908] PUF Read:0xaaaaaaaa at 0xa0008284
[68120.749938] PUF Read:0xaaaaaaaa at 0xa0008288
[68120.749938] PUF Read:0xaaaaaaaa at 0xa000828c
[68120.749938] PUF Read:0xaaaaaaaa at 0xa0008290
[68120.749938] PUF Read:0xaaaaaaaa at 0xa0008294
[68120.749938] PUF Read:0xaaaaaaaa at 0xa0008298
[68120.749938] PUF Read:0xaaaaaaaa at 0xa000829c
[68120.750091] PUF Read:0xaaaaaaaa at 0xa00082a0
[68120.750122] PUF Read:0xaaaaaaaa at 0xa00082a4
[68120.750122] PUF Read:0xaaaaaaaa at 0xa00082a8
[68120.750122] PUF Read:0xaaaaaaaa at 0xa00082ac
[68120.750183] PUF Read:0xaaaaaaaa at 0xa00082b0
[68120.750183] PUF Read:0xaaaaaaaa at 0xa00082b4
[68120.750244] PUF Read:0xaaaaaaea at 0xa00082b8
[68120.750274] PUF Read:0xaaaaaaaa at 0xa00082bc
[68120.750274] PUF Read:0xaaaaaaaa at 0xa00082c0
[68120.750274] PUF Read:0xaaaaaaaa at 0xa00082c4
[68120.750335] PUF Read:0xbaaaaaaa at 0xa00082c8
[68120.750335] PUF Read:0xaaaaaaaa at 0xa00082cc
[68120.750396] PUF Read:0xaaaaaaaa at 0xa00082d0
[68120.750427] PUF Read:0xaaaaaaaa at 0xa00082d4
[68120.750427] PUF Read:0xaaaaaaaa at 0xa00082d8
[68120.750488] PUF Read:0xaaaaaaaa at 0xa00082dc
[68120.750488] PUF Read:0xaaaaaaaa at 0xa00082e0
[68120.750488] PUF Read:0xaaaaaeaa at 0xa00082e4
[68120.750488] PUF Read:0xaaaaaaaa at 0xa00082e8
[68120.750579] PUF Read:0xaaaaaaaa at 0xa00082ec
[68120.750579] PUF Read:0xaaaaaaaa at 0xa00082f0
[68120.750579] PUF Read:0xaaaaaaaa at 0xa00082f4
[68120.750579] PUF Read:0xaaaaaaaa at 0xa00082f8
[68120.750579] PUF Read:0xaaaaaaaa at 0xa00082fc
[68120.750579] PUF Read:0xaaaaaaaa at 0xa0008300
[68120.750579] PUF Read:0xaaaaaaaa at 0xa0008304
[68120.750762] PUF Read:0xaaaaaaaa at 0xa0008308
[68120.750762] PUF Read:0xaaaaaaaa at 0xa000830c
[68120.750762] PUF Read:0xaaaaaaaa at 0xa0008310
[68120.750762] PUF Read:0xaaaaaaaa at 0xa0008314
[68120.750762] PUF Read:0xaaaaaaaa at 0xa0008318
[68120.750762] PUF Read:0xbaaaaaaa at 0xa000831c
[68120.750915] PUF Read:0xaaaaaaaa at 0xa0008320
[68120.750946] PUF Read:0xaaaaaaaa at 0xa0008324
[68120.750946] PUF Read:0xaaaaaaaa at 0xa0008328
[68120.750946] PUF Read:0xaaaaaaaa at 0xa000832c
[68120.751007] PUF Read:0xaaaaaaae at 0xa0008330
[68120.751007] PUF Read:0xaaaaaaaa at 0xa0008334
[68120.751068] PUF Read:0xaaaaaaaa at 0xa0008338
[68120.751098] PUF Read:0xaaaaaaaa at 0xa000833c
[68120.751098] PUF Read:0xaaaaaaaa at 0xa0008340
[68120.751098] PUF Read:0xaaaaaaaa at 0xa0008344
[68120.751159] PUF Read:0xaaaaaaaa at 0xa0008348
[68120.751159] PUF Read:0xaaaaaaaa at 0xa000834c
[68120.751220] PUF Read:0xaaaaaa8a at 0xa0008350
[68120.751251] PUF Read:0xaaaaaaaa at 0xa0008354
[68120.751251] PUF Read:0xaaaaaaaa at 0xa0008358
[68120.751312] PUF Read:0xaaaaaaaa at 0xa000835c
[68120.751312] PUF Read:0xaaabaaaa at 0xa0008360
[68120.751312] PUF Read:0xaaaaaaaa at 0xa0008364
[68120.751312] PUF Read:0xaaaaaaaa at 0xa0008368
[68120.751403] PUF Read:0xaaaaaaaa at 0xa000836c
[68120.751403] PUF Read:0xaaaaaaaa at 0xa0008370
[68120.751403] PUF Read:0xaaaaaaaa at 0xa0008374
[68120.751403] PUF Read:0xaaaaaaaa at 0xa0008378
[68120.751403] PUF Read:0xaaaaaaaa at 0xa000837c
[68120.751403] PUF Read:0xaaaaaaaa at 0xa0008380
[68120.751556] PUF Read:0xaaaaaaaa at 0xa0008384
[68120.751586] PUF Read:0xaaaaaaaa at 0xa0008388
[68120.751586] PUF Read:0xaaaaaaaa at 0xa000838c
[68120.751586] PUF Read:0xaaaaaaaa at 0xa0008390
[68120.751647] PUF Read:0xaaaaaaaa at 0xa0008394
[68120.751647] PUF Read:0xaaaaaaaa at 0xa0008398
[68120.751708] PUF Read:0xaaa2aaaa at 0xa000839c
[68120.751739] PUF Read:0xaaaaaaaa at 0xa00083a0
[68120.751739] PUF Read:0xaaaaaaaa at 0xa00083a4
[68120.751739] PUF Read:0xaaaaaaaa at 0xa00083a8
[68120.751800] PUF Read:0xaaaaaaaa at 0xa00083ac
[68120.751800] PUF Read:0xaaaaaaaa at 0xa00083b0
[68120.751861] PUF Read:0xaaaaaaaa at 0xa00083b4
[68120.751892] PUF Read:0xaaaaaaaa at 0xa00083b8
[68120.751892] PUF Read:0xaaaaaaaa at 0xa00083bc
[68120.751892] PUF Read:0xaaaaaaaa at 0xa00083c0
[68120.751892] PUF Read:0xaaaaaaaa at 0xa00083c4
[68120.751892] PUF Read:0xaaaaaaaa at 0xa00083c8
[68120.751892] PUF Read:0xaaaaaaaa at 0xa00083cc
[68120.752044] PUF Read:0xaaaaaaaa at 0xa00083d0
[68120.752044] PUF Read:0xaaabaaaa at 0xa00083d4
[68120.752044] PUF Read:0xaaaaaaaa at 0xa00083d8
[68120.752044] PUF Read:0xaaaaaaaa at 0xa00083dc
[68120.752044] PUF Read:0xaaaaaaaa at 0xa00083e0
[68120.752044] PUF Read:0xaaaaaaaa at 0xa00083e4
[68120.752197] PUF Read:0xaaaaaaaa at 0xa00083e8
[68120.752227] PUF Read:0xaaaaaaaa at 0xa00083ec
[68120.752227] PUF Read:0xaaaaaaaa at 0xa00083f0
[68120.752227] PUF Read:0xaaaaaaaa at 0xa00083f4
[68120.752227] PUF Read:0xaaaaaaae at 0xa00083f8
[68120.752227] PUF Read:0xaaaeaaaa at 0xa00083fc
[68120.752349] [i] Finished PUF read-out
[68120.752349] <6>[i] Finished PUF query for decaytime: 7680
[68120.752380] [i] Start decaytime: 120
[68120.752380] EMIF 2 REG Write 0x80000000 at 0x4d000010
[68120.752380] EMIF 2 REG Read 0x80000000 at 0x4d000010
[68120.752410] EMIF 2 REG Write 0x80000000 at 0x4d000014
[68120.752410] EMIF 2 REG Read 0x00000000 at 0x4d000014
[68120.752441] EMIF 2 REG Write 0x08016893 at 0x4d0000cc
[68120.752441] EMIF 2 REG Read 0x08016893 at 0x4d0000cc
[68120.752471] Temp polling alert disabled
[68120.752502] Refresh Disabled at EMIF2
[68120.752502] [i] Initialiting PUF & hammer rows
[68120.752532] [i] Single-Sided Rowhammer (SSRH)
[68120.752532] [i] Finished initialiting PUF & hammer rows
[68120.752532] [i]	Timer elapsed since its reset 0 sec
[68120.752532] [i] Decay: 120 sec
[68120.759246] [i]	Relative Decay: 0 msec
