[ 1169.730407] [i] Total hammer attempts per row: 3725237
[ 1169.730438] EMIF 2 REG Write 0x00000618 at 0x4d000010
[ 1169.730438] EMIF 2 REG Read 0x00000618 at 0x4d000010
[ 1169.730468] EMIF 2 REG Write 0x00000618 at 0x4d000014
[ 1169.730468] EMIF 2 REG Read 0x00000618 at 0x4d000014
[ 1169.730499] EMIF 2 REG Write 0x58016893 at 0x4d0000cc
[ 1169.730499] EMIF 2 REG Read 0x58016893 at 0x4d0000cc
[ 1169.730529] Temp polling alert enabled
[ 1169.730529] Refresh enabled at EMIF2
[ 1169.730529] [i] Starting PUF read-out
[ 1169.730560] [i] Single-Sided Rowhammer (SSRH)
[ 1169.730560] PUF Read:0x00000010 at 0xa0008000
[ 1169.730560] PUF Read:0x00000400 at 0xa0008004
[ 1169.730560] PUF Read:0x00000000 at 0xa0008008
[ 1169.730651] PUF Read:0x00000000 at 0xa000800c
[ 1169.730682] PUF Read:0x00000000 at 0xa0008010
[ 1169.730682] PUF Read:0x00000100 at 0xa0008014
[ 1169.730682] PUF Read:0x00000000 at 0xa0008018
[ 1169.730743] PUF Read:0x10000000 at 0xa000801c
[ 1169.730743] PUF Read:0x00000000 at 0xa0008020
[ 1169.730804] PUF Read:0x40004000 at 0xa0008024
[ 1169.730834] PUF Read:0x00004000 at 0xa0008028
[ 1169.730834] PUF Read:0x00000010 at 0xa000802c
[ 1169.730834] PUF Read:0x40000000 at 0xa0008030
[ 1169.730834] PUF Read:0x04000000 at 0xa0008034
[ 1169.730834] PUF Read:0x00000000 at 0xa0008038
[ 1169.730834] PUF Read:0x00000000 at 0xa000803c
[ 1169.730987] PUF Read:0x00000001 at 0xa0008040
[ 1169.730987] PUF Read:0x00004000 at 0xa0008044
[ 1169.730987] PUF Read:0x00000000 at 0xa0008048
[ 1169.730987] PUF Read:0x00000001 at 0xa000804c
[ 1169.730987] PUF Read:0x00000000 at 0xa0008050
[ 1169.730987] PUF Read:0x00000000 at 0xa0008054
[ 1169.731140] PUF Read:0x00000000 at 0xa0008058
[ 1169.731140] PUF Read:0x00000000 at 0xa000805c
[ 1169.731140] PUF Read:0x00000000 at 0xa0008060
[ 1169.731140] PUF Read:0x00100000 at 0xa0008064
[ 1169.731140] PUF Read:0x00000000 at 0xa0008068
[ 1169.731140] PUF Read:0x00000000 at 0xa000806c
[ 1169.731292] PUF Read:0x00000000 at 0xa0008070
[ 1169.731292] PUF Read:0x00000000 at 0xa0008074
[ 1169.731292] PUF Read:0x00000000 at 0xa0008078
[ 1169.731292] PUF Read:0x00010000 at 0xa000807c
[ 1169.731292] PUF Read:0x00010000 at 0xa0008080
[ 1169.731292] PUF Read:0x00000000 at 0xa0008084
[ 1169.731445] PUF Read:0x00000000 at 0xa0008088
[ 1169.731445] PUF Read:0x00000000 at 0xa000808c
[ 1169.731445] PUF Read:0x00000000 at 0xa0008090
[ 1169.731445] PUF Read:0x10000000 at 0xa0008094
[ 1169.731445] PUF Read:0x00010001 at 0xa0008098
[ 1169.731445] PUF Read:0x00000000 at 0xa000809c
[ 1169.731597] PUF Read:0x00000000 at 0xa00080a0
[ 1169.731597] PUF Read:0x00010000 at 0xa00080a4
[ 1169.731597] PUF Read:0x00000001 at 0xa00080a8
[ 1169.731597] PUF Read:0x00000041 at 0xa00080ac
[ 1169.731597] PUF Read:0x00000000 at 0xa00080b0
[ 1169.731597] PUF Read:0x00000000 at 0xa00080b4
[ 1169.731750] PUF Read:0x00004000 at 0xa00080b8
[ 1169.731750] PUF Read:0x00000000 at 0xa00080bc
[ 1169.731750] PUF Read:0x00000400 at 0xa00080c0
[ 1169.731750] PUF Read:0x00000000 at 0xa00080c4
[ 1169.731750] PUF Read:0x10000000 at 0xa00080c8
[ 1169.731750] PUF Read:0x01000000 at 0xa00080cc
[ 1169.731750] PUF Read:0x40044000 at 0xa00080d0
[ 1169.731933] PUF Read:0x00000000 at 0xa00080d4
[ 1169.731964] PUF Read:0x00001000 at 0xa00080d8
[ 1169.731964] PUF Read:0x00000000 at 0xa00080dc
[ 1169.731964] PUF Read:0x01000000 at 0xa00080e0
[ 1169.732025] PUF Read:0x00000000 at 0xa00080e4
[ 1169.732025] PUF Read:0x00000000 at 0xa00080e8
[ 1169.732086] PUF Read:0x00000001 at 0xa00080ec
[ 1169.732086] PUF Read:0x00000000 at 0xa00080f0
[ 1169.732086] PUF Read:0x00000000 at 0xa00080f4
[ 1169.732086] PUF Read:0x00000100 at 0xa00080f8
[ 1169.732086] PUF Read:0x00000000 at 0xa00080fc
[ 1169.732086] PUF Read:0x00000000 at 0xa0008100
[ 1169.732238] PUF Read:0x00000000 at 0xa0008104
[ 1169.732238] PUF Read:0x00000000 at 0xa0008108
[ 1169.732238] PUF Read:0x00000000 at 0xa000810c
[ 1169.732238] PUF Read:0x00000000 at 0xa0008110
[ 1169.732238] PUF Read:0x00400000 at 0xa0008114
[ 1169.732238] PUF Read:0x00000000 at 0xa0008118
[ 1169.732391] PUF Read:0x00000000 at 0xa000811c
[ 1169.732391] PUF Read:0x00000000 at 0xa0008120
[ 1169.732391] PUF Read:0x00000400 at 0xa0008124
[ 1169.732391] PUF Read:0x00000000 at 0xa0008128
[ 1169.732391] PUF Read:0x00000000 at 0xa000812c
[ 1169.732391] PUF Read:0x00000000 at 0xa0008130
[ 1169.732543] PUF Read:0x00000000 at 0xa0008134
[ 1169.732543] PUF Read:0x00010000 at 0xa0008138
[ 1169.732543] PUF Read:0x00000000 at 0xa000813c
[ 1169.732543] PUF Read:0x40000400 at 0xa0008140
[ 1169.732635] PUF Read:0x00000000 at 0xa0008144
[ 1169.732635] PUF Read:0x00100400 at 0xa0008148
[ 1169.732696] PUF Read:0x00000000 at 0xa000814c
[ 1169.732727] PUF Read:0x00000000 at 0xa0008150
[ 1169.732727] PUF Read:0x00000000 at 0xa0008154
[ 1169.732727] PUF Read:0x00000000 at 0xa0008158
[ 1169.732788] PUF Read:0x00100040 at 0xa000815c
[ 1169.732788] PUF Read:0x00001000 at 0xa0008160
[ 1169.732849] PUF Read:0x00000000 at 0xa0008164
[ 1169.732879] PUF Read:0x04000000 at 0xa0008168
[ 1169.732879] PUF Read:0x00400000 at 0xa000816c
[ 1169.732879] PUF Read:0x00000000 at 0xa0008170
[ 1169.732940] PUF Read:0x00100000 at 0xa0008174
[ 1169.732940] PUF Read:0x00000000 at 0xa0008178
[ 1169.733001] PUF Read:0x00004000 at 0xa000817c
[ 1169.733032] PUF Read:0x00000000 at 0xa0008180
[ 1169.733032] PUF Read:0x00000000 at 0xa0008184
[ 1169.733032] PUF Read:0x00040000 at 0xa0008188
[ 1169.733093] PUF Read:0x00000440 at 0xa000818c
[ 1169.733093] PUF Read:0x00000000 at 0xa0008190
[ 1169.733154] PUF Read:0x40000000 at 0xa0008194
[ 1169.733184] PUF Read:0x00000000 at 0xa0008198
[ 1169.733184] PUF Read:0x00000000 at 0xa000819c
[ 1169.733184] PUF Read:0x00000000 at 0xa00081a0
[ 1169.733245] PUF Read:0x00000000 at 0xa00081a4
[ 1169.733245] PUF Read:0x00000000 at 0xa00081a8
[ 1169.733306] PUF Read:0x00000000 at 0xa00081ac
[ 1169.733337] PUF Read:0x00410000 at 0xa00081b0
[ 1169.733367] PUF Read:0x00000000 at 0xa00081b4
[ 1169.733367] PUF Read:0x00000000 at 0xa00081b8
[ 1169.733367] PUF Read:0x00100000 at 0xa00081bc
[ 1169.733428] PUF Read:0x00000000 at 0xa00081c0
[ 1169.733428] PUF Read:0x00000004 at 0xa00081c4
[ 1169.733489] PUF Read:0x00000000 at 0xa00081c8
[ 1169.733520] PUF Read:0x00010000 at 0xa00081cc
[ 1169.733520] PUF Read:0x10000000 at 0xa00081d0
[ 1169.733520] PUF Read:0x00000000 at 0xa00081d4
[ 1169.733581] PUF Read:0x00000000 at 0xa00081d8
[ 1169.733581] PUF Read:0x00000000 at 0xa00081dc
[ 1169.733642] PUF Read:0x00000000 at 0xa00081e0
[ 1169.733673] PUF Read:0x00000040 at 0xa00081e4
[ 1169.733673] PUF Read:0x00000000 at 0xa00081e8
[ 1169.733673] PUF Read:0x00000000 at 0xa00081ec
[ 1169.733734] PUF Read:0x00000001 at 0xa00081f0
[ 1169.733734] PUF Read:0x00000400 at 0xa00081f4
[ 1169.733795] PUF Read:0x00000000 at 0xa00081f8
[ 1169.733825] PUF Read:0x00000040 at 0xa00081fc
[ 1169.733825] PUF Read:0x00000000 at 0xa0008200
[ 1169.733825] PUF Read:0x00000000 at 0xa0008204
[ 1169.733886] PUF Read:0x00000010 at 0xa0008208
[ 1169.733886] PUF Read:0x00000000 at 0xa000820c
[ 1169.733947] PUF Read:0x00000000 at 0xa0008210
[ 1169.733978] PUF Read:0x00000000 at 0xa0008214
[ 1169.733978] PUF Read:0x00000400 at 0xa0008218
[ 1169.733978] PUF Read:0x00000000 at 0xa000821c
[ 1169.733978] PUF Read:0x00000000 at 0xa0008220
[ 1169.733978] PUF Read:0x00100000 at 0xa0008224
[ 1169.733978] PUF Read:0x00000000 at 0xa0008228
[ 1169.734130] PUF Read:0x00000000 at 0xa000822c
[ 1169.734130] PUF Read:0x00000500 at 0xa0008230
[ 1169.734130] PUF Read:0x00400000 at 0xa0008234
[ 1169.734130] PUF Read:0x00000000 at 0xa0008238
[ 1169.734130] PUF Read:0x00000000 at 0xa000823c
[ 1169.734130] PUF Read:0x00000000 at 0xa0008240
[ 1169.734283] PUF Read:0x00000000 at 0xa0008244
[ 1169.734283] PUF Read:0x00000000 at 0xa0008248
[ 1169.734283] PUF Read:0x00000000 at 0xa000824c
[ 1169.734283] PUF Read:0x00000000 at 0xa0008250
[ 1169.734283] PUF Read:0x00100000 at 0xa0008254
[ 1169.734405] PUF Read:0x00000000 at 0xa0008258
[ 1169.734436] PUF Read:0x04040000 at 0xa000825c
[ 1169.734436] PUF Read:0x00000000 at 0xa0008260
[ 1169.734436] PUF Read:0x00000000 at 0xa0008264
[ 1169.734497] PUF Read:0x00000400 at 0xa0008268
[ 1169.734497] PUF Read:0x00000000 at 0xa000826c
[ 1169.734558] PUF Read:0x00000000 at 0xa0008270
[ 1169.734588] PUF Read:0x00000000 at 0xa0008274
[ 1169.734588] PUF Read:0x00000040 at 0xa0008278
[ 1169.734588] PUF Read:0x00000000 at 0xa000827c
[ 1169.734649] PUF Read:0x40000000 at 0xa0008280
[ 1169.734649] PUF Read:0x00000000 at 0xa0008284
[ 1169.734710] PUF Read:0x00400000 at 0xa0008288
[ 1169.734741] PUF Read:0x00000000 at 0xa000828c
[ 1169.734741] PUF Read:0x00000000 at 0xa0008290
[ 1169.734741] PUF Read:0x00000000 at 0xa0008294
[ 1169.734802] PUF Read:0x00000000 at 0xa0008298
[ 1169.734802] PUF Read:0x00000000 at 0xa000829c
[ 1169.734802] PUF Read:0x00000000 at 0xa00082a0
[ 1169.734893] PUF Read:0x00001000 at 0xa00082a4
[ 1169.734924] PUF Read:0x00000000 at 0xa00082a8
[ 1169.734924] PUF Read:0x00000000 at 0xa00082ac
[ 1169.734924] PUF Read:0x00000000 at 0xa00082b0
[ 1169.734985] PUF Read:0x00000000 at 0xa00082b4
[ 1169.734985] PUF Read:0x00000040 at 0xa00082b8
[ 1169.735046] PUF Read:0x00000000 at 0xa00082bc
[ 1169.735076] PUF Read:0x00000000 at 0xa00082c0
[ 1169.735076] PUF Read:0x00000000 at 0xa00082c4
[ 1169.735076] PUF Read:0x10000000 at 0xa00082c8
[ 1169.735137] PUF Read:0x00000000 at 0xa00082cc
[ 1169.735137] PUF Read:0x00100000 at 0xa00082d0
[ 1169.735198] PUF Read:0x00000000 at 0xa00082d4
[ 1169.735229] PUF Read:0x40000000 at 0xa00082d8
[ 1169.735229] PUF Read:0x00004000 at 0xa00082dc
[ 1169.735229] PUF Read:0x00000000 at 0xa00082e0
[ 1169.735290] PUF Read:0x00000400 at 0xa00082e4
[ 1169.735290] PUF Read:0x00000100 at 0xa00082e8
[ 1169.735351] PUF Read:0x00000001 at 0xa00082ec
[ 1169.735382] PUF Read:0x00000001 at 0xa00082f0
[ 1169.735382] PUF Read:0x00000000 at 0xa00082f4
[ 1169.735382] PUF Read:0x00000000 at 0xa00082f8
[ 1169.735443] PUF Read:0x00000000 at 0xa00082fc
[ 1169.735443] PUF Read:0x00000000 at 0xa0008300
[ 1169.735504] PUF Read:0x00000000 at 0xa0008304
[ 1169.735534] PUF Read:0x00000000 at 0xa0008308
[ 1169.735534] PUF Read:0x00000000 at 0xa000830c
[ 1169.735534] PUF Read:0x00000000 at 0xa0008310
[ 1169.735595] PUF Read:0x00000000 at 0xa0008314
[ 1169.735595] PUF Read:0x01400000 at 0xa0008318
[ 1169.735656] PUF Read:0x10000000 at 0xa000831c
[ 1169.735687] PUF Read:0x00000000 at 0xa0008320
[ 1169.735687] PUF Read:0x00000100 at 0xa0008324
[ 1169.735748] PUF Read:0x00000000 at 0xa0008328
[ 1169.735748] PUF Read:0x00010000 at 0xa000832c
[ 1169.735748] PUF Read:0x00000004 at 0xa0008330
[ 1169.735809] PUF Read:0x00000000 at 0xa0008334
[ 1169.735839] PUF Read:0x00001000 at 0xa0008338
[ 1169.735839] PUF Read:0x00000000 at 0xa000833c
[ 1169.735900] PUF Read:0x10000100 at 0xa0008340
[ 1169.735900] PUF Read:0x00000001 at 0xa0008344
[ 1169.735900] PUF Read:0x00000000 at 0xa0008348
[ 1169.735900] PUF Read:0x00000100 at 0xa000834c
[ 1169.735992] PUF Read:0x00000000 at 0xa0008350
[ 1169.735992] PUF Read:0x00000000 at 0xa0008354
[ 1169.735992] PUF Read:0x00000000 at 0xa0008358
[ 1169.735992] PUF Read:0x00000000 at 0xa000835c
[ 1169.735992] PUF Read:0x00010000 at 0xa0008360
[ 1169.735992] PUF Read:0x00000000 at 0xa0008364
[ 1169.736145] PUF Read:0x00000000 at 0xa0008368
[ 1169.736145] PUF Read:0x00000400 at 0xa000836c
[ 1169.736145] PUF Read:0x00000000 at 0xa0008370
[ 1169.736145] PUF Read:0x00000000 at 0xa0008374
[ 1169.736145] PUF Read:0x40000000 at 0xa0008378
[ 1169.736145] PUF Read:0x00000000 at 0xa000837c
[ 1169.736297] PUF Read:0x00000000 at 0xa0008380
[ 1169.736297] PUF Read:0x00000000 at 0xa0008384
[ 1169.736297] PUF Read:0x00000000 at 0xa0008388
[ 1169.736297] PUF Read:0x00000000 at 0xa000838c
[ 1169.736297] PUF Read:0x00000001 at 0xa0008390
[ 1169.736297] PUF Read:0x00000100 at 0xa0008394
[ 1169.736297] PUF Read:0x00000000 at 0xa0008398
[ 1169.736480] PUF Read:0x00000000 at 0xa000839c
[ 1169.736480] PUF Read:0x00000000 at 0xa00083a0
[ 1169.736480] PUF Read:0x00000000 at 0xa00083a4
[ 1169.736480] PUF Read:0x00000000 at 0xa00083a8
[ 1169.736480] PUF Read:0x00001000 at 0xa00083ac
[ 1169.736480] PUF Read:0x00000000 at 0xa00083b0
[ 1169.736633] PUF Read:0x00000000 at 0xa00083b4
[ 1169.736633] PUF Read:0x00000000 at 0xa00083b8
[ 1169.736633] PUF Read:0x00000000 at 0xa00083bc
[ 1169.736633] PUF Read:0x00000000 at 0xa00083c0
[ 1169.736633] PUF Read:0x04000000 at 0xa00083c4
[ 1169.736755] PUF Read:0x00000000 at 0xa00083c8
[ 1169.736785] PUF Read:0x00000000 at 0xa00083cc
[ 1169.736785] PUF Read:0x00000000 at 0xa00083d0
[ 1169.736846] PUF Read:0x00010000 at 0xa00083d4
[ 1169.736877] PUF Read:0x00000000 at 0xa00083d8
[ 1169.736877] PUF Read:0x00000000 at 0xa00083dc
[ 1169.736877] PUF Read:0x00140000 at 0xa00083e0
[ 1169.738342] PUF Read:0x10000000 at 0xa00083e4
[ 1169.738372] PUF Read:0x00000000 at 0xa00083e8
[ 1169.738372] PUF Read:0x00000000 at 0xa00083ec
[ 1169.738372] PUF Read:0x00000400 at 0xa00083f0
[ 1169.738433] PUF Read:0x04000000 at 0xa00083f4
[ 1169.738433] PUF Read:0x00000004 at 0xa00083f8
[ 1169.738494] PUF Read:0x00040000 at 0xa00083fc
[ 1169.738525] [i] Finished PUF read-out
[ 1169.738525] <6>[i] Finished PUF query for decaytime: 15360
[ 1169.738525] End measurement:5
[ 1169.738555] [i] Start measurement: 6
[ 1169.738555] [i] Start decaytime: 60
[ 1169.738555] EMIF 2 REG Write 0x80000000 at 0x4d000010
[ 1169.738586] EMIF 2 REG Read 0x80000000 at 0x4d000010
[ 1169.738586] EMIF 2 REG Write 0x80000000 at 0x4d000014
[ 1169.738616] EMIF 2 REG Read 0x00000000 at 0x4d000014
[ 1169.738616] EMIF 2 REG Write 0x08016893 at 0x4d0000cc
[ 1169.738647] EMIF 2 REG Read 0x08016893 at 0x4d0000cc
[ 1169.738647] Temp polling alert disabled
[ 1169.738647] Refresh Disabled at EMIF2
[ 1169.738677] [i] Initialiting PUF & hammer rows
[ 1169.738677] [i] Single-Sided Rowhammer (SSRH)
[ 1169.745361] [i] Finished initialiting PUF & hammer rows
[ 1169.745361] [i]	Timer elapsed since its reset 0 sec
[ 1169.745391] [i] Decay: 60 sec
[ 1169.745391] [i]	Relative Decay: 0 msec
