[56162.229064] [i] Total hammer attempts per row: 3727707
[56162.229095] EMIF 2 REG Write 0x00000618 at 0x4d000010
[56162.229095] EMIF 2 REG Read 0x00000618 at 0x4d000010
[56162.229125] EMIF 2 REG Write 0x00000618 at 0x4d000014
[56162.229125] EMIF 2 REG Read 0x00000618 at 0x4d000014
[56162.229156] EMIF 2 REG Write 0x58016893 at 0x4d0000cc
[56162.229156] EMIF 2 REG Read 0x58016893 at 0x4d0000cc
[56162.229156] Temp polling alert enabled
[56162.229187] Refresh enabled at EMIF2
[56162.229187] [i] Starting PUF read-out
[56162.229187] [i] Single-Sided Rowhammer (SSRH)
[56162.229217] PUF Read:0xaaaa2aaa at 0xa0008000
[56162.229217] PUF Read:0xaaaaaaaa at 0xa0008004
[56162.229217] PUF Read:0xaaaaaaaa at 0xa0008008
[56162.229217] PUF Read:0xa2aaaa2a at 0xa000800c
[56162.229217] PUF Read:0xaaaaaaaa at 0xa0008010
[56162.229339] PUF Read:0x8aaaabaa at 0xa0008014
[56162.229339] PUF Read:0xaaaa2aaa at 0xa0008018
[56162.229400] PUF Read:0xaaa2aaaa at 0xa000801c
[56162.229431] PUF Read:0xaaaaaaaa at 0xa0008020
[56162.229431] PUF Read:0xeaaaeaaa at 0xa0008024
[56162.229431] PUF Read:0xaaaaaaaa at 0xa0008028
[56162.229431] PUF Read:0xaaaaaaba at 0xa000802c
[56162.229522] PUF Read:0xaaaaaaa8 at 0xa0008030
[56162.229522] PUF Read:0xaeaaaaaa at 0xa0008034
[56162.229583] PUF Read:0xaaaaaaaa at 0xa0008038
[56162.229614] PUF Read:0xaaaaaaaa at 0xa000803c
[56162.229614] PUF Read:0xaaaaaaab at 0xa0008040
[56162.229614] PUF Read:0xaaaaeaaa at 0xa0008044
[56162.229675] PUF Read:0xaaaaaaaa at 0xa0008048
[56162.229675] PUF Read:0xaaaaaaa8 at 0xa000804c
[56162.229736] PUF Read:0xa2aaaaaa at 0xa0008050
[56162.229766] PUF Read:0xaaaaa8aa at 0xa0008054
[56162.229766] PUF Read:0xaaaaaa8a at 0xa0008058
[56162.229766] PUF Read:0xaaaaaaaa at 0xa000805c
[56162.229827] PUF Read:0xaaaaaaaa at 0xa0008060
[56162.229827] PUF Read:0xaaaa2aaa at 0xa0008064
[56162.229888] PUF Read:0xaaaaaaaa at 0xa0008068
[56162.229919] PUF Read:0xaaaaaaaa at 0xa000806c
[56162.229919] PUF Read:0xaaaaaaaa at 0xa0008070
[56162.229980] PUF Read:0xaaaaaaaa at 0xa0008074
[56162.229980] PUF Read:0xaaaaaaaa at 0xa0008078
[56162.229980] PUF Read:0xaaabaaaa at 0xa000807c
[56162.229980] PUF Read:0xaaabaaaa at 0xa0008080
[56162.230072] PUF Read:0xaaaaaaaa at 0xa0008084
[56162.230072] PUF Read:0xaaaaaaaa at 0xa0008088
[56162.230072] PUF Read:0xaaaaaaaa at 0xa000808c
[56162.230072] PUF Read:0xaaaa8aaa at 0xa0008090
[56162.230163] PUF Read:0xaaaaaaaa at 0xa0008094
[56162.230163] PUF Read:0x2aabaaab at 0xa0008098
[56162.230224] PUF Read:0xaaaaaaaa at 0xa000809c
[56162.230255] PUF Read:0x8aaaaa2a at 0xa00080a0
[56162.230255] PUF Read:0xaaabaaaa at 0xa00080a4
[56162.230255] PUF Read:0xaa8aaaaa at 0xa00080a8
[56162.230316] PUF Read:0xaaaa8aea at 0xa00080ac
[56162.230346] PUF Read:0xaaaaaaaa at 0xa00080b0
[56162.230346] PUF Read:0x2a2aaaaa at 0xa00080b4
[56162.230407] PUF Read:0xaaaaeaaa at 0xa00080b8
[56162.230438] PUF Read:0x8aaaaaaa at 0xa00080bc
[56162.230438] PUF Read:0xaaaaaaaa at 0xa00080c0
[56162.230438] PUF Read:0xaaaaaaaa at 0xa00080c4
[56162.230438] PUF Read:0xaaa2aaaa at 0xa00080c8
[56162.230438] PUF Read:0xabaaaaaa at 0xa00080cc
[56162.230438] PUF Read:0xeaaeeaaa at 0xa00080d0
[56162.230590] PUF Read:0xaaaa2aa8 at 0xa00080d4
[56162.230621] PUF Read:0xaaaa3aaa at 0xa00080d8
[56162.230621] PUF Read:0xaaaaaaaa at 0xa00080dc
[56162.230621] PUF Read:0xabaaaaaa at 0xa00080e0
[56162.230682] PUF Read:0xaaaaaaaa at 0xa00080e4
[56162.230682] PUF Read:0xaaaaaaaa at 0xa00080e8
[56162.230743] PUF Read:0xaaaaaaab at 0xa00080ec
[56162.230773] PUF Read:0x8aaaaaaa at 0xa00080f0
[56162.230773] PUF Read:0xaaaaaaaa at 0xa00080f4
[56162.230773] PUF Read:0xaaaaabaa at 0xa00080f8
[56162.230834] PUF Read:0xaa8aaaaa at 0xa00080fc
[56162.230834] PUF Read:0xaaaaaaaa at 0xa0008100
[56162.230895] PUF Read:0xaaaaaaaa at 0xa0008104
[56162.230926] PUF Read:0xaaa2aaaa at 0xa0008108
[56162.230926] PUF Read:0xaaaaaaaa at 0xa000810c
[56162.230987] PUF Read:0xaaaaaaaa at 0xa0008110
[56162.230987] PUF Read:0xaaea2aaa at 0xa0008114
[56162.230987] PUF Read:0xaaaaaaaa at 0xa0008118
[56162.231048] PUF Read:0xaaaaaaaa at 0xa000811c
[56162.231079] PUF Read:0xaaaaaaaa at 0xa0008120
[56162.231079] PUF Read:0xaaaaaeaa at 0xa0008124
[56162.231079] PUF Read:0xaaaaaaea at 0xa0008128
[56162.231079] PUF Read:0xaaaaaaaa at 0xa000812c
[56162.231079] PUF Read:0xaaaaaaaa at 0xa0008130
[56162.231079] PUF Read:0xaaaaaa2a at 0xa0008134
[56162.231231] PUF Read:0xaa8baaaa at 0xa0008138
[56162.231262] PUF Read:0xaaaaaaaa at 0xa000813c
[56162.231262] PUF Read:0xaaaaaeaa at 0xa0008140
[56162.231262] PUF Read:0xaaaaaaaa at 0xa0008144
[56162.231323] PUF Read:0xaabaaeaa at 0xa0008148
[56162.231323] PUF Read:0xaaaaaaaa at 0xa000814c
[56162.231384] PUF Read:0xaaaaaaaa at 0xa0008150
[56162.231414] PUF Read:0xaaaaaaaa at 0xa0008154
[56162.231414] PUF Read:0xaaaaaaaa at 0xa0008158
[56162.231414] PUF Read:0xaaaaaaea at 0xa000815c
[56162.231475] PUF Read:0xaaaaaaaa at 0xa0008160
[56162.231475] PUF Read:0xaaaaaaaa at 0xa0008164
[56162.231536] PUF Read:0xaeaaaaaa at 0xa0008168
[56162.231567] PUF Read:0xaaeaaaaa at 0xa000816c
[56162.231567] PUF Read:0x2aaaaaaa at 0xa0008170
[56162.231628] PUF Read:0xaabaaaaa at 0xa0008174
[56162.231628] PUF Read:0xaaaaaaaa at 0xa0008178
[56162.231628] PUF Read:0xaaaaaaaa at 0xa000817c
[56162.231628] PUF Read:0xaaaa2a2a at 0xa0008180
[56162.231719] PUF Read:0xaaaaaaaa at 0xa0008184
[56162.231719] PUF Read:0xaa2aaaaa at 0xa0008188
[56162.231719] PUF Read:0xaaaaaaea at 0xa000818c
[56162.231719] PUF Read:0x2aaaaaaa at 0xa0008190
[56162.231719] PUF Read:0xeaaaaaaa at 0xa0008194
[56162.231719] PUF Read:0xaaaaaaaa at 0xa0008198
[56162.231719] PUF Read:0xaaaaaaaa at 0xa000819c
[56162.231903] PUF Read:0xaaaaaaaa at 0xa00081a0
[56162.231903] PUF Read:0xaaaaaaaa at 0xa00081a4
[56162.231903] PUF Read:0xaaa2aaaa at 0xa00081a8
[56162.231903] PUF Read:0xaaaaaaaa at 0xa00081ac
[56162.231994] PUF Read:0xaaebaaaa at 0xa00081b0
[56162.231994] PUF Read:0xaaaaaaaa at 0xa00081b4
[56162.232055] PUF Read:0xaaaaaaaa at 0xa00081b8
[56162.232086] PUF Read:0xa2aaaaaa at 0xa00081bc
[56162.232086] PUF Read:0xaaa8aaaa at 0xa00081c0
[56162.232086] PUF Read:0xaaaaaaae at 0xa00081c4
[56162.232147] PUF Read:0xaaaaaaaa at 0xa00081c8
[56162.232147] PUF Read:0xaa2baaaa at 0xa00081cc
[56162.232208] PUF Read:0xbaaaaaaa at 0xa00081d0
[56162.232238] PUF Read:0xaaaaaa2a at 0xa00081d4
[56162.232238] PUF Read:0xaaaaaaaa at 0xa00081d8
[56162.232238] PUF Read:0xaaaaaaaa at 0xa00081dc
[56162.232299] PUF Read:0xaaaaaaaa at 0xa00081e0
[56162.232299] PUF Read:0xaaaaaaea at 0xa00081e4
[56162.232360] PUF Read:0xaaaaaaaa at 0xa00081e8
[56162.232391] PUF Read:0xaa2aaaaa at 0xa00081ec
[56162.232391] PUF Read:0xaaaaaaab at 0xa00081f0
[56162.232391] PUF Read:0xaaaaaeaa at 0xa00081f4
[56162.232391] PUF Read:0xaaaaaaa2 at 0xa00081f8
[56162.232391] PUF Read:0xaaaaaaaa at 0xa00081fc
[56162.232391] PUF Read:0xaaaaaaaa at 0xa0008200
[56162.232543] PUF Read:0xaaaaaaaa at 0xa0008204
[56162.232543] PUF Read:0xaaaaaaba at 0xa0008208
[56162.232543] PUF Read:0xa8aaaaaa at 0xa000820c
[56162.232543] PUF Read:0xaaaaa2a8 at 0xa0008210
[56162.232543] PUF Read:0xaaaaaaaa at 0xa0008214
[56162.232543] PUF Read:0xaaaaaeaa at 0xa0008218
[56162.232696] PUF Read:0xaaaaaaaa at 0xa000821c
[56162.232696] PUF Read:0xaaaaaaaa at 0xa0008220
[56162.232696] PUF Read:0xaabaaaaa at 0xa0008224
[56162.232696] PUF Read:0xaaaaaaaa at 0xa0008228
[56162.232788] PUF Read:0xaaaaaaaa at 0xa000822c
[56162.232788] PUF Read:0xaaaaaeaa at 0xa0008230
[56162.232849] PUF Read:0x286aaaaa at 0xa0008234
[56162.232879] PUF Read:0xaaaaaaaa at 0xa0008238
[56162.232879] PUF Read:0xaaaaaaaa at 0xa000823c
[56162.232879] PUF Read:0xaaaaaaaa at 0xa0008240
[56162.232940] PUF Read:0xaaaaaaaa at 0xa0008244
[56162.232940] PUF Read:0xaaaaaaaa at 0xa0008248
[56162.233001] PUF Read:0xaaaaaaaa at 0xa000824c
[56162.233032] PUF Read:0xaaaaaaaa at 0xa0008250
[56162.233032] PUF Read:0xaabaaaaa at 0xa0008254
[56162.233093] PUF Read:0xaaaaaaaa at 0xa0008258
[56162.233093] PUF Read:0xaaaeaaaa at 0xa000825c
[56162.233093] PUF Read:0xaaaaaaaa at 0xa0008260
[56162.233154] PUF Read:0xaaaaaaaa at 0xa0008264
[56162.233184] PUF Read:0xaaaa8caa at 0xa0008268
[56162.233184] PUF Read:0xeaaaaaaa at 0xa000826c
[56162.233184] PUF Read:0xaaaaaaaa at 0xa0008270
[56162.233184] PUF Read:0xaaaaaaaa at 0xa0008274
[56162.233184] PUF Read:0xaaaaaaea at 0xa0008278
[56162.233184] PUF Read:0xaaaaaaaa at 0xa000827c
[56162.233337] PUF Read:0xeaaaaaaa at 0xa0008280
[56162.233337] PUF Read:0xa2aaaaaa at 0xa0008284
[56162.233337] PUF Read:0xaaeaaaaa at 0xa0008288
[56162.233337] PUF Read:0xaaaaaaaa at 0xa000828c
[56162.233337] PUF Read:0xaaaaaaa8 at 0xa0008290
[56162.233337] PUF Read:0xa8aaaaaa at 0xa0008294
[56162.233337] PUF Read:0xaaaaaaaa at 0xa0008298
[56162.233520] PUF Read:0xaaaaaaaa at 0xa000829c
[56162.233520] PUF Read:0xaaaaaaaa at 0xa00082a0
[56162.233520] PUF Read:0xaaaabaaa at 0xa00082a4
[56162.233520] PUF Read:0xaaaaaaaa at 0xa00082a8
[56162.233612] PUF Read:0xaaaaaaaa at 0xa00082ac
[56162.233612] PUF Read:0xaaaaaaaa at 0xa00082b0
[56162.233673] PUF Read:0xaaaaaaaa at 0xa00082b4
[56162.233703] PUF Read:0xaaaaaaea at 0xa00082b8
[56162.233703] PUF Read:0xaaaaaaaa at 0xa00082bc
[56162.233703] PUF Read:0xaaaaaaaa at 0xa00082c0
[56162.233764] PUF Read:0xaaaaaaaa at 0xa00082c4
[56162.233764] PUF Read:0xbaaaaaaa at 0xa00082c8
[56162.233825] PUF Read:0xaaaaaaaa at 0xa00082cc
[56162.233856] PUF Read:0xaabaaaaa at 0xa00082d0
[56162.233856] PUF Read:0xaaaaaaaa at 0xa00082d4
[56162.233917] PUF Read:0xaaaaaaaa at 0xa00082d8
[56162.233917] PUF Read:0xaaaaeaaa at 0xa00082dc
[56162.233917] PUF Read:0xaaaaaaaa at 0xa00082e0
[56162.233917] PUF Read:0xaaaaaeaa at 0xa00082e4
[56162.234008] PUF Read:0xaaaaabaa at 0xa00082e8
[56162.234008] PUF Read:0xaaaaaaab at 0xa00082ec
[56162.234008] PUF Read:0xaaaaaaaa at 0xa00082f0
[56162.234008] PUF Read:0xaaa8aaaa at 0xa00082f4
[56162.234008] PUF Read:0xaaaaaaaa at 0xa00082f8
[56162.234008] PUF Read:0xaaaaaaaa at 0xa00082fc
[56162.234161] PUF Read:0xaaaaaaaa at 0xa0008300
[56162.234161] PUF Read:0xaaaaaaaa at 0xa0008304
[56162.234161] PUF Read:0xaaaa8aaa at 0xa0008308
[56162.234161] PUF Read:0xaaaaaaaa at 0xa000830c
[56162.234252] PUF Read:0xaaaaaa8a at 0xa0008310
[56162.234252] PUF Read:0xaaaaaaaa at 0xa0008314
[56162.234313] PUF Read:0x2baaaaaa at 0xa0008318
[56162.234344] PUF Read:0xbaaaaaaa at 0xa000831c
[56162.234344] PUF Read:0xaaaa8aaa at 0xa0008320
[56162.234344] PUF Read:0xaaaaaaaa at 0xa0008324
[56162.234405] PUF Read:0xaaaaaaaa at 0xa0008328
[56162.234405] PUF Read:0xaa8aaaaa at 0xa000832c
[56162.234466] PUF Read:0xaaaaaaae at 0xa0008330
[56162.234497] PUF Read:0xaaaaaaaa at 0xa0008334
[56162.234497] PUF Read:0xaaaaaaaa at 0xa0008338
[56162.234497] PUF Read:0xaaaaaaaa at 0xa000833c
[56162.234558] PUF Read:0xbaaaaaaa at 0xa0008340
[56162.234558] PUF Read:0xaaaaaa2b at 0xa0008344
[56162.234619] PUF Read:0xaaaaaaaa at 0xa0008348
[56162.234649] PUF Read:0xaaaaabaa at 0xa000834c
[56162.234649] PUF Read:0xaaaa8a8a at 0xa0008350
[56162.234649] PUF Read:0x8aaaaaaa at 0xa0008354
[56162.234710] PUF Read:0xaaaaaaaa at 0xa0008358
[56162.234710] PUF Read:0xaaaaaaaa at 0xa000835c
[56162.234771] PUF Read:0xaaabaaaa at 0xa0008360
[56162.234802] PUF Read:0xaaaaaa2a at 0xa0008364
[56162.234802] PUF Read:0xaaaaaaaa at 0xa0008368
[56162.234802] PUF Read:0xaaaaaeaa at 0xa000836c
[56162.234802] PUF Read:0xaaaaaaaa at 0xa0008370
[56162.234802] PUF Read:0xaaaaaaaa at 0xa0008374
[56162.234802] PUF Read:0xaaaa8aaa at 0xa0008378
[56162.234954] PUF Read:0xaaaaaaaa at 0xa000837c
[56162.234985] PUF Read:0xaaaaaaaa at 0xa0008380
[56162.234985] PUF Read:0xaaaaaaaa at 0xa0008384
[56162.234985] PUF Read:0xaaaaaaaa at 0xa0008388
[56162.234985] PUF Read:0xaaaaaaaa at 0xa000838c
[56162.234985] PUF Read:0xaaaaaaab at 0xa0008390
[56162.234985] PUF Read:0xaaaaabaa at 0xa0008394
[56162.235137] PUF Read:0xaaaaaaaa at 0xa0008398
[56162.235137] PUF Read:0xaaa2aaaa at 0xa000839c
[56162.235137] PUF Read:0xaaaaaaaa at 0xa00083a0
[56162.235137] PUF Read:0xaaaaaaaa at 0xa00083a4
[56162.235229] PUF Read:0xaaaaaaaa at 0xa00083a8
[56162.235229] PUF Read:0xaaaabaaa at 0xa00083ac
[56162.235290] PUF Read:0xaaaaaaa2 at 0xa00083b0
[56162.235321] PUF Read:0xaaaaaaaa at 0xa00083b4
[56162.235321] PUF Read:0xaaaaaaaa at 0xa00083b8
[56162.235321] PUF Read:0xaaaaaaaa at 0xa00083bc
[56162.235382] PUF Read:0xaaaaaaaa at 0xa00083c0
[56162.235382] PUF Read:0xaeaaaaaa at 0xa00083c4
[56162.235443] PUF Read:0xaaaaaaaa at 0xa00083c8
[56162.235473] PUF Read:0xaaa2aaaa at 0xa00083cc
[56162.235473] PUF Read:0xaaaaaaaa at 0xa00083d0
[56162.235473] PUF Read:0xaaabaaaa at 0xa00083d4
[56162.235534] PUF Read:0xaaaaaaaa at 0xa00083d8
[56162.235534] PUF Read:0xaaaaaaaa at 0xa00083dc
[56162.235595] PUF Read:0xaabeaaa8 at 0xa00083e0
[56162.235626] PUF Read:0xba2aa8aa at 0xa00083e4
[56162.235626] PUF Read:0xaaaaaa2a at 0xa00083e8
[56162.235626] PUF Read:0xaaaaaaaa at 0xa00083ec
[56162.235687] PUF Read:0xaaaaaeaa at 0xa00083f0
[56162.235687] PUF Read:0xaaaaaaaa at 0xa00083f4
[56162.235748] PUF Read:0xaaaaaaae at 0xa00083f8
[56162.235778] PUF Read:0x8aaeaaaa at 0xa00083fc
[56162.235778] [i] Finished PUF read-out
[56162.235809] <6>[i] Finished PUF query for decaytime: 15360
[56162.235809] End measurement:10
[56162.235809] [i] Start measurement: 11
[56162.235839] [i] Start decaytime: 60
[56162.235839] EMIF 2 REG Write 0x80000000 at 0x4d000010
[56162.235870] EMIF 2 REG Read 0x80000000 at 0x4d000010
[56162.235870] EMIF 2 REG Write 0x80000000 at 0x4d000014
[56162.235870] EMIF 2 REG Read 0x00000000 at 0x4d000014
[56162.235900] EMIF 2 REG Write 0x08016893 at 0x4d0000cc
[56162.235900] EMIF 2 REG Read 0x08016893 at 0x4d0000cc
[56162.235931] Temp polling alert disabled
[56162.235931] Refresh Disabled at EMIF2
[56162.235931] [i] Initialiting PUF & hammer rows
[56162.235961] [i] Single-Sided Rowhammer (SSRH)
[56162.242736] [i] Finished initialiting PUF & hammer rows
[56162.242736] [i]	Timer elapsed since its reset 0 sec
[56162.242736] [i] Decay: 60 sec
[56162.242767] [i]	Relative Decay: 0 msec
