[34165.393127] [i] Total hammer attempts per row: 3729424
[34165.393127] EMIF 2 REG Write 0x00000618 at 0x4d000010
[34165.393157] EMIF 2 REG Read 0x00000618 at 0x4d000010
[34165.393157] EMIF 2 REG Write 0x00000618 at 0x4d000014
[34165.393188] EMIF 2 REG Read 0x00000618 at 0x4d000014
[34165.393188] EMIF 2 REG Write 0x58016893 at 0x4d0000cc
[34165.393218] EMIF 2 REG Read 0x58016893 at 0x4d0000cc
[34165.393218] Temp polling alert enabled
[34165.393218] Refresh enabled at EMIF2
[34165.393249] [i] Starting PUF read-out
[34165.393249] [i] Single-Sided Rowhammer (SSRH)
[34165.393280] PUF Read:0x00000010 at 0xa0008000
[34165.393280] PUF Read:0x00000400 at 0xa0008004
[34165.393310] PUF Read:0x00000000 at 0xa0008008
[34165.393310] PUF Read:0x00000000 at 0xa000800c
[34165.393310] PUF Read:0x00000000 at 0xa0008010
[34165.393402] PUF Read:0x00000100 at 0xa0008014
[34165.393432] PUF Read:0x00000000 at 0xa0008018
[34165.393432] PUF Read:0x10400100 at 0xa000801c
[34165.393493] PUF Read:0x40000000 at 0xa0008020
[34165.393493] PUF Read:0x40004000 at 0xa0008024
[34165.393493] PUF Read:0x00004000 at 0xa0008028
[34165.393493] PUF Read:0x00000010 at 0xa000802c
[34165.393585] PUF Read:0x40000000 at 0xa0008030
[34165.393615] PUF Read:0x04000000 at 0xa0008034
[34165.393615] PUF Read:0x00004000 at 0xa0008038
[34165.393615] PUF Read:0x00000000 at 0xa000803c
[34165.393615] PUF Read:0x00000001 at 0xa0008040
[34165.393615] PUF Read:0x00004000 at 0xa0008044
[34165.393615] PUF Read:0x00000000 at 0xa0008048
[34165.393768] PUF Read:0x00000001 at 0xa000804c
[34165.393798] PUF Read:0x00000000 at 0xa0008050
[34165.393798] PUF Read:0x00000000 at 0xa0008054
[34165.393798] PUF Read:0x00000000 at 0xa0008058
[34165.393798] PUF Read:0x00000000 at 0xa000805c
[34165.393798] PUF Read:0x00000000 at 0xa0008060
[34165.393920] PUF Read:0x00100000 at 0xa0008064
[34165.393920] PUF Read:0x00000000 at 0xa0008068
[34165.393920] PUF Read:0x00000000 at 0xa000806c
[34165.393920] PUF Read:0x00000010 at 0xa0008070
[34165.394012] PUF Read:0x00000000 at 0xa0008074
[34165.394012] PUF Read:0x00000000 at 0xa0008078
[34165.394073] PUF Read:0x00010000 at 0xa000807c
[34165.394104] PUF Read:0x00010000 at 0xa0008080
[34165.394104] PUF Read:0x00000000 at 0xa0008084
[34165.394104] PUF Read:0x00000000 at 0xa0008088
[34165.394165] PUF Read:0x00000000 at 0xa000808c
[34165.394165] PUF Read:0x00000000 at 0xa0008090
[34165.394226] PUF Read:0x10000000 at 0xa0008094
[34165.394256] PUF Read:0x00410001 at 0xa0008098
[34165.394256] PUF Read:0x00000000 at 0xa000809c
[34165.394256] PUF Read:0x00000000 at 0xa00080a0
[34165.394317] PUF Read:0x00010000 at 0xa00080a4
[34165.394317] PUF Read:0x00010001 at 0xa00080a8
[34165.394378] PUF Read:0x00000041 at 0xa00080ac
[34165.394409] PUF Read:0x00000000 at 0xa00080b0
[34165.394409] PUF Read:0x00000000 at 0xa00080b4
[34165.394409] PUF Read:0x00004000 at 0xa00080b8
[34165.394470] PUF Read:0x00000000 at 0xa00080bc
[34165.394470] PUF Read:0x00000400 at 0xa00080c0
[34165.394531] PUF Read:0x00000000 at 0xa00080c4
[34165.394561] PUF Read:0x10100000 at 0xa00080c8
[34165.394561] PUF Read:0x01000000 at 0xa00080cc
[34165.394561] PUF Read:0x40044000 at 0xa00080d0
[34165.394622] PUF Read:0x00000000 at 0xa00080d4
[34165.394622] PUF Read:0x00001000 at 0xa00080d8
[34165.394683] PUF Read:0x00000000 at 0xa00080dc
[34165.394714] PUF Read:0x01000000 at 0xa00080e0
[34165.394714] PUF Read:0x00000000 at 0xa00080e4
[34165.394714] PUF Read:0x00000000 at 0xa00080e8
[34165.394775] PUF Read:0x00000001 at 0xa00080ec
[34165.394775] PUF Read:0x00000000 at 0xa00080f0
[34165.394836] PUF Read:0x00000000 at 0xa00080f4
[34165.394866] PUF Read:0x00000100 at 0xa00080f8
[34165.394866] PUF Read:0x00000000 at 0xa00080fc
[34165.394927] PUF Read:0x00000000 at 0xa0008100
[34165.394927] PUF Read:0x00000000 at 0xa0008104
[34165.394927] PUF Read:0x00000000 at 0xa0008108
[34165.394989] PUF Read:0x00000000 at 0xa000810c
[34165.395019] PUF Read:0x00000000 at 0xa0008110
[34165.395019] PUF Read:0x00400000 at 0xa0008114
[34165.395019] PUF Read:0x00000000 at 0xa0008118
[34165.395019] PUF Read:0x00000000 at 0xa000811c
[34165.395019] PUF Read:0x01000000 at 0xa0008120
[34165.395019] PUF Read:0x00000400 at 0xa0008124
[34165.395172] PUF Read:0x00000040 at 0xa0008128
[34165.395202] PUF Read:0x00000000 at 0xa000812c
[34165.395202] PUF Read:0x00000000 at 0xa0008130
[34165.395202] PUF Read:0x00000000 at 0xa0008134
[34165.395202] PUF Read:0x00010000 at 0xa0008138
[34165.395202] PUF Read:0x00000000 at 0xa000813c
[34165.395324] PUF Read:0x40000400 at 0xa0008140
[34165.395324] PUF Read:0x00000000 at 0xa0008144
[34165.395324] PUF Read:0x00100400 at 0xa0008148
[34165.395324] PUF Read:0x00000000 at 0xa000814c
[34165.395416] PUF Read:0x00000000 at 0xa0008150
[34165.395416] PUF Read:0x00000000 at 0xa0008154
[34165.395477] PUF Read:0x00000000 at 0xa0008158
[34165.395477] PUF Read:0x00100040 at 0xa000815c
[34165.395477] PUF Read:0x00001000 at 0xa0008160
[34165.395477] PUF Read:0x00000000 at 0xa0008164
[34165.395568] PUF Read:0x04000000 at 0xa0008168
[34165.395568] PUF Read:0x00400000 at 0xa000816c
[34165.395629] PUF Read:0x00000000 at 0xa0008170
[34165.395660] PUF Read:0x00100000 at 0xa0008174
[34165.395660] PUF Read:0x00000000 at 0xa0008178
[34165.395660] PUF Read:0x00004000 at 0xa000817c
[34165.395721] PUF Read:0x00000000 at 0xa0008180
[34165.395721] PUF Read:0x00000000 at 0xa0008184
[34165.395782] PUF Read:0x00040000 at 0xa0008188
[34165.395812] PUF Read:0x00000440 at 0xa000818c
[34165.395812] PUF Read:0x00000000 at 0xa0008190
[34165.395812] PUF Read:0x40000000 at 0xa0008194
[34165.395874] PUF Read:0x00000004 at 0xa0008198
[34165.395874] PUF Read:0x00000000 at 0xa000819c
[34165.395935] PUF Read:0x00000000 at 0xa00081a0
[34165.395965] PUF Read:0x00000000 at 0xa00081a4
[34165.395965] PUF Read:0x00000000 at 0xa00081a8
[34165.395965] PUF Read:0x00000040 at 0xa00081ac
[34165.396026] PUF Read:0x00410000 at 0xa00081b0
[34165.396026] PUF Read:0x00000000 at 0xa00081b4
[34165.396087] PUF Read:0x00000000 at 0xa00081b8
[34165.396118] PUF Read:0x00100000 at 0xa00081bc
[34165.396118] PUF Read:0x00000000 at 0xa00081c0
[34165.396118] PUF Read:0x00000004 at 0xa00081c4
[34165.396179] PUF Read:0x00000000 at 0xa00081c8
[34165.396179] PUF Read:0x00010000 at 0xa00081cc
[34165.396240] PUF Read:0x10000000 at 0xa00081d0
[34165.396270] PUF Read:0x00000000 at 0xa00081d4
[34165.396270] PUF Read:0x10000000 at 0xa00081d8
[34165.396270] PUF Read:0x00004000 at 0xa00081dc
[34165.396331] PUF Read:0x00000000 at 0xa00081e0
[34165.396331] PUF Read:0x00000040 at 0xa00081e4
[34165.396392] PUF Read:0x00000000 at 0xa00081e8
[34165.396423] PUF Read:0x00000010 at 0xa00081ec
[34165.396423] PUF Read:0x00000001 at 0xa00081f0
[34165.396423] PUF Read:0x00010400 at 0xa00081f4
[34165.396484] PUF Read:0x00000000 at 0xa00081f8
[34165.396484] PUF Read:0x00000040 at 0xa00081fc
[34165.396545] PUF Read:0x00000000 at 0xa0008200
[34165.396575] PUF Read:0x00000000 at 0xa0008204
[34165.396575] PUF Read:0x00000010 at 0xa0008208
[34165.396575] PUF Read:0x00000000 at 0xa000820c
[34165.396575] PUF Read:0x00400000 at 0xa0008210
[34165.396667] PUF Read:0x00000000 at 0xa0008214
[34165.396667] PUF Read:0x00000400 at 0xa0008218
[34165.396728] PUF Read:0x00000000 at 0xa000821c
[34165.396759] PUF Read:0x00000000 at 0xa0008220
[34165.396759] PUF Read:0x00100000 at 0xa0008224
[34165.396759] PUF Read:0x00000000 at 0xa0008228
[34165.396820] PUF Read:0x00000000 at 0xa000822c
[34165.396820] PUF Read:0x00000500 at 0xa0008230
[34165.396881] PUF Read:0x00400000 at 0xa0008234
[34165.396911] PUF Read:0x00000000 at 0xa0008238
[34165.396911] PUF Read:0x00000400 at 0xa000823c
[34165.396911] PUF Read:0x00000004 at 0xa0008240
[34165.396972] PUF Read:0x00000000 at 0xa0008244
[34165.396972] PUF Read:0x00040000 at 0xa0008248
[34165.397033] PUF Read:0x00000000 at 0xa000824c
[34165.397064] PUF Read:0x04000000 at 0xa0008250
[34165.397064] PUF Read:0x00100000 at 0xa0008254
[34165.397064] PUF Read:0x00000000 at 0xa0008258
[34165.397125] PUF Read:0x04040000 at 0xa000825c
[34165.397125] PUF Read:0x00000000 at 0xa0008260
[34165.397186] PUF Read:0x00001000 at 0xa0008264
[34165.397216] PUF Read:0x00000400 at 0xa0008268
[34165.397216] PUF Read:0x00001000 at 0xa000826c
[34165.397216] PUF Read:0x00000000 at 0xa0008270
[34165.397277] PUF Read:0x00000000 at 0xa0008274
[34165.397277] PUF Read:0x00000040 at 0xa0008278
[34165.397338] PUF Read:0x00100000 at 0xa000827c
[34165.397369] PUF Read:0x40000000 at 0xa0008280
[34165.397369] PUF Read:0x00000000 at 0xa0008284
[34165.397369] PUF Read:0x00400000 at 0xa0008288
[34165.397430] PUF Read:0x00000000 at 0xa000828c
[34165.397430] PUF Read:0x00000000 at 0xa0008290
[34165.397491] PUF Read:0x00000000 at 0xa0008294
[34165.397521] PUF Read:0x00000000 at 0xa0008298
[34165.397521] PUF Read:0x00000000 at 0xa000829c
[34165.397521] PUF Read:0x00000400 at 0xa00082a0
[34165.397583] PUF Read:0x00001000 at 0xa00082a4
[34165.397583] PUF Read:0x00000000 at 0xa00082a8
[34165.397644] PUF Read:0x00000000 at 0xa00082ac
[34165.397674] PUF Read:0x00000000 at 0xa00082b0
[34165.397674] PUF Read:0x00000000 at 0xa00082b4
[34165.397674] PUF Read:0x00000040 at 0xa00082b8
[34165.397735] PUF Read:0x00000000 at 0xa00082bc
[34165.397735] PUF Read:0x00000000 at 0xa00082c0
[34165.397796] PUF Read:0x00000000 at 0xa00082c4
[34165.397827] PUF Read:0x10000000 at 0xa00082c8
[34165.397827] PUF Read:0x00000000 at 0xa00082cc
[34165.397827] PUF Read:0x00100000 at 0xa00082d0
[34165.397888] PUF Read:0x00000000 at 0xa00082d4
[34165.397888] PUF Read:0x40000000 at 0xa00082d8
[34165.397949] PUF Read:0x00004000 at 0xa00082dc
[34165.397979] PUF Read:0x00000000 at 0xa00082e0
[34165.397979] PUF Read:0x00000400 at 0xa00082e4
[34165.397979] PUF Read:0x00000100 at 0xa00082e8
[34165.398040] PUF Read:0x00000001 at 0xa00082ec
[34165.398040] PUF Read:0x00000001 at 0xa00082f0
[34165.398101] PUF Read:0x00000000 at 0xa00082f4
[34165.398132] PUF Read:0x00000000 at 0xa00082f8
[34165.398162] PUF Read:0x00000000 at 0xa00082fc
[34165.398162] PUF Read:0x00000100 at 0xa0008300
[34165.398162] PUF Read:0x00000000 at 0xa0008304
[34165.398223] PUF Read:0x00000000 at 0xa0008308
[34165.398223] PUF Read:0x00000000 at 0xa000830c
[34165.398284] PUF Read:0x00000000 at 0xa0008310
[34165.398315] PUF Read:0x00000010 at 0xa0008314
[34165.398315] PUF Read:0x01500000 at 0xa0008318
[34165.398315] PUF Read:0x10000000 at 0xa000831c
[34165.398376] PUF Read:0x00000000 at 0xa0008320
[34165.398376] PUF Read:0x00000100 at 0xa0008324
[34165.398437] PUF Read:0x00000000 at 0xa0008328
[34165.398468] PUF Read:0x00010000 at 0xa000832c
[34165.398468] PUF Read:0x00000004 at 0xa0008330
[34165.398468] PUF Read:0x00000100 at 0xa0008334
[34165.398529] PUF Read:0x00001000 at 0xa0008338
[34165.398529] PUF Read:0x00000000 at 0xa000833c
[34165.398590] PUF Read:0x10000100 at 0xa0008340
[34165.398620] PUF Read:0x00000001 at 0xa0008344
[34165.398620] PUF Read:0x00000000 at 0xa0008348
[34165.398620] PUF Read:0x00000100 at 0xa000834c
[34165.398681] PUF Read:0x00000000 at 0xa0008350
[34165.398681] PUF Read:0x00000000 at 0xa0008354
[34165.398742] PUF Read:0x00000000 at 0xa0008358
[34165.398773] PUF Read:0x00000000 at 0xa000835c
[34165.398773] PUF Read:0x00014000 at 0xa0008360
[34165.398773] PUF Read:0x00000000 at 0xa0008364
[34165.398834] PUF Read:0x00000000 at 0xa0008368
[34165.398834] PUF Read:0x00000400 at 0xa000836c
[34165.398895] PUF Read:0x00000000 at 0xa0008370
[34165.398925] PUF Read:0x00000000 at 0xa0008374
[34165.398925] PUF Read:0x40000000 at 0xa0008378
[34165.398925] PUF Read:0x00000040 at 0xa000837c
[34165.398986] PUF Read:0x00000000 at 0xa0008380
[34165.398986] PUF Read:0x00000000 at 0xa0008384
[34165.399047] PUF Read:0x00000000 at 0xa0008388
[34165.399078] PUF Read:0x00000000 at 0xa000838c
[34165.399078] PUF Read:0x00000001 at 0xa0008390
[34165.399078] PUF Read:0x00000100 at 0xa0008394
[34165.399139] PUF Read:0x10000000 at 0xa0008398
[34165.399139] PUF Read:0x00000004 at 0xa000839c
[34165.399200] PUF Read:0x00000000 at 0xa00083a0
[34165.399230] PUF Read:0x00000000 at 0xa00083a4
[34165.399230] PUF Read:0x00000000 at 0xa00083a8
[34165.399230] PUF Read:0x00001000 at 0xa00083ac
[34165.399291] PUF Read:0x00000000 at 0xa00083b0
[34165.399291] PUF Read:0x00000000 at 0xa00083b4
[34165.399353] PUF Read:0x00000000 at 0xa00083b8
[34165.399383] PUF Read:0x00000000 at 0xa00083bc
[34165.399383] PUF Read:0x00000040 at 0xa00083c0
[34165.399383] PUF Read:0x04000000 at 0xa00083c4
[34165.399444] PUF Read:0x00000000 at 0xa00083c8
[34165.399444] PUF Read:0x00000000 at 0xa00083cc
[34165.399505] PUF Read:0x00000000 at 0xa00083d0
[34165.399536] PUF Read:0x00010000 at 0xa00083d4
[34165.399536] PUF Read:0x00000000 at 0xa00083d8
[34165.399536] PUF Read:0x00000000 at 0xa00083dc
[34165.399597] PUF Read:0x00140000 at 0xa00083e0
[34165.399597] PUF Read:0x10000000 at 0xa00083e4
[34165.399597] PUF Read:0x00000000 at 0xa00083e8
[34165.399688] PUF Read:0x00000000 at 0xa00083ec
[34165.399719] PUF Read:0x00000400 at 0xa00083f0
[34165.399719] PUF Read:0x04000000 at 0xa00083f4
[34165.399719] PUF Read:0x00000004 at 0xa00083f8
[34165.399780] PUF Read:0x00040000 at 0xa00083fc
[34165.399810] [i] Finished PUF read-out
[34165.399810] <6>[i] Finished PUF query for decaytime: 15360
[34165.399841] End measurement:8
[34165.399841] [i] Start measurement: 9
[34165.399841] [i] Start decaytime: 60
[34165.399871] EMIF 2 REG Write 0x80000000 at 0x4d000010
[34165.399871] EMIF 2 REG Read 0x80000000 at 0x4d000010
[34165.399902] EMIF 2 REG Write 0x80000000 at 0x4d000014
[34165.399902] EMIF 2 REG Read 0x00000000 at 0x4d000014
[34165.399902] EMIF 2 REG Write 0x08016893 at 0x4d0000cc
[34165.399932] EMIF 2 REG Read 0x08016893 at 0x4d0000cc
[34165.399932] Temp polling alert disabled
[34165.399932] Refresh Disabled at EMIF2
[34165.399963] [i] Initialiting PUF & hammer rows
[34165.399963] [i] Single-Sided Rowhammer (SSRH)
[34165.400878] [i] Finished initialiting PUF & hammer rows
[34165.406707] [i]	Timer elapsed since its reset 0 sec
[34165.406707] [i] Decay: 60 sec
[34165.406707] [i]	Relative Decay: 0 msec
