[56522.262359] [i] Total hammer attempts per row: 3728593
[56522.262390] EMIF 2 REG Write 0x00000618 at 0x4d000010
[56522.262390] EMIF 2 REG Read 0x00000618 at 0x4d000010
[56522.262420] EMIF 2 REG Write 0x00000618 at 0x4d000014
[56522.262420] EMIF 2 REG Read 0x00000618 at 0x4d000014
[56522.262451] EMIF 2 REG Write 0x58016893 at 0x4d0000cc
[56522.262451] EMIF 2 REG Read 0x58016893 at 0x4d0000cc
[56522.262481] Temp polling alert enabled
[56522.262481] Refresh enabled at EMIF2
[56522.262481] [i] Starting PUF read-out
[56522.262512] [i] Single-Sided Rowhammer (SSRH)
[56522.262512] PUF Read:0xaaaa2aaa at 0xa0008000
[56522.262512] PUF Read:0xaaaaaaaa at 0xa0008004
[56522.262573] PUF Read:0xaaaaaaaa at 0xa0008008
[56522.262603] PUF Read:0xa2aaaa2a at 0xa000800c
[56522.262603] PUF Read:0xaaaaaaaa at 0xa0008010
[56522.262603] PUF Read:0x8aaaabaa at 0xa0008014
[56522.262603] PUF Read:0xaaaa2aaa at 0xa0008018
[56522.262695] PUF Read:0xaaa2aaaa at 0xa000801c
[56522.262695] PUF Read:0xaaaaaaaa at 0xa0008020
[56522.262756] PUF Read:0xeaaaeaaa at 0xa0008024
[56522.262786] PUF Read:0xaaaaaaaa at 0xa0008028
[56522.262786] PUF Read:0xaaaaaaba at 0xa000802c
[56522.262847] PUF Read:0xaaaaaaa8 at 0xa0008030
[56522.262847] PUF Read:0xaeaaaaaa at 0xa0008034
[56522.262847] PUF Read:0xaaaaaaaa at 0xa0008038
[56522.262847] PUF Read:0xaaaaaaaa at 0xa000803c
[56522.262939] PUF Read:0xaaaaaaab at 0xa0008040
[56522.262939] PUF Read:0xaaaaeaaa at 0xa0008044
[56522.262939] PUF Read:0xaaaaaaaa at 0xa0008048
[56522.262939] PUF Read:0xaaaaaaa8 at 0xa000804c
[56522.262939] PUF Read:0xa2aaaaaa at 0xa0008050
[56522.262939] PUF Read:0xaaaaa8aa at 0xa0008054
[56522.263092] PUF Read:0xaaaaaa8a at 0xa0008058
[56522.263092] PUF Read:0xaaaaaaaa at 0xa000805c
[56522.263092] PUF Read:0xaaaaaaaa at 0xa0008060
[56522.263092] PUF Read:0xaaaa2aaa at 0xa0008064
[56522.263092] PUF Read:0xaaaaaaaa at 0xa0008068
[56522.263092] PUF Read:0xaaaaaaaa at 0xa000806c
[56522.263244] PUF Read:0xaaaaaaaa at 0xa0008070
[56522.263244] PUF Read:0xaaaaaaaa at 0xa0008074
[56522.263244] PUF Read:0xaaaaaaaa at 0xa0008078
[56522.263244] PUF Read:0xaaabaaaa at 0xa000807c
[56522.263336] PUF Read:0xaaabaaaa at 0xa0008080
[56522.263336] PUF Read:0xaaaaaaaa at 0xa0008084
[56522.263397] PUF Read:0xaaaaaaaa at 0xa0008088
[56522.263427] PUF Read:0xaaaaaaaa at 0xa000808c
[56522.263427] PUF Read:0xaaaa8aaa at 0xa0008090
[56522.263427] PUF Read:0xaaaaaaaa at 0xa0008094
[56522.263488] PUF Read:0x2aabaaab at 0xa0008098
[56522.263488] PUF Read:0xaaaaaaaa at 0xa000809c
[56522.263549] PUF Read:0x8aaaaa2a at 0xa00080a0
[56522.263580] PUF Read:0xaaabaaaa at 0xa00080a4
[56522.263580] PUF Read:0xaa8aaaab at 0xa00080a8
[56522.263580] PUF Read:0xaaaa8aea at 0xa00080ac
[56522.263641] PUF Read:0xaaaaaaaa at 0xa00080b0
[56522.263641] PUF Read:0x2a2aaaaa at 0xa00080b4
[56522.263702] PUF Read:0xaaaaeaaa at 0xa00080b8
[56522.263732] PUF Read:0x8aaaaaaa at 0xa00080bc
[56522.263732] PUF Read:0xaaaaaaaa at 0xa00080c0
[56522.263732] PUF Read:0xaaaaaaaa at 0xa00080c4
[56522.263793] PUF Read:0xaaa2aaaa at 0xa00080c8
[56522.263793] PUF Read:0xabaaaaaa at 0xa00080cc
[56522.263854] PUF Read:0xeaaeeaaa at 0xa00080d0
[56522.263885] PUF Read:0xaaaa2aa8 at 0xa00080d4
[56522.263885] PUF Read:0xaaaa3aaa at 0xa00080d8
[56522.263885] PUF Read:0xaaaaaaaa at 0xa00080dc
[56522.263946] PUF Read:0xabaaaaaa at 0xa00080e0
[56522.263946] PUF Read:0xaaaaaaaa at 0xa00080e4
[56522.264007] PUF Read:0xaaaaaaaa at 0xa00080e8
[56522.264038] PUF Read:0xaaaaaaab at 0xa00080ec
[56522.264038] PUF Read:0x8aaaaaaa at 0xa00080f0
[56522.264038] PUF Read:0xaaaaaaaa at 0xa00080f4
[56522.264099] PUF Read:0xaaaaabaa at 0xa00080f8
[56522.264099] PUF Read:0xaa8aaaaa at 0xa00080fc
[56522.264160] PUF Read:0xaaaaaaaa at 0xa0008100
[56522.264190] PUF Read:0xaaaaaaaa at 0xa0008104
[56522.264190] PUF Read:0xaaa2aaaa at 0xa0008108
[56522.264190] PUF Read:0xaaaaaaaa at 0xa000810c
[56522.264251] PUF Read:0xaaaaaaaa at 0xa0008110
[56522.264251] PUF Read:0xaaea2aaa at 0xa0008114
[56522.264312] PUF Read:0xaaaaaaaa at 0xa0008118
[56522.264343] PUF Read:0xaaaaaaaa at 0xa000811c
[56522.264343] PUF Read:0xaaaaaaaa at 0xa0008120
[56522.264343] PUF Read:0xaaaaaeaa at 0xa0008124
[56522.264404] PUF Read:0xaaaaaaea at 0xa0008128
[56522.264404] PUF Read:0xaaaaaaaa at 0xa000812c
[56522.264404] PUF Read:0xaaaaaaaa at 0xa0008130
[56522.264495] PUF Read:0xaaaaaa2a at 0xa0008134
[56522.264526] PUF Read:0xaa8baaaa at 0xa0008138
[56522.264526] PUF Read:0xaaaaaaaa at 0xa000813c
[56522.264526] PUF Read:0xaaaaaeaa at 0xa0008140
[56522.264587] PUF Read:0xaaaaaaaa at 0xa0008144
[56522.264587] PUF Read:0xaabaaeaa at 0xa0008148
[56522.264648] PUF Read:0xaaaaaaaa at 0xa000814c
[56522.264678] PUF Read:0xaaaaaaaa at 0xa0008150
[56522.264678] PUF Read:0xaaaaaaaa at 0xa0008154
[56522.264678] PUF Read:0xaaaaaaaa at 0xa0008158
[56522.264678] PUF Read:0xaaaaaaea at 0xa000815c
[56522.264678] PUF Read:0xaaaaaaaa at 0xa0008160
[56522.264678] PUF Read:0xaaaaaaaa at 0xa0008164
[56522.264831] PUF Read:0xaeaaaaaa at 0xa0008168
[56522.264862] PUF Read:0xaaeaaaaa at 0xa000816c
[56522.264862] PUF Read:0x2aaaaaaa at 0xa0008170
[56522.264862] PUF Read:0xaabaaaaa at 0xa0008174
[56522.264923] PUF Read:0xaaaaaaaa at 0xa0008178
[56522.264923] PUF Read:0xaaaaaaaa at 0xa000817c
[56522.264984] PUF Read:0xaaaa2a2a at 0xa0008180
[56522.265014] PUF Read:0xaaaaaaaa at 0xa0008184
[56522.265014] PUF Read:0xaa2aaaaa at 0xa0008188
[56522.265075] PUF Read:0xaaaaaaea at 0xa000818c
[56522.265075] PUF Read:0x2aaaaaaa at 0xa0008190
[56522.265075] PUF Read:0xeaaaaaaa at 0xa0008194
[56522.265075] PUF Read:0xaaaaaaaa at 0xa0008198
[56522.265167] PUF Read:0xaaaaaaaa at 0xa000819c
[56522.265167] PUF Read:0xaaaaaaaa at 0xa00081a0
[56522.265167] PUF Read:0xaaaaaaaa at 0xa00081a4
[56522.265167] PUF Read:0xaaa2aaaa at 0xa00081a8
[56522.265167] PUF Read:0xaaaaaaaa at 0xa00081ac
[56522.265167] PUF Read:0xaaebaaaa at 0xa00081b0
[56522.265319] PUF Read:0xaaaaaaaa at 0xa00081b4
[56522.265350] PUF Read:0xaaaaaaaa at 0xa00081b8
[56522.265350] PUF Read:0xa2aaaaaa at 0xa00081bc
[56522.265350] PUF Read:0xaaa8aaaa at 0xa00081c0
[56522.265411] PUF Read:0xaaaaaaae at 0xa00081c4
[56522.265411] PUF Read:0xaaaaaaaa at 0xa00081c8
[56522.265472] PUF Read:0xaa2baaaa at 0xa00081cc
[56522.265502] PUF Read:0xbaaaaaaa at 0xa00081d0
[56522.265502] PUF Read:0xaaaaaa2a at 0xa00081d4
[56522.265502] PUF Read:0xaaaaaaaa at 0xa00081d8
[56522.265502] PUF Read:0xaaaaaaaa at 0xa00081dc
[56522.265502] PUF Read:0xaaaaaaaa at 0xa00081e0
[56522.265502] PUF Read:0xaaaaaaea at 0xa00081e4
[56522.265655] PUF Read:0xaaaaaaaa at 0xa00081e8
[56522.265655] PUF Read:0xaa2aaaaa at 0xa00081ec
[56522.265655] PUF Read:0xaaaaaaab at 0xa00081f0
[56522.265655] PUF Read:0xaaaaaeaa at 0xa00081f4
[56522.265655] PUF Read:0xaaaaaaa2 at 0xa00081f8
[56522.265655] PUF Read:0xaaaaaaaa at 0xa00081fc
[56522.265808] PUF Read:0xaaaaaaaa at 0xa0008200
[56522.265808] PUF Read:0xaaaaaaaa at 0xa0008204
[56522.265808] PUF Read:0xaaaaaaba at 0xa0008208
[56522.265808] PUF Read:0xa8aaaaaa at 0xa000820c
[56522.265899] PUF Read:0xaaaaa2a8 at 0xa0008210
[56522.265899] PUF Read:0xaaaaaaaa at 0xa0008214
[56522.265960] PUF Read:0xaaaaaeaa at 0xa0008218
[56522.265991] PUF Read:0xaaaaaaaa at 0xa000821c
[56522.265991] PUF Read:0xaaaaaaaa at 0xa0008220
[56522.266052] PUF Read:0xaabaaaaa at 0xa0008224
[56522.266052] PUF Read:0xaaaaaaaa at 0xa0008228
[56522.266052] PUF Read:0xaaaaaaaa at 0xa000822c
[56522.266052] PUF Read:0xaaaaaeaa at 0xa0008230
[56522.266143] PUF Read:0x286aaaaa at 0xa0008234
[56522.266174] PUF Read:0xaaaaaaaa at 0xa0008238
[56522.266174] PUF Read:0xaaaaaaaa at 0xa000823c
[56522.266174] PUF Read:0xaaaaaaaa at 0xa0008240
[56522.266235] PUF Read:0xaaaaaaaa at 0xa0008244
[56522.266235] PUF Read:0xaaaaaaaa at 0xa0008248
[56522.266296] PUF Read:0xaaaaaaaa at 0xa000824c
[56522.266326] PUF Read:0xaaaaaaaa at 0xa0008250
[56522.266326] PUF Read:0xaabaaaaa at 0xa0008254
[56522.266326] PUF Read:0xaaaaaaaa at 0xa0008258
[56522.266387] PUF Read:0xaaaeaaaa at 0xa000825c
[56522.266387] PUF Read:0xaaaaaaaa at 0xa0008260
[56522.266448] PUF Read:0xaaaaaaaa at 0xa0008264
[56522.266479] PUF Read:0xaaaa8caa at 0xa0008268
[56522.266479] PUF Read:0xaaaaaaaa at 0xa000826c
[56522.266540] PUF Read:0xaaaaaaaa at 0xa0008270
[56522.266540] PUF Read:0xaaaaaaaa at 0xa0008274
[56522.266540] PUF Read:0xaaaaaaea at 0xa0008278
[56522.266540] PUF Read:0xaaaaaaaa at 0xa000827c
[56522.266632] PUF Read:0xeaaaaaaa at 0xa0008280
[56522.266632] PUF Read:0xa2aaaaaa at 0xa0008284
[56522.266632] PUF Read:0xaaeaaaaa at 0xa0008288
[56522.266632] PUF Read:0xaaaaaaaa at 0xa000828c
[56522.266632] PUF Read:0xaaaaaaa8 at 0xa0008290
[56522.266632] PUF Read:0xa8aaaaaa at 0xa0008294
[56522.266784] PUF Read:0xaaaaaaaa at 0xa0008298
[56522.266815] PUF Read:0xaaaaaaaa at 0xa000829c
[56522.266815] PUF Read:0xaaaaaaaa at 0xa00082a0
[56522.266815] PUF Read:0xaaaabaaa at 0xa00082a4
[56522.266876] PUF Read:0xaaaaaaaa at 0xa00082a8
[56522.266876] PUF Read:0xaaaaaaaa at 0xa00082ac
[56522.266937] PUF Read:0xaaaaaaaa at 0xa00082b0
[56522.266967] PUF Read:0xaaaaaaaa at 0xa00082b4
[56522.266967] PUF Read:0xaaaaaaea at 0xa00082b8
[56522.266967] PUF Read:0xaaaaaaaa at 0xa00082bc
[56522.267028] PUF Read:0xaaaaaaaa at 0xa00082c0
[56522.267028] PUF Read:0xaaaaaaaa at 0xa00082c4
[56522.267089] PUF Read:0xbaaaaaaa at 0xa00082c8
[56522.267120] PUF Read:0xaaaaaaaa at 0xa00082cc
[56522.267120] PUF Read:0xaabaaaaa at 0xa00082d0
[56522.267120] PUF Read:0xaaaaaaaa at 0xa00082d4
[56522.267120] PUF Read:0xaaaaaaaa at 0xa00082d8
[56522.267120] PUF Read:0xaaaaeaaa at 0xa00082dc
[56522.267120] PUF Read:0xaaaaaaaa at 0xa00082e0
[56522.267272] PUF Read:0xaaaaaeaa at 0xa00082e4
[56522.267272] PUF Read:0xaaaaabaa at 0xa00082e8
[56522.267272] PUF Read:0xaaaaaaab at 0xa00082ec
[56522.267272] PUF Read:0xaaaaaaaa at 0xa00082f0
[56522.267364] PUF Read:0xaaaaaaaa at 0xa00082f4
[56522.267364] PUF Read:0xaaaaaaaa at 0xa00082f8
[56522.267425] PUF Read:0xaaaaaaaa at 0xa00082fc
[56522.267456] PUF Read:0xaaaaaaaa at 0xa0008300
[56522.267456] PUF Read:0xaaaaaaaa at 0xa0008304
[56522.267456] PUF Read:0xaaaa8aaa at 0xa0008308
[56522.267456] PUF Read:0xaaaaaaaa at 0xa000830c
[56522.267547] PUF Read:0xaaaaaa8a at 0xa0008310
[56522.267547] PUF Read:0xaaaaaaaa at 0xa0008314
[56522.267608] PUF Read:0x2beaaaaa at 0xa0008318
[56522.267639] PUF Read:0xbaaaaaaa at 0xa000831c
[56522.267639] PUF Read:0xaaaa8aaa at 0xa0008320
[56522.267639] PUF Read:0xaaaaaaaa at 0xa0008324
[56522.267700] PUF Read:0xaaaaaaaa at 0xa0008328
[56522.267700] PUF Read:0xaa8aaaaa at 0xa000832c
[56522.267761] PUF Read:0xaaaaaaae at 0xa0008330
[56522.267791] PUF Read:0xaaaaaaaa at 0xa0008334
[56522.267791] PUF Read:0xaaaaaaaa at 0xa0008338
[56522.267852] PUF Read:0xaaaaaaaa at 0xa000833c
[56522.267852] PUF Read:0xbaaaaaaa at 0xa0008340
[56522.267852] PUF Read:0xaaaaaa2b at 0xa0008344
[56522.267852] PUF Read:0xaaaaaaaa at 0xa0008348
[56522.267944] PUF Read:0xaaaaabaa at 0xa000834c
[56522.267944] PUF Read:0xaaaa8a8a at 0xa0008350
[56522.267944] PUF Read:0x8aaaaaaa at 0xa0008354
[56522.267944] PUF Read:0xaaaaaaaa at 0xa0008358
[56522.267944] PUF Read:0xaaaaaaaa at 0xa000835c
[56522.267944] PUF Read:0xaaabaaaa at 0xa0008360
[56522.268096] PUF Read:0xaaaaaa2a at 0xa0008364
[56522.268096] PUF Read:0xaaaaaaaa at 0xa0008368
[56522.268096] PUF Read:0xaaaaaeaa at 0xa000836c
[56522.268096] PUF Read:0xaaaaaaaa at 0xa0008370
[56522.268188] PUF Read:0xaaaaaaaa at 0xa0008374
[56522.268188] PUF Read:0xeaaa8aaa at 0xa0008378
[56522.268249] PUF Read:0xaaaaaaaa at 0xa000837c
[56522.268280] PUF Read:0xaaaaaaaa at 0xa0008380
[56522.268280] PUF Read:0xaaaaaaaa at 0xa0008384
[56522.268280] PUF Read:0xaaaaaaaa at 0xa0008388
[56522.268341] PUF Read:0xaaaaaaaa at 0xa000838c
[56522.268341] PUF Read:0xaaaaaaab at 0xa0008390
[56522.268402] PUF Read:0xaaaaabaa at 0xa0008394
[56522.268432] PUF Read:0xaaaaaaaa at 0xa0008398
[56522.268432] PUF Read:0xaaa2aaaa at 0xa000839c
[56522.268493] PUF Read:0xaaaaaaaa at 0xa00083a0
[56522.268493] PUF Read:0xaaaaaaaa at 0xa00083a4
[56522.268493] PUF Read:0xaaaaaaaa at 0xa00083a8
[56522.268585] PUF Read:0xaaaabaaa at 0xa00083ac
[56522.268585] PUF Read:0xaaaaaaa2 at 0xa00083b0
[56522.268585] PUF Read:0xaaaaaaaa at 0xa00083b4
[56522.268676] PUF Read:0xaaaaaaaa at 0xa00083b8
[56522.268676] PUF Read:0xaaaaaaaa at 0xa00083bc
[56522.268676] PUF Read:0xaaaaaaaa at 0xa00083c0
[56522.268676] PUF Read:0xaeaaaaaa at 0xa00083c4
[56522.268768] PUF Read:0xaaaaaaaa at 0xa00083c8
[56522.268768] PUF Read:0xaaa2aaaa at 0xa00083cc
[56522.268829] PUF Read:0xaaaaaaaa at 0xa00083d0
[56522.268859] PUF Read:0xaaabaaaa at 0xa00083d4
[56522.268859] PUF Read:0xaaaaaaaa at 0xa00083d8
[56522.268859] PUF Read:0xaaaaaaaa at 0xa00083dc
[56522.268920] PUF Read:0xaabeaaa8 at 0xa00083e0
[56522.268920] PUF Read:0xba2aa8aa at 0xa00083e4
[56522.268981] PUF Read:0xaaaaaa2a at 0xa00083e8
[56522.269012] PUF Read:0xaaaaaaaa at 0xa00083ec
[56522.269012] PUF Read:0xaaa8aeaa at 0xa00083f0
[56522.269012] PUF Read:0xaaaaaaaa at 0xa00083f4
[56522.269012] PUF Read:0xaaaaaaae at 0xa00083f8
[56522.269104] PUF Read:0x8aaeaaaa at 0xa00083fc
[56522.269134] [i] Finished PUF read-out
[56522.269134] <6>[i] Finished PUF query for decaytime: 15360
[56522.269165] End measurement:12
[56522.269165] [i] Start measurement: 13
[56522.269165] [i] Start decaytime: 60
[56522.269195] EMIF 2 REG Write 0x80000000 at 0x4d000010
[56522.269195] EMIF 2 REG Read 0x80000000 at 0x4d000010
[56522.269226] EMIF 2 REG Write 0x80000000 at 0x4d000014
[56522.269226] EMIF 2 REG Read 0x00000000 at 0x4d000014
[56522.269256] EMIF 2 REG Write 0x08016893 at 0x4d0000cc
[56522.269256] EMIF 2 REG Read 0x08016893 at 0x4d0000cc
[56522.269256] Temp polling alert disabled
[56522.269256] Refresh Disabled at EMIF2
[56522.269287] [i] Initialiting PUF & hammer rows
[56522.269287] [i] Single-Sided Rowhammer (SSRH)
[56522.275909] [i] Finished initialiting PUF & hammer rows
[56522.276000] [i]	Timer elapsed since its reset 0 sec
[56522.276000] [i] Decay: 60 sec
[56522.276000] [i]	Relative Decay: 0 msec
