[45163.854064] [i] Total hammer attempts per row: 3728403
[45163.854064] EMIF 2 REG Write 0x00000618 at 0x4d000010
[45163.854095] EMIF 2 REG Read 0x00000618 at 0x4d000010
[45163.854095] EMIF 2 REG Write 0x00000618 at 0x4d000014
[45163.854125] EMIF 2 REG Read 0x00000618 at 0x4d000014
[45163.854125] EMIF 2 REG Write 0x58016893 at 0x4d0000cc
[45163.854156] EMIF 2 REG Read 0x58016893 at 0x4d0000cc
[45163.854156] Temp polling alert enabled
[45163.854156] Refresh enabled at EMIF2
[45163.854187] [i] Starting PUF read-out
[45163.854187] [i] Single-Sided Rowhammer (SSRH)
[45163.854187] PUF Read:0xaaaa2aaa at 0xa0008000
[45163.854217] PUF Read:0xaaaaaaaa at 0xa0008004
[45163.854248] PUF Read:0xaaaaaaaa at 0xa0008008
[45163.854248] PUF Read:0xa2aaaa2a at 0xa000800c
[45163.854248] PUF Read:0xaaaaaaaa at 0xa0008010
[45163.854339] PUF Read:0x8aaaabaa at 0xa0008014
[45163.854370] PUF Read:0xaaaa2aaa at 0xa0008018
[45163.854370] PUF Read:0xaaa0aaaa at 0xa000801c
[45163.854370] PUF Read:0xaaaaaaaa at 0xa0008020
[45163.854431] PUF Read:0xeaaaeaaa at 0xa0008024
[45163.854431] PUF Read:0xaaaaaaaa at 0xa0008028
[45163.854492] PUF Read:0xaaaaaaba at 0xa000802c
[45163.854522] PUF Read:0xaaaaaaa8 at 0xa0008030
[45163.854522] PUF Read:0xaaaaaaaa at 0xa0008034
[45163.854522] PUF Read:0xaaaaaaaa at 0xa0008038
[45163.854583] PUF Read:0xaaaaaaaa at 0xa000803c
[45163.854583] PUF Read:0xaaaaaaab at 0xa0008040
[45163.854644] PUF Read:0xaaaaeaaa at 0xa0008044
[45163.854675] PUF Read:0xaaaaaaaa at 0xa0008048
[45163.854675] PUF Read:0xaaaaaaa8 at 0xa000804c
[45163.854675] PUF Read:0xa2aaaaaa at 0xa0008050
[45163.854675] PUF Read:0xaaaaa8aa at 0xa0008054
[45163.854675] PUF Read:0xaaaaaa8a at 0xa0008058
[45163.854675] PUF Read:0xaaaaaaaa at 0xa000805c
[45163.854827] PUF Read:0xaaaaaaaa at 0xa0008060
[45163.854827] PUF Read:0xaaaa2aaa at 0xa0008064
[45163.854827] PUF Read:0xaaaaaaaa at 0xa0008068
[45163.854827] PUF Read:0xaaaaaaaa at 0xa000806c
[45163.854919] PUF Read:0xaaaaaaaa at 0xa0008070
[45163.854919] PUF Read:0xaaaaaaaa at 0xa0008074
[45163.854980] PUF Read:0xaaaaaaaa at 0xa0008078
[45163.855010] PUF Read:0xaaabaaaa at 0xa000807c
[45163.855010] PUF Read:0xaaabaaaa at 0xa0008080
[45163.855010] PUF Read:0xaaaaaaaa at 0xa0008084
[45163.855072] PUF Read:0xaaaaaaaa at 0xa0008088
[45163.855072] PUF Read:0xaaaaaaaa at 0xa000808c
[45163.855133] PUF Read:0xaaaa8aaa at 0xa0008090
[45163.855163] PUF Read:0xaaaaaaaa at 0xa0008094
[45163.855163] PUF Read:0x2aabaaab at 0xa0008098
[45163.855163] PUF Read:0xaaaaaaaa at 0xa000809c
[45163.855224] PUF Read:0x8aaaaa2a at 0xa00080a0
[45163.855224] PUF Read:0xaaabaaaa at 0xa00080a4
[45163.855285] PUF Read:0xaa8aaaab at 0xa00080a8
[45163.855316] PUF Read:0xaaaa8aea at 0xa00080ac
[45163.855316] PUF Read:0xaaaaaaaa at 0xa00080b0
[45163.855316] PUF Read:0x2a2aaaaa at 0xa00080b4
[45163.855377] PUF Read:0xaaaaeaaa at 0xa00080b8
[45163.855377] PUF Read:0x8aaaaaaa at 0xa00080bc
[45163.855438] PUF Read:0xaaaaaaaa at 0xa00080c0
[45163.855468] PUF Read:0xaaaaaaaa at 0xa00080c4
[45163.855468] PUF Read:0xaaa2aaaa at 0xa00080c8
[45163.855529] PUF Read:0xabaaaaaa at 0xa00080cc
[45163.855529] PUF Read:0xeaaeeaaa at 0xa00080d0
[45163.855529] PUF Read:0xaaaa2aa8 at 0xa00080d4
[45163.855590] PUF Read:0xaaaa3aaa at 0xa00080d8
[45163.855621] PUF Read:0xaaaaaaaa at 0xa00080dc
[45163.855621] PUF Read:0xabaaaaaa at 0xa00080e0
[45163.855621] PUF Read:0xaaaaaaaa at 0xa00080e4
[45163.855682] PUF Read:0xaaaaaaaa at 0xa00080e8
[45163.855712] PUF Read:0xaaaaaaab at 0xa00080ec
[45163.855712] PUF Read:0x8aaaaaaa at 0xa00080f0
[45163.855712] PUF Read:0xaaaaaaaa at 0xa00080f4
[45163.855804] PUF Read:0xaaaaabaa at 0xa00080f8
[45163.855804] PUF Read:0xaa8aaaaa at 0xa00080fc
[45163.855804] PUF Read:0xaaaaaaaa at 0xa0008100
[45163.855804] PUF Read:0xaaaaaaaa at 0xa0008104
[45163.855895] PUF Read:0xaaa2aaaa at 0xa0008108
[45163.855895] PUF Read:0xaaaaaaaa at 0xa000810c
[45163.855957] PUF Read:0xaaaaaaaa at 0xa0008110
[45163.855987] PUF Read:0xa8ea2aaa at 0xa0008114
[45163.855987] PUF Read:0xaaaaaaaa at 0xa0008118
[45163.855987] PUF Read:0xa8aaaaaa at 0xa000811c
[45163.856048] PUF Read:0xaaaaaaaa at 0xa0008120
[45163.856048] PUF Read:0xaaaaaeaa at 0xa0008124
[45163.856109] PUF Read:0xaaaaaaaa at 0xa0008128
[45163.856140] PUF Read:0xaaaaaaaa at 0xa000812c
[45163.856140] PUF Read:0xaaaaaaaa at 0xa0008130
[45163.856201] PUF Read:0xaaaaaa2a at 0xa0008134
[45163.856201] PUF Read:0xaa8baaaa at 0xa0008138
[45163.856201] PUF Read:0xaaaaaaaa at 0xa000813c
[45163.856262] PUF Read:0xaaaaaeaa at 0xa0008140
[45163.856292] PUF Read:0xaaaaaaaa at 0xa0008144
[45163.856292] PUF Read:0xaabaaeaa at 0xa0008148
[45163.856292] PUF Read:0xaaaaaaaa at 0xa000814c
[45163.856292] PUF Read:0xaaaaaaaa at 0xa0008150
[45163.856292] PUF Read:0xaaaaaaaa at 0xa0008154
[45163.856292] PUF Read:0xaaaaaaaa at 0xa0008158
[45163.856445] PUF Read:0xaaaaaaea at 0xa000815c
[45163.856445] PUF Read:0xaaaaaaaa at 0xa0008160
[45163.856445] PUF Read:0xaaaaaaaa at 0xa0008164
[45163.856445] PUF Read:0xaeaaaaaa at 0xa0008168
[45163.856536] PUF Read:0xaaeaaaaa at 0xa000816c
[45163.856536] PUF Read:0x2aaaaaaa at 0xa0008170
[45163.856597] PUF Read:0xaabaaaaa at 0xa0008174
[45163.856628] PUF Read:0xaaaaaaaa at 0xa0008178
[45163.856628] PUF Read:0xaaaaaaaa at 0xa000817c
[45163.856628] PUF Read:0xaaaa2a2a at 0xa0008180
[45163.856689] PUF Read:0xaaaaaaaa at 0xa0008184
[45163.856689] PUF Read:0xaa2aaaaa at 0xa0008188
[45163.856750] PUF Read:0xaaaaaaea at 0xa000818c
[45163.856781] PUF Read:0x2aaaaaaa at 0xa0008190
[45163.856781] PUF Read:0xeaaaaaaa at 0xa0008194
[45163.856781] PUF Read:0xaaaaaaaa at 0xa0008198
[45163.856842] PUF Read:0xaaaaaaaa at 0xa000819c
[45163.856842] PUF Read:0xaaaaaaaa at 0xa00081a0
[45163.856903] PUF Read:0xaaaaaaaa at 0xa00081a4
[45163.856933] PUF Read:0xaaa2aaaa at 0xa00081a8
[45163.856933] PUF Read:0xaaaaaaaa at 0xa00081ac
[45163.856933] PUF Read:0xaaebaaaa at 0xa00081b0
[45163.856994] PUF Read:0xaaaaaaaa at 0xa00081b4
[45163.856994] PUF Read:0xaaaaaaaa at 0xa00081b8
[45163.857055] PUF Read:0xa2baaaaa at 0xa00081bc
[45163.857086] PUF Read:0xaaa88aaa at 0xa00081c0
[45163.857086] PUF Read:0xaaaaaaae at 0xa00081c4
[45163.857086] PUF Read:0xaaaaaaaa at 0xa00081c8
[45163.857147] PUF Read:0xaa2baaaa at 0xa00081cc
[45163.857147] PUF Read:0xbaaaaaaa at 0xa00081d0
[45163.857208] PUF Read:0xaaaaaa2a at 0xa00081d4
[45163.857238] PUF Read:0xaaaaaaaa at 0xa00081d8
[45163.857269] PUF Read:0xaaaaaaaa at 0xa00081dc
[45163.857269] PUF Read:0xaaaaaaaa at 0xa00081e0
[45163.857269] PUF Read:0xaaaaaaea at 0xa00081e4
[45163.857330] PUF Read:0xaaaaaaaa at 0xa00081e8
[45163.857330] PUF Read:0xaa2aaaaa at 0xa00081ec
[45163.857391] PUF Read:0xaa8aaaab at 0xa00081f0
[45163.857421] PUF Read:0xaaaaaeaa at 0xa00081f4
[45163.857421] PUF Read:0xaaaaaaa2 at 0xa00081f8
[45163.857421] PUF Read:0xaaaaaaaa at 0xa00081fc
[45163.857421] PUF Read:0x8aaaaaaa at 0xa0008200
[45163.857421] PUF Read:0xaaaaaaaa at 0xa0008204
[45163.857421] PUF Read:0xaaaaaaba at 0xa0008208
[45163.857574] PUF Read:0xa8aaaaaa at 0xa000820c
[45163.857574] PUF Read:0xaaaaa2a8 at 0xa0008210
[45163.857574] PUF Read:0xaaaaaaaa at 0xa0008214
[45163.857574] PUF Read:0xaaaaaeaa at 0xa0008218
[45163.857666] PUF Read:0xaaaaaaaa at 0xa000821c
[45163.857666] PUF Read:0xaaaaaaaa at 0xa0008220
[45163.857727] PUF Read:0xaabaaaaa at 0xa0008224
[45163.857757] PUF Read:0xaaaaaaaa at 0xa0008228
[45163.857757] PUF Read:0xaaaaaaaa at 0xa000822c
[45163.857757] PUF Read:0xaaaaaeaa at 0xa0008230
[45163.857818] PUF Read:0x286aaaaa at 0xa0008234
[45163.857818] PUF Read:0xaaaaaaaa at 0xa0008238
[45163.857879] PUF Read:0xaaaaaaaa at 0xa000823c
[45163.857910] PUF Read:0xaaaaaaaa at 0xa0008240
[45163.857910] PUF Read:0xaaaaaaaa at 0xa0008244
[45163.857910] PUF Read:0xaaaaaaaa at 0xa0008248
[45163.857971] PUF Read:0xaaaaaaaa at 0xa000824c
[45163.857971] PUF Read:0xaaaaaaaa at 0xa0008250
[45163.858032] PUF Read:0xaabaaaaa at 0xa0008254
[45163.858062] PUF Read:0xaaaaaaaa at 0xa0008258
[45163.858062] PUF Read:0xaaaeaaaa at 0xa000825c
[45163.858062] PUF Read:0xaaaaaaaa at 0xa0008260
[45163.858062] PUF Read:0xaaaaaaaa at 0xa0008264
[45163.858062] PUF Read:0xaaaa8caa at 0xa0008268
[45163.858062] PUF Read:0xeaaaaaaa at 0xa000826c
[45163.858215] PUF Read:0xaaaaaaaa at 0xa0008270
[45163.858215] PUF Read:0xaaaaaaaa at 0xa0008274
[45163.858215] PUF Read:0xaaaaaaea at 0xa0008278
[45163.858215] PUF Read:0xaaaaaaaa at 0xa000827c
[45163.858215] PUF Read:0xeaaaaaaa at 0xa0008280
[45163.858215] PUF Read:0xa2aaaaaa at 0xa0008284
[45163.858367] PUF Read:0xaaeaaaaa at 0xa0008288
[45163.858398] PUF Read:0xaaaaaaaa at 0xa000828c
[45163.858398] PUF Read:0xaaaaaaa8 at 0xa0008290
[45163.858398] PUF Read:0xa8aaaaaa at 0xa0008294
[45163.858459] PUF Read:0xaaaaaaaa at 0xa0008298
[45163.858459] PUF Read:0xaaaaaaaa at 0xa000829c
[45163.858520] PUF Read:0xaaaaaaaa at 0xa00082a0
[45163.858551] PUF Read:0xaaaabaaa at 0xa00082a4
[45163.858551] PUF Read:0xaaaaaaaa at 0xa00082a8
[45163.858551] PUF Read:0xaaaaaaaa at 0xa00082ac
[45163.858612] PUF Read:0xaaaaaaaa at 0xa00082b0
[45163.858612] PUF Read:0xaaaaaaaa at 0xa00082b4
[45163.858673] PUF Read:0xaaa8aaea at 0xa00082b8
[45163.858703] PUF Read:0xaaaaaaaa at 0xa00082bc
[45163.858703] PUF Read:0xaaaaaaaa at 0xa00082c0
[45163.858764] PUF Read:0xaaaaaaaa at 0xa00082c4
[45163.858764] PUF Read:0xbaaaaaaa at 0xa00082c8
[45163.858795] PUF Read:0xaaaaaaaa at 0xa00082cc
[45163.858795] PUF Read:0xaabaaaaa at 0xa00082d0
[45163.858856] PUF Read:0xaaaaaaaa at 0xa00082d4
[45163.858886] PUF Read:0xaaaaaaaa at 0xa00082d8
[45163.858886] PUF Read:0xaaaaeaaa at 0xa00082dc
[45163.858947] PUF Read:0xaaaaaaaa at 0xa00082e0
[45163.858947] PUF Read:0xaaaaaeaa at 0xa00082e4
[45163.858947] PUF Read:0xaaaaaaaa at 0xa00082e8
[45163.859008] PUF Read:0xaaaaaaab at 0xa00082ec
[45163.859039] PUF Read:0xaaaaaaaa at 0xa00082f0
[45163.859039] PUF Read:0xaaa8aaaa at 0xa00082f4
[45163.859039] PUF Read:0xaaaaaaaa at 0xa00082f8
[45163.859039] PUF Read:0xaaaaaaaa at 0xa00082fc
[45163.859039] PUF Read:0xaaaaaaaa at 0xa0008300
[45163.859039] PUF Read:0xaaaaaaaa at 0xa0008304
[45163.859191] PUF Read:0xaaaa8aaa at 0xa0008308
[45163.859191] PUF Read:0xaaaaaaaa at 0xa000830c
[45163.859191] PUF Read:0xaaaaaa8a at 0xa0008310
[45163.859191] PUF Read:0xaaaaaaaa at 0xa0008314
[45163.859283] PUF Read:0x2baaaaaa at 0xa0008318
[45163.859283] PUF Read:0xbaaaaaaa at 0xa000831c
[45163.859344] PUF Read:0xaaaa8aaa at 0xa0008320
[45163.859375] PUF Read:0xaaaaaaaa at 0xa0008324
[45163.859375] PUF Read:0xaaaaaaaa at 0xa0008328
[45163.859375] PUF Read:0xaa8baaa8 at 0xa000832c
[45163.859436] PUF Read:0xaaaaaaae at 0xa0008330
[45163.859436] PUF Read:0xaaaaaaaa at 0xa0008334
[45163.859497] PUF Read:0xaaaabaaa at 0xa0008338
[45163.859527] PUF Read:0xaaaaaaaa at 0xa000833c
[45163.859527] PUF Read:0xbaaaaaaa at 0xa0008340
[45163.859527] PUF Read:0xaaaaaa2b at 0xa0008344
[45163.859588] PUF Read:0xaaaaaaaa at 0xa0008348
[45163.859588] PUF Read:0xaaaaabaa at 0xa000834c
[45163.859649] PUF Read:0xaaaa8a8a at 0xa0008350
[45163.859680] PUF Read:0x8aaaaaaa at 0xa0008354
[45163.859680] PUF Read:0xaaaaaaaa at 0xa0008358
[45163.859680] PUF Read:0xaaaaaaaa at 0xa000835c
[45163.859741] PUF Read:0xaaabaaaa at 0xa0008360
[45163.859741] PUF Read:0xaaaaaa2a at 0xa0008364
[45163.859802] PUF Read:0xaaaaaaaa at 0xa0008368
[45163.859832] PUF Read:0xaaaaaeaa at 0xa000836c
[45163.859832] PUF Read:0xaaaaaaaa at 0xa0008370
[45163.859832] PUF Read:0xaaaaaaaa at 0xa0008374
[45163.859893] PUF Read:0xaaaa8aaa at 0xa0008378
[45163.859893] PUF Read:0xaaaaaaaa at 0xa000837c
[45163.859954] PUF Read:0xaaaaaaaa at 0xa0008380
[45163.859985] PUF Read:0xaaaaaaaa at 0xa0008384
[45163.859985] PUF Read:0xaaaaaaaa at 0xa0008388
[45163.859985] PUF Read:0xaaaaaaaa at 0xa000838c
[45163.859985] PUF Read:0xaaaaaaab at 0xa0008390
[45163.859985] PUF Read:0xaaaaabaa at 0xa0008394
[45163.859985] PUF Read:0xaaaaaaaa at 0xa0008398
[45163.860137] PUF Read:0xaaa2aaaa at 0xa000839c
[45163.860168] PUF Read:0xaaaaaaaa at 0xa00083a0
[45163.860168] PUF Read:0xaaaaaaaa at 0xa00083a4
[45163.860168] PUF Read:0xaaaaaaaa at 0xa00083a8
[45163.860229] PUF Read:0xaaaabaaa at 0xa00083ac
[45163.860229] PUF Read:0xaaaaaaa2 at 0xa00083b0
[45163.860290] PUF Read:0xaaaaaaaa at 0xa00083b4
[45163.860321] PUF Read:0xaaaaaaaa at 0xa00083b8
[45163.860351] PUF Read:0xaaaaaaaa at 0xa00083bc
[45163.860351] PUF Read:0xaaaaaaaa at 0xa00083c0
[45163.860351] PUF Read:0xaeaaaaaa at 0xa00083c4
[45163.860412] PUF Read:0xaaaaaaaa at 0xa00083c8
[45163.860412] PUF Read:0xaaa2aaaa at 0xa00083cc
[45163.860473] PUF Read:0xaaaaaaaa at 0xa00083d0
[45163.860504] PUF Read:0xaaabaaaa at 0xa00083d4
[45163.860504] PUF Read:0xaa2aaaaa at 0xa00083d8
[45163.860504] PUF Read:0xaaaaa2aa at 0xa00083dc
[45163.860565] PUF Read:0xaabeaaaa at 0xa00083e0
[45163.860565] PUF Read:0xb22aa8aa at 0xa00083e4
[45163.860626] PUF Read:0xaaaaaa2a at 0xa00083e8
[45163.860656] PUF Read:0xaaaaaa2a at 0xa00083ec
[45163.860656] PUF Read:0xaaa8aeaa at 0xa00083f0
[45163.860656] PUF Read:0xaeaaaaaa at 0xa00083f4
[45163.860656] PUF Read:0xaaaaaaae at 0xa00083f8
[45163.860656] PUF Read:0x8aaeaaaa at 0xa00083fc
[45163.860778] [i] Finished PUF read-out
[45163.860778] <6>[i] Finished PUF query for decaytime: 15360
[45163.860809] End measurement:9
[45163.860809] [i] Start measurement: 10
[45163.860809] [i] Start decaytime: 60
[45163.860839] EMIF 2 REG Write 0x80000000 at 0x4d000010
[45163.860839] EMIF 2 REG Read 0x80000000 at 0x4d000010
[45163.860870] EMIF 2 REG Write 0x80000000 at 0x4d000014
[45163.860870] EMIF 2 REG Read 0x00000000 at 0x4d000014
[45163.860870] EMIF 2 REG Write 0x08016893 at 0x4d0000cc
[45163.860900] EMIF 2 REG Read 0x08016893 at 0x4d0000cc
[45163.860900] Temp polling alert disabled
[45163.860900] Refresh Disabled at EMIF2
[45163.860931] [i] Initialiting PUF & hammer rows
[45163.860931] [i] Single-Sided Rowhammer (SSRH)
[45163.867675] [i] Finished initialiting PUF & hammer rows
[45163.867675] [i]	Timer elapsed since its reset 0 sec
[45163.867706] [i] Decay: 60 sec
[45163.867706] [i]	Relative Decay: 0 msec
