[13428.363098] [i] Total hammer attempts per row: 3726978
[13428.363128] EMIF 2 REG Write 0x00000618 at 0x4d000010
[13428.363128] EMIF 2 REG Read 0x00000618 at 0x4d000010
[13428.363159] EMIF 2 REG Write 0x00000618 at 0x4d000014
[13428.363159] EMIF 2 REG Read 0x00000618 at 0x4d000014
[13428.363189] EMIF 2 REG Write 0x58016893 at 0x4d0000cc
[13428.363189] EMIF 2 REG Read 0x58016893 at 0x4d0000cc
[13428.363189] Temp polling alert enabled
[13428.363220] Refresh enabled at EMIF2
[13428.363220] [i] Starting PUF read-out
[13428.363220] [i] Single-Sided Rowhammer (SSRH)
[13428.363250] PUF Read:0x00000010 at 0xa0008000
[13428.363281] PUF Read:0x00000400 at 0xa0008004
[13428.363311] PUF Read:0x00000000 at 0xa0008008
[13428.363311] PUF Read:0x00000000 at 0xa000800c
[13428.363311] PUF Read:0x00000000 at 0xa0008010
[13428.363311] PUF Read:0x00000100 at 0xa0008014
[13428.363311] PUF Read:0x00000000 at 0xa0008018
[13428.363311] PUF Read:0x10400100 at 0xa000801c
[13428.363464] PUF Read:0x40000000 at 0xa0008020
[13428.363494] PUF Read:0x40004000 at 0xa0008024
[13428.363494] PUF Read:0x00004000 at 0xa0008028
[13428.363555] PUF Read:0x00000010 at 0xa000802c
[13428.363555] PUF Read:0x40000000 at 0xa0008030
[13428.363555] PUF Read:0x04000000 at 0xa0008034
[13428.363555] PUF Read:0x00004000 at 0xa0008038
[13428.363647] PUF Read:0x00000000 at 0xa000803c
[13428.363677] PUF Read:0x00000001 at 0xa0008040
[13428.363677] PUF Read:0x00004000 at 0xa0008044
[13428.363677] PUF Read:0x40000000 at 0xa0008048
[13428.363739] PUF Read:0x00000001 at 0xa000804c
[13428.363739] PUF Read:0x00000000 at 0xa0008050
[13428.363800] PUF Read:0x00000000 at 0xa0008054
[13428.363830] PUF Read:0x00000000 at 0xa0008058
[13428.363830] PUF Read:0x00000000 at 0xa000805c
[13428.363830] PUF Read:0x00000000 at 0xa0008060
[13428.363891] PUF Read:0x00100000 at 0xa0008064
[13428.363891] PUF Read:0x00000000 at 0xa0008068
[13428.363952] PUF Read:0x00000000 at 0xa000806c
[13428.363983] PUF Read:0x00000010 at 0xa0008070
[13428.363983] PUF Read:0x00000000 at 0xa0008074
[13428.363983] PUF Read:0x00000000 at 0xa0008078
[13428.363983] PUF Read:0x00010000 at 0xa000807c
[13428.363983] PUF Read:0x00010001 at 0xa0008080
[13428.363983] PUF Read:0x00010000 at 0xa0008084
[13428.364135] PUF Read:0x00000000 at 0xa0008088
[13428.364135] PUF Read:0x00000000 at 0xa000808c
[13428.364135] PUF Read:0x00000000 at 0xa0008090
[13428.364135] PUF Read:0x10000000 at 0xa0008094
[13428.364135] PUF Read:0x00410001 at 0xa0008098
[13428.364135] PUF Read:0x00000000 at 0xa000809c
[13428.364288] PUF Read:0x00000000 at 0xa00080a0
[13428.364318] PUF Read:0x00010000 at 0xa00080a4
[13428.364318] PUF Read:0x00010001 at 0xa00080a8
[13428.364318] PUF Read:0x00000041 at 0xa00080ac
[13428.364379] PUF Read:0x00000000 at 0xa00080b0
[13428.364379] PUF Read:0x00000000 at 0xa00080b4
[13428.364440] PUF Read:0x00004000 at 0xa00080b8
[13428.364440] PUF Read:0x00000000 at 0xa00080bc
[13428.364440] PUF Read:0x00000400 at 0xa00080c0
[13428.364440] PUF Read:0x00000000 at 0xa00080c4
[13428.364532] PUF Read:0x10100000 at 0xa00080c8
[13428.364532] PUF Read:0x01000000 at 0xa00080cc
[13428.364593] PUF Read:0x40045000 at 0xa00080d0
[13428.364624] PUF Read:0x00000000 at 0xa00080d4
[13428.364624] PUF Read:0x00001000 at 0xa00080d8
[13428.364624] PUF Read:0x00000000 at 0xa00080dc
[13428.364685] PUF Read:0x01000000 at 0xa00080e0
[13428.364685] PUF Read:0x00000000 at 0xa00080e4
[13428.364746] PUF Read:0x00000000 at 0xa00080e8
[13428.364776] PUF Read:0x00000001 at 0xa00080ec
[13428.364776] PUF Read:0x00000000 at 0xa00080f0
[13428.364776] PUF Read:0x00000000 at 0xa00080f4
[13428.364837] PUF Read:0x00000100 at 0xa00080f8
[13428.364837] PUF Read:0x00000000 at 0xa00080fc
[13428.364898] PUF Read:0x00000000 at 0xa0008100
[13428.364929] PUF Read:0x00000000 at 0xa0008104
[13428.364929] PUF Read:0x00000000 at 0xa0008108
[13428.364929] PUF Read:0x00000100 at 0xa000810c
[13428.364990] PUF Read:0x00000000 at 0xa0008110
[13428.364990] PUF Read:0x00400000 at 0xa0008114
[13428.365051] PUF Read:0x00000000 at 0xa0008118
[13428.365081] PUF Read:0x00000000 at 0xa000811c
[13428.365081] PUF Read:0x01000000 at 0xa0008120
[13428.365081] PUF Read:0x00000400 at 0xa0008124
[13428.365142] PUF Read:0x00000040 at 0xa0008128
[13428.365142] PUF Read:0x00000000 at 0xa000812c
[13428.365203] PUF Read:0x00000000 at 0xa0008130
[13428.365234] PUF Read:0x00000000 at 0xa0008134
[13428.365234] PUF Read:0x00110000 at 0xa0008138
[13428.365234] PUF Read:0x00000000 at 0xa000813c
[13428.365234] PUF Read:0x40000400 at 0xa0008140
[13428.365234] PUF Read:0x00010040 at 0xa0008144
[13428.365234] PUF Read:0x00100400 at 0xa0008148
[13428.365386] PUF Read:0x00000000 at 0xa000814c
[13428.365386] PUF Read:0x00000000 at 0xa0008150
[13428.365386] PUF Read:0x00000000 at 0xa0008154
[13428.365386] PUF Read:0x00000000 at 0xa0008158
[13428.365478] PUF Read:0x01100040 at 0xa000815c
[13428.365478] PUF Read:0x00001000 at 0xa0008160
[13428.365539] PUF Read:0x10000000 at 0xa0008164
[13428.365570] PUF Read:0x04000000 at 0xa0008168
[13428.365570] PUF Read:0x00400000 at 0xa000816c
[13428.365570] PUF Read:0x00000000 at 0xa0008170
[13428.365631] PUF Read:0x00100000 at 0xa0008174
[13428.365631] PUF Read:0x00000000 at 0xa0008178
[13428.365692] PUF Read:0x00004000 at 0xa000817c
[13428.365722] PUF Read:0x00000000 at 0xa0008180
[13428.365722] PUF Read:0x00000000 at 0xa0008184
[13428.365722] PUF Read:0x00040000 at 0xa0008188
[13428.365783] PUF Read:0x00000440 at 0xa000818c
[13428.365783] PUF Read:0x00000000 at 0xa0008190
[13428.365844] PUF Read:0x50000000 at 0xa0008194
[13428.365875] PUF Read:0x00000104 at 0xa0008198
[13428.365875] PUF Read:0x00000000 at 0xa000819c
[13428.365875] PUF Read:0x00000000 at 0xa00081a0
[13428.365936] PUF Read:0x00000000 at 0xa00081a4
[13428.365936] PUF Read:0x00000000 at 0xa00081a8
[13428.365997] PUF Read:0x00000040 at 0xa00081ac
[13428.366027] PUF Read:0x00410000 at 0xa00081b0
[13428.366027] PUF Read:0x00000000 at 0xa00081b4
[13428.366027] PUF Read:0x00000000 at 0xa00081b8
[13428.366088] PUF Read:0x00100000 at 0xa00081bc
[13428.366088] PUF Read:0x00000000 at 0xa00081c0
[13428.366088] PUF Read:0x00000004 at 0xa00081c4
[13428.366180] PUF Read:0x00000000 at 0xa00081c8
[13428.366180] PUF Read:0x00010000 at 0xa00081cc
[13428.366180] PUF Read:0x10000000 at 0xa00081d0
[13428.366180] PUF Read:0x00000000 at 0xa00081d4
[13428.366180] PUF Read:0x10000000 at 0xa00081d8
[13428.366180] PUF Read:0x00004000 at 0xa00081dc
[13428.366333] PUF Read:0x00000000 at 0xa00081e0
[13428.366363] PUF Read:0x00000040 at 0xa00081e4
[13428.366363] PUF Read:0x00000000 at 0xa00081e8
[13428.366363] PUF Read:0x00010010 at 0xa00081ec
[13428.366424] PUF Read:0x00000001 at 0xa00081f0
[13428.366424] PUF Read:0x00010400 at 0xa00081f4
[13428.366485] PUF Read:0x10000000 at 0xa00081f8
[13428.366516] PUF Read:0x00400040 at 0xa00081fc
[13428.366516] PUF Read:0x00000000 at 0xa0008200
[13428.366516] PUF Read:0x00000000 at 0xa0008204
[13428.366577] PUF Read:0x00000010 at 0xa0008208
[13428.366577] PUF Read:0x00001000 at 0xa000820c
[13428.366638] PUF Read:0x00400000 at 0xa0008210
[13428.366668] PUF Read:0x00000000 at 0xa0008214
[13428.366668] PUF Read:0x00000400 at 0xa0008218
[13428.366668] PUF Read:0x00000000 at 0xa000821c
[13428.366729] PUF Read:0x00000000 at 0xa0008220
[13428.366729] PUF Read:0x00100000 at 0xa0008224
[13428.366790] PUF Read:0x00000000 at 0xa0008228
[13428.366821] PUF Read:0x00000000 at 0xa000822c
[13428.366821] PUF Read:0x00000500 at 0xa0008230
[13428.366882] PUF Read:0x00400000 at 0xa0008234
[13428.366882] PUF Read:0x00000000 at 0xa0008238
[13428.366882] PUF Read:0x00000500 at 0xa000823c
[13428.366943] PUF Read:0x00000004 at 0xa0008240
[13428.366973] PUF Read:0x00000000 at 0xa0008244
[13428.366973] PUF Read:0x00040000 at 0xa0008248
[13428.367034] PUF Read:0x00000000 at 0xa000824c
[13428.367034] PUF Read:0x04000000 at 0xa0008250
[13428.367034] PUF Read:0x00100000 at 0xa0008254
[13428.367095] PUF Read:0x00000000 at 0xa0008258
[13428.367126] PUF Read:0x04040000 at 0xa000825c
[13428.367126] PUF Read:0x00000000 at 0xa0008260
[13428.367187] PUF Read:0x00001010 at 0xa0008264
[13428.367187] PUF Read:0x00000400 at 0xa0008268
[13428.367187] PUF Read:0x40001000 at 0xa000826c
[13428.367187] PUF Read:0x00001000 at 0xa0008270
[13428.367279] PUF Read:0x00000000 at 0xa0008274
[13428.367279] PUF Read:0x00000040 at 0xa0008278
[13428.367279] PUF Read:0x00100000 at 0xa000827c
[13428.367279] PUF Read:0x40000000 at 0xa0008280
[13428.367279] PUF Read:0x00000000 at 0xa0008284
[13428.367401] PUF Read:0x00400000 at 0xa0008288
[13428.367431] PUF Read:0x00000000 at 0xa000828c
[13428.367431] PUF Read:0x00000000 at 0xa0008290
[13428.367492] PUF Read:0x00000000 at 0xa0008294
[13428.367492] PUF Read:0x00000000 at 0xa0008298
[13428.367492] PUF Read:0x00000000 at 0xa000829c
[13428.367553] PUF Read:0x00000400 at 0xa00082a0
[13428.367584] PUF Read:0x00001000 at 0xa00082a4
[13428.367584] PUF Read:0x00000000 at 0xa00082a8
[13428.367584] PUF Read:0x00000000 at 0xa00082ac
[13428.367584] PUF Read:0x00000000 at 0xa00082b0
[13428.367584] PUF Read:0x00000000 at 0xa00082b4
[13428.367584] PUF Read:0x00000040 at 0xa00082b8
[13428.367736] PUF Read:0x00000000 at 0xa00082bc
[13428.367767] PUF Read:0x10000000 at 0xa00082c0
[13428.367767] PUF Read:0x00000000 at 0xa00082c4
[13428.367767] PUF Read:0x10000000 at 0xa00082c8
[13428.367828] PUF Read:0x00000000 at 0xa00082cc
[13428.367828] PUF Read:0x00100000 at 0xa00082d0
[13428.367889] PUF Read:0x00000000 at 0xa00082d4
[13428.367919] PUF Read:0x40000000 at 0xa00082d8
[13428.367919] PUF Read:0x00004000 at 0xa00082dc
[13428.367919] PUF Read:0x00000000 at 0xa00082e0
[13428.367980] PUF Read:0x00000400 at 0xa00082e4
[13428.367980] PUF Read:0x00000100 at 0xa00082e8
[13428.368041] PUF Read:0x00000001 at 0xa00082ec
[13428.368072] PUF Read:0x00000001 at 0xa00082f0
[13428.368072] PUF Read:0x00000000 at 0xa00082f4
[13428.368072] PUF Read:0x00100000 at 0xa00082f8
[13428.368133] PUF Read:0x00000000 at 0xa00082fc
[13428.368133] PUF Read:0x00000100 at 0xa0008300
[13428.368194] PUF Read:0x00000000 at 0xa0008304
[13428.368225] PUF Read:0x00000000 at 0xa0008308
[13428.368225] PUF Read:0x00000000 at 0xa000830c
[13428.368225] PUF Read:0x00000000 at 0xa0008310
[13428.368286] PUF Read:0x00000010 at 0xa0008314
[13428.368286] PUF Read:0x01500000 at 0xa0008318
[13428.368347] PUF Read:0x10000000 at 0xa000831c
[13428.368377] PUF Read:0x00000000 at 0xa0008320
[13428.368377] PUF Read:0x00000100 at 0xa0008324
[13428.368377] PUF Read:0x00000000 at 0xa0008328
[13428.368438] PUF Read:0x00010000 at 0xa000832c
[13428.368438] PUF Read:0x00000004 at 0xa0008330
[13428.368499] PUF Read:0x00000100 at 0xa0008334
[13428.368530] PUF Read:0x00001000 at 0xa0008338
[13428.368530] PUF Read:0x00000000 at 0xa000833c
[13428.368530] PUF Read:0x10000100 at 0xa0008340
[13428.368591] PUF Read:0x00000001 at 0xa0008344
[13428.368591] PUF Read:0x00000000 at 0xa0008348
[13428.368652] PUF Read:0x00000100 at 0xa000834c
[13428.368682] PUF Read:0x00000010 at 0xa0008350
[13428.368682] PUF Read:0x00000000 at 0xa0008354
[13428.368682] PUF Read:0x00000000 at 0xa0008358
[13428.368743] PUF Read:0x00001000 at 0xa000835c
[13428.368743] PUF Read:0x00014000 at 0xa0008360
[13428.368804] PUF Read:0x00000000 at 0xa0008364
[13428.368835] PUF Read:0x04000000 at 0xa0008368
[13428.368835] PUF Read:0x00000400 at 0xa000836c
[13428.368835] PUF Read:0x00000000 at 0xa0008370
[13428.368896] PUF Read:0x00000000 at 0xa0008374
[13428.368896] PUF Read:0x40010000 at 0xa0008378
[13428.368957] PUF Read:0x00000040 at 0xa000837c
[13428.368988] PUF Read:0x00000000 at 0xa0008380
[13428.368988] PUF Read:0x00000000 at 0xa0008384
[13428.369049] PUF Read:0x00000004 at 0xa0008388
[13428.369049] PUF Read:0x00000000 at 0xa000838c
[13428.369049] PUF Read:0x00000001 at 0xa0008390
[13428.369110] PUF Read:0x00000100 at 0xa0008394
[13428.369140] PUF Read:0x10000000 at 0xa0008398
[13428.369140] PUF Read:0x00000004 at 0xa000839c
[13428.369201] PUF Read:0x00004000 at 0xa00083a0
[13428.369201] PUF Read:0x00000000 at 0xa00083a4
[13428.369232] PUF Read:0x00100000 at 0xa00083a8
[13428.369232] PUF Read:0x00001000 at 0xa00083ac
[13428.369293] PUF Read:0x00000000 at 0xa00083b0
[13428.369323] PUF Read:0x00000000 at 0xa00083b4
[13428.369323] PUF Read:0x00004000 at 0xa00083b8
[13428.369323] PUF Read:0x00000000 at 0xa00083bc
[13428.369384] PUF Read:0x00000040 at 0xa00083c0
[13428.369384] PUF Read:0x04000000 at 0xa00083c4
[13428.369445] PUF Read:0x00000000 at 0xa00083c8
[13428.369476] PUF Read:0x00000000 at 0xa00083cc
[13428.369476] PUF Read:0x00000000 at 0xa00083d0
[13428.369476] PUF Read:0x00010000 at 0xa00083d4
[13428.369537] PUF Read:0x00000000 at 0xa00083d8
[13428.369537] PUF Read:0x00000001 at 0xa00083dc
[13428.369598] PUF Read:0x00140000 at 0xa00083e0
[13428.369628] PUF Read:0x10000000 at 0xa00083e4
[13428.369659] PUF Read:0x04000000 at 0xa00083e8
[13428.369659] PUF Read:0x00000000 at 0xa00083ec
[13428.369659] PUF Read:0x00000400 at 0xa00083f0
[13428.369659] PUF Read:0x04000000 at 0xa00083f4
[13428.369781] PUF Read:0x00000004 at 0xa00083f8
[13428.369781] PUF Read:0x00044000 at 0xa00083fc
[13428.369842] [i] Finished PUF read-out
[13428.369842] <6>[i] Finished PUF query for decaytime: 15360
[13428.369842] End measurement:13
[13428.369873] [i] Start measurement: 14
[13428.369873] [i] Start decaytime: 60
[13428.369903] EMIF 2 REG Write 0x80000000 at 0x4d000010
[13428.369903] EMIF 2 REG Read 0x80000000 at 0x4d000010
[13428.369903] EMIF 2 REG Write 0x80000000 at 0x4d000014
[13428.369934] EMIF 2 REG Read 0x00000000 at 0x4d000014
[13428.369934] EMIF 2 REG Write 0x08016893 at 0x4d0000cc
[13428.369964] EMIF 2 REG Read 0x08016893 at 0x4d0000cc
[13428.369964] Temp polling alert disabled
[13428.369964] Refresh Disabled at EMIF2
[13428.369995] [i] Initialiting PUF & hammer rows
[13428.369995] [i] Single-Sided Rowhammer (SSRH)
[13428.369995] [i] Finished initialiting PUF & hammer rows
[13428.376678] [i]	Timer elapsed since its reset 0 sec
[13428.376678] [i] Decay: 60 sec
[13428.376678] [i]	Relative Decay: 0 msec
