[33625.339630] [i] Total hammer attempts per row: 3727669
[33625.340820] EMIF 2 REG Write 0x00000618 at 0x4d000010
[33625.340850] EMIF 2 REG Read 0x00000618 at 0x4d000010
[33625.340850] EMIF 2 REG Write 0x00000618 at 0x4d000014
[33625.340881] EMIF 2 REG Read 0x00000618 at 0x4d000014
[33625.340881] EMIF 2 REG Write 0x58016893 at 0x4d0000cc
[33625.340881] EMIF 2 REG Read 0x58016893 at 0x4d0000cc
[33625.340911] Temp polling alert enabled
[33625.340911] Refresh enabled at EMIF2
[33625.340911] [i] Starting PUF read-out
[33625.340942] [i] Single-Sided Rowhammer (SSRH)
[33625.340942] PUF Read:0x00000010 at 0xa0008000
[33625.340942] PUF Read:0x00000400 at 0xa0008004
[33625.340942] PUF Read:0x00000000 at 0xa0008008
[33625.341033] PUF Read:0x00000000 at 0xa000800c
[33625.341064] PUF Read:0x00000000 at 0xa0008010
[33625.341064] PUF Read:0x00000100 at 0xa0008014
[33625.341064] PUF Read:0x00000000 at 0xa0008018
[33625.341064] PUF Read:0x10400100 at 0xa000801c
[33625.341064] PUF Read:0x40000000 at 0xa0008020
[33625.341064] PUF Read:0x40004000 at 0xa0008024
[33625.341217] PUF Read:0x00004000 at 0xa0008028
[33625.341247] PUF Read:0x00000010 at 0xa000802c
[33625.341247] PUF Read:0x40000000 at 0xa0008030
[33625.341247] PUF Read:0x04000000 at 0xa0008034
[33625.341308] PUF Read:0x00004000 at 0xa0008038
[33625.341308] PUF Read:0x00000000 at 0xa000803c
[33625.341369] PUF Read:0x00000001 at 0xa0008040
[33625.341400] PUF Read:0x00004000 at 0xa0008044
[33625.341400] PUF Read:0x00000000 at 0xa0008048
[33625.341400] PUF Read:0x00000001 at 0xa000804c
[33625.341461] PUF Read:0x00000000 at 0xa0008050
[33625.341461] PUF Read:0x00000000 at 0xa0008054
[33625.341522] PUF Read:0x00000000 at 0xa0008058
[33625.341552] PUF Read:0x00000000 at 0xa000805c
[33625.341552] PUF Read:0x00000000 at 0xa0008060
[33625.341552] PUF Read:0x00100000 at 0xa0008064
[33625.341613] PUF Read:0x00000000 at 0xa0008068
[33625.341613] PUF Read:0x00000000 at 0xa000806c
[33625.341674] PUF Read:0x00000010 at 0xa0008070
[33625.341705] PUF Read:0x00000000 at 0xa0008074
[33625.341705] PUF Read:0x00000000 at 0xa0008078
[33625.341705] PUF Read:0x00010000 at 0xa000807c
[33625.341766] PUF Read:0x00010001 at 0xa0008080
[33625.341766] PUF Read:0x00000000 at 0xa0008084
[33625.341827] PUF Read:0x00000000 at 0xa0008088
[33625.341857] PUF Read:0x00000000 at 0xa000808c
[33625.341857] PUF Read:0x00000000 at 0xa0008090
[33625.341918] PUF Read:0x10000000 at 0xa0008094
[33625.341918] PUF Read:0x00410001 at 0xa0008098
[33625.341918] PUF Read:0x00000000 at 0xa000809c
[33625.341979] PUF Read:0x00000000 at 0xa00080a0
[33625.342010] PUF Read:0x00010000 at 0xa00080a4
[33625.342010] PUF Read:0x00010001 at 0xa00080a8
[33625.342071] PUF Read:0x00000041 at 0xa00080ac
[33625.342071] PUF Read:0x00000000 at 0xa00080b0
[33625.342071] PUF Read:0x00000000 at 0xa00080b4
[33625.342132] PUF Read:0x00004000 at 0xa00080b8
[33625.342163] PUF Read:0x00000000 at 0xa00080bc
[33625.342163] PUF Read:0x00000400 at 0xa00080c0
[33625.342163] PUF Read:0x00000000 at 0xa00080c4
[33625.342224] PUF Read:0x10100000 at 0xa00080c8
[33625.342224] PUF Read:0x01000000 at 0xa00080cc
[33625.342285] PUF Read:0x40044000 at 0xa00080d0
[33625.342315] PUF Read:0x00000000 at 0xa00080d4
[33625.342315] PUF Read:0x00001000 at 0xa00080d8
[33625.342315] PUF Read:0x00000000 at 0xa00080dc
[33625.342376] PUF Read:0x01000000 at 0xa00080e0
[33625.342376] PUF Read:0x00000000 at 0xa00080e4
[33625.342437] PUF Read:0x00000000 at 0xa00080e8
[33625.342468] PUF Read:0x00000001 at 0xa00080ec
[33625.342468] PUF Read:0x00000000 at 0xa00080f0
[33625.342468] PUF Read:0x00000000 at 0xa00080f4
[33625.342529] PUF Read:0x00000100 at 0xa00080f8
[33625.342529] PUF Read:0x00000000 at 0xa00080fc
[33625.342590] PUF Read:0x00000000 at 0xa0008100
[33625.342620] PUF Read:0x00000000 at 0xa0008104
[33625.342620] PUF Read:0x00000000 at 0xa0008108
[33625.342620] PUF Read:0x00000000 at 0xa000810c
[33625.342681] PUF Read:0x00000000 at 0xa0008110
[33625.342681] PUF Read:0x00400000 at 0xa0008114
[33625.342742] PUF Read:0x00000000 at 0xa0008118
[33625.342773] PUF Read:0x00000000 at 0xa000811c
[33625.342773] PUF Read:0x01000000 at 0xa0008120
[33625.342773] PUF Read:0x00000400 at 0xa0008124
[33625.342834] PUF Read:0x00000040 at 0xa0008128
[33625.342834] PUF Read:0x00000000 at 0xa000812c
[33625.342895] PUF Read:0x00000000 at 0xa0008130
[33625.342926] PUF Read:0x00000000 at 0xa0008134
[33625.342926] PUF Read:0x00010000 at 0xa0008138
[33625.342926] PUF Read:0x00000000 at 0xa000813c
[33625.342987] PUF Read:0x40000400 at 0xa0008140
[33625.342987] PUF Read:0x00000000 at 0xa0008144
[33625.343048] PUF Read:0x00100400 at 0xa0008148
[33625.343078] PUF Read:0x00000000 at 0xa000814c
[33625.343078] PUF Read:0x00000000 at 0xa0008150
[33625.343078] PUF Read:0x00000000 at 0xa0008154
[33625.343139] PUF Read:0x00000000 at 0xa0008158
[33625.343139] PUF Read:0x00100040 at 0xa000815c
[33625.343200] PUF Read:0x00001000 at 0xa0008160
[33625.343200] PUF Read:0x00000000 at 0xa0008164
[33625.343200] PUF Read:0x04000000 at 0xa0008168
[33625.343200] PUF Read:0x00400000 at 0xa000816c
[33625.343200] PUF Read:0x00000000 at 0xa0008170
[33625.343200] PUF Read:0x00100000 at 0xa0008174
[33625.343353] PUF Read:0x00000000 at 0xa0008178
[33625.343353] PUF Read:0x00004000 at 0xa000817c
[33625.343353] PUF Read:0x00000000 at 0xa0008180
[33625.343353] PUF Read:0x00000000 at 0xa0008184
[33625.343353] PUF Read:0x00040000 at 0xa0008188
[33625.343353] PUF Read:0x00000440 at 0xa000818c
[33625.343505] PUF Read:0x00000000 at 0xa0008190
[33625.343505] PUF Read:0x40000000 at 0xa0008194
[33625.343505] PUF Read:0x00000004 at 0xa0008198
[33625.343505] PUF Read:0x00000000 at 0xa000819c
[33625.343505] PUF Read:0x00000000 at 0xa00081a0
[33625.343627] PUF Read:0x00000000 at 0xa00081a4
[33625.343658] PUF Read:0x00000000 at 0xa00081a8
[33625.343658] PUF Read:0x00000040 at 0xa00081ac
[33625.343719] PUF Read:0x00410000 at 0xa00081b0
[33625.343719] PUF Read:0x00000000 at 0xa00081b4
[33625.343719] PUF Read:0x00000000 at 0xa00081b8
[33625.343780] PUF Read:0x00100000 at 0xa00081bc
[33625.343811] PUF Read:0x00000000 at 0xa00081c0
[33625.343811] PUF Read:0x00000004 at 0xa00081c4
[33625.343811] PUF Read:0x00000000 at 0xa00081c8
[33625.343811] PUF Read:0x00010000 at 0xa00081cc
[33625.343811] PUF Read:0x10000000 at 0xa00081d0
[33625.343811] PUF Read:0x00000000 at 0xa00081d4
[33625.343963] PUF Read:0x10000000 at 0xa00081d8
[33625.343994] PUF Read:0x00004000 at 0xa00081dc
[33625.343994] PUF Read:0x00000000 at 0xa00081e0
[33625.343994] PUF Read:0x00000040 at 0xa00081e4
[33625.344055] PUF Read:0x00000000 at 0xa00081e8
[33625.344055] PUF Read:0x00000010 at 0xa00081ec
[33625.344116] PUF Read:0x00000001 at 0xa00081f0
[33625.344146] PUF Read:0x00010400 at 0xa00081f4
[33625.344146] PUF Read:0x00000000 at 0xa00081f8
[33625.344146] PUF Read:0x00000040 at 0xa00081fc
[33625.344207] PUF Read:0x00000000 at 0xa0008200
[33625.344207] PUF Read:0x00000000 at 0xa0008204
[33625.344268] PUF Read:0x00000010 at 0xa0008208
[33625.344299] PUF Read:0x00000000 at 0xa000820c
[33625.344299] PUF Read:0x00400000 at 0xa0008210
[33625.344299] PUF Read:0x00000000 at 0xa0008214
[33625.344360] PUF Read:0x00000400 at 0xa0008218
[33625.344360] PUF Read:0x00000000 at 0xa000821c
[33625.344421] PUF Read:0x00000000 at 0xa0008220
[33625.344451] PUF Read:0x00100000 at 0xa0008224
[33625.344451] PUF Read:0x00000000 at 0xa0008228
[33625.344451] PUF Read:0x00000000 at 0xa000822c
[33625.344512] PUF Read:0x00000500 at 0xa0008230
[33625.344512] PUF Read:0x00400000 at 0xa0008234
[33625.344573] PUF Read:0x00000000 at 0xa0008238
[33625.344604] PUF Read:0x00000400 at 0xa000823c
[33625.344604] PUF Read:0x00000004 at 0xa0008240
[33625.344604] PUF Read:0x00000000 at 0xa0008244
[33625.344665] PUF Read:0x00040000 at 0xa0008248
[33625.344665] PUF Read:0x00000000 at 0xa000824c
[33625.344726] PUF Read:0x04000000 at 0xa0008250
[33625.344757] PUF Read:0x00100000 at 0xa0008254
[33625.344757] PUF Read:0x00000000 at 0xa0008258
[33625.344757] PUF Read:0x04040000 at 0xa000825c
[33625.344818] PUF Read:0x00000000 at 0xa0008260
[33625.344818] PUF Read:0x00001000 at 0xa0008264
[33625.344879] PUF Read:0x00000400 at 0xa0008268
[33625.344909] PUF Read:0x00001000 at 0xa000826c
[33625.344909] PUF Read:0x00000000 at 0xa0008270
[33625.344909] PUF Read:0x00000000 at 0xa0008274
[33625.344970] PUF Read:0x00000040 at 0xa0008278
[33625.344970] PUF Read:0x00100000 at 0xa000827c
[33625.345031] PUF Read:0x40000000 at 0xa0008280
[33625.345062] PUF Read:0x00000000 at 0xa0008284
[33625.345062] PUF Read:0x00400000 at 0xa0008288
[33625.345062] PUF Read:0x00000000 at 0xa000828c
[33625.345123] PUF Read:0x00000000 at 0xa0008290
[33625.345123] PUF Read:0x00000000 at 0xa0008294
[33625.345184] PUF Read:0x00000000 at 0xa0008298
[33625.345214] PUF Read:0x00000000 at 0xa000829c
[33625.345214] PUF Read:0x00000400 at 0xa00082a0
[33625.345214] PUF Read:0x00001000 at 0xa00082a4
[33625.345275] PUF Read:0x00000000 at 0xa00082a8
[33625.345275] PUF Read:0x00000000 at 0xa00082ac
[33625.345336] PUF Read:0x00000000 at 0xa00082b0
[33625.345367] PUF Read:0x00000000 at 0xa00082b4
[33625.345367] PUF Read:0x00000040 at 0xa00082b8
[33625.345367] PUF Read:0x00000000 at 0xa00082bc
[33625.345428] PUF Read:0x00000000 at 0xa00082c0
[33625.345428] PUF Read:0x00000000 at 0xa00082c4
[33625.345489] PUF Read:0x10000000 at 0xa00082c8
[33625.345520] PUF Read:0x00000000 at 0xa00082cc
[33625.345520] PUF Read:0x00100000 at 0xa00082d0
[33625.345581] PUF Read:0x00000000 at 0xa00082d4
[33625.345581] PUF Read:0x40000000 at 0xa00082d8
[33625.345581] PUF Read:0x00004000 at 0xa00082dc
[33625.345642] PUF Read:0x00000000 at 0xa00082e0
[33625.345672] PUF Read:0x00000400 at 0xa00082e4
[33625.345672] PUF Read:0x00000100 at 0xa00082e8
[33625.345672] PUF Read:0x00000001 at 0xa00082ec
[33625.345672] PUF Read:0x00000001 at 0xa00082f0
[33625.345672] PUF Read:0x00000000 at 0xa00082f4
[33625.345672] PUF Read:0x00000000 at 0xa00082f8
[33625.345825] PUF Read:0x00000000 at 0xa00082fc
[33625.345825] PUF Read:0x00000100 at 0xa0008300
[33625.345825] PUF Read:0x00000000 at 0xa0008304
[33625.345825] PUF Read:0x00000000 at 0xa0008308
[33625.345825] PUF Read:0x00000000 at 0xa000830c
[33625.345947] PUF Read:0x00000000 at 0xa0008310
[33625.345977] PUF Read:0x00000010 at 0xa0008314
[33625.345977] PUF Read:0x01500000 at 0xa0008318
[33625.346038] PUF Read:0x10000000 at 0xa000831c
[33625.346038] PUF Read:0x00000000 at 0xa0008320
[33625.346038] PUF Read:0x00000100 at 0xa0008324
[33625.346099] PUF Read:0x00000000 at 0xa0008328
[33625.346130] PUF Read:0x00010000 at 0xa000832c
[33625.346130] PUF Read:0x00000004 at 0xa0008330
[33625.346191] PUF Read:0x00000100 at 0xa0008334
[33625.346221] PUF Read:0x00001000 at 0xa0008338
[33625.346221] PUF Read:0x00000000 at 0xa000833c
[33625.346282] PUF Read:0x10000100 at 0xa0008340
[33625.346282] PUF Read:0x00000001 at 0xa0008344
[33625.346282] PUF Read:0x00000000 at 0xa0008348
[33625.346374] PUF Read:0x00000100 at 0xa000834c
[33625.346374] PUF Read:0x00000000 at 0xa0008350
[33625.346374] PUF Read:0x00000000 at 0xa0008354
[33625.346374] PUF Read:0x00000000 at 0xa0008358
[33625.346374] PUF Read:0x00000000 at 0xa000835c
[33625.346374] PUF Read:0x00014000 at 0xa0008360
[33625.346527] PUF Read:0x00000000 at 0xa0008364
[33625.346527] PUF Read:0x00000000 at 0xa0008368
[33625.346527] PUF Read:0x00000400 at 0xa000836c
[33625.346527] PUF Read:0x00000000 at 0xa0008370
[33625.346527] PUF Read:0x00000000 at 0xa0008374
[33625.346527] PUF Read:0x40000000 at 0xa0008378
[33625.346679] PUF Read:0x00000040 at 0xa000837c
[33625.346679] PUF Read:0x00000000 at 0xa0008380
[33625.346679] PUF Read:0x00000000 at 0xa0008384
[33625.346679] PUF Read:0x00000000 at 0xa0008388
[33625.346679] PUF Read:0x00000000 at 0xa000838c
[33625.346679] PUF Read:0x00000001 at 0xa0008390
[33625.346832] PUF Read:0x00000100 at 0xa0008394
[33625.346832] PUF Read:0x10000000 at 0xa0008398
[33625.346893] PUF Read:0x00000004 at 0xa000839c
[33625.346893] PUF Read:0x00000000 at 0xa00083a0
[33625.346893] PUF Read:0x00000000 at 0xa00083a4
[33625.346893] PUF Read:0x00000000 at 0xa00083a8
[33625.346984] PUF Read:0x00001000 at 0xa00083ac
[33625.346984] PUF Read:0x00000000 at 0xa00083b0
[33625.346984] PUF Read:0x00000000 at 0xa00083b4
[33625.346984] PUF Read:0x00000000 at 0xa00083b8
[33625.346984] PUF Read:0x00000000 at 0xa00083bc
[33625.346984] PUF Read:0x00000040 at 0xa00083c0
[33625.347137] PUF Read:0x04000000 at 0xa00083c4
[33625.347137] PUF Read:0x00000000 at 0xa00083c8
[33625.347137] PUF Read:0x00000000 at 0xa00083cc
[33625.347137] PUF Read:0x00000000 at 0xa00083d0
[33625.347137] PUF Read:0x00010000 at 0xa00083d4
[33625.347137] PUF Read:0x00000000 at 0xa00083d8
[33625.347290] PUF Read:0x00000000 at 0xa00083dc
[33625.347290] PUF Read:0x00140000 at 0xa00083e0
[33625.347351] PUF Read:0x10000000 at 0xa00083e4
[33625.347351] PUF Read:0x00000000 at 0xa00083e8
[33625.347351] PUF Read:0x00000000 at 0xa00083ec
[33625.347412] PUF Read:0x00000400 at 0xa00083f0
[33625.347442] PUF Read:0x04000000 at 0xa00083f4
[33625.347442] PUF Read:0x00000004 at 0xa00083f8
[33625.347503] PUF Read:0x00040000 at 0xa00083fc
[33625.347503] [i] Finished PUF read-out
[33625.347503] <6>[i] Finished PUF query for decaytime: 15360
[33625.347534] End measurement:5
[33625.347534] [i] Start measurement: 6
[33625.347534] [i] Start decaytime: 60
[33625.347564] EMIF 2 REG Write 0x80000000 at 0x4d000010
[33625.347564] EMIF 2 REG Read 0x80000000 at 0x4d000010
[33625.347595] EMIF 2 REG Write 0x80000000 at 0x4d000014
[33625.347595] EMIF 2 REG Read 0x00000000 at 0x4d000014
[33625.347625] EMIF 2 REG Write 0x08016893 at 0x4d0000cc
[33625.347625] EMIF 2 REG Read 0x08016893 at 0x4d0000cc
[33625.347625] Temp polling alert disabled
[33625.347656] Refresh Disabled at EMIF2
[33625.347656] [i] Initialiting PUF & hammer rows
[33625.347656] [i] Single-Sided Rowhammer (SSRH)
[33625.354370] [i] Finished initialiting PUF & hammer rows
[33625.354370] [i]	Timer elapsed since its reset 0 sec
[33625.354400] [i] Decay: 60 sec
[33625.354400] [i]	Relative Decay: 0 msec
