[55622.182189] [i] Total hammer attempts per row: 3728172
[55622.182189] EMIF 2 REG Write 0x00000618 at 0x4d000010
[55622.182220] EMIF 2 REG Read 0x00000618 at 0x4d000010
[55622.182220] EMIF 2 REG Write 0x00000618 at 0x4d000014
[55622.182250] EMIF 2 REG Read 0x00000618 at 0x4d000014
[55622.182250] EMIF 2 REG Write 0x58016893 at 0x4d0000cc
[55622.182281] EMIF 2 REG Read 0x58016893 at 0x4d0000cc
[55622.182281] Temp polling alert enabled
[55622.182281] Refresh enabled at EMIF2
[55622.182312] [i] Starting PUF read-out
[55622.182312] [i] Single-Sided Rowhammer (SSRH)
[55622.182342] PUF Read:0xaaaa2aaa at 0xa0008000
[55622.182342] PUF Read:0xaaaaaaaa at 0xa0008004
[55622.182342] PUF Read:0xaaaaaaaa at 0xa0008008
[55622.182403] PUF Read:0xa2aaaa2a at 0xa000800c
[55622.182403] PUF Read:0xaaaaaaaa at 0xa0008010
[55622.182403] PUF Read:0x8aaaabaa at 0xa0008014
[55622.182495] PUF Read:0xaaaa2aaa at 0xa0008018
[55622.182495] PUF Read:0xaaa2aaaa at 0xa000801c
[55622.182495] PUF Read:0xaaaaaaaa at 0xa0008020
[55622.182495] PUF Read:0xeaaaeaaa at 0xa0008024
[55622.182586] PUF Read:0xaaaaaaaa at 0xa0008028
[55622.182586] PUF Read:0xaaaaaaba at 0xa000802c
[55622.182647] PUF Read:0xaaaaaaa8 at 0xa0008030
[55622.182678] PUF Read:0xaeaaaaaa at 0xa0008034
[55622.182678] PUF Read:0xaaaaaaaa at 0xa0008038
[55622.182678] PUF Read:0xaaaaaaaa at 0xa000803c
[55622.182678] PUF Read:0xaaaaaaab at 0xa0008040
[55622.182678] PUF Read:0xaaaaeaaa at 0xa0008044
[55622.182678] PUF Read:0xaaaaaaaa at 0xa0008048
[55622.182830] PUF Read:0xaaaaaaa8 at 0xa000804c
[55622.182830] PUF Read:0xa2aaaaaa at 0xa0008050
[55622.182830] PUF Read:0xaaaaa8aa at 0xa0008054
[55622.182830] PUF Read:0xaaaaaa8a at 0xa0008058
[55622.182830] PUF Read:0xaaaaaaaa at 0xa000805c
[55622.182830] PUF Read:0xaaaaaaaa at 0xa0008060
[55622.182983] PUF Read:0xaaaa2aaa at 0xa0008064
[55622.183013] PUF Read:0xaaaaaaaa at 0xa0008068
[55622.183013] PUF Read:0xaaaaaaaa at 0xa000806c
[55622.183013] PUF Read:0xaaaaaaaa at 0xa0008070
[55622.183074] PUF Read:0xaaaaaaaa at 0xa0008074
[55622.183074] PUF Read:0xaaaaaaaa at 0xa0008078
[55622.183135] PUF Read:0xaaabaaaa at 0xa000807c
[55622.183166] PUF Read:0xaaabaaaa at 0xa0008080
[55622.183166] PUF Read:0xaaaaaaaa at 0xa0008084
[55622.183166] PUF Read:0xaaaaaaaa at 0xa0008088
[55622.183227] PUF Read:0xaaaaaaaa at 0xa000808c
[55622.183227] PUF Read:0xaaaa8aaa at 0xa0008090
[55622.183288] PUF Read:0xaaaaaaaa at 0xa0008094
[55622.183319] PUF Read:0x2aabaaab at 0xa0008098
[55622.183319] PUF Read:0xaaaaaaaa at 0xa000809c
[55622.183319] PUF Read:0x8aaaaa2a at 0xa00080a0
[55622.183380] PUF Read:0xaaabaaaa at 0xa00080a4
[55622.183380] PUF Read:0xaa8aaaab at 0xa00080a8
[55622.183380] PUF Read:0xaaaa8aea at 0xa00080ac
[55622.183471] PUF Read:0xaaaaaaaa at 0xa00080b0
[55622.183471] PUF Read:0x2a2aaaaa at 0xa00080b4
[55622.183471] PUF Read:0xaaaaeaaa at 0xa00080b8
[55622.183471] PUF Read:0x8aaaaaaa at 0xa00080bc
[55622.183471] PUF Read:0xaaaaaaaa at 0xa00080c0
[55622.183471] PUF Read:0xaaaaaaaa at 0xa00080c4
[55622.183624] PUF Read:0xaaa2aaaa at 0xa00080c8
[55622.183654] PUF Read:0xabaaaaaa at 0xa00080cc
[55622.183654] PUF Read:0xeaaeeaaa at 0xa00080d0
[55622.183654] PUF Read:0xaaaa2aa8 at 0xa00080d4
[55622.183715] PUF Read:0xaaaa3aaa at 0xa00080d8
[55622.183715] PUF Read:0xaaaaaaaa at 0xa00080dc
[55622.183715] PUF Read:0xabaaaaaa at 0xa00080e0
[55622.183807] PUF Read:0xaaaaaaaa at 0xa00080e4
[55622.183837] PUF Read:0xaaaaaaaa at 0xa00080e8
[55622.183837] PUF Read:0xaaaaaaab at 0xa00080ec
[55622.183837] PUF Read:0x8aaaaaaa at 0xa00080f0
[55622.183898] PUF Read:0xaaaaaaaa at 0xa00080f4
[55622.183898] PUF Read:0xaaaaabaa at 0xa00080f8
[55622.183959] PUF Read:0xaa8aaaaa at 0xa00080fc
[55622.183990] PUF Read:0xaaaaaaaa at 0xa0008100
[55622.183990] PUF Read:0xaaaaaaaa at 0xa0008104
[55622.183990] PUF Read:0xaaa2aaaa at 0xa0008108
[55622.184051] PUF Read:0xaaaaaaaa at 0xa000810c
[55622.184051] PUF Read:0xaaaaaaaa at 0xa0008110
[55622.184112] PUF Read:0xa8ea2aaa at 0xa0008114
[55622.184143] PUF Read:0xaaaaaaaa at 0xa0008118
[55622.184143] PUF Read:0xa8aaaaaa at 0xa000811c
[55622.184143] PUF Read:0xaaaaaaaa at 0xa0008120
[55622.184143] PUF Read:0xaaaaaeaa at 0xa0008124
[55622.184143] PUF Read:0xaaaaaaea at 0xa0008128
[55622.184143] PUF Read:0xaaaaaaaa at 0xa000812c
[55622.184295] PUF Read:0xaaaaaaaa at 0xa0008130
[55622.184295] PUF Read:0xaaaaaa2a at 0xa0008134
[55622.184295] PUF Read:0xaa8baaaa at 0xa0008138
[55622.184295] PUF Read:0xaaaaaaaa at 0xa000813c
[55622.184387] PUF Read:0xaaaaaeaa at 0xa0008140
[55622.184387] PUF Read:0xaaaaaaaa at 0xa0008144
[55622.184448] PUF Read:0xaabaaeaa at 0xa0008148
[55622.184478] PUF Read:0xaaaaaaaa at 0xa000814c
[55622.184478] PUF Read:0xaaaaaaaa at 0xa0008150
[55622.184478] PUF Read:0xaaaaaaaa at 0xa0008154
[55622.184539] PUF Read:0xaaaaaaaa at 0xa0008158
[55622.184539] PUF Read:0xaaaaaaea at 0xa000815c
[55622.184539] PUF Read:0xaaaaaaaa at 0xa0008160
[55622.184631] PUF Read:0xaaaaaaaa at 0xa0008164
[55622.184631] PUF Read:0xaeaaaaaa at 0xa0008168
[55622.184631] PUF Read:0xaaeaaaaa at 0xa000816c
[55622.184631] PUF Read:0x2aaaaaaa at 0xa0008170
[55622.184722] PUF Read:0xaabaaaaa at 0xa0008174
[55622.184722] PUF Read:0xaaaaaaaa at 0xa0008178
[55622.184783] PUF Read:0xaaaaaaaa at 0xa000817c
[55622.184814] PUF Read:0xaaaa2a2a at 0xa0008180
[55622.184814] PUF Read:0xaaaaaaaa at 0xa0008184
[55622.184814] PUF Read:0xaa2aaaaa at 0xa0008188
[55622.184875] PUF Read:0xaaaaaaea at 0xa000818c
[55622.184875] PUF Read:0x2aaaaaaa at 0xa0008190
[55622.184936] PUF Read:0xeaaaaaaa at 0xa0008194
[55622.184967] PUF Read:0xaaaaaaaa at 0xa0008198
[55622.184967] PUF Read:0xaaaaaaaa at 0xa000819c
[55622.184967] PUF Read:0xaaaaaaaa at 0xa00081a0
[55622.185028] PUF Read:0xaaaaaaaa at 0xa00081a4
[55622.185028] PUF Read:0xaaa2aaaa at 0xa00081a8
[55622.185089] PUF Read:0xaaaaaaaa at 0xa00081ac
[55622.185119] PUF Read:0xaaebaaaa at 0xa00081b0
[55622.185119] PUF Read:0xaaaaaaaa at 0xa00081b4
[55622.185119] PUF Read:0xaaaaaaaa at 0xa00081b8
[55622.185119] PUF Read:0xa2aaaaaa at 0xa00081bc
[55622.185119] PUF Read:0xaaa8aaaa at 0xa00081c0
[55622.185119] PUF Read:0xaaaaaaae at 0xa00081c4
[55622.185272] PUF Read:0xaaaaaaaa at 0xa00081c8
[55622.185302] PUF Read:0xaa2baaaa at 0xa00081cc
[55622.185302] PUF Read:0xbaaaaaaa at 0xa00081d0
[55622.185302] PUF Read:0xaaaaaa2a at 0xa00081d4
[55622.185363] PUF Read:0xaaaaaaaa at 0xa00081d8
[55622.185363] PUF Read:0xaaaaaaaa at 0xa00081dc
[55622.185424] PUF Read:0xaaaaaaaa at 0xa00081e0
[55622.185455] PUF Read:0xaaaaaaea at 0xa00081e4
[55622.185455] PUF Read:0xaaaaaaaa at 0xa00081e8
[55622.185455] PUF Read:0xaa2aaaaa at 0xa00081ec
[55622.185455] PUF Read:0xaa8aaaab at 0xa00081f0
[55622.185455] PUF Read:0xaaaaaeaa at 0xa00081f4
[55622.185455] PUF Read:0xaaaaaaa2 at 0xa00081f8
[55622.185607] PUF Read:0xaaaaaaaa at 0xa00081fc
[55622.185607] PUF Read:0xaaaaaaaa at 0xa0008200
[55622.185607] PUF Read:0xaaaaaaaa at 0xa0008204
[55622.185607] PUF Read:0xaaaaaaba at 0xa0008208
[55622.185699] PUF Read:0xa8aaaaaa at 0xa000820c
[55622.185699] PUF Read:0xaaaaa2a8 at 0xa0008210
[55622.185760] PUF Read:0xaaaaaaaa at 0xa0008214
[55622.185791] PUF Read:0xaaaaaeaa at 0xa0008218
[55622.185791] PUF Read:0xaaaaaaaa at 0xa000821c
[55622.185791] PUF Read:0xaaaaaaaa at 0xa0008220
[55622.185852] PUF Read:0xaabaaaaa at 0xa0008224
[55622.185852] PUF Read:0xaaaaaaaa at 0xa0008228
[55622.185913] PUF Read:0xaaaaaaaa at 0xa000822c
[55622.185943] PUF Read:0xaaaaaeaa at 0xa0008230
[55622.185943] PUF Read:0x286aaaaa at 0xa0008234
[55622.186004] PUF Read:0xaaaaaaaa at 0xa0008238
[55622.186004] PUF Read:0xaaaaaaaa at 0xa000823c
[55622.186004] PUF Read:0xaaaaaaaa at 0xa0008240
[55622.186065] PUF Read:0xaaaaaaaa at 0xa0008244
[55622.186096] PUF Read:0xaaaaaaaa at 0xa0008248
[55622.186096] PUF Read:0xaaaaaaaa at 0xa000824c
[55622.186096] PUF Read:0xaaaaaaaa at 0xa0008250
[55622.186096] PUF Read:0xaabaaaaa at 0xa0008254
[55622.186096] PUF Read:0xaaaaaaaa at 0xa0008258
[55622.186096] PUF Read:0xaaaeaaaa at 0xa000825c
[55622.186248] PUF Read:0xaaaaaaaa at 0xa0008260
[55622.186248] PUF Read:0xaaaaaaaa at 0xa0008264
[55622.186248] PUF Read:0xaaaa8caa at 0xa0008268
[55622.186248] PUF Read:0xaaaaaaaa at 0xa000826c
[55622.186340] PUF Read:0xaaaaaaaa at 0xa0008270
[55622.186340] PUF Read:0xaaaaaaaa at 0xa0008274
[55622.186401] PUF Read:0xaaaaaaea at 0xa0008278
[55622.186431] PUF Read:0xaaaaaaaa at 0xa000827c
[55622.186431] PUF Read:0xeaaaaaaa at 0xa0008280
[55622.186431] PUF Read:0xa2aaaaaa at 0xa0008284
[55622.186492] PUF Read:0xaaeaaaaa at 0xa0008288
[55622.186492] PUF Read:0xaaaaaaaa at 0xa000828c
[55622.186553] PUF Read:0xaaaaaaa8 at 0xa0008290
[55622.186584] PUF Read:0xa8aaaaaa at 0xa0008294
[55622.186584] PUF Read:0xaaaaaaaa at 0xa0008298
[55622.186584] PUF Read:0xaaaaaaaa at 0xa000829c
[55622.186645] PUF Read:0xaaaaaaaa at 0xa00082a0
[55622.186645] PUF Read:0xaaaabaaa at 0xa00082a4
[55622.186706] PUF Read:0xaaaaaaaa at 0xa00082a8
[55622.186737] PUF Read:0xaaaaaaaa at 0xa00082ac
[55622.186737] PUF Read:0xaaaaaaaa at 0xa00082b0
[55622.186737] PUF Read:0xaaaaaaaa at 0xa00082b4
[55622.186737] PUF Read:0xaaaaaaea at 0xa00082b8
[55622.186828] PUF Read:0xaaaaaaaa at 0xa00082bc
[55622.186828] PUF Read:0xaaaaaaaa at 0xa00082c0
[55622.186828] PUF Read:0xaaaaaaaa at 0xa00082c4
[55622.186920] PUF Read:0xbaaaaaaa at 0xa00082c8
[55622.186920] PUF Read:0xaaaaaaaa at 0xa00082cc
[55622.186920] PUF Read:0xaabaaaaa at 0xa00082d0
[55622.186920] PUF Read:0xaaaaaaaa at 0xa00082d4
[55622.186920] PUF Read:0xaaaaaaaa at 0xa00082d8
[55622.186920] PUF Read:0xaaaaeaaa at 0xa00082dc
[55622.187072] PUF Read:0xaaaaaaaa at 0xa00082e0
[55622.187072] PUF Read:0xaaaaaeaa at 0xa00082e4
[55622.187072] PUF Read:0xaaaaabaa at 0xa00082e8
[55622.187072] PUF Read:0xaaaaaaab at 0xa00082ec
[55622.187164] PUF Read:0xaaaaaaaa at 0xa00082f0
[55622.187164] PUF Read:0xaaaaaaaa at 0xa00082f4
[55622.187225] PUF Read:0xaaaaaaaa at 0xa00082f8
[55622.187255] PUF Read:0xaaaaaaaa at 0xa00082fc
[55622.187255] PUF Read:0xaaaaaaaa at 0xa0008300
[55622.187255] PUF Read:0xaaaaaaaa at 0xa0008304
[55622.187316] PUF Read:0xaaaa8aaa at 0xa0008308
[55622.187316] PUF Read:0xaaaaaaaa at 0xa000830c
[55622.187377] PUF Read:0xaaaaaa8a at 0xa0008310
[55622.187408] PUF Read:0xaaaaaaaa at 0xa0008314
[55622.187408] PUF Read:0x2beaaaaa at 0xa0008318
[55622.187408] PUF Read:0xbaaaaaaa at 0xa000831c
[55622.187469] PUF Read:0xaaaa8aaa at 0xa0008320
[55622.187469] PUF Read:0xaaaaaaaa at 0xa0008324
[55622.187530] PUF Read:0xaaaaaaaa at 0xa0008328
[55622.187561] PUF Read:0xaa8aaaaa at 0xa000832c
[55622.187561] PUF Read:0xaaaaaaae at 0xa0008330
[55622.187561] PUF Read:0xaaaaaaaa at 0xa0008334
[55622.187622] PUF Read:0xaaaabaaa at 0xa0008338
[55622.187622] PUF Read:0xaaaaaaaa at 0xa000833c
[55622.187683] PUF Read:0xbaaaaaaa at 0xa0008340
[55622.187713] PUF Read:0xaaaaaa2b at 0xa0008344
[55622.187713] PUF Read:0xaaaaaaaa at 0xa0008348
[55622.187713] PUF Read:0xaaaaabaa at 0xa000834c
[55622.187713] PUF Read:0xaaaa8a8a at 0xa0008350
[55622.187713] PUF Read:0x8aaaaaaa at 0xa0008354
[55622.187713] PUF Read:0xaaaaaaaa at 0xa0008358
[55622.187866] PUF Read:0xaaaaaaaa at 0xa000835c
[55622.187866] PUF Read:0xaaabaaaa at 0xa0008360
[55622.187866] PUF Read:0xaaaaaa2a at 0xa0008364
[55622.187866] PUF Read:0xaaaaaaaa at 0xa0008368
[55622.187866] PUF Read:0xaaaaaeaa at 0xa000836c
[55622.187866] PUF Read:0xaaaaaaaa at 0xa0008370
[55622.188018] PUF Read:0xaaaaaaaa at 0xa0008374
[55622.188018] PUF Read:0xeaaa8aaa at 0xa0008378
[55622.188018] PUF Read:0xaaaaaaaa at 0xa000837c
[55622.188018] PUF Read:0xaaaaaaaa at 0xa0008380
[55622.188110] PUF Read:0xaaaaaaaa at 0xa0008384
[55622.188110] PUF Read:0xaaaaaaaa at 0xa0008388
[55622.188171] PUF Read:0xaaaaaaaa at 0xa000838c
[55622.188201] PUF Read:0xaaaaaaab at 0xa0008390
[55622.188201] PUF Read:0xaaaaabaa at 0xa0008394
[55622.188201] PUF Read:0xaaaaaaaa at 0xa0008398
[55622.188262] PUF Read:0xaaa2aaaa at 0xa000839c
[55622.188262] PUF Read:0xaaaaaaaa at 0xa00083a0
[55622.188262] PUF Read:0xaaaaaaaa at 0xa00083a4
[55622.188354] PUF Read:0xaaaaaaaa at 0xa00083a8
[55622.188385] PUF Read:0xaaaabaaa at 0xa00083ac
[55622.188385] PUF Read:0xaaaaaaa2 at 0xa00083b0
[55622.188385] PUF Read:0xaaaaaaaa at 0xa00083b4
[55622.188446] PUF Read:0xaaaaaaaa at 0xa00083b8
[55622.188446] PUF Read:0xaaaaaaaa at 0xa00083bc
[55622.188507] PUF Read:0xaaaaaaaa at 0xa00083c0
[55622.188537] PUF Read:0xaeaaaaaa at 0xa00083c4
[55622.188537] PUF Read:0xaaaaaaaa at 0xa00083c8
[55622.188537] PUF Read:0xaaa2aaaa at 0xa00083cc
[55622.188537] PUF Read:0xaaaaaaaa at 0xa00083d0
[55622.188537] PUF Read:0xaaabaaaa at 0xa00083d4
[55622.188537] PUF Read:0xaaaaaaaa at 0xa00083d8
[55622.188690] PUF Read:0xaaaaaaaa at 0xa00083dc
[55622.188690] PUF Read:0xaabeaaa8 at 0xa00083e0
[55622.188690] PUF Read:0xba2aa8aa at 0xa00083e4
[55622.188690] PUF Read:0xaaaaaa2a at 0xa00083e8
[55622.188690] PUF Read:0xaaaaaaaa at 0xa00083ec
[55622.188690] PUF Read:0xaaa8aeaa at 0xa00083f0
[55622.188842] PUF Read:0xaaaaaaaa at 0xa00083f4
[55622.188873] PUF Read:0xaaaaaaae at 0xa00083f8
[55622.188873] PUF Read:0x8aaeaaaa at 0xa00083fc
[55622.188873] [i] Finished PUF read-out
[55622.188934] <6>[i] Finished PUF query for decaytime: 15360
[55622.188934] End measurement:7
[55622.188934] [i] Start measurement: 8
[55622.188964] [i] Start decaytime: 60
[55622.188964] EMIF 2 REG Write 0x80000000 at 0x4d000010
[55622.188964] EMIF 2 REG Read 0x80000000 at 0x4d000010
[55622.188995] EMIF 2 REG Write 0x80000000 at 0x4d000014
[55622.188995] EMIF 2 REG Read 0x00000000 at 0x4d000014
[55622.189025] EMIF 2 REG Write 0x08016893 at 0x4d0000cc
[55622.189025] EMIF 2 REG Read 0x08016893 at 0x4d0000cc
[55622.189025] Temp polling alert disabled
[55622.189056] Refresh Disabled at EMIF2
[55622.189056] [i] Initialiting PUF & hammer rows
[55622.189056] [i] Single-Sided Rowhammer (SSRH)
[55622.195800] [i] Finished initialiting PUF & hammer rows
[55622.195800] [i]	Timer elapsed since its reset 0 sec
[55622.195831] [i] Decay: 60 sec
[55622.195831] [i]	Relative Decay: 0 msec
