[55262.151275] [i] Total hammer attempts per row: 3728265
[55262.152313] EMIF 2 REG Write 0x00000618 at 0x4d000010
[55262.152313] EMIF 2 REG Read 0x00000618 at 0x4d000010
[55262.152343] EMIF 2 REG Write 0x00000618 at 0x4d000014
[55262.152343] EMIF 2 REG Read 0x00000618 at 0x4d000014
[55262.152374] EMIF 2 REG Write 0x58016893 at 0x4d0000cc
[55262.152374] EMIF 2 REG Read 0x58016893 at 0x4d0000cc
[55262.152404] Temp polling alert enabled
[55262.152404] Refresh enabled at EMIF2
[55262.152404] [i] Starting PUF read-out
[55262.152435] [i] Single-Sided Rowhammer (SSRH)
[55262.152435] PUF Read:0xaaaa2aaa at 0xa0008000
[55262.152435] PUF Read:0xaaaaaaaa at 0xa0008004
[55262.152435] PUF Read:0xaaaaaaaa at 0xa0008008
[55262.152526] PUF Read:0xa2aaaa2a at 0xa000800c
[55262.152557] PUF Read:0xaaaaaaaa at 0xa0008010
[55262.152557] PUF Read:0x8aaaabaa at 0xa0008014
[55262.152557] PUF Read:0xaaaa2aaa at 0xa0008018
[55262.152557] PUF Read:0xaaa2aaaa at 0xa000801c
[55262.152557] PUF Read:0xaaaaaaaa at 0xa0008020
[55262.152557] PUF Read:0xeaaaeaaa at 0xa0008024
[55262.152709] PUF Read:0xaaaaaaaa at 0xa0008028
[55262.152740] PUF Read:0xaaaaaaba at 0xa000802c
[55262.152740] PUF Read:0xaaaaaaa8 at 0xa0008030
[55262.152740] PUF Read:0xaeaaaaaa at 0xa0008034
[55262.152801] PUF Read:0xaaaaaaaa at 0xa0008038
[55262.152801] PUF Read:0xaaaaaaaa at 0xa000803c
[55262.152862] PUF Read:0xaaaaaaab at 0xa0008040
[55262.152893] PUF Read:0xaaaaeaaa at 0xa0008044
[55262.152893] PUF Read:0xaaaaaaaa at 0xa0008048
[55262.152893] PUF Read:0xaaaaaaa8 at 0xa000804c
[55262.152893] PUF Read:0xa2aaaaaa at 0xa0008050
[55262.152893] PUF Read:0xaaaaa8aa at 0xa0008054
[55262.152893] PUF Read:0xaaaaaa8a at 0xa0008058
[55262.153045] PUF Read:0xaaaaaaaa at 0xa000805c
[55262.153045] PUF Read:0xaaaaaaaa at 0xa0008060
[55262.153045] PUF Read:0xaaaa2aaa at 0xa0008064
[55262.153045] PUF Read:0xaaaaaaaa at 0xa0008068
[55262.153137] PUF Read:0xaaaaaaaa at 0xa000806c
[55262.153137] PUF Read:0xaaaaaaaa at 0xa0008070
[55262.153198] PUF Read:0xaaaaaaaa at 0xa0008074
[55262.153228] PUF Read:0xaaaaaaaa at 0xa0008078
[55262.153228] PUF Read:0xaaabaaaa at 0xa000807c
[55262.153228] PUF Read:0xaaabaaaa at 0xa0008080
[55262.153289] PUF Read:0xaaaaaaaa at 0xa0008084
[55262.153289] PUF Read:0xaaaaaaaa at 0xa0008088
[55262.153350] PUF Read:0xaaaaaaaa at 0xa000808c
[55262.153381] PUF Read:0xaaaa8aaa at 0xa0008090
[55262.153381] PUF Read:0xaaaaaaaa at 0xa0008094
[55262.153381] PUF Read:0x2aabaaab at 0xa0008098
[55262.153442] PUF Read:0xaaaaaaaa at 0xa000809c
[55262.153442] PUF Read:0x8aaaaa2a at 0xa00080a0
[55262.153503] PUF Read:0xaaabaaaa at 0xa00080a4
[55262.153533] PUF Read:0xaa8aaaaa at 0xa00080a8
[55262.153533] PUF Read:0xaaaa8aea at 0xa00080ac
[55262.153594] PUF Read:0xaaaaaaaa at 0xa00080b0
[55262.153594] PUF Read:0x2a2aaaaa at 0xa00080b4
[55262.153594] PUF Read:0xaaaaeaaa at 0xa00080b8
[55262.153594] PUF Read:0x8aaaaaaa at 0xa00080bc
[55262.153686] PUF Read:0xaaaaaaaa at 0xa00080c0
[55262.153686] PUF Read:0xaaaaaaaa at 0xa00080c4
[55262.153686] PUF Read:0xaaa2aaaa at 0xa00080c8
[55262.153686] PUF Read:0xabaaaaaa at 0xa00080cc
[55262.153686] PUF Read:0xeaaeeaaa at 0xa00080d0
[55262.153686] PUF Read:0xaaaa2aa8 at 0xa00080d4
[55262.153839] PUF Read:0xaaaa3aaa at 0xa00080d8
[55262.153839] PUF Read:0xaaaaaaaa at 0xa00080dc
[55262.153839] PUF Read:0xabaaaaaa at 0xa00080e0
[55262.153839] PUF Read:0xaaaaaaaa at 0xa00080e4
[55262.153839] PUF Read:0xaaaaaaaa at 0xa00080e8
[55262.153839] PUF Read:0xaaaaaaab at 0xa00080ec
[55262.153991] PUF Read:0x8aaaaaaa at 0xa00080f0
[55262.153991] PUF Read:0xaaaaaaaa at 0xa00080f4
[55262.153991] PUF Read:0xaaaaabaa at 0xa00080f8
[55262.153991] PUF Read:0xaa8aaaaa at 0xa00080fc
[55262.153991] PUF Read:0xaaaaaaaa at 0xa0008100
[55262.153991] PUF Read:0xaaaaaaaa at 0xa0008104
[55262.153991] PUF Read:0xaaa2aaaa at 0xa0008108
[55262.154174] PUF Read:0xaaaaaaaa at 0xa000810c
[55262.154174] PUF Read:0xaaaaaaaa at 0xa0008110
[55262.154174] PUF Read:0xaaea2aaa at 0xa0008114
[55262.154174] PUF Read:0xaaaaaaaa at 0xa0008118
[55262.154174] PUF Read:0xaaaaaaaa at 0xa000811c
[55262.154174] PUF Read:0xaaaaaaaa at 0xa0008120
[55262.154327] PUF Read:0xaaaaaeaa at 0xa0008124
[55262.154327] PUF Read:0xaaaaaaea at 0xa0008128
[55262.154327] PUF Read:0xaaaaaaaa at 0xa000812c
[55262.154327] PUF Read:0xaaaaaaaa at 0xa0008130
[55262.154418] PUF Read:0xaaaaaa2a at 0xa0008134
[55262.154418] PUF Read:0xaa8baaaa at 0xa0008138
[55262.154479] PUF Read:0xaaaaaaaa at 0xa000813c
[55262.154510] PUF Read:0xaaaaaeaa at 0xa0008140
[55262.154510] PUF Read:0xaaaaaaaa at 0xa0008144
[55262.154510] PUF Read:0xaabaaeaa at 0xa0008148
[55262.154571] PUF Read:0xaaaaaaaa at 0xa000814c
[55262.154571] PUF Read:0xaaaaaaaa at 0xa0008150
[55262.154632] PUF Read:0xaaaaaaaa at 0xa0008154
[55262.154663] PUF Read:0xaaaaaaaa at 0xa0008158
[55262.154663] PUF Read:0xaaaaaaea at 0xa000815c
[55262.154663] PUF Read:0xaaaaaaaa at 0xa0008160
[55262.154724] PUF Read:0xaaaaaaaa at 0xa0008164
[55262.154724] PUF Read:0xaeaaaaaa at 0xa0008168
[55262.154785] PUF Read:0xaaeaaaaa at 0xa000816c
[55262.154815] PUF Read:0x2aaaaaaa at 0xa0008170
[55262.154815] PUF Read:0xaabaaaaa at 0xa0008174
[55262.154815] PUF Read:0xaaaaaaaa at 0xa0008178
[55262.154876] PUF Read:0xaaaaaaaa at 0xa000817c
[55262.154876] PUF Read:0xaaaa2a2a at 0xa0008180
[55262.154937] PUF Read:0xaaaaaaaa at 0xa0008184
[55262.154968] PUF Read:0xaa2aaaaa at 0xa0008188
[55262.154968] PUF Read:0xaaaaaaea at 0xa000818c
[55262.154968] PUF Read:0x2aaaaaaa at 0xa0008190
[55262.155029] PUF Read:0xeaaaaaaa at 0xa0008194
[55262.155029] PUF Read:0xaaaaaaaa at 0xa0008198
[55262.155090] PUF Read:0xaaaaaaaa at 0xa000819c
[55262.155120] PUF Read:0xaaaaaaaa at 0xa00081a0
[55262.155120] PUF Read:0xaaaaaaaa at 0xa00081a4
[55262.155120] PUF Read:0xaaa2aaaa at 0xa00081a8
[55262.155181] PUF Read:0xaaaaaaaa at 0xa00081ac
[55262.155181] PUF Read:0xaaebaaaa at 0xa00081b0
[55262.155242] PUF Read:0xaaaaaaaa at 0xa00081b4
[55262.155273] PUF Read:0xaaaaaaaa at 0xa00081b8
[55262.155273] PUF Read:0xa2aaaaaa at 0xa00081bc
[55262.155273] PUF Read:0xaaa8aaaa at 0xa00081c0
[55262.155273] PUF Read:0xaaaaaaae at 0xa00081c4
[55262.155273] PUF Read:0xaaaaaaaa at 0xa00081c8
[55262.155273] PUF Read:0xaa2baaaa at 0xa00081cc
[55262.155426] PUF Read:0xbaaaaaaa at 0xa00081d0
[55262.155426] PUF Read:0xaaaaaa2a at 0xa00081d4
[55262.155426] PUF Read:0xaaaaaaaa at 0xa00081d8
[55262.155426] PUF Read:0xaaaaaaaa at 0xa00081dc
[55262.155426] PUF Read:0xaaaaaaaa at 0xa00081e0
[55262.155426] PUF Read:0xaaaaaaea at 0xa00081e4
[55262.155578] PUF Read:0xaaaaaaaa at 0xa00081e8
[55262.155609] PUF Read:0xaa2aaaaa at 0xa00081ec
[55262.155609] PUF Read:0xaaaaaaab at 0xa00081f0
[55262.155609] PUF Read:0xaaaaaeaa at 0xa00081f4
[55262.155670] PUF Read:0xaaaaaaa2 at 0xa00081f8
[55262.155670] PUF Read:0xaaaaaaaa at 0xa00081fc
[55262.155731] PUF Read:0xaaaaaaaa at 0xa0008200
[55262.155761] PUF Read:0xaaaaaaaa at 0xa0008204
[55262.155761] PUF Read:0xaaaaaaba at 0xa0008208
[55262.155761] PUF Read:0xa8aaaaaa at 0xa000820c
[55262.155761] PUF Read:0xaaaaa2a8 at 0xa0008210
[55262.155761] PUF Read:0xaaaaaaaa at 0xa0008214
[55262.155761] PUF Read:0xaaaaaeaa at 0xa0008218
[55262.155914] PUF Read:0xaaaaaaaa at 0xa000821c
[55262.155914] PUF Read:0xaaaaaaaa at 0xa0008220
[55262.155914] PUF Read:0xaabaaaaa at 0xa0008224
[55262.155914] PUF Read:0xaaaaaaaa at 0xa0008228
[55262.155914] PUF Read:0xaaaaaaaa at 0xa000822c
[55262.155914] PUF Read:0xaaaaaeaa at 0xa0008230
[55262.156066] PUF Read:0x286aaaaa at 0xa0008234
[55262.156066] PUF Read:0xaaaaaaaa at 0xa0008238
[55262.156066] PUF Read:0xaaaaaaaa at 0xa000823c
[55262.156066] PUF Read:0xaaaaaaaa at 0xa0008240
[55262.156066] PUF Read:0xaaaaaaaa at 0xa0008244
[55262.156066] PUF Read:0xaaaaaaaa at 0xa0008248
[55262.156219] PUF Read:0xaaaaaaaa at 0xa000824c
[55262.156219] PUF Read:0xaaaaaaaa at 0xa0008250
[55262.156219] PUF Read:0xaabaaaaa at 0xa0008254
[55262.156219] PUF Read:0xaaaaaaaa at 0xa0008258
[55262.156311] PUF Read:0xaaaeaaaa at 0xa000825c
[55262.156311] PUF Read:0xaaaaaaaa at 0xa0008260
[55262.156372] PUF Read:0xaaaaaaaa at 0xa0008264
[55262.156402] PUF Read:0xaaaa8caa at 0xa0008268
[55262.156402] PUF Read:0xeaaaaaaa at 0xa000826c
[55262.156402] PUF Read:0xaaaaaaaa at 0xa0008270
[55262.156463] PUF Read:0xaaaaaaaa at 0xa0008274
[55262.156463] PUF Read:0xaaaaaaea at 0xa0008278
[55262.156524] PUF Read:0xaaaaaaaa at 0xa000827c
[55262.156555] PUF Read:0xeaaaaaaa at 0xa0008280
[55262.156555] PUF Read:0xa2aaaaaa at 0xa0008284
[55262.156555] PUF Read:0xaaeaaaaa at 0xa0008288
[55262.156616] PUF Read:0xaaaaaaaa at 0xa000828c
[55262.156616] PUF Read:0xaaaaaaa8 at 0xa0008290
[55262.156677] PUF Read:0xa8aaaaaa at 0xa0008294
[55262.156707] PUF Read:0xaaaaaaaa at 0xa0008298
[55262.156707] PUF Read:0xaaaaaaaa at 0xa000829c
[55262.156707] PUF Read:0xaaaaaaaa at 0xa00082a0
[55262.156768] PUF Read:0xaaaabaaa at 0xa00082a4
[55262.156768] PUF Read:0xaaaaaaaa at 0xa00082a8
[55262.156829] PUF Read:0xaaaaaaaa at 0xa00082ac
[55262.156860] PUF Read:0xaaaaaaaa at 0xa00082b0
[55262.156860] PUF Read:0xaaaaaaaa at 0xa00082b4
[55262.156860] PUF Read:0xaaaaaaea at 0xa00082b8
[55262.156921] PUF Read:0xaaaaaaaa at 0xa00082bc
[55262.156921] PUF Read:0xaaaaaaaa at 0xa00082c0
[55262.156982] PUF Read:0xaaaaaaaa at 0xa00082c4
[55262.157012] PUF Read:0xbaaaaaaa at 0xa00082c8
[55262.157012] PUF Read:0xaaaaaaaa at 0xa00082cc
[55262.157073] PUF Read:0xaabaaaaa at 0xa00082d0
[55262.157073] PUF Read:0xaaaaaaaa at 0xa00082d4
[55262.157073] PUF Read:0xaaaaaaaa at 0xa00082d8
[55262.157073] PUF Read:0xaaaaeaaa at 0xa00082dc
[55262.157165] PUF Read:0xaaaaaaaa at 0xa00082e0
[55262.157196] PUF Read:0xaaaaaeaa at 0xa00082e4
[55262.157196] PUF Read:0xaaaaabaa at 0xa00082e8
[55262.157196] PUF Read:0xaaaaaaab at 0xa00082ec
[55262.157257] PUF Read:0xaaaaaaaa at 0xa00082f0
[55262.157257] PUF Read:0xaaa8aaaa at 0xa00082f4
[55262.157318] PUF Read:0xaaaaaaaa at 0xa00082f8
[55262.157348] PUF Read:0xaaaaaaaa at 0xa00082fc
[55262.157348] PUF Read:0xaaaaaaaa at 0xa0008300
[55262.157409] PUF Read:0xaaaaaaaa at 0xa0008304
[55262.157409] PUF Read:0xaaaa8aaa at 0xa0008308
[55262.157409] PUF Read:0xaaaaaaaa at 0xa000830c
[55262.157409] PUF Read:0xaaaaaa8a at 0xa0008310
[55262.157501] PUF Read:0xaaaaaaaa at 0xa0008314
[55262.157501] PUF Read:0x2beaaaaa at 0xa0008318
[55262.157562] PUF Read:0xbaaaaaaa at 0xa000831c
[55262.157562] PUF Read:0xaaaa8aaa at 0xa0008320
[55262.157562] PUF Read:0xaaaaaaaa at 0xa0008324
[55262.157562] PUF Read:0xaaaaaaaa at 0xa0008328
[55262.157653] PUF Read:0xaa8aaaaa at 0xa000832c
[55262.157653] PUF Read:0xaaaaaaae at 0xa0008330
[55262.157653] PUF Read:0xaaaaaaaa at 0xa0008334
[55262.157653] PUF Read:0xaaaaaaaa at 0xa0008338
[55262.157653] PUF Read:0xaaaaaaaa at 0xa000833c
[55262.157653] PUF Read:0xbaaaaaaa at 0xa0008340
[55262.157806] PUF Read:0xaaaaaa2b at 0xa0008344
[55262.157836] PUF Read:0xaaaaaaaa at 0xa0008348
[55262.157836] PUF Read:0xaaaaabaa at 0xa000834c
[55262.157836] PUF Read:0xaaaa8a8a at 0xa0008350
[55262.157897] PUF Read:0x8aaaaaaa at 0xa0008354
[55262.157897] PUF Read:0xaaaaaaaa at 0xa0008358
[55262.157958] PUF Read:0xaaaaaaaa at 0xa000835c
[55262.157989] PUF Read:0xaaabaaaa at 0xa0008360
[55262.157989] PUF Read:0xaaaaaa2a at 0xa0008364
[55262.157989] PUF Read:0xaaaaaaaa at 0xa0008368
[55262.158050] PUF Read:0xaaaaaeaa at 0xa000836c
[55262.158050] PUF Read:0xaaaaaaaa at 0xa0008370
[55262.158111] PUF Read:0xaaaaaaaa at 0xa0008374
[55262.158142] PUF Read:0xeaaa8aaa at 0xa0008378
[55262.158142] PUF Read:0xaaaaaaaa at 0xa000837c
[55262.158203] PUF Read:0xaaaaaaaa at 0xa0008380
[55262.158203] PUF Read:0xaaaaaaaa at 0xa0008384
[55262.158203] PUF Read:0xaaaaaaaa at 0xa0008388
[55262.158264] PUF Read:0xaaaaaaaa at 0xa000838c
[55262.158294] PUF Read:0xaaaaaaab at 0xa0008390
[55262.158294] PUF Read:0xaaaaabaa at 0xa0008394
[55262.158294] PUF Read:0xaaaaaaaa at 0xa0008398
[55262.158355] PUF Read:0xaaa2aaaa at 0xa000839c
[55262.158355] PUF Read:0xaaaaaaaa at 0xa00083a0
[55262.158416] PUF Read:0xaaaaaaaa at 0xa00083a4
[55262.158447] PUF Read:0xaaaaaaaa at 0xa00083a8
[55262.158447] PUF Read:0xaaaabaaa at 0xa00083ac
[55262.158508] PUF Read:0xaaaaaaa2 at 0xa00083b0
[55262.158508] PUF Read:0xaaaaaaaa at 0xa00083b4
[55262.158508] PUF Read:0xaaaaaaaa at 0xa00083b8
[55262.158508] PUF Read:0xaaaaaaaa at 0xa00083bc
[55262.158599] PUF Read:0xaaaaaaaa at 0xa00083c0
[55262.158599] PUF Read:0xaeaaaaaa at 0xa00083c4
[55262.158599] PUF Read:0xaaaaaaaa at 0xa00083c8
[55262.158599] PUF Read:0xaaa2aaaa at 0xa00083cc
[55262.158721] PUF Read:0xaaaaaaaa at 0xa00083d0
[55262.158721] PUF Read:0xaaabaaaa at 0xa00083d4
[55262.158721] PUF Read:0xaaaaaaaa at 0xa00083d8
[55262.158813] PUF Read:0xaaaaaaaa at 0xa00083dc
[55262.158843] PUF Read:0xaabeaaa8 at 0xa00083e0
[55262.158843] PUF Read:0xba2aa8aa at 0xa00083e4
[55262.158843] PUF Read:0xaaaaaa2a at 0xa00083e8
[55262.158843] PUF Read:0xaaaaaaaa at 0xa00083ec
[55262.158843] PUF Read:0xaaaaaeaa at 0xa00083f0
[55262.158843] PUF Read:0xaaaaaaaa at 0xa00083f4
[55262.158996] PUF Read:0xaaaaaaae at 0xa00083f8
[55262.158996] PUF Read:0x8aaeaaaa at 0xa00083fc
[55262.158996] [i] Finished PUF read-out
[55262.159057] <6>[i] Finished PUF query for decaytime: 15360
[55262.159057] End measurement:5
[55262.159057] [i] Start measurement: 6
[55262.159088] [i] Start decaytime: 60
[55262.159088] EMIF 2 REG Write 0x80000000 at 0x4d000010
[55262.159088] EMIF 2 REG Read 0x80000000 at 0x4d000010
[55262.159118] EMIF 2 REG Write 0x80000000 at 0x4d000014
[55262.159118] EMIF 2 REG Read 0x00000000 at 0x4d000014
[55262.159149] EMIF 2 REG Write 0x08016893 at 0x4d0000cc
[55262.159149] EMIF 2 REG Read 0x08016893 at 0x4d0000cc
[55262.159179] Temp polling alert disabled
[55262.159179] Refresh Disabled at EMIF2
[55262.159179] [i] Initialiting PUF & hammer rows
[55262.159210] [i] Single-Sided Rowhammer (SSRH)
[55262.159210] [i] Finished initialiting PUF & hammer rows
[55262.165924] [i]	Timer elapsed since its reset 0 sec
[55262.165924] [i] Decay: 60 sec
[55262.165924] [i]	Relative Decay: 0 msec
