[13968.408721] [i] Total hammer attempts per row: 3726056
[13968.408752] EMIF 2 REG Write 0x00000618 at 0x4d000010
[13968.408782] EMIF 2 REG Read 0x00000618 at 0x4d000010
[13968.408782] EMIF 2 REG Write 0x00000618 at 0x4d000014
[13968.408813] EMIF 2 REG Read 0x00000618 at 0x4d000014
[13968.408813] EMIF 2 REG Write 0x58016893 at 0x4d0000cc
[13968.408813] EMIF 2 REG Read 0x58016893 at 0x4d0000cc
[13968.408843] Temp polling alert enabled
[13968.408843] Refresh enabled at EMIF2
[13968.408843] [i] Starting PUF read-out
[13968.408874] [i] Single-Sided Rowhammer (SSRH)
[13968.408874] PUF Read:0x00000010 at 0xa0008000
[13968.408874] PUF Read:0x00000400 at 0xa0008004
[13968.408874] PUF Read:0x00000000 at 0xa0008008
[13968.408874] PUF Read:0x00000000 at 0xa000800c
[13968.408996] PUF Read:0x00000000 at 0xa0008010
[13968.409027] PUF Read:0x00000100 at 0xa0008014
[13968.409027] PUF Read:0x00000000 at 0xa0008018
[13968.409027] PUF Read:0x10400100 at 0xa000801c
[13968.409027] PUF Read:0x40000000 at 0xa0008020
[13968.409027] PUF Read:0x40004000 at 0xa0008024
[13968.409027] PUF Read:0x00004000 at 0xa0008028
[13968.409027] PUF Read:0x00000010 at 0xa000802c
[13968.409210] PUF Read:0x40000000 at 0xa0008030
[13968.409240] PUF Read:0x04000000 at 0xa0008034
[13968.409240] PUF Read:0x00004000 at 0xa0008038
[13968.409240] PUF Read:0x00000000 at 0xa000803c
[13968.409301] PUF Read:0x00000001 at 0xa0008040
[13968.409301] PUF Read:0x00004000 at 0xa0008044
[13968.409301] PUF Read:0x40000000 at 0xa0008048
[13968.409393] PUF Read:0x00000001 at 0xa000804c
[13968.409393] PUF Read:0x00000000 at 0xa0008050
[13968.409393] PUF Read:0x00000000 at 0xa0008054
[13968.409393] PUF Read:0x00000000 at 0xa0008058
[13968.409484] PUF Read:0x00000000 at 0xa000805c
[13968.409484] PUF Read:0x00000000 at 0xa0008060
[13968.409545] PUF Read:0x00100000 at 0xa0008064
[13968.409576] PUF Read:0x00000000 at 0xa0008068
[13968.409576] PUF Read:0x00000000 at 0xa000806c
[13968.409576] PUF Read:0x00000010 at 0xa0008070
[13968.409637] PUF Read:0x00000000 at 0xa0008074
[13968.409637] PUF Read:0x00000000 at 0xa0008078
[13968.409698] PUF Read:0x00010000 at 0xa000807c
[13968.409729] PUF Read:0x00010001 at 0xa0008080
[13968.409729] PUF Read:0x00010000 at 0xa0008084
[13968.409729] PUF Read:0x00000000 at 0xa0008088
[13968.409729] PUF Read:0x00000000 at 0xa000808c
[13968.409729] PUF Read:0x00000000 at 0xa0008090
[13968.409729] PUF Read:0x10000000 at 0xa0008094
[13968.409881] PUF Read:0x00410001 at 0xa0008098
[13968.409912] PUF Read:0x00000000 at 0xa000809c
[13968.409912] PUF Read:0x00000000 at 0xa00080a0
[13968.409912] PUF Read:0x00010000 at 0xa00080a4
[13968.409973] PUF Read:0x00010001 at 0xa00080a8
[13968.409973] PUF Read:0x00000041 at 0xa00080ac
[13968.410034] PUF Read:0x00000000 at 0xa00080b0
[13968.410064] PUF Read:0x00000000 at 0xa00080b4
[13968.410064] PUF Read:0x00004000 at 0xa00080b8
[13968.410064] PUF Read:0x00000000 at 0xa00080bc
[13968.410125] PUF Read:0x00000400 at 0xa00080c0
[13968.410125] PUF Read:0x00000000 at 0xa00080c4
[13968.410186] PUF Read:0x10100000 at 0xa00080c8
[13968.410217] PUF Read:0x01000000 at 0xa00080cc
[13968.410217] PUF Read:0x40045000 at 0xa00080d0
[13968.410217] PUF Read:0x00000000 at 0xa00080d4
[13968.410217] PUF Read:0x00001000 at 0xa00080d8
[13968.410217] PUF Read:0x00000000 at 0xa00080dc
[13968.410217] PUF Read:0x01000000 at 0xa00080e0
[13968.410369] PUF Read:0x00000000 at 0xa00080e4
[13968.410369] PUF Read:0x00000000 at 0xa00080e8
[13968.410369] PUF Read:0x00000001 at 0xa00080ec
[13968.410369] PUF Read:0x00000000 at 0xa00080f0
[13968.410369] PUF Read:0x00000000 at 0xa00080f4
[13968.410369] PUF Read:0x00000100 at 0xa00080f8
[13968.410522] PUF Read:0x00000000 at 0xa00080fc
[13968.410552] PUF Read:0x00000000 at 0xa0008100
[13968.410552] PUF Read:0x00000000 at 0xa0008104
[13968.410552] PUF Read:0x00000000 at 0xa0008108
[13968.410614] PUF Read:0x00000100 at 0xa000810c
[13968.410614] PUF Read:0x00000000 at 0xa0008110
[13968.410675] PUF Read:0x00400000 at 0xa0008114
[13968.410705] PUF Read:0x00000000 at 0xa0008118
[13968.410705] PUF Read:0x00000000 at 0xa000811c
[13968.410705] PUF Read:0x01000000 at 0xa0008120
[13968.410705] PUF Read:0x00000400 at 0xa0008124
[13968.410705] PUF Read:0x00000040 at 0xa0008128
[13968.410705] PUF Read:0x00000000 at 0xa000812c
[13968.410858] PUF Read:0x00000000 at 0xa0008130
[13968.410858] PUF Read:0x00000000 at 0xa0008134
[13968.410858] PUF Read:0x00110000 at 0xa0008138
[13968.410858] PUF Read:0x00000000 at 0xa000813c
[13968.410858] PUF Read:0x40000400 at 0xa0008140
[13968.410858] PUF Read:0x00010040 at 0xa0008144
[13968.411010] PUF Read:0x00100400 at 0xa0008148
[13968.411041] PUF Read:0x00000000 at 0xa000814c
[13968.411041] PUF Read:0x00000000 at 0xa0008150
[13968.411041] PUF Read:0x00000000 at 0xa0008154
[13968.411102] PUF Read:0x00000000 at 0xa0008158
[13968.411102] PUF Read:0x01100040 at 0xa000815c
[13968.411163] PUF Read:0x00001000 at 0xa0008160
[13968.411193] PUF Read:0x10000000 at 0xa0008164
[13968.411193] PUF Read:0x04000000 at 0xa0008168
[13968.411193] PUF Read:0x00400000 at 0xa000816c
[13968.411193] PUF Read:0x00000000 at 0xa0008170
[13968.411193] PUF Read:0x00100000 at 0xa0008174
[13968.411193] PUF Read:0x00000000 at 0xa0008178
[13968.411346] PUF Read:0x00004000 at 0xa000817c
[13968.411346] PUF Read:0x00000000 at 0xa0008180
[13968.411346] PUF Read:0x00000000 at 0xa0008184
[13968.411346] PUF Read:0x00040000 at 0xa0008188
[13968.411346] PUF Read:0x00000440 at 0xa000818c
[13968.411346] PUF Read:0x00000000 at 0xa0008190
[13968.411499] PUF Read:0x40000000 at 0xa0008194
[13968.411499] PUF Read:0x00000104 at 0xa0008198
[13968.411499] PUF Read:0x00000000 at 0xa000819c
[13968.411499] PUF Read:0x00000000 at 0xa00081a0
[13968.411499] PUF Read:0x00000000 at 0xa00081a4
[13968.411621] PUF Read:0x00000000 at 0xa00081a8
[13968.411651] PUF Read:0x00000040 at 0xa00081ac
[13968.411651] PUF Read:0x00410000 at 0xa00081b0
[13968.411651] PUF Read:0x00000000 at 0xa00081b4
[13968.411651] PUF Read:0x00000000 at 0xa00081b8
[13968.411651] PUF Read:0x00100000 at 0xa00081bc
[13968.411651] PUF Read:0x00000000 at 0xa00081c0
[13968.411804] PUF Read:0x00000004 at 0xa00081c4
[13968.411804] PUF Read:0x00000000 at 0xa00081c8
[13968.411804] PUF Read:0x00010000 at 0xa00081cc
[13968.411804] PUF Read:0x10000000 at 0xa00081d0
[13968.411804] PUF Read:0x00000000 at 0xa00081d4
[13968.411804] PUF Read:0x10000000 at 0xa00081d8
[13968.411956] PUF Read:0x00004000 at 0xa00081dc
[13968.411987] PUF Read:0x00000000 at 0xa00081e0
[13968.411987] PUF Read:0x00000040 at 0xa00081e4
[13968.411987] PUF Read:0x00000000 at 0xa00081e8
[13968.412048] PUF Read:0x00010010 at 0xa00081ec
[13968.412048] PUF Read:0x00000001 at 0xa00081f0
[13968.412109] PUF Read:0x00010400 at 0xa00081f4
[13968.412139] PUF Read:0x00000000 at 0xa00081f8
[13968.412139] PUF Read:0x00400040 at 0xa00081fc
[13968.412139] PUF Read:0x00000000 at 0xa0008200
[13968.412200] PUF Read:0x00000000 at 0xa0008204
[13968.412200] PUF Read:0x00000010 at 0xa0008208
[13968.412200] PUF Read:0x00001000 at 0xa000820c
[13968.412292] PUF Read:0x00400000 at 0xa0008210
[13968.412292] PUF Read:0x00000000 at 0xa0008214
[13968.412292] PUF Read:0x00000400 at 0xa0008218
[13968.412292] PUF Read:0x00000000 at 0xa000821c
[13968.412384] PUF Read:0x00000000 at 0xa0008220
[13968.412384] PUF Read:0x00100000 at 0xa0008224
[13968.412445] PUF Read:0x00000000 at 0xa0008228
[13968.412475] PUF Read:0x00000000 at 0xa000822c
[13968.412475] PUF Read:0x00000500 at 0xa0008230
[13968.412475] PUF Read:0x00400000 at 0xa0008234
[13968.412536] PUF Read:0x00000000 at 0xa0008238
[13968.412536] PUF Read:0x00000500 at 0xa000823c
[13968.412597] PUF Read:0x01000004 at 0xa0008240
[13968.412628] PUF Read:0x00000000 at 0xa0008244
[13968.412628] PUF Read:0x00040000 at 0xa0008248
[13968.412628] PUF Read:0x00000000 at 0xa000824c
[13968.412689] PUF Read:0x04000000 at 0xa0008250
[13968.412689] PUF Read:0x00100000 at 0xa0008254
[13968.412750] PUF Read:0x00000000 at 0xa0008258
[13968.412780] PUF Read:0x04040000 at 0xa000825c
[13968.412780] PUF Read:0x00000000 at 0xa0008260
[13968.412780] PUF Read:0x00001010 at 0xa0008264
[13968.412780] PUF Read:0x00000400 at 0xa0008268
[13968.412780] PUF Read:0x00001000 at 0xa000826c
[13968.412780] PUF Read:0x00001000 at 0xa0008270
[13968.412933] PUF Read:0x00000000 at 0xa0008274
[13968.412933] PUF Read:0x00000040 at 0xa0008278
[13968.412933] PUF Read:0x00100000 at 0xa000827c
[13968.412933] PUF Read:0x40000000 at 0xa0008280
[13968.412933] PUF Read:0x00000000 at 0xa0008284
[13968.412933] PUF Read:0x00400000 at 0xa0008288
[13968.413085] PUF Read:0x00000000 at 0xa000828c
[13968.413116] PUF Read:0x00000000 at 0xa0008290
[13968.413116] PUF Read:0x00000000 at 0xa0008294
[13968.413116] PUF Read:0x00000000 at 0xa0008298
[13968.413177] PUF Read:0x00000000 at 0xa000829c
[13968.413177] PUF Read:0x00000400 at 0xa00082a0
[13968.413238] PUF Read:0x00001000 at 0xa00082a4
[13968.413269] PUF Read:0x00000000 at 0xa00082a8
[13968.413269] PUF Read:0x00000000 at 0xa00082ac
[13968.413269] PUF Read:0x00000000 at 0xa00082b0
[13968.413330] PUF Read:0x00000000 at 0xa00082b4
[13968.413330] PUF Read:0x00000040 at 0xa00082b8
[13968.413391] PUF Read:0x00000000 at 0xa00082bc
[13968.413421] PUF Read:0x10000000 at 0xa00082c0
[13968.413421] PUF Read:0x00000000 at 0xa00082c4
[13968.413421] PUF Read:0x10000000 at 0xa00082c8
[13968.413482] PUF Read:0x00000000 at 0xa00082cc
[13968.413482] PUF Read:0x00100000 at 0xa00082d0
[13968.413543] PUF Read:0x00000000 at 0xa00082d4
[13968.413574] PUF Read:0x40000000 at 0xa00082d8
[13968.413574] PUF Read:0x00004000 at 0xa00082dc
[13968.413574] PUF Read:0x00000000 at 0xa00082e0
[13968.413635] PUF Read:0x00000400 at 0xa00082e4
[13968.413635] PUF Read:0x00000100 at 0xa00082e8
[13968.413696] PUF Read:0x00000001 at 0xa00082ec
[13968.413726] PUF Read:0x00000001 at 0xa00082f0
[13968.413726] PUF Read:0x00000000 at 0xa00082f4
[13968.413726] PUF Read:0x00100000 at 0xa00082f8
[13968.413726] PUF Read:0x00000000 at 0xa00082fc
[13968.413818] PUF Read:0x00000100 at 0xa0008300
[13968.413818] PUF Read:0x00000000 at 0xa0008304
[13968.413879] PUF Read:0x00000000 at 0xa0008308
[13968.413909] PUF Read:0x00000000 at 0xa000830c
[13968.413909] PUF Read:0x00000000 at 0xa0008310
[13968.413970] PUF Read:0x00000010 at 0xa0008314
[13968.413970] PUF Read:0x01500000 at 0xa0008318
[13968.413970] PUF Read:0x10000000 at 0xa000831c
[13968.414031] PUF Read:0x00000000 at 0xa0008320
[13968.414062] PUF Read:0x00000100 at 0xa0008324
[13968.414062] PUF Read:0x00000000 at 0xa0008328
[13968.414123] PUF Read:0x00010000 at 0xa000832c
[13968.414123] PUF Read:0x00000004 at 0xa0008330
[13968.414123] PUF Read:0x00000100 at 0xa0008334
[13968.414123] PUF Read:0x00001000 at 0xa0008338
[13968.414215] PUF Read:0x00000000 at 0xa000833c
[13968.414215] PUF Read:0x10000100 at 0xa0008340
[13968.414215] PUF Read:0x00000001 at 0xa0008344
[13968.414215] PUF Read:0x00000000 at 0xa0008348
[13968.414215] PUF Read:0x00000100 at 0xa000834c
[13968.414215] PUF Read:0x00000010 at 0xa0008350
[13968.414367] PUF Read:0x00000000 at 0xa0008354
[13968.414367] PUF Read:0x00000000 at 0xa0008358
[13968.414367] PUF Read:0x00001000 at 0xa000835c
[13968.414367] PUF Read:0x00014000 at 0xa0008360
[13968.414367] PUF Read:0x00000000 at 0xa0008364
[13968.414367] PUF Read:0x04000000 at 0xa0008368
[13968.414520] PUF Read:0x00000400 at 0xa000836c
[13968.414550] PUF Read:0x00000000 at 0xa0008370
[13968.414550] PUF Read:0x00000000 at 0xa0008374
[13968.414550] PUF Read:0x40010000 at 0xa0008378
[13968.414611] PUF Read:0x00000040 at 0xa000837c
[13968.414611] PUF Read:0x00000000 at 0xa0008380
[13968.414672] PUF Read:0x00000000 at 0xa0008384
[13968.414703] PUF Read:0x00000004 at 0xa0008388
[13968.414703] PUF Read:0x00000000 at 0xa000838c
[13968.414703] PUF Read:0x00000001 at 0xa0008390
[13968.414764] PUF Read:0x00000100 at 0xa0008394
[13968.414764] PUF Read:0x10000001 at 0xa0008398
[13968.414825] PUF Read:0x00000004 at 0xa000839c
[13968.414855] PUF Read:0x00004000 at 0xa00083a0
[13968.414855] PUF Read:0x00000000 at 0xa00083a4
[13968.414855] PUF Read:0x00100000 at 0xa00083a8
[13968.414916] PUF Read:0x00001000 at 0xa00083ac
[13968.414916] PUF Read:0x00000000 at 0xa00083b0
[13968.414978] PUF Read:0x00000000 at 0xa00083b4
[13968.415008] PUF Read:0x00004000 at 0xa00083b8
[13968.415008] PUF Read:0x00000000 at 0xa00083bc
[13968.415008] PUF Read:0x00000040 at 0xa00083c0
[13968.415069] PUF Read:0x04000000 at 0xa00083c4
[13968.415069] PUF Read:0x00000000 at 0xa00083c8
[13968.415130] PUF Read:0x00000000 at 0xa00083cc
[13968.415161] PUF Read:0x00000000 at 0xa00083d0
[13968.415161] PUF Read:0x00010000 at 0xa00083d4
[13968.415222] PUF Read:0x00000000 at 0xa00083d8
[13968.415222] PUF Read:0x00000001 at 0xa00083dc
[13968.415222] PUF Read:0x00140000 at 0xa00083e0
[13968.415222] PUF Read:0x10000000 at 0xa00083e4
[13968.415313] PUF Read:0x04000000 at 0xa00083e8
[13968.415344] PUF Read:0x00000000 at 0xa00083ec
[13968.415344] PUF Read:0x00000400 at 0xa00083f0
[13968.415344] PUF Read:0x04000000 at 0xa00083f4
[13968.415344] PUF Read:0x00000004 at 0xa00083f8
[13968.415344] PUF Read:0x00044000 at 0xa00083fc
[13968.415466] [i] Finished PUF read-out
[13968.415466] <6>[i] Finished PUF query for decaytime: 15360
[13968.415466] End measurement:16
[13968.415496] [i] Start measurement: 17
[13968.415496] [i] Start decaytime: 60
[13968.415527] EMIF 2 REG Write 0x80000000 at 0x4d000010
[13968.415527] EMIF 2 REG Read 0x80000000 at 0x4d000010
[13968.415557] EMIF 2 REG Write 0x80000000 at 0x4d000014
[13968.415557] EMIF 2 REG Read 0x00000000 at 0x4d000014
[13968.415557] EMIF 2 REG Write 0x08016893 at 0x4d0000cc
[13968.415588] EMIF 2 REG Read 0x08016893 at 0x4d0000cc
[13968.415588] Temp polling alert disabled
[13968.415588] Refresh Disabled at EMIF2
[13968.415618] [i] Initialiting PUF & hammer rows
[13968.415618] [i] Single-Sided Rowhammer (SSRH)
[13968.416534] [i] Finished initialiting PUF & hammer rows
[13968.416534] [i]	Timer elapsed since its reset 0 sec
[13968.422393] [i] Decay: 60 sec
[13968.422393] [i]	Relative Decay: 0 msec
