[66860.635559] [i] Total hammer attempts per row: 1864559
[66860.635559] EMIF 2 REG Write 0x00000618 at 0x4d000010
[66860.635559] EMIF 2 REG Read 0x00000618 at 0x4d000010
[66860.635620] EMIF 2 REG Write 0x00000618 at 0x4d000014
[66860.635620] EMIF 2 REG Read 0x00000618 at 0x4d000014
[66860.635650] EMIF 2 REG Write 0x58016893 at 0x4d0000cc
[66860.635650] EMIF 2 REG Read 0x58016893 at 0x4d0000cc
[66860.635681] Temp polling alert enabled
[66860.635681] Refresh enabled at EMIF2
[66860.635681] [i] Starting PUF read-out
[66860.635711] [i] Single-Sided Rowhammer (SSRH)
[66860.635711] PUF Read:0xaaaaaaaa at 0xa0008000
[66860.635711] PUF Read:0xaaaaaaaa at 0xa0008004
[66860.635711] PUF Read:0xaaaaaaaa at 0xa0008008
[66860.635803] PUF Read:0xaaaaaaaa at 0xa000800c
[66860.635833] PUF Read:0xaaaaaaaa at 0xa0008010
[66860.635833] PUF Read:0xaaaaabaa at 0xa0008014
[66860.635833] PUF Read:0xaaaaaaaa at 0xa0008018
[66860.635833] PUF Read:0xaaaaaaaa at 0xa000801c
[66860.635925] PUF Read:0xaaaaaaaa at 0xa0008020
[66860.635925] PUF Read:0xaaaaaaaa at 0xa0008024
[66860.635986] PUF Read:0xaaaaaaaa at 0xa0008028
[66860.636016] PUF Read:0xaaaaaaaa at 0xa000802c
[66860.636016] PUF Read:0xaaaaaaaa at 0xa0008030
[66860.636016] PUF Read:0xaaaaaaaa at 0xa0008034
[66860.636016] PUF Read:0xaaaaaaaa at 0xa0008038
[66860.636108] PUF Read:0xaaaaaaaa at 0xa000803c
[66860.636108] PUF Read:0xaaaaaaab at 0xa0008040
[66860.636169] PUF Read:0xaaaaeaaa at 0xa0008044
[66860.636199] PUF Read:0xaaaaaaaa at 0xa0008048
[66860.636199] PUF Read:0xaaaaaaaa at 0xa000804c
[66860.636260] PUF Read:0xaaaaaaaa at 0xa0008050
[66860.636260] PUF Read:0xaaaaaaaa at 0xa0008054
[66860.636260] PUF Read:0xaaaaaaaa at 0xa0008058
[66860.636260] PUF Read:0xaaaaaaaa at 0xa000805c
[66860.636352] PUF Read:0xaaaaaaaa at 0xa0008060
[66860.636352] PUF Read:0xaaaaaaaa at 0xa0008064
[66860.636352] PUF Read:0xaaaaaaaa at 0xa0008068
[66860.636352] PUF Read:0xaaaaaaaa at 0xa000806c
[66860.636352] PUF Read:0xaaaaaaaa at 0xa0008070
[66860.636352] PUF Read:0xaaaaaaaa at 0xa0008074
[66860.636505] PUF Read:0xaaaaaaaa at 0xa0008078
[66860.636535] PUF Read:0xaaaaaaaa at 0xa000807c
[66860.636535] PUF Read:0xaaaaaaaa at 0xa0008080
[66860.636535] PUF Read:0xaaaaaaaa at 0xa0008084
[66860.636596] PUF Read:0xaaaaaaaa at 0xa0008088
[66860.636596] PUF Read:0xaaaaaaaa at 0xa000808c
[66860.636657] PUF Read:0xaaaa8aaa at 0xa0008090
[66860.636688] PUF Read:0xaaaaaaaa at 0xa0008094
[66860.636688] PUF Read:0xaaabaaaa at 0xa0008098
[66860.636688] PUF Read:0xaaaaaaaa at 0xa000809c
[66860.636749] PUF Read:0xaaaaaaaa at 0xa00080a0
[66860.636749] PUF Read:0xaaaaaaaa at 0xa00080a4
[66860.636810] PUF Read:0xaaaaaaaa at 0xa00080a8
[66860.636840] PUF Read:0xaaaaaaaa at 0xa00080ac
[66860.636840] PUF Read:0xaaaaaaaa at 0xa00080b0
[66860.636840] PUF Read:0xaa2aaaaa at 0xa00080b4
[66860.636901] PUF Read:0xaaaaaaaa at 0xa00080b8
[66860.636901] PUF Read:0x8aaaaaaa at 0xa00080bc
[66860.636962] PUF Read:0xaaaaaaaa at 0xa00080c0
[66860.636993] PUF Read:0xaaaaaaaa at 0xa00080c4
[66860.636993] PUF Read:0xaaa2aaaa at 0xa00080c8
[66860.636993] PUF Read:0xaaaaaaaa at 0xa00080cc
[66860.637054] PUF Read:0xaaaaaaaa at 0xa00080d0
[66860.637054] PUF Read:0xaaaaaaaa at 0xa00080d4
[66860.637115] PUF Read:0xaaaaaaaa at 0xa00080d8
[66860.637145] PUF Read:0xaaaaaaaa at 0xa00080dc
[66860.637145] PUF Read:0xaaaaaaaa at 0xa00080e0
[66860.637145] PUF Read:0xaaaaaaaa at 0xa00080e4
[66860.637207] PUF Read:0xaaaaaaaa at 0xa00080e8
[66860.637207] PUF Read:0xaaaaaaab at 0xa00080ec
[66860.637268] PUF Read:0x8aaaaaaa at 0xa00080f0
[66860.637298] PUF Read:0xaaaaaaaa at 0xa00080f4
[66860.637298] PUF Read:0xaaaaaaaa at 0xa00080f8
[66860.637298] PUF Read:0xaaaaaaaa at 0xa00080fc
[66860.637359] PUF Read:0xaaaaaaaa at 0xa0008100
[66860.637359] PUF Read:0xaaaaaaaa at 0xa0008104
[66860.637420] PUF Read:0xaaaaaaaa at 0xa0008108
[66860.637451] PUF Read:0xaaaaaaaa at 0xa000810c
[66860.637451] PUF Read:0xaaaaaaaa at 0xa0008110
[66860.637451] PUF Read:0xaaaaaaaa at 0xa0008114
[66860.637512] PUF Read:0xaaaaaaaa at 0xa0008118
[66860.637512] PUF Read:0xaaaaaaaa at 0xa000811c
[66860.637573] PUF Read:0xaaaaaaaa at 0xa0008120
[66860.637603] PUF Read:0xaaaaaaaa at 0xa0008124
[66860.637634] PUF Read:0xaaaaaaaa at 0xa0008128
[66860.637634] PUF Read:0xaaaaaaaa at 0xa000812c
[66860.637634] PUF Read:0xaaaaaaaa at 0xa0008130
[66860.637634] PUF Read:0xaaaaaaaa at 0xa0008134
[66860.637725] PUF Read:0xaa8aaaaa at 0xa0008138
[66860.637725] PUF Read:0xaaaaaaaa at 0xa000813c
[66860.637786] PUF Read:0xaaaaaaaa at 0xa0008140
[66860.637817] PUF Read:0xaaaaaaaa at 0xa0008144
[66860.637817] PUF Read:0xaabaaeaa at 0xa0008148
[66860.637817] PUF Read:0xaaaaaaaa at 0xa000814c
[66860.637878] PUF Read:0xaaaaaaaa at 0xa0008150
[66860.637878] PUF Read:0xaaaaaaaa at 0xa0008154
[66860.637939] PUF Read:0xaaaaaaaa at 0xa0008158
[66860.637969] PUF Read:0xaaaaaaea at 0xa000815c
[66860.637969] PUF Read:0xaaaaaaaa at 0xa0008160
[66860.637969] PUF Read:0xaaaaaaaa at 0xa0008164
[66860.638031] PUF Read:0xaaaaaaaa at 0xa0008168
[66860.638031] PUF Read:0xaaaaaaaa at 0xa000816c
[66860.638092] PUF Read:0xaaaaaaaa at 0xa0008170
[66860.638122] PUF Read:0xaaaaaaaa at 0xa0008174
[66860.638122] PUF Read:0xaaaaaaaa at 0xa0008178
[66860.638122] PUF Read:0xaaaaaaaa at 0xa000817c
[66860.638183] PUF Read:0xaaaaaa2a at 0xa0008180
[66860.638183] PUF Read:0xaaaaaaaa at 0xa0008184
[66860.638183] PUF Read:0xaaaaaaaa at 0xa0008188
[66860.638275] PUF Read:0xaaaaaaaa at 0xa000818c
[66860.638275] PUF Read:0xaaaaaaaa at 0xa0008190
[66860.638275] PUF Read:0xaaaaaaaa at 0xa0008194
[66860.638275] PUF Read:0xaaaaaaaa at 0xa0008198
[66860.638275] PUF Read:0xaaaaaaaa at 0xa000819c
[66860.638275] PUF Read:0xaaaaaaaa at 0xa00081a0
[66860.638427] PUF Read:0xaaaaaaaa at 0xa00081a4
[66860.638458] PUF Read:0xaaaaaaaa at 0xa00081a8
[66860.638458] PUF Read:0xaaaaaaaa at 0xa00081ac
[66860.638458] PUF Read:0xaaeaaaaa at 0xa00081b0
[66860.638519] PUF Read:0xaaaaaaaa at 0xa00081b4
[66860.638519] PUF Read:0xaaaaaaaa at 0xa00081b8
[66860.638580] PUF Read:0xaaaaaaaa at 0xa00081bc
[66860.638610] PUF Read:0xaaaaaaaa at 0xa00081c0
[66860.638610] PUF Read:0xaaaaaaae at 0xa00081c4
[66860.638610] PUF Read:0xaaaaaaaa at 0xa00081c8
[66860.638671] PUF Read:0xaaaaaaaa at 0xa00081cc
[66860.638671] PUF Read:0xbaaaaaaa at 0xa00081d0
[66860.638732] PUF Read:0xaaaaaaaa at 0xa00081d4
[66860.638763] PUF Read:0xaaaaaaaa at 0xa00081d8
[66860.638763] PUF Read:0xaaaaaaaa at 0xa00081dc
[66860.638824] PUF Read:0xaaaaaaaa at 0xa00081e0
[66860.638824] PUF Read:0xaaaaaaaa at 0xa00081e4
[66860.638824] PUF Read:0xaaaaaaaa at 0xa00081e8
[66860.638885] PUF Read:0xaa2aaaaa at 0xa00081ec
[66860.638916] PUF Read:0xaaaaaaaa at 0xa00081f0
[66860.638916] PUF Read:0xaaaaaeaa at 0xa00081f4
[66860.638916] PUF Read:0xaaaaaaa2 at 0xa00081f8
[66860.638916] PUF Read:0xaaaaaaaa at 0xa00081fc
[66860.638916] PUF Read:0xaaaaaaaa at 0xa0008200
[66860.638916] PUF Read:0xaaaaaaaa at 0xa0008204
[66860.639068] PUF Read:0xaaaaaaaa at 0xa0008208
[66860.639068] PUF Read:0xa8aaaaaa at 0xa000820c
[66860.639068] PUF Read:0xaaaaaaaa at 0xa0008210
[66860.639160] PUF Read:0xaaaaaaaa at 0xa0008214
[66860.639160] PUF Read:0xaaaaaaaa at 0xa0008218
[66860.639160] PUF Read:0xaaaaaaaa at 0xa000821c
[66860.639160] PUF Read:0xaaaaaaaa at 0xa0008220
[66860.639251] PUF Read:0xaaaaaaaa at 0xa0008224
[66860.639251] PUF Read:0xaaaaaaaa at 0xa0008228
[66860.639251] PUF Read:0xaaaaaaaa at 0xa000822c
[66860.639251] PUF Read:0xaaaaaaaa at 0xa0008230
[66860.639251] PUF Read:0xaaaaaaaa at 0xa0008234
[66860.639251] PUF Read:0xaaaaaaaa at 0xa0008238
[66860.639404] PUF Read:0xaaaaaaaa at 0xa000823c
[66860.639434] PUF Read:0xaaaaaaaa at 0xa0008240
[66860.639434] PUF Read:0xaaaaaaaa at 0xa0008244
[66860.639434] PUF Read:0xaaaaaaaa at 0xa0008248
[66860.639495] PUF Read:0xaaaaaaaa at 0xa000824c
[66860.639495] PUF Read:0xaaaaaaaa at 0xa0008250
[66860.639556] PUF Read:0xaaaaaaaa at 0xa0008254
[66860.639587] PUF Read:0xaaaaaaaa at 0xa0008258
[66860.639587] PUF Read:0xaaaaaaaa at 0xa000825c
[66860.639587] PUF Read:0xaaaaaaaa at 0xa0008260
[66860.639648] PUF Read:0xaaaaaaaa at 0xa0008264
[66860.639648] PUF Read:0xaaaaaaaa at 0xa0008268
[66860.639709] PUF Read:0xaaaaaaaa at 0xa000826c
[66860.639739] PUF Read:0xaaaaaaaa at 0xa0008270
[66860.639739] PUF Read:0xaaaaaaaa at 0xa0008274
[66860.639801] PUF Read:0xaaaaaaaa at 0xa0008278
[66860.639801] PUF Read:0xaaaaaaaa at 0xa000827c
[66860.639801] PUF Read:0xaaaaaaaa at 0xa0008280
[66860.639801] PUF Read:0xaaaaaaaa at 0xa0008284
[66860.639892] PUF Read:0xaaaaaaaa at 0xa0008288
[66860.639892] PUF Read:0xaaaaaaaa at 0xa000828c
[66860.639892] PUF Read:0xaaaaaaaa at 0xa0008290
[66860.639892] PUF Read:0xaaaaaaaa at 0xa0008294
[66860.639984] PUF Read:0xaaaaaaaa at 0xa0008298
[66860.639984] PUF Read:0xaaaaaaaa at 0xa000829c
[66860.640045] PUF Read:0xaaaaaaaa at 0xa00082a0
[66860.640075] PUF Read:0xaaaaaaaa at 0xa00082a4
[66860.640075] PUF Read:0xaaaaaaaa at 0xa00082a8
[66860.640075] PUF Read:0xaaaaaaaa at 0xa00082ac
[66860.640136] PUF Read:0xaaaaaaaa at 0xa00082b0
[66860.640136] PUF Read:0xaaaaaaaa at 0xa00082b4
[66860.640197] PUF Read:0xaaaaaaea at 0xa00082b8
[66860.640228] PUF Read:0xaaaaaaaa at 0xa00082bc
[66860.640228] PUF Read:0xaaaaaaaa at 0xa00082c0
[66860.640228] PUF Read:0xaaaaaaaa at 0xa00082c4
[66860.640289] PUF Read:0xaaaaaaaa at 0xa00082c8
[66860.640289] PUF Read:0xaaaaaaaa at 0xa00082cc
[66860.640350] PUF Read:0xaaaaaaaa at 0xa00082d0
[66860.640380] PUF Read:0xaaaaaaaa at 0xa00082d4
[66860.640380] PUF Read:0xaaaaaaaa at 0xa00082d8
[66860.640380] PUF Read:0xaaaaaaaa at 0xa00082dc
[66860.640441] PUF Read:0xaaaaaaaa at 0xa00082e0
[66860.640441] PUF Read:0xaaaaaeaa at 0xa00082e4
[66860.640502] PUF Read:0xaaaaaaaa at 0xa00082e8
[66860.640533] PUF Read:0xaaaaaaaa at 0xa00082ec
[66860.640533] PUF Read:0xaaaaaaaa at 0xa00082f0
[66860.640533] PUF Read:0xaaaaaaaa at 0xa00082f4
[66860.640533] PUF Read:0xaaaaaaaa at 0xa00082f8
[66860.640533] PUF Read:0xaaaaaaaa at 0xa00082fc
[66860.640533] PUF Read:0xaaaaaaaa at 0xa0008300
[66860.640686] PUF Read:0xaaaaaaaa at 0xa0008304
[66860.640716] PUF Read:0xaaaaaaaa at 0xa0008308
[66860.640716] PUF Read:0xaaaaaaaa at 0xa000830c
[66860.640716] PUF Read:0xaaaaaaaa at 0xa0008310
[66860.640716] PUF Read:0xaaaaaaaa at 0xa0008314
[66860.640716] PUF Read:0xaaaaaaaa at 0xa0008318
[66860.640716] PUF Read:0xbaaaaaaa at 0xa000831c
[66860.640869] PUF Read:0xaaaaaaaa at 0xa0008320
[66860.640869] PUF Read:0xaaaaaaaa at 0xa0008324
[66860.640869] PUF Read:0xaaaaaaaa at 0xa0008328
[66860.640869] PUF Read:0xaaaaaaaa at 0xa000832c
[66860.640960] PUF Read:0xaaaaaaae at 0xa0008330
[66860.640960] PUF Read:0xaaaaaaaa at 0xa0008334
[66860.641021] PUF Read:0xaaaaaaaa at 0xa0008338
[66860.641052] PUF Read:0xaaaaaaaa at 0xa000833c
[66860.641052] PUF Read:0xaaaaaaaa at 0xa0008340
[66860.641052] PUF Read:0xaaaaaaaa at 0xa0008344
[66860.641113] PUF Read:0xaaaaaaaa at 0xa0008348
[66860.641113] PUF Read:0xaaaaaaaa at 0xa000834c
[66860.641174] PUF Read:0xaaaaaaaa at 0xa0008350
[66860.641204] PUF Read:0xaaaaaaaa at 0xa0008354
[66860.641204] PUF Read:0xaaaaaaaa at 0xa0008358
[66860.641204] PUF Read:0xaaaaaaaa at 0xa000835c
[66860.641265] PUF Read:0xaaabaaaa at 0xa0008360
[66860.641265] PUF Read:0xaaaaaaaa at 0xa0008364
[66860.641326] PUF Read:0xaaaaaaaa at 0xa0008368
[66860.641357] PUF Read:0xaaaaaaaa at 0xa000836c
[66860.641357] PUF Read:0xaaaaaaaa at 0xa0008370
[66860.641357] PUF Read:0xaaaaaaaa at 0xa0008374
[66860.641418] PUF Read:0xaaaaaaaa at 0xa0008378
[66860.641418] PUF Read:0xaaaaaaaa at 0xa000837c
[66860.641479] PUF Read:0xaaaaaaaa at 0xa0008380
[66860.641510] PUF Read:0xaaaaaaaa at 0xa0008384
[66860.641510] PUF Read:0xaaaaaaaa at 0xa0008388
[66860.641571] PUF Read:0xaaaaaaaa at 0xa000838c
[66860.641571] PUF Read:0xaaaaaaaa at 0xa0008390
[66860.641571] PUF Read:0xaaaaaaaa at 0xa0008394
[66860.641571] PUF Read:0xaaaaaaaa at 0xa0008398
[66860.641662] PUF Read:0xaaa2aaaa at 0xa000839c
[66860.641662] PUF Read:0xaaaaaaaa at 0xa00083a0
[66860.641662] PUF Read:0xaaaaaaaa at 0xa00083a4
[66860.641662] PUF Read:0xaaaaaaaa at 0xa00083a8
[66860.641754] PUF Read:0xaaaaaaaa at 0xa00083ac
[66860.641754] PUF Read:0xaaaaaaaa at 0xa00083b0
[66860.641815] PUF Read:0xaaaaaaaa at 0xa00083b4
[66860.641845] PUF Read:0xaaaaaaaa at 0xa00083b8
[66860.641845] PUF Read:0xaaaaaaaa at 0xa00083bc
[66860.641845] PUF Read:0xaaaaaaaa at 0xa00083c0
[66860.641906] PUF Read:0xaaaaaaaa at 0xa00083c4
[66860.641906] PUF Read:0xaaaaaaaa at 0xa00083c8
[66860.641967] PUF Read:0xaaaaaaaa at 0xa00083cc
[66860.641998] PUF Read:0xaaaaaaaa at 0xa00083d0
[66860.641998] PUF Read:0xaaabaaaa at 0xa00083d4
[66860.641998] PUF Read:0xaaaaaaaa at 0xa00083d8
[66860.642059] PUF Read:0xaaaaaaaa at 0xa00083dc
[66860.642059] PUF Read:0xaaaaaaaa at 0xa00083e0
[66860.642120] PUF Read:0xaaaaaaaa at 0xa00083e4
[66860.642150] PUF Read:0xaaaaaaaa at 0xa00083e8
[66860.642150] PUF Read:0xaaaaaaaa at 0xa00083ec
[66860.642150] PUF Read:0xaaaaaaaa at 0xa00083f0
[66860.642211] PUF Read:0xaaaaaaaa at 0xa00083f4
[66860.642242] PUF Read:0xaaaaaaae at 0xa00083f8
[66860.642242] PUF Read:0xaaaeaaaa at 0xa00083fc
[66860.642303] [i] Finished PUF read-out
[66860.642303] <6>[i] Finished PUF query for decaytime: 7680
[66860.642303] [i] Start decaytime: 120
[66860.642333] EMIF 2 REG Write 0x80000000 at 0x4d000010
[66860.642333] EMIF 2 REG Read 0x80000000 at 0x4d000010
[66860.642364] EMIF 2 REG Write 0x80000000 at 0x4d000014
[66860.642364] EMIF 2 REG Read 0x00000000 at 0x4d000014
[66860.642395] EMIF 2 REG Write 0x08016893 at 0x4d0000cc
[66860.642395] EMIF 2 REG Read 0x08016893 at 0x4d0000cc
[66860.642395] Temp polling alert disabled
[66860.642425] Refresh Disabled at EMIF2
[66860.642425] [i] Initialiting PUF & hammer rows
[66860.642425] [i] Single-Sided Rowhammer (SSRH)
[66860.649169] [i] Finished initialiting PUF & hammer rows
[66860.649169] [i]	Timer elapsed since its reset 0 sec
[66860.649169] [i] Decay: 120 sec
[66860.649200] [i]	Relative Decay: 0 msec
