[14508.457427] [i] Total hammer attempts per row: 3726360
[14508.457427] EMIF 2 REG Write 0x00000618 at 0x4d000010
[14508.457427] EMIF 2 REG Read 0x00000618 at 0x4d000010
[14508.457489] EMIF 2 REG Write 0x00000618 at 0x4d000014
[14508.457489] EMIF 2 REG Read 0x00000618 at 0x4d000014
[14508.457519] EMIF 2 REG Write 0x58016893 at 0x4d0000cc
[14508.457519] EMIF 2 REG Read 0x58016893 at 0x4d0000cc
[14508.457519] Temp polling alert enabled
[14508.457519] Refresh enabled at EMIF2
[14508.457550] [i] Starting PUF read-out
[14508.457550] [i] Single-Sided Rowhammer (SSRH)
[14508.457580] PUF Read:0x00000010 at 0xa0008000
[14508.457580] PUF Read:0x00000400 at 0xa0008004
[14508.457580] PUF Read:0x00000000 at 0xa0008008
[14508.457580] PUF Read:0x00000000 at 0xa000800c
[14508.457580] PUF Read:0x00000000 at 0xa0008010
[14508.457580] PUF Read:0x00000100 at 0xa0008014
[14508.457580] PUF Read:0x00000000 at 0xa0008018
[14508.457763] PUF Read:0x10400100 at 0xa000801c
[14508.457794] PUF Read:0x40000000 at 0xa0008020
[14508.457794] PUF Read:0x40004000 at 0xa0008024
[14508.457855] PUF Read:0x00004000 at 0xa0008028
[14508.457855] PUF Read:0x00000010 at 0xa000802c
[14508.457855] PUF Read:0x40000000 at 0xa0008030
[14508.457855] PUF Read:0x04000000 at 0xa0008034
[14508.457946] PUF Read:0x00004000 at 0xa0008038
[14508.457977] PUF Read:0x00000000 at 0xa000803c
[14508.457977] PUF Read:0x00000001 at 0xa0008040
[14508.457977] PUF Read:0x00004000 at 0xa0008044
[14508.458038] PUF Read:0x40000000 at 0xa0008048
[14508.458038] PUF Read:0x00000001 at 0xa000804c
[14508.458099] PUF Read:0x00000000 at 0xa0008050
[14508.458129] PUF Read:0x00000000 at 0xa0008054
[14508.458129] PUF Read:0x00000000 at 0xa0008058
[14508.458129] PUF Read:0x00000000 at 0xa000805c
[14508.458190] PUF Read:0x00000000 at 0xa0008060
[14508.458190] PUF Read:0x00100000 at 0xa0008064
[14508.458190] PUF Read:0x00000000 at 0xa0008068
[14508.458282] PUF Read:0x00000000 at 0xa000806c
[14508.458282] PUF Read:0x00000010 at 0xa0008070
[14508.458282] PUF Read:0x00000000 at 0xa0008074
[14508.458282] PUF Read:0x00000000 at 0xa0008078
[14508.458282] PUF Read:0x00010000 at 0xa000807c
[14508.458282] PUF Read:0x00010001 at 0xa0008080
[14508.458435] PUF Read:0x00010000 at 0xa0008084
[14508.458465] PUF Read:0x00000000 at 0xa0008088
[14508.458465] PUF Read:0x00000000 at 0xa000808c
[14508.458465] PUF Read:0x00000000 at 0xa0008090
[14508.458526] PUF Read:0x10000000 at 0xa0008094
[14508.458526] PUF Read:0x00410001 at 0xa0008098
[14508.458587] PUF Read:0x00000000 at 0xa000809c
[14508.458618] PUF Read:0x00000000 at 0xa00080a0
[14508.458618] PUF Read:0x00010000 at 0xa00080a4
[14508.458618] PUF Read:0x00010001 at 0xa00080a8
[14508.458679] PUF Read:0x00000041 at 0xa00080ac
[14508.458679] PUF Read:0x00000000 at 0xa00080b0
[14508.458740] PUF Read:0x00000000 at 0xa00080b4
[14508.458770] PUF Read:0x00004000 at 0xa00080b8
[14508.458770] PUF Read:0x00000000 at 0xa00080bc
[14508.458831] PUF Read:0x00000400 at 0xa00080c0
[14508.458831] PUF Read:0x00000000 at 0xa00080c4
[14508.458831] PUF Read:0x10100000 at 0xa00080c8
[14508.458831] PUF Read:0x01000000 at 0xa00080cc
[14508.458923] PUF Read:0x40045000 at 0xa00080d0
[14508.458923] PUF Read:0x00000000 at 0xa00080d4
[14508.458923] PUF Read:0x00001000 at 0xa00080d8
[14508.458923] PUF Read:0x00000000 at 0xa00080dc
[14508.459014] PUF Read:0x01000000 at 0xa00080e0
[14508.459014] PUF Read:0x00000000 at 0xa00080e4
[14508.459075] PUF Read:0x00000000 at 0xa00080e8
[14508.459106] PUF Read:0x00000001 at 0xa00080ec
[14508.459106] PUF Read:0x00000000 at 0xa00080f0
[14508.459106] PUF Read:0x00000000 at 0xa00080f4
[14508.459167] PUF Read:0x00000100 at 0xa00080f8
[14508.459167] PUF Read:0x00000000 at 0xa00080fc
[14508.459228] PUF Read:0x00000000 at 0xa0008100
[14508.459259] PUF Read:0x00000000 at 0xa0008104
[14508.459259] PUF Read:0x00000000 at 0xa0008108
[14508.459259] PUF Read:0x00000100 at 0xa000810c
[14508.459320] PUF Read:0x00000000 at 0xa0008110
[14508.459320] PUF Read:0x00400000 at 0xa0008114
[14508.459381] PUF Read:0x00000000 at 0xa0008118
[14508.459411] PUF Read:0x00000000 at 0xa000811c
[14508.459411] PUF Read:0x01000000 at 0xa0008120
[14508.459411] PUF Read:0x00000400 at 0xa0008124
[14508.459411] PUF Read:0x00000040 at 0xa0008128
[14508.459411] PUF Read:0x00000000 at 0xa000812c
[14508.459411] PUF Read:0x00000000 at 0xa0008130
[14508.459564] PUF Read:0x00000000 at 0xa0008134
[14508.459564] PUF Read:0x00110000 at 0xa0008138
[14508.459564] PUF Read:0x00000000 at 0xa000813c
[14508.459564] PUF Read:0x40000400 at 0xa0008140
[14508.459655] PUF Read:0x00010040 at 0xa0008144
[14508.459655] PUF Read:0x00100400 at 0xa0008148
[14508.459716] PUF Read:0x00000000 at 0xa000814c
[14508.459747] PUF Read:0x00000000 at 0xa0008150
[14508.459747] PUF Read:0x00000000 at 0xa0008154
[14508.459747] PUF Read:0x00000000 at 0xa0008158
[14508.459808] PUF Read:0x01100040 at 0xa000815c
[14508.459808] PUF Read:0x00001000 at 0xa0008160
[14508.459869] PUF Read:0x10000000 at 0xa0008164
[14508.459899] PUF Read:0x04000000 at 0xa0008168
[14508.459899] PUF Read:0x00400000 at 0xa000816c
[14508.459899] PUF Read:0x00000000 at 0xa0008170
[14508.459899] PUF Read:0x00100000 at 0xa0008174
[14508.459899] PUF Read:0x00000000 at 0xa0008178
[14508.459899] PUF Read:0x00004000 at 0xa000817c
[14508.460052] PUF Read:0x00000000 at 0xa0008180
[14508.460052] PUF Read:0x00000000 at 0xa0008184
[14508.460052] PUF Read:0x00040000 at 0xa0008188
[14508.460052] PUF Read:0x00000440 at 0xa000818c
[14508.460144] PUF Read:0x00000000 at 0xa0008190
[14508.460144] PUF Read:0x50000000 at 0xa0008194
[14508.460205] PUF Read:0x00000104 at 0xa0008198
[14508.460235] PUF Read:0x00000000 at 0xa000819c
[14508.460235] PUF Read:0x00000000 at 0xa00081a0
[14508.460235] PUF Read:0x00000000 at 0xa00081a4
[14508.460296] PUF Read:0x00000000 at 0xa00081a8
[14508.460296] PUF Read:0x00000040 at 0xa00081ac
[14508.460357] PUF Read:0x00410000 at 0xa00081b0
[14508.460388] PUF Read:0x00000000 at 0xa00081b4
[14508.460388] PUF Read:0x00000000 at 0xa00081b8
[14508.460388] PUF Read:0x00100000 at 0xa00081bc
[14508.460449] PUF Read:0x00000000 at 0xa00081c0
[14508.460449] PUF Read:0x00000004 at 0xa00081c4
[14508.460510] PUF Read:0x00000000 at 0xa00081c8
[14508.460540] PUF Read:0x00010000 at 0xa00081cc
[14508.460540] PUF Read:0x10000000 at 0xa00081d0
[14508.460540] PUF Read:0x00000000 at 0xa00081d4
[14508.460601] PUF Read:0x10000000 at 0xa00081d8
[14508.460601] PUF Read:0x00004000 at 0xa00081dc
[14508.460601] PUF Read:0x00000000 at 0xa00081e0
[14508.460693] PUF Read:0x00000040 at 0xa00081e4
[14508.460723] PUF Read:0x00000000 at 0xa00081e8
[14508.460723] PUF Read:0x00010010 at 0xa00081ec
[14508.460723] PUF Read:0x00000001 at 0xa00081f0
[14508.460784] PUF Read:0x00010400 at 0xa00081f4
[14508.460784] PUF Read:0x00000000 at 0xa00081f8
[14508.460845] PUF Read:0x00400040 at 0xa00081fc
[14508.460876] PUF Read:0x00000000 at 0xa0008200
[14508.460876] PUF Read:0x00000000 at 0xa0008204
[14508.460876] PUF Read:0x00000010 at 0xa0008208
[14508.460937] PUF Read:0x00001000 at 0xa000820c
[14508.460937] PUF Read:0x00400000 at 0xa0008210
[14508.460998] PUF Read:0x00000000 at 0xa0008214
[14508.461029] PUF Read:0x00000400 at 0xa0008218
[14508.461029] PUF Read:0x00000000 at 0xa000821c
[14508.461029] PUF Read:0x00000000 at 0xa0008220
[14508.461090] PUF Read:0x00100000 at 0xa0008224
[14508.461090] PUF Read:0x00000000 at 0xa0008228
[14508.461151] PUF Read:0x00000000 at 0xa000822c
[14508.461181] PUF Read:0x00000500 at 0xa0008230
[14508.461181] PUF Read:0x00400000 at 0xa0008234
[14508.461242] PUF Read:0x00000000 at 0xa0008238
[14508.461242] PUF Read:0x00000500 at 0xa000823c
[14508.461242] PUF Read:0x00000004 at 0xa0008240
[14508.461242] PUF Read:0x00000000 at 0xa0008244
[14508.461334] PUF Read:0x00040000 at 0xa0008248
[14508.461334] PUF Read:0x00000000 at 0xa000824c
[14508.461334] PUF Read:0x04000000 at 0xa0008250
[14508.461334] PUF Read:0x00100000 at 0xa0008254
[14508.461425] PUF Read:0x00000000 at 0xa0008258
[14508.461425] PUF Read:0x04040000 at 0xa000825c
[14508.461486] PUF Read:0x00000000 at 0xa0008260
[14508.461486] PUF Read:0x00001010 at 0xa0008264
[14508.461486] PUF Read:0x00000400 at 0xa0008268
[14508.461486] PUF Read:0x00001000 at 0xa000826c
[14508.461486] PUF Read:0x00001000 at 0xa0008270
[14508.461486] PUF Read:0x00000000 at 0xa0008274
[14508.461639] PUF Read:0x00000040 at 0xa0008278
[14508.461639] PUF Read:0x00100000 at 0xa000827c
[14508.461639] PUF Read:0x40000000 at 0xa0008280
[14508.461639] PUF Read:0x00000000 at 0xa0008284
[14508.461730] PUF Read:0x00400000 at 0xa0008288
[14508.461730] PUF Read:0x00000000 at 0xa000828c
[14508.461791] PUF Read:0x00000000 at 0xa0008290
[14508.461791] PUF Read:0x00000000 at 0xa0008294
[14508.461791] PUF Read:0x00000000 at 0xa0008298
[14508.461791] PUF Read:0x00000000 at 0xa000829c
[14508.461883] PUF Read:0x00000400 at 0xa00082a0
[14508.461883] PUF Read:0x00001000 at 0xa00082a4
[14508.461944] PUF Read:0x00000000 at 0xa00082a8
[14508.461975] PUF Read:0x00000000 at 0xa00082ac
[14508.461975] PUF Read:0x00000000 at 0xa00082b0
[14508.461975] PUF Read:0x00000000 at 0xa00082b4
[14508.462036] PUF Read:0x00000040 at 0xa00082b8
[14508.462036] PUF Read:0x00000000 at 0xa00082bc
[14508.462097] PUF Read:0x10000000 at 0xa00082c0
[14508.462127] PUF Read:0x00000000 at 0xa00082c4
[14508.462127] PUF Read:0x10000000 at 0xa00082c8
[14508.462188] PUF Read:0x00000000 at 0xa00082cc
[14508.462188] PUF Read:0x00100000 at 0xa00082d0
[14508.462188] PUF Read:0x00000000 at 0xa00082d4
[14508.462188] PUF Read:0x40000000 at 0xa00082d8
[14508.462280] PUF Read:0x00004000 at 0xa00082dc
[14508.462280] PUF Read:0x00000000 at 0xa00082e0
[14508.462280] PUF Read:0x00000400 at 0xa00082e4
[14508.462280] PUF Read:0x00000100 at 0xa00082e8
[14508.462371] PUF Read:0x00000001 at 0xa00082ec
[14508.462371] PUF Read:0x00000001 at 0xa00082f0
[14508.462432] PUF Read:0x00000000 at 0xa00082f4
[14508.462463] PUF Read:0x00100000 at 0xa00082f8
[14508.462463] PUF Read:0x00000000 at 0xa00082fc
[14508.462463] PUF Read:0x00000100 at 0xa0008300
[14508.462524] PUF Read:0x00000000 at 0xa0008304
[14508.462524] PUF Read:0x00000000 at 0xa0008308
[14508.462585] PUF Read:0x00000000 at 0xa000830c
[14508.462615] PUF Read:0x00000000 at 0xa0008310
[14508.462615] PUF Read:0x00000010 at 0xa0008314
[14508.462615] PUF Read:0x01500000 at 0xa0008318
[14508.462677] PUF Read:0x10010000 at 0xa000831c
[14508.462677] PUF Read:0x00000000 at 0xa0008320
[14508.462738] PUF Read:0x00000100 at 0xa0008324
[14508.462768] PUF Read:0x00000000 at 0xa0008328
[14508.462768] PUF Read:0x00010000 at 0xa000832c
[14508.462768] PUF Read:0x00000004 at 0xa0008330
[14508.462829] PUF Read:0x00000100 at 0xa0008334
[14508.462829] PUF Read:0x00001000 at 0xa0008338
[14508.462890] PUF Read:0x00000000 at 0xa000833c
[14508.462921] PUF Read:0x10000100 at 0xa0008340
[14508.462921] PUF Read:0x00000001 at 0xa0008344
[14508.462921] PUF Read:0x00000000 at 0xa0008348
[14508.462982] PUF Read:0x00000100 at 0xa000834c
[14508.462982] PUF Read:0x00000010 at 0xa0008350
[14508.463043] PUF Read:0x00000000 at 0xa0008354
[14508.463073] PUF Read:0x00000000 at 0xa0008358
[14508.463073] PUF Read:0x00001000 at 0xa000835c
[14508.463073] PUF Read:0x00014000 at 0xa0008360
[14508.463073] PUF Read:0x00000000 at 0xa0008364
[14508.463073] PUF Read:0x04000000 at 0xa0008368
[14508.463073] PUF Read:0x00000400 at 0xa000836c
[14508.463226] PUF Read:0x00000000 at 0xa0008370
[14508.463226] PUF Read:0x00000000 at 0xa0008374
[14508.463226] PUF Read:0x40010000 at 0xa0008378
[14508.463226] PUF Read:0x00000040 at 0xa000837c
[14508.463317] PUF Read:0x00000000 at 0xa0008380
[14508.463317] PUF Read:0x00000000 at 0xa0008384
[14508.463378] PUF Read:0x00000004 at 0xa0008388
[14508.463439] PUF Read:0x00000000 at 0xa000838c
[14508.463470] PUF Read:0x00000001 at 0xa0008390
[14508.463470] PUF Read:0x00000100 at 0xa0008394
[14508.463470] PUF Read:0x10000000 at 0xa0008398
[14508.463470] PUF Read:0x00000004 at 0xa000839c
[14508.463562] PUF Read:0x00004000 at 0xa00083a0
[14508.463562] PUF Read:0x00000000 at 0xa00083a4
[14508.463623] PUF Read:0x00100000 at 0xa00083a8
[14508.463653] PUF Read:0x00001000 at 0xa00083ac
[14508.463653] PUF Read:0x00000000 at 0xa00083b0
[14508.463714] PUF Read:0x00000000 at 0xa00083b4
[14508.463714] PUF Read:0x00004000 at 0xa00083b8
[14508.463745] PUF Read:0x00000000 at 0xa00083bc
[14508.463745] PUF Read:0x00000040 at 0xa00083c0
[14508.463806] PUF Read:0x04000000 at 0xa00083c4
[14508.463836] PUF Read:0x00000000 at 0xa00083c8
[14508.463836] PUF Read:0x00000000 at 0xa00083cc
[14508.463836] PUF Read:0x00000000 at 0xa00083d0
[14508.463897] PUF Read:0x00010000 at 0xa00083d4
[14508.463897] PUF Read:0x00000000 at 0xa00083d8
[14508.463958] PUF Read:0x00000001 at 0xa00083dc
[14508.463989] PUF Read:0x00140000 at 0xa00083e0
[14508.463989] PUF Read:0x10000000 at 0xa00083e4
[14508.463989] PUF Read:0x04000000 at 0xa00083e8
[14508.464050] PUF Read:0x00000000 at 0xa00083ec
[14508.464050] PUF Read:0x00000400 at 0xa00083f0
[14508.464111] PUF Read:0x04000000 at 0xa00083f4
[14508.464141] PUF Read:0x00000004 at 0xa00083f8
[14508.464141] PUF Read:0x00044000 at 0xa00083fc
[14508.464141] [i] Finished PUF read-out
[14508.464202] <6>[i] Finished PUF query for decaytime: 15360
[14508.464202] End measurement:19
[14508.464202] [i] Starting the Rowhammer PUF for PandaBoard
[14508.464233] Number of PUF rows: 8 PUF init Value :0 Rowhammer rows init Value:55555555
[14508.464233] [i] Start measurement: 0
[14508.464233] [i] Start decaytime: 60
[14508.464263] EMIF 2 REG Write 0x80000000 at 0x4d000010
[14508.464263] EMIF 2 REG Read 0x80000000 at 0x4d000010
[14508.464294] EMIF 2 REG Write 0x80000000 at 0x4d000014
[14508.464294] EMIF 2 REG Read 0x00000000 at 0x4d000014
[14508.464324] EMIF 2 REG Write 0x08016893 at 0x4d0000cc
[14508.464324] EMIF 2 REG Read 0x08016893 at 0x4d0000cc
[14508.464324] Temp polling alert disabled
[14508.464355] Refresh Disabled at EMIF2
[14508.464355] [i] Initialiting PUF & hammer rows
[14508.464355] [i] Single-Sided Rowhammer (SSRH)
[14508.502471] [i] Finished initialiting PUF & hammer rows
[14508.509246] [i]	Timer elapsed since its reset 0 sec
[14508.509246] [i] Decay: 60 sec
[14508.509246] [i]	Relative Decay: 0 msec
