[33085.291564] [i] Total hammer attempts per row: 3729459
[33085.291564] EMIF 2 REG Write 0x00000618 at 0x4d000010
[33085.291595] EMIF 2 REG Read 0x00000618 at 0x4d000010
[33085.291595] EMIF 2 REG Write 0x00000618 at 0x4d000014
[33085.291625] EMIF 2 REG Read 0x00000618 at 0x4d000014
[33085.291625] EMIF 2 REG Write 0x58016893 at 0x4d0000cc
[33085.291656] EMIF 2 REG Read 0x58016893 at 0x4d0000cc
[33085.291656] Temp polling alert enabled
[33085.291656] Refresh enabled at EMIF2
[33085.291687] [i] Starting PUF read-out
[33085.291687] [i] Single-Sided Rowhammer (SSRH)
[33085.291717] PUF Read:0x00000010 at 0xa0008000
[33085.291717] PUF Read:0x00000400 at 0xa0008004
[33085.291748] PUF Read:0x00000000 at 0xa0008008
[33085.291748] PUF Read:0x00000000 at 0xa000800c
[33085.291748] PUF Read:0x00000000 at 0xa0008010
[33085.291839] PUF Read:0x00000100 at 0xa0008014
[33085.291839] PUF Read:0x00000000 at 0xa0008018
[33085.291839] PUF Read:0x10400100 at 0xa000801c
[33085.291839] PUF Read:0x40000000 at 0xa0008020
[33085.291931] PUF Read:0x40004000 at 0xa0008024
[33085.291931] PUF Read:0x00004000 at 0xa0008028
[33085.291992] PUF Read:0x00000010 at 0xa000802c
[33085.292022] PUF Read:0x40000000 at 0xa0008030
[33085.292022] PUF Read:0x04000000 at 0xa0008034
[33085.292083] PUF Read:0x00004000 at 0xa0008038
[33085.292083] PUF Read:0x00000000 at 0xa000803c
[33085.292083] PUF Read:0x00000001 at 0xa0008040
[33085.292083] PUF Read:0x00004000 at 0xa0008044
[33085.292175] PUF Read:0x00000000 at 0xa0008048
[33085.292175] PUF Read:0x00000001 at 0xa000804c
[33085.292236] PUF Read:0x00000000 at 0xa0008050
[33085.292236] PUF Read:0x00000000 at 0xa0008054
[33085.292236] PUF Read:0x00000000 at 0xa0008058
[33085.292236] PUF Read:0x00000000 at 0xa000805c
[33085.292327] PUF Read:0x00000000 at 0xa0008060
[33085.292358] PUF Read:0x00100000 at 0xa0008064
[33085.292358] PUF Read:0x00000000 at 0xa0008068
[33085.292419] PUF Read:0x00000000 at 0xa000806c
[33085.292419] PUF Read:0x00000010 at 0xa0008070
[33085.292419] PUF Read:0x00000000 at 0xa0008074
[33085.292480] PUF Read:0x00000000 at 0xa0008078
[33085.292510] PUF Read:0x00010000 at 0xa000807c
[33085.292510] PUF Read:0x00010001 at 0xa0008080
[33085.292510] PUF Read:0x00000000 at 0xa0008084
[33085.292510] PUF Read:0x00000000 at 0xa0008088
[33085.292510] PUF Read:0x00000000 at 0xa000808c
[33085.292633] PUF Read:0x00000000 at 0xa0008090
[33085.292663] PUF Read:0x10000000 at 0xa0008094
[33085.292663] PUF Read:0x00410001 at 0xa0008098
[33085.292663] PUF Read:0x00000000 at 0xa000809c
[33085.292663] PUF Read:0x00000000 at 0xa00080a0
[33085.292663] PUF Read:0x00010000 at 0xa00080a4
[33085.292663] PUF Read:0x00010001 at 0xa00080a8
[33085.292816] PUF Read:0x00000041 at 0xa00080ac
[33085.292816] PUF Read:0x00000000 at 0xa00080b0
[33085.292816] PUF Read:0x00000000 at 0xa00080b4
[33085.292816] PUF Read:0x00004000 at 0xa00080b8
[33085.292816] PUF Read:0x00000000 at 0xa00080bc
[33085.292816] PUF Read:0x00000400 at 0xa00080c0
[33085.292968] PUF Read:0x00000000 at 0xa00080c4
[33085.292968] PUF Read:0x10100000 at 0xa00080c8
[33085.292968] PUF Read:0x01000000 at 0xa00080cc
[33085.292968] PUF Read:0x40044000 at 0xa00080d0
[33085.293060] PUF Read:0x00000000 at 0xa00080d4
[33085.293060] PUF Read:0x00001000 at 0xa00080d8
[33085.293121] PUF Read:0x00000000 at 0xa00080dc
[33085.293151] PUF Read:0x01000000 at 0xa00080e0
[33085.293151] PUF Read:0x00000000 at 0xa00080e4
[33085.293151] PUF Read:0x00000000 at 0xa00080e8
[33085.293212] PUF Read:0x00000001 at 0xa00080ec
[33085.293212] PUF Read:0x00000000 at 0xa00080f0
[33085.293273] PUF Read:0x00000000 at 0xa00080f4
[33085.293304] PUF Read:0x00000100 at 0xa00080f8
[33085.293304] PUF Read:0x00000000 at 0xa00080fc
[33085.293304] PUF Read:0x00000000 at 0xa0008100
[33085.293365] PUF Read:0x00000000 at 0xa0008104
[33085.293365] PUF Read:0x00000000 at 0xa0008108
[33085.293426] PUF Read:0x00000000 at 0xa000810c
[33085.293457] PUF Read:0x00000000 at 0xa0008110
[33085.293457] PUF Read:0x00400000 at 0xa0008114
[33085.293457] PUF Read:0x00000000 at 0xa0008118
[33085.293518] PUF Read:0x00000000 at 0xa000811c
[33085.293518] PUF Read:0x01000000 at 0xa0008120
[33085.293579] PUF Read:0x00000400 at 0xa0008124
[33085.293609] PUF Read:0x00000040 at 0xa0008128
[33085.293609] PUF Read:0x00000000 at 0xa000812c
[33085.293670] PUF Read:0x00000000 at 0xa0008130
[33085.293670] PUF Read:0x00000000 at 0xa0008134
[33085.293670] PUF Read:0x00010000 at 0xa0008138
[33085.293731] PUF Read:0x00000000 at 0xa000813c
[33085.293762] PUF Read:0x40000400 at 0xa0008140
[33085.293762] PUF Read:0x00000000 at 0xa0008144
[33085.293762] PUF Read:0x00100400 at 0xa0008148
[33085.293762] PUF Read:0x00000000 at 0xa000814c
[33085.293853] PUF Read:0x00000000 at 0xa0008150
[33085.293853] PUF Read:0x00000000 at 0xa0008154
[33085.293914] PUF Read:0x00000000 at 0xa0008158
[33085.293945] PUF Read:0x00100040 at 0xa000815c
[33085.293945] PUF Read:0x00001000 at 0xa0008160
[33085.293945] PUF Read:0x00000000 at 0xa0008164
[33085.293945] PUF Read:0x04000000 at 0xa0008168
[33085.293945] PUF Read:0x00400000 at 0xa000816c
[33085.293945] PUF Read:0x00000000 at 0xa0008170
[33085.294097] PUF Read:0x00100000 at 0xa0008174
[33085.294097] PUF Read:0x00000000 at 0xa0008178
[33085.294097] PUF Read:0x00004000 at 0xa000817c
[33085.294097] PUF Read:0x00000000 at 0xa0008180
[33085.294097] PUF Read:0x00000000 at 0xa0008184
[33085.294097] PUF Read:0x00040000 at 0xa0008188
[33085.294250] PUF Read:0x00000440 at 0xa000818c
[33085.294250] PUF Read:0x00000000 at 0xa0008190
[33085.294250] PUF Read:0x40000000 at 0xa0008194
[33085.294250] PUF Read:0x00000004 at 0xa0008198
[33085.294250] PUF Read:0x00000000 at 0xa000819c
[33085.294250] PUF Read:0x00000000 at 0xa00081a0
[33085.294403] PUF Read:0x00000000 at 0xa00081a4
[33085.294403] PUF Read:0x00000000 at 0xa00081a8
[33085.294403] PUF Read:0x00000040 at 0xa00081ac
[33085.294403] PUF Read:0x00410000 at 0xa00081b0
[33085.294403] PUF Read:0x00000000 at 0xa00081b4
[33085.294403] PUF Read:0x00000000 at 0xa00081b8
[33085.294555] PUF Read:0x00100000 at 0xa00081bc
[33085.294555] PUF Read:0x00000000 at 0xa00081c0
[33085.294555] PUF Read:0x00000004 at 0xa00081c4
[33085.294555] PUF Read:0x00000000 at 0xa00081c8
[33085.294555] PUF Read:0x00010000 at 0xa00081cc
[33085.294555] PUF Read:0x10000000 at 0xa00081d0
[33085.294708] PUF Read:0x00000000 at 0xa00081d4
[33085.294708] PUF Read:0x10000000 at 0xa00081d8
[33085.294708] PUF Read:0x00004000 at 0xa00081dc
[33085.294708] PUF Read:0x00000000 at 0xa00081e0
[33085.294708] PUF Read:0x00000040 at 0xa00081e4
[33085.294708] PUF Read:0x00000000 at 0xa00081e8
[33085.294860] PUF Read:0x00000010 at 0xa00081ec
[33085.294891] PUF Read:0x00000001 at 0xa00081f0
[33085.294891] PUF Read:0x00010400 at 0xa00081f4
[33085.294891] PUF Read:0x00000000 at 0xa00081f8
[33085.294952] PUF Read:0x00000040 at 0xa00081fc
[33085.294952] PUF Read:0x00000000 at 0xa0008200
[33085.295013] PUF Read:0x00000000 at 0xa0008204
[33085.295043] PUF Read:0x00000010 at 0xa0008208
[33085.295043] PUF Read:0x00000000 at 0xa000820c
[33085.295043] PUF Read:0x00400000 at 0xa0008210
[33085.295043] PUF Read:0x00000000 at 0xa0008214
[33085.295043] PUF Read:0x00000400 at 0xa0008218
[33085.295166] PUF Read:0x00000000 at 0xa000821c
[33085.295166] PUF Read:0x00000000 at 0xa0008220
[33085.295166] PUF Read:0x00100000 at 0xa0008224
[33085.295166] PUF Read:0x00000000 at 0xa0008228
[33085.295166] PUF Read:0x00000000 at 0xa000822c
[33085.295166] PUF Read:0x00000500 at 0xa0008230
[33085.295318] PUF Read:0x00400000 at 0xa0008234
[33085.295318] PUF Read:0x00000000 at 0xa0008238
[33085.295318] PUF Read:0x00000400 at 0xa000823c
[33085.295318] PUF Read:0x00000004 at 0xa0008240
[33085.295318] PUF Read:0x00000000 at 0xa0008244
[33085.295318] PUF Read:0x00040000 at 0xa0008248
[33085.295318] PUF Read:0x00000000 at 0xa000824c
[33085.295501] PUF Read:0x04000000 at 0xa0008250
[33085.295501] PUF Read:0x00100000 at 0xa0008254
[33085.295501] PUF Read:0x00000000 at 0xa0008258
[33085.295501] PUF Read:0x04040000 at 0xa000825c
[33085.295501] PUF Read:0x00000000 at 0xa0008260
[33085.295501] PUF Read:0x00001000 at 0xa0008264
[33085.295654] PUF Read:0x00000400 at 0xa0008268
[33085.295654] PUF Read:0x00001000 at 0xa000826c
[33085.295654] PUF Read:0x00000000 at 0xa0008270
[33085.295654] PUF Read:0x00000000 at 0xa0008274
[33085.295654] PUF Read:0x00000040 at 0xa0008278
[33085.295654] PUF Read:0x00100000 at 0xa000827c
[33085.295806] PUF Read:0x40000000 at 0xa0008280
[33085.295806] PUF Read:0x00000000 at 0xa0008284
[33085.295806] PUF Read:0x00400000 at 0xa0008288
[33085.295806] PUF Read:0x00000000 at 0xa000828c
[33085.295806] PUF Read:0x00000000 at 0xa0008290
[33085.295806] PUF Read:0x00000000 at 0xa0008294
[33085.295959] PUF Read:0x00000000 at 0xa0008298
[33085.295959] PUF Read:0x00000000 at 0xa000829c
[33085.295959] PUF Read:0x00000400 at 0xa00082a0
[33085.295959] PUF Read:0x00001000 at 0xa00082a4
[33085.296051] PUF Read:0x00000000 at 0xa00082a8
[33085.296051] PUF Read:0x00000000 at 0xa00082ac
[33085.296112] PUF Read:0x00000000 at 0xa00082b0
[33085.296112] PUF Read:0x00000000 at 0xa00082b4
[33085.296112] PUF Read:0x00000040 at 0xa00082b8
[33085.296112] PUF Read:0x00000000 at 0xa00082bc
[33085.296112] PUF Read:0x00000000 at 0xa00082c0
[33085.296234] PUF Read:0x00000000 at 0xa00082c4
[33085.296264] PUF Read:0x10000000 at 0xa00082c8
[33085.296264] PUF Read:0x00000000 at 0xa00082cc
[33085.296264] PUF Read:0x00100000 at 0xa00082d0
[33085.296264] PUF Read:0x00000000 at 0xa00082d4
[33085.296264] PUF Read:0x40000000 at 0xa00082d8
[33085.296264] PUF Read:0x00004000 at 0xa00082dc
[33085.296417] PUF Read:0x00000000 at 0xa00082e0
[33085.296417] PUF Read:0x00000400 at 0xa00082e4
[33085.296417] PUF Read:0x00000100 at 0xa00082e8
[33085.296417] PUF Read:0x00000001 at 0xa00082ec
[33085.296417] PUF Read:0x00000001 at 0xa00082f0
[33085.296417] PUF Read:0x00000000 at 0xa00082f4
[33085.296569] PUF Read:0x00000000 at 0xa00082f8
[33085.296569] PUF Read:0x00000000 at 0xa00082fc
[33085.296630] PUF Read:0x00000100 at 0xa0008300
[33085.296630] PUF Read:0x00000000 at 0xa0008304
[33085.296630] PUF Read:0x00000000 at 0xa0008308
[33085.296691] PUF Read:0x00000000 at 0xa000830c
[33085.296722] PUF Read:0x00000000 at 0xa0008310
[33085.296722] PUF Read:0x00000010 at 0xa0008314
[33085.296722] PUF Read:0x01500000 at 0xa0008318
[33085.296722] PUF Read:0x10000000 at 0xa000831c
[33085.296722] PUF Read:0x00000000 at 0xa0008320
[33085.296844] PUF Read:0x00000100 at 0xa0008324
[33085.296875] PUF Read:0x00000000 at 0xa0008328
[33085.296905] PUF Read:0x00010000 at 0xa000832c
[33085.296905] PUF Read:0x00000004 at 0xa0008330
[33085.296966] PUF Read:0x00000100 at 0xa0008334
[33085.296966] PUF Read:0x00001000 at 0xa0008338
[33085.296966] PUF Read:0x00000000 at 0xa000833c
[33085.296966] PUF Read:0x10000100 at 0xa0008340
[33085.297058] PUF Read:0x00000001 at 0xa0008344
[33085.297058] PUF Read:0x00000000 at 0xa0008348
[33085.297058] PUF Read:0x00000100 at 0xa000834c
[33085.297058] PUF Read:0x00000000 at 0xa0008350
[33085.297058] PUF Read:0x00000000 at 0xa0008354
[33085.297058] PUF Read:0x00000000 at 0xa0008358
[33085.297210] PUF Read:0x00000000 at 0xa000835c
[33085.297210] PUF Read:0x00014000 at 0xa0008360
[33085.297210] PUF Read:0x00000000 at 0xa0008364
[33085.297210] PUF Read:0x00000000 at 0xa0008368
[33085.297210] PUF Read:0x00000400 at 0xa000836c
[33085.297332] PUF Read:0x00000000 at 0xa0008370
[33085.297363] PUF Read:0x00000000 at 0xa0008374
[33085.297363] PUF Read:0x40000000 at 0xa0008378
[33085.297363] PUF Read:0x00000040 at 0xa000837c
[33085.297363] PUF Read:0x00000000 at 0xa0008380
[33085.297363] PUF Read:0x00000000 at 0xa0008384
[33085.297363] PUF Read:0x00000000 at 0xa0008388
[33085.297515] PUF Read:0x00000000 at 0xa000838c
[33085.297515] PUF Read:0x00000001 at 0xa0008390
[33085.297515] PUF Read:0x00000100 at 0xa0008394
[33085.297515] PUF Read:0x10000000 at 0xa0008398
[33085.297607] PUF Read:0x00000004 at 0xa000839c
[33085.297607] PUF Read:0x00000000 at 0xa00083a0
[33085.297668] PUF Read:0x00000000 at 0xa00083a4
[33085.297668] PUF Read:0x00000000 at 0xa00083a8
[33085.297668] PUF Read:0x00001000 at 0xa00083ac
[33085.297668] PUF Read:0x00000000 at 0xa00083b0
[33085.297668] PUF Read:0x00000000 at 0xa00083b4
[33085.297668] PUF Read:0x00000000 at 0xa00083b8
[33085.297821] PUF Read:0x00000000 at 0xa00083bc
[33085.297821] PUF Read:0x00000040 at 0xa00083c0
[33085.297821] PUF Read:0x04000000 at 0xa00083c4
[33085.297821] PUF Read:0x00000000 at 0xa00083c8
[33085.297821] PUF Read:0x00000000 at 0xa00083cc
[33085.297821] PUF Read:0x00000000 at 0xa00083d0
[33085.297973] PUF Read:0x00010000 at 0xa00083d4
[33085.297973] PUF Read:0x00000000 at 0xa00083d8
[33085.297973] PUF Read:0x00000000 at 0xa00083dc
[33085.297973] PUF Read:0x00140000 at 0xa00083e0
[33085.297973] PUF Read:0x10000000 at 0xa00083e4
[33085.297973] PUF Read:0x00000000 at 0xa00083e8
[33085.298126] PUF Read:0x00000000 at 0xa00083ec
[33085.298126] PUF Read:0x00000400 at 0xa00083f0
[33085.298126] PUF Read:0x04000000 at 0xa00083f4
[33085.298126] PUF Read:0x00000004 at 0xa00083f8
[33085.298126] PUF Read:0x00040000 at 0xa00083fc
[33085.298248] [i] Finished PUF read-out
[33085.298248] <6>[i] Finished PUF query for decaytime: 15360
[33085.298278] End measurement:2
[33085.298278] [i] Start measurement: 3
[33085.298278] [i] Start decaytime: 60
[33085.298309] EMIF 2 REG Write 0x80000000 at 0x4d000010
[33085.298309] EMIF 2 REG Read 0x80000000 at 0x4d000010
[33085.298339] EMIF 2 REG Write 0x80000000 at 0x4d000014
[33085.298339] EMIF 2 REG Read 0x00000000 at 0x4d000014
[33085.298339] EMIF 2 REG Write 0x08016893 at 0x4d0000cc
[33085.298370] EMIF 2 REG Read 0x08016893 at 0x4d0000cc
[33085.298370] Temp polling alert disabled
[33085.298370] Refresh Disabled at EMIF2
[33085.298400] [i] Initialiting PUF & hammer rows
[33085.298400] [i] Single-Sided Rowhammer (SSRH)
[33085.305145] [i] Finished initialiting PUF & hammer rows
[33085.305145] [i]	Timer elapsed since its reset 0 sec
[33085.305145] [i] Decay: 60 sec
[33085.305175] [i]	Relative Decay: 0 msec
