[78579.150939] [i] Total hammer attempts per row: 1863668
[78579.150970] EMIF 2 REG Write 0x00000618 at 0x4d000010
[78579.150970] EMIF 2 REG Read 0x00000618 at 0x4d000010
[78579.151000] EMIF 2 REG Write 0x00000618 at 0x4d000014
[78579.151000] EMIF 2 REG Read 0x00000618 at 0x4d000014
[78579.151031] EMIF 2 REG Write 0x58016893 at 0x4d0000cc
[78579.151031] EMIF 2 REG Read 0x58016893 at 0x4d0000cc
[78579.151062] Temp polling alert enabled
[78579.151062] Refresh enabled at EMIF2
[78579.151062] [i] Starting PUF read-out
[78579.151092] [i] Single-Sided Rowhammer (SSRH)
[78579.151092] PUF Read:0xaaaaaaaa at 0xa0008000
[78579.151092] PUF Read:0xaaaaaaaa at 0xa0008004
[78579.151153] PUF Read:0xaaaaaaaa at 0xa0008008
[78579.151184] PUF Read:0xa2aaaaaa at 0xa000800c
[78579.151184] PUF Read:0xaaaaaaaa at 0xa0008010
[78579.151184] PUF Read:0xaaaaabaa at 0xa0008014
[78579.151184] PUF Read:0xaaaaaaaa at 0xa0008018
[78579.151275] PUF Read:0xaaaaaaaa at 0xa000801c
[78579.151275] PUF Read:0xaaaaaaaa at 0xa0008020
[78579.151336] PUF Read:0xaaaaaaaa at 0xa0008024
[78579.151367] PUF Read:0xaaaaaaaa at 0xa0008028
[78579.151367] PUF Read:0xaaaaaaaa at 0xa000802c
[78579.151367] PUF Read:0xaaaaaaaa at 0xa0008030
[78579.151367] PUF Read:0xaaaaaaaa at 0xa0008034
[78579.151458] PUF Read:0xaaaaaaaa at 0xa0008038
[78579.151458] PUF Read:0xaaaaaaaa at 0xa000803c
[78579.151519] PUF Read:0xaaaaaaab at 0xa0008040
[78579.151550] PUF Read:0xaaaaeaaa at 0xa0008044
[78579.151550] PUF Read:0xaaaaaaaa at 0xa0008048
[78579.151550] PUF Read:0xaaaaaaaa at 0xa000804c
[78579.151611] PUF Read:0xaaaaaaaa at 0xa0008050
[78579.151611] PUF Read:0xaaaaaaaa at 0xa0008054
[78579.151672] PUF Read:0xaaaaaa8a at 0xa0008058
[78579.151702] PUF Read:0xaaaaaaaa at 0xa000805c
[78579.151702] PUF Read:0xaaaaaaaa at 0xa0008060
[78579.151763] PUF Read:0xaaaa2aaa at 0xa0008064
[78579.151763] PUF Read:0xaaaaaaaa at 0xa0008068
[78579.151763] PUF Read:0xaaaaaaaa at 0xa000806c
[78579.151824] PUF Read:0xaaaaaaaa at 0xa0008070
[78579.151855] PUF Read:0xaaaaaaaa at 0xa0008074
[78579.151855] PUF Read:0xaaaaaaaa at 0xa0008078
[78579.151916] PUF Read:0xaaaaaaaa at 0xa000807c
[78579.151916] PUF Read:0xaaaaaaaa at 0xa0008080
[78579.151916] PUF Read:0xaaaaaaaa at 0xa0008084
[78579.151916] PUF Read:0xaaaaaaaa at 0xa0008088
[78579.152008] PUF Read:0xaaaaaaaa at 0xa000808c
[78579.152008] PUF Read:0xaaaa8aaa at 0xa0008090
[78579.152008] PUF Read:0xaaaaaaaa at 0xa0008094
[78579.152008] PUF Read:0xaaabaaaa at 0xa0008098
[78579.152008] PUF Read:0xaaaaaaaa at 0xa000809c
[78579.152008] PUF Read:0xaaaaaaaa at 0xa00080a0
[78579.152160] PUF Read:0xaaaaaaaa at 0xa00080a4
[78579.152160] PUF Read:0xaaaaaaaa at 0xa00080a8
[78579.152160] PUF Read:0xaaaaaaaa at 0xa00080ac
[78579.152160] PUF Read:0xaaaaaaaa at 0xa00080b0
[78579.152160] PUF Read:0xaa2aaaaa at 0xa00080b4
[78579.152160] PUF Read:0xaaaaeaaa at 0xa00080b8
[78579.152313] PUF Read:0x8aaaaaaa at 0xa00080bc
[78579.152343] PUF Read:0xaaaaaaaa at 0xa00080c0
[78579.152343] PUF Read:0xaaaaaaaa at 0xa00080c4
[78579.152343] PUF Read:0xaaa2aaaa at 0xa00080c8
[78579.152404] PUF Read:0xaaaaaaaa at 0xa00080cc
[78579.152404] PUF Read:0xeaaaaaaa at 0xa00080d0
[78579.152465] PUF Read:0xaaaaaaaa at 0xa00080d4
[78579.152496] PUF Read:0xaaaaaaaa at 0xa00080d8
[78579.152496] PUF Read:0xaaaaaaaa at 0xa00080dc
[78579.152496] PUF Read:0xabaaaaaa at 0xa00080e0
[78579.152557] PUF Read:0xaaaaaaaa at 0xa00080e4
[78579.152557] PUF Read:0xaaaaaaaa at 0xa00080e8
[78579.152618] PUF Read:0xaaaaaaab at 0xa00080ec
[78579.152648] PUF Read:0x8aaaaaaa at 0xa00080f0
[78579.152648] PUF Read:0xaaaaaaaa at 0xa00080f4
[78579.152648] PUF Read:0xaaaaaaaa at 0xa00080f8
[78579.152709] PUF Read:0xaaaaaaaa at 0xa00080fc
[78579.152709] PUF Read:0xaaaaaaaa at 0xa0008100
[78579.152770] PUF Read:0xaaaaaaaa at 0xa0008104
[78579.152801] PUF Read:0xaaaaaaaa at 0xa0008108
[78579.152801] PUF Read:0xaaaaaaaa at 0xa000810c
[78579.152862] PUF Read:0xaaaaaaaa at 0xa0008110
[78579.152862] PUF Read:0xaaaa2aaa at 0xa0008114
[78579.152862] PUF Read:0xaaaaaaaa at 0xa0008118
[78579.152862] PUF Read:0xaaaaaaaa at 0xa000811c
[78579.152954] PUF Read:0xaaaaaaaa at 0xa0008120
[78579.152984] PUF Read:0xaaaaaaaa at 0xa0008124
[78579.152984] PUF Read:0xaaaaaaaa at 0xa0008128
[78579.153045] PUF Read:0xaaaaaaaa at 0xa000812c
[78579.153045] PUF Read:0xaaaaaaaa at 0xa0008130
[78579.153045] PUF Read:0xaaaaaaaa at 0xa0008134
[78579.153045] PUF Read:0xaa8aaaaa at 0xa0008138
[78579.153137] PUF Read:0xaaaaaaaa at 0xa000813c
[78579.153137] PUF Read:0xaaaaaaaa at 0xa0008140
[78579.153137] PUF Read:0xaaaaaaaa at 0xa0008144
[78579.153137] PUF Read:0xaabaaeaa at 0xa0008148
[78579.153137] PUF Read:0xaaaaaaaa at 0xa000814c
[78579.153137] PUF Read:0xaaaaaaaa at 0xa0008150
[78579.153289] PUF Read:0xaaaaaaaa at 0xa0008154
[78579.153289] PUF Read:0xaaaaaaaa at 0xa0008158
[78579.153289] PUF Read:0xaaaaaaea at 0xa000815c
[78579.153289] PUF Read:0xaaaaaaaa at 0xa0008160
[78579.153381] PUF Read:0xaaaaaaaa at 0xa0008164
[78579.153381] PUF Read:0xaaaaaaaa at 0xa0008168
[78579.153442] PUF Read:0xaaaaaaaa at 0xa000816c
[78579.153472] PUF Read:0xaaaaaaaa at 0xa0008170
[78579.153472] PUF Read:0xaaaaaaaa at 0xa0008174
[78579.153472] PUF Read:0xaaaaaaaa at 0xa0008178
[78579.153472] PUF Read:0xaaaaaaaa at 0xa000817c
[78579.153472] PUF Read:0xaaaa2a2a at 0xa0008180
[78579.153594] PUF Read:0xaaaaaaaa at 0xa0008184
[78579.153594] PUF Read:0xaaaaaaaa at 0xa0008188
[78579.153594] PUF Read:0xaaaaaaaa at 0xa000818c
[78579.153594] PUF Read:0xaaaaaaaa at 0xa0008190
[78579.153686] PUF Read:0xaaaaaaaa at 0xa0008194
[78579.153686] PUF Read:0xaaaaaaaa at 0xa0008198
[78579.153747] PUF Read:0xaaaaaaaa at 0xa000819c
[78579.153778] PUF Read:0xaaaaaaaa at 0xa00081a0
[78579.153778] PUF Read:0xaaaaaaaa at 0xa00081a4
[78579.153778] PUF Read:0xaaaaaaaa at 0xa00081a8
[78579.153839] PUF Read:0xaaaaaaaa at 0xa00081ac
[78579.153839] PUF Read:0xaaeaaaaa at 0xa00081b0
[78579.153900] PUF Read:0xaaaaaaaa at 0xa00081b4
[78579.153930] PUF Read:0xaaaaaaaa at 0xa00081b8
[78579.153930] PUF Read:0xaaaaaaaa at 0xa00081bc
[78579.153930] PUF Read:0xaaa8aaaa at 0xa00081c0
[78579.153991] PUF Read:0xaaaaaaae at 0xa00081c4
[78579.153991] PUF Read:0xaaaaaaaa at 0xa00081c8
[78579.154052] PUF Read:0xaaaaaaaa at 0xa00081cc
[78579.154083] PUF Read:0xbaaaaaaa at 0xa00081d0
[78579.154083] PUF Read:0xaaaaaaaa at 0xa00081d4
[78579.154083] PUF Read:0xaaaaaaaa at 0xa00081d8
[78579.154144] PUF Read:0xaaaaaaaa at 0xa00081dc
[78579.154144] PUF Read:0xaaaaaaaa at 0xa00081e0
[78579.154144] PUF Read:0xaaaaaaea at 0xa00081e4
[78579.154235] PUF Read:0xaaaaaaaa at 0xa00081e8
[78579.154235] PUF Read:0xaa2aaaaa at 0xa00081ec
[78579.154235] PUF Read:0xaaaaaaaa at 0xa00081f0
[78579.154235] PUF Read:0xaaaaaeaa at 0xa00081f4
[78579.154235] PUF Read:0xaaaaaaa2 at 0xa00081f8
[78579.154235] PUF Read:0xaaaaaaaa at 0xa00081fc
[78579.154388] PUF Read:0xaaaaaaaa at 0xa0008200
[78579.154418] PUF Read:0xaaaaaaaa at 0xa0008204
[78579.154418] PUF Read:0xaaaaaaaa at 0xa0008208
[78579.154418] PUF Read:0xa8aaaaaa at 0xa000820c
[78579.154479] PUF Read:0xaaaaaaaa at 0xa0008210
[78579.154479] PUF Read:0xaaaaaaaa at 0xa0008214
[78579.154541] PUF Read:0xaaaaaaaa at 0xa0008218
[78579.154571] PUF Read:0xaaaaaaaa at 0xa000821c
[78579.154571] PUF Read:0xaaaaaaaa at 0xa0008220
[78579.154571] PUF Read:0xaaaaaaaa at 0xa0008224
[78579.154571] PUF Read:0xaaaaaaaa at 0xa0008228
[78579.154571] PUF Read:0xaaaaaaaa at 0xa000822c
[78579.154571] PUF Read:0xaaaaaaaa at 0xa0008230
[78579.154724] PUF Read:0xa8eaaaaa at 0xa0008234
[78579.154724] PUF Read:0xaaaaaaaa at 0xa0008238
[78579.154724] PUF Read:0xaaaaaaaa at 0xa000823c
[78579.154724] PUF Read:0xaaaaaaaa at 0xa0008240
[78579.154724] PUF Read:0xaaaaaaaa at 0xa0008244
[78579.154724] PUF Read:0xaaaaaaaa at 0xa0008248
[78579.154876] PUF Read:0xaaaaaaaa at 0xa000824c
[78579.154876] PUF Read:0xaaaaaaaa at 0xa0008250
[78579.154876] PUF Read:0xaaaaaaaa at 0xa0008254
[78579.154876] PUF Read:0xaaaaaaaa at 0xa0008258
[78579.154876] PUF Read:0xaaaaaaaa at 0xa000825c
[78579.154876] PUF Read:0xaaaaaaaa at 0xa0008260
[78579.155029] PUF Read:0xaaaaaaaa at 0xa0008264
[78579.155029] PUF Read:0xaaaaaaaa at 0xa0008268
[78579.155029] PUF Read:0xaaaaaaaa at 0xa000826c
[78579.155029] PUF Read:0xaaaaaaaa at 0xa0008270
[78579.155029] PUF Read:0xaaaaaaaa at 0xa0008274
[78579.155029] PUF Read:0xaaaaaaaa at 0xa0008278
[78579.155181] PUF Read:0xaaaaaaaa at 0xa000827c
[78579.155181] PUF Read:0xaaaaaaaa at 0xa0008280
[78579.155181] PUF Read:0xaaaaaaaa at 0xa0008284
[78579.155181] PUF Read:0xaaaaaaaa at 0xa0008288
[78579.155181] PUF Read:0xaaaaaaaa at 0xa000828c
[78579.155181] PUF Read:0xaaaaaaaa at 0xa0008290
[78579.155334] PUF Read:0xaaaaaaaa at 0xa0008294
[78579.155334] PUF Read:0xaaaaaaaa at 0xa0008298
[78579.155334] PUF Read:0xaaaaaaaa at 0xa000829c
[78579.155334] PUF Read:0xaaaaaaaa at 0xa00082a0
[78579.155426] PUF Read:0xaaaaaaaa at 0xa00082a4
[78579.155426] PUF Read:0xaaaaaaaa at 0xa00082a8
[78579.155487] PUF Read:0xaaaaaaaa at 0xa00082ac
[78579.155517] PUF Read:0xaaaaaaaa at 0xa00082b0
[78579.155517] PUF Read:0xaaaaaaaa at 0xa00082b4
[78579.155517] PUF Read:0xaaaaaaea at 0xa00082b8
[78579.155578] PUF Read:0xaaaaaaaa at 0xa00082bc
[78579.155578] PUF Read:0xaaaaaaaa at 0xa00082c0
[78579.155639] PUF Read:0xaaaaaaaa at 0xa00082c4
[78579.155670] PUF Read:0xbaaaaaaa at 0xa00082c8
[78579.155670] PUF Read:0xaaaaaaaa at 0xa00082cc
[78579.155670] PUF Read:0xaaaaaaaa at 0xa00082d0
[78579.155731] PUF Read:0xaaaaaaaa at 0xa00082d4
[78579.155731] PUF Read:0xaaaaaaaa at 0xa00082d8
[78579.155792] PUF Read:0xaaaaaaaa at 0xa00082dc
[78579.155822] PUF Read:0xaaaaaaaa at 0xa00082e0
[78579.155822] PUF Read:0xaaaaaeaa at 0xa00082e4
[78579.155822] PUF Read:0xaaaaaaaa at 0xa00082e8
[78579.155883] PUF Read:0xaaaaaaaa at 0xa00082ec
[78579.155883] PUF Read:0xaaaaaaaa at 0xa00082f0
[78579.155944] PUF Read:0xaaaaaaaa at 0xa00082f4
[78579.155975] PUF Read:0xaaaaaaaa at 0xa00082f8
[78579.155975] PUF Read:0xaaaaaaaa at 0xa00082fc
[78579.155975] PUF Read:0xaaaaaaaa at 0xa0008300
[78579.155975] PUF Read:0xaaaaaaaa at 0xa0008304
[78579.156066] PUF Read:0xaaaaaaaa at 0xa0008308
[78579.156066] PUF Read:0xaaaaaaaa at 0xa000830c
[78579.156066] PUF Read:0xaaaaaaaa at 0xa0008310
[78579.156158] PUF Read:0xaaaaaaaa at 0xa0008314
[78579.156158] PUF Read:0xaaaaaaaa at 0xa0008318
[78579.156158] PUF Read:0xbaaaaaaa at 0xa000831c
[78579.156158] PUF Read:0xaaaaaaaa at 0xa0008320
[78579.156158] PUF Read:0xaaaaaaaa at 0xa0008324
[78579.156158] PUF Read:0xaaaaaaaa at 0xa0008328
[78579.156311] PUF Read:0xaaaaaaaa at 0xa000832c
[78579.156341] PUF Read:0xaaaaaaae at 0xa0008330
[78579.156341] PUF Read:0xaaaaaaaa at 0xa0008334
[78579.156341] PUF Read:0xaaaaaaaa at 0xa0008338
[78579.156402] PUF Read:0xaaaaaaaa at 0xa000833c
[78579.156402] PUF Read:0xaaaaaaaa at 0xa0008340
[78579.156463] PUF Read:0xaaaaaaaa at 0xa0008344
[78579.156494] PUF Read:0xaaaaaaaa at 0xa0008348
[78579.156494] PUF Read:0xaaaaaaaa at 0xa000834c
[78579.156494] PUF Read:0xaaaaaa8a at 0xa0008350
[78579.156555] PUF Read:0xaaaaaaaa at 0xa0008354
[78579.156555] PUF Read:0xaaaaaaaa at 0xa0008358
[78579.156616] PUF Read:0xaaaaaaaa at 0xa000835c
[78579.156646] PUF Read:0xaaabaaaa at 0xa0008360
[78579.156646] PUF Read:0xaaaaaaaa at 0xa0008364
[78579.156707] PUF Read:0xaaaaaaaa at 0xa0008368
[78579.156707] PUF Read:0xaaaaaaaa at 0xa000836c
[78579.156707] PUF Read:0xaaaaaaaa at 0xa0008370
[78579.156707] PUF Read:0xaaaaaaaa at 0xa0008374
[78579.156799] PUF Read:0xaaaaaaaa at 0xa0008378
[78579.156799] PUF Read:0xaaaaaaaa at 0xa000837c
[78579.156799] PUF Read:0xaaaaaaaa at 0xa0008380
[78579.156799] PUF Read:0xaaaaaaaa at 0xa0008384
[78579.156799] PUF Read:0xaaaaaaaa at 0xa0008388
[78579.156799] PUF Read:0xaaaaaaaa at 0xa000838c
[78579.156951] PUF Read:0xaaaaaaaa at 0xa0008390
[78579.156982] PUF Read:0xaaaaaaaa at 0xa0008394
[78579.156982] PUF Read:0xaaaaaaaa at 0xa0008398
[78579.156982] PUF Read:0xaaa2aaaa at 0xa000839c
[78579.157043] PUF Read:0xaaaaaaaa at 0xa00083a0
[78579.157043] PUF Read:0xaaaaaaaa at 0xa00083a4
[78579.157104] PUF Read:0xaaaaaaaa at 0xa00083a8
[78579.157135] PUF Read:0xaaaaaaaa at 0xa00083ac
[78579.157135] PUF Read:0xaaaaaaaa at 0xa00083b0
[78579.157135] PUF Read:0xaaaaaaaa at 0xa00083b4
[78579.157196] PUF Read:0xaaaaaaaa at 0xa00083b8
[78579.157196] PUF Read:0xaaaaaaaa at 0xa00083bc
[78579.157257] PUF Read:0xaaaaaaaa at 0xa00083c0
[78579.157287] PUF Read:0xaaaaaaaa at 0xa00083c4
[78579.157287] PUF Read:0xaaaaaaaa at 0xa00083c8
[78579.157287] PUF Read:0xaaaaaaaa at 0xa00083cc
[78579.157348] PUF Read:0xaaaaaaaa at 0xa00083d0
[78579.157348] PUF Read:0xaaabaaaa at 0xa00083d4
[78579.157409] PUF Read:0xaaaaaaaa at 0xa00083d8
[78579.157440] PUF Read:0xaaaaaaaa at 0xa00083dc
[78579.157440] PUF Read:0xaaaaaaaa at 0xa00083e0
[78579.157440] PUF Read:0xaaaaa8aa at 0xa00083e4
[78579.157501] PUF Read:0xaaaaaaaa at 0xa00083e8
[78579.157501] PUF Read:0xaaaaaaaa at 0xa00083ec
[78579.157501] PUF Read:0xaaaaaaaa at 0xa00083f0
[78579.157592] PUF Read:0xaaaaaaaa at 0xa00083f4
[78579.157623] PUF Read:0xaaaaaaae at 0xa00083f8
[78579.157623] PUF Read:0xaaaeaaaa at 0xa00083fc
[78579.157623] [i] Finished PUF read-out
[78579.157684] <6>[i] Finished PUF query for decaytime: 7680
[78579.157684] [i] Start decaytime: 120
[78579.157684] EMIF 2 REG Write 0x80000000 at 0x4d000010
[78579.157714] EMIF 2 REG Read 0x80000000 at 0x4d000010
[78579.157714] EMIF 2 REG Write 0x80000000 at 0x4d000014
[78579.157745] EMIF 2 REG Read 0x00000000 at 0x4d000014
[78579.157745] EMIF 2 REG Write 0x08016893 at 0x4d0000cc
[78579.157775] EMIF 2 REG Read 0x08016893 at 0x4d0000cc
[78579.157775] Temp polling alert disabled
[78579.157775] Refresh Disabled at EMIF2
[78579.157806] [i] Initialiting PUF & hammer rows
[78579.157806] [i] Single-Sided Rowhammer (SSRH)
[78579.164550] [i] Finished initialiting PUF & hammer rows
[78579.164550] [i]	Timer elapsed since its reset 0 sec
[78579.164550] [i] Decay: 120 sec
[78579.164581] [i]	Relative Decay: 0 msec
