[ 3329.940307] [i] Total hammer attempts per row: 3725757
[ 3329.940307] EMIF 2 REG Write 0x00000618 at 0x4d000010
[ 3329.940338] EMIF 2 REG Read 0x00000618 at 0x4d000010
[ 3329.940338] EMIF 2 REG Write 0x00000618 at 0x4d000014
[ 3329.940368] EMIF 2 REG Read 0x00000618 at 0x4d000014
[ 3329.940368] EMIF 2 REG Write 0x58016893 at 0x4d0000cc
[ 3329.940399] EMIF 2 REG Read 0x58016893 at 0x4d0000cc
[ 3329.940399] Temp polling alert enabled
[ 3329.940399] Refresh enabled at EMIF2
[ 3329.940429] [i] Starting PUF read-out
[ 3329.940429] [i] Single-Sided Rowhammer (SSRH)
[ 3329.940429] PUF Read:0x00000010 at 0xa0008000
[ 3329.940460] PUF Read:0x00000400 at 0xa0008004
[ 3329.940460] PUF Read:0x00000000 at 0xa0008008
[ 3329.940460] PUF Read:0x00000000 at 0xa000800c
[ 3329.940460] PUF Read:0x00000000 at 0xa0008010
[ 3329.940582] PUF Read:0x00000100 at 0xa0008014
[ 3329.940582] PUF Read:0x00000000 at 0xa0008018
[ 3329.940582] PUF Read:0x10400000 at 0xa000801c
[ 3329.940582] PUF Read:0x40000000 at 0xa0008020
[ 3329.940673] PUF Read:0x40004000 at 0xa0008024
[ 3329.940673] PUF Read:0x00004000 at 0xa0008028
[ 3329.940734] PUF Read:0x00000010 at 0xa000802c
[ 3329.940765] PUF Read:0x40000000 at 0xa0008030
[ 3329.940765] PUF Read:0x04000000 at 0xa0008034
[ 3329.940765] PUF Read:0x00000000 at 0xa0008038
[ 3329.940826] PUF Read:0x00000000 at 0xa000803c
[ 3329.940826] PUF Read:0x00000001 at 0xa0008040
[ 3329.940887] PUF Read:0x00004000 at 0xa0008044
[ 3329.940917] PUF Read:0x00000000 at 0xa0008048
[ 3329.940917] PUF Read:0x00000001 at 0xa000804c
[ 3329.940917] PUF Read:0x00000000 at 0xa0008050
[ 3329.940979] PUF Read:0x00000000 at 0xa0008054
[ 3329.940979] PUF Read:0x00000000 at 0xa0008058
[ 3329.941040] PUF Read:0x00000000 at 0xa000805c
[ 3329.941070] PUF Read:0x00000000 at 0xa0008060
[ 3329.941070] PUF Read:0x00100000 at 0xa0008064
[ 3329.941070] PUF Read:0x00000000 at 0xa0008068
[ 3329.941131] PUF Read:0x00000000 at 0xa000806c
[ 3329.941131] PUF Read:0x00000000 at 0xa0008070
[ 3329.941192] PUF Read:0x00000000 at 0xa0008074
[ 3329.941223] PUF Read:0x00000000 at 0xa0008078
[ 3329.941223] PUF Read:0x00010000 at 0xa000807c
[ 3329.941223] PUF Read:0x00010000 at 0xa0008080
[ 3329.941284] PUF Read:0x00000000 at 0xa0008084
[ 3329.941284] PUF Read:0x00000000 at 0xa0008088
[ 3329.941345] PUF Read:0x00000000 at 0xa000808c
[ 3329.941375] PUF Read:0x00000000 at 0xa0008090
[ 3329.941375] PUF Read:0x10000000 at 0xa0008094
[ 3329.941375] PUF Read:0x00410001 at 0xa0008098
[ 3329.941436] PUF Read:0x00000000 at 0xa000809c
[ 3329.941436] PUF Read:0x00000000 at 0xa00080a0
[ 3329.941497] PUF Read:0x00010000 at 0xa00080a4
[ 3329.941528] PUF Read:0x00000001 at 0xa00080a8
[ 3329.941528] PUF Read:0x00000041 at 0xa00080ac
[ 3329.941528] PUF Read:0x00000000 at 0xa00080b0
[ 3329.941528] PUF Read:0x00000000 at 0xa00080b4
[ 3329.941619] PUF Read:0x00004000 at 0xa00080b8
[ 3329.941619] PUF Read:0x00000000 at 0xa00080bc
[ 3329.941680] PUF Read:0x00000400 at 0xa00080c0
[ 3329.941711] PUF Read:0x00000000 at 0xa00080c4
[ 3329.941711] PUF Read:0x10000000 at 0xa00080c8
[ 3329.941711] PUF Read:0x01000000 at 0xa00080cc
[ 3329.941711] PUF Read:0x40044000 at 0xa00080d0
[ 3329.941711] PUF Read:0x00000000 at 0xa00080d4
[ 3329.941833] PUF Read:0x00001000 at 0xa00080d8
[ 3329.941833] PUF Read:0x00000000 at 0xa00080dc
[ 3329.941833] PUF Read:0x01000000 at 0xa00080e0
[ 3329.941833] PUF Read:0x00000000 at 0xa00080e4
[ 3329.941833] PUF Read:0x00000000 at 0xa00080e8
[ 3329.941955] PUF Read:0x00000001 at 0xa00080ec
[ 3329.941986] PUF Read:0x00000000 at 0xa00080f0
[ 3329.941986] PUF Read:0x00000000 at 0xa00080f4
[ 3329.942047] PUF Read:0x00000100 at 0xa00080f8
[ 3329.942047] PUF Read:0x00000000 at 0xa00080fc
[ 3329.942047] PUF Read:0x00000000 at 0xa0008100
[ 3329.942108] PUF Read:0x00000000 at 0xa0008104
[ 3329.942138] PUF Read:0x00000000 at 0xa0008108
[ 3329.942138] PUF Read:0x00000000 at 0xa000810c
[ 3329.942138] PUF Read:0x00000000 at 0xa0008110
[ 3329.942199] PUF Read:0x00400000 at 0xa0008114
[ 3329.942199] PUF Read:0x00000000 at 0xa0008118
[ 3329.942260] PUF Read:0x00000000 at 0xa000811c
[ 3329.942291] PUF Read:0x00000000 at 0xa0008120
[ 3329.942291] PUF Read:0x00000400 at 0xa0008124
[ 3329.942291] PUF Read:0x00000040 at 0xa0008128
[ 3329.942352] PUF Read:0x00000000 at 0xa000812c
[ 3329.942352] PUF Read:0x00000000 at 0xa0008130
[ 3329.942413] PUF Read:0x00000000 at 0xa0008134
[ 3329.942443] PUF Read:0x00010000 at 0xa0008138
[ 3329.942443] PUF Read:0x00000000 at 0xa000813c
[ 3329.942443] PUF Read:0x40000400 at 0xa0008140
[ 3329.942504] PUF Read:0x00000000 at 0xa0008144
[ 3329.942504] PUF Read:0x00100400 at 0xa0008148
[ 3329.942565] PUF Read:0x00000000 at 0xa000814c
[ 3329.942596] PUF Read:0x00000000 at 0xa0008150
[ 3329.942596] PUF Read:0x00000000 at 0xa0008154
[ 3329.942596] PUF Read:0x00000000 at 0xa0008158
[ 3329.942596] PUF Read:0x00100040 at 0xa000815c
[ 3329.942596] PUF Read:0x00001000 at 0xa0008160
[ 3329.942718] PUF Read:0x00000000 at 0xa0008164
[ 3329.942718] PUF Read:0x04000000 at 0xa0008168
[ 3329.942718] PUF Read:0x00400000 at 0xa000816c
[ 3329.942718] PUF Read:0x00000000 at 0xa0008170
[ 3329.942718] PUF Read:0x00100000 at 0xa0008174
[ 3329.942718] PUF Read:0x00000000 at 0xa0008178
[ 3329.942871] PUF Read:0x00004000 at 0xa000817c
[ 3329.942871] PUF Read:0x00000000 at 0xa0008180
[ 3329.942871] PUF Read:0x00000000 at 0xa0008184
[ 3329.942932] PUF Read:0x00040000 at 0xa0008188
[ 3329.942932] PUF Read:0x00000440 at 0xa000818c
[ 3329.942993] PUF Read:0x00000000 at 0xa0008190
[ 3329.943023] PUF Read:0x40000000 at 0xa0008194
[ 3329.943023] PUF Read:0x00000004 at 0xa0008198
[ 3329.943023] PUF Read:0x00000000 at 0xa000819c
[ 3329.943084] PUF Read:0x00000000 at 0xa00081a0
[ 3329.943115] PUF Read:0x00000000 at 0xa00081a4
[ 3329.943115] PUF Read:0x00000000 at 0xa00081a8
[ 3329.943176] PUF Read:0x00000000 at 0xa00081ac
[ 3329.943206] PUF Read:0x00410000 at 0xa00081b0
[ 3329.943206] PUF Read:0x00000000 at 0xa00081b4
[ 3329.943206] PUF Read:0x00000000 at 0xa00081b8
[ 3329.943267] PUF Read:0x00100000 at 0xa00081bc
[ 3329.943267] PUF Read:0x00000000 at 0xa00081c0
[ 3329.943328] PUF Read:0x00000004 at 0xa00081c4
[ 3329.943359] PUF Read:0x00000000 at 0xa00081c8
[ 3329.943359] PUF Read:0x00010000 at 0xa00081cc
[ 3329.943359] PUF Read:0x10000000 at 0xa00081d0
[ 3329.943420] PUF Read:0x00000000 at 0xa00081d4
[ 3329.943420] PUF Read:0x10000000 at 0xa00081d8
[ 3329.943481] PUF Read:0x00000000 at 0xa00081dc
[ 3329.943481] PUF Read:0x00000000 at 0xa00081e0
[ 3329.943481] PUF Read:0x00000040 at 0xa00081e4
[ 3329.943481] PUF Read:0x00000000 at 0xa00081e8
[ 3329.943481] PUF Read:0x00000010 at 0xa00081ec
[ 3329.943481] PUF Read:0x00000001 at 0xa00081f0
[ 3329.943634] PUF Read:0x00000400 at 0xa00081f4
[ 3329.943634] PUF Read:0x00000000 at 0xa00081f8
[ 3329.943634] PUF Read:0x00000040 at 0xa00081fc
[ 3329.943634] PUF Read:0x00000000 at 0xa0008200
[ 3329.943634] PUF Read:0x00000000 at 0xa0008204
[ 3329.943634] PUF Read:0x00000010 at 0xa0008208
[ 3329.943786] PUF Read:0x00000000 at 0xa000820c
[ 3329.943786] PUF Read:0x00400000 at 0xa0008210
[ 3329.943847] PUF Read:0x00000000 at 0xa0008214
[ 3329.943847] PUF Read:0x00000400 at 0xa0008218
[ 3329.943847] PUF Read:0x00000000 at 0xa000821c
[ 3329.943847] PUF Read:0x00000000 at 0xa0008220
[ 3329.943939] PUF Read:0x00100000 at 0xa0008224
[ 3329.943939] PUF Read:0x00000000 at 0xa0008228
[ 3329.943939] PUF Read:0x00000000 at 0xa000822c
[ 3329.943939] PUF Read:0x00000500 at 0xa0008230
[ 3329.943939] PUF Read:0x00400000 at 0xa0008234
[ 3329.943939] PUF Read:0x00000000 at 0xa0008238
[ 3329.944091] PUF Read:0x00000400 at 0xa000823c
[ 3329.944091] PUF Read:0x00000000 at 0xa0008240
[ 3329.944091] PUF Read:0x00000000 at 0xa0008244
[ 3329.944091] PUF Read:0x00000000 at 0xa0008248
[ 3329.944091] PUF Read:0x00000000 at 0xa000824c
[ 3329.944091] PUF Read:0x04000000 at 0xa0008250
[ 3329.944244] PUF Read:0x00100000 at 0xa0008254
[ 3329.944244] PUF Read:0x00000000 at 0xa0008258
[ 3329.944244] PUF Read:0x04040000 at 0xa000825c
[ 3329.944244] PUF Read:0x00000000 at 0xa0008260
[ 3329.944244] PUF Read:0x00001000 at 0xa0008264
[ 3329.944244] PUF Read:0x00000400 at 0xa0008268
[ 3329.944396] PUF Read:0x00000000 at 0xa000826c
[ 3329.944396] PUF Read:0x00000000 at 0xa0008270
[ 3329.944396] PUF Read:0x00000000 at 0xa0008274
[ 3329.944396] PUF Read:0x00000040 at 0xa0008278
[ 3329.944396] PUF Read:0x00100000 at 0xa000827c
[ 3329.944396] PUF Read:0x40000000 at 0xa0008280
[ 3329.944549] PUF Read:0x00000000 at 0xa0008284
[ 3329.944549] PUF Read:0x00400000 at 0xa0008288
[ 3329.944549] PUF Read:0x00000000 at 0xa000828c
[ 3329.944549] PUF Read:0x00000000 at 0xa0008290
[ 3329.944641] PUF Read:0x00000000 at 0xa0008294
[ 3329.944641] PUF Read:0x00000000 at 0xa0008298
[ 3329.944641] PUF Read:0x00000000 at 0xa000829c
[ 3329.944732] PUF Read:0x00000000 at 0xa00082a0
[ 3329.944732] PUF Read:0x00001000 at 0xa00082a4
[ 3329.944732] PUF Read:0x00000000 at 0xa00082a8
[ 3329.944732] PUF Read:0x00000000 at 0xa00082ac
[ 3329.944732] PUF Read:0x00000000 at 0xa00082b0
[ 3329.944732] PUF Read:0x00000000 at 0xa00082b4
[ 3329.944885] PUF Read:0x00000040 at 0xa00082b8
[ 3329.944885] PUF Read:0x00000000 at 0xa00082bc
[ 3329.944885] PUF Read:0x00000000 at 0xa00082c0
[ 3329.944885] PUF Read:0x00000000 at 0xa00082c4
[ 3329.944885] PUF Read:0x10000000 at 0xa00082c8
[ 3329.945007] PUF Read:0x00000000 at 0xa00082cc
[ 3329.945037] PUF Read:0x00100000 at 0xa00082d0
[ 3329.945037] PUF Read:0x00000000 at 0xa00082d4
[ 3329.945098] PUF Read:0x40000000 at 0xa00082d8
[ 3329.945098] PUF Read:0x00004000 at 0xa00082dc
[ 3329.945098] PUF Read:0x00000000 at 0xa00082e0
[ 3329.945159] PUF Read:0x00000400 at 0xa00082e4
[ 3329.945190] PUF Read:0x00000100 at 0xa00082e8
[ 3329.945190] PUF Read:0x00000001 at 0xa00082ec
[ 3329.945190] PUF Read:0x00000001 at 0xa00082f0
[ 3329.945251] PUF Read:0x00000000 at 0xa00082f4
[ 3329.945251] PUF Read:0x00000000 at 0xa00082f8
[ 3329.945312] PUF Read:0x00000000 at 0xa00082fc
[ 3329.945343] PUF Read:0x00000100 at 0xa0008300
[ 3329.945343] PUF Read:0x00000000 at 0xa0008304
[ 3329.945343] PUF Read:0x00000000 at 0xa0008308
[ 3329.945404] PUF Read:0x00000000 at 0xa000830c
[ 3329.945404] PUF Read:0x00000000 at 0xa0008310
[ 3329.945465] PUF Read:0x00000000 at 0xa0008314
[ 3329.945495] PUF Read:0x01400000 at 0xa0008318
[ 3329.945495] PUF Read:0x10000000 at 0xa000831c
[ 3329.945495] PUF Read:0x00000000 at 0xa0008320
[ 3329.945556] PUF Read:0x00000100 at 0xa0008324
[ 3329.945556] PUF Read:0x00000000 at 0xa0008328
[ 3329.945617] PUF Read:0x00010000 at 0xa000832c
[ 3329.945648] PUF Read:0x00000004 at 0xa0008330
[ 3329.945648] PUF Read:0x00000100 at 0xa0008334
[ 3329.945648] PUF Read:0x00001000 at 0xa0008338
[ 3329.945709] PUF Read:0x00000000 at 0xa000833c
[ 3329.945709] PUF Read:0x10000100 at 0xa0008340
[ 3329.945770] PUF Read:0x00000001 at 0xa0008344
[ 3329.945800] PUF Read:0x00000000 at 0xa0008348
[ 3329.945800] PUF Read:0x00000100 at 0xa000834c
[ 3329.945800] PUF Read:0x00000000 at 0xa0008350
[ 3329.945861] PUF Read:0x00000000 at 0xa0008354
[ 3329.945861] PUF Read:0x00000000 at 0xa0008358
[ 3329.945922] PUF Read:0x00000000 at 0xa000835c
[ 3329.945953] PUF Read:0x00010000 at 0xa0008360
[ 3329.945953] PUF Read:0x00000000 at 0xa0008364
[ 3329.945953] PUF Read:0x00000000 at 0xa0008368
[ 3329.946014] PUF Read:0x00000400 at 0xa000836c
[ 3329.946014] PUF Read:0x00000000 at 0xa0008370
[ 3329.946075] PUF Read:0x00000000 at 0xa0008374
[ 3329.946105] PUF Read:0x40000000 at 0xa0008378
[ 3329.946105] PUF Read:0x00000000 at 0xa000837c
[ 3329.946105] PUF Read:0x00000000 at 0xa0008380
[ 3329.946105] PUF Read:0x00000000 at 0xa0008384
[ 3329.946105] PUF Read:0x00000000 at 0xa0008388
[ 3329.946105] PUF Read:0x00000000 at 0xa000838c
[ 3329.946258] PUF Read:0x00000001 at 0xa0008390
[ 3329.946258] PUF Read:0x00000100 at 0xa0008394
[ 3329.946258] PUF Read:0x00000000 at 0xa0008398
[ 3329.946258] PUF Read:0x00000000 at 0xa000839c
[ 3329.946258] PUF Read:0x00000000 at 0xa00083a0
[ 3329.946258] PUF Read:0x00000000 at 0xa00083a4
[ 3329.946411] PUF Read:0x00000000 at 0xa00083a8
[ 3329.946411] PUF Read:0x00001000 at 0xa00083ac
[ 3329.946411] PUF Read:0x00000000 at 0xa00083b0
[ 3329.946411] PUF Read:0x00000000 at 0xa00083b4
[ 3329.946411] PUF Read:0x00000000 at 0xa00083b8
[ 3329.946533] PUF Read:0x00000000 at 0xa00083bc
[ 3329.946563] PUF Read:0x00000000 at 0xa00083c0
[ 3329.946563] PUF Read:0x04000000 at 0xa00083c4
[ 3329.946563] PUF Read:0x00000000 at 0xa00083c8
[ 3329.946624] PUF Read:0x00000000 at 0xa00083cc
[ 3329.946624] PUF Read:0x00000000 at 0xa00083d0
[ 3329.946685] PUF Read:0x00010000 at 0xa00083d4
[ 3329.946716] PUF Read:0x00000000 at 0xa00083d8
[ 3329.946716] PUF Read:0x00000000 at 0xa00083dc
[ 3329.946716] PUF Read:0x00140000 at 0xa00083e0
[ 3329.946777] PUF Read:0x10000000 at 0xa00083e4
[ 3329.946777] PUF Read:0x00000000 at 0xa00083e8
[ 3329.946838] PUF Read:0x00000000 at 0xa00083ec
[ 3329.946868] PUF Read:0x00000400 at 0xa00083f0
[ 3329.946868] PUF Read:0x04000000 at 0xa00083f4
[ 3329.946868] PUF Read:0x00000004 at 0xa00083f8
[ 3329.946929] PUF Read:0x00040000 at 0xa00083fc
[ 3329.946960] [i] Finished PUF read-out
[ 3329.946960] <6>[i] Finished PUF query for decaytime: 15360
[ 3329.946990] End measurement:17
[ 3329.946990] [i] Start measurement: 18
[ 3329.946990] [i] Start decaytime: 60
[ 3329.947021] EMIF 2 REG Write 0x80000000 at 0x4d000010
[ 3329.947021] EMIF 2 REG Read 0x80000000 at 0x4d000010
[ 3329.947052] EMIF 2 REG Write 0x80000000 at 0x4d000014
[ 3329.947052] EMIF 2 REG Read 0x00000000 at 0x4d000014
[ 3329.947052] EMIF 2 REG Write 0x08016893 at 0x4d0000cc
[ 3329.947082] EMIF 2 REG Read 0x08016893 at 0x4d0000cc
[ 3329.947082] Temp polling alert disabled
[ 3329.947082] Refresh Disabled at EMIF2
[ 3329.947113] [i] Initialiting PUF & hammer rows
[ 3329.947113] [i] Single-Sided Rowhammer (SSRH)
[ 3329.954833] [i] Finished initialiting PUF & hammer rows
[ 3329.954833] [i]	Timer elapsed since its reset 0 sec
[ 3329.954833] [i] Decay: 60 sec
[ 3329.954864] [i]	Relative Decay: 0 msec
