[68480.776458] [i] Total hammer attempts per row: 1863307
[68480.776458] EMIF 2 REG Write 0x00000618 at 0x4d000010
[68480.776489] EMIF 2 REG Read 0x00000618 at 0x4d000010
[68480.776489] EMIF 2 REG Write 0x00000618 at 0x4d000014
[68480.776519] EMIF 2 REG Read 0x00000618 at 0x4d000014
[68480.776519] EMIF 2 REG Write 0x58016893 at 0x4d0000cc
[68480.776550] EMIF 2 REG Read 0x58016893 at 0x4d0000cc
[68480.776550] Temp polling alert enabled
[68480.776550] Refresh enabled at EMIF2
[68480.776580] [i] Starting PUF read-out
[68480.776580] [i] Single-Sided Rowhammer (SSRH)
[68480.776580] PUF Read:0xaaaaaaaa at 0xa0008000
[68480.776611] PUF Read:0xaaaaaaaa at 0xa0008004
[68480.776611] PUF Read:0xaaaaaaaa at 0xa0008008
[68480.776611] PUF Read:0xaaaaaaaa at 0xa000800c
[68480.776611] PUF Read:0xaaaaaaaa at 0xa0008010
[68480.776733] PUF Read:0xaaaaabaa at 0xa0008014
[68480.776763] PUF Read:0xaaaaaaaa at 0xa0008018
[68480.776763] PUF Read:0xaaaaaaaa at 0xa000801c
[68480.776763] PUF Read:0xaaaaaaaa at 0xa0008020
[68480.776824] PUF Read:0xaaaaaaaa at 0xa0008024
[68480.776824] PUF Read:0xaaaaaaaa at 0xa0008028
[68480.776885] PUF Read:0xaaaaaaaa at 0xa000802c
[68480.776916] PUF Read:0xaaaaaaaa at 0xa0008030
[68480.776916] PUF Read:0xaaaaaaaa at 0xa0008034
[68480.776977] PUF Read:0xaaaaaaaa at 0xa0008038
[68480.776977] PUF Read:0xaaaaaaaa at 0xa000803c
[68480.776977] PUF Read:0xaaaaaaab at 0xa0008040
[68480.776977] PUF Read:0xaaaaeaaa at 0xa0008044
[68480.777069] PUF Read:0xaaaaaaaa at 0xa0008048
[68480.777069] PUF Read:0xaaaaaaaa at 0xa000804c
[68480.777069] PUF Read:0xaaaaaaaa at 0xa0008050
[68480.777069] PUF Read:0xaaaaaaaa at 0xa0008054
[68480.777160] PUF Read:0xaaaaaaaa at 0xa0008058
[68480.777160] PUF Read:0xaaaaaaaa at 0xa000805c
[68480.777221] PUF Read:0xaaaaaaaa at 0xa0008060
[68480.777252] PUF Read:0xaaaa2aaa at 0xa0008064
[68480.777252] PUF Read:0xaaaaaaaa at 0xa0008068
[68480.777252] PUF Read:0xaaaaaaaa at 0xa000806c
[68480.777313] PUF Read:0xaaaaaaaa at 0xa0008070
[68480.777313] PUF Read:0xaaaaaaaa at 0xa0008074
[68480.777313] PUF Read:0xaaaaaaaa at 0xa0008078
[68480.777404] PUF Read:0xaaaaaaaa at 0xa000807c
[68480.777435] PUF Read:0xaaaaaaaa at 0xa0008080
[68480.777435] PUF Read:0xaaaaaaaa at 0xa0008084
[68480.777435] PUF Read:0xaaaaaaaa at 0xa0008088
[68480.777435] PUF Read:0xaaaaaaaa at 0xa000808c
[68480.777435] PUF Read:0xaaaa8aaa at 0xa0008090
[68480.777435] PUF Read:0xaaaaaaaa at 0xa0008094
[68480.777587] PUF Read:0xaaabaaaa at 0xa0008098
[68480.777587] PUF Read:0xaaaaaaaa at 0xa000809c
[68480.777587] PUF Read:0xaaaaaaaa at 0xa00080a0
[68480.777587] PUF Read:0xaaaaaaaa at 0xa00080a4
[68480.777679] PUF Read:0xaaaaaaaa at 0xa00080a8
[68480.777679] PUF Read:0xaaaaaaaa at 0xa00080ac
[68480.777740] PUF Read:0xaaaaaaaa at 0xa00080b0
[68480.777770] PUF Read:0xaa2aaaaa at 0xa00080b4
[68480.777770] PUF Read:0xaaaaaaaa at 0xa00080b8
[68480.777770] PUF Read:0x8aaaaaaa at 0xa00080bc
[68480.777832] PUF Read:0xaaaaaaaa at 0xa00080c0
[68480.777832] PUF Read:0xaaaaaaaa at 0xa00080c4
[68480.777893] PUF Read:0xaaa2aaaa at 0xa00080c8
[68480.777923] PUF Read:0xaaaaaaaa at 0xa00080cc
[68480.777923] PUF Read:0xaaaaaaaa at 0xa00080d0
[68480.777923] PUF Read:0xaaaaaaaa at 0xa00080d4
[68480.777923] PUF Read:0xaaaaaaaa at 0xa00080d8
[68480.777923] PUF Read:0xaaaaaaaa at 0xa00080dc
[68480.777923] PUF Read:0xaaaaaaaa at 0xa00080e0
[68480.778076] PUF Read:0xaaaaaaaa at 0xa00080e4
[68480.778076] PUF Read:0xaaaaaaaa at 0xa00080e8
[68480.778076] PUF Read:0xaaaaaaab at 0xa00080ec
[68480.778076] PUF Read:0x8aaaaaaa at 0xa00080f0
[68480.778076] PUF Read:0xaaaaaaaa at 0xa00080f4
[68480.778076] PUF Read:0xaaaaaaaa at 0xa00080f8
[68480.778228] PUF Read:0xaaaaaaaa at 0xa00080fc
[68480.778228] PUF Read:0xaaaaaaaa at 0xa0008100
[68480.778228] PUF Read:0xaaaaaaaa at 0xa0008104
[68480.778228] PUF Read:0xaaaaaaaa at 0xa0008108
[68480.778228] PUF Read:0xaaaaaaaa at 0xa000810c
[68480.778228] PUF Read:0xaaaaaaaa at 0xa0008110
[68480.778381] PUF Read:0xaaaaaaaa at 0xa0008114
[68480.778381] PUF Read:0xaaaaaaaa at 0xa0008118
[68480.778381] PUF Read:0xaaaaaaaa at 0xa000811c
[68480.778381] PUF Read:0xaaaaaaaa at 0xa0008120
[68480.778381] PUF Read:0xaaaaaaaa at 0xa0008124
[68480.778381] PUF Read:0xaaaaaaaa at 0xa0008128
[68480.778533] PUF Read:0xaaaaaaaa at 0xa000812c
[68480.778564] PUF Read:0xaaaaaaaa at 0xa0008130
[68480.778564] PUF Read:0xaaaaaaaa at 0xa0008134
[68480.778564] PUF Read:0xaa8aaaaa at 0xa0008138
[68480.778625] PUF Read:0xaaaaaaaa at 0xa000813c
[68480.778625] PUF Read:0xaaaaaaaa at 0xa0008140
[68480.778686] PUF Read:0xaaaaaaaa at 0xa0008144
[68480.778717] PUF Read:0xaabaaeaa at 0xa0008148
[68480.778717] PUF Read:0xaaaaaaaa at 0xa000814c
[68480.778717] PUF Read:0xaaaaaaaa at 0xa0008150
[68480.778778] PUF Read:0xaaaaaaaa at 0xa0008154
[68480.778778] PUF Read:0xaaaaaaaa at 0xa0008158
[68480.778839] PUF Read:0xaaaaaaea at 0xa000815c
[68480.778869] PUF Read:0xaaaaaaaa at 0xa0008160
[68480.778869] PUF Read:0xaaaaaaaa at 0xa0008164
[68480.778869] PUF Read:0xaaaaaaaa at 0xa0008168
[68480.778869] PUF Read:0xaaaaaaaa at 0xa000816c
[68480.778961] PUF Read:0xaaaaaaaa at 0xa0008170
[68480.778961] PUF Read:0xaaaaaaaa at 0xa0008174
[68480.779022] PUF Read:0xaaaaaaaa at 0xa0008178
[68480.779052] PUF Read:0xaaaaaaaa at 0xa000817c
[68480.779052] PUF Read:0xaaaa2a2a at 0xa0008180
[68480.779052] PUF Read:0xaaaaaaaa at 0xa0008184
[68480.779113] PUF Read:0xaaaaaaaa at 0xa0008188
[68480.779113] PUF Read:0xaaaaaaaa at 0xa000818c
[68480.779174] PUF Read:0xaaaaaaaa at 0xa0008190
[68480.779205] PUF Read:0xaaaaaaaa at 0xa0008194
[68480.779205] PUF Read:0xaaaaaaaa at 0xa0008198
[68480.779266] PUF Read:0xaaaaaaaa at 0xa000819c
[68480.779266] PUF Read:0xaaaaaaaa at 0xa00081a0
[68480.779266] PUF Read:0xaaaaaaaa at 0xa00081a4
[68480.779327] PUF Read:0xaaaaaaaa at 0xa00081a8
[68480.779357] PUF Read:0xaaaaaaaa at 0xa00081ac
[68480.779357] PUF Read:0xaaeaaaaa at 0xa00081b0
[68480.779357] PUF Read:0xaaaaaaaa at 0xa00081b4
[68480.779357] PUF Read:0xaaaaaaaa at 0xa00081b8
[68480.779357] PUF Read:0xaaaaaaaa at 0xa00081bc
[68480.779357] PUF Read:0xaaaaaaaa at 0xa00081c0
[68480.779510] PUF Read:0xaaaaaaae at 0xa00081c4
[68480.779510] PUF Read:0xaaaaaaaa at 0xa00081c8
[68480.779510] PUF Read:0xaaaaaaaa at 0xa00081cc
[68480.779510] PUF Read:0xbaaaaaaa at 0xa00081d0
[68480.779510] PUF Read:0xaaaaaaaa at 0xa00081d4
[68480.779510] PUF Read:0xaaaaaaaa at 0xa00081d8
[68480.779663] PUF Read:0xaaaaaaaa at 0xa00081dc
[68480.779693] PUF Read:0xaaaaaaaa at 0xa00081e0
[68480.779693] PUF Read:0xaaaaaaea at 0xa00081e4
[68480.779693] PUF Read:0xaaaaaaaa at 0xa00081e8
[68480.779754] PUF Read:0xaa2aaaaa at 0xa00081ec
[68480.779754] PUF Read:0xaaaaaaaa at 0xa00081f0
[68480.779815] PUF Read:0xaaaaaeaa at 0xa00081f4
[68480.779846] PUF Read:0xaaaaaaa2 at 0xa00081f8
[68480.779846] PUF Read:0xaaaaaaaa at 0xa00081fc
[68480.779846] PUF Read:0xaaaaaaaa at 0xa0008200
[68480.779907] PUF Read:0xaaaaaaaa at 0xa0008204
[68480.779907] PUF Read:0xaaaaaaaa at 0xa0008208
[68480.779968] PUF Read:0xa8aaaaaa at 0xa000820c
[68480.779998] PUF Read:0xaaaaaaaa at 0xa0008210
[68480.779998] PUF Read:0xaaaaaaaa at 0xa0008214
[68480.779998] PUF Read:0xaaaaaaaa at 0xa0008218
[68480.780059] PUF Read:0xaaaaaaaa at 0xa000821c
[68480.780059] PUF Read:0xaaaaaaaa at 0xa0008220
[68480.780120] PUF Read:0xaaaaaaaa at 0xa0008224
[68480.780151] PUF Read:0xaaaaaaaa at 0xa0008228
[68480.780151] PUF Read:0xaaaaaaaa at 0xa000822c
[68480.780151] PUF Read:0xaaaaaaaa at 0xa0008230
[68480.780212] PUF Read:0xaaaaaaaa at 0xa0008234
[68480.780212] PUF Read:0xaaaaaaaa at 0xa0008238
[68480.780273] PUF Read:0xaaaaaaaa at 0xa000823c
[68480.780303] PUF Read:0xaaaaaaaa at 0xa0008240
[68480.780303] PUF Read:0xaaaaaaaa at 0xa0008244
[68480.780303] PUF Read:0xaaaaaaaa at 0xa0008248
[68480.780364] PUF Read:0xaaaaaaaa at 0xa000824c
[68480.780364] PUF Read:0xaaaaaaaa at 0xa0008250
[68480.780364] PUF Read:0xaaaaaaaa at 0xa0008254
[68480.780456] PUF Read:0xaaaaaaaa at 0xa0008258
[68480.780487] PUF Read:0xaaaaaaaa at 0xa000825c
[68480.780487] PUF Read:0xaaaaaaaa at 0xa0008260
[68480.780487] PUF Read:0xaaaaaaaa at 0xa0008264
[68480.780548] PUF Read:0xaaaaaaaa at 0xa0008268
[68480.780548] PUF Read:0xaaaaaaaa at 0xa000826c
[68480.780609] PUF Read:0xaaaaaaaa at 0xa0008270
[68480.780639] PUF Read:0xaaaaaaaa at 0xa0008274
[68480.780639] PUF Read:0xaaaaaaaa at 0xa0008278
[68480.780639] PUF Read:0xaaaaaaaa at 0xa000827c
[68480.780700] PUF Read:0xaaaaaaaa at 0xa0008280
[68480.780700] PUF Read:0xaaaaaaaa at 0xa0008284
[68480.780761] PUF Read:0xaaaaaaaa at 0xa0008288
[68480.780792] PUF Read:0xaaaaaaaa at 0xa000828c
[68480.780792] PUF Read:0xaaaaaaaa at 0xa0008290
[68480.780792] PUF Read:0xaaaaaaaa at 0xa0008294
[68480.780853] PUF Read:0xaaaaaaaa at 0xa0008298
[68480.780853] PUF Read:0xaaaaaaaa at 0xa000829c
[68480.780914] PUF Read:0xaaaaaaaa at 0xa00082a0
[68480.780944] PUF Read:0xaaaaaaaa at 0xa00082a4
[68480.780944] PUF Read:0xaaaaaaaa at 0xa00082a8
[68480.780944] PUF Read:0xaaaaaaaa at 0xa00082ac
[68480.780944] PUF Read:0xaaaaaaaa at 0xa00082b0
[68480.780944] PUF Read:0xaaaaaaaa at 0xa00082b4
[68480.780944] PUF Read:0xaaaaaaea at 0xa00082b8
[68480.781097] PUF Read:0xaaaaaaaa at 0xa00082bc
[68480.781097] PUF Read:0xaaaaaaaa at 0xa00082c0
[68480.781097] PUF Read:0xaaaaaaaa at 0xa00082c4
[68480.781097] PUF Read:0xbaaaaaaa at 0xa00082c8
[68480.781097] PUF Read:0xaaaaaaaa at 0xa00082cc
[68480.781097] PUF Read:0xaaaaaaaa at 0xa00082d0
[68480.781250] PUF Read:0xaaaaaaaa at 0xa00082d4
[68480.781250] PUF Read:0xaaaaaaaa at 0xa00082d8
[68480.781250] PUF Read:0xaaaaaaaa at 0xa00082dc
[68480.781250] PUF Read:0xaaaaaaaa at 0xa00082e0
[68480.781250] PUF Read:0xaaaaaeaa at 0xa00082e4
[68480.781250] PUF Read:0xaaaaaaaa at 0xa00082e8
[68480.781402] PUF Read:0xaaaaaaaa at 0xa00082ec
[68480.781402] PUF Read:0xaaaaaaaa at 0xa00082f0
[68480.781402] PUF Read:0xaaaaaaaa at 0xa00082f4
[68480.781402] PUF Read:0xaaaaaaaa at 0xa00082f8
[68480.781402] PUF Read:0xaaaaaaaa at 0xa00082fc
[68480.781402] PUF Read:0xaaaaaaaa at 0xa0008300
[68480.781555] PUF Read:0xaaaaaaaa at 0xa0008304
[68480.781585] PUF Read:0xaaaaaaaa at 0xa0008308
[68480.781585] PUF Read:0xaaaaaaaa at 0xa000830c
[68480.781585] PUF Read:0xaaaaaaaa at 0xa0008310
[68480.781646] PUF Read:0xaaaaaaaa at 0xa0008314
[68480.781646] PUF Read:0xaaaaaaaa at 0xa0008318
[68480.781707] PUF Read:0xbaaaaaaa at 0xa000831c
[68480.781738] PUF Read:0xaaaaaaaa at 0xa0008320
[68480.781738] PUF Read:0xaaaaaaaa at 0xa0008324
[68480.781738] PUF Read:0xaaaaaaaa at 0xa0008328
[68480.781799] PUF Read:0xaaaaaaaa at 0xa000832c
[68480.781799] PUF Read:0xaaaaaaae at 0xa0008330
[68480.781860] PUF Read:0xaaaaaaaa at 0xa0008334
[68480.781890] PUF Read:0xaaaaaaaa at 0xa0008338
[68480.781890] PUF Read:0xaaaaaaaa at 0xa000833c
[68480.781890] PUF Read:0xaaaaaaaa at 0xa0008340
[68480.781951] PUF Read:0xaaaaaaaa at 0xa0008344
[68480.781982] PUF Read:0xaaaaaaaa at 0xa0008348
[68480.781982] PUF Read:0xaaaaaaaa at 0xa000834c
[68480.782043] PUF Read:0xaaaaaa8a at 0xa0008350
[68480.782073] PUF Read:0xaaaaaaaa at 0xa0008354
[68480.782073] PUF Read:0xaaaaaaaa at 0xa0008358
[68480.782073] PUF Read:0xaaaaaaaa at 0xa000835c
[68480.782135] PUF Read:0xaaabaaaa at 0xa0008360
[68480.782135] PUF Read:0xaaaaaaaa at 0xa0008364
[68480.782196] PUF Read:0xaaaaaaaa at 0xa0008368
[68480.782226] PUF Read:0xaaaaaaaa at 0xa000836c
[68480.782226] PUF Read:0xaaaaaaaa at 0xa0008370
[68480.782226] PUF Read:0xaaaaaaaa at 0xa0008374
[68480.782287] PUF Read:0xaaaaaaaa at 0xa0008378
[68480.782287] PUF Read:0xaaaaaaaa at 0xa000837c
[68480.782348] PUF Read:0xaaaaaaaa at 0xa0008380
[68480.782379] PUF Read:0xaaaaaaaa at 0xa0008384
[68480.782379] PUF Read:0xaaaaaaaa at 0xa0008388
[68480.782379] PUF Read:0xaaaaaaaa at 0xa000838c
[68480.782440] PUF Read:0xaaaaaaaa at 0xa0008390
[68480.782440] PUF Read:0xaaaaaaaa at 0xa0008394
[68480.782501] PUF Read:0xaaaaaaaa at 0xa0008398
[68480.782531] PUF Read:0xaaa2aaaa at 0xa000839c
[68480.782531] PUF Read:0xaaaaaaaa at 0xa00083a0
[68480.782531] PUF Read:0xaaaaaaaa at 0xa00083a4
[68480.782592] PUF Read:0xaaaaaaaa at 0xa00083a8
[68480.782592] PUF Read:0xaaaaaaaa at 0xa00083ac
[68480.782653] PUF Read:0xaaaaaaaa at 0xa00083b0
[68480.782684] PUF Read:0xaaaaaaaa at 0xa00083b4
[68480.782684] PUF Read:0xaaaaaaaa at 0xa00083b8
[68480.782745] PUF Read:0xaaaaaaaa at 0xa00083bc
[68480.782745] PUF Read:0xaaaaaaaa at 0xa00083c0
[68480.782745] PUF Read:0xaaaaaaaa at 0xa00083c4
[68480.782806] PUF Read:0xaaaaaaaa at 0xa00083c8
[68480.782836] PUF Read:0xaaaaaaaa at 0xa00083cc
[68480.782836] PUF Read:0xaaaaaaaa at 0xa00083d0
[68480.782897] PUF Read:0xaaabaaaa at 0xa00083d4
[68480.782897] PUF Read:0xaaaaaaaa at 0xa00083d8
[68480.782897] PUF Read:0xaaaaaaaa at 0xa00083dc
[68480.782958] PUF Read:0xaaaaaaaa at 0xa00083e0
[68480.782989] PUF Read:0xaaaaaaaa at 0xa00083e4
[68480.782989] PUF Read:0xaaaaaaaa at 0xa00083e8
[68480.782989] PUF Read:0xaaaaaaaa at 0xa00083ec
[68480.782989] PUF Read:0xaaaaaaaa at 0xa00083f0
[68480.782989] PUF Read:0xaaaaaaaa at 0xa00083f4
[68480.782989] PUF Read:0xaaaaaaae at 0xa00083f8
[68480.783142] PUF Read:0xaaaeaaaa at 0xa00083fc
[68480.783142] [i] Finished PUF read-out
[68480.783172] <6>[i] Finished PUF query for decaytime: 7680
[68480.783172] [i] Start decaytime: 120
[68480.783203] EMIF 2 REG Write 0x80000000 at 0x4d000010
[68480.783203] EMIF 2 REG Read 0x80000000 at 0x4d000010
[68480.783233] EMIF 2 REG Write 0x80000000 at 0x4d000014
[68480.783233] EMIF 2 REG Read 0x00000000 at 0x4d000014
[68480.783233] EMIF 2 REG Write 0x08016893 at 0x4d0000cc
[68480.783264] EMIF 2 REG Read 0x08016893 at 0x4d0000cc
[68480.783264] Temp polling alert disabled
[68480.783264] Refresh Disabled at EMIF2
[68480.783294] [i] Initialiting PUF & hammer rows
[68480.783294] [i] Single-Sided Rowhammer (SSRH)
[68480.783721] [i] Finished initialiting PUF & hammer rows
[68480.790039] [i]	Timer elapsed since its reset 0 sec
[68480.790039] [i] Decay: 120 sec
[68480.790039] [i]	Relative Decay: 0 msec
