[12528.283752] [i] Total hammer attempts per row: 3726388
[12528.283782] EMIF 2 REG Write 0x00000618 at 0x4d000010
[12528.283782] EMIF 2 REG Read 0x00000618 at 0x4d000010
[12528.283813] EMIF 2 REG Write 0x00000618 at 0x4d000014
[12528.283813] EMIF 2 REG Read 0x00000618 at 0x4d000014
[12528.283843] EMIF 2 REG Write 0x58016893 at 0x4d0000cc
[12528.283843] EMIF 2 REG Read 0x58016893 at 0x4d0000cc
[12528.283843] Temp polling alert enabled
[12528.283874] Refresh enabled at EMIF2
[12528.283874] [i] Starting PUF read-out
[12528.283874] [i] Single-Sided Rowhammer (SSRH)
[12528.283905] PUF Read:0x00000010 at 0xa0008000
[12528.283905] PUF Read:0x00000400 at 0xa0008004
[12528.283905] PUF Read:0x00000000 at 0xa0008008
[12528.283905] PUF Read:0x00000000 at 0xa000800c
[12528.283996] PUF Read:0x00000000 at 0xa0008010
[12528.283996] PUF Read:0x00000100 at 0xa0008014
[12528.283996] PUF Read:0x00000000 at 0xa0008018
[12528.284088] PUF Read:0x10400100 at 0xa000801c
[12528.284088] PUF Read:0x40000000 at 0xa0008020
[12528.284088] PUF Read:0x40004000 at 0xa0008024
[12528.284088] PUF Read:0x00004000 at 0xa0008028
[12528.284179] PUF Read:0x00000010 at 0xa000802c
[12528.284179] PUF Read:0x40000000 at 0xa0008030
[12528.284240] PUF Read:0x04000000 at 0xa0008034
[12528.284271] PUF Read:0x00004000 at 0xa0008038
[12528.284271] PUF Read:0x00000000 at 0xa000803c
[12528.284271] PUF Read:0x00000001 at 0xa0008040
[12528.284332] PUF Read:0x00004000 at 0xa0008044
[12528.284332] PUF Read:0x40000000 at 0xa0008048
[12528.284393] PUF Read:0x00000001 at 0xa000804c
[12528.284423] PUF Read:0x00000000 at 0xa0008050
[12528.284454] PUF Read:0x00000000 at 0xa0008054
[12528.284454] PUF Read:0x00000000 at 0xa0008058
[12528.284454] PUF Read:0x00000000 at 0xa000805c
[12528.284454] PUF Read:0x00000000 at 0xa0008060
[12528.284545] PUF Read:0x00100000 at 0xa0008064
[12528.284545] PUF Read:0x00000000 at 0xa0008068
[12528.284606] PUF Read:0x00000000 at 0xa000806c
[12528.284637] PUF Read:0x00000010 at 0xa0008070
[12528.284637] PUF Read:0x00000000 at 0xa0008074
[12528.284637] PUF Read:0x00000000 at 0xa0008078
[12528.284698] PUF Read:0x00010000 at 0xa000807c
[12528.284698] PUF Read:0x00010001 at 0xa0008080
[12528.284759] PUF Read:0x00010000 at 0xa0008084
[12528.284790] PUF Read:0x00000000 at 0xa0008088
[12528.284790] PUF Read:0x00000000 at 0xa000808c
[12528.284851] PUF Read:0x00000000 at 0xa0008090
[12528.284851] PUF Read:0x10000000 at 0xa0008094
[12528.284851] PUF Read:0x00410001 at 0xa0008098
[12528.284851] PUF Read:0x00000000 at 0xa000809c
[12528.284942] PUF Read:0x00000000 at 0xa00080a0
[12528.284942] PUF Read:0x00010000 at 0xa00080a4
[12528.284942] PUF Read:0x00010001 at 0xa00080a8
[12528.284942] PUF Read:0x00000041 at 0xa00080ac
[12528.284942] PUF Read:0x00000000 at 0xa00080b0
[12528.284942] PUF Read:0x00000000 at 0xa00080b4
[12528.285095] PUF Read:0x00004000 at 0xa00080b8
[12528.285125] PUF Read:0x00000000 at 0xa00080bc
[12528.285125] PUF Read:0x00000400 at 0xa00080c0
[12528.285125] PUF Read:0x00000000 at 0xa00080c4
[12528.285125] PUF Read:0x10100000 at 0xa00080c8
[12528.285125] PUF Read:0x01000000 at 0xa00080cc
[12528.285247] PUF Read:0x40045000 at 0xa00080d0
[12528.285278] PUF Read:0x00000000 at 0xa00080d4
[12528.285278] PUF Read:0x00001000 at 0xa00080d8
[12528.285278] PUF Read:0x00000000 at 0xa00080dc
[12528.285339] PUF Read:0x01000000 at 0xa00080e0
[12528.285339] PUF Read:0x00000000 at 0xa00080e4
[12528.285400] PUF Read:0x00000000 at 0xa00080e8
[12528.285430] PUF Read:0x00000001 at 0xa00080ec
[12528.285430] PUF Read:0x00000000 at 0xa00080f0
[12528.285430] PUF Read:0x00000000 at 0xa00080f4
[12528.285491] PUF Read:0x00000100 at 0xa00080f8
[12528.285491] PUF Read:0x00000000 at 0xa00080fc
[12528.285552] PUF Read:0x00000000 at 0xa0008100
[12528.285583] PUF Read:0x00000000 at 0xa0008104
[12528.285583] PUF Read:0x00000000 at 0xa0008108
[12528.285583] PUF Read:0x00000100 at 0xa000810c
[12528.285644] PUF Read:0x00000000 at 0xa0008110
[12528.285644] PUF Read:0x00400000 at 0xa0008114
[12528.285705] PUF Read:0x00000000 at 0xa0008118
[12528.285736] PUF Read:0x00000000 at 0xa000811c
[12528.285736] PUF Read:0x01000000 at 0xa0008120
[12528.285736] PUF Read:0x00000400 at 0xa0008124
[12528.285797] PUF Read:0x00000040 at 0xa0008128
[12528.285797] PUF Read:0x00000000 at 0xa000812c
[12528.285858] PUF Read:0x00000000 at 0xa0008130
[12528.285888] PUF Read:0x00000000 at 0xa0008134
[12528.285888] PUF Read:0x00110000 at 0xa0008138
[12528.285888] PUF Read:0x00000000 at 0xa000813c
[12528.285949] PUF Read:0x40000400 at 0xa0008140
[12528.285980] PUF Read:0x00000040 at 0xa0008144
[12528.285980] PUF Read:0x00100400 at 0xa0008148
[12528.286041] PUF Read:0x00000000 at 0xa000814c
[12528.286071] PUF Read:0x00000000 at 0xa0008150
[12528.286071] PUF Read:0x00000000 at 0xa0008154
[12528.286071] PUF Read:0x00000000 at 0xa0008158
[12528.286132] PUF Read:0x01100040 at 0xa000815c
[12528.286132] PUF Read:0x00001000 at 0xa0008160
[12528.286193] PUF Read:0x00000000 at 0xa0008164
[12528.286224] PUF Read:0x04000000 at 0xa0008168
[12528.286224] PUF Read:0x00400000 at 0xa000816c
[12528.286224] PUF Read:0x00000000 at 0xa0008170
[12528.286285] PUF Read:0x00100000 at 0xa0008174
[12528.286285] PUF Read:0x00000000 at 0xa0008178
[12528.286346] PUF Read:0x00004000 at 0xa000817c
[12528.286376] PUF Read:0x00000000 at 0xa0008180
[12528.286376] PUF Read:0x00000000 at 0xa0008184
[12528.286376] PUF Read:0x00040000 at 0xa0008188
[12528.286437] PUF Read:0x00000440 at 0xa000818c
[12528.286437] PUF Read:0x00000000 at 0xa0008190
[12528.286499] PUF Read:0x40000000 at 0xa0008194
[12528.286529] PUF Read:0x00000004 at 0xa0008198
[12528.286529] PUF Read:0x00000000 at 0xa000819c
[12528.286590] PUF Read:0x00000000 at 0xa00081a0
[12528.286590] PUF Read:0x00000000 at 0xa00081a4
[12528.286590] PUF Read:0x00000000 at 0xa00081a8
[12528.286590] PUF Read:0x00000040 at 0xa00081ac
[12528.286682] PUF Read:0x00410000 at 0xa00081b0
[12528.286682] PUF Read:0x00000000 at 0xa00081b4
[12528.286682] PUF Read:0x00000000 at 0xa00081b8
[12528.286682] PUF Read:0x00100000 at 0xa00081bc
[12528.286773] PUF Read:0x00000000 at 0xa00081c0
[12528.286773] PUF Read:0x00000004 at 0xa00081c4
[12528.286834] PUF Read:0x00000000 at 0xa00081c8
[12528.286834] PUF Read:0x00010000 at 0xa00081cc
[12528.286834] PUF Read:0x10000000 at 0xa00081d0
[12528.286834] PUF Read:0x00000000 at 0xa00081d4
[12528.286926] PUF Read:0x10000000 at 0xa00081d8
[12528.286926] PUF Read:0x00004000 at 0xa00081dc
[12528.286987] PUF Read:0x00000000 at 0xa00081e0
[12528.286987] PUF Read:0x00000040 at 0xa00081e4
[12528.286987] PUF Read:0x00000000 at 0xa00081e8
[12528.286987] PUF Read:0x00010010 at 0xa00081ec
[12528.287078] PUF Read:0x00000001 at 0xa00081f0
[12528.287078] PUF Read:0x00010400 at 0xa00081f4
[12528.287139] PUF Read:0x00000000 at 0xa00081f8
[12528.287170] PUF Read:0x00400040 at 0xa00081fc
[12528.287170] PUF Read:0x00000000 at 0xa0008200
[12528.287170] PUF Read:0x00000000 at 0xa0008204
[12528.287231] PUF Read:0x00000010 at 0xa0008208
[12528.287231] PUF Read:0x00001000 at 0xa000820c
[12528.287292] PUF Read:0x00400000 at 0xa0008210
[12528.287322] PUF Read:0x00000000 at 0xa0008214
[12528.287322] PUF Read:0x00000400 at 0xa0008218
[12528.287322] PUF Read:0x00000000 at 0xa000821c
[12528.287384] PUF Read:0x00000000 at 0xa0008220
[12528.287384] PUF Read:0x00100000 at 0xa0008224
[12528.287445] PUF Read:0x00000000 at 0xa0008228
[12528.287475] PUF Read:0x00000000 at 0xa000822c
[12528.287475] PUF Read:0x00000500 at 0xa0008230
[12528.287475] PUF Read:0x00400000 at 0xa0008234
[12528.287475] PUF Read:0x00000000 at 0xa0008238
[12528.287567] PUF Read:0x00000500 at 0xa000823c
[12528.287567] PUF Read:0x00000004 at 0xa0008240
[12528.287628] PUF Read:0x00000000 at 0xa0008244
[12528.287658] PUF Read:0x00040000 at 0xa0008248
[12528.287658] PUF Read:0x00000000 at 0xa000824c
[12528.287658] PUF Read:0x04000000 at 0xa0008250
[12528.287719] PUF Read:0x00100000 at 0xa0008254
[12528.287719] PUF Read:0x00000000 at 0xa0008258
[12528.287780] PUF Read:0x04040000 at 0xa000825c
[12528.287811] PUF Read:0x00000000 at 0xa0008260
[12528.287811] PUF Read:0x00001010 at 0xa0008264
[12528.287872] PUF Read:0x00000400 at 0xa0008268
[12528.287872] PUF Read:0x40001000 at 0xa000826c
[12528.287872] PUF Read:0x00001000 at 0xa0008270
[12528.287872] PUF Read:0x00000000 at 0xa0008274
[12528.287963] PUF Read:0x00000040 at 0xa0008278
[12528.287963] PUF Read:0x00100000 at 0xa000827c
[12528.287963] PUF Read:0x40000000 at 0xa0008280
[12528.287963] PUF Read:0x00000000 at 0xa0008284
[12528.287963] PUF Read:0x00400000 at 0xa0008288
[12528.287963] PUF Read:0x00000000 at 0xa000828c
[12528.288116] PUF Read:0x00000000 at 0xa0008290
[12528.288116] PUF Read:0x00000000 at 0xa0008294
[12528.288116] PUF Read:0x00000000 at 0xa0008298
[12528.288116] PUF Read:0x00000000 at 0xa000829c
[12528.288116] PUF Read:0x00000400 at 0xa00082a0
[12528.288116] PUF Read:0x00001000 at 0xa00082a4
[12528.288269] PUF Read:0x00000000 at 0xa00082a8
[12528.288269] PUF Read:0x00000000 at 0xa00082ac
[12528.288269] PUF Read:0x00000000 at 0xa00082b0
[12528.288269] PUF Read:0x00000000 at 0xa00082b4
[12528.288269] PUF Read:0x00000040 at 0xa00082b8
[12528.288269] PUF Read:0x00000000 at 0xa00082bc
[12528.288421] PUF Read:0x10000000 at 0xa00082c0
[12528.288421] PUF Read:0x00000000 at 0xa00082c4
[12528.288421] PUF Read:0x10000000 at 0xa00082c8
[12528.288421] PUF Read:0x00000000 at 0xa00082cc
[12528.288421] PUF Read:0x00100000 at 0xa00082d0
[12528.288421] PUF Read:0x00000000 at 0xa00082d4
[12528.288574] PUF Read:0x40000000 at 0xa00082d8
[12528.288574] PUF Read:0x00004000 at 0xa00082dc
[12528.288574] PUF Read:0x00000000 at 0xa00082e0
[12528.288574] PUF Read:0x00000400 at 0xa00082e4
[12528.288574] PUF Read:0x00000100 at 0xa00082e8
[12528.288574] PUF Read:0x00000001 at 0xa00082ec
[12528.288726] PUF Read:0x00000001 at 0xa00082f0
[12528.288757] PUF Read:0x00000000 at 0xa00082f4
[12528.288757] PUF Read:0x00000000 at 0xa00082f8
[12528.288757] PUF Read:0x00000000 at 0xa00082fc
[12528.288818] PUF Read:0x00000100 at 0xa0008300
[12528.288818] PUF Read:0x00000000 at 0xa0008304
[12528.288879] PUF Read:0x00000000 at 0xa0008308
[12528.288909] PUF Read:0x00000000 at 0xa000830c
[12528.288909] PUF Read:0x00000000 at 0xa0008310
[12528.288909] PUF Read:0x00000010 at 0xa0008314
[12528.288970] PUF Read:0x01500000 at 0xa0008318
[12528.288970] PUF Read:0x10000000 at 0xa000831c
[12528.288970] PUF Read:0x00000000 at 0xa0008320
[12528.289062] PUF Read:0x00000100 at 0xa0008324
[12528.289093] PUF Read:0x00000000 at 0xa0008328
[12528.289093] PUF Read:0x00010000 at 0xa000832c
[12528.289093] PUF Read:0x00000004 at 0xa0008330
[12528.289154] PUF Read:0x00000100 at 0xa0008334
[12528.289154] PUF Read:0x00001000 at 0xa0008338
[12528.289215] PUF Read:0x00000000 at 0xa000833c
[12528.289245] PUF Read:0x10000100 at 0xa0008340
[12528.289245] PUF Read:0x00000001 at 0xa0008344
[12528.289245] PUF Read:0x00000000 at 0xa0008348
[12528.289306] PUF Read:0x00000100 at 0xa000834c
[12528.289306] PUF Read:0x00000010 at 0xa0008350
[12528.289367] PUF Read:0x00000000 at 0xa0008354
[12528.289398] PUF Read:0x00000000 at 0xa0008358
[12528.289398] PUF Read:0x00001000 at 0xa000835c
[12528.289398] PUF Read:0x00014000 at 0xa0008360
[12528.289459] PUF Read:0x00000000 at 0xa0008364
[12528.289459] PUF Read:0x04000000 at 0xa0008368
[12528.289520] PUF Read:0x00000400 at 0xa000836c
[12528.289550] PUF Read:0x00000000 at 0xa0008370
[12528.289550] PUF Read:0x00000000 at 0xa0008374
[12528.289550] PUF Read:0x40010000 at 0xa0008378
[12528.289611] PUF Read:0x00000040 at 0xa000837c
[12528.289611] PUF Read:0x00000000 at 0xa0008380
[12528.289672] PUF Read:0x00000000 at 0xa0008384
[12528.289703] PUF Read:0x00000004 at 0xa0008388
[12528.289703] PUF Read:0x00000000 at 0xa000838c
[12528.289703] PUF Read:0x00000001 at 0xa0008390
[12528.289703] PUF Read:0x00000100 at 0xa0008394
[12528.289703] PUF Read:0x10000000 at 0xa0008398
[12528.289703] PUF Read:0x00000004 at 0xa000839c
[12528.289855] PUF Read:0x00004000 at 0xa00083a0
[12528.289855] PUF Read:0x00000000 at 0xa00083a4
[12528.289855] PUF Read:0x00100000 at 0xa00083a8
[12528.289855] PUF Read:0x00001000 at 0xa00083ac
[12528.289855] PUF Read:0x00000000 at 0xa00083b0
[12528.289855] PUF Read:0x00000000 at 0xa00083b4
[12528.290008] PUF Read:0x00004000 at 0xa00083b8
[12528.290039] PUF Read:0x00000000 at 0xa00083bc
[12528.290039] PUF Read:0x00000040 at 0xa00083c0
[12528.290039] PUF Read:0x04000000 at 0xa00083c4
[12528.290100] PUF Read:0x00000000 at 0xa00083c8
[12528.290100] PUF Read:0x00000000 at 0xa00083cc
[12528.290161] PUF Read:0x00000000 at 0xa00083d0
[12528.290191] PUF Read:0x00010000 at 0xa00083d4
[12528.290191] PUF Read:0x00000000 at 0xa00083d8
[12528.290191] PUF Read:0x00000000 at 0xa00083dc
[12528.290191] PUF Read:0x00140000 at 0xa00083e0
[12528.290191] PUF Read:0x10000000 at 0xa00083e4
[12528.290313] PUF Read:0x04000000 at 0xa00083e8
[12528.290344] PUF Read:0x00000000 at 0xa00083ec
[12528.290344] PUF Read:0x00000400 at 0xa00083f0
[12528.290344] PUF Read:0x04000000 at 0xa00083f4
[12528.290405] PUF Read:0x00000004 at 0xa00083f8
[12528.290405] PUF Read:0x00044000 at 0xa00083fc
[12528.290466] [i] Finished PUF read-out
[12528.290466] <6>[i] Finished PUF query for decaytime: 15360
[12528.290466] End measurement:8
[12528.290496] [i] Start measurement: 9
[12528.290496] [i] Start decaytime: 60
[12528.290496] EMIF 2 REG Write 0x80000000 at 0x4d000010
[12528.290527] EMIF 2 REG Read 0x80000000 at 0x4d000010
[12528.290527] EMIF 2 REG Write 0x80000000 at 0x4d000014
[12528.290557] EMIF 2 REG Read 0x00000000 at 0x4d000014
[12528.290557] EMIF 2 REG Write 0x08016893 at 0x4d0000cc
[12528.290588] EMIF 2 REG Read 0x08016893 at 0x4d0000cc
[12528.290588] Temp polling alert disabled
[12528.290588] Refresh Disabled at EMIF2
[12528.290618] [i] Initialiting PUF & hammer rows
[12528.290618] [i] Single-Sided Rowhammer (SSRH)
[12528.297363] [i] Finished initialiting PUF & hammer rows
[12528.297363] [i]	Timer elapsed since its reset 0 sec
[12528.297363] [i] Decay: 60 sec
[12528.297393] [i]	Relative Decay: 0 msec
