[57242.330627] [i] Total hammer attempts per row: 3727833
[57242.330657] EMIF 2 REG Write 0x00000618 at 0x4d000010
[57242.330657] EMIF 2 REG Read 0x00000618 at 0x4d000010
[57242.330688] EMIF 2 REG Write 0x00000618 at 0x4d000014
[57242.330688] EMIF 2 REG Read 0x00000618 at 0x4d000014
[57242.330718] EMIF 2 REG Write 0x58016893 at 0x4d0000cc
[57242.330718] EMIF 2 REG Read 0x58016893 at 0x4d0000cc
[57242.330718] Temp polling alert enabled
[57242.330749] Refresh enabled at EMIF2
[57242.330749] [i] Starting PUF read-out
[57242.330749] [i] Single-Sided Rowhammer (SSRH)
[57242.330780] PUF Read:0xaaaa2aaa at 0xa0008000
[57242.330780] PUF Read:0xaaaaaaaa at 0xa0008004
[57242.330780] PUF Read:0xaaaaaaaa at 0xa0008008
[57242.330780] PUF Read:0xa2aaaa2a at 0xa000800c
[57242.330780] PUF Read:0xaaaaaaaa at 0xa0008010
[57242.330902] PUF Read:0x8aaaabaa at 0xa0008014
[57242.330902] PUF Read:0xaaaa2aaa at 0xa0008018
[57242.330902] PUF Read:0xaaa2aaaa at 0xa000801c
[57242.330993] PUF Read:0xaaaaaaaa at 0xa0008020
[57242.330993] PUF Read:0xeaaaeaaa at 0xa0008024
[57242.330993] PUF Read:0xaaaaaaaa at 0xa0008028
[57242.330993] PUF Read:0xaaaaaaba at 0xa000802c
[57242.331085] PUF Read:0xaaaaaaaa at 0xa0008030
[57242.331085] PUF Read:0xaaaaaaaa at 0xa0008034
[57242.331146] PUF Read:0xaaaaaaaa at 0xa0008038
[57242.331176] PUF Read:0xaaaaaaaa at 0xa000803c
[57242.331176] PUF Read:0xaaaaaaab at 0xa0008040
[57242.331237] PUF Read:0xaaaaeaaa at 0xa0008044
[57242.331237] PUF Read:0xaaaaaaaa at 0xa0008048
[57242.331237] PUF Read:0xaaaaaaa8 at 0xa000804c
[57242.331237] PUF Read:0xa2aaaaaa at 0xa0008050
[57242.331329] PUF Read:0xaaaaa8aa at 0xa0008054
[57242.331329] PUF Read:0xaaaaaa8a at 0xa0008058
[57242.331329] PUF Read:0xaaaaaaaa at 0xa000805c
[57242.331329] PUF Read:0xaaaaaaaa at 0xa0008060
[57242.331420] PUF Read:0xaaaa2aaa at 0xa0008064
[57242.331420] PUF Read:0xaaaaaaaa at 0xa0008068
[57242.331481] PUF Read:0xaaaaaaaa at 0xa000806c
[57242.331512] PUF Read:0xaaaaaaaa at 0xa0008070
[57242.331512] PUF Read:0xaaaaaaaa at 0xa0008074
[57242.331512] PUF Read:0xaaaaaaaa at 0xa0008078
[57242.331573] PUF Read:0xaaabaaaa at 0xa000807c
[57242.331573] PUF Read:0xaaabaaaa at 0xa0008080
[57242.331634] PUF Read:0xaaaaaaaa at 0xa0008084
[57242.331665] PUF Read:0xaaaaaaaa at 0xa0008088
[57242.331665] PUF Read:0xaaaaaaaa at 0xa000808c
[57242.331726] PUF Read:0xaaaa8aaa at 0xa0008090
[57242.331726] PUF Read:0xaaaaaaaa at 0xa0008094
[57242.331726] PUF Read:0x2aabaaab at 0xa0008098
[57242.331726] PUF Read:0xaaaaaaaa at 0xa000809c
[57242.331817] PUF Read:0x8aaaaa2a at 0xa00080a0
[57242.331817] PUF Read:0xaaabaaaa at 0xa00080a4
[57242.331817] PUF Read:0xaa8aaaaa at 0xa00080a8
[57242.331817] PUF Read:0xaaaa8aea at 0xa00080ac
[57242.331817] PUF Read:0xaaaaaaaa at 0xa00080b0
[57242.331817] PUF Read:0x2a2aaaaa at 0xa00080b4
[57242.331970] PUF Read:0xaaaaeaaa at 0xa00080b8
[57242.332000] PUF Read:0x8aaaaaaa at 0xa00080bc
[57242.332000] PUF Read:0xaaaaaaaa at 0xa00080c0
[57242.332000] PUF Read:0xaaaaaaaa at 0xa00080c4
[57242.332000] PUF Read:0xaaa2aaaa at 0xa00080c8
[57242.332092] PUF Read:0xabaaaaaa at 0xa00080cc
[57242.332092] PUF Read:0xeaaeeaaa at 0xa00080d0
[57242.332153] PUF Read:0xaaaa2aa8 at 0xa00080d4
[57242.332183] PUF Read:0xaaaa3aaa at 0xa00080d8
[57242.332183] PUF Read:0xaaaaaaaa at 0xa00080dc
[57242.332183] PUF Read:0xabaaaaaa at 0xa00080e0
[57242.332244] PUF Read:0xaaaaaaaa at 0xa00080e4
[57242.332244] PUF Read:0xaaaaaaaa at 0xa00080e8
[57242.332305] PUF Read:0xaaaaaaab at 0xa00080ec
[57242.332336] PUF Read:0x8aaaaaaa at 0xa00080f0
[57242.332336] PUF Read:0xaaaaaaaa at 0xa00080f4
[57242.332397] PUF Read:0xaaaaabaa at 0xa00080f8
[57242.332397] PUF Read:0xaa8aaaaa at 0xa00080fc
[57242.332397] PUF Read:0xaaaaaaaa at 0xa0008100
[57242.332397] PUF Read:0xaaaaaaaa at 0xa0008104
[57242.332489] PUF Read:0xaaa2aaaa at 0xa0008108
[57242.332489] PUF Read:0xaaaaaaaa at 0xa000810c
[57242.332489] PUF Read:0xaaaaaaaa at 0xa0008110
[57242.332489] PUF Read:0xaaea2aaa at 0xa0008114
[57242.332489] PUF Read:0xaaaaaaaa at 0xa0008118
[57242.332489] PUF Read:0xaaaaaaaa at 0xa000811c
[57242.332641] PUF Read:0xaaaaaaaa at 0xa0008120
[57242.332641] PUF Read:0xaaaaaeaa at 0xa0008124
[57242.332641] PUF Read:0xaaaaaaea at 0xa0008128
[57242.332641] PUF Read:0xaaaaaaaa at 0xa000812c
[57242.332641] PUF Read:0xaaaaaaaa at 0xa0008130
[57242.332641] PUF Read:0xaaaaaa2a at 0xa0008134
[57242.332794] PUF Read:0xaa8baaaa at 0xa0008138
[57242.332824] PUF Read:0xaaaaaaaa at 0xa000813c
[57242.332824] PUF Read:0xaaaaaeaa at 0xa0008140
[57242.332824] PUF Read:0xaaaaaaaa at 0xa0008144
[57242.332824] PUF Read:0xaabaaeaa at 0xa0008148
[57242.332824] PUF Read:0xaaaaaaaa at 0xa000814c
[57242.332946] PUF Read:0xaaaaaaaa at 0xa0008150
[57242.332977] PUF Read:0xaaaaaaaa at 0xa0008154
[57242.332977] PUF Read:0xaaaaaaaa at 0xa0008158
[57242.332977] PUF Read:0xaaaaaaea at 0xa000815c
[57242.333038] PUF Read:0xaaaaaaaa at 0xa0008160
[57242.333038] PUF Read:0xaaaaaaaa at 0xa0008164
[57242.333099] PUF Read:0xaeaaaaaa at 0xa0008168
[57242.333129] PUF Read:0xaaeaaaaa at 0xa000816c
[57242.333129] PUF Read:0x2aaaaaaa at 0xa0008170
[57242.333129] PUF Read:0xaabaaaaa at 0xa0008174
[57242.333190] PUF Read:0xaaaaaaaa at 0xa0008178
[57242.333190] PUF Read:0xaaaaaaaa at 0xa000817c
[57242.333251] PUF Read:0xaaaa2a2a at 0xa0008180
[57242.333282] PUF Read:0xaaaaaaaa at 0xa0008184
[57242.333282] PUF Read:0xaa2aaaaa at 0xa0008188
[57242.333343] PUF Read:0xaaaaaaea at 0xa000818c
[57242.333343] PUF Read:0x2aaaaaaa at 0xa0008190
[57242.333343] PUF Read:0xeaaaaaaa at 0xa0008194
[57242.333343] PUF Read:0xaaaaaaaa at 0xa0008198
[57242.333435] PUF Read:0xaaaaaaaa at 0xa000819c
[57242.333435] PUF Read:0xaaaaaaaa at 0xa00081a0
[57242.333435] PUF Read:0xaaaaaaaa at 0xa00081a4
[57242.333435] PUF Read:0xaaa2aaaa at 0xa00081a8
[57242.333435] PUF Read:0xaaaaaaaa at 0xa00081ac
[57242.333435] PUF Read:0xaaebaaaa at 0xa00081b0
[57242.333435] PUF Read:0xaaaaaaaa at 0xa00081b4
[57242.333618] PUF Read:0xaaaaaaaa at 0xa00081b8
[57242.333648] PUF Read:0xa2aaaaaa at 0xa00081bc
[57242.333648] PUF Read:0xaaa8aaaa at 0xa00081c0
[57242.333648] PUF Read:0xaaaaaaae at 0xa00081c4
[57242.333709] PUF Read:0xaaaaaaaa at 0xa00081c8
[57242.333709] PUF Read:0xaa2baaaa at 0xa00081cc
[57242.333770] PUF Read:0xbaaaaaaa at 0xa00081d0
[57242.333801] PUF Read:0xaaaaaa2a at 0xa00081d4
[57242.333801] PUF Read:0xaaaaaaaa at 0xa00081d8
[57242.333801] PUF Read:0xaaaaaaaa at 0xa00081dc
[57242.333862] PUF Read:0xaaaaaaaa at 0xa00081e0
[57242.333862] PUF Read:0xaaaaaaea at 0xa00081e4
[57242.333923] PUF Read:0xaaaaaaaa at 0xa00081e8
[57242.333953] PUF Read:0xaa2aaaaa at 0xa00081ec
[57242.333953] PUF Read:0xaaaaaaab at 0xa00081f0
[57242.333953] PUF Read:0xaaaaaeaa at 0xa00081f4
[57242.334014] PUF Read:0xaaaaaaa2 at 0xa00081f8
[57242.334014] PUF Read:0xaaaaaaaa at 0xa00081fc
[57242.334075] PUF Read:0xaaaaaaaa at 0xa0008200
[57242.334106] PUF Read:0xaaaaaaaa at 0xa0008204
[57242.334106] PUF Read:0xaaaaaaba at 0xa0008208
[57242.334106] PUF Read:0xa8aaaaaa at 0xa000820c
[57242.334106] PUF Read:0xaaaaa2a8 at 0xa0008210
[57242.334106] PUF Read:0xaaaaaaaa at 0xa0008214
[57242.334106] PUF Read:0xaaaaaeaa at 0xa0008218
[57242.334259] PUF Read:0xaaaaaaaa at 0xa000821c
[57242.334259] PUF Read:0xaaaaaaaa at 0xa0008220
[57242.334259] PUF Read:0xaabaaaaa at 0xa0008224
[57242.334259] PUF Read:0xaaaaaaaa at 0xa0008228
[57242.334350] PUF Read:0xaaaaaaaa at 0xa000822c
[57242.334350] PUF Read:0xaaaaaeaa at 0xa0008230
[57242.334411] PUF Read:0x286aaaaa at 0xa0008234
[57242.334442] PUF Read:0xaaaaaaaa at 0xa0008238
[57242.334442] PUF Read:0xaaaaaaaa at 0xa000823c
[57242.334442] PUF Read:0xaaaaaaaa at 0xa0008240
[57242.334503] PUF Read:0xaaaaaaaa at 0xa0008244
[57242.334503] PUF Read:0xaaaaaaaa at 0xa0008248
[57242.334564] PUF Read:0xaaaaaaaa at 0xa000824c
[57242.334594] PUF Read:0xaaaaaaaa at 0xa0008250
[57242.334594] PUF Read:0xaabaaaaa at 0xa0008254
[57242.334594] PUF Read:0xaaaaaaaa at 0xa0008258
[57242.334655] PUF Read:0xaaaeaaaa at 0xa000825c
[57242.334655] PUF Read:0xaaaaaaaa at 0xa0008260
[57242.334716] PUF Read:0xaaaaaaaa at 0xa0008264
[57242.334747] PUF Read:0xaaaa8caa at 0xa0008268
[57242.334747] PUF Read:0xaaaaaaaa at 0xa000826c
[57242.334747] PUF Read:0xaaaaaaaa at 0xa0008270
[57242.334808] PUF Read:0xaaaaaaaa at 0xa0008274
[57242.334808] PUF Read:0xaaaaaaea at 0xa0008278
[57242.334869] PUF Read:0xaaaaaaaa at 0xa000827c
[57242.334899] PUF Read:0xeaaaaaaa at 0xa0008280
[57242.334899] PUF Read:0xa2aaaaaa at 0xa0008284
[57242.334899] PUF Read:0xaaaaaaaa at 0xa0008288
[57242.334899] PUF Read:0xaaaaaaaa at 0xa000828c
[57242.334899] PUF Read:0xaaaaaaa8 at 0xa0008290
[57242.334899] PUF Read:0xa8aaaaaa at 0xa0008294
[57242.334899] PUF Read:0xaaaaaaaa at 0xa0008298
[57242.335083] PUF Read:0xaaaaaaaa at 0xa000829c
[57242.335083] PUF Read:0xaaaaaaaa at 0xa00082a0
[57242.335083] PUF Read:0xaaaabaaa at 0xa00082a4
[57242.335083] PUF Read:0xaaaaaaaa at 0xa00082a8
[57242.335174] PUF Read:0xaaaaaaaa at 0xa00082ac
[57242.335174] PUF Read:0xaaaaaaaa at 0xa00082b0
[57242.335235] PUF Read:0xaaaaaaaa at 0xa00082b4
[57242.335266] PUF Read:0xaaaaaaea at 0xa00082b8
[57242.335266] PUF Read:0xaaaaaaaa at 0xa00082bc
[57242.335266] PUF Read:0xaaaaaaaa at 0xa00082c0
[57242.335327] PUF Read:0xaaaaaaaa at 0xa00082c4
[57242.335327] PUF Read:0xbaaaaaaa at 0xa00082c8
[57242.335388] PUF Read:0xaaaaaaaa at 0xa00082cc
[57242.335418] PUF Read:0xaabaaaaa at 0xa00082d0
[57242.335418] PUF Read:0xaaaaaaaa at 0xa00082d4
[57242.335418] PUF Read:0xaaaaaaaa at 0xa00082d8
[57242.335479] PUF Read:0xaaaaeaaa at 0xa00082dc
[57242.335479] PUF Read:0xaaaaaaaa at 0xa00082e0
[57242.335540] PUF Read:0xaaaaaeaa at 0xa00082e4
[57242.335571] PUF Read:0xaaaaabaa at 0xa00082e8
[57242.335571] PUF Read:0xaaaaaaab at 0xa00082ec
[57242.335571] PUF Read:0xaaaaaaaa at 0xa00082f0
[57242.335571] PUF Read:0xaaaaaaaa at 0xa00082f4
[57242.335571] PUF Read:0xaaaaaaaa at 0xa00082f8
[57242.335571] PUF Read:0xaaaaaaaa at 0xa00082fc
[57242.335723] PUF Read:0xaaaaaaaa at 0xa0008300
[57242.335723] PUF Read:0xaaaaaaaa at 0xa0008304
[57242.335723] PUF Read:0xaaaa8aaa at 0xa0008308
[57242.335723] PUF Read:0xaaaaaaaa at 0xa000830c
[57242.335723] PUF Read:0xaaaaaa8a at 0xa0008310
[57242.335723] PUF Read:0xaaaaaaaa at 0xa0008314
[57242.335876] PUF Read:0x2baaaaaa at 0xa0008318
[57242.335906] PUF Read:0xbaaaaaaa at 0xa000831c
[57242.335906] PUF Read:0xaaaa8aaa at 0xa0008320
[57242.335906] PUF Read:0xaaaaaaaa at 0xa0008324
[57242.335968] PUF Read:0xaaaaaaaa at 0xa0008328
[57242.335968] PUF Read:0xaa8aaaaa at 0xa000832c
[57242.336029] PUF Read:0xaaaaaaae at 0xa0008330
[57242.336059] PUF Read:0xaaaaaaaa at 0xa0008334
[57242.336059] PUF Read:0xaaaaaaaa at 0xa0008338
[57242.336059] PUF Read:0xaaaaaaaa at 0xa000833c
[57242.336120] PUF Read:0xbaaaaaaa at 0xa0008340
[57242.336120] PUF Read:0xaaaaaa2b at 0xa0008344
[57242.336181] PUF Read:0xaaaaaaaa at 0xa0008348
[57242.336212] PUF Read:0xaaaaabaa at 0xa000834c
[57242.336212] PUF Read:0xaaaa8a8a at 0xa0008350
[57242.336212] PUF Read:0x8aaaaaaa at 0xa0008354
[57242.336273] PUF Read:0xaaaaaaaa at 0xa0008358
[57242.336273] PUF Read:0xaaaaaaaa at 0xa000835c
[57242.336334] PUF Read:0xaaabaaaa at 0xa0008360
[57242.336364] PUF Read:0xaaaaaa2a at 0xa0008364
[57242.336364] PUF Read:0xaaaaaaaa at 0xa0008368
[57242.336364] PUF Read:0xaaaaaeaa at 0xa000836c
[57242.336425] PUF Read:0xaaaaaaaa at 0xa0008370
[57242.336425] PUF Read:0xaaaaaaaa at 0xa0008374
[57242.336486] PUF Read:0xaaaa8aaa at 0xa0008378
[57242.336517] PUF Read:0xaaaaaaaa at 0xa000837c
[57242.336517] PUF Read:0xaaaaaaaa at 0xa0008380
[57242.336517] PUF Read:0xaaaaaaaa at 0xa0008384
[57242.336608] PUF Read:0xaaaaaaaa at 0xa0008388
[57242.336608] PUF Read:0xaaaaaaaa at 0xa000838c
[57242.336608] PUF Read:0xaaaaaaab at 0xa0008390
[57242.336608] PUF Read:0xaaaaabaa at 0xa0008394
[57242.336700] PUF Read:0xaaaaaaaa at 0xa0008398
[57242.336700] PUF Read:0xaaa2aaaa at 0xa000839c
[57242.336700] PUF Read:0xaaaaaaaa at 0xa00083a0
[57242.336700] PUF Read:0xaaaaaaaa at 0xa00083a4
[57242.336700] PUF Read:0xaaaaaaaa at 0xa00083a8
[57242.336700] PUF Read:0xaaaabaaa at 0xa00083ac
[57242.336853] PUF Read:0xaaaaaaa2 at 0xa00083b0
[57242.336853] PUF Read:0xaaaaaaaa at 0xa00083b4
[57242.336853] PUF Read:0xaaaaaaaa at 0xa00083b8
[57242.336853] PUF Read:0xaaaaaaaa at 0xa00083bc
[57242.336944] PUF Read:0xaaaaaaaa at 0xa00083c0
[57242.336944] PUF Read:0xaeaaaaaa at 0xa00083c4
[57242.337005] PUF Read:0xaaaaaaaa at 0xa00083c8
[57242.337036] PUF Read:0xaaa2aaaa at 0xa00083cc
[57242.337036] PUF Read:0xaaaaaaaa at 0xa00083d0
[57242.337036] PUF Read:0xaaabaaaa at 0xa00083d4
[57242.337097] PUF Read:0xaaaaaaaa at 0xa00083d8
[57242.337097] PUF Read:0xaaaaaaaa at 0xa00083dc
[57242.337158] PUF Read:0xaabeaaaa at 0xa00083e0
[57242.337188] PUF Read:0xba2aa8aa at 0xa00083e4
[57242.337188] PUF Read:0xaaaaaa2a at 0xa00083e8
[57242.337188] PUF Read:0xaaaaaaaa at 0xa00083ec
[57242.337249] PUF Read:0xaaaaaeaa at 0xa00083f0
[57242.337249] PUF Read:0xaaaaaaaa at 0xa00083f4
[57242.337310] PUF Read:0xaaaaaaae at 0xa00083f8
[57242.337341] PUF Read:0x8aaeaaaa at 0xa00083fc
[57242.337341] [i] Finished PUF read-out
[57242.337371] <6>[i] Finished PUF query for decaytime: 15360
[57242.337371] End measurement:16
[57242.337371] [i] Start measurement: 17
[57242.337402] [i] Start decaytime: 60
[57242.337402] EMIF 2 REG Write 0x80000000 at 0x4d000010
[57242.337432] EMIF 2 REG Read 0x80000000 at 0x4d000010
[57242.337432] EMIF 2 REG Write 0x80000000 at 0x4d000014
[57242.337432] EMIF 2 REG Read 0x00000000 at 0x4d000014
[57242.337463] EMIF 2 REG Write 0x08016893 at 0x4d0000cc
[57242.337463] EMIF 2 REG Read 0x08016893 at 0x4d0000cc
[57242.337493] Temp polling alert disabled
[57242.337493] Refresh Disabled at EMIF2
[57242.337493] [i] Initialiting PUF & hammer rows
[57242.337524] [i] Single-Sided Rowhammer (SSRH)
[57242.345245] [i] Finished initialiting PUF & hammer rows
[57242.345245] [i]	Timer elapsed since its reset 0 sec
[57242.345275] [i] Decay: 60 sec
[57242.345275] [i]	Relative Decay: 0 msec
