[22086.690002] [i] Total hammer attempts per row: 3728922
[22086.690032] EMIF 2 REG Write 0x00000618 at 0x4d000010
[22086.690032] EMIF 2 REG Read 0x00000618 at 0x4d000010
[22086.690063] EMIF 2 REG Write 0x00000618 at 0x4d000014
[22086.690063] EMIF 2 REG Read 0x00000618 at 0x4d000014
[22086.690093] EMIF 2 REG Write 0x58016893 at 0x4d0000cc
[22086.690093] EMIF 2 REG Read 0x58016893 at 0x4d0000cc
[22086.690093] Temp polling alert enabled
[22086.690124] Refresh enabled at EMIF2
[22086.690124] [i] Starting PUF read-out
[22086.690124] [i] Single-Sided Rowhammer (SSRH)
[22086.690155] PUF Read:0x00000010 at 0xa0008000
[22086.690155] PUF Read:0x00000400 at 0xa0008004
[22086.690155] PUF Read:0x00000000 at 0xa0008008
[22086.690155] PUF Read:0x00000000 at 0xa000800c
[22086.690155] PUF Read:0x00000000 at 0xa0008010
[22086.690277] PUF Read:0x00000100 at 0xa0008014
[22086.690277] PUF Read:0x00000000 at 0xa0008018
[22086.690338] PUF Read:0x10000000 at 0xa000801c
[22086.690368] PUF Read:0x00000000 at 0xa0008020
[22086.690368] PUF Read:0x40004000 at 0xa0008024
[22086.690429] PUF Read:0x00004000 at 0xa0008028
[22086.690429] PUF Read:0x00000010 at 0xa000802c
[22086.690429] PUF Read:0x40000000 at 0xa0008030
[22086.690429] PUF Read:0x04000000 at 0xa0008034
[22086.690521] PUF Read:0x00000000 at 0xa0008038
[22086.690551] PUF Read:0x00000000 at 0xa000803c
[22086.690551] PUF Read:0x00000001 at 0xa0008040
[22086.690551] PUF Read:0x00004000 at 0xa0008044
[22086.690612] PUF Read:0x00000000 at 0xa0008048
[22086.690612] PUF Read:0x00000000 at 0xa000804c
[22086.690673] PUF Read:0x00000000 at 0xa0008050
[22086.690704] PUF Read:0x00000000 at 0xa0008054
[22086.690704] PUF Read:0x00000000 at 0xa0008058
[22086.690704] PUF Read:0x00000000 at 0xa000805c
[22086.690765] PUF Read:0x00000000 at 0xa0008060
[22086.690765] PUF Read:0x00100000 at 0xa0008064
[22086.690826] PUF Read:0x00000000 at 0xa0008068
[22086.690856] PUF Read:0x00000000 at 0xa000806c
[22086.690856] PUF Read:0x00000000 at 0xa0008070
[22086.690856] PUF Read:0x00000000 at 0xa0008074
[22086.690917] PUF Read:0x00000000 at 0xa0008078
[22086.690917] PUF Read:0x00010000 at 0xa000807c
[22086.690917] PUF Read:0x00010000 at 0xa0008080
[22086.691009] PUF Read:0x00000000 at 0xa0008084
[22086.691009] PUF Read:0x00000000 at 0xa0008088
[22086.691009] PUF Read:0x00000000 at 0xa000808c
[22086.691009] PUF Read:0x00000000 at 0xa0008090
[22086.691009] PUF Read:0x10000000 at 0xa0008094
[22086.691131] PUF Read:0x00010001 at 0xa0008098
[22086.691162] PUF Read:0x00000000 at 0xa000809c
[22086.691162] PUF Read:0x00000000 at 0xa00080a0
[22086.691223] PUF Read:0x00010000 at 0xa00080a4
[22086.691223] PUF Read:0x00010001 at 0xa00080a8
[22086.691223] PUF Read:0x00000041 at 0xa00080ac
[22086.691284] PUF Read:0x00000000 at 0xa00080b0
[22086.691314] PUF Read:0x00000000 at 0xa00080b4
[22086.691314] PUF Read:0x00004000 at 0xa00080b8
[22086.691314] PUF Read:0x00000000 at 0xa00080bc
[22086.691314] PUF Read:0x00000400 at 0xa00080c0
[22086.691406] PUF Read:0x00000000 at 0xa00080c4
[22086.691406] PUF Read:0x10000000 at 0xa00080c8
[22086.691467] PUF Read:0x01000000 at 0xa00080cc
[22086.691497] PUF Read:0x40044000 at 0xa00080d0
[22086.691497] PUF Read:0x00000000 at 0xa00080d4
[22086.691497] PUF Read:0x00001000 at 0xa00080d8
[22086.691558] PUF Read:0x00000000 at 0xa00080dc
[22086.691558] PUF Read:0x01000000 at 0xa00080e0
[22086.691619] PUF Read:0x00000000 at 0xa00080e4
[22086.691650] PUF Read:0x00000000 at 0xa00080e8
[22086.691650] PUF Read:0x00000001 at 0xa00080ec
[22086.691650] PUF Read:0x00000000 at 0xa00080f0
[22086.691711] PUF Read:0x00000000 at 0xa00080f4
[22086.691711] PUF Read:0x00000100 at 0xa00080f8
[22086.691772] PUF Read:0x00000000 at 0xa00080fc
[22086.691802] PUF Read:0x00000000 at 0xa0008100
[22086.691802] PUF Read:0x00000000 at 0xa0008104
[22086.691802] PUF Read:0x00000000 at 0xa0008108
[22086.691864] PUF Read:0x00000000 at 0xa000810c
[22086.691864] PUF Read:0x00000000 at 0xa0008110
[22086.691925] PUF Read:0x00400000 at 0xa0008114
[22086.691955] PUF Read:0x00000000 at 0xa0008118
[22086.691955] PUF Read:0x00000000 at 0xa000811c
[22086.691955] PUF Read:0x00000000 at 0xa0008120
[22086.692016] PUF Read:0x00000400 at 0xa0008124
[22086.692016] PUF Read:0x00000000 at 0xa0008128
[22086.692077] PUF Read:0x00000000 at 0xa000812c
[22086.692108] PUF Read:0x00000000 at 0xa0008130
[22086.692108] PUF Read:0x00000000 at 0xa0008134
[22086.692108] PUF Read:0x00010000 at 0xa0008138
[22086.692169] PUF Read:0x00000000 at 0xa000813c
[22086.692169] PUF Read:0x00000400 at 0xa0008140
[22086.692230] PUF Read:0x00000000 at 0xa0008144
[22086.692260] PUF Read:0x00100400 at 0xa0008148
[22086.692260] PUF Read:0x00000000 at 0xa000814c
[22086.692260] PUF Read:0x00000000 at 0xa0008150
[22086.692321] PUF Read:0x00000000 at 0xa0008154
[22086.692321] PUF Read:0x00000000 at 0xa0008158
[22086.692382] PUF Read:0x00100040 at 0xa000815c
[22086.692413] PUF Read:0x00001000 at 0xa0008160
[22086.692413] PUF Read:0x00000000 at 0xa0008164
[22086.692413] PUF Read:0x04000000 at 0xa0008168
[22086.692474] PUF Read:0x00400000 at 0xa000816c
[22086.692474] PUF Read:0x00000000 at 0xa0008170
[22086.692535] PUF Read:0x00100000 at 0xa0008174
[22086.692565] PUF Read:0x00000000 at 0xa0008178
[22086.692565] PUF Read:0x00004000 at 0xa000817c
[22086.692565] PUF Read:0x00000000 at 0xa0008180
[22086.692626] PUF Read:0x00000000 at 0xa0008184
[22086.692626] PUF Read:0x00040000 at 0xa0008188
[22086.692687] PUF Read:0x00000040 at 0xa000818c
[22086.692718] PUF Read:0x00000000 at 0xa0008190
[22086.692718] PUF Read:0x40000000 at 0xa0008194
[22086.692718] PUF Read:0x00000000 at 0xa0008198
[22086.692779] PUF Read:0x00000000 at 0xa000819c
[22086.692779] PUF Read:0x00000000 at 0xa00081a0
[22086.692840] PUF Read:0x00000000 at 0xa00081a4
[22086.692871] PUF Read:0x00000000 at 0xa00081a8
[22086.692871] PUF Read:0x00000000 at 0xa00081ac
[22086.692871] PUF Read:0x00410000 at 0xa00081b0
[22086.692871] PUF Read:0x00000000 at 0xa00081b4
[22086.692962] PUF Read:0x00000000 at 0xa00081b8
[22086.692962] PUF Read:0x00100000 at 0xa00081bc
[22086.693023] PUF Read:0x00000000 at 0xa00081c0
[22086.693054] PUF Read:0x00000004 at 0xa00081c4
[22086.693054] PUF Read:0x00000000 at 0xa00081c8
[22086.693054] PUF Read:0x00010000 at 0xa00081cc
[22086.693115] PUF Read:0x10000000 at 0xa00081d0
[22086.693115] PUF Read:0x00000000 at 0xa00081d4
[22086.693176] PUF Read:0x00000000 at 0xa00081d8
[22086.693206] PUF Read:0x00000000 at 0xa00081dc
[22086.693206] PUF Read:0x00000000 at 0xa00081e0
[22086.693206] PUF Read:0x00000040 at 0xa00081e4
[22086.693267] PUF Read:0x00000000 at 0xa00081e8
[22086.693267] PUF Read:0x00000000 at 0xa00081ec
[22086.693328] PUF Read:0x00000001 at 0xa00081f0
[22086.693359] PUF Read:0x00000400 at 0xa00081f4
[22086.693359] PUF Read:0x00000000 at 0xa00081f8
[22086.693359] PUF Read:0x00000040 at 0xa00081fc
[22086.693420] PUF Read:0x00000000 at 0xa0008200
[22086.693420] PUF Read:0x00000000 at 0xa0008204
[22086.693481] PUF Read:0x00000010 at 0xa0008208
[22086.693511] PUF Read:0x00000000 at 0xa000820c
[22086.693511] PUF Read:0x00000000 at 0xa0008210
[22086.693511] PUF Read:0x00000000 at 0xa0008214
[22086.693572] PUF Read:0x00000400 at 0xa0008218
[22086.693572] PUF Read:0x00000000 at 0xa000821c
[22086.693634] PUF Read:0x00000000 at 0xa0008220
[22086.693664] PUF Read:0x00100000 at 0xa0008224
[22086.693664] PUF Read:0x00000000 at 0xa0008228
[22086.693664] PUF Read:0x00000000 at 0xa000822c
[22086.693725] PUF Read:0x00000500 at 0xa0008230
[22086.693725] PUF Read:0x00400000 at 0xa0008234
[22086.693786] PUF Read:0x00000000 at 0xa0008238
[22086.693817] PUF Read:0x00000000 at 0xa000823c
[22086.693817] PUF Read:0x00000000 at 0xa0008240
[22086.693817] PUF Read:0x00000000 at 0xa0008244
[22086.693878] PUF Read:0x00000000 at 0xa0008248
[22086.693878] PUF Read:0x00000000 at 0xa000824c
[22086.693939] PUF Read:0x00000000 at 0xa0008250
[22086.693969] PUF Read:0x00100000 at 0xa0008254
[22086.693969] PUF Read:0x00000000 at 0xa0008258
[22086.693969] PUF Read:0x04040000 at 0xa000825c
[22086.694030] PUF Read:0x00000000 at 0xa0008260
[22086.694030] PUF Read:0x00000000 at 0xa0008264
[22086.694091] PUF Read:0x00000400 at 0xa0008268
[22086.694122] PUF Read:0x00000000 at 0xa000826c
[22086.694122] PUF Read:0x00000000 at 0xa0008270
[22086.694122] PUF Read:0x00000000 at 0xa0008274
[22086.694183] PUF Read:0x00000040 at 0xa0008278
[22086.694183] PUF Read:0x00000000 at 0xa000827c
[22086.694244] PUF Read:0x40000000 at 0xa0008280
[22086.694274] PUF Read:0x00000000 at 0xa0008284
[22086.694274] PUF Read:0x00400000 at 0xa0008288
[22086.694274] PUF Read:0x00000000 at 0xa000828c
[22086.694335] PUF Read:0x00000000 at 0xa0008290
[22086.694335] PUF Read:0x00000000 at 0xa0008294
[22086.694396] PUF Read:0x00000000 at 0xa0008298
[22086.694427] PUF Read:0x00000000 at 0xa000829c
[22086.694427] PUF Read:0x00000000 at 0xa00082a0
[22086.694427] PUF Read:0x00001000 at 0xa00082a4
[22086.694427] PUF Read:0x00000000 at 0xa00082a8
[22086.694519] PUF Read:0x00000000 at 0xa00082ac
[22086.694519] PUF Read:0x00000000 at 0xa00082b0
[22086.694580] PUF Read:0x00000000 at 0xa00082b4
[22086.694610] PUF Read:0x00000040 at 0xa00082b8
[22086.694610] PUF Read:0x00000000 at 0xa00082bc
[22086.694610] PUF Read:0x00000000 at 0xa00082c0
[22086.694671] PUF Read:0x00000000 at 0xa00082c4
[22086.694671] PUF Read:0x10000000 at 0xa00082c8
[22086.694732] PUF Read:0x00000000 at 0xa00082cc
[22086.694763] PUF Read:0x00100000 at 0xa00082d0
[22086.694763] PUF Read:0x00000000 at 0xa00082d4
[22086.694763] PUF Read:0x00000000 at 0xa00082d8
[22086.694824] PUF Read:0x00004000 at 0xa00082dc
[22086.694824] PUF Read:0x00000000 at 0xa00082e0
[22086.694885] PUF Read:0x00000400 at 0xa00082e4
[22086.694915] PUF Read:0x00000100 at 0xa00082e8
[22086.694915] PUF Read:0x00000001 at 0xa00082ec
[22086.694976] PUF Read:0x00000001 at 0xa00082f0
[22086.694976] PUF Read:0x00000000 at 0xa00082f4
[22086.694976] PUF Read:0x00000000 at 0xa00082f8
[22086.695037] PUF Read:0x00000000 at 0xa00082fc
[22086.695068] PUF Read:0x00000000 at 0xa0008300
[22086.695068] PUF Read:0x00000000 at 0xa0008304
[22086.695068] PUF Read:0x00000000 at 0xa0008308
[22086.695129] PUF Read:0x00000000 at 0xa000830c
[22086.695129] PUF Read:0x00000000 at 0xa0008310
[22086.695190] PUF Read:0x00000000 at 0xa0008314
[22086.695220] PUF Read:0x01400000 at 0xa0008318
[22086.695220] PUF Read:0x10000000 at 0xa000831c
[22086.695220] PUF Read:0x00000000 at 0xa0008320
[22086.695281] PUF Read:0x00000000 at 0xa0008324
[22086.695281] PUF Read:0x00000000 at 0xa0008328
[22086.695343] PUF Read:0x00010000 at 0xa000832c
[22086.695373] PUF Read:0x00000004 at 0xa0008330
[22086.695373] PUF Read:0x00000000 at 0xa0008334
[22086.695434] PUF Read:0x00001000 at 0xa0008338
[22086.695434] PUF Read:0x00000000 at 0xa000833c
[22086.695434] PUF Read:0x10000000 at 0xa0008340
[22086.695495] PUF Read:0x00000001 at 0xa0008344
[22086.695526] PUF Read:0x00000000 at 0xa0008348
[22086.695526] PUF Read:0x00000100 at 0xa000834c
[22086.695587] PUF Read:0x00000000 at 0xa0008350
[22086.695587] PUF Read:0x00000000 at 0xa0008354
[22086.695587] PUF Read:0x00000000 at 0xa0008358
[22086.695648] PUF Read:0x00000000 at 0xa000835c
[22086.695678] PUF Read:0x00010000 at 0xa0008360
[22086.695678] PUF Read:0x00000000 at 0xa0008364
[22086.695678] PUF Read:0x00000000 at 0xa0008368
[22086.695739] PUF Read:0x00000400 at 0xa000836c
[22086.695739] PUF Read:0x00000000 at 0xa0008370
[22086.695800] PUF Read:0x00000000 at 0xa0008374
[22086.695831] PUF Read:0x40000000 at 0xa0008378
[22086.695831] PUF Read:0x00000000 at 0xa000837c
[22086.695831] PUF Read:0x00000000 at 0xa0008380
[22086.695831] PUF Read:0x00000000 at 0xa0008384
[22086.695831] PUF Read:0x00000000 at 0xa0008388
[22086.695831] PUF Read:0x00000000 at 0xa000838c
[22086.695983] PUF Read:0x00000001 at 0xa0008390
[22086.696014] PUF Read:0x00000100 at 0xa0008394
[22086.696014] PUF Read:0x00000000 at 0xa0008398
[22086.696014] PUF Read:0x00000000 at 0xa000839c
[22086.696075] PUF Read:0x00000000 at 0xa00083a0
[22086.696075] PUF Read:0x00000000 at 0xa00083a4
[22086.696136] PUF Read:0x00000000 at 0xa00083a8
[22086.696166] PUF Read:0x00001000 at 0xa00083ac
[22086.696166] PUF Read:0x00000000 at 0xa00083b0
[22086.696166] PUF Read:0x00000000 at 0xa00083b4
[22086.696228] PUF Read:0x00000000 at 0xa00083b8
[22086.696228] PUF Read:0x00000000 at 0xa00083bc
[22086.696289] PUF Read:0x00000000 at 0xa00083c0
[22086.696319] PUF Read:0x04000000 at 0xa00083c4
[22086.696319] PUF Read:0x00000000 at 0xa00083c8
[22086.696319] PUF Read:0x00000000 at 0xa00083cc
[22086.696380] PUF Read:0x00000000 at 0xa00083d0
[22086.696380] PUF Read:0x00010000 at 0xa00083d4
[22086.696441] PUF Read:0x00000000 at 0xa00083d8
[22086.696472] PUF Read:0x00000000 at 0xa00083dc
[22086.696472] PUF Read:0x00140000 at 0xa00083e0
[22086.696472] PUF Read:0x10000000 at 0xa00083e4
[22086.696533] PUF Read:0x00000000 at 0xa00083e8
[22086.696533] PUF Read:0x00000000 at 0xa00083ec
[22086.696594] PUF Read:0x00000400 at 0xa00083f0
[22086.696624] PUF Read:0x04000000 at 0xa00083f4
[22086.696624] PUF Read:0x00000004 at 0xa00083f8
[22086.696624] PUF Read:0x00040000 at 0xa00083fc
[22086.696685] [i] Finished PUF read-out
[22086.696685] <6>[i] Finished PUF query for decaytime: 15360
[22086.696716] End measurement:1
[22086.696716] [i] Start measurement: 2
[22086.696716] [i] Start decaytime: 60
[22086.696746] EMIF 2 REG Write 0x80000000 at 0x4d000010
[22086.696746] EMIF 2 REG Read 0x80000000 at 0x4d000010
[22086.696777] EMIF 2 REG Write 0x80000000 at 0x4d000014
[22086.696777] EMIF 2 REG Read 0x00000000 at 0x4d000014
[22086.696807] EMIF 2 REG Write 0x08016893 at 0x4d0000cc
[22086.696807] EMIF 2 REG Read 0x08016893 at 0x4d0000cc
[22086.696807] Temp polling alert disabled
[22086.696838] Refresh Disabled at EMIF2
[22086.696838] [i] Initialiting PUF & hammer rows
[22086.696838] [i] Single-Sided Rowhammer (SSRH)
[22086.697753] [i] Finished initialiting PUF & hammer rows
[22086.703582] [i]	Timer elapsed since its reset 0 sec
[22086.703582] [i] Decay: 60 sec
[22086.703582] [i]	Relative Decay: 0 msec
