[21906.674407] [i] Total hammer attempts per row: 3728446
[21906.674407] EMIF 2 REG Write 0x00000618 at 0x4d000010
[21906.674438] EMIF 2 REG Read 0x00000618 at 0x4d000010
[21906.674438] EMIF 2 REG Write 0x00000618 at 0x4d000014
[21906.674468] EMIF 2 REG Read 0x00000618 at 0x4d000014
[21906.674468] EMIF 2 REG Write 0x58016893 at 0x4d0000cc
[21906.674499] EMIF 2 REG Read 0x58016893 at 0x4d0000cc
[21906.674499] Temp polling alert enabled
[21906.674499] Refresh enabled at EMIF2
[21906.674530] [i] Starting PUF read-out
[21906.674530] [i] Single-Sided Rowhammer (SSRH)
[21906.674530] PUF Read:0x00000010 at 0xa0008000
[21906.674560] PUF Read:0x00000400 at 0xa0008004
[21906.674560] PUF Read:0x00000000 at 0xa0008008
[21906.674560] PUF Read:0x00000000 at 0xa000800c
[21906.674652] PUF Read:0x00000000 at 0xa0008010
[21906.674682] PUF Read:0x00000100 at 0xa0008014
[21906.674682] PUF Read:0x00000000 at 0xa0008018
[21906.674682] PUF Read:0x10000000 at 0xa000801c
[21906.674682] PUF Read:0x00000000 at 0xa0008020
[21906.674682] PUF Read:0x40004000 at 0xa0008024
[21906.674804] PUF Read:0x00004000 at 0xa0008028
[21906.674804] PUF Read:0x00000010 at 0xa000802c
[21906.674804] PUF Read:0x40000000 at 0xa0008030
[21906.674896] PUF Read:0x04000000 at 0xa0008034
[21906.674896] PUF Read:0x00000000 at 0xa0008038
[21906.674896] PUF Read:0x00000000 at 0xa000803c
[21906.674896] PUF Read:0x00000001 at 0xa0008040
[21906.674896] PUF Read:0x00004000 at 0xa0008044
[21906.674896] PUF Read:0x00000000 at 0xa0008048
[21906.675048] PUF Read:0x00000000 at 0xa000804c
[21906.675079] PUF Read:0x00000000 at 0xa0008050
[21906.675079] PUF Read:0x00000000 at 0xa0008054
[21906.675079] PUF Read:0x00000000 at 0xa0008058
[21906.675140] PUF Read:0x00000000 at 0xa000805c
[21906.675140] PUF Read:0x00000000 at 0xa0008060
[21906.675201] PUF Read:0x00100000 at 0xa0008064
[21906.675231] PUF Read:0x00000000 at 0xa0008068
[21906.675231] PUF Read:0x00000000 at 0xa000806c
[21906.675231] PUF Read:0x00000000 at 0xa0008070
[21906.675292] PUF Read:0x00000000 at 0xa0008074
[21906.675292] PUF Read:0x00000000 at 0xa0008078
[21906.675354] PUF Read:0x00010000 at 0xa000807c
[21906.675384] PUF Read:0x00010000 at 0xa0008080
[21906.675384] PUF Read:0x00000000 at 0xa0008084
[21906.675384] PUF Read:0x00000000 at 0xa0008088
[21906.675445] PUF Read:0x00000000 at 0xa000808c
[21906.675445] PUF Read:0x00000000 at 0xa0008090
[21906.675506] PUF Read:0x10000000 at 0xa0008094
[21906.675537] PUF Read:0x00010001 at 0xa0008098
[21906.675537] PUF Read:0x00000000 at 0xa000809c
[21906.675537] PUF Read:0x00000000 at 0xa00080a0
[21906.675598] PUF Read:0x00010000 at 0xa00080a4
[21906.675598] PUF Read:0x00010001 at 0xa00080a8
[21906.675659] PUF Read:0x00000041 at 0xa00080ac
[21906.675689] PUF Read:0x00000000 at 0xa00080b0
[21906.675689] PUF Read:0x00000000 at 0xa00080b4
[21906.675689] PUF Read:0x00004000 at 0xa00080b8
[21906.675689] PUF Read:0x00000000 at 0xa00080bc
[21906.675689] PUF Read:0x00000400 at 0xa00080c0
[21906.675689] PUF Read:0x00000000 at 0xa00080c4
[21906.675842] PUF Read:0x10000000 at 0xa00080c8
[21906.675842] PUF Read:0x01000000 at 0xa00080cc
[21906.675842] PUF Read:0x40044000 at 0xa00080d0
[21906.675842] PUF Read:0x00000000 at 0xa00080d4
[21906.675842] PUF Read:0x00001000 at 0xa00080d8
[21906.675842] PUF Read:0x00000000 at 0xa00080dc
[21906.675994] PUF Read:0x01000000 at 0xa00080e0
[21906.675994] PUF Read:0x00000000 at 0xa00080e4
[21906.675994] PUF Read:0x00000000 at 0xa00080e8
[21906.675994] PUF Read:0x00000001 at 0xa00080ec
[21906.676086] PUF Read:0x00000000 at 0xa00080f0
[21906.676086] PUF Read:0x00000000 at 0xa00080f4
[21906.676147] PUF Read:0x00000100 at 0xa00080f8
[21906.676147] PUF Read:0x00000000 at 0xa00080fc
[21906.676147] PUF Read:0x00000000 at 0xa0008100
[21906.676147] PUF Read:0x00000000 at 0xa0008104
[21906.676147] PUF Read:0x00000000 at 0xa0008108
[21906.676147] PUF Read:0x00000000 at 0xa000810c
[21906.676147] PUF Read:0x00000000 at 0xa0008110
[21906.676330] PUF Read:0x00400000 at 0xa0008114
[21906.676330] PUF Read:0x00000000 at 0xa0008118
[21906.676330] PUF Read:0x00000000 at 0xa000811c
[21906.676330] PUF Read:0x00000000 at 0xa0008120
[21906.676422] PUF Read:0x00000400 at 0xa0008124
[21906.676422] PUF Read:0x00000000 at 0xa0008128
[21906.676483] PUF Read:0x00000000 at 0xa000812c
[21906.676483] PUF Read:0x00000000 at 0xa0008130
[21906.676483] PUF Read:0x00000000 at 0xa0008134
[21906.676483] PUF Read:0x00010000 at 0xa0008138
[21906.676574] PUF Read:0x00000000 at 0xa000813c
[21906.676574] PUF Read:0x00000400 at 0xa0008140
[21906.676635] PUF Read:0x00000000 at 0xa0008144
[21906.676666] PUF Read:0x00100400 at 0xa0008148
[21906.676666] PUF Read:0x00000000 at 0xa000814c
[21906.676666] PUF Read:0x00000000 at 0xa0008150
[21906.676727] PUF Read:0x00000000 at 0xa0008154
[21906.676727] PUF Read:0x00000000 at 0xa0008158
[21906.676788] PUF Read:0x00100040 at 0xa000815c
[21906.676818] PUF Read:0x00001000 at 0xa0008160
[21906.676818] PUF Read:0x00000000 at 0xa0008164
[21906.676818] PUF Read:0x04000000 at 0xa0008168
[21906.676879] PUF Read:0x00400000 at 0xa000816c
[21906.676879] PUF Read:0x00000000 at 0xa0008170
[21906.676940] PUF Read:0x00100000 at 0xa0008174
[21906.676971] PUF Read:0x00000000 at 0xa0008178
[21906.676971] PUF Read:0x00004000 at 0xa000817c
[21906.676971] PUF Read:0x00000000 at 0xa0008180
[21906.677032] PUF Read:0x00000000 at 0xa0008184
[21906.677032] PUF Read:0x00040000 at 0xa0008188
[21906.677093] PUF Read:0x00000040 at 0xa000818c
[21906.677124] PUF Read:0x00000000 at 0xa0008190
[21906.677124] PUF Read:0x40000000 at 0xa0008194
[21906.677185] PUF Read:0x00000000 at 0xa0008198
[21906.677185] PUF Read:0x00000000 at 0xa000819c
[21906.677185] PUF Read:0x00000000 at 0xa00081a0
[21906.677185] PUF Read:0x00000000 at 0xa00081a4
[21906.677276] PUF Read:0x00000000 at 0xa00081a8
[21906.677276] PUF Read:0x00000000 at 0xa00081ac
[21906.677276] PUF Read:0x00410000 at 0xa00081b0
[21906.677276] PUF Read:0x00000000 at 0xa00081b4
[21906.677276] PUF Read:0x00000000 at 0xa00081b8
[21906.677276] PUF Read:0x00100000 at 0xa00081bc
[21906.677429] PUF Read:0x00000000 at 0xa00081c0
[21906.677429] PUF Read:0x00000004 at 0xa00081c4
[21906.677429] PUF Read:0x00000000 at 0xa00081c8
[21906.677429] PUF Read:0x00010000 at 0xa00081cc
[21906.677429] PUF Read:0x10000000 at 0xa00081d0
[21906.677429] PUF Read:0x00000000 at 0xa00081d4
[21906.677581] PUF Read:0x00000000 at 0xa00081d8
[21906.677581] PUF Read:0x00000000 at 0xa00081dc
[21906.677581] PUF Read:0x00000000 at 0xa00081e0
[21906.677581] PUF Read:0x00000040 at 0xa00081e4
[21906.677581] PUF Read:0x00000000 at 0xa00081e8
[21906.677581] PUF Read:0x00000000 at 0xa00081ec
[21906.677734] PUF Read:0x00000001 at 0xa00081f0
[21906.677734] PUF Read:0x00000400 at 0xa00081f4
[21906.677795] PUF Read:0x00000000 at 0xa00081f8
[21906.677795] PUF Read:0x00000040 at 0xa00081fc
[21906.677795] PUF Read:0x00000000 at 0xa0008200
[21906.677795] PUF Read:0x00000000 at 0xa0008204
[21906.677886] PUF Read:0x00000010 at 0xa0008208
[21906.677917] PUF Read:0x00000000 at 0xa000820c
[21906.677917] PUF Read:0x00400000 at 0xa0008210
[21906.677917] PUF Read:0x00000000 at 0xa0008214
[21906.677978] PUF Read:0x00000400 at 0xa0008218
[21906.677978] PUF Read:0x00000000 at 0xa000821c
[21906.678039] PUF Read:0x00000000 at 0xa0008220
[21906.678070] PUF Read:0x00100000 at 0xa0008224
[21906.678070] PUF Read:0x00000000 at 0xa0008228
[21906.678070] PUF Read:0x00000000 at 0xa000822c
[21906.678131] PUF Read:0x00000500 at 0xa0008230
[21906.678131] PUF Read:0x00400000 at 0xa0008234
[21906.678192] PUF Read:0x00000000 at 0xa0008238
[21906.678222] PUF Read:0x00000000 at 0xa000823c
[21906.678222] PUF Read:0x00000000 at 0xa0008240
[21906.678222] PUF Read:0x00000000 at 0xa0008244
[21906.678283] PUF Read:0x00000000 at 0xa0008248
[21906.678283] PUF Read:0x00000000 at 0xa000824c
[21906.678344] PUF Read:0x00000000 at 0xa0008250
[21906.678375] PUF Read:0x00100000 at 0xa0008254
[21906.678375] PUF Read:0x00000000 at 0xa0008258
[21906.678375] PUF Read:0x04040000 at 0xa000825c
[21906.678436] PUF Read:0x00000000 at 0xa0008260
[21906.678436] PUF Read:0x00000000 at 0xa0008264
[21906.678497] PUF Read:0x00000400 at 0xa0008268
[21906.678527] PUF Read:0x00000000 at 0xa000826c
[21906.678527] PUF Read:0x00000000 at 0xa0008270
[21906.678527] PUF Read:0x00000000 at 0xa0008274
[21906.678588] PUF Read:0x00000040 at 0xa0008278
[21906.678588] PUF Read:0x00000000 at 0xa000827c
[21906.678649] PUF Read:0x40000000 at 0xa0008280
[21906.678680] PUF Read:0x00000000 at 0xa0008284
[21906.678680] PUF Read:0x00400000 at 0xa0008288
[21906.678680] PUF Read:0x00000000 at 0xa000828c
[21906.678741] PUF Read:0x00000000 at 0xa0008290
[21906.678741] PUF Read:0x00000000 at 0xa0008294
[21906.678802] PUF Read:0x00000000 at 0xa0008298
[21906.678833] PUF Read:0x00000000 at 0xa000829c
[21906.678833] PUF Read:0x00000000 at 0xa00082a0
[21906.678833] PUF Read:0x00001000 at 0xa00082a4
[21906.678894] PUF Read:0x00000000 at 0xa00082a8
[21906.678894] PUF Read:0x00000000 at 0xa00082ac
[21906.678955] PUF Read:0x00000000 at 0xa00082b0
[21906.678985] PUF Read:0x00000000 at 0xa00082b4
[21906.678985] PUF Read:0x00000040 at 0xa00082b8
[21906.678985] PUF Read:0x00000000 at 0xa00082bc
[21906.679046] PUF Read:0x00000000 at 0xa00082c0
[21906.679046] PUF Read:0x00000000 at 0xa00082c4
[21906.679107] PUF Read:0x10000000 at 0xa00082c8
[21906.679138] PUF Read:0x00000000 at 0xa00082cc
[21906.679138] PUF Read:0x00100000 at 0xa00082d0
[21906.679138] PUF Read:0x00000000 at 0xa00082d4
[21906.679199] PUF Read:0x00000000 at 0xa00082d8
[21906.679199] PUF Read:0x00004000 at 0xa00082dc
[21906.679260] PUF Read:0x00000000 at 0xa00082e0
[21906.679290] PUF Read:0x00000400 at 0xa00082e4
[21906.679290] PUF Read:0x00000100 at 0xa00082e8
[21906.679290] PUF Read:0x00000001 at 0xa00082ec
[21906.679290] PUF Read:0x00000001 at 0xa00082f0
[21906.679290] PUF Read:0x00000000 at 0xa00082f4
[21906.679290] PUF Read:0x00000000 at 0xa00082f8
[21906.679443] PUF Read:0x00000000 at 0xa00082fc
[21906.679443] PUF Read:0x00000000 at 0xa0008300
[21906.679443] PUF Read:0x00000000 at 0xa0008304
[21906.679443] PUF Read:0x00000000 at 0xa0008308
[21906.679443] PUF Read:0x00000000 at 0xa000830c
[21906.679565] PUF Read:0x00000000 at 0xa0008310
[21906.679595] PUF Read:0x00000000 at 0xa0008314
[21906.679595] PUF Read:0x01400000 at 0xa0008318
[21906.679595] PUF Read:0x10000000 at 0xa000831c
[21906.679595] PUF Read:0x00000000 at 0xa0008320
[21906.679595] PUF Read:0x00000000 at 0xa0008324
[21906.679595] PUF Read:0x00000000 at 0xa0008328
[21906.679748] PUF Read:0x00010000 at 0xa000832c
[21906.679748] PUF Read:0x00000004 at 0xa0008330
[21906.679748] PUF Read:0x00000000 at 0xa0008334
[21906.679748] PUF Read:0x00001000 at 0xa0008338
[21906.679748] PUF Read:0x00000000 at 0xa000833c
[21906.679748] PUF Read:0x10000100 at 0xa0008340
[21906.679901] PUF Read:0x00000001 at 0xa0008344
[21906.679901] PUF Read:0x00000000 at 0xa0008348
[21906.679901] PUF Read:0x00000100 at 0xa000834c
[21906.679901] PUF Read:0x00000000 at 0xa0008350
[21906.679901] PUF Read:0x00000000 at 0xa0008354
[21906.679901] PUF Read:0x00000000 at 0xa0008358
[21906.680053] PUF Read:0x00000000 at 0xa000835c
[21906.680053] PUF Read:0x00010000 at 0xa0008360
[21906.680053] PUF Read:0x00000000 at 0xa0008364
[21906.680053] PUF Read:0x00000000 at 0xa0008368
[21906.680053] PUF Read:0x00000400 at 0xa000836c
[21906.680053] PUF Read:0x00000000 at 0xa0008370
[21906.680206] PUF Read:0x00000000 at 0xa0008374
[21906.680206] PUF Read:0x40000000 at 0xa0008378
[21906.680206] PUF Read:0x00000000 at 0xa000837c
[21906.680206] PUF Read:0x00000000 at 0xa0008380
[21906.680206] PUF Read:0x00000000 at 0xa0008384
[21906.680206] PUF Read:0x00000000 at 0xa0008388
[21906.680358] PUF Read:0x00000000 at 0xa000838c
[21906.680358] PUF Read:0x00000001 at 0xa0008390
[21906.680358] PUF Read:0x00000100 at 0xa0008394
[21906.680358] PUF Read:0x00000000 at 0xa0008398
[21906.680358] PUF Read:0x00000000 at 0xa000839c
[21906.680358] PUF Read:0x00000000 at 0xa00083a0
[21906.680511] PUF Read:0x00000000 at 0xa00083a4
[21906.680511] PUF Read:0x00000000 at 0xa00083a8
[21906.680511] PUF Read:0x00001000 at 0xa00083ac
[21906.680511] PUF Read:0x00000000 at 0xa00083b0
[21906.680511] PUF Read:0x00000000 at 0xa00083b4
[21906.680633] PUF Read:0x00000000 at 0xa00083b8
[21906.680664] PUF Read:0x00000000 at 0xa00083bc
[21906.680664] PUF Read:0x00000000 at 0xa00083c0
[21906.680664] PUF Read:0x04000000 at 0xa00083c4
[21906.680664] PUF Read:0x00000000 at 0xa00083c8
[21906.680664] PUF Read:0x00000000 at 0xa00083cc
[21906.680786] PUF Read:0x00000000 at 0xa00083d0
[21906.680816] PUF Read:0x00010000 at 0xa00083d4
[21906.680816] PUF Read:0x00000000 at 0xa00083d8
[21906.680877] PUF Read:0x00000000 at 0xa00083dc
[21906.680877] PUF Read:0x00140000 at 0xa00083e0
[21906.680908] PUF Read:0x10000000 at 0xa00083e4
[21906.680908] PUF Read:0x00000000 at 0xa00083e8
[21906.680969] PUF Read:0x00000000 at 0xa00083ec
[21906.680999] PUF Read:0x00000400 at 0xa00083f0
[21906.680999] PUF Read:0x04000000 at 0xa00083f4
[21906.681060] PUF Read:0x00000004 at 0xa00083f8
[21906.681060] PUF Read:0x00040000 at 0xa00083fc
[21906.681091] [i] Finished PUF read-out
[21906.681091] <6>[i] Finished PUF query for decaytime: 15360
[21906.681121] End measurement:0
[21906.681121] [i] Start measurement: 1
[21906.681121] [i] Start decaytime: 60
[21906.681152] EMIF 2 REG Write 0x80000000 at 0x4d000010
[21906.681152] EMIF 2 REG Read 0x80000000 at 0x4d000010
[21906.681182] EMIF 2 REG Write 0x80000000 at 0x4d000014
[21906.681182] EMIF 2 REG Read 0x00000000 at 0x4d000014
[21906.681213] EMIF 2 REG Write 0x08016893 at 0x4d0000cc
[21906.681213] EMIF 2 REG Read 0x08016893 at 0x4d0000cc
[21906.681213] Temp polling alert disabled
[21906.681243] Refresh Disabled at EMIF2
[21906.681243] [i] Initialiting PUF & hammer rows
[21906.681243] [i] Single-Sided Rowhammer (SSRH)
[21906.687988] [i] Finished initialiting PUF & hammer rows
[21906.687988] [i]	Timer elapsed since its reset 0 sec
[21906.688018] [i] Decay: 60 sec
[21906.688018] [i]	Relative Decay: 0 msec
