[ 3689.971282] [i] Total hammer attempts per row: 3726310
[ 3689.971282] EMIF 2 REG Write 0x00000618 at 0x4d000010
[ 3689.971282] EMIF 2 REG Read 0x00000618 at 0x4d000010
[ 3689.971343] EMIF 2 REG Write 0x00000618 at 0x4d000014
[ 3689.971343] EMIF 2 REG Read 0x00000618 at 0x4d000014
[ 3689.971343] EMIF 2 REG Write 0x58016893 at 0x4d0000cc
[ 3689.971374] EMIF 2 REG Read 0x58016893 at 0x4d0000cc
[ 3689.971374] Temp polling alert enabled
[ 3689.971374] Refresh enabled at EMIF2
[ 3689.971405] [i] Starting PUF read-out
[ 3689.971405] [i] Single-Sided Rowhammer (SSRH)
[ 3689.971435] PUF Read:0x00000010 at 0xa0008000
[ 3689.971435] PUF Read:0x00000400 at 0xa0008004
[ 3689.971435] PUF Read:0x00000000 at 0xa0008008
[ 3689.971435] PUF Read:0x00000000 at 0xa000800c
[ 3689.971527] PUF Read:0x00000000 at 0xa0008010
[ 3689.971527] PUF Read:0x00000100 at 0xa0008014
[ 3689.971588] PUF Read:0x00000000 at 0xa0008018
[ 3689.971618] PUF Read:0x10400000 at 0xa000801c
[ 3689.971618] PUF Read:0x40000000 at 0xa0008020
[ 3689.971618] PUF Read:0x40004000 at 0xa0008024
[ 3689.971618] PUF Read:0x00004000 at 0xa0008028
[ 3689.971710] PUF Read:0x00000010 at 0xa000802c
[ 3689.971710] PUF Read:0x40000000 at 0xa0008030
[ 3689.971771] PUF Read:0x04000000 at 0xa0008034
[ 3689.971801] PUF Read:0x00000000 at 0xa0008038
[ 3689.971801] PUF Read:0x00000000 at 0xa000803c
[ 3689.971801] PUF Read:0x00000001 at 0xa0008040
[ 3689.971862] PUF Read:0x00004000 at 0xa0008044
[ 3689.971862] PUF Read:0x00000000 at 0xa0008048
[ 3689.971923] PUF Read:0x00000001 at 0xa000804c
[ 3689.971954] PUF Read:0x00000000 at 0xa0008050
[ 3689.971954] PUF Read:0x00000000 at 0xa0008054
[ 3689.971954] PUF Read:0x00000000 at 0xa0008058
[ 3689.972015] PUF Read:0x00000000 at 0xa000805c
[ 3689.972015] PUF Read:0x00000000 at 0xa0008060
[ 3689.972076] PUF Read:0x00100000 at 0xa0008064
[ 3689.972106] PUF Read:0x00000000 at 0xa0008068
[ 3689.972106] PUF Read:0x00000000 at 0xa000806c
[ 3689.972167] PUF Read:0x00000000 at 0xa0008070
[ 3689.972167] PUF Read:0x00000000 at 0xa0008074
[ 3689.972167] PUF Read:0x00000000 at 0xa0008078
[ 3689.972229] PUF Read:0x00010000 at 0xa000807c
[ 3689.972259] PUF Read:0x00010000 at 0xa0008080
[ 3689.972259] PUF Read:0x00000000 at 0xa0008084
[ 3689.972320] PUF Read:0x00000000 at 0xa0008088
[ 3689.972320] PUF Read:0x00000000 at 0xa000808c
[ 3689.972320] PUF Read:0x00000000 at 0xa0008090
[ 3689.972381] PUF Read:0x10000000 at 0xa0008094
[ 3689.972412] PUF Read:0x00410001 at 0xa0008098
[ 3689.972442] PUF Read:0x00000000 at 0xa000809c
[ 3689.972442] PUF Read:0x00000000 at 0xa00080a0
[ 3689.972442] PUF Read:0x00010000 at 0xa00080a4
[ 3689.972503] PUF Read:0x00000001 at 0xa00080a8
[ 3689.972503] PUF Read:0x00000041 at 0xa00080ac
[ 3689.972564] PUF Read:0x00000000 at 0xa00080b0
[ 3689.972595] PUF Read:0x00000000 at 0xa00080b4
[ 3689.972595] PUF Read:0x00004000 at 0xa00080b8
[ 3689.972595] PUF Read:0x00000000 at 0xa00080bc
[ 3689.972656] PUF Read:0x00000400 at 0xa00080c0
[ 3689.972656] PUF Read:0x00000000 at 0xa00080c4
[ 3689.972717] PUF Read:0x10100000 at 0xa00080c8
[ 3689.972747] PUF Read:0x01000000 at 0xa00080cc
[ 3689.972747] PUF Read:0x40044000 at 0xa00080d0
[ 3689.972747] PUF Read:0x00000000 at 0xa00080d4
[ 3689.972808] PUF Read:0x00001000 at 0xa00080d8
[ 3689.972808] PUF Read:0x00000000 at 0xa00080dc
[ 3689.972869] PUF Read:0x01000000 at 0xa00080e0
[ 3689.972900] PUF Read:0x00000000 at 0xa00080e4
[ 3689.972900] PUF Read:0x00000000 at 0xa00080e8
[ 3689.972900] PUF Read:0x00000001 at 0xa00080ec
[ 3689.972961] PUF Read:0x00000000 at 0xa00080f0
[ 3689.972961] PUF Read:0x00000000 at 0xa00080f4
[ 3689.973022] PUF Read:0x00000100 at 0xa00080f8
[ 3689.973022] PUF Read:0x00000000 at 0xa00080fc
[ 3689.973022] PUF Read:0x00000000 at 0xa0008100
[ 3689.973022] PUF Read:0x00000000 at 0xa0008104
[ 3689.973022] PUF Read:0x00000000 at 0xa0008108
[ 3689.973144] PUF Read:0x00000000 at 0xa000810c
[ 3689.973175] PUF Read:0x00000000 at 0xa0008110
[ 3689.973175] PUF Read:0x00400000 at 0xa0008114
[ 3689.973175] PUF Read:0x00000000 at 0xa0008118
[ 3689.973236] PUF Read:0x00000000 at 0xa000811c
[ 3689.973236] PUF Read:0x00000000 at 0xa0008120
[ 3689.973297] PUF Read:0x00000400 at 0xa0008124
[ 3689.973327] PUF Read:0x00000040 at 0xa0008128
[ 3689.973327] PUF Read:0x00000000 at 0xa000812c
[ 3689.973327] PUF Read:0x00000000 at 0xa0008130
[ 3689.973388] PUF Read:0x00000000 at 0xa0008134
[ 3689.973388] PUF Read:0x00010000 at 0xa0008138
[ 3689.973449] PUF Read:0x00000000 at 0xa000813c
[ 3689.973480] PUF Read:0x40000400 at 0xa0008140
[ 3689.973480] PUF Read:0x00000000 at 0xa0008144
[ 3689.973480] PUF Read:0x00100400 at 0xa0008148
[ 3689.973541] PUF Read:0x00000000 at 0xa000814c
[ 3689.973541] PUF Read:0x00000000 at 0xa0008150
[ 3689.973602] PUF Read:0x00000000 at 0xa0008154
[ 3689.973632] PUF Read:0x00000000 at 0xa0008158
[ 3689.973632] PUF Read:0x00100040 at 0xa000815c
[ 3689.973632] PUF Read:0x00001000 at 0xa0008160
[ 3689.973693] PUF Read:0x00000000 at 0xa0008164
[ 3689.973693] PUF Read:0x04000000 at 0xa0008168
[ 3689.973754] PUF Read:0x00400000 at 0xa000816c
[ 3689.973785] PUF Read:0x00000000 at 0xa0008170
[ 3689.973785] PUF Read:0x00100000 at 0xa0008174
[ 3689.973785] PUF Read:0x00000000 at 0xa0008178
[ 3689.973846] PUF Read:0x00004000 at 0xa000817c
[ 3689.973846] PUF Read:0x00000000 at 0xa0008180
[ 3689.973907] PUF Read:0x00000000 at 0xa0008184
[ 3689.973937] PUF Read:0x00040000 at 0xa0008188
[ 3689.973937] PUF Read:0x00000440 at 0xa000818c
[ 3689.973999] PUF Read:0x00000000 at 0xa0008190
[ 3689.973999] PUF Read:0x40000000 at 0xa0008194
[ 3689.973999] PUF Read:0x00000004 at 0xa0008198
[ 3689.974060] PUF Read:0x00000000 at 0xa000819c
[ 3689.974090] PUF Read:0x00000000 at 0xa00081a0
[ 3689.974090] PUF Read:0x00000000 at 0xa00081a4
[ 3689.974151] PUF Read:0x00000000 at 0xa00081a8
[ 3689.974151] PUF Read:0x00000000 at 0xa00081ac
[ 3689.974151] PUF Read:0x00410000 at 0xa00081b0
[ 3689.974151] PUF Read:0x00000000 at 0xa00081b4
[ 3689.974243] PUF Read:0x00000000 at 0xa00081b8
[ 3689.974243] PUF Read:0x00100000 at 0xa00081bc
[ 3689.974304] PUF Read:0x00000000 at 0xa00081c0
[ 3689.974304] PUF Read:0x00000004 at 0xa00081c4
[ 3689.974304] PUF Read:0x00000000 at 0xa00081c8
[ 3689.974365] PUF Read:0x00010000 at 0xa00081cc
[ 3689.974395] PUF Read:0x10000000 at 0xa00081d0
[ 3689.974395] PUF Read:0x00000000 at 0xa00081d4
[ 3689.974395] PUF Read:0x10000000 at 0xa00081d8
[ 3689.974456] PUF Read:0x00000000 at 0xa00081dc
[ 3689.974456] PUF Read:0x00000000 at 0xa00081e0
[ 3689.974517] PUF Read:0x00000040 at 0xa00081e4
[ 3689.974548] PUF Read:0x00000000 at 0xa00081e8
[ 3689.974548] PUF Read:0x00000010 at 0xa00081ec
[ 3689.974548] PUF Read:0x00000001 at 0xa00081f0
[ 3689.974609] PUF Read:0x00000400 at 0xa00081f4
[ 3689.974609] PUF Read:0x00000000 at 0xa00081f8
[ 3689.974670] PUF Read:0x00000040 at 0xa00081fc
[ 3689.974700] PUF Read:0x00000000 at 0xa0008200
[ 3689.974700] PUF Read:0x00000000 at 0xa0008204
[ 3689.974700] PUF Read:0x00000010 at 0xa0008208
[ 3689.974761] PUF Read:0x00000000 at 0xa000820c
[ 3689.974761] PUF Read:0x00400000 at 0xa0008210
[ 3689.974822] PUF Read:0x00000000 at 0xa0008214
[ 3689.974822] PUF Read:0x00000400 at 0xa0008218
[ 3689.974822] PUF Read:0x00000000 at 0xa000821c
[ 3689.974822] PUF Read:0x00000000 at 0xa0008220
[ 3689.974822] PUF Read:0x00100000 at 0xa0008224
[ 3689.974822] PUF Read:0x00000000 at 0xa0008228
[ 3689.974975] PUF Read:0x00000000 at 0xa000822c
[ 3689.974975] PUF Read:0x00000500 at 0xa0008230
[ 3689.974975] PUF Read:0x00400000 at 0xa0008234
[ 3689.974975] PUF Read:0x00000000 at 0xa0008238
[ 3689.974975] PUF Read:0x00000400 at 0xa000823c
[ 3689.974975] PUF Read:0x00000000 at 0xa0008240
[ 3689.975128] PUF Read:0x00000000 at 0xa0008244
[ 3689.975128] PUF Read:0x00000000 at 0xa0008248
[ 3689.975128] PUF Read:0x00000000 at 0xa000824c
[ 3689.975128] PUF Read:0x04000000 at 0xa0008250
[ 3689.975128] PUF Read:0x00100000 at 0xa0008254
[ 3689.975128] PUF Read:0x00000000 at 0xa0008258
[ 3689.975280] PUF Read:0x04040000 at 0xa000825c
[ 3689.975280] PUF Read:0x00000000 at 0xa0008260
[ 3689.975280] PUF Read:0x00001000 at 0xa0008264
[ 3689.975280] PUF Read:0x00000400 at 0xa0008268
[ 3689.975280] PUF Read:0x00000000 at 0xa000826c
[ 3689.975402] PUF Read:0x00000000 at 0xa0008270
[ 3689.975433] PUF Read:0x00000000 at 0xa0008274
[ 3689.975433] PUF Read:0x00000040 at 0xa0008278
[ 3689.975433] PUF Read:0x00100000 at 0xa000827c
[ 3689.975433] PUF Read:0x40000000 at 0xa0008280
[ 3689.975433] PUF Read:0x00000000 at 0xa0008284
[ 3689.975433] PUF Read:0x00400000 at 0xa0008288
[ 3689.975585] PUF Read:0x00000000 at 0xa000828c
[ 3689.975616] PUF Read:0x00000000 at 0xa0008290
[ 3689.975616] PUF Read:0x00000000 at 0xa0008294
[ 3689.975616] PUF Read:0x00000000 at 0xa0008298
[ 3689.975677] PUF Read:0x00000000 at 0xa000829c
[ 3689.975677] PUF Read:0x00000000 at 0xa00082a0
[ 3689.975738] PUF Read:0x00001000 at 0xa00082a4
[ 3689.975769] PUF Read:0x00000000 at 0xa00082a8
[ 3689.975769] PUF Read:0x00000000 at 0xa00082ac
[ 3689.975769] PUF Read:0x00000000 at 0xa00082b0
[ 3689.975830] PUF Read:0x00000000 at 0xa00082b4
[ 3689.975830] PUF Read:0x00000040 at 0xa00082b8
[ 3689.975891] PUF Read:0x00000000 at 0xa00082bc
[ 3689.975891] PUF Read:0x00000000 at 0xa00082c0
[ 3689.975891] PUF Read:0x00000000 at 0xa00082c4
[ 3689.975891] PUF Read:0x10000000 at 0xa00082c8
[ 3689.975891] PUF Read:0x00000000 at 0xa00082cc
[ 3689.975891] PUF Read:0x00100000 at 0xa00082d0
[ 3689.976043] PUF Read:0x00000000 at 0xa00082d4
[ 3689.976043] PUF Read:0x40000000 at 0xa00082d8
[ 3689.976043] PUF Read:0x00004000 at 0xa00082dc
[ 3689.976043] PUF Read:0x00000000 at 0xa00082e0
[ 3689.976043] PUF Read:0x00000400 at 0xa00082e4
[ 3689.976043] PUF Read:0x00000100 at 0xa00082e8
[ 3689.976196] PUF Read:0x00000001 at 0xa00082ec
[ 3689.976196] PUF Read:0x00000001 at 0xa00082f0
[ 3689.976196] PUF Read:0x00000000 at 0xa00082f4
[ 3689.976196] PUF Read:0x00000000 at 0xa00082f8
[ 3689.976196] PUF Read:0x00000000 at 0xa00082fc
[ 3689.976196] PUF Read:0x00000100 at 0xa0008300
[ 3689.976348] PUF Read:0x00000000 at 0xa0008304
[ 3689.976348] PUF Read:0x00000000 at 0xa0008308
[ 3689.976348] PUF Read:0x00000000 at 0xa000830c
[ 3689.976348] PUF Read:0x00000000 at 0xa0008310
[ 3689.976348] PUF Read:0x00000000 at 0xa0008314
[ 3689.976470] PUF Read:0x01500000 at 0xa0008318
[ 3689.976501] PUF Read:0x10000000 at 0xa000831c
[ 3689.976501] PUF Read:0x00000000 at 0xa0008320
[ 3689.976501] PUF Read:0x00000100 at 0xa0008324
[ 3689.976562] PUF Read:0x00000000 at 0xa0008328
[ 3689.976562] PUF Read:0x00010000 at 0xa000832c
[ 3689.976623] PUF Read:0x00000004 at 0xa0008330
[ 3689.976654] PUF Read:0x00000100 at 0xa0008334
[ 3689.976654] PUF Read:0x00001000 at 0xa0008338
[ 3689.976654] PUF Read:0x00000000 at 0xa000833c
[ 3689.976715] PUF Read:0x10000100 at 0xa0008340
[ 3689.976715] PUF Read:0x00000001 at 0xa0008344
[ 3689.976776] PUF Read:0x00000000 at 0xa0008348
[ 3689.976806] PUF Read:0x00000100 at 0xa000834c
[ 3689.976806] PUF Read:0x00000000 at 0xa0008350
[ 3689.976806] PUF Read:0x00000000 at 0xa0008354
[ 3689.976867] PUF Read:0x00000000 at 0xa0008358
[ 3689.976867] PUF Read:0x00000000 at 0xa000835c
[ 3689.976928] PUF Read:0x00010000 at 0xa0008360
[ 3689.976959] PUF Read:0x00000000 at 0xa0008364
[ 3689.976959] PUF Read:0x00000000 at 0xa0008368
[ 3689.976959] PUF Read:0x00000400 at 0xa000836c
[ 3689.976959] PUF Read:0x00000000 at 0xa0008370
[ 3689.977050] PUF Read:0x00000000 at 0xa0008374
[ 3689.977050] PUF Read:0x40010000 at 0xa0008378
[ 3689.977111] PUF Read:0x00000000 at 0xa000837c
[ 3689.977142] PUF Read:0x00000000 at 0xa0008380
[ 3689.977142] PUF Read:0x00000000 at 0xa0008384
[ 3689.977142] PUF Read:0x00000000 at 0xa0008388
[ 3689.977203] PUF Read:0x00000000 at 0xa000838c
[ 3689.977203] PUF Read:0x00000001 at 0xa0008390
[ 3689.977264] PUF Read:0x00000100 at 0xa0008394
[ 3689.977294] PUF Read:0x00000000 at 0xa0008398
[ 3689.977294] PUF Read:0x00000000 at 0xa000839c
[ 3689.977294] PUF Read:0x00000000 at 0xa00083a0
[ 3689.977294] PUF Read:0x00000000 at 0xa00083a4
[ 3689.977294] PUF Read:0x00000000 at 0xa00083a8
[ 3689.977416] PUF Read:0x00001000 at 0xa00083ac
[ 3689.977416] PUF Read:0x00000000 at 0xa00083b0
[ 3689.977416] PUF Read:0x00000000 at 0xa00083b4
[ 3689.977416] PUF Read:0x00000000 at 0xa00083b8
[ 3689.977416] PUF Read:0x00000000 at 0xa00083bc
[ 3689.977539] PUF Read:0x00000000 at 0xa00083c0
[ 3689.977569] PUF Read:0x04000000 at 0xa00083c4
[ 3689.977569] PUF Read:0x00000000 at 0xa00083c8
[ 3689.977630] PUF Read:0x00000000 at 0xa00083cc
[ 3689.977630] PUF Read:0x00000000 at 0xa00083d0
[ 3689.977630] PUF Read:0x00010000 at 0xa00083d4
[ 3689.977691] PUF Read:0x00000000 at 0xa00083d8
[ 3689.977722] PUF Read:0x00000000 at 0xa00083dc
[ 3689.977722] PUF Read:0x00140000 at 0xa00083e0
[ 3689.977783] PUF Read:0x10000000 at 0xa00083e4
[ 3689.977783] PUF Read:0x00000000 at 0xa00083e8
[ 3689.977783] PUF Read:0x00000000 at 0xa00083ec
[ 3689.977844] PUF Read:0x00000400 at 0xa00083f0
[ 3689.977874] PUF Read:0x04000000 at 0xa00083f4
[ 3689.977874] PUF Read:0x00000004 at 0xa00083f8
[ 3689.977874] PUF Read:0x00040000 at 0xa00083fc
[ 3689.977935] [i] Finished PUF read-out
[ 3689.977935] <6>[i] Finished PUF query for decaytime: 15360
[ 3689.977966] End measurement:19
[ 3689.977966] [i] Starting the Rowhammer PUF for PandaBoard
[ 3689.977966] Number of PUF rows: 8 PUF init Value :0 Rowhammer rows init Value:0
[ 3689.977996] [i] Start measurement: 0
[ 3689.977996] [i] Start decaytime: 60
[ 3689.978027] EMIF 2 REG Write 0x80000000 at 0x4d000010
[ 3689.978027] EMIF 2 REG Read 0x80000000 at 0x4d000010
[ 3689.978057] EMIF 2 REG Write 0x80000000 at 0x4d000014
[ 3689.978057] EMIF 2 REG Read 0x00000000 at 0x4d000014
[ 3689.978057] EMIF 2 REG Write 0x08016893 at 0x4d0000cc
[ 3689.978088] EMIF 2 REG Read 0x08016893 at 0x4d0000cc
[ 3689.978088] Temp polling alert disabled
[ 3689.978088] Refresh Disabled at EMIF2
[ 3689.978118] [i] Initialiting PUF & hammer rows
[ 3689.978118] [i] Single-Sided Rowhammer (SSRH)
[ 3690.018096] [i] Finished initialiting PUF & hammer rows
[ 3690.018096] [i]	Timer elapsed since its reset 0 sec
[ 3690.022857] [i] Decay: 60 sec
[ 3690.022857] [i]	Relative Decay: 0 msec
