[57602.361846] [i] Total hammer attempts per row: 3727960
[57602.361877] EMIF 2 REG Write 0x00000618 at 0x4d000010
[57602.361907] EMIF 2 REG Read 0x00000618 at 0x4d000010
[57602.361907] EMIF 2 REG Write 0x00000618 at 0x4d000014
[57602.361938] EMIF 2 REG Read 0x00000618 at 0x4d000014
[57602.361938] EMIF 2 REG Write 0x58016893 at 0x4d0000cc
[57602.361938] EMIF 2 REG Read 0x58016893 at 0x4d0000cc
[57602.361968] Temp polling alert enabled
[57602.361968] Refresh enabled at EMIF2
[57602.361968] [i] Starting PUF read-out
[57602.361999] [i] Single-Sided Rowhammer (SSRH)
[57602.361999] PUF Read:0xaaaa2aaa at 0xa0008000
[57602.361999] PUF Read:0xaaaaaaaa at 0xa0008004
[57602.361999] PUF Read:0xaaaaaaaa at 0xa0008008
[57602.362091] PUF Read:0xa2aaaa2a at 0xa000800c
[57602.362121] PUF Read:0xaaaaaaaa at 0xa0008010
[57602.362121] PUF Read:0x8aaaabaa at 0xa0008014
[57602.362121] PUF Read:0xaaaa2aaa at 0xa0008018
[57602.362121] PUF Read:0xaaa2aaaa at 0xa000801c
[57602.362213] PUF Read:0xaaaaaaaa at 0xa0008020
[57602.362213] PUF Read:0xeaaaeaaa at 0xa0008024
[57602.362274] PUF Read:0xaaaaaaaa at 0xa0008028
[57602.362304] PUF Read:0xaaaaaaba at 0xa000802c
[57602.362304] PUF Read:0xaaaaaaaa at 0xa0008030
[57602.362304] PUF Read:0xaaaaaaaa at 0xa0008034
[57602.362365] PUF Read:0xaaaaaaaa at 0xa0008038
[57602.362365] PUF Read:0xaaaaaaaa at 0xa000803c
[57602.362426] PUF Read:0xaaaaaaab at 0xa0008040
[57602.362457] PUF Read:0xaaaaeaaa at 0xa0008044
[57602.362457] PUF Read:0xaaaaaaaa at 0xa0008048
[57602.362457] PUF Read:0xaaaaaaa8 at 0xa000804c
[57602.362457] PUF Read:0xa2aaaaaa at 0xa0008050
[57602.362457] PUF Read:0xaaaaa8aa at 0xa0008054
[57602.362457] PUF Read:0xaaaaaa8a at 0xa0008058
[57602.362609] PUF Read:0xaaaaaaaa at 0xa000805c
[57602.362609] PUF Read:0xaaaaaaaa at 0xa0008060
[57602.362609] PUF Read:0xaaaa2aaa at 0xa0008064
[57602.362609] PUF Read:0xaaaaaaaa at 0xa0008068
[57602.362609] PUF Read:0xaaaaaaaa at 0xa000806c
[57602.362731] PUF Read:0xaaaaaaaa at 0xa0008070
[57602.362731] PUF Read:0xaaaaaaaa at 0xa0008074
[57602.362792] PUF Read:0xaaaaaaaa at 0xa0008078
[57602.362823] PUF Read:0xaaabaaaa at 0xa000807c
[57602.362823] PUF Read:0xaaabaaaa at 0xa0008080
[57602.362884] PUF Read:0xaaaaaaaa at 0xa0008084
[57602.362884] PUF Read:0xaaaaaaaa at 0xa0008088
[57602.362884] PUF Read:0xaaaaaaaa at 0xa000808c
[57602.362884] PUF Read:0xaaaa8aaa at 0xa0008090
[57602.362976] PUF Read:0xaaaaaaaa at 0xa0008094
[57602.362976] PUF Read:0x2aabaaab at 0xa0008098
[57602.362976] PUF Read:0xaaaaaaaa at 0xa000809c
[57602.362976] PUF Read:0x8aaaaa2a at 0xa00080a0
[57602.362976] PUF Read:0xaaabaaaa at 0xa00080a4
[57602.362976] PUF Read:0xaa8aaaaa at 0xa00080a8
[57602.363128] PUF Read:0xaaaa8aea at 0xa00080ac
[57602.363128] PUF Read:0xaaaaaaaa at 0xa00080b0
[57602.363128] PUF Read:0x2a2aaaaa at 0xa00080b4
[57602.363128] PUF Read:0xaaaaeaaa at 0xa00080b8
[57602.363220] PUF Read:0x8aaaaaaa at 0xa00080bc
[57602.363220] PUF Read:0xaaaaaaaa at 0xa00080c0
[57602.363281] PUF Read:0xaaaaaaaa at 0xa00080c4
[57602.363311] PUF Read:0xaaa2aaaa at 0xa00080c8
[57602.363311] PUF Read:0xabaaaaaa at 0xa00080cc
[57602.363311] PUF Read:0xeaaeeaaa at 0xa00080d0
[57602.363372] PUF Read:0xaaaa2aaa at 0xa00080d4
[57602.363372] PUF Read:0xaaaa3aaa at 0xa00080d8
[57602.363433] PUF Read:0xaaaaaaaa at 0xa00080dc
[57602.363464] PUF Read:0xabaaaaaa at 0xa00080e0
[57602.363464] PUF Read:0xaaaaaaaa at 0xa00080e4
[57602.363464] PUF Read:0xaaaaaaaa at 0xa00080e8
[57602.363525] PUF Read:0xaaaaaaab at 0xa00080ec
[57602.363525] PUF Read:0x8aaaaaaa at 0xa00080f0
[57602.363586] PUF Read:0xaaaaaaaa at 0xa00080f4
[57602.363616] PUF Read:0xaaaaabaa at 0xa00080f8
[57602.363616] PUF Read:0xaa8aaaaa at 0xa00080fc
[57602.363677] PUF Read:0xaaaaaaaa at 0xa0008100
[57602.363677] PUF Read:0xaaaaaaaa at 0xa0008104
[57602.363677] PUF Read:0xaaa2aaaa at 0xa0008108
[57602.363677] PUF Read:0xaaaaaaaa at 0xa000810c
[57602.363769] PUF Read:0xaaaaaaaa at 0xa0008110
[57602.363769] PUF Read:0xaaea2aaa at 0xa0008114
[57602.363769] PUF Read:0xaaaaaaaa at 0xa0008118
[57602.363769] PUF Read:0xaaaaaaaa at 0xa000811c
[57602.363769] PUF Read:0xaaaaaaaa at 0xa0008120
[57602.363769] PUF Read:0xaaaaaeaa at 0xa0008124
[57602.363922] PUF Read:0xaaaaaaea at 0xa0008128
[57602.363952] PUF Read:0xaaaaaaaa at 0xa000812c
[57602.363952] PUF Read:0xaaaaaaaa at 0xa0008130
[57602.363952] PUF Read:0xaaaaaa2a at 0xa0008134
[57602.364013] PUF Read:0xaa8baaaa at 0xa0008138
[57602.364013] PUF Read:0xaaaaaaaa at 0xa000813c
[57602.364074] PUF Read:0xaaaaaeaa at 0xa0008140
[57602.364105] PUF Read:0xaaaaaaaa at 0xa0008144
[57602.364105] PUF Read:0xaabaaeaa at 0xa0008148
[57602.364105] PUF Read:0xaaaaaaaa at 0xa000814c
[57602.364166] PUF Read:0xaaaaaaaa at 0xa0008150
[57602.364196] PUF Read:0xaaaaaaaa at 0xa0008154
[57602.364196] PUF Read:0xaaaaaaaa at 0xa0008158
[57602.364257] PUF Read:0xaaaaaaea at 0xa000815c
[57602.364288] PUF Read:0xaaaaaaaa at 0xa0008160
[57602.364288] PUF Read:0xaaaaaaaa at 0xa0008164
[57602.364288] PUF Read:0xaeaaaaaa at 0xa0008168
[57602.364349] PUF Read:0xaaeaaaaa at 0xa000816c
[57602.364349] PUF Read:0x2aaaaaaa at 0xa0008170
[57602.364410] PUF Read:0xaabaaaaa at 0xa0008174
[57602.364440] PUF Read:0xaaaaaaaa at 0xa0008178
[57602.364440] PUF Read:0xaaaaaaaa at 0xa000817c
[57602.364440] PUF Read:0xaaaa2a2a at 0xa0008180
[57602.364501] PUF Read:0xaaaaaaaa at 0xa0008184
[57602.364501] PUF Read:0xaa2aaaaa at 0xa0008188
[57602.364562] PUF Read:0xaaaaaaea at 0xa000818c
[57602.364593] PUF Read:0x2aaaaaaa at 0xa0008190
[57602.364593] PUF Read:0xeaaaaaaa at 0xa0008194
[57602.364593] PUF Read:0xaaaaaaaa at 0xa0008198
[57602.364593] PUF Read:0xaaaaaaaa at 0xa000819c
[57602.364593] PUF Read:0xaaaaaaaa at 0xa00081a0
[57602.364593] PUF Read:0xaaaaaaaa at 0xa00081a4
[57602.364746] PUF Read:0xaaa2aaaa at 0xa00081a8
[57602.364746] PUF Read:0xaaaaaaaa at 0xa00081ac
[57602.364746] PUF Read:0xaaebaaaa at 0xa00081b0
[57602.364746] PUF Read:0xaaaaaaaa at 0xa00081b4
[57602.364746] PUF Read:0xaaaaaaaa at 0xa00081b8
[57602.364746] PUF Read:0xa2aaaaaa at 0xa00081bc
[57602.364898] PUF Read:0xaaa8aaaa at 0xa00081c0
[57602.364929] PUF Read:0xaaaaaaae at 0xa00081c4
[57602.364929] PUF Read:0xaaaaaaaa at 0xa00081c8
[57602.364929] PUF Read:0xaa2baaaa at 0xa00081cc
[57602.364990] PUF Read:0xbaaaaaaa at 0xa00081d0
[57602.364990] PUF Read:0xaaaaaa2a at 0xa00081d4
[57602.365051] PUF Read:0xaaaaaaaa at 0xa00081d8
[57602.365081] PUF Read:0xaaaaaaaa at 0xa00081dc
[57602.365081] PUF Read:0xaaaaaaaa at 0xa00081e0
[57602.365081] PUF Read:0xaaaaaaea at 0xa00081e4
[57602.365142] PUF Read:0xaaaaaaaa at 0xa00081e8
[57602.365142] PUF Read:0xaa2aaaaa at 0xa00081ec
[57602.365203] PUF Read:0xaaaaaaab at 0xa00081f0
[57602.365234] PUF Read:0xaaaaaeaa at 0xa00081f4
[57602.365234] PUF Read:0xaaaaaaa2 at 0xa00081f8
[57602.365234] PUF Read:0xaaaaaaaa at 0xa00081fc
[57602.365295] PUF Read:0xaaaaaaaa at 0xa0008200
[57602.365295] PUF Read:0xaaaaaaaa at 0xa0008204
[57602.365356] PUF Read:0xaaaaaaba at 0xa0008208
[57602.365386] PUF Read:0xa8aaaaaa at 0xa000820c
[57602.365386] PUF Read:0xaaaaa2a8 at 0xa0008210
[57602.365386] PUF Read:0xaaaaaaaa at 0xa0008214
[57602.365386] PUF Read:0xaaaaaeaa at 0xa0008218
[57602.365386] PUF Read:0xaaaaaaaa at 0xa000821c
[57602.365386] PUF Read:0xaaaaaaaa at 0xa0008220
[57602.365539] PUF Read:0xaabaaaaa at 0xa0008224
[57602.365539] PUF Read:0xaaaaaaaa at 0xa0008228
[57602.365539] PUF Read:0xaaaaaaaa at 0xa000822c
[57602.365539] PUF Read:0xaaaaaeaa at 0xa0008230
[57602.365539] PUF Read:0x286aaaaa at 0xa0008234
[57602.365539] PUF Read:0xaaaaaaaa at 0xa0008238
[57602.365692] PUF Read:0xaaaaaaaa at 0xa000823c
[57602.365722] PUF Read:0xaaaaaaaa at 0xa0008240
[57602.365722] PUF Read:0xaaaaaaaa at 0xa0008244
[57602.365722] PUF Read:0xaaaaaaaa at 0xa0008248
[57602.365722] PUF Read:0xaaaaaaaa at 0xa000824c
[57602.365814] PUF Read:0xaaaaaaaa at 0xa0008250
[57602.365814] PUF Read:0xaabaaaaa at 0xa0008254
[57602.365875] PUF Read:0xaaaaaaaa at 0xa0008258
[57602.365905] PUF Read:0xaaaeaaaa at 0xa000825c
[57602.365905] PUF Read:0xaaaaaaaa at 0xa0008260
[57602.365905] PUF Read:0xaaaaaaaa at 0xa0008264
[57602.365966] PUF Read:0xaaaa8caa at 0xa0008268
[57602.365966] PUF Read:0xaaaaaaaa at 0xa000826c
[57602.366027] PUF Read:0xaaaaaaaa at 0xa0008270
[57602.366058] PUF Read:0xaaaaaaaa at 0xa0008274
[57602.366058] PUF Read:0xaaaaaaea at 0xa0008278
[57602.366058] PUF Read:0xaaaaaaaa at 0xa000827c
[57602.366119] PUF Read:0xeaaaaaaa at 0xa0008280
[57602.366119] PUF Read:0xa2aaaaaa at 0xa0008284
[57602.366180] PUF Read:0xaaaaaaaa at 0xa0008288
[57602.366210] PUF Read:0xaaaaaaaa at 0xa000828c
[57602.366210] PUF Read:0xaaaaaaa8 at 0xa0008290
[57602.366210] PUF Read:0xa8aaaaaa at 0xa0008294
[57602.366271] PUF Read:0xaaaaaaaa at 0xa0008298
[57602.366271] PUF Read:0xaaaaaaaa at 0xa000829c
[57602.366333] PUF Read:0xaaaaaaaa at 0xa00082a0
[57602.366363] PUF Read:0xaaaabaaa at 0xa00082a4
[57602.366363] PUF Read:0xaaaaaaaa at 0xa00082a8
[57602.366363] PUF Read:0xaaaaaaaa at 0xa00082ac
[57602.366424] PUF Read:0xaaaaaaaa at 0xa00082b0
[57602.366424] PUF Read:0xaaaaaaaa at 0xa00082b4
[57602.366485] PUF Read:0xaaaaaaea at 0xa00082b8
[57602.366516] PUF Read:0xaaaaaaaa at 0xa00082bc
[57602.366516] PUF Read:0xaaaaaaaa at 0xa00082c0
[57602.366516] PUF Read:0xaaaaaaaa at 0xa00082c4
[57602.366516] PUF Read:0xbaaaaaaa at 0xa00082c8
[57602.366516] PUF Read:0xaaaaaaaa at 0xa00082cc
[57602.366516] PUF Read:0xaabaaaaa at 0xa00082d0
[57602.366668] PUF Read:0xaaaaaaaa at 0xa00082d4
[57602.366668] PUF Read:0xaaaaaaaa at 0xa00082d8
[57602.366668] PUF Read:0xaaaaeaaa at 0xa00082dc
[57602.366668] PUF Read:0xaaaaaaaa at 0xa00082e0
[57602.366760] PUF Read:0xaaaaaeaa at 0xa00082e4
[57602.366760] PUF Read:0xaaaaabaa at 0xa00082e8
[57602.366821] PUF Read:0xaaaaaaab at 0xa00082ec
[57602.366851] PUF Read:0xaaaaaaaa at 0xa00082f0
[57602.366851] PUF Read:0xaaaaaaaa at 0xa00082f4
[57602.366851] PUF Read:0xaaaaaaaa at 0xa00082f8
[57602.366912] PUF Read:0xaaaaaaaa at 0xa00082fc
[57602.366912] PUF Read:0xaaaaaaaa at 0xa0008300
[57602.366912] PUF Read:0xaaaaaaaa at 0xa0008304
[57602.367004] PUF Read:0xaaaa8aaa at 0xa0008308
[57602.367004] PUF Read:0xaaaaaaaa at 0xa000830c
[57602.367004] PUF Read:0xaaaaaa8a at 0xa0008310
[57602.367004] PUF Read:0xaaaaaaaa at 0xa0008314
[57602.367004] PUF Read:0x2baaaaaa at 0xa0008318
[57602.367004] PUF Read:0xbaaaaaaa at 0xa000831c
[57602.367156] PUF Read:0xaaaa8aaa at 0xa0008320
[57602.367156] PUF Read:0xaaaaaaaa at 0xa0008324
[57602.367156] PUF Read:0xaaaaaaaa at 0xa0008328
[57602.367156] PUF Read:0xaa8aaaaa at 0xa000832c
[57602.367156] PUF Read:0xaaaaaaae at 0xa0008330
[57602.367156] PUF Read:0xaaaaaaaa at 0xa0008334
[57602.367156] PUF Read:0xaaaaaaaa at 0xa0008338
[57602.367340] PUF Read:0xaaaaaaaa at 0xa000833c
[57602.367340] PUF Read:0xbaaaaaaa at 0xa0008340
[57602.367340] PUF Read:0xaaaaaa2b at 0xa0008344
[57602.367340] PUF Read:0xaaaaaaaa at 0xa0008348
[57602.367431] PUF Read:0xaaaaaaaa at 0xa000834c
[57602.367431] PUF Read:0xaaaa8a8a at 0xa0008350
[57602.367492] PUF Read:0x8aaaaaaa at 0xa0008354
[57602.367523] PUF Read:0xaaaaaaaa at 0xa0008358
[57602.367523] PUF Read:0xaaaaaaaa at 0xa000835c
[57602.367523] PUF Read:0xaaabaaaa at 0xa0008360
[57602.367584] PUF Read:0xaaaaaa2a at 0xa0008364
[57602.367584] PUF Read:0xaaaaaaaa at 0xa0008368
[57602.367645] PUF Read:0xaaaaaeaa at 0xa000836c
[57602.367675] PUF Read:0xaaaaaaaa at 0xa0008370
[57602.367675] PUF Read:0xaaaaaaaa at 0xa0008374
[57602.367675] PUF Read:0xaaaa8aaa at 0xa0008378
[57602.367736] PUF Read:0xaaaaaaaa at 0xa000837c
[57602.367736] PUF Read:0xaaaaaaaa at 0xa0008380
[57602.367797] PUF Read:0xaaaaaaaa at 0xa0008384
[57602.367828] PUF Read:0xaaaaaaaa at 0xa0008388
[57602.367828] PUF Read:0xaaaaaaaa at 0xa000838c
[57602.367828] PUF Read:0xaaaaaaab at 0xa0008390
[57602.367828] PUF Read:0xaaaaabaa at 0xa0008394
[57602.367828] PUF Read:0xaaaaaaaa at 0xa0008398
[57602.367828] PUF Read:0xaaa2aaaa at 0xa000839c
[57602.367980] PUF Read:0xaaaaaaaa at 0xa00083a0
[57602.367980] PUF Read:0xaaaaaaaa at 0xa00083a4
[57602.367980] PUF Read:0xaaaaaaaa at 0xa00083a8
[57602.367980] PUF Read:0xaaaabaaa at 0xa00083ac
[57602.367980] PUF Read:0xaaaaaaa2 at 0xa00083b0
[57602.367980] PUF Read:0xaaaaaaaa at 0xa00083b4
[57602.368133] PUF Read:0xaaaaaaaa at 0xa00083b8
[57602.368133] PUF Read:0xaaaaaaaa at 0xa00083bc
[57602.368133] PUF Read:0xaaaaaaaa at 0xa00083c0
[57602.368133] PUF Read:0xaeaaaaaa at 0xa00083c4
[57602.368225] PUF Read:0xaaaaaaaa at 0xa00083c8
[57602.368225] PUF Read:0xaaa2aaaa at 0xa00083cc
[57602.368286] PUF Read:0xaaaaaaaa at 0xa00083d0
[57602.368316] PUF Read:0xaaabaaaa at 0xa00083d4
[57602.368316] PUF Read:0xaaaaaaaa at 0xa00083d8
[57602.368316] PUF Read:0xaaaaaaaa at 0xa00083dc
[57602.368377] PUF Read:0xaabeaaa8 at 0xa00083e0
[57602.368377] PUF Read:0xba2aa8aa at 0xa00083e4
[57602.368438] PUF Read:0xaaaaaa2a at 0xa00083e8
[57602.368469] PUF Read:0xaaaaaaaa at 0xa00083ec
[57602.368469] PUF Read:0xaaaaaeaa at 0xa00083f0
[57602.368469] PUF Read:0xaaaaaaaa at 0xa00083f4
[57602.368530] PUF Read:0xaaaaaaae at 0xa00083f8
[57602.368530] PUF Read:0x8aaeaaaa at 0xa00083fc
[57602.368591] [i] Finished PUF read-out
[57602.368591] <6>[i] Finished PUF query for decaytime: 15360
[57602.368591] End measurement:18
[57602.368621] [i] Start measurement: 19
[57602.368621] [i] Start decaytime: 60
[57602.368621] EMIF 2 REG Write 0x80000000 at 0x4d000010
[57602.368652] EMIF 2 REG Read 0x80000000 at 0x4d000010
[57602.368652] EMIF 2 REG Write 0x80000000 at 0x4d000014
[57602.368682] EMIF 2 REG Read 0x00000000 at 0x4d000014
[57602.368682] EMIF 2 REG Write 0x08016893 at 0x4d0000cc
[57602.368713] EMIF 2 REG Read 0x08016893 at 0x4d0000cc
[57602.368713] Temp polling alert disabled
[57602.368713] Refresh Disabled at EMIF2
[57602.368743] [i] Initialiting PUF & hammer rows
[57602.368743] [i] Single-Sided Rowhammer (SSRH)
[57602.376434] [i] Finished initialiting PUF & hammer rows
[57602.376434] [i]	Timer elapsed since its reset 0 sec
[57602.376434] [i] Decay: 60 sec
[57602.376464] [i]	Relative Decay: 0 msec
