[  989.714752] [i] Total hammer attempts per row: 3724901
[  989.714752] EMIF 2 REG Write 0x00000618 at 0x4d000010
[  989.714782] EMIF 2 REG Read 0x00000618 at 0x4d000010
[  989.714782] EMIF 2 REG Write 0x00000618 at 0x4d000014
[  989.714813] EMIF 2 REG Read 0x00000618 at 0x4d000014
[  989.714813] EMIF 2 REG Write 0x58016893 at 0x4d0000cc
[  989.714843] EMIF 2 REG Read 0x58016893 at 0x4d0000cc
[  989.714843] Temp polling alert enabled
[  989.714843] Refresh enabled at EMIF2
[  989.714874] [i] Starting PUF read-out
[  989.714874] [i] Single-Sided Rowhammer (SSRH)
[  989.714904] PUF Read:0x00000010 at 0xa0008000
[  989.714904] PUF Read:0x00000400 at 0xa0008004
[  989.714904] PUF Read:0x00000000 at 0xa0008008
[  989.714965] PUF Read:0x00000000 at 0xa000800c
[  989.714965] PUF Read:0x00000000 at 0xa0008010
[  989.714965] PUF Read:0x00000100 at 0xa0008014
[  989.715057] PUF Read:0x00000000 at 0xa0008018
[  989.715087] PUF Read:0x10000000 at 0xa000801c
[  989.715087] PUF Read:0x00000000 at 0xa0008020
[  989.715087] PUF Read:0x40004000 at 0xa0008024
[  989.715148] PUF Read:0x00004000 at 0xa0008028
[  989.715148] PUF Read:0x00000010 at 0xa000802c
[  989.715209] PUF Read:0x40000000 at 0xa0008030
[  989.715240] PUF Read:0x04000000 at 0xa0008034
[  989.715240] PUF Read:0x00000000 at 0xa0008038
[  989.715301] PUF Read:0x00000000 at 0xa000803c
[  989.715301] PUF Read:0x00000001 at 0xa0008040
[  989.715301] PUF Read:0x00004000 at 0xa0008044
[  989.715362] PUF Read:0x00000000 at 0xa0008048
[  989.715393] PUF Read:0x00000000 at 0xa000804c
[  989.715393] PUF Read:0x00000000 at 0xa0008050
[  989.715393] PUF Read:0x00000000 at 0xa0008054
[  989.715454] PUF Read:0x00000000 at 0xa0008058
[  989.715454] PUF Read:0x00000000 at 0xa000805c
[  989.715515] PUF Read:0x00000000 at 0xa0008060
[  989.715545] PUF Read:0x00000000 at 0xa0008064
[  989.715545] PUF Read:0x00000000 at 0xa0008068
[  989.715545] PUF Read:0x00000000 at 0xa000806c
[  989.715606] PUF Read:0x00000000 at 0xa0008070
[  989.715606] PUF Read:0x00000000 at 0xa0008074
[  989.715667] PUF Read:0x00000000 at 0xa0008078
[  989.715667] PUF Read:0x00010000 at 0xa000807c
[  989.715667] PUF Read:0x00010000 at 0xa0008080
[  989.715667] PUF Read:0x00000000 at 0xa0008084
[  989.715667] PUF Read:0x00000000 at 0xa0008088
[  989.715667] PUF Read:0x00000000 at 0xa000808c
[  989.715820] PUF Read:0x00000000 at 0xa0008090
[  989.715820] PUF Read:0x10000000 at 0xa0008094
[  989.715820] PUF Read:0x00010001 at 0xa0008098
[  989.715820] PUF Read:0x00000000 at 0xa000809c
[  989.715820] PUF Read:0x00000000 at 0xa00080a0
[  989.715820] PUF Read:0x00010000 at 0xa00080a4
[  989.715972] PUF Read:0x00000001 at 0xa00080a8
[  989.715972] PUF Read:0x00000041 at 0xa00080ac
[  989.716033] PUF Read:0x00000000 at 0xa00080b0
[  989.716033] PUF Read:0x00000000 at 0xa00080b4
[  989.716033] PUF Read:0x00004000 at 0xa00080b8
[  989.716094] PUF Read:0x00000000 at 0xa00080bc
[  989.716125] PUF Read:0x00000400 at 0xa00080c0
[  989.716125] PUF Read:0x00000000 at 0xa00080c4
[  989.716125] PUF Read:0x10000000 at 0xa00080c8
[  989.716186] PUF Read:0x01000000 at 0xa00080cc
[  989.716186] PUF Read:0x40044000 at 0xa00080d0
[  989.716247] PUF Read:0x00000000 at 0xa00080d4
[  989.716278] PUF Read:0x00001000 at 0xa00080d8
[  989.716278] PUF Read:0x00000000 at 0xa00080dc
[  989.716278] PUF Read:0x01000000 at 0xa00080e0
[  989.716339] PUF Read:0x00000000 at 0xa00080e4
[  989.716339] PUF Read:0x00000000 at 0xa00080e8
[  989.716400] PUF Read:0x00000001 at 0xa00080ec
[  989.716430] PUF Read:0x00000000 at 0xa00080f0
[  989.716430] PUF Read:0x00000000 at 0xa00080f4
[  989.716430] PUF Read:0x00000100 at 0xa00080f8
[  989.716491] PUF Read:0x00000000 at 0xa00080fc
[  989.716491] PUF Read:0x00000000 at 0xa0008100
[  989.716552] PUF Read:0x00000000 at 0xa0008104
[  989.716583] PUF Read:0x00000000 at 0xa0008108
[  989.716583] PUF Read:0x00000000 at 0xa000810c
[  989.716583] PUF Read:0x00000000 at 0xa0008110
[  989.716644] PUF Read:0x00400000 at 0xa0008114
[  989.716644] PUF Read:0x00000000 at 0xa0008118
[  989.716705] PUF Read:0x00000000 at 0xa000811c
[  989.716735] PUF Read:0x00000000 at 0xa0008120
[  989.716735] PUF Read:0x00000400 at 0xa0008124
[  989.716735] PUF Read:0x00000000 at 0xa0008128
[  989.716796] PUF Read:0x00000000 at 0xa000812c
[  989.716796] PUF Read:0x00000000 at 0xa0008130
[  989.716857] PUF Read:0x00000000 at 0xa0008134
[  989.716888] PUF Read:0x00010000 at 0xa0008138
[  989.716888] PUF Read:0x00000000 at 0xa000813c
[  989.716888] PUF Read:0x00000400 at 0xa0008140
[  989.716888] PUF Read:0x00000000 at 0xa0008144
[  989.716888] PUF Read:0x00100400 at 0xa0008148
[  989.717010] PUF Read:0x00000000 at 0xa000814c
[  989.717010] PUF Read:0x00000000 at 0xa0008150
[  989.717010] PUF Read:0x00000000 at 0xa0008154
[  989.717010] PUF Read:0x00000000 at 0xa0008158
[  989.717010] PUF Read:0x00100040 at 0xa000815c
[  989.717010] PUF Read:0x00001000 at 0xa0008160
[  989.717163] PUF Read:0x00000000 at 0xa0008164
[  989.717163] PUF Read:0x04000000 at 0xa0008168
[  989.717163] PUF Read:0x00400000 at 0xa000816c
[  989.717163] PUF Read:0x00000000 at 0xa0008170
[  989.717163] PUF Read:0x00100000 at 0xa0008174
[  989.717163] PUF Read:0x00000000 at 0xa0008178
[  989.717315] PUF Read:0x00004000 at 0xa000817c
[  989.717315] PUF Read:0x00000000 at 0xa0008180
[  989.717315] PUF Read:0x00000000 at 0xa0008184
[  989.717315] PUF Read:0x00040000 at 0xa0008188
[  989.717315] PUF Read:0x00000440 at 0xa000818c
[  989.717437] PUF Read:0x00000000 at 0xa0008190
[  989.717468] PUF Read:0x40000000 at 0xa0008194
[  989.717468] PUF Read:0x00000000 at 0xa0008198
[  989.717468] PUF Read:0x00000000 at 0xa000819c
[  989.717529] PUF Read:0x00000000 at 0xa00081a0
[  989.717529] PUF Read:0x00000000 at 0xa00081a4
[  989.717590] PUF Read:0x00000000 at 0xa00081a8
[  989.717620] PUF Read:0x00000000 at 0xa00081ac
[  989.717620] PUF Read:0x00410000 at 0xa00081b0
[  989.717620] PUF Read:0x00000000 at 0xa00081b4
[  989.717681] PUF Read:0x00000000 at 0xa00081b8
[  989.717681] PUF Read:0x00100000 at 0xa00081bc
[  989.717742] PUF Read:0x00000000 at 0xa00081c0
[  989.717742] PUF Read:0x00000004 at 0xa00081c4
[  989.717742] PUF Read:0x00000000 at 0xa00081c8
[  989.717742] PUF Read:0x00010000 at 0xa00081cc
[  989.717742] PUF Read:0x10000000 at 0xa00081d0
[  989.717864] PUF Read:0x00000000 at 0xa00081d4
[  989.717895] PUF Read:0x00000000 at 0xa00081d8
[  989.717895] PUF Read:0x00000000 at 0xa00081dc
[  989.717895] PUF Read:0x00000000 at 0xa00081e0
[  989.717895] PUF Read:0x00000040 at 0xa00081e4
[  989.717895] PUF Read:0x00000000 at 0xa00081e8
[  989.717895] PUF Read:0x00000000 at 0xa00081ec
[  989.718048] PUF Read:0x00000001 at 0xa00081f0
[  989.718048] PUF Read:0x00000400 at 0xa00081f4
[  989.718048] PUF Read:0x00000000 at 0xa00081f8
[  989.718048] PUF Read:0x00000040 at 0xa00081fc
[  989.718048] PUF Read:0x00000000 at 0xa0008200
[  989.718170] PUF Read:0x00000000 at 0xa0008204
[  989.718200] PUF Read:0x00000010 at 0xa0008208
[  989.718200] PUF Read:0x00000000 at 0xa000820c
[  989.718261] PUF Read:0x00000000 at 0xa0008210
[  989.718261] PUF Read:0x00000000 at 0xa0008214
[  989.718261] PUF Read:0x00000400 at 0xa0008218
[  989.718322] PUF Read:0x00000000 at 0xa000821c
[  989.718353] PUF Read:0x00000000 at 0xa0008220
[  989.718353] PUF Read:0x00100000 at 0xa0008224
[  989.718353] PUF Read:0x00000000 at 0xa0008228
[  989.718414] PUF Read:0x00000000 at 0xa000822c
[  989.718414] PUF Read:0x00000500 at 0xa0008230
[  989.718475] PUF Read:0x00400000 at 0xa0008234
[  989.718505] PUF Read:0x00000000 at 0xa0008238
[  989.718505] PUF Read:0x00000000 at 0xa000823c
[  989.718505] PUF Read:0x00000000 at 0xa0008240
[  989.718566] PUF Read:0x00000000 at 0xa0008244
[  989.718566] PUF Read:0x00000000 at 0xa0008248
[  989.718627] PUF Read:0x00000000 at 0xa000824c
[  989.718627] PUF Read:0x00000000 at 0xa0008250
[  989.718627] PUF Read:0x00100000 at 0xa0008254
[  989.718627] PUF Read:0x00000000 at 0xa0008258
[  989.718627] PUF Read:0x04040000 at 0xa000825c
[  989.718750] PUF Read:0x00000000 at 0xa0008260
[  989.718780] PUF Read:0x00000000 at 0xa0008264
[  989.718780] PUF Read:0x00000400 at 0xa0008268
[  989.718780] PUF Read:0x40000000 at 0xa000826c
[  989.718841] PUF Read:0x00000000 at 0xa0008270
[  989.718841] PUF Read:0x00000000 at 0xa0008274
[  989.718902] PUF Read:0x00000040 at 0xa0008278
[  989.718933] PUF Read:0x00000000 at 0xa000827c
[  989.718933] PUF Read:0x40000000 at 0xa0008280
[  989.718933] PUF Read:0x00000000 at 0xa0008284
[  989.718994] PUF Read:0x00400000 at 0xa0008288
[  989.718994] PUF Read:0x00000000 at 0xa000828c
[  989.719055] PUF Read:0x00000000 at 0xa0008290
[  989.719085] PUF Read:0x00000000 at 0xa0008294
[  989.719085] PUF Read:0x00000000 at 0xa0008298
[  989.719085] PUF Read:0x00000000 at 0xa000829c
[  989.719146] PUF Read:0x00000000 at 0xa00082a0
[  989.719146] PUF Read:0x00001000 at 0xa00082a4
[  989.719207] PUF Read:0x00000000 at 0xa00082a8
[  989.719238] PUF Read:0x00000000 at 0xa00082ac
[  989.719238] PUF Read:0x00000000 at 0xa00082b0
[  989.719238] PUF Read:0x00000000 at 0xa00082b4
[  989.719299] PUF Read:0x00000040 at 0xa00082b8
[  989.719299] PUF Read:0x00000000 at 0xa00082bc
[  989.719360] PUF Read:0x00000000 at 0xa00082c0
[  989.719390] PUF Read:0x00000000 at 0xa00082c4
[  989.719390] PUF Read:0x10000000 at 0xa00082c8
[  989.719390] PUF Read:0x00000000 at 0xa00082cc
[  989.719451] PUF Read:0x00100000 at 0xa00082d0
[  989.719451] PUF Read:0x00000000 at 0xa00082d4
[  989.719512] PUF Read:0x40000000 at 0xa00082d8
[  989.719543] PUF Read:0x00004000 at 0xa00082dc
[  989.719543] PUF Read:0x00000000 at 0xa00082e0
[  989.719543] PUF Read:0x00000400 at 0xa00082e4
[  989.719604] PUF Read:0x00000100 at 0xa00082e8
[  989.719604] PUF Read:0x00000001 at 0xa00082ec
[  989.719665] PUF Read:0x00000001 at 0xa00082f0
[  989.719696] PUF Read:0x00000000 at 0xa00082f4
[  989.719696] PUF Read:0x00000000 at 0xa00082f8
[  989.719696] PUF Read:0x00000000 at 0xa00082fc
[  989.719757] PUF Read:0x00000000 at 0xa0008300
[  989.719757] PUF Read:0x00000000 at 0xa0008304
[  989.719818] PUF Read:0x00000000 at 0xa0008308
[  989.719818] PUF Read:0x00000000 at 0xa000830c
[  989.719818] PUF Read:0x00000000 at 0xa0008310
[  989.719818] PUF Read:0x00000000 at 0xa0008314
[  989.719818] PUF Read:0x01400000 at 0xa0008318
[  989.719818] PUF Read:0x10000000 at 0xa000831c
[  989.719970] PUF Read:0x00000000 at 0xa0008320
[  989.719970] PUF Read:0x00000000 at 0xa0008324
[  989.720031] PUF Read:0x00000000 at 0xa0008328
[  989.720031] PUF Read:0x00010000 at 0xa000832c
[  989.720031] PUF Read:0x00000004 at 0xa0008330
[  989.720092] PUF Read:0x00000000 at 0xa0008334
[  989.720123] PUF Read:0x00001000 at 0xa0008338
[  989.720123] PUF Read:0x00000000 at 0xa000833c
[  989.720123] PUF Read:0x10000100 at 0xa0008340
[  989.720184] PUF Read:0x00000001 at 0xa0008344
[  989.720184] PUF Read:0x00000000 at 0xa0008348
[  989.720245] PUF Read:0x00000100 at 0xa000834c
[  989.720275] PUF Read:0x00000000 at 0xa0008350
[  989.720275] PUF Read:0x00000000 at 0xa0008354
[  989.720275] PUF Read:0x00000000 at 0xa0008358
[  989.720336] PUF Read:0x00000000 at 0xa000835c
[  989.720336] PUF Read:0x00010000 at 0xa0008360
[  989.720397] PUF Read:0x00000000 at 0xa0008364
[  989.720428] PUF Read:0x00000000 at 0xa0008368
[  989.720428] PUF Read:0x00000400 at 0xa000836c
[  989.720428] PUF Read:0x00000000 at 0xa0008370
[  989.720428] PUF Read:0x00000000 at 0xa0008374
[  989.720428] PUF Read:0x40000000 at 0xa0008378
[  989.720550] PUF Read:0x00000000 at 0xa000837c
[  989.720550] PUF Read:0x00000000 at 0xa0008380
[  989.720611] PUF Read:0x00000000 at 0xa0008384
[  989.720611] PUF Read:0x00000000 at 0xa0008388
[  989.720611] PUF Read:0x00000000 at 0xa000838c
[  989.720672] PUF Read:0x00000001 at 0xa0008390
[  989.720703] PUF Read:0x00000100 at 0xa0008394
[  989.720703] PUF Read:0x00000000 at 0xa0008398
[  989.720703] PUF Read:0x00000000 at 0xa000839c
[  989.720764] PUF Read:0x00000000 at 0xa00083a0
[  989.720764] PUF Read:0x00000000 at 0xa00083a4
[  989.720825] PUF Read:0x00000000 at 0xa00083a8
[  989.720855] PUF Read:0x00001000 at 0xa00083ac
[  989.720855] PUF Read:0x00000000 at 0xa00083b0
[  989.720855] PUF Read:0x00000000 at 0xa00083b4
[  989.720916] PUF Read:0x00000000 at 0xa00083b8
[  989.720916] PUF Read:0x00000000 at 0xa00083bc
[  989.720977] PUF Read:0x00000000 at 0xa00083c0
[  989.721008] PUF Read:0x04000000 at 0xa00083c4
[  989.721008] PUF Read:0x00000000 at 0xa00083c8
[  989.721008] PUF Read:0x00000000 at 0xa00083cc
[  989.721069] PUF Read:0x00000000 at 0xa00083d0
[  989.721069] PUF Read:0x00010000 at 0xa00083d4
[  989.721130] PUF Read:0x00000000 at 0xa00083d8
[  989.721160] PUF Read:0x00000000 at 0xa00083dc
[  989.721160] PUF Read:0x00140000 at 0xa00083e0
[  989.721221] PUF Read:0x10000000 at 0xa00083e4
[  989.721252] PUF Read:0x00000000 at 0xa00083e8
[  989.721252] PUF Read:0x00000000 at 0xa00083ec
[  989.721252] PUF Read:0x00000400 at 0xa00083f0
[  989.721252] PUF Read:0x04000000 at 0xa00083f4
[  989.721374] PUF Read:0x00000004 at 0xa00083f8
[  989.721374] PUF Read:0x00040000 at 0xa00083fc
[  989.721435] [i] Finished PUF read-out
[  989.721435] <6>[i] Finished PUF query for decaytime: 15360
[  989.721435] End measurement:4
[  989.721466] [i] Start measurement: 5
[  989.721466] [i] Start decaytime: 60
[  989.721466] EMIF 2 REG Write 0x80000000 at 0x4d000010
[  989.721496] EMIF 2 REG Read 0x80000000 at 0x4d000010
[  989.721496] EMIF 2 REG Write 0x80000000 at 0x4d000014
[  989.721527] EMIF 2 REG Read 0x00000000 at 0x4d000014
[  989.721527] EMIF 2 REG Write 0x08016893 at 0x4d0000cc
[  989.721557] EMIF 2 REG Read 0x08016893 at 0x4d0000cc
[  989.721557] Temp polling alert disabled
[  989.721557] Refresh Disabled at EMIF2
[  989.721588] [i] Initialiting PUF & hammer rows
[  989.721588] [i] Single-Sided Rowhammer (SSRH)
[  989.728271] [i] Finished initialiting PUF & hammer rows
[  989.728271] [i]	Timer elapsed since its reset 0 sec
[  989.728271] [i] Decay: 60 sec
[  989.728302] [i]	Relative Decay: 0 msec
