[67580.697784] [i] Total hammer attempts per row: 1863822
[67580.697784] EMIF 2 REG Write 0x00000618 at 0x4d000010
[67580.698791] EMIF 2 REG Read 0x00000618 at 0x4d000010
[67580.698791] EMIF 2 REG Write 0x00000618 at 0x4d000014
[67580.698822] EMIF 2 REG Read 0x00000618 at 0x4d000014
[67580.698822] EMIF 2 REG Write 0x58016893 at 0x4d0000cc
[67580.698852] EMIF 2 REG Read 0x58016893 at 0x4d0000cc
[67580.698852] Temp polling alert enabled
[67580.698852] Refresh enabled at EMIF2
[67580.698883] [i] Starting PUF read-out
[67580.698883] [i] Single-Sided Rowhammer (SSRH)
[67580.698913] PUF Read:0xaaaaaaaa at 0xa0008000
[67580.698913] PUF Read:0xaaaaaaaa at 0xa0008004
[67580.698974] PUF Read:0xaaaaaaaa at 0xa0008008
[67580.698974] PUF Read:0xaaaaaaaa at 0xa000800c
[67580.698974] PUF Read:0xaaaaaaaa at 0xa0008010
[67580.698974] PUF Read:0xaaaaabaa at 0xa0008014
[67580.699066] PUF Read:0xaaaaaaaa at 0xa0008018
[67580.699096] PUF Read:0xaaaaaaaa at 0xa000801c
[67580.699096] PUF Read:0xaaaaaaaa at 0xa0008020
[67580.699096] PUF Read:0xaaaaaaaa at 0xa0008024
[67580.699157] PUF Read:0xaaaaaaaa at 0xa0008028
[67580.699157] PUF Read:0xaaaaaaaa at 0xa000802c
[67580.699157] PUF Read:0xaaaaaaaa at 0xa0008030
[67580.699249] PUF Read:0xaaaaaaaa at 0xa0008034
[67580.699249] PUF Read:0xaaaaaaaa at 0xa0008038
[67580.699249] PUF Read:0xaaaaaaaa at 0xa000803c
[67580.699249] PUF Read:0xaaaaaaab at 0xa0008040
[67580.699340] PUF Read:0xaaaaeaaa at 0xa0008044
[67580.699340] PUF Read:0xaaaaaaaa at 0xa0008048
[67580.699401] PUF Read:0xaaaaaaaa at 0xa000804c
[67580.699432] PUF Read:0xaaaaaaaa at 0xa0008050
[67580.699432] PUF Read:0xaaaaaaaa at 0xa0008054
[67580.699432] PUF Read:0xaaaaaaaa at 0xa0008058
[67580.699493] PUF Read:0xaaaaaaaa at 0xa000805c
[67580.699493] PUF Read:0xaaaaaaaa at 0xa0008060
[67580.699554] PUF Read:0xaaaaaaaa at 0xa0008064
[67580.699584] PUF Read:0xaaaaaaaa at 0xa0008068
[67580.699584] PUF Read:0xaaaaaaaa at 0xa000806c
[67580.699645] PUF Read:0xaaaaaaaa at 0xa0008070
[67580.699645] PUF Read:0xaaaaaaaa at 0xa0008074
[67580.699645] PUF Read:0xaaaaaaaa at 0xa0008078
[67580.699707] PUF Read:0xaaaaaaaa at 0xa000807c
[67580.699737] PUF Read:0xaaaaaaaa at 0xa0008080
[67580.699737] PUF Read:0xaaaaaaaa at 0xa0008084
[67580.699798] PUF Read:0xaaaaaaaa at 0xa0008088
[67580.699798] PUF Read:0xaaaaaaaa at 0xa000808c
[67580.699798] PUF Read:0xaaaa8aaa at 0xa0008090
[67580.699798] PUF Read:0xaaaaaaaa at 0xa0008094
[67580.699890] PUF Read:0xaaabaaaa at 0xa0008098
[67580.699890] PUF Read:0xaaaaaaaa at 0xa000809c
[67580.699890] PUF Read:0xaaaaaaaa at 0xa00080a0
[67580.699890] PUF Read:0xaaaaaaaa at 0xa00080a4
[67580.699890] PUF Read:0xaaaaaaaa at 0xa00080a8
[67580.699890] PUF Read:0xaaaaaaaa at 0xa00080ac
[67580.700042] PUF Read:0xaaaaaaaa at 0xa00080b0
[67580.700042] PUF Read:0xaa2aaaaa at 0xa00080b4
[67580.700042] PUF Read:0xaaaaaaaa at 0xa00080b8
[67580.700042] PUF Read:0x8aaaaaaa at 0xa00080bc
[67580.700042] PUF Read:0xaaaaaaaa at 0xa00080c0
[67580.700042] PUF Read:0xaaaaaaaa at 0xa00080c4
[67580.700195] PUF Read:0xaaa2aaaa at 0xa00080c8
[67580.700195] PUF Read:0xaaaaaaaa at 0xa00080cc
[67580.700195] PUF Read:0xaaaaaaaa at 0xa00080d0
[67580.700195] PUF Read:0xaaaaaaaa at 0xa00080d4
[67580.700195] PUF Read:0xaaaaaaaa at 0xa00080d8
[67580.700195] PUF Read:0xaaaaaaaa at 0xa00080dc
[67580.700347] PUF Read:0xaaaaaaaa at 0xa00080e0
[67580.700347] PUF Read:0xaaaaaaaa at 0xa00080e4
[67580.700347] PUF Read:0xaaaaaaaa at 0xa00080e8
[67580.700347] PUF Read:0xaaaaaaab at 0xa00080ec
[67580.700347] PUF Read:0x8aaaaaaa at 0xa00080f0
[67580.700347] PUF Read:0xaaaaaaaa at 0xa00080f4
[67580.700500] PUF Read:0xaaaaaaaa at 0xa00080f8
[67580.700531] PUF Read:0xaaaaaaaa at 0xa00080fc
[67580.700531] PUF Read:0xaaaaaaaa at 0xa0008100
[67580.700531] PUF Read:0xaaaaaaaa at 0xa0008104
[67580.700592] PUF Read:0xaaaaaaaa at 0xa0008108
[67580.700592] PUF Read:0xaaaaaaaa at 0xa000810c
[67580.700653] PUF Read:0xaaaaaaaa at 0xa0008110
[67580.700683] PUF Read:0xaaaaaaaa at 0xa0008114
[67580.700683] PUF Read:0xaaaaaaaa at 0xa0008118
[67580.700683] PUF Read:0xaaaaaaaa at 0xa000811c
[67580.700744] PUF Read:0xaaaaaaaa at 0xa0008120
[67580.700744] PUF Read:0xaaaaaaaa at 0xa0008124
[67580.700805] PUF Read:0xaaaaaaaa at 0xa0008128
[67580.700836] PUF Read:0xaaaaaaaa at 0xa000812c
[67580.700836] PUF Read:0xaaaaaaaa at 0xa0008130
[67580.700836] PUF Read:0xaaaaaaaa at 0xa0008134
[67580.700897] PUF Read:0xaa8aaaaa at 0xa0008138
[67580.700897] PUF Read:0xaaaaaaaa at 0xa000813c
[67580.700958] PUF Read:0xaaaaaaaa at 0xa0008140
[67580.700988] PUF Read:0xaaaaaaaa at 0xa0008144
[67580.700988] PUF Read:0xaabaaeaa at 0xa0008148
[67580.700988] PUF Read:0xaaaaaaaa at 0xa000814c
[67580.701049] PUF Read:0xaaaaaaaa at 0xa0008150
[67580.701049] PUF Read:0xaaaaaaaa at 0xa0008154
[67580.701110] PUF Read:0xaaaaaaaa at 0xa0008158
[67580.701141] PUF Read:0xaaaaaaea at 0xa000815c
[67580.701141] PUF Read:0xaaaaaaaa at 0xa0008160
[67580.701141] PUF Read:0xaaaaaaaa at 0xa0008164
[67580.701202] PUF Read:0xaaaaaaaa at 0xa0008168
[67580.701202] PUF Read:0xaaaaaaaa at 0xa000816c
[67580.701202] PUF Read:0xaaaaaaaa at 0xa0008170
[67580.701293] PUF Read:0xaaaaaaaa at 0xa0008174
[67580.701324] PUF Read:0xaaaaaaaa at 0xa0008178
[67580.701324] PUF Read:0xaaaaaaaa at 0xa000817c
[67580.701324] PUF Read:0xaaaa2a2a at 0xa0008180
[67580.701385] PUF Read:0xaaaaaaaa at 0xa0008184
[67580.701385] PUF Read:0xaaaaaaaa at 0xa0008188
[67580.701446] PUF Read:0xaaaaaaaa at 0xa000818c
[67580.701477] PUF Read:0xaaaaaaaa at 0xa0008190
[67580.701477] PUF Read:0xaaaaaaaa at 0xa0008194
[67580.701477] PUF Read:0xaaaaaaaa at 0xa0008198
[67580.701477] PUF Read:0xaaaaaaaa at 0xa000819c
[67580.701477] PUF Read:0xaaaaaaaa at 0xa00081a0
[67580.701477] PUF Read:0xaaaaaaaa at 0xa00081a4
[67580.701629] PUF Read:0xaaaaaaaa at 0xa00081a8
[67580.701629] PUF Read:0xaaaaaaaa at 0xa00081ac
[67580.701629] PUF Read:0xaaeaaaaa at 0xa00081b0
[67580.701629] PUF Read:0xaaaaaaaa at 0xa00081b4
[67580.701629] PUF Read:0xaaaaaaaa at 0xa00081b8
[67580.701629] PUF Read:0xaaaaaaaa at 0xa00081bc
[67580.701782] PUF Read:0xaaaaaaaa at 0xa00081c0
[67580.701812] PUF Read:0xaaaaaaae at 0xa00081c4
[67580.701812] PUF Read:0xaaaaaaaa at 0xa00081c8
[67580.701812] PUF Read:0xaaaaaaaa at 0xa00081cc
[67580.701873] PUF Read:0xbaaaaaaa at 0xa00081d0
[67580.701873] PUF Read:0xaaaaaaaa at 0xa00081d4
[67580.701934] PUF Read:0xaaaaaaaa at 0xa00081d8
[67580.701965] PUF Read:0xaaaaaaaa at 0xa00081dc
[67580.701965] PUF Read:0xaaaaaaaa at 0xa00081e0
[67580.701965] PUF Read:0xaaaaaaea at 0xa00081e4
[67580.702026] PUF Read:0xaaaaaaaa at 0xa00081e8
[67580.702026] PUF Read:0xaa2aaaaa at 0xa00081ec
[67580.702087] PUF Read:0xaaaaaaaa at 0xa00081f0
[67580.702117] PUF Read:0xaaaaaeaa at 0xa00081f4
[67580.702117] PUF Read:0xaaaaaaa2 at 0xa00081f8
[67580.702178] PUF Read:0xaaaaaaaa at 0xa00081fc
[67580.702178] PUF Read:0xaaaaaaaa at 0xa0008200
[67580.702178] PUF Read:0xaaaaaaaa at 0xa0008204
[67580.702178] PUF Read:0xaaaaaaaa at 0xa0008208
[67580.702270] PUF Read:0xa8aaaaaa at 0xa000820c
[67580.702270] PUF Read:0xaaaaaaaa at 0xa0008210
[67580.702270] PUF Read:0xaaaaaaaa at 0xa0008214
[67580.702270] PUF Read:0xaaaaaaaa at 0xa0008218
[67580.702270] PUF Read:0xaaaaaaaa at 0xa000821c
[67580.702270] PUF Read:0xaaaaaaaa at 0xa0008220
[67580.702423] PUF Read:0xaaaaaaaa at 0xa0008224
[67580.702453] PUF Read:0xaaaaaaaa at 0xa0008228
[67580.702453] PUF Read:0xaaaaaaaa at 0xa000822c
[67580.702453] PUF Read:0xaaaaaaaa at 0xa0008230
[67580.702514] PUF Read:0xaaaaaaaa at 0xa0008234
[67580.702514] PUF Read:0xaaaaaaaa at 0xa0008238
[67580.702575] PUF Read:0xaaaaaaaa at 0xa000823c
[67580.702606] PUF Read:0xaaaaaaaa at 0xa0008240
[67580.702606] PUF Read:0xaaaaaaaa at 0xa0008244
[67580.702606] PUF Read:0xaaaaaaaa at 0xa0008248
[67580.702667] PUF Read:0xaaaaaaaa at 0xa000824c
[67580.702667] PUF Read:0xaaaaaaaa at 0xa0008250
[67580.702728] PUF Read:0xaaaaaaaa at 0xa0008254
[67580.702758] PUF Read:0xaaaaaaaa at 0xa0008258
[67580.702758] PUF Read:0xaaaaaaaa at 0xa000825c
[67580.702758] PUF Read:0xaaaaaaaa at 0xa0008260
[67580.702819] PUF Read:0xaaaaaaaa at 0xa0008264
[67580.702819] PUF Read:0xaaaaaaaa at 0xa0008268
[67580.702880] PUF Read:0xaaaaaaaa at 0xa000826c
[67580.702911] PUF Read:0xaaaaaaaa at 0xa0008270
[67580.702911] PUF Read:0xaaaaaaaa at 0xa0008274
[67580.702911] PUF Read:0xaaaaaaaa at 0xa0008278
[67580.702911] PUF Read:0xaaaaaaaa at 0xa000827c
[67580.702911] PUF Read:0xaaaaaaaa at 0xa0008280
[67580.702911] PUF Read:0xaaaaaaaa at 0xa0008284
[67580.703063] PUF Read:0xaaaaaaaa at 0xa0008288
[67580.703063] PUF Read:0xaaaaaaaa at 0xa000828c
[67580.703063] PUF Read:0xaaaaaaaa at 0xa0008290
[67580.703063] PUF Read:0xaaaaaaaa at 0xa0008294
[67580.703063] PUF Read:0xaaaaaaaa at 0xa0008298
[67580.703063] PUF Read:0xaaaaaaaa at 0xa000829c
[67580.703216] PUF Read:0xaaaaaaaa at 0xa00082a0
[67580.703216] PUF Read:0xaaaaaaaa at 0xa00082a4
[67580.703216] PUF Read:0xaaaaaaaa at 0xa00082a8
[67580.703216] PUF Read:0xaaaaaaaa at 0xa00082ac
[67580.703308] PUF Read:0xaaaaaaaa at 0xa00082b0
[67580.703308] PUF Read:0xaaaaaaaa at 0xa00082b4
[67580.703369] PUF Read:0xaaaaaaea at 0xa00082b8
[67580.703369] PUF Read:0xaaaaaaaa at 0xa00082bc
[67580.703369] PUF Read:0xaaaaaaaa at 0xa00082c0
[67580.703369] PUF Read:0xaaaaaaaa at 0xa00082c4
[67580.703460] PUF Read:0xbaaaaaaa at 0xa00082c8
[67580.703460] PUF Read:0xaaaaaaaa at 0xa00082cc
[67580.703521] PUF Read:0xaaaaaaaa at 0xa00082d0
[67580.703552] PUF Read:0xaaaaaaaa at 0xa00082d4
[67580.703552] PUF Read:0xaaaaaaaa at 0xa00082d8
[67580.703552] PUF Read:0xaaaaaaaa at 0xa00082dc
[67580.703613] PUF Read:0xaaaaaaaa at 0xa00082e0
[67580.703613] PUF Read:0xaaaaaeaa at 0xa00082e4
[67580.703674] PUF Read:0xaaaaaaaa at 0xa00082e8
[67580.703704] PUF Read:0xaaaaaaaa at 0xa00082ec
[67580.703704] PUF Read:0xaaaaaaaa at 0xa00082f0
[67580.703704] PUF Read:0xaaaaaaaa at 0xa00082f4
[67580.703765] PUF Read:0xaaaaaaaa at 0xa00082f8
[67580.703765] PUF Read:0xaaaaaaaa at 0xa00082fc
[67580.703826] PUF Read:0xaaaaaaaa at 0xa0008300
[67580.703857] PUF Read:0xaaaaaaaa at 0xa0008304
[67580.703857] PUF Read:0xaaaaaaaa at 0xa0008308
[67580.703857] PUF Read:0xaaaaaaaa at 0xa000830c
[67580.703918] PUF Read:0xaaaaaaaa at 0xa0008310
[67580.703918] PUF Read:0xaaaaaaaa at 0xa0008314
[67580.703979] PUF Read:0xaaaaaaaa at 0xa0008318
[67580.704010] PUF Read:0xbaaaaaaa at 0xa000831c
[67580.704010] PUF Read:0xaaaaaaaa at 0xa0008320
[67580.704071] PUF Read:0xaaaaaaaa at 0xa0008324
[67580.704071] PUF Read:0xaaaaaaaa at 0xa0008328
[67580.704071] PUF Read:0xaaaaaaaa at 0xa000832c
[67580.704071] PUF Read:0xaaaaaaae at 0xa0008330
[67580.704162] PUF Read:0xaaaaaaaa at 0xa0008334
[67580.704162] PUF Read:0xaaaaaaaa at 0xa0008338
[67580.704162] PUF Read:0xaaaaaaaa at 0xa000833c
[67580.704162] PUF Read:0xaaaaaaaa at 0xa0008340
[67580.704254] PUF Read:0xaaaaaaaa at 0xa0008344
[67580.704254] PUF Read:0xaaaaaaaa at 0xa0008348
[67580.704315] PUF Read:0xaaaaaaaa at 0xa000834c
[67580.704315] PUF Read:0xaaaaaa8a at 0xa0008350
[67580.704315] PUF Read:0xaaaaaaaa at 0xa0008354
[67580.704315] PUF Read:0xaaaaaaaa at 0xa0008358
[67580.704406] PUF Read:0xaaaaaaaa at 0xa000835c
[67580.704406] PUF Read:0xaaabaaaa at 0xa0008360
[67580.704467] PUF Read:0xaaaaaaaa at 0xa0008364
[67580.704498] PUF Read:0xaaaaaaaa at 0xa0008368
[67580.704498] PUF Read:0xaaaaaaaa at 0xa000836c
[67580.704498] PUF Read:0xaaaaaaaa at 0xa0008370
[67580.704559] PUF Read:0xaaaaaaaa at 0xa0008374
[67580.704559] PUF Read:0xaaaaaaaa at 0xa0008378
[67580.704620] PUF Read:0xaaaaaaaa at 0xa000837c
[67580.704650] PUF Read:0xaaaaaaaa at 0xa0008380
[67580.704650] PUF Read:0xaaaaaaaa at 0xa0008384
[67580.704650] PUF Read:0xaaaaaaaa at 0xa0008388
[67580.704711] PUF Read:0xaaaaaaaa at 0xa000838c
[67580.704711] PUF Read:0xaaaaaaaa at 0xa0008390
[67580.704772] PUF Read:0xaaaaaaaa at 0xa0008394
[67580.704803] PUF Read:0xaaaaaaaa at 0xa0008398
[67580.704803] PUF Read:0xaaa2aaaa at 0xa000839c
[67580.704803] PUF Read:0xaaaaaaaa at 0xa00083a0
[67580.704864] PUF Read:0xaaaaaaaa at 0xa00083a4
[67580.704864] PUF Read:0xaaaaaaaa at 0xa00083a8
[67580.704925] PUF Read:0xaaaaaaaa at 0xa00083ac
[67580.704956] PUF Read:0xaaaaaaaa at 0xa00083b0
[67580.704956] PUF Read:0xaaaaaaaa at 0xa00083b4
[67580.704956] PUF Read:0xaaaaaaaa at 0xa00083b8
[67580.705017] PUF Read:0xaaaaaaaa at 0xa00083bc
[67580.705017] PUF Read:0xaaaaaaaa at 0xa00083c0
[67580.705078] PUF Read:0xaaaaaaaa at 0xa00083c4
[67580.705108] PUF Read:0xaaaaaaaa at 0xa00083c8
[67580.705108] PUF Read:0xaaaaaaaa at 0xa00083cc
[67580.705108] PUF Read:0xaaaaaaaa at 0xa00083d0
[67580.705169] PUF Read:0xaaabaaaa at 0xa00083d4
[67580.705169] PUF Read:0xaaaaaaaa at 0xa00083d8
[67580.705230] PUF Read:0xaaaaaaaa at 0xa00083dc
[67580.705261] PUF Read:0xaaaaaaaa at 0xa00083e0
[67580.705261] PUF Read:0xaaaaaaaa at 0xa00083e4
[67580.705261] PUF Read:0xaaaaaaaa at 0xa00083e8
[67580.705322] PUF Read:0xaaaaaaaa at 0xa00083ec
[67580.705322] PUF Read:0xaaaaaaaa at 0xa00083f0
[67580.705383] PUF Read:0xaaaaaaaa at 0xa00083f4
[67580.705413] PUF Read:0xaaaaaaae at 0xa00083f8
[67580.705413] PUF Read:0xaaaeaaaa at 0xa00083fc
[67580.705413] [i] Finished PUF read-out
[67580.705474] <6>[i] Finished PUF query for decaytime: 7680
[67580.705474] [i] Start decaytime: 120
[67580.705474] EMIF 2 REG Write 0x80000000 at 0x4d000010
[67580.705505] EMIF 2 REG Read 0x80000000 at 0x4d000010
[67580.705505] EMIF 2 REG Write 0x80000000 at 0x4d000014
[67580.705535] EMIF 2 REG Read 0x00000000 at 0x4d000014
[67580.705535] EMIF 2 REG Write 0x08016893 at 0x4d0000cc
[67580.705566] EMIF 2 REG Read 0x08016893 at 0x4d0000cc
[67580.705596] Temp polling alert disabled
[67580.705596] Refresh Disabled at EMIF2
[67580.705627] [i] Initialiting PUF & hammer rows
[67580.705627] [i] Single-Sided Rowhammer (SSRH)
[67580.712310] [i] Finished initialiting PUF & hammer rows
[67580.712310] [i]	Timer elapsed since its reset 0 sec
[67580.712310] [i] Decay: 120 sec
[67580.712341] [i]	Relative Decay: 0 msec
