[22626.737640] [i] Total hammer attempts per row: 3728917
[22626.737640] EMIF 2 REG Write 0x00000618 at 0x4d000010
[22626.737670] EMIF 2 REG Read 0x00000618 at 0x4d000010
[22626.737670] EMIF 2 REG Write 0x00000618 at 0x4d000014
[22626.737701] EMIF 2 REG Read 0x00000618 at 0x4d000014
[22626.737701] EMIF 2 REG Write 0x58016893 at 0x4d0000cc
[22626.737731] EMIF 2 REG Read 0x58016893 at 0x4d0000cc
[22626.737731] Temp polling alert enabled
[22626.737731] Refresh enabled at EMIF2
[22626.737762] [i] Starting PUF read-out
[22626.737762] [i] Single-Sided Rowhammer (SSRH)
[22626.737792] PUF Read:0x00000010 at 0xa0008000
[22626.737792] PUF Read:0x00000400 at 0xa0008004
[22626.737792] PUF Read:0x00000000 at 0xa0008008
[22626.737854] PUF Read:0x00000000 at 0xa000800c
[22626.737854] PUF Read:0x00000000 at 0xa0008010
[22626.737854] PUF Read:0x00000100 at 0xa0008014
[22626.737945] PUF Read:0x00000000 at 0xa0008018
[22626.737945] PUF Read:0x10000000 at 0xa000801c
[22626.737945] PUF Read:0x00000000 at 0xa0008020
[22626.737945] PUF Read:0x40004000 at 0xa0008024
[22626.738037] PUF Read:0x00004000 at 0xa0008028
[22626.738037] PUF Read:0x00000010 at 0xa000802c
[22626.738098] PUF Read:0x40000000 at 0xa0008030
[22626.738128] PUF Read:0x04000000 at 0xa0008034
[22626.738128] PUF Read:0x00000000 at 0xa0008038
[22626.738128] PUF Read:0x00000000 at 0xa000803c
[22626.738189] PUF Read:0x00000001 at 0xa0008040
[22626.738189] PUF Read:0x00004000 at 0xa0008044
[22626.738250] PUF Read:0x00000000 at 0xa0008048
[22626.738281] PUF Read:0x00000001 at 0xa000804c
[22626.738281] PUF Read:0x00000000 at 0xa0008050
[22626.738342] PUF Read:0x00000000 at 0xa0008054
[22626.738342] PUF Read:0x00000000 at 0xa0008058
[22626.738342] PUF Read:0x00000000 at 0xa000805c
[22626.738403] PUF Read:0x00000000 at 0xa0008060
[22626.738433] PUF Read:0x00100000 at 0xa0008064
[22626.738433] PUF Read:0x00000000 at 0xa0008068
[22626.738433] PUF Read:0x00000000 at 0xa000806c
[22626.738494] PUF Read:0x00000000 at 0xa0008070
[22626.738494] PUF Read:0x00000000 at 0xa0008074
[22626.738555] PUF Read:0x00000000 at 0xa0008078
[22626.738586] PUF Read:0x00010000 at 0xa000807c
[22626.738586] PUF Read:0x00010000 at 0xa0008080
[22626.738647] PUF Read:0x00000000 at 0xa0008084
[22626.738647] PUF Read:0x00000000 at 0xa0008088
[22626.738647] PUF Read:0x00000000 at 0xa000808c
[22626.738708] PUF Read:0x00000000 at 0xa0008090
[22626.738739] PUF Read:0x10000000 at 0xa0008094
[22626.738739] PUF Read:0x00010001 at 0xa0008098
[22626.738800] PUF Read:0x00000000 at 0xa000809c
[22626.738800] PUF Read:0x00000000 at 0xa00080a0
[22626.738800] PUF Read:0x00010000 at 0xa00080a4
[22626.738861] PUF Read:0x00010001 at 0xa00080a8
[22626.738891] PUF Read:0x00000041 at 0xa00080ac
[22626.738891] PUF Read:0x00000000 at 0xa00080b0
[22626.738952] PUF Read:0x00000000 at 0xa00080b4
[22626.738952] PUF Read:0x00004000 at 0xa00080b8
[22626.738952] PUF Read:0x00000000 at 0xa00080bc
[22626.739013] PUF Read:0x00000400 at 0xa00080c0
[22626.739044] PUF Read:0x00000000 at 0xa00080c4
[22626.739044] PUF Read:0x10000000 at 0xa00080c8
[22626.739044] PUF Read:0x01000000 at 0xa00080cc
[22626.739044] PUF Read:0x40044000 at 0xa00080d0
[22626.739044] PUF Read:0x00000000 at 0xa00080d4
[22626.739044] PUF Read:0x00001000 at 0xa00080d8
[22626.739044] PUF Read:0x00000000 at 0xa00080dc
[22626.739227] PUF Read:0x01000000 at 0xa00080e0
[22626.739227] PUF Read:0x00000000 at 0xa00080e4
[22626.739227] PUF Read:0x00000000 at 0xa00080e8
[22626.739227] PUF Read:0x00000001 at 0xa00080ec
[22626.739227] PUF Read:0x00000000 at 0xa00080f0
[22626.739227] PUF Read:0x00000000 at 0xa00080f4
[22626.739379] PUF Read:0x00000100 at 0xa00080f8
[22626.739379] PUF Read:0x00000000 at 0xa00080fc
[22626.739379] PUF Read:0x00000000 at 0xa0008100
[22626.739379] PUF Read:0x00000000 at 0xa0008104
[22626.739379] PUF Read:0x00000000 at 0xa0008108
[22626.739379] PUF Read:0x00000000 at 0xa000810c
[22626.739532] PUF Read:0x00000000 at 0xa0008110
[22626.739532] PUF Read:0x00400000 at 0xa0008114
[22626.739532] PUF Read:0x00000000 at 0xa0008118
[22626.739532] PUF Read:0x00000000 at 0xa000811c
[22626.739532] PUF Read:0x00000000 at 0xa0008120
[22626.739532] PUF Read:0x00000400 at 0xa0008124
[22626.739685] PUF Read:0x00000000 at 0xa0008128
[22626.739685] PUF Read:0x00000000 at 0xa000812c
[22626.739746] PUF Read:0x00000000 at 0xa0008130
[22626.739746] PUF Read:0x00000000 at 0xa0008134
[22626.739746] PUF Read:0x00010000 at 0xa0008138
[22626.739807] PUF Read:0x00000000 at 0xa000813c
[22626.739837] PUF Read:0x40000400 at 0xa0008140
[22626.739837] PUF Read:0x00000000 at 0xa0008144
[22626.739837] PUF Read:0x00100400 at 0xa0008148
[22626.739898] PUF Read:0x00000000 at 0xa000814c
[22626.739898] PUF Read:0x00000000 at 0xa0008150
[22626.739959] PUF Read:0x00000000 at 0xa0008154
[22626.739990] PUF Read:0x00000000 at 0xa0008158
[22626.739990] PUF Read:0x00100040 at 0xa000815c
[22626.739990] PUF Read:0x00001000 at 0xa0008160
[22626.740051] PUF Read:0x00000000 at 0xa0008164
[22626.740051] PUF Read:0x04000000 at 0xa0008168
[22626.740112] PUF Read:0x00400000 at 0xa000816c
[22626.740142] PUF Read:0x00000000 at 0xa0008170
[22626.740142] PUF Read:0x00100000 at 0xa0008174
[22626.740142] PUF Read:0x00000000 at 0xa0008178
[22626.740203] PUF Read:0x00004000 at 0xa000817c
[22626.740203] PUF Read:0x00000000 at 0xa0008180
[22626.740264] PUF Read:0x00000000 at 0xa0008184
[22626.740295] PUF Read:0x00040000 at 0xa0008188
[22626.740295] PUF Read:0x00000440 at 0xa000818c
[22626.740295] PUF Read:0x00000000 at 0xa0008190
[22626.740356] PUF Read:0x40000000 at 0xa0008194
[22626.740356] PUF Read:0x00000004 at 0xa0008198
[22626.740417] PUF Read:0x00000000 at 0xa000819c
[22626.740447] PUF Read:0x00000000 at 0xa00081a0
[22626.740447] PUF Read:0x00000000 at 0xa00081a4
[22626.740447] PUF Read:0x00000000 at 0xa00081a8
[22626.740447] PUF Read:0x00000000 at 0xa00081ac
[22626.740447] PUF Read:0x00410000 at 0xa00081b0
[22626.740570] PUF Read:0x00000000 at 0xa00081b4
[22626.740600] PUF Read:0x00000000 at 0xa00081b8
[22626.740600] PUF Read:0x00100000 at 0xa00081bc
[22626.740600] PUF Read:0x00000000 at 0xa00081c0
[22626.740600] PUF Read:0x00000004 at 0xa00081c4
[22626.740600] PUF Read:0x00000000 at 0xa00081c8
[22626.740600] PUF Read:0x00010000 at 0xa00081cc
[22626.740753] PUF Read:0x10000000 at 0xa00081d0
[22626.740753] PUF Read:0x00000000 at 0xa00081d4
[22626.740753] PUF Read:0x10000000 at 0xa00081d8
[22626.740753] PUF Read:0x00000000 at 0xa00081dc
[22626.740753] PUF Read:0x00000000 at 0xa00081e0
[22626.740753] PUF Read:0x00000040 at 0xa00081e4
[22626.740905] PUF Read:0x00000000 at 0xa00081e8
[22626.740936] PUF Read:0x00000000 at 0xa00081ec
[22626.740936] PUF Read:0x00000001 at 0xa00081f0
[22626.740936] PUF Read:0x00000400 at 0xa00081f4
[22626.740997] PUF Read:0x00000000 at 0xa00081f8
[22626.740997] PUF Read:0x00000040 at 0xa00081fc
[22626.741058] PUF Read:0x00000000 at 0xa0008200
[22626.741058] PUF Read:0x00000000 at 0xa0008204
[22626.741058] PUF Read:0x00000010 at 0xa0008208
[22626.741058] PUF Read:0x00000000 at 0xa000820c
[22626.741058] PUF Read:0x00400000 at 0xa0008210
[22626.741058] PUF Read:0x00000000 at 0xa0008214
[22626.741210] PUF Read:0x00000400 at 0xa0008218
[22626.741210] PUF Read:0x00000000 at 0xa000821c
[22626.741210] PUF Read:0x00000000 at 0xa0008220
[22626.741210] PUF Read:0x00100000 at 0xa0008224
[22626.741210] PUF Read:0x00000000 at 0xa0008228
[22626.741333] PUF Read:0x00000000 at 0xa000822c
[22626.741363] PUF Read:0x00000500 at 0xa0008230
[22626.741363] PUF Read:0x00400000 at 0xa0008234
[22626.741363] PUF Read:0x00000000 at 0xa0008238
[22626.741363] PUF Read:0x00000400 at 0xa000823c
[22626.741363] PUF Read:0x00000000 at 0xa0008240
[22626.741363] PUF Read:0x00000000 at 0xa0008244
[22626.741516] PUF Read:0x00000000 at 0xa0008248
[22626.741516] PUF Read:0x00000000 at 0xa000824c
[22626.741577] PUF Read:0x00000000 at 0xa0008250
[22626.741577] PUF Read:0x00100000 at 0xa0008254
[22626.741577] PUF Read:0x00000000 at 0xa0008258
[22626.741638] PUF Read:0x04040000 at 0xa000825c
[22626.741668] PUF Read:0x00000000 at 0xa0008260
[22626.741668] PUF Read:0x00000000 at 0xa0008264
[22626.741729] PUF Read:0x00000400 at 0xa0008268
[22626.741729] PUF Read:0x00000000 at 0xa000826c
[22626.741729] PUF Read:0x00000000 at 0xa0008270
[22626.741790] PUF Read:0x00000000 at 0xa0008274
[22626.741821] PUF Read:0x00000040 at 0xa0008278
[22626.741821] PUF Read:0x00000000 at 0xa000827c
[22626.741882] PUF Read:0x40000000 at 0xa0008280
[22626.741882] PUF Read:0x00000000 at 0xa0008284
[22626.741882] PUF Read:0x00400000 at 0xa0008288
[22626.741943] PUF Read:0x00000000 at 0xa000828c
[22626.741973] PUF Read:0x00000000 at 0xa0008290
[22626.741973] PUF Read:0x00000000 at 0xa0008294
[22626.741973] PUF Read:0x00000000 at 0xa0008298
[22626.742034] PUF Read:0x00000000 at 0xa000829c
[22626.742034] PUF Read:0x00000000 at 0xa00082a0
[22626.742095] PUF Read:0x00001000 at 0xa00082a4
[22626.742126] PUF Read:0x00000000 at 0xa00082a8
[22626.742156] PUF Read:0x00000000 at 0xa00082ac
[22626.742156] PUF Read:0x00000000 at 0xa00082b0
[22626.742156] PUF Read:0x00000000 at 0xa00082b4
[22626.742218] PUF Read:0x00000040 at 0xa00082b8
[22626.742218] PUF Read:0x00000000 at 0xa00082bc
[22626.742279] PUF Read:0x00000000 at 0xa00082c0
[22626.742309] PUF Read:0x00000000 at 0xa00082c4
[22626.742309] PUF Read:0x10000000 at 0xa00082c8
[22626.742370] PUF Read:0x00000000 at 0xa00082cc
[22626.742370] PUF Read:0x00100000 at 0xa00082d0
[22626.742370] PUF Read:0x00000000 at 0xa00082d4
[22626.742370] PUF Read:0x00000000 at 0xa00082d8
[22626.742462] PUF Read:0x00004000 at 0xa00082dc
[22626.742462] PUF Read:0x00000000 at 0xa00082e0
[22626.742523] PUF Read:0x00000400 at 0xa00082e4
[22626.742523] PUF Read:0x00000100 at 0xa00082e8
[22626.742523] PUF Read:0x00000001 at 0xa00082ec
[22626.742523] PUF Read:0x00000001 at 0xa00082f0
[22626.742614] PUF Read:0x00000000 at 0xa00082f4
[22626.742614] PUF Read:0x00000000 at 0xa00082f8
[22626.742675] PUF Read:0x00000000 at 0xa00082fc
[22626.742675] PUF Read:0x00000100 at 0xa0008300
[22626.742675] PUF Read:0x00000000 at 0xa0008304
[22626.742736] PUF Read:0x00000000 at 0xa0008308
[22626.742767] PUF Read:0x00000000 at 0xa000830c
[22626.742767] PUF Read:0x00000000 at 0xa0008310
[22626.742767] PUF Read:0x00000000 at 0xa0008314
[22626.742828] PUF Read:0x01400000 at 0xa0008318
[22626.742828] PUF Read:0x10000000 at 0xa000831c
[22626.742889] PUF Read:0x00000000 at 0xa0008320
[22626.742919] PUF Read:0x00000100 at 0xa0008324
[22626.742919] PUF Read:0x00000000 at 0xa0008328
[22626.742919] PUF Read:0x00010000 at 0xa000832c
[22626.742980] PUF Read:0x00000004 at 0xa0008330
[22626.742980] PUF Read:0x00000000 at 0xa0008334
[22626.743041] PUF Read:0x00001000 at 0xa0008338
[22626.743072] PUF Read:0x00000000 at 0xa000833c
[22626.743072] PUF Read:0x10000100 at 0xa0008340
[22626.743072] PUF Read:0x00000001 at 0xa0008344
[22626.743133] PUF Read:0x00000000 at 0xa0008348
[22626.743133] PUF Read:0x00000100 at 0xa000834c
[22626.743194] PUF Read:0x00000000 at 0xa0008350
[22626.743225] PUF Read:0x00000000 at 0xa0008354
[22626.743225] PUF Read:0x00000000 at 0xa0008358
[22626.743225] PUF Read:0x00000000 at 0xa000835c
[22626.743286] PUF Read:0x00010000 at 0xa0008360
[22626.743286] PUF Read:0x00000000 at 0xa0008364
[22626.743347] PUF Read:0x00000000 at 0xa0008368
[22626.743377] PUF Read:0x00000400 at 0xa000836c
[22626.743377] PUF Read:0x00000000 at 0xa0008370
[22626.743377] PUF Read:0x00000000 at 0xa0008374
[22626.743438] PUF Read:0x40000000 at 0xa0008378
[22626.743438] PUF Read:0x00000000 at 0xa000837c
[22626.743499] PUF Read:0x00000000 at 0xa0008380
[22626.743530] PUF Read:0x00000000 at 0xa0008384
[22626.743530] PUF Read:0x00000000 at 0xa0008388
[22626.743530] PUF Read:0x00000000 at 0xa000838c
[22626.743591] PUF Read:0x00000001 at 0xa0008390
[22626.743591] PUF Read:0x00000100 at 0xa0008394
[22626.743591] PUF Read:0x00000000 at 0xa0008398
[22626.743682] PUF Read:0x00000000 at 0xa000839c
[22626.743682] PUF Read:0x00000000 at 0xa00083a0
[22626.743682] PUF Read:0x00000000 at 0xa00083a4
[22626.743682] PUF Read:0x00000000 at 0xa00083a8
[22626.743682] PUF Read:0x00001000 at 0xa00083ac
[22626.743682] PUF Read:0x00000000 at 0xa00083b0
[22626.743835] PUF Read:0x00000000 at 0xa00083b4
[22626.743835] PUF Read:0x00000000 at 0xa00083b8
[22626.743835] PUF Read:0x00000000 at 0xa00083bc
[22626.743835] PUF Read:0x00000000 at 0xa00083c0
[22626.743835] PUF Read:0x04000000 at 0xa00083c4
[22626.743835] PUF Read:0x00000000 at 0xa00083c8
[22626.743988] PUF Read:0x00000000 at 0xa00083cc
[22626.743988] PUF Read:0x00000000 at 0xa00083d0
[22626.743988] PUF Read:0x00010000 at 0xa00083d4
[22626.743988] PUF Read:0x00000000 at 0xa00083d8
[22626.743988] PUF Read:0x00000000 at 0xa00083dc
[22626.743988] PUF Read:0x00140000 at 0xa00083e0
[22626.744140] PUF Read:0x10000000 at 0xa00083e4
[22626.744171] PUF Read:0x00000000 at 0xa00083e8
[22626.744171] PUF Read:0x00000000 at 0xa00083ec
[22626.744171] PUF Read:0x00000400 at 0xa00083f0
[22626.744171] PUF Read:0x04000000 at 0xa00083f4
[22626.744171] PUF Read:0x00000004 at 0xa00083f8
[22626.744293] PUF Read:0x00040000 at 0xa00083fc
[22626.744323] [i] Finished PUF read-out
[22626.744323] <6>[i] Finished PUF query for decaytime: 15360
[22626.744323] End measurement:4
[22626.744323] [i] Start measurement: 5
[22626.744354] [i] Start decaytime: 60
[22626.744354] EMIF 2 REG Write 0x80000000 at 0x4d000010
[22626.744384] EMIF 2 REG Read 0x80000000 at 0x4d000010
[22626.744384] EMIF 2 REG Write 0x80000000 at 0x4d000014
[22626.744415] EMIF 2 REG Read 0x00000000 at 0x4d000014
[22626.744415] EMIF 2 REG Write 0x08016893 at 0x4d0000cc
[22626.744415] EMIF 2 REG Read 0x08016893 at 0x4d0000cc
[22626.744445] Temp polling alert disabled
[22626.744445] Refresh Disabled at EMIF2
[22626.744445] [i] Initialiting PUF & hammer rows
[22626.744476] [i] Single-Sided Rowhammer (SSRH)
[22626.751190] [i] Finished initialiting PUF & hammer rows
[22626.751190] [i]	Timer elapsed since its reset 0 sec
[22626.751190] [i] Decay: 60 sec
[22626.751220] [i]	Relative Decay: 0 msec
