[12888.315948] [i] Total hammer attempts per row: 3721215
[12888.315948] EMIF 2 REG Write 0x00000618 at 0x4d000010
[12888.315979] EMIF 2 REG Read 0x00000618 at 0x4d000010
[12888.315979] EMIF 2 REG Write 0x00000618 at 0x4d000014
[12888.316009] EMIF 2 REG Read 0x00000618 at 0x4d000014
[12888.316009] EMIF 2 REG Write 0x58016893 at 0x4d0000cc
[12888.316040] EMIF 2 REG Read 0x58016893 at 0x4d0000cc
[12888.316040] Temp polling alert enabled
[12888.316040] Refresh enabled at EMIF2
[12888.316070] [i] Starting PUF read-out
[12888.316070] [i] Single-Sided Rowhammer (SSRH)
[12888.316070] PUF Read:0x00000010 at 0xa0008000
[12888.316101] PUF Read:0x00000400 at 0xa0008004
[12888.316101] PUF Read:0x00000000 at 0xa0008008
[12888.316101] PUF Read:0x00000000 at 0xa000800c
[12888.316192] PUF Read:0x00000000 at 0xa0008010
[12888.316223] PUF Read:0x00000100 at 0xa0008014
[12888.316223] PUF Read:0x00000000 at 0xa0008018
[12888.316284] PUF Read:0x10400100 at 0xa000801c
[12888.316284] PUF Read:0x40000000 at 0xa0008020
[12888.316284] PUF Read:0x40004000 at 0xa0008024
[12888.316284] PUF Read:0x00004000 at 0xa0008028
[12888.316375] PUF Read:0x00000010 at 0xa000802c
[12888.316375] PUF Read:0x40000000 at 0xa0008030
[12888.316375] PUF Read:0x04000000 at 0xa0008034
[12888.316375] PUF Read:0x00004000 at 0xa0008038
[12888.316467] PUF Read:0x00000000 at 0xa000803c
[12888.316467] PUF Read:0x00000001 at 0xa0008040
[12888.316528] PUF Read:0x00004000 at 0xa0008044
[12888.316558] PUF Read:0x40000000 at 0xa0008048
[12888.316558] PUF Read:0x00000001 at 0xa000804c
[12888.316558] PUF Read:0x00000000 at 0xa0008050
[12888.316619] PUF Read:0x00000000 at 0xa0008054
[12888.316619] PUF Read:0x00000000 at 0xa0008058
[12888.316680] PUF Read:0x00000000 at 0xa000805c
[12888.316711] PUF Read:0x00000000 at 0xa0008060
[12888.316711] PUF Read:0x00100000 at 0xa0008064
[12888.316711] PUF Read:0x00000000 at 0xa0008068
[12888.316772] PUF Read:0x00000000 at 0xa000806c
[12888.316772] PUF Read:0x00000010 at 0xa0008070
[12888.316833] PUF Read:0x00000000 at 0xa0008074
[12888.316864] PUF Read:0x00000000 at 0xa0008078
[12888.316864] PUF Read:0x00010000 at 0xa000807c
[12888.316864] PUF Read:0x00010001 at 0xa0008080
[12888.316864] PUF Read:0x00010000 at 0xa0008084
[12888.316864] PUF Read:0x00000000 at 0xa0008088
[12888.316864] PUF Read:0x00000000 at 0xa000808c
[12888.317016] PUF Read:0x00000000 at 0xa0008090
[12888.317016] PUF Read:0x10000000 at 0xa0008094
[12888.317016] PUF Read:0x00410001 at 0xa0008098
[12888.317016] PUF Read:0x00000000 at 0xa000809c
[12888.317016] PUF Read:0x00000000 at 0xa00080a0
[12888.317016] PUF Read:0x00010000 at 0xa00080a4
[12888.317169] PUF Read:0x00010001 at 0xa00080a8
[12888.317169] PUF Read:0x00000041 at 0xa00080ac
[12888.317169] PUF Read:0x00000000 at 0xa00080b0
[12888.317169] PUF Read:0x00000000 at 0xa00080b4
[12888.317169] PUF Read:0x00004000 at 0xa00080b8
[12888.317169] PUF Read:0x00000000 at 0xa00080bc
[12888.317321] PUF Read:0x00000400 at 0xa00080c0
[12888.317321] PUF Read:0x00000000 at 0xa00080c4
[12888.317321] PUF Read:0x10100000 at 0xa00080c8
[12888.317321] PUF Read:0x01000000 at 0xa00080cc
[12888.317321] PUF Read:0x40045000 at 0xa00080d0
[12888.317321] PUF Read:0x00000000 at 0xa00080d4
[12888.317474] PUF Read:0x00001000 at 0xa00080d8
[12888.317474] PUF Read:0x00000000 at 0xa00080dc
[12888.317474] PUF Read:0x01000000 at 0xa00080e0
[12888.317474] PUF Read:0x00000000 at 0xa00080e4
[12888.317474] PUF Read:0x00000000 at 0xa00080e8
[12888.317474] PUF Read:0x00000001 at 0xa00080ec
[12888.317474] PUF Read:0x00000000 at 0xa00080f0
[12888.317657] PUF Read:0x00000000 at 0xa00080f4
[12888.317657] PUF Read:0x00000100 at 0xa00080f8
[12888.317657] PUF Read:0x00000000 at 0xa00080fc
[12888.317657] PUF Read:0x00000000 at 0xa0008100
[12888.317657] PUF Read:0x00000000 at 0xa0008104
[12888.317657] PUF Read:0x00000000 at 0xa0008108
[12888.317810] PUF Read:0x00000100 at 0xa000810c
[12888.317810] PUF Read:0x00000000 at 0xa0008110
[12888.317810] PUF Read:0x00400000 at 0xa0008114
[12888.317810] PUF Read:0x00000000 at 0xa0008118
[12888.317901] PUF Read:0x00000000 at 0xa000811c
[12888.317901] PUF Read:0x01000000 at 0xa0008120
[12888.317962] PUF Read:0x00000400 at 0xa0008124
[12888.317993] PUF Read:0x00000040 at 0xa0008128
[12888.317993] PUF Read:0x00000000 at 0xa000812c
[12888.317993] PUF Read:0x00000000 at 0xa0008130
[12888.318054] PUF Read:0x00000000 at 0xa0008134
[12888.318054] PUF Read:0x00110000 at 0xa0008138
[12888.318115] PUF Read:0x00000000 at 0xa000813c
[12888.318145] PUF Read:0x40000400 at 0xa0008140
[12888.318145] PUF Read:0x00010040 at 0xa0008144
[12888.318145] PUF Read:0x00100400 at 0xa0008148
[12888.318206] PUF Read:0x00000000 at 0xa000814c
[12888.318206] PUF Read:0x00000000 at 0xa0008150
[12888.318267] PUF Read:0x00000000 at 0xa0008154
[12888.318298] PUF Read:0x00000000 at 0xa0008158
[12888.318298] PUF Read:0x01100040 at 0xa000815c
[12888.318298] PUF Read:0x00001000 at 0xa0008160
[12888.318359] PUF Read:0x00000000 at 0xa0008164
[12888.318359] PUF Read:0x04000000 at 0xa0008168
[12888.318420] PUF Read:0x00400000 at 0xa000816c
[12888.318450] PUF Read:0x00000000 at 0xa0008170
[12888.318450] PUF Read:0x00100000 at 0xa0008174
[12888.318450] PUF Read:0x00000000 at 0xa0008178
[12888.318511] PUF Read:0x00004000 at 0xa000817c
[12888.318511] PUF Read:0x00000000 at 0xa0008180
[12888.318572] PUF Read:0x00000000 at 0xa0008184
[12888.318603] PUF Read:0x00040000 at 0xa0008188
[12888.318603] PUF Read:0x00000440 at 0xa000818c
[12888.318603] PUF Read:0x00000000 at 0xa0008190
[12888.318664] PUF Read:0x40000000 at 0xa0008194
[12888.318664] PUF Read:0x00000004 at 0xa0008198
[12888.318725] PUF Read:0x00000000 at 0xa000819c
[12888.318756] PUF Read:0x00000000 at 0xa00081a0
[12888.318756] PUF Read:0x00000000 at 0xa00081a4
[12888.318756] PUF Read:0x00000000 at 0xa00081a8
[12888.318817] PUF Read:0x00000040 at 0xa00081ac
[12888.318817] PUF Read:0x00410000 at 0xa00081b0
[12888.318878] PUF Read:0x00000000 at 0xa00081b4
[12888.318908] PUF Read:0x00000000 at 0xa00081b8
[12888.318908] PUF Read:0x00100000 at 0xa00081bc
[12888.318908] PUF Read:0x00000000 at 0xa00081c0
[12888.318969] PUF Read:0x00000004 at 0xa00081c4
[12888.318969] PUF Read:0x00000000 at 0xa00081c8
[12888.319030] PUF Read:0x00010000 at 0xa00081cc
[12888.319061] PUF Read:0x10000000 at 0xa00081d0
[12888.319061] PUF Read:0x00000000 at 0xa00081d4
[12888.319061] PUF Read:0x10000000 at 0xa00081d8
[12888.319122] PUF Read:0x00004000 at 0xa00081dc
[12888.319122] PUF Read:0x00000000 at 0xa00081e0
[12888.319122] PUF Read:0x00000040 at 0xa00081e4
[12888.319213] PUF Read:0x00000000 at 0xa00081e8
[12888.319244] PUF Read:0x00010010 at 0xa00081ec
[12888.319244] PUF Read:0x00000001 at 0xa00081f0
[12888.319244] PUF Read:0x00010400 at 0xa00081f4
[12888.319305] PUF Read:0x00000000 at 0xa00081f8
[12888.319305] PUF Read:0x00400040 at 0xa00081fc
[12888.319366] PUF Read:0x00000000 at 0xa0008200
[12888.319396] PUF Read:0x00000000 at 0xa0008204
[12888.319396] PUF Read:0x00000010 at 0xa0008208
[12888.319396] PUF Read:0x00001000 at 0xa000820c
[12888.319396] PUF Read:0x00400000 at 0xa0008210
[12888.319396] PUF Read:0x00000000 at 0xa0008214
[12888.319519] PUF Read:0x00000400 at 0xa0008218
[12888.319549] PUF Read:0x00000000 at 0xa000821c
[12888.319549] PUF Read:0x00000000 at 0xa0008220
[12888.319549] PUF Read:0x00100000 at 0xa0008224
[12888.319610] PUF Read:0x00000000 at 0xa0008228
[12888.319610] PUF Read:0x00000000 at 0xa000822c
[12888.319671] PUF Read:0x00000500 at 0xa0008230
[12888.319702] PUF Read:0x00400000 at 0xa0008234
[12888.319702] PUF Read:0x00000000 at 0xa0008238
[12888.319702] PUF Read:0x00000500 at 0xa000823c
[12888.319763] PUF Read:0x00000004 at 0xa0008240
[12888.319763] PUF Read:0x00000000 at 0xa0008244
[12888.319824] PUF Read:0x00040000 at 0xa0008248
[12888.319854] PUF Read:0x00000000 at 0xa000824c
[12888.319854] PUF Read:0x04000000 at 0xa0008250
[12888.319854] PUF Read:0x00100000 at 0xa0008254
[12888.319915] PUF Read:0x00000000 at 0xa0008258
[12888.319915] PUF Read:0x04040000 at 0xa000825c
[12888.319976] PUF Read:0x00000000 at 0xa0008260
[12888.320007] PUF Read:0x00001010 at 0xa0008264
[12888.320007] PUF Read:0x00000400 at 0xa0008268
[12888.320007] PUF Read:0x00001000 at 0xa000826c
[12888.320068] PUF Read:0x00001000 at 0xa0008270
[12888.320068] PUF Read:0x00000000 at 0xa0008274
[12888.320129] PUF Read:0x00000040 at 0xa0008278
[12888.320159] PUF Read:0x00100000 at 0xa000827c
[12888.320159] PUF Read:0x40000000 at 0xa0008280
[12888.320159] PUF Read:0x00000000 at 0xa0008284
[12888.320220] PUF Read:0x00400000 at 0xa0008288
[12888.320220] PUF Read:0x00000000 at 0xa000828c
[12888.320281] PUF Read:0x00000000 at 0xa0008290
[12888.320312] PUF Read:0x00000000 at 0xa0008294
[12888.320312] PUF Read:0x00000000 at 0xa0008298
[12888.320312] PUF Read:0x00000000 at 0xa000829c
[12888.320373] PUF Read:0x00000400 at 0xa00082a0
[12888.320373] PUF Read:0x00001000 at 0xa00082a4
[12888.320434] PUF Read:0x00000000 at 0xa00082a8
[12888.320465] PUF Read:0x00000000 at 0xa00082ac
[12888.320465] PUF Read:0x00000000 at 0xa00082b0
[12888.320465] PUF Read:0x00000000 at 0xa00082b4
[12888.320526] PUF Read:0x00000040 at 0xa00082b8
[12888.320526] PUF Read:0x00000000 at 0xa00082bc
[12888.320587] PUF Read:0x10000000 at 0xa00082c0
[12888.320617] PUF Read:0x00000000 at 0xa00082c4
[12888.320617] PUF Read:0x10000000 at 0xa00082c8
[12888.320617] PUF Read:0x00000000 at 0xa00082cc
[12888.320617] PUF Read:0x00100000 at 0xa00082d0
[12888.320709] PUF Read:0x00000000 at 0xa00082d4
[12888.320709] PUF Read:0x40000000 at 0xa00082d8
[12888.320770] PUF Read:0x00004000 at 0xa00082dc
[12888.320800] PUF Read:0x00000000 at 0xa00082e0
[12888.320800] PUF Read:0x00000400 at 0xa00082e4
[12888.320800] PUF Read:0x00000100 at 0xa00082e8
[12888.320861] PUF Read:0x00000001 at 0xa00082ec
[12888.320861] PUF Read:0x00000001 at 0xa00082f0
[12888.320922] PUF Read:0x00000000 at 0xa00082f4
[12888.320953] PUF Read:0x00100000 at 0xa00082f8
[12888.320953] PUF Read:0x00000000 at 0xa00082fc
[12888.320953] PUF Read:0x00000100 at 0xa0008300
[12888.321014] PUF Read:0x00000000 at 0xa0008304
[12888.321014] PUF Read:0x00000000 at 0xa0008308
[12888.321075] PUF Read:0x00000000 at 0xa000830c
[12888.321105] PUF Read:0x00000000 at 0xa0008310
[12888.321105] PUF Read:0x00000010 at 0xa0008314
[12888.321105] PUF Read:0x01500000 at 0xa0008318
[12888.321166] PUF Read:0x10000000 at 0xa000831c
[12888.321166] PUF Read:0x00000000 at 0xa0008320
[12888.321228] PUF Read:0x00000100 at 0xa0008324
[12888.321258] PUF Read:0x00000000 at 0xa0008328
[12888.321258] PUF Read:0x00010000 at 0xa000832c
[12888.321258] PUF Read:0x00000004 at 0xa0008330
[12888.321319] PUF Read:0x00000100 at 0xa0008334
[12888.321319] PUF Read:0x00001000 at 0xa0008338
[12888.321380] PUF Read:0x00000000 at 0xa000833c
[12888.321411] PUF Read:0x10000100 at 0xa0008340
[12888.321411] PUF Read:0x00000001 at 0xa0008344
[12888.321411] PUF Read:0x00000000 at 0xa0008348
[12888.321472] PUF Read:0x00000100 at 0xa000834c
[12888.321472] PUF Read:0x00000010 at 0xa0008350
[12888.321533] PUF Read:0x00000000 at 0xa0008354
[12888.321563] PUF Read:0x00000000 at 0xa0008358
[12888.321563] PUF Read:0x00001000 at 0xa000835c
[12888.321624] PUF Read:0x00014000 at 0xa0008360
[12888.321624] PUF Read:0x00000000 at 0xa0008364
[12888.321624] PUF Read:0x04000000 at 0xa0008368
[12888.321685] PUF Read:0x00000400 at 0xa000836c
[12888.321716] PUF Read:0x00000000 at 0xa0008370
[12888.321716] PUF Read:0x00000000 at 0xa0008374
[12888.321777] PUF Read:0x40010000 at 0xa0008378
[12888.321777] PUF Read:0x00000040 at 0xa000837c
[12888.321777] PUF Read:0x00000000 at 0xa0008380
[12888.321838] PUF Read:0x00000000 at 0xa0008384
[12888.321868] PUF Read:0x00000004 at 0xa0008388
[12888.321868] PUF Read:0x00000000 at 0xa000838c
[12888.321929] PUF Read:0x00000001 at 0xa0008390
[12888.321929] PUF Read:0x00000100 at 0xa0008394
[12888.321929] PUF Read:0x10000000 at 0xa0008398
[12888.321929] PUF Read:0x00000004 at 0xa000839c
[12888.322021] PUF Read:0x00004000 at 0xa00083a0
[12888.322021] PUF Read:0x00000000 at 0xa00083a4
[12888.322021] PUF Read:0x00100000 at 0xa00083a8
[12888.322021] PUF Read:0x00001000 at 0xa00083ac
[12888.322021] PUF Read:0x00000000 at 0xa00083b0
[12888.322143] PUF Read:0x00000000 at 0xa00083b4
[12888.322174] PUF Read:0x00004000 at 0xa00083b8
[12888.322174] PUF Read:0x00000000 at 0xa00083bc
[12888.322174] PUF Read:0x00000040 at 0xa00083c0
[12888.322174] PUF Read:0x04000000 at 0xa00083c4
[12888.322265] PUF Read:0x00000000 at 0xa00083c8
[12888.322265] PUF Read:0x00000000 at 0xa00083cc
[12888.322326] PUF Read:0x00000000 at 0xa00083d0
[12888.322357] PUF Read:0x00010000 at 0xa00083d4
[12888.322357] PUF Read:0x00000000 at 0xa00083d8
[12888.322357] PUF Read:0x00000001 at 0xa00083dc
[12888.322418] PUF Read:0x00140000 at 0xa00083e0
[12888.322418] PUF Read:0x10000000 at 0xa00083e4
[12888.322479] PUF Read:0x04000000 at 0xa00083e8
[12888.322509] PUF Read:0x00000000 at 0xa00083ec
[12888.322509] PUF Read:0x00000400 at 0xa00083f0
[12888.322509] PUF Read:0x04000000 at 0xa00083f4
[12888.322570] PUF Read:0x00000004 at 0xa00083f8
[12888.322570] PUF Read:0x00044000 at 0xa00083fc
[12888.322631] [i] Finished PUF read-out
[12888.322631] <6>[i] Finished PUF query for decaytime: 15360
[12888.322631] End measurement:10
[12888.322662] [i] Start measurement: 11
[12888.322662] [i] Start decaytime: 60
[12888.322662] EMIF 2 REG Write 0x80000000 at 0x4d000010
[12888.322692] EMIF 2 REG Read 0x80000000 at 0x4d000010
[12888.322692] EMIF 2 REG Write 0x80000000 at 0x4d000014
[12888.322723] EMIF 2 REG Read 0x00000000 at 0x4d000014
[12888.322723] EMIF 2 REG Write 0x08016893 at 0x4d0000cc
[12888.322753] EMIF 2 REG Read 0x08016893 at 0x4d0000cc
[12888.322753] Temp polling alert disabled
[12888.322784] Refresh Disabled at EMIF2
[12888.322814] [i] Initialiting PUF & hammer rows
[12888.322814] [i] Single-Sided Rowhammer (SSRH)
[12888.322814] [i] Finished initialiting PUF & hammer rows
[12888.329528] [i]	Timer elapsed since its reset 0 sec
[12888.329528] [i] Decay: 60 sec
[12888.329528] [i]	Relative Decay: 0 msec
