[11268.174377] [i] Total hammer attempts per row: 3726827
[11268.174377] EMIF 2 REG Write 0x00000618 at 0x4d000010
[11268.174407] EMIF 2 REG Read 0x00000618 at 0x4d000010
[11268.174407] EMIF 2 REG Write 0x00000618 at 0x4d000014
[11268.174438] EMIF 2 REG Read 0x00000618 at 0x4d000014
[11268.174438] EMIF 2 REG Write 0x58016893 at 0x4d0000cc
[11268.174468] EMIF 2 REG Read 0x58016893 at 0x4d0000cc
[11268.174468] Temp polling alert enabled
[11268.174468] Refresh enabled at EMIF2
[11268.174499] [i] Starting PUF read-out
[11268.174499] [i] Single-Sided Rowhammer (SSRH)
[11268.174530] PUF Read:0x00000010 at 0xa0008000
[11268.174530] PUF Read:0x00000400 at 0xa0008004
[11268.174530] PUF Read:0x00000000 at 0xa0008008
[11268.174591] PUF Read:0x00000000 at 0xa000800c
[11268.174591] PUF Read:0x00000000 at 0xa0008010
[11268.174591] PUF Read:0x00000100 at 0xa0008014
[11268.174682] PUF Read:0x00000000 at 0xa0008018
[11268.174682] PUF Read:0x10400100 at 0xa000801c
[11268.174682] PUF Read:0x40000000 at 0xa0008020
[11268.174682] PUF Read:0x40004000 at 0xa0008024
[11268.174774] PUF Read:0x00004000 at 0xa0008028
[11268.174774] PUF Read:0x00000010 at 0xa000802c
[11268.174835] PUF Read:0x40000000 at 0xa0008030
[11268.174865] PUF Read:0x04000000 at 0xa0008034
[11268.174865] PUF Read:0x00004000 at 0xa0008038
[11268.174865] PUF Read:0x00000000 at 0xa000803c
[11268.174865] PUF Read:0x00000001 at 0xa0008040
[11268.174865] PUF Read:0x00004000 at 0xa0008044
[11268.174865] PUF Read:0x00000000 at 0xa0008048
[11268.174865] PUF Read:0x00000001 at 0xa000804c
[11268.175048] PUF Read:0x00000000 at 0xa0008050
[11268.175079] PUF Read:0x00000000 at 0xa0008054
[11268.175079] PUF Read:0x00000000 at 0xa0008058
[11268.175079] PUF Read:0x00000000 at 0xa000805c
[11268.175140] PUF Read:0x00000000 at 0xa0008060
[11268.175140] PUF Read:0x00100000 at 0xa0008064
[11268.175201] PUF Read:0x00000000 at 0xa0008068
[11268.175231] PUF Read:0x00000000 at 0xa000806c
[11268.175231] PUF Read:0x00000010 at 0xa0008070
[11268.175231] PUF Read:0x00000000 at 0xa0008074
[11268.175292] PUF Read:0x00000000 at 0xa0008078
[11268.175292] PUF Read:0x00010000 at 0xa000807c
[11268.175354] PUF Read:0x00010001 at 0xa0008080
[11268.175384] PUF Read:0x00000000 at 0xa0008084
[11268.175384] PUF Read:0x00000000 at 0xa0008088
[11268.175384] PUF Read:0x00000000 at 0xa000808c
[11268.175445] PUF Read:0x00000000 at 0xa0008090
[11268.175445] PUF Read:0x10000000 at 0xa0008094
[11268.175506] PUF Read:0x00410001 at 0xa0008098
[11268.175537] PUF Read:0x00000000 at 0xa000809c
[11268.175537] PUF Read:0x00000000 at 0xa00080a0
[11268.175598] PUF Read:0x00010000 at 0xa00080a4
[11268.175598] PUF Read:0x00010001 at 0xa00080a8
[11268.175598] PUF Read:0x00000041 at 0xa00080ac
[11268.175598] PUF Read:0x00000000 at 0xa00080b0
[11268.175689] PUF Read:0x00000000 at 0xa00080b4
[11268.175689] PUF Read:0x00004000 at 0xa00080b8
[11268.175689] PUF Read:0x00000000 at 0xa00080bc
[11268.175689] PUF Read:0x00000400 at 0xa00080c0
[11268.175689] PUF Read:0x00000000 at 0xa00080c4
[11268.175689] PUF Read:0x10100000 at 0xa00080c8
[11268.175842] PUF Read:0x01000000 at 0xa00080cc
[11268.175872] PUF Read:0x40044000 at 0xa00080d0
[11268.175872] PUF Read:0x00000000 at 0xa00080d4
[11268.175872] PUF Read:0x00001000 at 0xa00080d8
[11268.175933] PUF Read:0x00000000 at 0xa00080dc
[11268.175933] PUF Read:0x01000000 at 0xa00080e0
[11268.175994] PUF Read:0x00000000 at 0xa00080e4
[11268.176025] PUF Read:0x00000000 at 0xa00080e8
[11268.176025] PUF Read:0x00000001 at 0xa00080ec
[11268.176025] PUF Read:0x00000000 at 0xa00080f0
[11268.176086] PUF Read:0x00000000 at 0xa00080f4
[11268.176086] PUF Read:0x00000100 at 0xa00080f8
[11268.176147] PUF Read:0x00000000 at 0xa00080fc
[11268.176177] PUF Read:0x00000000 at 0xa0008100
[11268.176177] PUF Read:0x00000000 at 0xa0008104
[11268.176177] PUF Read:0x00000000 at 0xa0008108
[11268.176239] PUF Read:0x00000100 at 0xa000810c
[11268.176239] PUF Read:0x00000000 at 0xa0008110
[11268.176300] PUF Read:0x00400000 at 0xa0008114
[11268.176330] PUF Read:0x00000000 at 0xa0008118
[11268.176330] PUF Read:0x00000000 at 0xa000811c
[11268.176330] PUF Read:0x01000000 at 0xa0008120
[11268.176391] PUF Read:0x00000400 at 0xa0008124
[11268.176391] PUF Read:0x00000040 at 0xa0008128
[11268.176391] PUF Read:0x00000000 at 0xa000812c
[11268.176483] PUF Read:0x00000000 at 0xa0008130
[11268.176513] PUF Read:0x00000000 at 0xa0008134
[11268.176513] PUF Read:0x00010000 at 0xa0008138
[11268.176574] PUF Read:0x00000000 at 0xa000813c
[11268.176574] PUF Read:0x40000400 at 0xa0008140
[11268.176574] PUF Read:0x00000040 at 0xa0008144
[11268.176574] PUF Read:0x00100400 at 0xa0008148
[11268.176666] PUF Read:0x00000000 at 0xa000814c
[11268.176666] PUF Read:0x00000000 at 0xa0008150
[11268.176666] PUF Read:0x00000000 at 0xa0008154
[11268.176666] PUF Read:0x00000000 at 0xa0008158
[11268.176666] PUF Read:0x01100000 at 0xa000815c
[11268.176666] PUF Read:0x00001000 at 0xa0008160
[11268.176818] PUF Read:0x00000000 at 0xa0008164
[11268.176818] PUF Read:0x04000000 at 0xa0008168
[11268.176818] PUF Read:0x00400000 at 0xa000816c
[11268.176818] PUF Read:0x00000000 at 0xa0008170
[11268.176910] PUF Read:0x00100000 at 0xa0008174
[11268.176910] PUF Read:0x00000000 at 0xa0008178
[11268.176971] PUF Read:0x00004000 at 0xa000817c
[11268.177001] PUF Read:0x00000000 at 0xa0008180
[11268.177001] PUF Read:0x00000000 at 0xa0008184
[11268.177001] PUF Read:0x00040000 at 0xa0008188
[11268.177062] PUF Read:0x00000440 at 0xa000818c
[11268.177062] PUF Read:0x00000000 at 0xa0008190
[11268.177124] PUF Read:0x40000000 at 0xa0008194
[11268.177154] PUF Read:0x00000004 at 0xa0008198
[11268.177154] PUF Read:0x00000000 at 0xa000819c
[11268.177154] PUF Read:0x00000000 at 0xa00081a0
[11268.177154] PUF Read:0x00000000 at 0xa00081a4
[11268.177154] PUF Read:0x00000000 at 0xa00081a8
[11268.177154] PUF Read:0x00000040 at 0xa00081ac
[11268.177307] PUF Read:0x00410000 at 0xa00081b0
[11268.177307] PUF Read:0x00000000 at 0xa00081b4
[11268.177307] PUF Read:0x00000000 at 0xa00081b8
[11268.177307] PUF Read:0x00100000 at 0xa00081bc
[11268.177398] PUF Read:0x00000000 at 0xa00081c0
[11268.177398] PUF Read:0x00000004 at 0xa00081c4
[11268.177459] PUF Read:0x00000000 at 0xa00081c8
[11268.177490] PUF Read:0x00010000 at 0xa00081cc
[11268.177490] PUF Read:0x10000000 at 0xa00081d0
[11268.177490] PUF Read:0x00000000 at 0xa00081d4
[11268.177551] PUF Read:0x10000000 at 0xa00081d8
[11268.177551] PUF Read:0x00004000 at 0xa00081dc
[11268.177612] PUF Read:0x00000000 at 0xa00081e0
[11268.177642] PUF Read:0x00000040 at 0xa00081e4
[11268.177642] PUF Read:0x00000000 at 0xa00081e8
[11268.177703] PUF Read:0x00000010 at 0xa00081ec
[11268.177703] PUF Read:0x00000001 at 0xa00081f0
[11268.177703] PUF Read:0x00010400 at 0xa00081f4
[11268.177703] PUF Read:0x00000000 at 0xa00081f8
[11268.177795] PUF Read:0x00000040 at 0xa00081fc
[11268.177795] PUF Read:0x00000000 at 0xa0008200
[11268.177795] PUF Read:0x00000000 at 0xa0008204
[11268.177795] PUF Read:0x00000010 at 0xa0008208
[11268.177795] PUF Read:0x00000000 at 0xa000820c
[11268.177795] PUF Read:0x00400000 at 0xa0008210
[11268.177947] PUF Read:0x00000000 at 0xa0008214
[11268.177947] PUF Read:0x00000400 at 0xa0008218
[11268.177947] PUF Read:0x00000000 at 0xa000821c
[11268.177947] PUF Read:0x00000000 at 0xa0008220
[11268.178039] PUF Read:0x00100000 at 0xa0008224
[11268.178039] PUF Read:0x00000000 at 0xa0008228
[11268.178100] PUF Read:0x00000000 at 0xa000822c
[11268.178131] PUF Read:0x00000500 at 0xa0008230
[11268.178131] PUF Read:0x00400000 at 0xa0008234
[11268.178192] PUF Read:0x00000000 at 0xa0008238
[11268.178192] PUF Read:0x00000400 at 0xa000823c
[11268.178192] PUF Read:0x00000004 at 0xa0008240
[11268.178192] PUF Read:0x00000000 at 0xa0008244
[11268.178283] PUF Read:0x00040000 at 0xa0008248
[11268.178283] PUF Read:0x00000000 at 0xa000824c
[11268.178283] PUF Read:0x04000000 at 0xa0008250
[11268.178283] PUF Read:0x00100000 at 0xa0008254
[11268.178375] PUF Read:0x00000000 at 0xa0008258
[11268.178375] PUF Read:0x04040000 at 0xa000825c
[11268.178436] PUF Read:0x00000000 at 0xa0008260
[11268.178466] PUF Read:0x00001000 at 0xa0008264
[11268.178466] PUF Read:0x00000400 at 0xa0008268
[11268.178466] PUF Read:0x00001000 at 0xa000826c
[11268.178527] PUF Read:0x00000000 at 0xa0008270
[11268.178527] PUF Read:0x00000000 at 0xa0008274
[11268.178588] PUF Read:0x00000040 at 0xa0008278
[11268.178619] PUF Read:0x00100000 at 0xa000827c
[11268.178619] PUF Read:0x40000000 at 0xa0008280
[11268.178680] PUF Read:0x00000000 at 0xa0008284
[11268.178680] PUF Read:0x00400000 at 0xa0008288
[11268.178680] PUF Read:0x00000000 at 0xa000828c
[11268.178741] PUF Read:0x00000000 at 0xa0008290
[11268.178771] PUF Read:0x00000000 at 0xa0008294
[11268.178771] PUF Read:0x00000000 at 0xa0008298
[11268.178771] PUF Read:0x00000000 at 0xa000829c
[11268.178833] PUF Read:0x00000400 at 0xa00082a0
[11268.178833] PUF Read:0x00001000 at 0xa00082a4
[11268.178894] PUF Read:0x00000000 at 0xa00082a8
[11268.178924] PUF Read:0x00000000 at 0xa00082ac
[11268.178924] PUF Read:0x00000000 at 0xa00082b0
[11268.178985] PUF Read:0x00000000 at 0xa00082b4
[11268.178985] PUF Read:0x00000040 at 0xa00082b8
[11268.178985] PUF Read:0x00000000 at 0xa00082bc
[11268.179046] PUF Read:0x00000000 at 0xa00082c0
[11268.179077] PUF Read:0x00000000 at 0xa00082c4
[11268.179077] PUF Read:0x10000000 at 0xa00082c8
[11268.179077] PUF Read:0x00000000 at 0xa00082cc
[11268.179077] PUF Read:0x00100000 at 0xa00082d0
[11268.179168] PUF Read:0x00000000 at 0xa00082d4
[11268.179168] PUF Read:0x40000000 at 0xa00082d8
[11268.179229] PUF Read:0x00004000 at 0xa00082dc
[11268.179260] PUF Read:0x00000000 at 0xa00082e0
[11268.179260] PUF Read:0x00000400 at 0xa00082e4
[11268.179260] PUF Read:0x00000100 at 0xa00082e8
[11268.179321] PUF Read:0x00000001 at 0xa00082ec
[11268.179321] PUF Read:0x00000001 at 0xa00082f0
[11268.179382] PUF Read:0x00000000 at 0xa00082f4
[11268.179412] PUF Read:0x00000000 at 0xa00082f8
[11268.179412] PUF Read:0x00000000 at 0xa00082fc
[11268.179412] PUF Read:0x00000100 at 0xa0008300
[11268.179473] PUF Read:0x00000000 at 0xa0008304
[11268.179473] PUF Read:0x00000000 at 0xa0008308
[11268.179473] PUF Read:0x00000000 at 0xa000830c
[11268.179565] PUF Read:0x00000000 at 0xa0008310
[11268.179595] PUF Read:0x00000010 at 0xa0008314
[11268.179595] PUF Read:0x01500000 at 0xa0008318
[11268.179595] PUF Read:0x10000000 at 0xa000831c
[11268.179656] PUF Read:0x00000000 at 0xa0008320
[11268.179656] PUF Read:0x00000100 at 0xa0008324
[11268.179718] PUF Read:0x00000000 at 0xa0008328
[11268.179748] PUF Read:0x00010000 at 0xa000832c
[11268.179748] PUF Read:0x00000004 at 0xa0008330
[11268.179809] PUF Read:0x00000100 at 0xa0008334
[11268.179809] PUF Read:0x00001000 at 0xa0008338
[11268.179809] PUF Read:0x00000000 at 0xa000833c
[11268.179809] PUF Read:0x10000100 at 0xa0008340
[11268.179901] PUF Read:0x00000001 at 0xa0008344
[11268.179901] PUF Read:0x00000000 at 0xa0008348
[11268.179901] PUF Read:0x00000100 at 0xa000834c
[11268.179901] PUF Read:0x00000000 at 0xa0008350
[11268.179901] PUF Read:0x00000000 at 0xa0008354
[11268.179901] PUF Read:0x00000000 at 0xa0008358
[11268.180053] PUF Read:0x00001000 at 0xa000835c
[11268.180053] PUF Read:0x00014000 at 0xa0008360
[11268.180053] PUF Read:0x00000000 at 0xa0008364
[11268.180053] PUF Read:0x00000000 at 0xa0008368
[11268.180145] PUF Read:0x00000400 at 0xa000836c
[11268.180145] PUF Read:0x00000000 at 0xa0008370
[11268.180206] PUF Read:0x00000000 at 0xa0008374
[11268.180236] PUF Read:0x40010000 at 0xa0008378
[11268.180236] PUF Read:0x00000040 at 0xa000837c
[11268.180236] PUF Read:0x00000000 at 0xa0008380
[11268.180297] PUF Read:0x00000000 at 0xa0008384
[11268.180297] PUF Read:0x00000004 at 0xa0008388
[11268.180358] PUF Read:0x00000000 at 0xa000838c
[11268.180389] PUF Read:0x00000001 at 0xa0008390
[11268.180389] PUF Read:0x00000100 at 0xa0008394
[11268.180389] PUF Read:0x10000000 at 0xa0008398
[11268.180450] PUF Read:0x00000004 at 0xa000839c
[11268.180450] PUF Read:0x00004000 at 0xa00083a0
[11268.180511] PUF Read:0x00000000 at 0xa00083a4
[11268.180541] PUF Read:0x00100000 at 0xa00083a8
[11268.180541] PUF Read:0x00001000 at 0xa00083ac
[11268.180603] PUF Read:0x00000000 at 0xa00083b0
[11268.180603] PUF Read:0x00000000 at 0xa00083b4
[11268.180603] PUF Read:0x00000000 at 0xa00083b8
[11268.180664] PUF Read:0x00000000 at 0xa00083bc
[11268.180694] PUF Read:0x00000040 at 0xa00083c0
[11268.180694] PUF Read:0x04000000 at 0xa00083c4
[11268.180694] PUF Read:0x00000000 at 0xa00083c8
[11268.180694] PUF Read:0x00000000 at 0xa00083cc
[11268.180694] PUF Read:0x00000000 at 0xa00083d0
[11268.180694] PUF Read:0x00010000 at 0xa00083d4
[11268.180847] PUF Read:0x00000000 at 0xa00083d8
[11268.180847] PUF Read:0x00000000 at 0xa00083dc
[11268.180847] PUF Read:0x00140004 at 0xa00083e0
[11268.180847] PUF Read:0x10000000 at 0xa00083e4
[11268.180847] PUF Read:0x04000000 at 0xa00083e8
[11268.180847] PUF Read:0x00000000 at 0xa00083ec
[11268.180999] PUF Read:0x00000400 at 0xa00083f0
[11268.181030] PUF Read:0x04000000 at 0xa00083f4
[11268.181030] PUF Read:0x00000004 at 0xa00083f8
[11268.181030] PUF Read:0x00044000 at 0xa00083fc
[11268.181030] [i] Finished PUF read-out
[11268.181121] <6>[i] Finished PUF query for decaytime: 15360
[11268.181121] End measurement:1
[11268.181121] [i] Start measurement: 2
[11268.181121] [i] Start decaytime: 60
[11268.181152] EMIF 2 REG Write 0x80000000 at 0x4d000010
[11268.181152] EMIF 2 REG Read 0x80000000 at 0x4d000010
[11268.181182] EMIF 2 REG Write 0x80000000 at 0x4d000014
[11268.181182] EMIF 2 REG Read 0x00000000 at 0x4d000014
[11268.181213] EMIF 2 REG Write 0x08016893 at 0x4d0000cc
[11268.181213] EMIF 2 REG Read 0x08016893 at 0x4d0000cc
[11268.181213] Temp polling alert disabled
[11268.181243] Refresh Disabled at EMIF2
[11268.181243] [i] Initialiting PUF & hammer rows
[11268.181243] [i] Single-Sided Rowhammer (SSRH)
[11268.189270] [i] Finished initialiting PUF & hammer rows
[11268.189270] [i]	Timer elapsed since its reset 0 sec
[11268.189300] [i] Decay: 60 sec
[11268.189300] [i]	Relative Decay: 0 msec
