[34345.408782] [i] Total hammer attempts per row: 3729285
[34345.408782] EMIF 2 REG Write 0x00000618 at 0x4d000010
[34345.408813] EMIF 2 REG Read 0x00000618 at 0x4d000010
[34345.408813] EMIF 2 REG Write 0x00000618 at 0x4d000014
[34345.408843] EMIF 2 REG Read 0x00000618 at 0x4d000014
[34345.408843] EMIF 2 REG Write 0x58016893 at 0x4d0000cc
[34345.408874] EMIF 2 REG Read 0x58016893 at 0x4d0000cc
[34345.408874] Temp polling alert enabled
[34345.408874] Refresh enabled at EMIF2
[34345.408905] [i] Starting PUF read-out
[34345.408905] [i] Single-Sided Rowhammer (SSRH)
[34345.408935] PUF Read:0x00000010 at 0xa0008000
[34345.408935] PUF Read:0x00000400 at 0xa0008004
[34345.408935] PUF Read:0x00000000 at 0xa0008008
[34345.408996] PUF Read:0x00000000 at 0xa000800c
[34345.408996] PUF Read:0x00000000 at 0xa0008010
[34345.408996] PUF Read:0x00000100 at 0xa0008014
[34345.409088] PUF Read:0x00000000 at 0xa0008018
[34345.409118] PUF Read:0x10400100 at 0xa000801c
[34345.409118] PUF Read:0x40000000 at 0xa0008020
[34345.409118] PUF Read:0x40004000 at 0xa0008024
[34345.409179] PUF Read:0x00004000 at 0xa0008028
[34345.409179] PUF Read:0x00000010 at 0xa000802c
[34345.409240] PUF Read:0x40000000 at 0xa0008030
[34345.409271] PUF Read:0x04000000 at 0xa0008034
[34345.409271] PUF Read:0x00004000 at 0xa0008038
[34345.409271] PUF Read:0x00000000 at 0xa000803c
[34345.409271] PUF Read:0x00000001 at 0xa0008040
[34345.409271] PUF Read:0x00004000 at 0xa0008044
[34345.409271] PUF Read:0x00000000 at 0xa0008048
[34345.409423] PUF Read:0x00000001 at 0xa000804c
[34345.409423] PUF Read:0x00000000 at 0xa0008050
[34345.409423] PUF Read:0x00000000 at 0xa0008054
[34345.409423] PUF Read:0x00000000 at 0xa0008058
[34345.409423] PUF Read:0x00000000 at 0xa000805c
[34345.409423] PUF Read:0x00000000 at 0xa0008060
[34345.409576] PUF Read:0x00100000 at 0xa0008064
[34345.409576] PUF Read:0x00000000 at 0xa0008068
[34345.409576] PUF Read:0x00000000 at 0xa000806c
[34345.409576] PUF Read:0x00000010 at 0xa0008070
[34345.409576] PUF Read:0x00000000 at 0xa0008074
[34345.409576] PUF Read:0x00000000 at 0xa0008078
[34345.409729] PUF Read:0x00010000 at 0xa000807c
[34345.409729] PUF Read:0x00010000 at 0xa0008080
[34345.409729] PUF Read:0x00000000 at 0xa0008084
[34345.409729] PUF Read:0x00000000 at 0xa0008088
[34345.409729] PUF Read:0x00000000 at 0xa000808c
[34345.409729] PUF Read:0x00000000 at 0xa0008090
[34345.409881] PUF Read:0x10000000 at 0xa0008094
[34345.409881] PUF Read:0x00410001 at 0xa0008098
[34345.409881] PUF Read:0x00000000 at 0xa000809c
[34345.409881] PUF Read:0x00000000 at 0xa00080a0
[34345.409881] PUF Read:0x00010000 at 0xa00080a4
[34345.409881] PUF Read:0x00010001 at 0xa00080a8
[34345.410034] PUF Read:0x00000041 at 0xa00080ac
[34345.410064] PUF Read:0x00000000 at 0xa00080b0
[34345.410064] PUF Read:0x00000000 at 0xa00080b4
[34345.410064] PUF Read:0x00004000 at 0xa00080b8
[34345.410125] PUF Read:0x00000000 at 0xa00080bc
[34345.410125] PUF Read:0x00000400 at 0xa00080c0
[34345.410186] PUF Read:0x00000000 at 0xa00080c4
[34345.410217] PUF Read:0x10100000 at 0xa00080c8
[34345.410217] PUF Read:0x01000000 at 0xa00080cc
[34345.410217] PUF Read:0x40044000 at 0xa00080d0
[34345.410278] PUF Read:0x00000000 at 0xa00080d4
[34345.410278] PUF Read:0x00001000 at 0xa00080d8
[34345.410339] PUF Read:0x00000000 at 0xa00080dc
[34345.410369] PUF Read:0x01000000 at 0xa00080e0
[34345.410369] PUF Read:0x00000000 at 0xa00080e4
[34345.410369] PUF Read:0x00000000 at 0xa00080e8
[34345.410430] PUF Read:0x00000001 at 0xa00080ec
[34345.410430] PUF Read:0x00000000 at 0xa00080f0
[34345.410491] PUF Read:0x00000000 at 0xa00080f4
[34345.410522] PUF Read:0x00000100 at 0xa00080f8
[34345.410522] PUF Read:0x00000000 at 0xa00080fc
[34345.410583] PUF Read:0x00000000 at 0xa0008100
[34345.410583] PUF Read:0x00000000 at 0xa0008104
[34345.410583] PUF Read:0x00000000 at 0xa0008108
[34345.410583] PUF Read:0x00000000 at 0xa000810c
[34345.410675] PUF Read:0x00000000 at 0xa0008110
[34345.410705] PUF Read:0x00400000 at 0xa0008114
[34345.410705] PUF Read:0x00000000 at 0xa0008118
[34345.410705] PUF Read:0x00000000 at 0xa000811c
[34345.410766] PUF Read:0x01000000 at 0xa0008120
[34345.410766] PUF Read:0x00000400 at 0xa0008124
[34345.410827] PUF Read:0x00000040 at 0xa0008128
[34345.410858] PUF Read:0x00000000 at 0xa000812c
[34345.410858] PUF Read:0x00000000 at 0xa0008130
[34345.410858] PUF Read:0x00000000 at 0xa0008134
[34345.410919] PUF Read:0x00010000 at 0xa0008138
[34345.410919] PUF Read:0x00000000 at 0xa000813c
[34345.410980] PUF Read:0x40000400 at 0xa0008140
[34345.411010] PUF Read:0x00000000 at 0xa0008144
[34345.411010] PUF Read:0x00100400 at 0xa0008148
[34345.411010] PUF Read:0x00000000 at 0xa000814c
[34345.411071] PUF Read:0x00000000 at 0xa0008150
[34345.411071] PUF Read:0x00000000 at 0xa0008154
[34345.411132] PUF Read:0x00000000 at 0xa0008158
[34345.411163] PUF Read:0x00100040 at 0xa000815c
[34345.411163] PUF Read:0x00001000 at 0xa0008160
[34345.411163] PUF Read:0x00000000 at 0xa0008164
[34345.411224] PUF Read:0x04000000 at 0xa0008168
[34345.411224] PUF Read:0x00400000 at 0xa000816c
[34345.411285] PUF Read:0x00000000 at 0xa0008170
[34345.411315] PUF Read:0x00100000 at 0xa0008174
[34345.411315] PUF Read:0x00000000 at 0xa0008178
[34345.411315] PUF Read:0x00004000 at 0xa000817c
[34345.411315] PUF Read:0x00000000 at 0xa0008180
[34345.411315] PUF Read:0x00000000 at 0xa0008184
[34345.411437] PUF Read:0x00040000 at 0xa0008188
[34345.411468] PUF Read:0x00000440 at 0xa000818c
[34345.411468] PUF Read:0x00000000 at 0xa0008190
[34345.411529] PUF Read:0x40000000 at 0xa0008194
[34345.411529] PUF Read:0x00000004 at 0xa0008198
[34345.411529] PUF Read:0x00000000 at 0xa000819c
[34345.411529] PUF Read:0x00000000 at 0xa00081a0
[34345.411621] PUF Read:0x00000000 at 0xa00081a4
[34345.411621] PUF Read:0x00000000 at 0xa00081a8
[34345.411621] PUF Read:0x00000000 at 0xa00081ac
[34345.411621] PUF Read:0x00410000 at 0xa00081b0
[34345.411621] PUF Read:0x00000000 at 0xa00081b4
[34345.411621] PUF Read:0x00000000 at 0xa00081b8
[34345.411773] PUF Read:0x00100000 at 0xa00081bc
[34345.411773] PUF Read:0x00000000 at 0xa00081c0
[34345.411773] PUF Read:0x00000004 at 0xa00081c4
[34345.411773] PUF Read:0x00000000 at 0xa00081c8
[34345.411773] PUF Read:0x00010000 at 0xa00081cc
[34345.411773] PUF Read:0x10000000 at 0xa00081d0
[34345.411926] PUF Read:0x00000000 at 0xa00081d4
[34345.411926] PUF Read:0x10000000 at 0xa00081d8
[34345.411926] PUF Read:0x00004000 at 0xa00081dc
[34345.411926] PUF Read:0x00000000 at 0xa00081e0
[34345.412017] PUF Read:0x00000040 at 0xa00081e4
[34345.412017] PUF Read:0x00000000 at 0xa00081e8
[34345.412078] PUF Read:0x00000010 at 0xa00081ec
[34345.412109] PUF Read:0x00000001 at 0xa00081f0
[34345.412109] PUF Read:0x00010400 at 0xa00081f4
[34345.412109] PUF Read:0x00000000 at 0xa00081f8
[34345.412109] PUF Read:0x00000040 at 0xa00081fc
[34345.412200] PUF Read:0x00000000 at 0xa0008200
[34345.412200] PUF Read:0x00000000 at 0xa0008204
[34345.412261] PUF Read:0x00000010 at 0xa0008208
[34345.412292] PUF Read:0x00000000 at 0xa000820c
[34345.412292] PUF Read:0x00400000 at 0xa0008210
[34345.412292] PUF Read:0x00000000 at 0xa0008214
[34345.412353] PUF Read:0x00000400 at 0xa0008218
[34345.412353] PUF Read:0x00000000 at 0xa000821c
[34345.412414] PUF Read:0x00000000 at 0xa0008220
[34345.412445] PUF Read:0x00100000 at 0xa0008224
[34345.412445] PUF Read:0x00000000 at 0xa0008228
[34345.412445] PUF Read:0x00000000 at 0xa000822c
[34345.412506] PUF Read:0x00000500 at 0xa0008230
[34345.412506] PUF Read:0x00400000 at 0xa0008234
[34345.412567] PUF Read:0x00000000 at 0xa0008238
[34345.412597] PUF Read:0x00000400 at 0xa000823c
[34345.412597] PUF Read:0x00000004 at 0xa0008240
[34345.412597] PUF Read:0x00000000 at 0xa0008244
[34345.412597] PUF Read:0x00040000 at 0xa0008248
[34345.412597] PUF Read:0x00000000 at 0xa000824c
[34345.412597] PUF Read:0x04000000 at 0xa0008250
[34345.412750] PUF Read:0x00100000 at 0xa0008254
[34345.412750] PUF Read:0x00000000 at 0xa0008258
[34345.412750] PUF Read:0x04040000 at 0xa000825c
[34345.412750] PUF Read:0x00000000 at 0xa0008260
[34345.412750] PUF Read:0x00001000 at 0xa0008264
[34345.412750] PUF Read:0x00000400 at 0xa0008268
[34345.412902] PUF Read:0x00001000 at 0xa000826c
[34345.412933] PUF Read:0x00000000 at 0xa0008270
[34345.412933] PUF Read:0x00000000 at 0xa0008274
[34345.412933] PUF Read:0x00000040 at 0xa0008278
[34345.412994] PUF Read:0x00100000 at 0xa000827c
[34345.412994] PUF Read:0x40000000 at 0xa0008280
[34345.413055] PUF Read:0x00000000 at 0xa0008284
[34345.413085] PUF Read:0x00400000 at 0xa0008288
[34345.413085] PUF Read:0x00000000 at 0xa000828c
[34345.413085] PUF Read:0x00000000 at 0xa0008290
[34345.413146] PUF Read:0x00000000 at 0xa0008294
[34345.413146] PUF Read:0x00000000 at 0xa0008298
[34345.413208] PUF Read:0x00000000 at 0xa000829c
[34345.413238] PUF Read:0x00000400 at 0xa00082a0
[34345.413238] PUF Read:0x00001000 at 0xa00082a4
[34345.413238] PUF Read:0x00000000 at 0xa00082a8
[34345.413299] PUF Read:0x00000000 at 0xa00082ac
[34345.413299] PUF Read:0x00000000 at 0xa00082b0
[34345.413360] PUF Read:0x00000000 at 0xa00082b4
[34345.413391] PUF Read:0x00000040 at 0xa00082b8
[34345.413391] PUF Read:0x00000000 at 0xa00082bc
[34345.413391] PUF Read:0x00000000 at 0xa00082c0
[34345.413452] PUF Read:0x00000000 at 0xa00082c4
[34345.413452] PUF Read:0x10000000 at 0xa00082c8
[34345.413513] PUF Read:0x00000000 at 0xa00082cc
[34345.413543] PUF Read:0x00100000 at 0xa00082d0
[34345.413543] PUF Read:0x00000000 at 0xa00082d4
[34345.413543] PUF Read:0x40000000 at 0xa00082d8
[34345.413604] PUF Read:0x00004000 at 0xa00082dc
[34345.413604] PUF Read:0x00000000 at 0xa00082e0
[34345.413604] PUF Read:0x00000400 at 0xa00082e4
[34345.413696] PUF Read:0x00000100 at 0xa00082e8
[34345.413696] PUF Read:0x00000001 at 0xa00082ec
[34345.413696] PUF Read:0x00000001 at 0xa00082f0
[34345.413696] PUF Read:0x00000000 at 0xa00082f4
[34345.413696] PUF Read:0x00000000 at 0xa00082f8
[34345.413696] PUF Read:0x00000000 at 0xa00082fc
[34345.413848] PUF Read:0x00000100 at 0xa0008300
[34345.413848] PUF Read:0x00000000 at 0xa0008304
[34345.413848] PUF Read:0x00000000 at 0xa0008308
[34345.413848] PUF Read:0x00000000 at 0xa000830c
[34345.413848] PUF Read:0x00000000 at 0xa0008310
[34345.413848] PUF Read:0x00000010 at 0xa0008314
[34345.414001] PUF Read:0x01500000 at 0xa0008318
[34345.414031] PUF Read:0x10000000 at 0xa000831c
[34345.414031] PUF Read:0x00000000 at 0xa0008320
[34345.414031] PUF Read:0x00000100 at 0xa0008324
[34345.414093] PUF Read:0x00000000 at 0xa0008328
[34345.414093] PUF Read:0x00010000 at 0xa000832c
[34345.414154] PUF Read:0x00000004 at 0xa0008330
[34345.414154] PUF Read:0x00000100 at 0xa0008334
[34345.414154] PUF Read:0x00001000 at 0xa0008338
[34345.414154] PUF Read:0x00000000 at 0xa000833c
[34345.414154] PUF Read:0x10000100 at 0xa0008340
[34345.414154] PUF Read:0x00000001 at 0xa0008344
[34345.414306] PUF Read:0x00000000 at 0xa0008348
[34345.414306] PUF Read:0x00000100 at 0xa000834c
[34345.414306] PUF Read:0x00000000 at 0xa0008350
[34345.414306] PUF Read:0x00000000 at 0xa0008354
[34345.414306] PUF Read:0x00000000 at 0xa0008358
[34345.414306] PUF Read:0x00000000 at 0xa000835c
[34345.414459] PUF Read:0x00014000 at 0xa0008360
[34345.414489] PUF Read:0x00000000 at 0xa0008364
[34345.414489] PUF Read:0x00000000 at 0xa0008368
[34345.414489] PUF Read:0x00000400 at 0xa000836c
[34345.414550] PUF Read:0x00000000 at 0xa0008370
[34345.414550] PUF Read:0x00000000 at 0xa0008374
[34345.414611] PUF Read:0x40000000 at 0xa0008378
[34345.414642] PUF Read:0x00000040 at 0xa000837c
[34345.414642] PUF Read:0x00000000 at 0xa0008380
[34345.414642] PUF Read:0x00000000 at 0xa0008384
[34345.414703] PUF Read:0x00000000 at 0xa0008388
[34345.414703] PUF Read:0x00000000 at 0xa000838c
[34345.414764] PUF Read:0x00000001 at 0xa0008390
[34345.414794] PUF Read:0x00000100 at 0xa0008394
[34345.414794] PUF Read:0x10000000 at 0xa0008398
[34345.414794] PUF Read:0x00000000 at 0xa000839c
[34345.414855] PUF Read:0x00000000 at 0xa00083a0
[34345.414855] PUF Read:0x00000000 at 0xa00083a4
[34345.414916] PUF Read:0x00000000 at 0xa00083a8
[34345.414947] PUF Read:0x00001000 at 0xa00083ac
[34345.414947] PUF Read:0x00000000 at 0xa00083b0
[34345.414947] PUF Read:0x00000000 at 0xa00083b4
[34345.415008] PUF Read:0x00000000 at 0xa00083b8
[34345.415008] PUF Read:0x00000000 at 0xa00083bc
[34345.415069] PUF Read:0x00000040 at 0xa00083c0
[34345.415100] PUF Read:0x04000000 at 0xa00083c4
[34345.415100] PUF Read:0x00000000 at 0xa00083c8
[34345.415100] PUF Read:0x00000000 at 0xa00083cc
[34345.415161] PUF Read:0x00000000 at 0xa00083d0
[34345.415191] PUF Read:0x00010000 at 0xa00083d4
[34345.415191] PUF Read:0x00000000 at 0xa00083d8
[34345.415252] PUF Read:0x00000000 at 0xa00083dc
[34345.415283] PUF Read:0x00140000 at 0xa00083e0
[34345.415283] PUF Read:0x10000000 at 0xa00083e4
[34345.415283] PUF Read:0x00000000 at 0xa00083e8
[34345.415344] PUF Read:0x00000000 at 0xa00083ec
[34345.415344] PUF Read:0x00000400 at 0xa00083f0
[34345.415405] PUF Read:0x04000000 at 0xa00083f4
[34345.415435] PUF Read:0x00000004 at 0xa00083f8
[34345.415435] PUF Read:0x00040000 at 0xa00083fc
[34345.415435] [i] Finished PUF read-out
[34345.415496] <6>[i] Finished PUF query for decaytime: 15360
[34345.415496] End measurement:9
[34345.415496] [i] Start measurement: 10
[34345.415527] [i] Start decaytime: 60
[34345.415527] EMIF 2 REG Write 0x80000000 at 0x4d000010
[34345.415527] EMIF 2 REG Read 0x80000000 at 0x4d000010
[34345.415557] EMIF 2 REG Write 0x80000000 at 0x4d000014
[34345.415557] EMIF 2 REG Read 0x00000000 at 0x4d000014
[34345.415588] EMIF 2 REG Write 0x08016893 at 0x4d0000cc
[34345.415588] EMIF 2 REG Read 0x08016893 at 0x4d0000cc
[34345.415618] Temp polling alert disabled
[34345.415618] Refresh Disabled at EMIF2
[34345.415618] [i] Initialiting PUF & hammer rows
[34345.415618] [i] Single-Sided Rowhammer (SSRH)
[34345.417388] [i] Finished initialiting PUF & hammer rows
[34345.422393] [i]	Timer elapsed since its reset 0 sec
[34345.422393] [i] Decay: 60 sec
[34345.422393] [i]	Relative Decay: 0 msec
