[66500.604553] [i] Total hammer attempts per row: 1863964
[66500.604583] EMIF 2 REG Write 0x00000618 at 0x4d000010
[66500.604583] EMIF 2 REG Read 0x00000618 at 0x4d000010
[66500.604614] EMIF 2 REG Write 0x00000618 at 0x4d000014
[66500.604614] EMIF 2 REG Read 0x00000618 at 0x4d000014
[66500.604644] EMIF 2 REG Write 0x58016893 at 0x4d0000cc
[66500.604644] EMIF 2 REG Read 0x58016893 at 0x4d0000cc
[66500.604644] Temp polling alert enabled
[66500.604675] Refresh enabled at EMIF2
[66500.604675] [i] Starting PUF read-out
[66500.604675] [i] Single-Sided Rowhammer (SSRH)
[66500.604705] PUF Read:0xaaaaaaaa at 0xa0008000
[66500.604736] PUF Read:0xaaaaaaaa at 0xa0008004
[66500.604766] PUF Read:0xaaaaaaaa at 0xa0008008
[66500.604766] PUF Read:0xaaaaaaaa at 0xa000800c
[66500.604766] PUF Read:0xaaaaaaaa at 0xa0008010
[66500.604766] PUF Read:0xaaaaabaa at 0xa0008014
[66500.604766] PUF Read:0xaaaaaaaa at 0xa0008018
[66500.604766] PUF Read:0xaaaaaaaa at 0xa000801c
[66500.604919] PUF Read:0xaaaaaaaa at 0xa0008020
[66500.604949] PUF Read:0xaaaaaaaa at 0xa0008024
[66500.604949] PUF Read:0xaaaaaaaa at 0xa0008028
[66500.604949] PUF Read:0xaaaaaaaa at 0xa000802c
[66500.605010] PUF Read:0xaaaaaaaa at 0xa0008030
[66500.605010] PUF Read:0xaaaaaaaa at 0xa0008034
[66500.605072] PUF Read:0xaaaaaaaa at 0xa0008038
[66500.605102] PUF Read:0xaaaaaaaa at 0xa000803c
[66500.605102] PUF Read:0xaaaaaaab at 0xa0008040
[66500.605102] PUF Read:0xaaaaeaaa at 0xa0008044
[66500.605102] PUF Read:0xaaaaaaaa at 0xa0008048
[66500.605102] PUF Read:0xaaaaaaaa at 0xa000804c
[66500.605102] PUF Read:0xaaaaaaaa at 0xa0008050
[66500.605255] PUF Read:0xaaaaaaaa at 0xa0008054
[66500.605255] PUF Read:0xaaaaaaaa at 0xa0008058
[66500.605255] PUF Read:0xaaaaaaaa at 0xa000805c
[66500.605255] PUF Read:0xaaaaaaaa at 0xa0008060
[66500.605346] PUF Read:0xaaaaaaaa at 0xa0008064
[66500.605346] PUF Read:0xaaaaaaaa at 0xa0008068
[66500.605407] PUF Read:0xaaaaaaaa at 0xa000806c
[66500.605438] PUF Read:0xaaaaaaaa at 0xa0008070
[66500.605438] PUF Read:0xaaaaaaaa at 0xa0008074
[66500.605438] PUF Read:0xaaaaaaaa at 0xa0008078
[66500.605499] PUF Read:0xaaaaaaaa at 0xa000807c
[66500.605499] PUF Read:0xaaaaaaaa at 0xa0008080
[66500.605560] PUF Read:0xaaaaaaaa at 0xa0008084
[66500.605590] PUF Read:0xaaaaaaaa at 0xa0008088
[66500.605590] PUF Read:0xaaaaaaaa at 0xa000808c
[66500.605651] PUF Read:0xaaaa8aaa at 0xa0008090
[66500.605651] PUF Read:0xaaaaaaaa at 0xa0008094
[66500.605651] PUF Read:0xaaabaaaa at 0xa0008098
[66500.605712] PUF Read:0xaaaaaaaa at 0xa000809c
[66500.605743] PUF Read:0xaaaaaaaa at 0xa00080a0
[66500.605743] PUF Read:0xaaaaaaaa at 0xa00080a4
[66500.605743] PUF Read:0xaaaaaaaa at 0xa00080a8
[66500.605804] PUF Read:0xaaaaaaaa at 0xa00080ac
[66500.605804] PUF Read:0xaaaaaaaa at 0xa00080b0
[66500.605865] PUF Read:0xaa2aaaaa at 0xa00080b4
[66500.605895] PUF Read:0xaaaaaaaa at 0xa00080b8
[66500.605895] PUF Read:0x8aaaaaaa at 0xa00080bc
[66500.605895] PUF Read:0xaaaaaaaa at 0xa00080c0
[66500.605895] PUF Read:0xaaaaaaaa at 0xa00080c4
[66500.605895] PUF Read:0xaaa2aaaa at 0xa00080c8
[66500.605895] PUF Read:0xaaaaaaaa at 0xa00080cc
[66500.606048] PUF Read:0xaaaaaaaa at 0xa00080d0
[66500.606048] PUF Read:0xaaaaaaaa at 0xa00080d4
[66500.606048] PUF Read:0xaaaaaaaa at 0xa00080d8
[66500.606048] PUF Read:0xaaaaaaaa at 0xa00080dc
[66500.606140] PUF Read:0xaaaaaaaa at 0xa00080e0
[66500.606140] PUF Read:0xaaaaaaaa at 0xa00080e4
[66500.606140] PUF Read:0xaaaaaaaa at 0xa00080e8
[66500.606231] PUF Read:0xaaaaaaab at 0xa00080ec
[66500.606262] PUF Read:0x8aaaaaaa at 0xa00080f0
[66500.606262] PUF Read:0xaaaaaaaa at 0xa00080f4
[66500.606262] PUF Read:0xaaaaaaaa at 0xa00080f8
[66500.606262] PUF Read:0xaaaaaaaa at 0xa00080fc
[66500.606262] PUF Read:0xaaaaaaaa at 0xa0008100
[66500.606262] PUF Read:0xaaaaaaaa at 0xa0008104
[66500.606414] PUF Read:0xaaaaaaaa at 0xa0008108
[66500.606414] PUF Read:0xaaaaaaaa at 0xa000810c
[66500.606414] PUF Read:0xaaaaaaaa at 0xa0008110
[66500.606414] PUF Read:0xaaaaaaaa at 0xa0008114
[66500.606506] PUF Read:0xaaaaaaaa at 0xa0008118
[66500.606506] PUF Read:0xaaaaaaaa at 0xa000811c
[66500.606567] PUF Read:0xaaaaaaaa at 0xa0008120
[66500.606597] PUF Read:0xaaaaaaaa at 0xa0008124
[66500.606597] PUF Read:0xaaaaaaaa at 0xa0008128
[66500.606597] PUF Read:0xaaaaaaaa at 0xa000812c
[66500.606658] PUF Read:0xaaaaaaaa at 0xa0008130
[66500.606658] PUF Read:0xaaaaaaaa at 0xa0008134
[66500.606658] PUF Read:0xaa8aaaaa at 0xa0008138
[66500.606750] PUF Read:0xaaaaaaaa at 0xa000813c
[66500.606750] PUF Read:0xaaaaaaaa at 0xa0008140
[66500.606750] PUF Read:0xaaaaaaaa at 0xa0008144
[66500.606750] PUF Read:0xaabaaeaa at 0xa0008148
[66500.606750] PUF Read:0xaaaaaaaa at 0xa000814c
[66500.606750] PUF Read:0xaaaaaaaa at 0xa0008150
[66500.606903] PUF Read:0xaaaaaaaa at 0xa0008154
[66500.606933] PUF Read:0xaaaaaaaa at 0xa0008158
[66500.606933] PUF Read:0xaaaaaaea at 0xa000815c
[66500.606933] PUF Read:0xaaaaaaaa at 0xa0008160
[66500.606994] PUF Read:0xaaaaaaaa at 0xa0008164
[66500.606994] PUF Read:0xaaaaaaaa at 0xa0008168
[66500.607055] PUF Read:0xaaaaaaaa at 0xa000816c
[66500.607086] PUF Read:0xaaaaaaaa at 0xa0008170
[66500.607086] PUF Read:0xaaaaaaaa at 0xa0008174
[66500.607086] PUF Read:0xaaaaaaaa at 0xa0008178
[66500.607147] PUF Read:0xaaaaaaaa at 0xa000817c
[66500.607147] PUF Read:0xaaaaaa2a at 0xa0008180
[66500.607208] PUF Read:0xaaaaaaaa at 0xa0008184
[66500.607238] PUF Read:0xaaaaaaaa at 0xa0008188
[66500.607238] PUF Read:0xaaaaaaaa at 0xa000818c
[66500.607238] PUF Read:0xaaaaaaaa at 0xa0008190
[66500.607238] PUF Read:0xaaaaaaaa at 0xa0008194
[66500.607238] PUF Read:0xaaaaaaaa at 0xa0008198
[66500.607238] PUF Read:0xaaaaaaaa at 0xa000819c
[66500.607391] PUF Read:0xaaaaaaaa at 0xa00081a0
[66500.607391] PUF Read:0xaaaaaaaa at 0xa00081a4
[66500.607391] PUF Read:0xaaaaaaaa at 0xa00081a8
[66500.607391] PUF Read:0xaaaaaaaa at 0xa00081ac
[66500.607482] PUF Read:0xaaeaaaaa at 0xa00081b0
[66500.607482] PUF Read:0xaaaaaaaa at 0xa00081b4
[66500.607543] PUF Read:0xaaaaaaaa at 0xa00081b8
[66500.607574] PUF Read:0xaaaaaaaa at 0xa00081bc
[66500.607574] PUF Read:0xaaaaaaaa at 0xa00081c0
[66500.607574] PUF Read:0xaaaaaaae at 0xa00081c4
[66500.607635] PUF Read:0xaaaaaaaa at 0xa00081c8
[66500.607635] PUF Read:0xaaaaaaaa at 0xa00081cc
[66500.607696] PUF Read:0xaaaaaaaa at 0xa00081d0
[66500.607727] PUF Read:0xaaaaaaaa at 0xa00081d4
[66500.607757] PUF Read:0xaaaaaaaa at 0xa00081d8
[66500.607757] PUF Read:0xaaaaaaaa at 0xa00081dc
[66500.607757] PUF Read:0xaaaaaaaa at 0xa00081e0
[66500.607818] PUF Read:0xaaaaaaaa at 0xa00081e4
[66500.607818] PUF Read:0xaaaaaaaa at 0xa00081e8
[66500.607879] PUF Read:0xaa2aaaaa at 0xa00081ec
[66500.607910] PUF Read:0xaaaaaaaa at 0xa00081f0
[66500.607910] PUF Read:0xaaaaaaaa at 0xa00081f4
[66500.607910] PUF Read:0xaaaaaaa2 at 0xa00081f8
[66500.607910] PUF Read:0xaaaaaaaa at 0xa00081fc
[66500.607910] PUF Read:0xaaaaaaaa at 0xa0008200
[66500.607910] PUF Read:0xaaaaaaaa at 0xa0008204
[66500.608062] PUF Read:0xaaaaaaaa at 0xa0008208
[66500.608062] PUF Read:0xa8aaaaaa at 0xa000820c
[66500.608062] PUF Read:0xaaaaaaaa at 0xa0008210
[66500.608062] PUF Read:0xaaaaaaaa at 0xa0008214
[66500.608062] PUF Read:0xaaaaaaaa at 0xa0008218
[66500.608062] PUF Read:0xaaaaaaaa at 0xa000821c
[66500.608215] PUF Read:0xaaaaaaaa at 0xa0008220
[66500.608245] PUF Read:0xaaaaaaaa at 0xa0008224
[66500.608245] PUF Read:0xaaaaaaaa at 0xa0008228
[66500.608245] PUF Read:0xaaaaaaaa at 0xa000822c
[66500.608306] PUF Read:0xaaaaaaaa at 0xa0008230
[66500.608306] PUF Read:0xaaaaaaaa at 0xa0008234
[66500.608367] PUF Read:0xaaaaaaaa at 0xa0008238
[66500.608398] PUF Read:0xaaaaaaaa at 0xa000823c
[66500.608398] PUF Read:0xaaaaaaaa at 0xa0008240
[66500.608398] PUF Read:0xaaaaaaaa at 0xa0008244
[66500.608459] PUF Read:0xaaaaaaaa at 0xa0008248
[66500.608459] PUF Read:0xaaaaaaaa at 0xa000824c
[66500.608520] PUF Read:0xaaaaaaaa at 0xa0008250
[66500.608551] PUF Read:0xaaaaaaaa at 0xa0008254
[66500.608551] PUF Read:0xaaaaaaaa at 0xa0008258
[66500.608612] PUF Read:0xaaaaaaaa at 0xa000825c
[66500.608612] PUF Read:0xaaaaaaaa at 0xa0008260
[66500.608612] PUF Read:0xaaaaaaaa at 0xa0008264
[66500.608612] PUF Read:0xaaaaaaaa at 0xa0008268
[66500.608703] PUF Read:0xaaaaaaaa at 0xa000826c
[66500.608703] PUF Read:0xaaaaaaaa at 0xa0008270
[66500.608703] PUF Read:0xaaaaaaaa at 0xa0008274
[66500.608703] PUF Read:0xaaaaaaaa at 0xa0008278
[66500.608795] PUF Read:0xaaaaaaaa at 0xa000827c
[66500.608795] PUF Read:0xaaaaaaaa at 0xa0008280
[66500.608856] PUF Read:0xaaaaaaaa at 0xa0008284
[66500.608886] PUF Read:0xaaaaaaaa at 0xa0008288
[66500.608886] PUF Read:0xaaaaaaaa at 0xa000828c
[66500.608947] PUF Read:0xaaaaaaaa at 0xa0008290
[66500.608947] PUF Read:0xaaaaaaaa at 0xa0008294
[66500.608947] PUF Read:0xaaaaaaaa at 0xa0008298
[66500.608947] PUF Read:0xaaaaaaaa at 0xa000829c
[66500.609039] PUF Read:0xaaaaaaaa at 0xa00082a0
[66500.609039] PUF Read:0xaaaaaaaa at 0xa00082a4
[66500.609039] PUF Read:0xaaaaaaaa at 0xa00082a8
[66500.609039] PUF Read:0xaaaaaaaa at 0xa00082ac
[66500.609039] PUF Read:0xaaaaaaaa at 0xa00082b0
[66500.609039] PUF Read:0xaaaaaaaa at 0xa00082b4
[66500.609191] PUF Read:0xaaaaaaea at 0xa00082b8
[66500.609222] PUF Read:0xaaaaaaaa at 0xa00082bc
[66500.609222] PUF Read:0xaaaaaaaa at 0xa00082c0
[66500.609222] PUF Read:0xaaaaaaaa at 0xa00082c4
[66500.609222] PUF Read:0xaaaaaaaa at 0xa00082c8
[66500.609313] PUF Read:0xaaaaaaaa at 0xa00082cc
[66500.609313] PUF Read:0xaaaaaaaa at 0xa00082d0
[66500.609375] PUF Read:0xaaaaaaaa at 0xa00082d4
[66500.609405] PUF Read:0xaaaaaaaa at 0xa00082d8
[66500.609405] PUF Read:0xaaaaaaaa at 0xa00082dc
[66500.609405] PUF Read:0xaaaaaaaa at 0xa00082e0
[66500.609466] PUF Read:0xaaaaaeaa at 0xa00082e4
[66500.609466] PUF Read:0xaaaaaaaa at 0xa00082e8
[66500.609527] PUF Read:0xaaaaaaaa at 0xa00082ec
[66500.609558] PUF Read:0xaaaaaaaa at 0xa00082f0
[66500.609558] PUF Read:0xaaaaaaaa at 0xa00082f4
[66500.609558] PUF Read:0xaaaaaaaa at 0xa00082f8
[66500.609558] PUF Read:0xaaaaaaaa at 0xa00082fc
[66500.609558] PUF Read:0xaaaaaaaa at 0xa0008300
[66500.609558] PUF Read:0xaaaaaaaa at 0xa0008304
[66500.609710] PUF Read:0xaaaaaaaa at 0xa0008308
[66500.609710] PUF Read:0xaaaaaaaa at 0xa000830c
[66500.609710] PUF Read:0xaaaaaaaa at 0xa0008310
[66500.609710] PUF Read:0xaaaaaaaa at 0xa0008314
[66500.609802] PUF Read:0xaaaaaaaa at 0xa0008318
[66500.609802] PUF Read:0xbaaaaaaa at 0xa000831c
[66500.609863] PUF Read:0xaaaaaaaa at 0xa0008320
[66500.609893] PUF Read:0xaaaaaaaa at 0xa0008324
[66500.609893] PUF Read:0xaaaaaaaa at 0xa0008328
[66500.609893] PUF Read:0xaaaaaaaa at 0xa000832c
[66500.609954] PUF Read:0xaaaaaaae at 0xa0008330
[66500.609954] PUF Read:0xaaaaaaaa at 0xa0008334
[66500.610015] PUF Read:0xaaaaaaaa at 0xa0008338
[66500.610046] PUF Read:0xaaaaaaaa at 0xa000833c
[66500.610046] PUF Read:0xaaaaaaaa at 0xa0008340
[66500.610046] PUF Read:0xaaaaaaaa at 0xa0008344
[66500.610046] PUF Read:0xaaaaaaaa at 0xa0008348
[66500.610046] PUF Read:0xaaaaaaaa at 0xa000834c
[66500.610046] PUF Read:0xaaaaaaaa at 0xa0008350
[66500.610198] PUF Read:0xaaaaaaaa at 0xa0008354
[66500.610229] PUF Read:0xaaaaaaaa at 0xa0008358
[66500.610229] PUF Read:0xaaaaaaaa at 0xa000835c
[66500.610229] PUF Read:0xaaabaaaa at 0xa0008360
[66500.610290] PUF Read:0xaaaaaaaa at 0xa0008364
[66500.610290] PUF Read:0xaaaaaaaa at 0xa0008368
[66500.610351] PUF Read:0xaaaaaaaa at 0xa000836c
[66500.610382] PUF Read:0xaaaaaaaa at 0xa0008370
[66500.610382] PUF Read:0xaaaaaaaa at 0xa0008374
[66500.610382] PUF Read:0xaaaaaaaa at 0xa0008378
[66500.610443] PUF Read:0xaaaaaaaa at 0xa000837c
[66500.610443] PUF Read:0xaaaaaaaa at 0xa0008380
[66500.610504] PUF Read:0xaaaaaaaa at 0xa0008384
[66500.610534] PUF Read:0xaaaaaaaa at 0xa0008388
[66500.610534] PUF Read:0xaaaaaaaa at 0xa000838c
[66500.610534] PUF Read:0xaaaaaaaa at 0xa0008390
[66500.610534] PUF Read:0xaaaaaaaa at 0xa0008394
[66500.610534] PUF Read:0xaaaaaaaa at 0xa0008398
[66500.610534] PUF Read:0xaaa2aaaa at 0xa000839c
[66500.610687] PUF Read:0xaaaaaaaa at 0xa00083a0
[66500.610687] PUF Read:0xaaaaaaaa at 0xa00083a4
[66500.610687] PUF Read:0xaaaaaaaa at 0xa00083a8
[66500.610687] PUF Read:0xaaaaaaaa at 0xa00083ac
[66500.610687] PUF Read:0xaaaaaaaa at 0xa00083b0
[66500.610687] PUF Read:0xaaaaaaaa at 0xa00083b4
[66500.610687] PUF Read:0xaaaaaaaa at 0xa00083b8
[66500.610870] PUF Read:0xaaaaaaaa at 0xa00083bc
[66500.610870] PUF Read:0xaaaaaaaa at 0xa00083c0
[66500.610870] PUF Read:0xaaaaaaaa at 0xa00083c4
[66500.610870] PUF Read:0xaaaaaaaa at 0xa00083c8
[66500.610961] PUF Read:0xaaaaaaaa at 0xa00083cc
[66500.610961] PUF Read:0xaaaaaaaa at 0xa00083d0
[66500.611022] PUF Read:0xaaabaaaa at 0xa00083d4
[66500.611053] PUF Read:0xaaaaaaaa at 0xa00083d8
[66500.611053] PUF Read:0xaaaaaaaa at 0xa00083dc
[66500.611114] PUF Read:0xaaaaaaaa at 0xa00083e0
[66500.611114] PUF Read:0xaaaaaaaa at 0xa00083e4
[66500.611114] PUF Read:0xaaaaaaaa at 0xa00083e8
[66500.611114] PUF Read:0xaaaaaaaa at 0xa00083ec
[66500.611206] PUF Read:0xaaaaaaaa at 0xa00083f0
[66500.611206] PUF Read:0xaaaaaaaa at 0xa00083f4
[66500.611206] PUF Read:0xaaaaaaae at 0xa00083f8
[66500.611206] PUF Read:0xaaaeaaaa at 0xa00083fc
[66500.611297] [i] Finished PUF read-out
[66500.611297] <6>[i] Finished PUF query for decaytime: 7680
[66500.611328] [i] Start decaytime: 120
[66500.611328] EMIF 2 REG Write 0x80000000 at 0x4d000010
[66500.611358] EMIF 2 REG Read 0x80000000 at 0x4d000010
[66500.611358] EMIF 2 REG Write 0x80000000 at 0x4d000014
[66500.611358] EMIF 2 REG Read 0x00000000 at 0x4d000014
[66500.611389] EMIF 2 REG Write 0x08016893 at 0x4d0000cc
[66500.611389] EMIF 2 REG Read 0x08016893 at 0x4d0000cc
[66500.611419] Temp polling alert disabled
[66500.611419] Refresh Disabled at EMIF2
[66500.611419] [i] Initialiting PUF & hammer rows
[66500.611450] [i] Single-Sided Rowhammer (SSRH)
[66500.612579] [i] Finished initialiting PUF & hammer rows
[66500.618194] [i]	Timer elapsed since its reset 0 sec
[66500.618194] [i] Decay: 120 sec
[66500.618194] [i]	Relative Decay: 0 msec
