[25326.980194] [i] Total hammer attempts per row: 3728418
[25326.980224] EMIF 2 REG Write 0x00000618 at 0x4d000010
[25326.980224] EMIF 2 REG Read 0x00000618 at 0x4d000010
[25326.980255] EMIF 2 REG Write 0x00000618 at 0x4d000014
[25326.980255] EMIF 2 REG Read 0x00000618 at 0x4d000014
[25326.980285] EMIF 2 REG Write 0x58016893 at 0x4d0000cc
[25326.980285] EMIF 2 REG Read 0x58016893 at 0x4d0000cc
[25326.980285] Temp polling alert enabled
[25326.980316] Refresh enabled at EMIF2
[25326.980316] [i] Starting PUF read-out
[25326.980316] [i] Single-Sided Rowhammer (SSRH)
[25326.980346] PUF Read:0x00000010 at 0xa0008000
[25326.980377] PUF Read:0x00000400 at 0xa0008004
[25326.980377] PUF Read:0x00000000 at 0xa0008008
[25326.980377] PUF Read:0x00000000 at 0xa000800c
[25326.980377] PUF Read:0x00000000 at 0xa0008010
[25326.980468] PUF Read:0x00000100 at 0xa0008014
[25326.980468] PUF Read:0x00000000 at 0xa0008018
[25326.980468] PUF Read:0x10400100 at 0xa000801c
[25326.980560] PUF Read:0x40000000 at 0xa0008020
[25326.980590] PUF Read:0x40004000 at 0xa0008024
[25326.980590] PUF Read:0x00004000 at 0xa0008028
[25326.980590] PUF Read:0x00000010 at 0xa000802c
[25326.980651] PUF Read:0x40000000 at 0xa0008030
[25326.980651] PUF Read:0x04000000 at 0xa0008034
[25326.980712] PUF Read:0x00000000 at 0xa0008038
[25326.980743] PUF Read:0x00000000 at 0xa000803c
[25326.980743] PUF Read:0x00000001 at 0xa0008040
[25326.980743] PUF Read:0x00004000 at 0xa0008044
[25326.980743] PUF Read:0x00000000 at 0xa0008048
[25326.980743] PUF Read:0x00000001 at 0xa000804c
[25326.980743] PUF Read:0x00000000 at 0xa0008050
[25326.980895] PUF Read:0x00000000 at 0xa0008054
[25326.980895] PUF Read:0x00000000 at 0xa0008058
[25326.980895] PUF Read:0x00000000 at 0xa000805c
[25326.980895] PUF Read:0x00000000 at 0xa0008060
[25326.980895] PUF Read:0x00100000 at 0xa0008064
[25326.980895] PUF Read:0x00000000 at 0xa0008068
[25326.981048] PUF Read:0x00000000 at 0xa000806c
[25326.981048] PUF Read:0x00000000 at 0xa0008070
[25326.981048] PUF Read:0x00000000 at 0xa0008074
[25326.981048] PUF Read:0x00000000 at 0xa0008078
[25326.981048] PUF Read:0x00010000 at 0xa000807c
[25326.981048] PUF Read:0x00010000 at 0xa0008080
[25326.981201] PUF Read:0x00000000 at 0xa0008084
[25326.981231] PUF Read:0x00000000 at 0xa0008088
[25326.981231] PUF Read:0x00000000 at 0xa000808c
[25326.981231] PUF Read:0x00000000 at 0xa0008090
[25326.981292] PUF Read:0x10000000 at 0xa0008094
[25326.981292] PUF Read:0x00410001 at 0xa0008098
[25326.981353] PUF Read:0x00000000 at 0xa000809c
[25326.981384] PUF Read:0x00000000 at 0xa00080a0
[25326.981384] PUF Read:0x00010000 at 0xa00080a4
[25326.981384] PUF Read:0x00010001 at 0xa00080a8
[25326.981445] PUF Read:0x00000041 at 0xa00080ac
[25326.981445] PUF Read:0x00000000 at 0xa00080b0
[25326.981506] PUF Read:0x00000000 at 0xa00080b4
[25326.981536] PUF Read:0x00004000 at 0xa00080b8
[25326.981536] PUF Read:0x00000000 at 0xa00080bc
[25326.981536] PUF Read:0x00000400 at 0xa00080c0
[25326.981597] PUF Read:0x00000000 at 0xa00080c4
[25326.981597] PUF Read:0x10100000 at 0xa00080c8
[25326.981658] PUF Read:0x01000000 at 0xa00080cc
[25326.981689] PUF Read:0x40044000 at 0xa00080d0
[25326.981689] PUF Read:0x00000000 at 0xa00080d4
[25326.981689] PUF Read:0x00001000 at 0xa00080d8
[25326.981750] PUF Read:0x00000000 at 0xa00080dc
[25326.981750] PUF Read:0x01000000 at 0xa00080e0
[25326.981811] PUF Read:0x00000000 at 0xa00080e4
[25326.981842] PUF Read:0x00000000 at 0xa00080e8
[25326.981842] PUF Read:0x00000001 at 0xa00080ec
[25326.981842] PUF Read:0x00000000 at 0xa00080f0
[25326.981842] PUF Read:0x00000000 at 0xa00080f4
[25326.981842] PUF Read:0x00000100 at 0xa00080f8
[25326.981842] PUF Read:0x00000000 at 0xa00080fc
[25326.981994] PUF Read:0x00000000 at 0xa0008100
[25326.981994] PUF Read:0x00000000 at 0xa0008104
[25326.981994] PUF Read:0x00000000 at 0xa0008108
[25326.981994] PUF Read:0x00000100 at 0xa000810c
[25326.982086] PUF Read:0x00000000 at 0xa0008110
[25326.982086] PUF Read:0x00400000 at 0xa0008114
[25326.982147] PUF Read:0x00000000 at 0xa0008118
[25326.982177] PUF Read:0x00000000 at 0xa000811c
[25326.982177] PUF Read:0x01000000 at 0xa0008120
[25326.982177] PUF Read:0x00000400 at 0xa0008124
[25326.982238] PUF Read:0x00000040 at 0xa0008128
[25326.982238] PUF Read:0x00000000 at 0xa000812c
[25326.982299] PUF Read:0x00000000 at 0xa0008130
[25326.982330] PUF Read:0x00000000 at 0xa0008134
[25326.982330] PUF Read:0x00010000 at 0xa0008138
[25326.982330] PUF Read:0x00000000 at 0xa000813c
[25326.982391] PUF Read:0x40000400 at 0xa0008140
[25326.982391] PUF Read:0x00000040 at 0xa0008144
[25326.982452] PUF Read:0x00100400 at 0xa0008148
[25326.982482] PUF Read:0x00000000 at 0xa000814c
[25326.982482] PUF Read:0x00000000 at 0xa0008150
[25326.982482] PUF Read:0x00000000 at 0xa0008154
[25326.982543] PUF Read:0x00000000 at 0xa0008158
[25326.982543] PUF Read:0x00100040 at 0xa000815c
[25326.982604] PUF Read:0x00001000 at 0xa0008160
[25326.982635] PUF Read:0x00000000 at 0xa0008164
[25326.982635] PUF Read:0x04000000 at 0xa0008168
[25326.982635] PUF Read:0x00400000 at 0xa000816c
[25326.982696] PUF Read:0x00000000 at 0xa0008170
[25326.982696] PUF Read:0x00100000 at 0xa0008174
[25326.982757] PUF Read:0x00000000 at 0xa0008178
[25326.982788] PUF Read:0x00004000 at 0xa000817c
[25326.982788] PUF Read:0x00000000 at 0xa0008180
[25326.982788] PUF Read:0x00000000 at 0xa0008184
[25326.982849] PUF Read:0x00040000 at 0xa0008188
[25326.982849] PUF Read:0x00000440 at 0xa000818c
[25326.982910] PUF Read:0x00000000 at 0xa0008190
[25326.982940] PUF Read:0x40000000 at 0xa0008194
[25326.982940] PUF Read:0x00000004 at 0xa0008198
[25326.982940] PUF Read:0x00000000 at 0xa000819c
[25326.982940] PUF Read:0x00000000 at 0xa00081a0
[25326.982940] PUF Read:0x00000000 at 0xa00081a4
[25326.983062] PUF Read:0x00000000 at 0xa00081a8
[25326.983093] PUF Read:0x00000040 at 0xa00081ac
[25326.983093] PUF Read:0x00410000 at 0xa00081b0
[25326.983093] PUF Read:0x00000000 at 0xa00081b4
[25326.983154] PUF Read:0x00000000 at 0xa00081b8
[25326.983154] PUF Read:0x00100000 at 0xa00081bc
[25326.983215] PUF Read:0x00000000 at 0xa00081c0
[25326.983245] PUF Read:0x00000004 at 0xa00081c4
[25326.983245] PUF Read:0x00000000 at 0xa00081c8
[25326.983306] PUF Read:0x00010000 at 0xa00081cc
[25326.983306] PUF Read:0x10000000 at 0xa00081d0
[25326.983306] PUF Read:0x00000000 at 0xa00081d4
[25326.983367] PUF Read:0x10000000 at 0xa00081d8
[25326.983398] PUF Read:0x00004000 at 0xa00081dc
[25326.983398] PUF Read:0x00000000 at 0xa00081e0
[25326.983398] PUF Read:0x00000040 at 0xa00081e4
[25326.983398] PUF Read:0x00000000 at 0xa00081e8
[25326.983398] PUF Read:0x00000010 at 0xa00081ec
[25326.983398] PUF Read:0x00000001 at 0xa00081f0
[25326.983551] PUF Read:0x00010400 at 0xa00081f4
[25326.983581] PUF Read:0x00000000 at 0xa00081f8
[25326.983581] PUF Read:0x00000040 at 0xa00081fc
[25326.983581] PUF Read:0x00000000 at 0xa0008200
[25326.983642] PUF Read:0x00000000 at 0xa0008204
[25326.983642] PUF Read:0x00000010 at 0xa0008208
[25326.983703] PUF Read:0x00000000 at 0xa000820c
[25326.983734] PUF Read:0x00400000 at 0xa0008210
[25326.983734] PUF Read:0x00000000 at 0xa0008214
[25326.983734] PUF Read:0x00000400 at 0xa0008218
[25326.983795] PUF Read:0x00000000 at 0xa000821c
[25326.983795] PUF Read:0x00000000 at 0xa0008220
[25326.983856] PUF Read:0x00100000 at 0xa0008224
[25326.983886] PUF Read:0x00000000 at 0xa0008228
[25326.983886] PUF Read:0x00000000 at 0xa000822c
[25326.983886] PUF Read:0x00000500 at 0xa0008230
[25326.983947] PUF Read:0x00400000 at 0xa0008234
[25326.983947] PUF Read:0x00000000 at 0xa0008238
[25326.984008] PUF Read:0x00000500 at 0xa000823c
[25326.984039] PUF Read:0x00000000 at 0xa0008240
[25326.984039] PUF Read:0x00000000 at 0xa0008244
[25326.984039] PUF Read:0x00040000 at 0xa0008248
[25326.984100] PUF Read:0x00000000 at 0xa000824c
[25326.984100] PUF Read:0x04000000 at 0xa0008250
[25326.984161] PUF Read:0x00100000 at 0xa0008254
[25326.984191] PUF Read:0x00000000 at 0xa0008258
[25326.984191] PUF Read:0x04040000 at 0xa000825c
[25326.984191] PUF Read:0x00000000 at 0xa0008260
[25326.984252] PUF Read:0x00001010 at 0xa0008264
[25326.984252] PUF Read:0x00000400 at 0xa0008268
[25326.984313] PUF Read:0x00000000 at 0xa000826c
[25326.984344] PUF Read:0x00000000 at 0xa0008270
[25326.984344] PUF Read:0x00000000 at 0xa0008274
[25326.984344] PUF Read:0x00000040 at 0xa0008278
[25326.984405] PUF Read:0x00100000 at 0xa000827c
[25326.984405] PUF Read:0x40000000 at 0xa0008280
[25326.984466] PUF Read:0x00000000 at 0xa0008284
[25326.984497] PUF Read:0x00400000 at 0xa0008288
[25326.984497] PUF Read:0x00000000 at 0xa000828c
[25326.984558] PUF Read:0x00000000 at 0xa0008290
[25326.984558] PUF Read:0x00000000 at 0xa0008294
[25326.984558] PUF Read:0x00000000 at 0xa0008298
[25326.984619] PUF Read:0x00000000 at 0xa000829c
[25326.984649] PUF Read:0x00000000 at 0xa00082a0
[25326.984649] PUF Read:0x00001000 at 0xa00082a4
[25326.984710] PUF Read:0x00000000 at 0xa00082a8
[25326.984710] PUF Read:0x00000000 at 0xa00082ac
[25326.984710] PUF Read:0x00000000 at 0xa00082b0
[25326.984771] PUF Read:0x00000000 at 0xa00082b4
[25326.984802] PUF Read:0x00000040 at 0xa00082b8
[25326.984802] PUF Read:0x00000000 at 0xa00082bc
[25326.984802] PUF Read:0x10000000 at 0xa00082c0
[25326.984863] PUF Read:0x00000000 at 0xa00082c4
[25326.984863] PUF Read:0x10000000 at 0xa00082c8
[25326.984924] PUF Read:0x00000000 at 0xa00082cc
[25326.984954] PUF Read:0x00100000 at 0xa00082d0
[25326.984954] PUF Read:0x00000000 at 0xa00082d4
[25326.984954] PUF Read:0x40000000 at 0xa00082d8
[25326.985015] PUF Read:0x00004000 at 0xa00082dc
[25326.985015] PUF Read:0x00000000 at 0xa00082e0
[25326.985015] PUF Read:0x00000400 at 0xa00082e4
[25326.985107] PUF Read:0x00000100 at 0xa00082e8
[25326.985107] PUF Read:0x00000001 at 0xa00082ec
[25326.985107] PUF Read:0x00000001 at 0xa00082f0
[25326.985107] PUF Read:0x00000000 at 0xa00082f4
[25326.985107] PUF Read:0x00000000 at 0xa00082f8
[25326.985107] PUF Read:0x00000000 at 0xa00082fc
[25326.985260] PUF Read:0x00000100 at 0xa0008300
[25326.985290] PUF Read:0x00000000 at 0xa0008304
[25326.985290] PUF Read:0x00000000 at 0xa0008308
[25326.985290] PUF Read:0x00000000 at 0xa000830c
[25326.985351] PUF Read:0x00000000 at 0xa0008310
[25326.985351] PUF Read:0x00000010 at 0xa0008314
[25326.985412] PUF Read:0x01500000 at 0xa0008318
[25326.985443] PUF Read:0x10000000 at 0xa000831c
[25326.985443] PUF Read:0x00000000 at 0xa0008320
[25326.985443] PUF Read:0x00000100 at 0xa0008324
[25326.985504] PUF Read:0x00000000 at 0xa0008328
[25326.985504] PUF Read:0x00010000 at 0xa000832c
[25326.985565] PUF Read:0x00000004 at 0xa0008330
[25326.985595] PUF Read:0x00000100 at 0xa0008334
[25326.985595] PUF Read:0x00001000 at 0xa0008338
[25326.985656] PUF Read:0x00000000 at 0xa000833c
[25326.985656] PUF Read:0x10000100 at 0xa0008340
[25326.985656] PUF Read:0x00000001 at 0xa0008344
[25326.985656] PUF Read:0x00000000 at 0xa0008348
[25326.985748] PUF Read:0x00000100 at 0xa000834c
[25326.985748] PUF Read:0x00000000 at 0xa0008350
[25326.985748] PUF Read:0x00000000 at 0xa0008354
[25326.985748] PUF Read:0x00000000 at 0xa0008358
[25326.985748] PUF Read:0x00000000 at 0xa000835c
[25326.985748] PUF Read:0x00010000 at 0xa0008360
[25326.985900] PUF Read:0x00000000 at 0xa0008364
[25326.985900] PUF Read:0x00000000 at 0xa0008368
[25326.985900] PUF Read:0x00000400 at 0xa000836c
[25326.985900] PUF Read:0x00000000 at 0xa0008370
[25326.985900] PUF Read:0x00000000 at 0xa0008374
[25326.985900] PUF Read:0x40010000 at 0xa0008378
[25326.986053] PUF Read:0x00000000 at 0xa000837c
[25326.986053] PUF Read:0x00000000 at 0xa0008380
[25326.986053] PUF Read:0x00000000 at 0xa0008384
[25326.986053] PUF Read:0x00000000 at 0xa0008388
[25326.986053] PUF Read:0x00000000 at 0xa000838c
[25326.986053] PUF Read:0x00000001 at 0xa0008390
[25326.986206] PUF Read:0x00000100 at 0xa0008394
[25326.986206] PUF Read:0x10000000 at 0xa0008398
[25326.986206] PUF Read:0x00000004 at 0xa000839c
[25326.986206] PUF Read:0x00000000 at 0xa00083a0
[25326.986206] PUF Read:0x00000000 at 0xa00083a4
[25326.986206] PUF Read:0x40100000 at 0xa00083a8
[25326.986358] PUF Read:0x00001000 at 0xa00083ac
[25326.986389] PUF Read:0x00000000 at 0xa00083b0
[25326.986389] PUF Read:0x00000000 at 0xa00083b4
[25326.986389] PUF Read:0x00000000 at 0xa00083b8
[25326.986389] PUF Read:0x00000000 at 0xa00083bc
[25326.986389] PUF Read:0x00000040 at 0xa00083c0
[25326.986511] PUF Read:0x04000000 at 0xa00083c4
[25326.986511] PUF Read:0x00000000 at 0xa00083c8
[25326.986511] PUF Read:0x00000000 at 0xa00083cc
[25326.986511] PUF Read:0x00000000 at 0xa00083d0
[25326.986511] PUF Read:0x00010000 at 0xa00083d4
[25326.986511] PUF Read:0x00000000 at 0xa00083d8
[25326.986663] PUF Read:0x00000000 at 0xa00083dc
[25326.986694] PUF Read:0x00140000 at 0xa00083e0
[25326.986694] PUF Read:0x10000000 at 0xa00083e4
[25326.986694] PUF Read:0x04000000 at 0xa00083e8
[25326.986755] PUF Read:0x00000000 at 0xa00083ec
[25326.986755] PUF Read:0x00000400 at 0xa00083f0
[25326.986846] PUF Read:0x04000000 at 0xa00083f4
[25326.986846] PUF Read:0x00000004 at 0xa00083f8
[25326.986907] PUF Read:0x00040000 at 0xa00083fc
[25326.986938] [i] Finished PUF read-out
[25326.986938] <6>[i] Finished PUF query for decaytime: 15360
[25326.986938] End measurement:19
[25326.986968] [i] Starting the Rowhammer PUF for PandaBoard
[25326.986968] Number of PUF rows: 8 PUF init Value :0 Rowhammer rows init Value:aaaaaaaa
[25326.986968] [i] Start measurement: 0
[25326.986999] [i] Start decaytime: 60
[25326.986999] EMIF 2 REG Write 0x80000000 at 0x4d000010
[25326.987030] EMIF 2 REG Read 0x80000000 at 0x4d000010
[25326.987030] EMIF 2 REG Write 0x80000000 at 0x4d000014
[25326.987030] EMIF 2 REG Read 0x00000000 at 0x4d000014
[25326.987060] EMIF 2 REG Write 0x08016893 at 0x4d0000cc
[25326.987060] EMIF 2 REG Read 0x08016893 at 0x4d0000cc
[25326.987091] Temp polling alert disabled
[25326.987091] Refresh Disabled at EMIF2
[25326.987091] [i] Initialiting PUF & hammer rows
[25326.987121] [i] Single-Sided Rowhammer (SSRH)
[25327.024719] [i] Finished initialiting PUF & hammer rows
[25327.024719] [i]	Timer elapsed since its reset 0 sec
[25327.030639] [i] Decay: 60 sec
[25327.030639] [i]	Relative Decay: 0 msec
