[67940.729064] [i] Total hammer attempts per row: 1863788
[67940.729064] EMIF 2 REG Write 0x00000618 at 0x4d000010
[67940.729095] EMIF 2 REG Read 0x00000618 at 0x4d000010
[67940.729095] EMIF 2 REG Write 0x00000618 at 0x4d000014
[67940.729125] EMIF 2 REG Read 0x00000618 at 0x4d000014
[67940.729125] EMIF 2 REG Write 0x58016893 at 0x4d0000cc
[67940.729156] EMIF 2 REG Read 0x58016893 at 0x4d0000cc
[67940.729156] Temp polling alert enabled
[67940.729156] Refresh enabled at EMIF2
[67940.729187] [i] Starting PUF read-out
[67940.729187] [i] Single-Sided Rowhammer (SSRH)
[67940.729217] PUF Read:0xaaaaaaaa at 0xa0008000
[67940.729217] PUF Read:0xaaaaaaaa at 0xa0008004
[67940.729217] PUF Read:0xaaaaaaaa at 0xa0008008
[67940.729278] PUF Read:0xaaaaaaaa at 0xa000800c
[67940.729278] PUF Read:0xaaaaaaaa at 0xa0008010
[67940.729278] PUF Read:0xaaaaabaa at 0xa0008014
[67940.729370] PUF Read:0xaaaaaaaa at 0xa0008018
[67940.729370] PUF Read:0xaaaaaaaa at 0xa000801c
[67940.729370] PUF Read:0xaaaaaaaa at 0xa0008020
[67940.729370] PUF Read:0xaaaaaaaa at 0xa0008024
[67940.729461] PUF Read:0xaaaaaaaa at 0xa0008028
[67940.729461] PUF Read:0xaaaaaaaa at 0xa000802c
[67940.729522] PUF Read:0xaaaaaaaa at 0xa0008030
[67940.729553] PUF Read:0xaaaaaaaa at 0xa0008034
[67940.729553] PUF Read:0xaaaaaaaa at 0xa0008038
[67940.729614] PUF Read:0xaaaaaaaa at 0xa000803c
[67940.729614] PUF Read:0xaaaaaaab at 0xa0008040
[67940.729614] PUF Read:0xaaaaeaaa at 0xa0008044
[67940.729614] PUF Read:0xaaaaaaaa at 0xa0008048
[67940.729705] PUF Read:0xaaaaaaaa at 0xa000804c
[67940.729705] PUF Read:0xaaaaaaaa at 0xa0008050
[67940.729705] PUF Read:0xaaaaaaaa at 0xa0008054
[67940.729705] PUF Read:0xaaaaaaaa at 0xa0008058
[67940.729705] PUF Read:0xaaaaaaaa at 0xa000805c
[67940.729705] PUF Read:0xaaaaaaaa at 0xa0008060
[67940.729858] PUF Read:0xaaaa2aaa at 0xa0008064
[67940.729888] PUF Read:0xaaaaaaaa at 0xa0008068
[67940.729888] PUF Read:0xaaaaaaaa at 0xa000806c
[67940.729888] PUF Read:0xaaaaaaaa at 0xa0008070
[67940.729888] PUF Read:0xaaaaaaaa at 0xa0008074
[67940.729980] PUF Read:0xaaaaaaaa at 0xa0008078
[67940.729980] PUF Read:0xaaaaaaaa at 0xa000807c
[67940.730041] PUF Read:0xaaaaaaaa at 0xa0008080
[67940.730072] PUF Read:0xaaaaaaaa at 0xa0008084
[67940.730072] PUF Read:0xaaaaaaaa at 0xa0008088
[67940.730072] PUF Read:0xaaaaaaaa at 0xa000808c
[67940.730072] PUF Read:0xaaaa8aaa at 0xa0008090
[67940.730072] PUF Read:0xaaaaaaaa at 0xa0008094
[67940.730072] PUF Read:0xaaabaaaa at 0xa0008098
[67940.730224] PUF Read:0xaaaaaaaa at 0xa000809c
[67940.730255] PUF Read:0xaaaaaaaa at 0xa00080a0
[67940.730255] PUF Read:0xaaaaaaaa at 0xa00080a4
[67940.730255] PUF Read:0xaaaaaaaa at 0xa00080a8
[67940.730316] PUF Read:0xaaaaaaaa at 0xa00080ac
[67940.730316] PUF Read:0xaaaaaaaa at 0xa00080b0
[67940.730377] PUF Read:0xaa2aaaaa at 0xa00080b4
[67940.730407] PUF Read:0xaaaaaaaa at 0xa00080b8
[67940.730407] PUF Read:0x8aaaaaaa at 0xa00080bc
[67940.730407] PUF Read:0xaaaaaaaa at 0xa00080c0
[67940.730468] PUF Read:0xaaaaaaaa at 0xa00080c4
[67940.730468] PUF Read:0xaaa2aaaa at 0xa00080c8
[67940.730529] PUF Read:0xaaaaaaaa at 0xa00080cc
[67940.730560] PUF Read:0xaaaaaaaa at 0xa00080d0
[67940.730560] PUF Read:0xaaaaaaaa at 0xa00080d4
[67940.730560] PUF Read:0xaaaaaaaa at 0xa00080d8
[67940.730621] PUF Read:0xaaaaaaaa at 0xa00080dc
[67940.730621] PUF Read:0xaaaaaaaa at 0xa00080e0
[67940.730682] PUF Read:0xaaaaaaaa at 0xa00080e4
[67940.730712] PUF Read:0xaaaaaaaa at 0xa00080e8
[67940.730712] PUF Read:0xaaaaaaab at 0xa00080ec
[67940.730773] PUF Read:0x8aaaaaaa at 0xa00080f0
[67940.730773] PUF Read:0xaaaaaaaa at 0xa00080f4
[67940.730773] PUF Read:0xaaaaaaaa at 0xa00080f8
[67940.730773] PUF Read:0xaaaaaaaa at 0xa00080fc
[67940.730865] PUF Read:0xaaaaaaaa at 0xa0008100
[67940.730865] PUF Read:0xaaaaaaaa at 0xa0008104
[67940.730865] PUF Read:0xaaaaaaaa at 0xa0008108
[67940.730865] PUF Read:0xaaaaaaaa at 0xa000810c
[67940.730865] PUF Read:0xaaaaaaaa at 0xa0008110
[67940.730865] PUF Read:0xaaaaaaaa at 0xa0008114
[67940.731018] PUF Read:0xaaaaaaaa at 0xa0008118
[67940.731018] PUF Read:0xaaaaaaaa at 0xa000811c
[67940.731018] PUF Read:0xaaaaaaaa at 0xa0008120
[67940.731018] PUF Read:0xaaaaaaaa at 0xa0008124
[67940.731018] PUF Read:0xaaaaaaaa at 0xa0008128
[67940.731018] PUF Read:0xaaaaaaaa at 0xa000812c
[67940.731170] PUF Read:0xaaaaaaaa at 0xa0008130
[67940.731201] PUF Read:0xaaaaaaaa at 0xa0008134
[67940.731201] PUF Read:0xaa8aaaaa at 0xa0008138
[67940.731201] PUF Read:0xaaaaaaaa at 0xa000813c
[67940.731262] PUF Read:0xaaaaaaaa at 0xa0008140
[67940.731262] PUF Read:0xaaaaaaaa at 0xa0008144
[67940.731323] PUF Read:0xaabaaeaa at 0xa0008148
[67940.731353] PUF Read:0xaaaaaaaa at 0xa000814c
[67940.731353] PUF Read:0xaaaaaaaa at 0xa0008150
[67940.731353] PUF Read:0xaaaaaaaa at 0xa0008154
[67940.731414] PUF Read:0xaaaaaaaa at 0xa0008158
[67940.731414] PUF Read:0xaaaaaaea at 0xa000815c
[67940.731414] PUF Read:0xaaaaaaaa at 0xa0008160
[67940.731506] PUF Read:0xaaaaaaaa at 0xa0008164
[67940.731536] PUF Read:0xaaaaaaaa at 0xa0008168
[67940.731536] PUF Read:0xaaaaaaaa at 0xa000816c
[67940.731536] PUF Read:0xaaaaaaaa at 0xa0008170
[67940.731536] PUF Read:0xaaaaaaaa at 0xa0008174
[67940.731536] PUF Read:0xaaaaaaaa at 0xa0008178
[67940.731536] PUF Read:0xaaaaaaaa at 0xa000817c
[67940.731689] PUF Read:0xaaaaaa2a at 0xa0008180
[67940.731689] PUF Read:0xaaaaaaaa at 0xa0008184
[67940.731689] PUF Read:0xaaaaaaaa at 0xa0008188
[67940.731689] PUF Read:0xaaaaaaaa at 0xa000818c
[67940.731781] PUF Read:0xaaaaaaaa at 0xa0008190
[67940.731781] PUF Read:0xaaaaaaaa at 0xa0008194
[67940.731842] PUF Read:0xaaaaaaaa at 0xa0008198
[67940.731872] PUF Read:0xaaaaaaaa at 0xa000819c
[67940.731872] PUF Read:0xaaaaaaaa at 0xa00081a0
[67940.731872] PUF Read:0xaaaaaaaa at 0xa00081a4
[67940.731933] PUF Read:0xaaaaaaaa at 0xa00081a8
[67940.731933] PUF Read:0xaaaaaaaa at 0xa00081ac
[67940.731994] PUF Read:0xaaeaaaaa at 0xa00081b0
[67940.732025] PUF Read:0xaaaaaaaa at 0xa00081b4
[67940.732025] PUF Read:0xaaaaaaaa at 0xa00081b8
[67940.732025] PUF Read:0xaaaaaaaa at 0xa00081bc
[67940.732086] PUF Read:0xaaaaaaaa at 0xa00081c0
[67940.732086] PUF Read:0xaaaaaaae at 0xa00081c4
[67940.732147] PUF Read:0xaaaaaaaa at 0xa00081c8
[67940.732177] PUF Read:0xaaaaaaaa at 0xa00081cc
[67940.732177] PUF Read:0xbaaaaaaa at 0xa00081d0
[67940.732177] PUF Read:0xaaaaaaaa at 0xa00081d4
[67940.732238] PUF Read:0xaaaaaaaa at 0xa00081d8
[67940.732238] PUF Read:0xaaaaaaaa at 0xa00081dc
[67940.732299] PUF Read:0xaaaaaaaa at 0xa00081e0
[67940.732330] PUF Read:0xaaaaaaea at 0xa00081e4
[67940.732330] PUF Read:0xaaaaaaaa at 0xa00081e8
[67940.732330] PUF Read:0xaa2aaaaa at 0xa00081ec
[67940.732391] PUF Read:0xaaaaaaaa at 0xa00081f0
[67940.732391] PUF Read:0xaaaaaeaa at 0xa00081f4
[67940.732452] PUF Read:0xaaaaaaa2 at 0xa00081f8
[67940.732482] PUF Read:0xaaaaaaaa at 0xa00081fc
[67940.732482] PUF Read:0xaaaaaaaa at 0xa0008200
[67940.732482] PUF Read:0xaaaaaaaa at 0xa0008204
[67940.732482] PUF Read:0xaaaaaaaa at 0xa0008208
[67940.732482] PUF Read:0xa8aaaaaa at 0xa000820c
[67940.732482] PUF Read:0xaaaaaaaa at 0xa0008210
[67940.732635] PUF Read:0xaaaaaaaa at 0xa0008214
[67940.732635] PUF Read:0xaaaaaaaa at 0xa0008218
[67940.732635] PUF Read:0xaaaaaaaa at 0xa000821c
[67940.732635] PUF Read:0xaaaaaaaa at 0xa0008220
[67940.732727] PUF Read:0xaaaaaaaa at 0xa0008224
[67940.732727] PUF Read:0xaaaaaaaa at 0xa0008228
[67940.732788] PUF Read:0xaaaaaaaa at 0xa000822c
[67940.732818] PUF Read:0xaaaaaaaa at 0xa0008230
[67940.732818] PUF Read:0xaaaaaaaa at 0xa0008234
[67940.732818] PUF Read:0xaaaaaaaa at 0xa0008238
[67940.732879] PUF Read:0xaaaaaaaa at 0xa000823c
[67940.732879] PUF Read:0xaaaaaaaa at 0xa0008240
[67940.732940] PUF Read:0xaaaaaaaa at 0xa0008244
[67940.732971] PUF Read:0xaaaaaaaa at 0xa0008248
[67940.732971] PUF Read:0xaaaaaaaa at 0xa000824c
[67940.732971] PUF Read:0xaaaaaaaa at 0xa0008250
[67940.732971] PUF Read:0xaaaaaaaa at 0xa0008254
[67940.733062] PUF Read:0xaaaaaaaa at 0xa0008258
[67940.733062] PUF Read:0xaaaaaaaa at 0xa000825c
[67940.733123] PUF Read:0xaaaaaaaa at 0xa0008260
[67940.733154] PUF Read:0xaaaaaaaa at 0xa0008264
[67940.733154] PUF Read:0xaaaaaaaa at 0xa0008268
[67940.733154] PUF Read:0xaaaaaaaa at 0xa000826c
[67940.733215] PUF Read:0xaaaaaaaa at 0xa0008270
[67940.733215] PUF Read:0xaaaaaaaa at 0xa0008274
[67940.733276] PUF Read:0xaaaaaaaa at 0xa0008278
[67940.733306] PUF Read:0xaaaaaaaa at 0xa000827c
[67940.733306] PUF Read:0xaaaaaaaa at 0xa0008280
[67940.733367] PUF Read:0xaaaaaaaa at 0xa0008284
[67940.733367] PUF Read:0xaaaaaaaa at 0xa0008288
[67940.733367] PUF Read:0xaaaaaaaa at 0xa000828c
[67940.733428] PUF Read:0xaaaaaaaa at 0xa0008290
[67940.733459] PUF Read:0xaaaaaaaa at 0xa0008294
[67940.733459] PUF Read:0xaaaaaaaa at 0xa0008298
[67940.733459] PUF Read:0xaaaaaaaa at 0xa000829c
[67940.733459] PUF Read:0xaaaaaaaa at 0xa00082a0
[67940.733459] PUF Read:0xaaaaaaaa at 0xa00082a4
[67940.733459] PUF Read:0xaaaaaaaa at 0xa00082a8
[67940.733612] PUF Read:0xaaaaaaaa at 0xa00082ac
[67940.733612] PUF Read:0xaaaaaaaa at 0xa00082b0
[67940.733612] PUF Read:0xaaaaaaaa at 0xa00082b4
[67940.733612] PUF Read:0xaaaaaaea at 0xa00082b8
[67940.733703] PUF Read:0xaaaaaaaa at 0xa00082bc
[67940.733703] PUF Read:0xaaaaaaaa at 0xa00082c0
[67940.733764] PUF Read:0xaaaaaaaa at 0xa00082c4
[67940.733795] PUF Read:0xbaaaaaaa at 0xa00082c8
[67940.733795] PUF Read:0xaaaaaaaa at 0xa00082cc
[67940.733795] PUF Read:0xaaaaaaaa at 0xa00082d0
[67940.733856] PUF Read:0xaaaaaaaa at 0xa00082d4
[67940.733856] PUF Read:0xaaaaaaaa at 0xa00082d8
[67940.733917] PUF Read:0xaaaaaaaa at 0xa00082dc
[67940.733947] PUF Read:0xaaaaaaaa at 0xa00082e0
[67940.733947] PUF Read:0xaaaaaeaa at 0xa00082e4
[67940.734008] PUF Read:0xaaaaaaaa at 0xa00082e8
[67940.734008] PUF Read:0xaaaaaaaa at 0xa00082ec
[67940.734008] PUF Read:0xaaaaaaaa at 0xa00082f0
[67940.734069] PUF Read:0xaaaaaaaa at 0xa00082f4
[67940.734100] PUF Read:0xaaaaaaaa at 0xa00082f8
[67940.734100] PUF Read:0xaaaaaaaa at 0xa00082fc
[67940.734100] PUF Read:0xaaaaaaaa at 0xa0008300
[67940.734100] PUF Read:0xaaaaaaaa at 0xa0008304
[67940.734100] PUF Read:0xaaaaaaaa at 0xa0008308
[67940.734100] PUF Read:0xaaaaaaaa at 0xa000830c
[67940.734252] PUF Read:0xaaaaaaaa at 0xa0008310
[67940.734252] PUF Read:0xaaaaaaaa at 0xa0008314
[67940.734252] PUF Read:0xaaaaaaaa at 0xa0008318
[67940.734252] PUF Read:0xbaaaaaaa at 0xa000831c
[67940.734252] PUF Read:0xaaaaaaaa at 0xa0008320
[67940.734252] PUF Read:0xaaaaaaaa at 0xa0008324
[67940.734405] PUF Read:0xaaaaaaaa at 0xa0008328
[67940.734405] PUF Read:0xaaaaaaaa at 0xa000832c
[67940.734405] PUF Read:0xaaaaaaae at 0xa0008330
[67940.734405] PUF Read:0xaaaaaaaa at 0xa0008334
[67940.734405] PUF Read:0xaaaaaaaa at 0xa0008338
[67940.734405] PUF Read:0xaaaaaaaa at 0xa000833c
[67940.734405] PUF Read:0xaaaaaaaa at 0xa0008340
[67940.734588] PUF Read:0xaaaaaaaa at 0xa0008344
[67940.734619] PUF Read:0xaaaaaaaa at 0xa0008348
[67940.734619] PUF Read:0xaaaaaaaa at 0xa000834c
[67940.734619] PUF Read:0xaaaaaa8a at 0xa0008350
[67940.734680] PUF Read:0xaaaaaaaa at 0xa0008354
[67940.734680] PUF Read:0xaaaaaaaa at 0xa0008358
[67940.734741] PUF Read:0xaaaaaaaa at 0xa000835c
[67940.734771] PUF Read:0xaaabaaaa at 0xa0008360
[67940.734771] PUF Read:0xaaaaaaaa at 0xa0008364
[67940.734771] PUF Read:0xaaaaaaaa at 0xa0008368
[67940.734832] PUF Read:0xaaaaaaaa at 0xa000836c
[67940.734832] PUF Read:0xaaaaaaaa at 0xa0008370
[67940.734893] PUF Read:0xaaaaaaaa at 0xa0008374
[67940.734924] PUF Read:0xaaaaaaaa at 0xa0008378
[67940.734924] PUF Read:0xaaaaaaaa at 0xa000837c
[67940.734924] PUF Read:0xaaaaaaaa at 0xa0008380
[67940.734985] PUF Read:0xaaaaaaaa at 0xa0008384
[67940.734985] PUF Read:0xaaaaaaaa at 0xa0008388
[67940.735046] PUF Read:0xaaaaaaaa at 0xa000838c
[67940.735076] PUF Read:0xaaaaaaaa at 0xa0008390
[67940.735076] PUF Read:0xaaaaaaaa at 0xa0008394
[67940.735076] PUF Read:0xaaaaaaaa at 0xa0008398
[67940.735076] PUF Read:0xaaa2aaaa at 0xa000839c
[67940.735076] PUF Read:0xaaaaaaaa at 0xa00083a0
[67940.735076] PUF Read:0xaaaaaaaa at 0xa00083a4
[67940.735229] PUF Read:0xaaaaaaaa at 0xa00083a8
[67940.735229] PUF Read:0xaaaaaaaa at 0xa00083ac
[67940.735229] PUF Read:0xaaaaaaaa at 0xa00083b0
[67940.735229] PUF Read:0xaaaaaaaa at 0xa00083b4
[67940.735321] PUF Read:0xaaaaaaaa at 0xa00083b8
[67940.735321] PUF Read:0xaaaaaaaa at 0xa00083bc
[67940.735382] PUF Read:0xaaaaaaaa at 0xa00083c0
[67940.735412] PUF Read:0xaaaaaaaa at 0xa00083c4
[67940.735412] PUF Read:0xaaaaaaaa at 0xa00083c8
[67940.735412] PUF Read:0xaaaaaaaa at 0xa00083cc
[67940.735473] PUF Read:0xaaaaaaaa at 0xa00083d0
[67940.735473] PUF Read:0xaaabaaaa at 0xa00083d4
[67940.735534] PUF Read:0xaaaaaaaa at 0xa00083d8
[67940.735565] PUF Read:0xaaaaaaaa at 0xa00083dc
[67940.735565] PUF Read:0xaaaaaaaa at 0xa00083e0
[67940.735565] PUF Read:0xaaaaaaaa at 0xa00083e4
[67940.735626] PUF Read:0xaaaaaaaa at 0xa00083e8
[67940.735626] PUF Read:0xaaaaaaaa at 0xa00083ec
[67940.735687] PUF Read:0xaaaaaaaa at 0xa00083f0
[67940.735717] PUF Read:0xaaaaaaaa at 0xa00083f4
[67940.735717] PUF Read:0xaaaaaaae at 0xa00083f8
[67940.735717] PUF Read:0xaaaeaaaa at 0xa00083fc
[67940.735717] [i] Finished PUF read-out
[67940.735717] <6>[i] Finished PUF query for decaytime: 7680
[67940.735809] [i] Start decaytime: 120
[67940.735809] EMIF 2 REG Write 0x80000000 at 0x4d000010
[67940.735839] EMIF 2 REG Read 0x80000000 at 0x4d000010
[67940.735839] EMIF 2 REG Write 0x80000000 at 0x4d000014
[67940.735870] EMIF 2 REG Read 0x00000000 at 0x4d000014
[67940.735870] EMIF 2 REG Write 0x08016893 at 0x4d0000cc
[67940.735870] EMIF 2 REG Read 0x08016893 at 0x4d0000cc
[67940.735900] Temp polling alert disabled
[67940.735900] Refresh Disabled at EMIF2
[67940.735900] [i] Initialiting PUF & hammer rows
[67940.735931] [i] Single-Sided Rowhammer (SSRH)
[67940.742675] [i] Finished initialiting PUF & hammer rows
[67940.742675] [i]	Timer elapsed since its reset 0 sec
[67940.742675] [i] Decay: 120 sec
[67940.742706] [i]	Relative Decay: 0 msec
