[44623.808166] [i] Total hammer attempts per row: 3727909
[44623.808776] EMIF 2 REG Write 0x00000618 at 0x4d000010
[44623.808776] EMIF 2 REG Read 0x00000618 at 0x4d000010
[44623.808807] EMIF 2 REG Write 0x00000618 at 0x4d000014
[44623.808807] EMIF 2 REG Read 0x00000618 at 0x4d000014
[44623.808837] EMIF 2 REG Write 0x58016893 at 0x4d0000cc
[44623.808837] EMIF 2 REG Read 0x58016893 at 0x4d0000cc
[44623.808837] Temp polling alert enabled
[44623.808868] Refresh enabled at EMIF2
[44623.808868] [i] Starting PUF read-out
[44623.808868] [i] Single-Sided Rowhammer (SSRH)
[44623.808868] PUF Read:0xaaaa2aaa at 0xa0008000
[44623.808929] PUF Read:0xaaaaaaaa at 0xa0008004
[44623.808959] PUF Read:0xaaaaaaaa at 0xa0008008
[44623.808959] PUF Read:0xa2aaaa2a at 0xa000800c
[44623.808959] PUF Read:0xaaaaaaaa at 0xa0008010
[44623.808959] PUF Read:0x8aaaabaa at 0xa0008014
[44623.808959] PUF Read:0xaaaa2aaa at 0xa0008018
[44623.808959] PUF Read:0xaaa0aaaa at 0xa000801c
[44623.808959] PUF Read:0xaaaaaaaa at 0xa0008020
[44623.809143] PUF Read:0xeaaaeaaa at 0xa0008024
[44623.809173] PUF Read:0xaaaaaaaa at 0xa0008028
[44623.809173] PUF Read:0xaaaaaaba at 0xa000802c
[44623.809173] PUF Read:0xaaaaaaa8 at 0xa0008030
[44623.809234] PUF Read:0xaaaaaaaa at 0xa0008034
[44623.809234] PUF Read:0xaaaaaaaa at 0xa0008038
[44623.809295] PUF Read:0xaaaaaaaa at 0xa000803c
[44623.809326] PUF Read:0xaaaaaaab at 0xa0008040
[44623.809326] PUF Read:0xaaaaeaaa at 0xa0008044
[44623.809326] PUF Read:0xaaaaaaaa at 0xa0008048
[44623.809387] PUF Read:0xaaaaaaa8 at 0xa000804c
[44623.809387] PUF Read:0xa2aaaaaa at 0xa0008050
[44623.809448] PUF Read:0xaaaaa8aa at 0xa0008054
[44623.809478] PUF Read:0xaaaaaa8a at 0xa0008058
[44623.809478] PUF Read:0xaaaaaaaa at 0xa000805c
[44623.809539] PUF Read:0xaaaaaaaa at 0xa0008060
[44623.809539] PUF Read:0xaaaa2aaa at 0xa0008064
[44623.809539] PUF Read:0xaaaaaaaa at 0xa0008068
[44623.809539] PUF Read:0xaaaaaaaa at 0xa000806c
[44623.809631] PUF Read:0xaaaaaaaa at 0xa0008070
[44623.809631] PUF Read:0xaaaaaaaa at 0xa0008074
[44623.809631] PUF Read:0xaaaaaaaa at 0xa0008078
[44623.809631] PUF Read:0xaaabaaaa at 0xa000807c
[44623.809631] PUF Read:0xaaabaaaa at 0xa0008080
[44623.809631] PUF Read:0xaaaaaaaa at 0xa0008084
[44623.809783] PUF Read:0xaaaaaaaa at 0xa0008088
[44623.809783] PUF Read:0xaaaaaaaa at 0xa000808c
[44623.809783] PUF Read:0xaaaa8aaa at 0xa0008090
[44623.809783] PUF Read:0xaaaaaaaa at 0xa0008094
[44623.809875] PUF Read:0x2aabaaab at 0xa0008098
[44623.809875] PUF Read:0xaaaaaaaa at 0xa000809c
[44623.809875] PUF Read:0x8aaaaa2a at 0xa00080a0
[44623.809967] PUF Read:0xaaabaaaa at 0xa00080a4
[44623.809997] PUF Read:0xaa8aaaab at 0xa00080a8
[44623.809997] PUF Read:0xaaaa8aea at 0xa00080ac
[44623.809997] PUF Read:0xaaaaaaaa at 0xa00080b0
[44623.810058] PUF Read:0x2a2aaaaa at 0xa00080b4
[44623.810058] PUF Read:0xaaaaeaaa at 0xa00080b8
[44623.810119] PUF Read:0x8aaaaaaa at 0xa00080bc
[44623.810150] PUF Read:0xaaaaaaaa at 0xa00080c0
[44623.810150] PUF Read:0xaaaaaaaa at 0xa00080c4
[44623.810150] PUF Read:0xaaa2aaaa at 0xa00080c8
[44623.810211] PUF Read:0xabaaaaaa at 0xa00080cc
[44623.810211] PUF Read:0xeaaeeaaa at 0xa00080d0
[44623.810272] PUF Read:0xaaaa2aa8 at 0xa00080d4
[44623.810302] PUF Read:0xaaaa3aaa at 0xa00080d8
[44623.810302] PUF Read:0xaaaaaaaa at 0xa00080dc
[44623.810363] PUF Read:0xabaaaaaa at 0xa00080e0
[44623.810363] PUF Read:0xaaaaaaaa at 0xa00080e4
[44623.810363] PUF Read:0xaaaaaaaa at 0xa00080e8
[44623.810363] PUF Read:0xaaaaaaab at 0xa00080ec
[44623.810455] PUF Read:0x8aaaaaaa at 0xa00080f0
[44623.810455] PUF Read:0xaaaaaaaa at 0xa00080f4
[44623.810455] PUF Read:0xaaaaabaa at 0xa00080f8
[44623.810455] PUF Read:0xaa8aaaaa at 0xa00080fc
[44623.810455] PUF Read:0xaaaaaaaa at 0xa0008100
[44623.810455] PUF Read:0xaaaaaaaa at 0xa0008104
[44623.810607] PUF Read:0xaaa2aaaa at 0xa0008108
[44623.810607] PUF Read:0xaaaaaaaa at 0xa000810c
[44623.810607] PUF Read:0xaaaaaaaa at 0xa0008110
[44623.810607] PUF Read:0xa8ea2aaa at 0xa0008114
[44623.810699] PUF Read:0xaaaaaaaa at 0xa0008118
[44623.810699] PUF Read:0xa8aaaaaa at 0xa000811c
[44623.810760] PUF Read:0xaaaaaaaa at 0xa0008120
[44623.810791] PUF Read:0xaaaaaeaa at 0xa0008124
[44623.810791] PUF Read:0xaaaaaaaa at 0xa0008128
[44623.810791] PUF Read:0xaaaaaaaa at 0xa000812c
[44623.810852] PUF Read:0xaaaaaaaa at 0xa0008130
[44623.810852] PUF Read:0xaaaaaa2a at 0xa0008134
[44623.810913] PUF Read:0xaa8baaaa at 0xa0008138
[44623.810943] PUF Read:0xaaaaaaaa at 0xa000813c
[44623.810943] PUF Read:0xaaaaaeaa at 0xa0008140
[44623.810943] PUF Read:0xaaaaaaaa at 0xa0008144
[44623.811004] PUF Read:0xaabaaeaa at 0xa0008148
[44623.811004] PUF Read:0xaaaaaaaa at 0xa000814c
[44623.811065] PUF Read:0xaaaaaaaa at 0xa0008150
[44623.811096] PUF Read:0xaaaaaaaa at 0xa0008154
[44623.811096] PUF Read:0xaaaaaaaa at 0xa0008158
[44623.811096] PUF Read:0xaabaaaea at 0xa000815c
[44623.811096] PUF Read:0xaaaaaaaa at 0xa0008160
[44623.811096] PUF Read:0xaaaaaaaa at 0xa0008164
[44623.811096] PUF Read:0xaeaaaaaa at 0xa0008168
[44623.811248] PUF Read:0xaaeaaaaa at 0xa000816c
[44623.811248] PUF Read:0x2aaaaaaa at 0xa0008170
[44623.811248] PUF Read:0xaabaaaaa at 0xa0008174
[44623.811248] PUF Read:0xaaaaaaaa at 0xa0008178
[44623.811248] PUF Read:0xaaaaeaaa at 0xa000817c
[44623.811248] PUF Read:0xaaaa2a2a at 0xa0008180
[44623.811401] PUF Read:0xaaaaaaaa at 0xa0008184
[44623.811431] PUF Read:0xaa2aaaaa at 0xa0008188
[44623.811431] PUF Read:0xaaaaaaea at 0xa000818c
[44623.811431] PUF Read:0x2aaaaaaa at 0xa0008190
[44623.811431] PUF Read:0xeaaaaaaa at 0xa0008194
[44623.811431] PUF Read:0xaaaaaaaa at 0xa0008198
[44623.811431] PUF Read:0xaaaaaaaa at 0xa000819c
[44623.811584] PUF Read:0xaaaaaaaa at 0xa00081a0
[44623.811584] PUF Read:0xaaaaaaaa at 0xa00081a4
[44623.811584] PUF Read:0xa2a2aaaa at 0xa00081a8
[44623.811584] PUF Read:0xaaaaaaaa at 0xa00081ac
[44623.811676] PUF Read:0xaaebaaaa at 0xa00081b0
[44623.811676] PUF Read:0xaaaaaaaa at 0xa00081b4
[44623.811737] PUF Read:0xaaaaaaaa at 0xa00081b8
[44623.811767] PUF Read:0xa2baaaaa at 0xa00081bc
[44623.811767] PUF Read:0xaaa88aaa at 0xa00081c0
[44623.811767] PUF Read:0xaaaaaaae at 0xa00081c4
[44623.811828] PUF Read:0xaaaaaaaa at 0xa00081c8
[44623.811828] PUF Read:0xaa2baaaa at 0xa00081cc
[44623.811889] PUF Read:0xbaaaaaaa at 0xa00081d0
[44623.811920] PUF Read:0xaaaaaa2a at 0xa00081d4
[44623.811920] PUF Read:0xaaaaaaaa at 0xa00081d8
[44623.811920] PUF Read:0xaaaaaaaa at 0xa00081dc
[44623.811981] PUF Read:0xaaaaaaa2 at 0xa00081e0
[44623.811981] PUF Read:0xaaaaaaea at 0xa00081e4
[44623.812042] PUF Read:0xaaaaaaaa at 0xa00081e8
[44623.812072] PUF Read:0xaa2aaaaa at 0xa00081ec
[44623.812072] PUF Read:0xaa8aaaab at 0xa00081f0
[44623.812072] PUF Read:0xaaaaaeaa at 0xa00081f4
[44623.812133] PUF Read:0xaaaaaaa2 at 0xa00081f8
[44623.812133] PUF Read:0xaaaaaaaa at 0xa00081fc
[44623.812194] PUF Read:0x8aaaaaaa at 0xa0008200
[44623.812225] PUF Read:0xaaaaaaaa at 0xa0008204
[44623.812225] PUF Read:0xaaaaaaba at 0xa0008208
[44623.812225] PUF Read:0xa8aaaaaa at 0xa000820c
[44623.812225] PUF Read:0xaaaaa2a8 at 0xa0008210
[44623.812225] PUF Read:0xaaaaaaaa at 0xa0008214
[44623.812225] PUF Read:0xaaaaaeaa at 0xa0008218
[44623.812377] PUF Read:0xaaaaaaaa at 0xa000821c
[44623.812408] PUF Read:0xaaaaaaaa at 0xa0008220
[44623.812408] PUF Read:0xaabaaaaa at 0xa0008224
[44623.812408] PUF Read:0xaaaaaaaa at 0xa0008228
[44623.812469] PUF Read:0xaaaaaaaa at 0xa000822c
[44623.812469] PUF Read:0xaaaaaeaa at 0xa0008230
[44623.812530] PUF Read:0x286aaaaa at 0xa0008234
[44623.812561] PUF Read:0xaaaaaaaa at 0xa0008238
[44623.812561] PUF Read:0xaaaaaaaa at 0xa000823c
[44623.812561] PUF Read:0xaaaaaaaa at 0xa0008240
[44623.812622] PUF Read:0xaaaaaaaa at 0xa0008244
[44623.812622] PUF Read:0xaaaaaaaa at 0xa0008248
[44623.812683] PUF Read:0xaaaaaaaa at 0xa000824c
[44623.812713] PUF Read:0xaaaaaaaa at 0xa0008250
[44623.812713] PUF Read:0xaabaaaaa at 0xa0008254
[44623.812713] PUF Read:0xaaaaaaaa at 0xa0008258
[44623.812713] PUF Read:0xaaaeaaaa at 0xa000825c
[44623.812713] PUF Read:0xaaaaaaaa at 0xa0008260
[44623.812713] PUF Read:0xaaaaaaaa at 0xa0008264
[44623.812866] PUF Read:0xaaaa8caa at 0xa0008268
[44623.812896] PUF Read:0xaaaaaaaa at 0xa000826c
[44623.812896] PUF Read:0xaaaaaaaa at 0xa0008270
[44623.812896] PUF Read:0xaaaaaaaa at 0xa0008274
[44623.812896] PUF Read:0xaaaaaaea at 0xa0008278
[44623.812988] PUF Read:0xaaaaaaaa at 0xa000827c
[44623.812988] PUF Read:0xeaaaaaaa at 0xa0008280
[44623.813049] PUF Read:0xa2aaaaaa at 0xa0008284
[44623.813079] PUF Read:0xaaeaaaaa at 0xa0008288
[44623.813079] PUF Read:0xaaaaaaaa at 0xa000828c
[44623.813079] PUF Read:0xaaaaaaa8 at 0xa0008290
[44623.813140] PUF Read:0xa8aaaaaa at 0xa0008294
[44623.813140] PUF Read:0xaaaaaaaa at 0xa0008298
[44623.813201] PUF Read:0xaaaaaaaa at 0xa000829c
[44623.813232] PUF Read:0xaaaaaaaa at 0xa00082a0
[44623.813232] PUF Read:0xaaaabaaa at 0xa00082a4
[44623.813232] PUF Read:0xaaaaaaaa at 0xa00082a8
[44623.813293] PUF Read:0xaaaaaaaa at 0xa00082ac
[44623.813293] PUF Read:0xaaaaaaaa at 0xa00082b0
[44623.813354] PUF Read:0xaaaaaaaa at 0xa00082b4
[44623.813385] PUF Read:0xaaa8aaea at 0xa00082b8
[44623.813385] PUF Read:0xaaaaaaaa at 0xa00082bc
[44623.813446] PUF Read:0xaaaaaaaa at 0xa00082c0
[44623.813446] PUF Read:0xaaaaaaaa at 0xa00082c4
[44623.813446] PUF Read:0xbaaaaaaa at 0xa00082c8
[44623.813507] PUF Read:0xaaaaaaaa at 0xa00082cc
[44623.813537] PUF Read:0xaabaaaaa at 0xa00082d0
[44623.813537] PUF Read:0xaaaaaaaa at 0xa00082d4
[44623.813598] PUF Read:0xaaaaaaaa at 0xa00082d8
[44623.813598] PUF Read:0xaaaaeaaa at 0xa00082dc
[44623.813598] PUF Read:0xaaaaaaaa at 0xa00082e0
[44623.813659] PUF Read:0xaaaaaeaa at 0xa00082e4
[44623.813690] PUF Read:0xaaaaaaaa at 0xa00082e8
[44623.813690] PUF Read:0xaaaaaaab at 0xa00082ec
[44623.813690] PUF Read:0xaaaaaaaa at 0xa00082f0
[44623.813690] PUF Read:0xaaaaaaaa at 0xa00082f4
[44623.813781] PUF Read:0xaaaaaaaa at 0xa00082f8
[44623.813781] PUF Read:0xaaaaaaaa at 0xa00082fc
[44623.813842] PUF Read:0xaaaaaaaa at 0xa0008300
[44623.813873] PUF Read:0xaaaaaaaa at 0xa0008304
[44623.813873] PUF Read:0xaaaa8aaa at 0xa0008308
[44623.813873] PUF Read:0xaaaaaaaa at 0xa000830c
[44623.813934] PUF Read:0xaaaaaa8a at 0xa0008310
[44623.813934] PUF Read:0xaaaaaaaa at 0xa0008314
[44623.813995] PUF Read:0x2baaaaaa at 0xa0008318
[44623.814025] PUF Read:0xbaaaaaaa at 0xa000831c
[44623.814025] PUF Read:0xaaaa8aaa at 0xa0008320
[44623.814025] PUF Read:0xaaaaaaaa at 0xa0008324
[44623.814086] PUF Read:0xaaaaaaaa at 0xa0008328
[44623.814086] PUF Read:0xaaabaaa8 at 0xa000832c
[44623.814147] PUF Read:0xaaaaaaae at 0xa0008330
[44623.814178] PUF Read:0xaaaaaaaa at 0xa0008334
[44623.814178] PUF Read:0xaaaabaaa at 0xa0008338
[44623.814178] PUF Read:0xaaaaaaaa at 0xa000833c
[44623.814239] PUF Read:0xbaaaaaaa at 0xa0008340
[44623.814239] PUF Read:0xaaaaaa2b at 0xa0008344
[44623.814239] PUF Read:0xaaaaaaaa at 0xa0008348
[44623.814331] PUF Read:0xaaaaabaa at 0xa000834c
[44623.814331] PUF Read:0xaaaa8a8a at 0xa0008350
[44623.814331] PUF Read:0x8aaaaaaa at 0xa0008354
[44623.814331] PUF Read:0xaaaaaaaa at 0xa0008358
[44623.814331] PUF Read:0xaaaaaaaa at 0xa000835c
[44623.814331] PUF Read:0xaaabaaaa at 0xa0008360
[44623.814331] PUF Read:0xaaaaaa2a at 0xa0008364
[44623.814514] PUF Read:0xaaaaaaaa at 0xa0008368
[44623.814514] PUF Read:0xaaaaaeaa at 0xa000836c
[44623.814514] PUF Read:0xaaaaaaaa at 0xa0008370
[44623.814514] PUF Read:0xaaaaaaaa at 0xa0008374
[44623.814605] PUF Read:0xaaaa8aaa at 0xa0008378
[44623.814605] PUF Read:0xaaaaaaaa at 0xa000837c
[44623.814666] PUF Read:0xaaaaaaa8 at 0xa0008380
[44623.814697] PUF Read:0xaaaaaaaa at 0xa0008384
[44623.814697] PUF Read:0xaaaaaaaa at 0xa0008388
[44623.814697] PUF Read:0xaaaaaaaa at 0xa000838c
[44623.814758] PUF Read:0xaaaaaaab at 0xa0008390
[44623.814758] PUF Read:0xaaaaabaa at 0xa0008394
[44623.814819] PUF Read:0xaaaaaaaa at 0xa0008398
[44623.814849] PUF Read:0xaaa2aaaa at 0xa000839c
[44623.814849] PUF Read:0xaaaaaaaa at 0xa00083a0
[44623.814849] PUF Read:0xaaaaaaaa at 0xa00083a4
[44623.814910] PUF Read:0xaaaaaaaa at 0xa00083a8
[44623.814910] PUF Read:0xaaaabaaa at 0xa00083ac
[44623.814971] PUF Read:0xaaaaaaa2 at 0xa00083b0
[44623.815002] PUF Read:0xaaaaaaaa at 0xa00083b4
[44623.815002] PUF Read:0xaaaaaaaa at 0xa00083b8
[44623.815063] PUF Read:0xaaaaaaaa at 0xa00083bc
[44623.815063] PUF Read:0xaaaaaaaa at 0xa00083c0
[44623.815063] PUF Read:0xaeaaaaaa at 0xa00083c4
[44623.815124] PUF Read:0xaaaaaaaa at 0xa00083c8
[44623.815155] PUF Read:0xaaa2aaaa at 0xa00083cc
[44623.815155] PUF Read:0xaaaaaaaa at 0xa00083d0
[44623.815155] PUF Read:0xaaabaaaa at 0xa00083d4
[44623.815155] PUF Read:0xaa2aaaaa at 0xa00083d8
[44623.815155] PUF Read:0xaaaaa2aa at 0xa00083dc
[44623.815155] PUF Read:0xaabeaaaa at 0xa00083e0
[44623.815307] PUF Read:0xb22aa8aa at 0xa00083e4
[44623.815307] PUF Read:0xaaaaaa2a at 0xa00083e8
[44623.815307] PUF Read:0xaaaaaa2a at 0xa00083ec
[44623.815307] PUF Read:0xaaa8aeaa at 0xa00083f0
[44623.815307] PUF Read:0xaeaaaaaa at 0xa00083f4
[44623.815307] PUF Read:0xaaaaaaae at 0xa00083f8
[44623.815460] PUF Read:0x8aaeaaaa at 0xa00083fc
[44623.815490] [i] Finished PUF read-out
[44623.815490] <6>[i] Finished PUF query for decaytime: 15360
[44623.815490] End measurement:6
[44623.815521] [i] Start measurement: 7
[44623.815551] [i] Start decaytime: 60
[44623.815551] EMIF 2 REG Write 0x80000000 at 0x4d000010
[44623.815582] EMIF 2 REG Read 0x80000000 at 0x4d000010
[44623.815582] EMIF 2 REG Write 0x80000000 at 0x4d000014
[44623.815612] EMIF 2 REG Read 0x00000000 at 0x4d000014
[44623.815612] EMIF 2 REG Write 0x08016893 at 0x4d0000cc
[44623.815612] EMIF 2 REG Read 0x08016893 at 0x4d0000cc
[44623.815643] Temp polling alert disabled
[44623.815643] Refresh Disabled at EMIF2
[44623.815643] [i] Initialiting PUF & hammer rows
[44623.815673] [i] Single-Sided Rowhammer (SSRH)
[44623.815673] [i] Finished initialiting PUF & hammer rows
[44623.822357] [i]	Timer elapsed since its reset 0 sec
[44623.822357] [i] Decay: 60 sec
[44623.822357] [i]	Relative Decay: 0 msec
