[45523.885345] [i] Total hammer attempts per row: 3727882
[45523.885345] EMIF 2 REG Write 0x00000618 at 0x4d000010
[45523.885375] EMIF 2 REG Read 0x00000618 at 0x4d000010
[45523.885375] EMIF 2 REG Write 0x00000618 at 0x4d000014
[45523.885406] EMIF 2 REG Read 0x00000618 at 0x4d000014
[45523.885406] EMIF 2 REG Write 0x58016893 at 0x4d0000cc
[45523.885437] EMIF 2 REG Read 0x58016893 at 0x4d0000cc
[45523.885437] Temp polling alert enabled
[45523.885437] Refresh enabled at EMIF2
[45523.885467] [i] Starting PUF read-out
[45523.885467] [i] Single-Sided Rowhammer (SSRH)
[45523.885498] PUF Read:0xaaaa2aaa at 0xa0008000
[45523.885498] PUF Read:0xaaaaaaaa at 0xa0008004
[45523.885498] PUF Read:0xaaaaaaaa at 0xa0008008
[45523.885559] PUF Read:0xa2aaaa2a at 0xa000800c
[45523.885559] PUF Read:0xaaaaaaaa at 0xa0008010
[45523.885559] PUF Read:0x8aaaabaa at 0xa0008014
[45523.885650] PUF Read:0xaaaa2aaa at 0xa0008018
[45523.885681] PUF Read:0xaaa0aaaa at 0xa000801c
[45523.885681] PUF Read:0xaaaaaaaa at 0xa0008020
[45523.885681] PUF Read:0xeaaaeaaa at 0xa0008024
[45523.885742] PUF Read:0xaaaaaaaa at 0xa0008028
[45523.885742] PUF Read:0xaaaaaaba at 0xa000802c
[45523.885803] PUF Read:0xaaaaaaa8 at 0xa0008030
[45523.885833] PUF Read:0xaaaaaaaa at 0xa0008034
[45523.885833] PUF Read:0xaaaaaaaa at 0xa0008038
[45523.885833] PUF Read:0xaaaaaaaa at 0xa000803c
[45523.885833] PUF Read:0xaaaaaaab at 0xa0008040
[45523.885833] PUF Read:0xaaaaeaaa at 0xa0008044
[45523.885833] PUF Read:0xaaaaaaaa at 0xa0008048
[45523.885986] PUF Read:0xaaaaaaa8 at 0xa000804c
[45523.885986] PUF Read:0xa2aaaaaa at 0xa0008050
[45523.885986] PUF Read:0xaaaaa8aa at 0xa0008054
[45523.885986] PUF Read:0xaaaaaa8a at 0xa0008058
[45523.886077] PUF Read:0xaaaaaaaa at 0xa000805c
[45523.886077] PUF Read:0xaaaaaaaa at 0xa0008060
[45523.886138] PUF Read:0xaaaa2aaa at 0xa0008064
[45523.886169] PUF Read:0xaaaaaaaa at 0xa0008068
[45523.886169] PUF Read:0xaaaaaaaa at 0xa000806c
[45523.886169] PUF Read:0xaaaaaaaa at 0xa0008070
[45523.886230] PUF Read:0xaaaaaaaa at 0xa0008074
[45523.886230] PUF Read:0xaaaaaaaa at 0xa0008078
[45523.886291] PUF Read:0xaaabaaaa at 0xa000807c
[45523.886322] PUF Read:0xaaabaaaa at 0xa0008080
[45523.886322] PUF Read:0xaaaaaaaa at 0xa0008084
[45523.886322] PUF Read:0xaaaaaaaa at 0xa0008088
[45523.886383] PUF Read:0xaaaaaaaa at 0xa000808c
[45523.886383] PUF Read:0xaaaa8aaa at 0xa0008090
[45523.886444] PUF Read:0xaaaaaaaa at 0xa0008094
[45523.886474] PUF Read:0x2aabaaab at 0xa0008098
[45523.886474] PUF Read:0xaaaaaaaa at 0xa000809c
[45523.886535] PUF Read:0x8aaaaa2a at 0xa00080a0
[45523.886535] PUF Read:0xaaabaaaa at 0xa00080a4
[45523.886535] PUF Read:0xaa8aaaab at 0xa00080a8
[45523.886535] PUF Read:0xaaaa8aea at 0xa00080ac
[45523.886627] PUF Read:0xaaaaaaaa at 0xa00080b0
[45523.886627] PUF Read:0x2a2aaaaa at 0xa00080b4
[45523.886627] PUF Read:0xaaaaeaaa at 0xa00080b8
[45523.886627] PUF Read:0x8aaaaaaa at 0xa00080bc
[45523.886627] PUF Read:0xaaaaaaaa at 0xa00080c0
[45523.886627] PUF Read:0xaaaaaaaa at 0xa00080c4
[45523.886779] PUF Read:0xaaa2aaaa at 0xa00080c8
[45523.886779] PUF Read:0xabaaaaaa at 0xa00080cc
[45523.886779] PUF Read:0xeaaeeaaa at 0xa00080d0
[45523.886779] PUF Read:0xaaaa2aa8 at 0xa00080d4
[45523.886779] PUF Read:0xaaaa3aaa at 0xa00080d8
[45523.886901] PUF Read:0xaaaaaaaa at 0xa00080dc
[45523.886901] PUF Read:0xabaaaaaa at 0xa00080e0
[45523.886962] PUF Read:0xaaaaaaaa at 0xa00080e4
[45523.886993] PUF Read:0xaaaaaaaa at 0xa00080e8
[45523.886993] PUF Read:0xaaaaaaab at 0xa00080ec
[45523.886993] PUF Read:0x8aaaaaaa at 0xa00080f0
[45523.887054] PUF Read:0xaaaaaaaa at 0xa00080f4
[45523.887054] PUF Read:0xaaaaabaa at 0xa00080f8
[45523.887054] PUF Read:0xaa8aaaaa at 0xa00080fc
[45523.887145] PUF Read:0xaaaaaaaa at 0xa0008100
[45523.887145] PUF Read:0xaaaaaaaa at 0xa0008104
[45523.887145] PUF Read:0xaaa2aaaa at 0xa0008108
[45523.887145] PUF Read:0xaaaaaaaa at 0xa000810c
[45523.887145] PUF Read:0xaaaaaaaa at 0xa0008110
[45523.887145] PUF Read:0xa8ea2aaa at 0xa0008114
[45523.887298] PUF Read:0xaaaaaaaa at 0xa0008118
[45523.887298] PUF Read:0xa8aaaaaa at 0xa000811c
[45523.887298] PUF Read:0xaaaaaaaa at 0xa0008120
[45523.887298] PUF Read:0xaaaaaeaa at 0xa0008124
[45523.887390] PUF Read:0xaaaaaaaa at 0xa0008128
[45523.887390] PUF Read:0xaaaaaaaa at 0xa000812c
[45523.887451] PUF Read:0xaaaaaaaa at 0xa0008130
[45523.887481] PUF Read:0xaaaaaa2a at 0xa0008134
[45523.887481] PUF Read:0xaa8baaaa at 0xa0008138
[45523.887481] PUF Read:0xaaaaaaaa at 0xa000813c
[45523.887542] PUF Read:0xaaaaaeaa at 0xa0008140
[45523.887542] PUF Read:0xaaaaaaaa at 0xa0008144
[45523.887603] PUF Read:0xaabaaeaa at 0xa0008148
[45523.887634] PUF Read:0xaaaaaaaa at 0xa000814c
[45523.887634] PUF Read:0xaaaaaaaa at 0xa0008150
[45523.887634] PUF Read:0xaaaaaaaa at 0xa0008154
[45523.887634] PUF Read:0xaaaaaaaa at 0xa0008158
[45523.887634] PUF Read:0xaaaaaaea at 0xa000815c
[45523.887634] PUF Read:0xaaaaaaaa at 0xa0008160
[45523.887786] PUF Read:0xaaaaaaaa at 0xa0008164
[45523.887786] PUF Read:0xaeaaaaaa at 0xa0008168
[45523.887786] PUF Read:0xaaeaaaaa at 0xa000816c
[45523.887786] PUF Read:0x2aaaaaaa at 0xa0008170
[45523.887786] PUF Read:0xaabaaaaa at 0xa0008174
[45523.887786] PUF Read:0xaaaaaaaa at 0xa0008178
[45523.887939] PUF Read:0xaaaaaaaa at 0xa000817c
[45523.887969] PUF Read:0xaaaa2a2a at 0xa0008180
[45523.887969] PUF Read:0xaaaaaaaa at 0xa0008184
[45523.887969] PUF Read:0xaa2aaaaa at 0xa0008188
[45523.888031] PUF Read:0xaaaaaaea at 0xa000818c
[45523.888031] PUF Read:0x2aaaaaaa at 0xa0008190
[45523.888092] PUF Read:0xeaaaaaaa at 0xa0008194
[45523.888122] PUF Read:0xaaaaaaaa at 0xa0008198
[45523.888122] PUF Read:0xaaaaaaaa at 0xa000819c
[45523.888122] PUF Read:0xaaaaaaaa at 0xa00081a0
[45523.888183] PUF Read:0xaaaaaaaa at 0xa00081a4
[45523.888183] PUF Read:0xa2a2aaaa at 0xa00081a8
[45523.888244] PUF Read:0xaaaaaaaa at 0xa00081ac
[45523.888275] PUF Read:0xaaebaaaa at 0xa00081b0
[45523.888275] PUF Read:0xaaaaaaaa at 0xa00081b4
[45523.888275] PUF Read:0xaaaaaaaa at 0xa00081b8
[45523.888336] PUF Read:0xa2baaaaa at 0xa00081bc
[45523.888366] PUF Read:0xaaa88aaa at 0xa00081c0
[45523.888366] PUF Read:0xaaaaaaae at 0xa00081c4
[45523.888427] PUF Read:0xaaaaaaaa at 0xa00081c8
[45523.888458] PUF Read:0xaa2baaaa at 0xa00081cc
[45523.888458] PUF Read:0xbaaaaaaa at 0xa00081d0
[45523.888458] PUF Read:0xaaaaaa2a at 0xa00081d4
[45523.888519] PUF Read:0xaaaaaaaa at 0xa00081d8
[45523.888519] PUF Read:0xaaaaaaaa at 0xa00081dc
[45523.888580] PUF Read:0xaaaaaaa2 at 0xa00081e0
[45523.888610] PUF Read:0xaaaaaaea at 0xa00081e4
[45523.888610] PUF Read:0xaaaaaaaa at 0xa00081e8
[45523.888610] PUF Read:0xaa2aaaaa at 0xa00081ec
[45523.888671] PUF Read:0xaa8aaaab at 0xa00081f0
[45523.888671] PUF Read:0xaaaaaeaa at 0xa00081f4
[45523.888732] PUF Read:0xaaaaaaa2 at 0xa00081f8
[45523.888763] PUF Read:0xaaaaaaaa at 0xa00081fc
[45523.888763] PUF Read:0x8aaaaaaa at 0xa0008200
[45523.888824] PUF Read:0xaaaaaaaa at 0xa0008204
[45523.888824] PUF Read:0xaaaaaaba at 0xa0008208
[45523.888824] PUF Read:0xa8aaaaaa at 0xa000820c
[45523.888824] PUF Read:0xaaaaa2a8 at 0xa0008210
[45523.888916] PUF Read:0xaaaaaaaa at 0xa0008214
[45523.888916] PUF Read:0xaaaaaeaa at 0xa0008218
[45523.888916] PUF Read:0xaaaaaaaa at 0xa000821c
[45523.888916] PUF Read:0xaaaaaaaa at 0xa0008220
[45523.888916] PUF Read:0xaabaaaaa at 0xa0008224
[45523.888916] PUF Read:0xaaaaaaaa at 0xa0008228
[45523.889068] PUF Read:0xaaaaaaaa at 0xa000822c
[45523.889068] PUF Read:0xaaaaaeaa at 0xa0008230
[45523.889068] PUF Read:0x286aaaaa at 0xa0008234
[45523.889068] PUF Read:0xaaaaaaaa at 0xa0008238
[45523.889068] PUF Read:0xaaaaaaaa at 0xa000823c
[45523.889068] PUF Read:0xaaaaaaaa at 0xa0008240
[45523.889221] PUF Read:0xaaaaaaaa at 0xa0008244
[45523.889221] PUF Read:0xaaaaaaaa at 0xa0008248
[45523.889221] PUF Read:0xaaaaaaaa at 0xa000824c
[45523.889221] PUF Read:0xaaaaaaaa at 0xa0008250
[45523.889221] PUF Read:0xaabaaaaa at 0xa0008254
[45523.889221] PUF Read:0xaaaaaaaa at 0xa0008258
[45523.889373] PUF Read:0xaaaeaaaa at 0xa000825c
[45523.889404] PUF Read:0xaaaaaaaa at 0xa0008260
[45523.889404] PUF Read:0xaaaaaaaa at 0xa0008264
[45523.889404] PUF Read:0xaaaa8caa at 0xa0008268
[45523.889404] PUF Read:0xaaaaaaaa at 0xa000826c
[45523.889404] PUF Read:0xaaaaaaaa at 0xa0008270
[45523.889526] PUF Read:0xaaaaaaaa at 0xa0008274
[45523.889556] PUF Read:0xaaaaaaea at 0xa0008278
[45523.889556] PUF Read:0xaaaaaaaa at 0xa000827c
[45523.889556] PUF Read:0xeaaaaaaa at 0xa0008280
[45523.889617] PUF Read:0xa2aaaaaa at 0xa0008284
[45523.889617] PUF Read:0xaaeaaaaa at 0xa0008288
[45523.889678] PUF Read:0xaaaaaaaa at 0xa000828c
[45523.889709] PUF Read:0xaaaaaaa8 at 0xa0008290
[45523.889709] PUF Read:0xa8aaaaaa at 0xa0008294
[45523.889709] PUF Read:0xaaaaaaaa at 0xa0008298
[45523.889770] PUF Read:0xaaaaaaaa at 0xa000829c
[45523.889770] PUF Read:0xaaaaaaaa at 0xa00082a0
[45523.889831] PUF Read:0xaaaabaaa at 0xa00082a4
[45523.889862] PUF Read:0xaaaaaaaa at 0xa00082a8
[45523.889862] PUF Read:0xaaaaaaaa at 0xa00082ac
[45523.889862] PUF Read:0xaaaaaaaa at 0xa00082b0
[45523.889862] PUF Read:0xaaaaaaaa at 0xa00082b4
[45523.889953] PUF Read:0xaaa8aaea at 0xa00082b8
[45523.889953] PUF Read:0xaaaaaaaa at 0xa00082bc
[45523.890014] PUF Read:0xaaaaaaaa at 0xa00082c0
[45523.890045] PUF Read:0xaaaaaaaa at 0xa00082c4
[45523.890045] PUF Read:0xbaaaaaaa at 0xa00082c8
[45523.890106] PUF Read:0xaaaaaaaa at 0xa00082cc
[45523.890106] PUF Read:0xaabaaaaa at 0xa00082d0
[45523.890106] PUF Read:0xaaaaaaaa at 0xa00082d4
[45523.890106] PUF Read:0xaaaaaaaa at 0xa00082d8
[45523.890197] PUF Read:0xaaaaeaaa at 0xa00082dc
[45523.890197] PUF Read:0xaaaaaaaa at 0xa00082e0
[45523.890197] PUF Read:0xaaaaaeaa at 0xa00082e4
[45523.890197] PUF Read:0xaaaaaaaa at 0xa00082e8
[45523.890289] PUF Read:0xaaaaaaab at 0xa00082ec
[45523.890289] PUF Read:0xaaaaaaaa at 0xa00082f0
[45523.890350] PUF Read:0xaaa8aaaa at 0xa00082f4
[45523.890380] PUF Read:0xaaaaaaaa at 0xa00082f8
[45523.890380] PUF Read:0xaaaaaaaa at 0xa00082fc
[45523.890380] PUF Read:0xaaaaaaaa at 0xa0008300
[45523.890441] PUF Read:0xaaaaaaaa at 0xa0008304
[45523.890441] PUF Read:0xaaaa8aaa at 0xa0008308
[45523.890502] PUF Read:0xaaaaaaaa at 0xa000830c
[45523.890533] PUF Read:0xaaaaaa8a at 0xa0008310
[45523.890533] PUF Read:0xaaaaaaaa at 0xa0008314
[45523.890533] PUF Read:0x2baaaaaa at 0xa0008318
[45523.890594] PUF Read:0xbaaaaaaa at 0xa000831c
[45523.890594] PUF Read:0xaaaa8aaa at 0xa0008320
[45523.890655] PUF Read:0xaaaaaaaa at 0xa0008324
[45523.890686] PUF Read:0xaaaaaaaa at 0xa0008328
[45523.890686] PUF Read:0xaaabaaa8 at 0xa000832c
[45523.890747] PUF Read:0xaaaaaaae at 0xa0008330
[45523.890747] PUF Read:0xaaaaaaaa at 0xa0008334
[45523.890747] PUF Read:0xaaaabaaa at 0xa0008338
[45523.890747] PUF Read:0xaaaaaaaa at 0xa000833c
[45523.890838] PUF Read:0xbaaaaaaa at 0xa0008340
[45523.890838] PUF Read:0xaaaaaa2b at 0xa0008344
[45523.890838] PUF Read:0xaaaaaaaa at 0xa0008348
[45523.890838] PUF Read:0xaaaaabaa at 0xa000834c
[45523.890930] PUF Read:0xaaaa8a8a at 0xa0008350
[45523.890930] PUF Read:0x8aaaaaaa at 0xa0008354
[45523.890991] PUF Read:0xaaaaaaaa at 0xa0008358
[45523.891021] PUF Read:0xaaaaaaaa at 0xa000835c
[45523.891021] PUF Read:0xaaabaaaa at 0xa0008360
[45523.891021] PUF Read:0xaaaaaa2a at 0xa0008364
[45523.891082] PUF Read:0xaaaaaaaa at 0xa0008368
[45523.891082] PUF Read:0xaaaaaeaa at 0xa000836c
[45523.891143] PUF Read:0xaaaaaaaa at 0xa0008370
[45523.891174] PUF Read:0xaaaaaaaa at 0xa0008374
[45523.891174] PUF Read:0xaaaa8aaa at 0xa0008378
[45523.891235] PUF Read:0xaaaaaaaa at 0xa000837c
[45523.891235] PUF Read:0xaaaaaaaa at 0xa0008380
[45523.891235] PUF Read:0xaaaaaaaa at 0xa0008384
[45523.891296] PUF Read:0xaaaaaaaa at 0xa0008388
[45523.891326] PUF Read:0xaaaaaaaa at 0xa000838c
[45523.891326] PUF Read:0xaaaaaaab at 0xa0008390
[45523.891387] PUF Read:0xaaaaabaa at 0xa0008394
[45523.891387] PUF Read:0xaaaaaaaa at 0xa0008398
[45523.891387] PUF Read:0xaaa2aaaa at 0xa000839c
[45523.891387] PUF Read:0xaaaaaaaa at 0xa00083a0
[45523.891479] PUF Read:0xaaaaaaaa at 0xa00083a4
[45523.891510] PUF Read:0xaaaaaaaa at 0xa00083a8
[45523.891510] PUF Read:0xaaaabaaa at 0xa00083ac
[45523.891510] PUF Read:0xaaaaaaa2 at 0xa00083b0
[45523.891571] PUF Read:0xaaaaaaaa at 0xa00083b4
[45523.891571] PUF Read:0xaaaaaaaa at 0xa00083b8
[45523.891571] PUF Read:0xaaaaaaaa at 0xa00083bc
[45523.891662] PUF Read:0xaaaaaaaa at 0xa00083c0
[45523.891662] PUF Read:0xaeaaaaaa at 0xa00083c4
[45523.891662] PUF Read:0xaaaaaaaa at 0xa00083c8
[45523.891662] PUF Read:0xaaa2aaaa at 0xa00083cc
[45523.891662] PUF Read:0xaaaaaaaa at 0xa00083d0
[45523.891662] PUF Read:0xaaabaaaa at 0xa00083d4
[45523.891815] PUF Read:0xaa2aaaaa at 0xa00083d8
[45523.891845] PUF Read:0xaaaaa2aa at 0xa00083dc
[45523.891845] PUF Read:0xaabeaaaa at 0xa00083e0
[45523.891845] PUF Read:0xb22aa8aa at 0xa00083e4
[45523.891906] PUF Read:0xaaaaaa2a at 0xa00083e8
[45523.891906] PUF Read:0xaaaaaa2a at 0xa00083ec
[45523.891967] PUF Read:0xaaa8aeaa at 0xa00083f0
[45523.891998] PUF Read:0xaeaaaaaa at 0xa00083f4
[45523.891998] PUF Read:0xaaaaaaae at 0xa00083f8
[45523.891998] PUF Read:0x8aaeaaaa at 0xa00083fc
[45523.892059] [i] Finished PUF read-out
[45523.892059] <6>[i] Finished PUF query for decaytime: 15360
[45523.892089] End measurement:11
[45523.892089] [i] Start measurement: 12
[45523.892089] [i] Start decaytime: 60
[45523.892120] EMIF 2 REG Write 0x80000000 at 0x4d000010
[45523.892120] EMIF 2 REG Read 0x80000000 at 0x4d000010
[45523.892150] EMIF 2 REG Write 0x80000000 at 0x4d000014
[45523.892150] EMIF 2 REG Read 0x00000000 at 0x4d000014
[45523.892181] EMIF 2 REG Write 0x08016893 at 0x4d0000cc
[45523.892181] EMIF 2 REG Read 0x08016893 at 0x4d0000cc
[45523.892181] Temp polling alert disabled
[45523.892211] Refresh Disabled at EMIF2
[45523.892211] [i] Initialiting PUF & hammer rows
[45523.892211] [i] Single-Sided Rowhammer (SSRH)
[45523.900207] [i] Finished initialiting PUF & hammer rows
[45523.900207] [i]	Timer elapsed since its reset 0 sec
[45523.900207] [i] Decay: 60 sec
[45523.900238] [i]	Relative Decay: 0 msec
