[44083.760955] [i] Total hammer attempts per row: 3727731
[44083.760986] EMIF 2 REG Write 0x00000618 at 0x4d000010
[44083.761016] EMIF 2 REG Read 0x00000618 at 0x4d000010
[44083.761016] EMIF 2 REG Write 0x00000618 at 0x4d000014
[44083.761047] EMIF 2 REG Read 0x00000618 at 0x4d000014
[44083.761047] EMIF 2 REG Write 0x58016893 at 0x4d0000cc
[44083.761047] EMIF 2 REG Read 0x58016893 at 0x4d0000cc
[44083.761077] Temp polling alert enabled
[44083.761077] Refresh enabled at EMIF2
[44083.761077] [i] Starting PUF read-out
[44083.761108] [i] Single-Sided Rowhammer (SSRH)
[44083.761108] PUF Read:0xaaaa2aaa at 0xa0008000
[44083.761108] PUF Read:0xaaaaaaaa at 0xa0008004
[44083.761108] PUF Read:0xaaaaaaaa at 0xa0008008
[44083.761108] PUF Read:0xa2aaaa2a at 0xa000800c
[44083.761108] PUF Read:0xaaaaaaaa at 0xa0008010
[44083.761260] PUF Read:0x8aaaabaa at 0xa0008014
[44083.761291] PUF Read:0xaaaa2aaa at 0xa0008018
[44083.761291] PUF Read:0xaaa0aaaa at 0xa000801c
[44083.761291] PUF Read:0xaaaaaaaa at 0xa0008020
[44083.761291] PUF Read:0xeaaaeaaa at 0xa0008024
[44083.761291] PUF Read:0xaaaaaaaa at 0xa0008028
[44083.761291] PUF Read:0xaaaaaaba at 0xa000802c
[44083.761444] PUF Read:0xaaaaaaa8 at 0xa0008030
[44083.761474] PUF Read:0xaaaaaaaa at 0xa0008034
[44083.761474] PUF Read:0xaaaaaaaa at 0xa0008038
[44083.761474] PUF Read:0xaaaaaaaa at 0xa000803c
[44083.761535] PUF Read:0xaaaaaaab at 0xa0008040
[44083.761535] PUF Read:0xaaaaeaaa at 0xa0008044
[44083.761535] PUF Read:0xaaaaaaaa at 0xa0008048
[44083.761627] PUF Read:0xaaaaaaa8 at 0xa000804c
[44083.761627] PUF Read:0xa2aaaaaa at 0xa0008050
[44083.761627] PUF Read:0xaaaaa8aa at 0xa0008054
[44083.761627] PUF Read:0xaaaaaa8a at 0xa0008058
[44083.761627] PUF Read:0xaaaaaaaa at 0xa000805c
[44083.761627] PUF Read:0xaaaaaaaa at 0xa0008060
[44083.761779] PUF Read:0xaaaa2aaa at 0xa0008064
[44083.761779] PUF Read:0xaaaaaaaa at 0xa0008068
[44083.761779] PUF Read:0xaaaaaaaa at 0xa000806c
[44083.761779] PUF Read:0xaaaaaaaa at 0xa0008070
[44083.761779] PUF Read:0xaaaaaaaa at 0xa0008074
[44083.761779] PUF Read:0xaaaaaaaa at 0xa0008078
[44083.761932] PUF Read:0xaaabaaaa at 0xa000807c
[44083.761932] PUF Read:0xaaabaaaa at 0xa0008080
[44083.761932] PUF Read:0xaaaaaaaa at 0xa0008084
[44083.761932] PUF Read:0xaaaaaaaa at 0xa0008088
[44083.761932] PUF Read:0xaaaaaaaa at 0xa000808c
[44083.761932] PUF Read:0xaaaa8aaa at 0xa0008090
[44083.762084] PUF Read:0xaaaaaaaa at 0xa0008094
[44083.762115] PUF Read:0x2aabaaab at 0xa0008098
[44083.762115] PUF Read:0xaaaaaaaa at 0xa000809c
[44083.762115] PUF Read:0x8aaaaa2a at 0xa00080a0
[44083.762176] PUF Read:0xaaabaaaa at 0xa00080a4
[44083.762176] PUF Read:0xaa8aaaab at 0xa00080a8
[44083.762237] PUF Read:0xaaaa8aea at 0xa00080ac
[44083.762268] PUF Read:0xaaaaaaaa at 0xa00080b0
[44083.762268] PUF Read:0x2a2aaaaa at 0xa00080b4
[44083.762329] PUF Read:0xaaaaeaaa at 0xa00080b8
[44083.762329] PUF Read:0x8aaaaaaa at 0xa00080bc
[44083.762329] PUF Read:0xaaaaaaaa at 0xa00080c0
[44083.762390] PUF Read:0xaaaaaaaa at 0xa00080c4
[44083.762420] PUF Read:0xaaa2aaaa at 0xa00080c8
[44083.762420] PUF Read:0xabaaaaaa at 0xa00080cc
[44083.762420] PUF Read:0xeaaeeaaa at 0xa00080d0
[44083.762420] PUF Read:0xaaaa2aa8 at 0xa00080d4
[44083.762420] PUF Read:0xaaaa3aaa at 0xa00080d8
[44083.762420] PUF Read:0xaaaaaaaa at 0xa00080dc
[44083.762573] PUF Read:0xabaaaaaa at 0xa00080e0
[44083.762573] PUF Read:0xaaaaaaaa at 0xa00080e4
[44083.762573] PUF Read:0xaaaaaaaa at 0xa00080e8
[44083.762573] PUF Read:0xaaaaaaab at 0xa00080ec
[44083.762573] PUF Read:0x8aaaaaaa at 0xa00080f0
[44083.762573] PUF Read:0xaaaaaaaa at 0xa00080f4
[44083.762725] PUF Read:0xaaaaabaa at 0xa00080f8
[44083.762725] PUF Read:0xaa8aaaaa at 0xa00080fc
[44083.762725] PUF Read:0xaaaaaaaa at 0xa0008100
[44083.762725] PUF Read:0xaaaaaaaa at 0xa0008104
[44083.762725] PUF Read:0xaaa2aaaa at 0xa0008108
[44083.762725] PUF Read:0xaaaaaaaa at 0xa000810c
[44083.762725] PUF Read:0xaaaaaaaa at 0xa0008110
[44083.762908] PUF Read:0xa8ea2aaa at 0xa0008114
[44083.762908] PUF Read:0xaaaaaaaa at 0xa0008118
[44083.762908] PUF Read:0xa8aa2aaa at 0xa000811c
[44083.762908] PUF Read:0xaaaaaaaa at 0xa0008120
[44083.762908] PUF Read:0xaaaaaeaa at 0xa0008124
[44083.762908] PUF Read:0xaaaaaaaa at 0xa0008128
[44083.763061] PUF Read:0xaaaaaaaa at 0xa000812c
[44083.763061] PUF Read:0xaaaaaaaa at 0xa0008130
[44083.763061] PUF Read:0xaaaaaa2a at 0xa0008134
[44083.763061] PUF Read:0xaa8baaaa at 0xa0008138
[44083.763153] PUF Read:0xaaaaaaaa at 0xa000813c
[44083.763153] PUF Read:0xaaaaaeaa at 0xa0008140
[44083.763214] PUF Read:0xaaaaaaaa at 0xa0008144
[44083.763244] PUF Read:0xaabaaeaa at 0xa0008148
[44083.763244] PUF Read:0xaaaaaaaa at 0xa000814c
[44083.763244] PUF Read:0xaaaaaaaa at 0xa0008150
[44083.763305] PUF Read:0xaaaaaaaa at 0xa0008154
[44083.763305] PUF Read:0xaaaaaaaa at 0xa0008158
[44083.763366] PUF Read:0xaabaaaea at 0xa000815c
[44083.763397] PUF Read:0xaaaaaaaa at 0xa0008160
[44083.763397] PUF Read:0xaaaaaaaa at 0xa0008164
[44083.763397] PUF Read:0xaeaaaaaa at 0xa0008168
[44083.763458] PUF Read:0xaaeaaaaa at 0xa000816c
[44083.763458] PUF Read:0x2aaaaaaa at 0xa0008170
[44083.763519] PUF Read:0xaabaaaaa at 0xa0008174
[44083.763549] PUF Read:0xaaaaaaaa at 0xa0008178
[44083.763549] PUF Read:0xaaaaaaaa at 0xa000817c
[44083.763549] PUF Read:0xaaaa2a2a at 0xa0008180
[44083.763610] PUF Read:0xaaaaaaaa at 0xa0008184
[44083.763610] PUF Read:0xaa2eaaaa at 0xa0008188
[44083.763671] PUF Read:0xaaaaaaea at 0xa000818c
[44083.763702] PUF Read:0x2aaaaaaa at 0xa0008190
[44083.763702] PUF Read:0xeaaaaaaa at 0xa0008194
[44083.763702] PUF Read:0xaaaaaaaa at 0xa0008198
[44083.763763] PUF Read:0xaaaaaaaa at 0xa000819c
[44083.763763] PUF Read:0xaaaaaaaa at 0xa00081a0
[44083.763824] PUF Read:0xaaaaaaaa at 0xa00081a4
[44083.763854] PUF Read:0xa2a2aaaa at 0xa00081a8
[44083.763854] PUF Read:0xaaaaaaaa at 0xa00081ac
[44083.763854] PUF Read:0xaaebaaaa at 0xa00081b0
[44083.763854] PUF Read:0xaaaaaaaa at 0xa00081b4
[44083.763854] PUF Read:0xaaaaaaaa at 0xa00081b8
[44083.763854] PUF Read:0xa2baaaaa at 0xa00081bc
[44083.764007] PUF Read:0xaaa88aaa at 0xa00081c0
[44083.764007] PUF Read:0xaaaaaaae at 0xa00081c4
[44083.764007] PUF Read:0xaaaaaaaa at 0xa00081c8
[44083.764007] PUF Read:0xaa2baaaa at 0xa00081cc
[44083.764007] PUF Read:0xbaaaaaaa at 0xa00081d0
[44083.764007] PUF Read:0xaaaaaa2a at 0xa00081d4
[44083.764160] PUF Read:0xaaaaaaaa at 0xa00081d8
[44083.764160] PUF Read:0xaaaaaaaa at 0xa00081dc
[44083.764160] PUF Read:0xaaaaaaaa at 0xa00081e0
[44083.764160] PUF Read:0xaaaaaaea at 0xa00081e4
[44083.764160] PUF Read:0xaaaaaaaa at 0xa00081e8
[44083.764160] PUF Read:0xaa2aaaaa at 0xa00081ec
[44083.764312] PUF Read:0xaa8aaaab at 0xa00081f0
[44083.764343] PUF Read:0xaaaaaeaa at 0xa00081f4
[44083.764343] PUF Read:0xaaaaaaa2 at 0xa00081f8
[44083.764343] PUF Read:0xaaaaaaaa at 0xa00081fc
[44083.764343] PUF Read:0x8aaaaaaa at 0xa0008200
[44083.764343] PUF Read:0xaaaaaaaa at 0xa0008204
[44083.764343] PUF Read:0xaaaaaaba at 0xa0008208
[44083.764495] PUF Read:0xa8aaaaaa at 0xa000820c
[44083.764495] PUF Read:0xaaaaa2a8 at 0xa0008210
[44083.764495] PUF Read:0xaaaaaaaa at 0xa0008214
[44083.764495] PUF Read:0xaaaaaeaa at 0xa0008218
[44083.764495] PUF Read:0xaaaaaaaa at 0xa000821c
[44083.764495] PUF Read:0xaaaaaaaa at 0xa0008220
[44083.764648] PUF Read:0xaabaaaaa at 0xa0008224
[44083.764678] PUF Read:0xaaaaaaaa at 0xa0008228
[44083.764678] PUF Read:0xaaaaaaaa at 0xa000822c
[44083.764678] PUF Read:0xaaaaaeaa at 0xa0008230
[44083.764739] PUF Read:0x286aaaaa at 0xa0008234
[44083.764739] PUF Read:0xaaaaaaaa at 0xa0008238
[44083.764801] PUF Read:0xaaaaaaaa at 0xa000823c
[44083.764831] PUF Read:0xaaaaaaaa at 0xa0008240
[44083.764831] PUF Read:0xaaaaaaaa at 0xa0008244
[44083.764831] PUF Read:0xaaaaaaaa at 0xa0008248
[44083.764892] PUF Read:0xaaaaaaaa at 0xa000824c
[44083.764892] PUF Read:0xaaaaaaaa at 0xa0008250
[44083.764953] PUF Read:0xaabaaaaa at 0xa0008254
[44083.764984] PUF Read:0xaaaaaaaa at 0xa0008258
[44083.764984] PUF Read:0xaaaeaaaa at 0xa000825c
[44083.764984] PUF Read:0xaaaaaaaa at 0xa0008260
[44083.764984] PUF Read:0xaaaaaaaa at 0xa0008264
[44083.764984] PUF Read:0xaaaa8caa at 0xa0008268
[44083.764984] PUF Read:0xaaaaaaaa at 0xa000826c
[44083.765136] PUF Read:0xaaaaaaaa at 0xa0008270
[44083.765136] PUF Read:0xaaaaaaaa at 0xa0008274
[44083.765136] PUF Read:0xaaaaaaea at 0xa0008278
[44083.765136] PUF Read:0xaaaaaaaa at 0xa000827c
[44083.765136] PUF Read:0xeaaaaaaa at 0xa0008280
[44083.765136] PUF Read:0xa2aaaaaa at 0xa0008284
[44083.765289] PUF Read:0xaaeaaaaa at 0xa0008288
[44083.765289] PUF Read:0xaaaaaaaa at 0xa000828c
[44083.765289] PUF Read:0xaaaaaaa8 at 0xa0008290
[44083.765289] PUF Read:0xa8aaaaaa at 0xa0008294
[44083.765380] PUF Read:0xaaaaaaaa at 0xa0008298
[44083.765380] PUF Read:0xaaaaaaaa at 0xa000829c
[44083.765441] PUF Read:0xaaaaaaaa at 0xa00082a0
[44083.765472] PUF Read:0xaaaabaaa at 0xa00082a4
[44083.765472] PUF Read:0xaaaaaaaa at 0xa00082a8
[44083.765472] PUF Read:0xaaaaaaaa at 0xa00082ac
[44083.765533] PUF Read:0xaaaaaaaa at 0xa00082b0
[44083.765533] PUF Read:0xaaaaaaaa at 0xa00082b4
[44083.765594] PUF Read:0xaaa8aaea at 0xa00082b8
[44083.765625] PUF Read:0xaaaaaaaa at 0xa00082bc
[44083.765625] PUF Read:0xaaaaaaaa at 0xa00082c0
[44083.765625] PUF Read:0xaaaaaaaa at 0xa00082c4
[44083.765686] PUF Read:0xbaaaaaaa at 0xa00082c8
[44083.765686] PUF Read:0xaaaaaaaa at 0xa00082cc
[44083.765686] PUF Read:0xaabaaaaa at 0xa00082d0
[44083.765777] PUF Read:0xaaaaaaaa at 0xa00082d4
[44083.765777] PUF Read:0xaaaaaaaa at 0xa00082d8
[44083.765777] PUF Read:0xaaaaeaaa at 0xa00082dc
[44083.765869] PUF Read:0xaaaaaaaa at 0xa00082e0
[44083.765869] PUF Read:0xaaaaaeaa at 0xa00082e4
[44083.765869] PUF Read:0xaaaaaaaa at 0xa00082e8
[44083.765869] PUF Read:0xaaaaaaab at 0xa00082ec
[44083.765960] PUF Read:0xaaaaaaaa at 0xa00082f0
[44083.765960] PUF Read:0xaaa8aaaa at 0xa00082f4
[44083.765960] PUF Read:0xaaaaaaaa at 0xa00082f8
[44083.765960] PUF Read:0xaaaaaaaa at 0xa00082fc
[44083.765960] PUF Read:0xaaaaaaaa at 0xa0008300
[44083.765960] PUF Read:0xaaaaaaaa at 0xa0008304
[44083.766113] PUF Read:0xaaaa8aaa at 0xa0008308
[44083.766143] PUF Read:0xaaaaaaaa at 0xa000830c
[44083.766143] PUF Read:0xaaaaaa8a at 0xa0008310
[44083.766143] PUF Read:0xaaaaaaaa at 0xa0008314
[44083.766204] PUF Read:0x2baaaaaa at 0xa0008318
[44083.766204] PUF Read:0xbaaaaaaa at 0xa000831c
[44083.766265] PUF Read:0xaaaa8aaa at 0xa0008320
[44083.766296] PUF Read:0xaaaaaaaa at 0xa0008324
[44083.766296] PUF Read:0xaaaaaaaa at 0xa0008328
[44083.766296] PUF Read:0xaaabaaa8 at 0xa000832c
[44083.766357] PUF Read:0xaaaaaaae at 0xa0008330
[44083.766357] PUF Read:0xaaaaaaaa at 0xa0008334
[44083.766418] PUF Read:0xaaaabaaa at 0xa0008338
[44083.766448] PUF Read:0xaaaaaaaa at 0xa000833c
[44083.766448] PUF Read:0xbaaaaaaa at 0xa0008340
[44083.766448] PUF Read:0xaaaaaa2b at 0xa0008344
[44083.766510] PUF Read:0xaaaaaaaa at 0xa0008348
[44083.766510] PUF Read:0xaaaaabaa at 0xa000834c
[44083.766571] PUF Read:0xaaaa8a8a at 0xa0008350
[44083.766601] PUF Read:0x8aaaaaaa at 0xa0008354
[44083.766601] PUF Read:0xaaaaaaaa at 0xa0008358
[44083.766662] PUF Read:0xaaaaaaaa at 0xa000835c
[44083.766662] PUF Read:0xaaabaaaa at 0xa0008360
[44083.766662] PUF Read:0xaaaaaa2a at 0xa0008364
[44083.766723] PUF Read:0xaaaaaaaa at 0xa0008368
[44083.766754] PUF Read:0xaaaaaeaa at 0xa000836c
[44083.766754] PUF Read:0xaaaaaaaa at 0xa0008370
[44083.766754] PUF Read:0xaaaaaaaa at 0xa0008374
[44083.766754] PUF Read:0xaaaa8aaa at 0xa0008378
[44083.766754] PUF Read:0xaaaaaaaa at 0xa000837c
[44083.766754] PUF Read:0xaaaaaaa8 at 0xa0008380
[44083.766906] PUF Read:0xaaaaaaaa at 0xa0008384
[44083.766906] PUF Read:0xaaaaaaaa at 0xa0008388
[44083.766906] PUF Read:0xaaaaaaaa at 0xa000838c
[44083.766906] PUF Read:0xaaaaaaab at 0xa0008390
[44083.766906] PUF Read:0xaaaaabaa at 0xa0008394
[44083.766906] PUF Read:0xaaaaaaaa at 0xa0008398
[44083.767059] PUF Read:0xaaa2aaaa at 0xa000839c
[44083.767089] PUF Read:0xaaaaaaaa at 0xa00083a0
[44083.767089] PUF Read:0xaaaaaaaa at 0xa00083a4
[44083.767089] PUF Read:0xaaaaaaaa at 0xa00083a8
[44083.767150] PUF Read:0xaaaabaaa at 0xa00083ac
[44083.767150] PUF Read:0xaaaaaaa2 at 0xa00083b0
[44083.767211] PUF Read:0xaaaaaaaa at 0xa00083b4
[44083.767242] PUF Read:0xaaaaaaaa at 0xa00083b8
[44083.767242] PUF Read:0xaaaaaaaa at 0xa00083bc
[44083.767303] PUF Read:0xaaaaaaaa at 0xa00083c0
[44083.767303] PUF Read:0xaeaaaaaa at 0xa00083c4
[44083.767303] PUF Read:0xaaaaaaaa at 0xa00083c8
[44083.767364] PUF Read:0xaaa2aaaa at 0xa00083cc
[44083.767395] PUF Read:0xaaaaaaaa at 0xa00083d0
[44083.767425] PUF Read:0xaaabaaaa at 0xa00083d4
[44083.767425] PUF Read:0xaa2aaaaa at 0xa00083d8
[44083.767425] PUF Read:0xaaaaa2aa at 0xa00083dc
[44083.767486] PUF Read:0xaabeaaaa at 0xa00083e0
[44083.767486] PUF Read:0xb22aa8aa at 0xa00083e4
[44083.767547] PUF Read:0xaaaaaa2a at 0xa00083e8
[44083.767578] PUF Read:0xaaaaaa2a at 0xa00083ec
[44083.767578] PUF Read:0xaaa8aeaa at 0xa00083f0
[44083.767639] PUF Read:0xaeaaaaaa at 0xa00083f4
[44083.767639] PUF Read:0xaaaaaaae at 0xa00083f8
[44083.767639] PUF Read:0x8aaeaaaa at 0xa00083fc
[44083.767700] [i] Finished PUF read-out
[44083.767700] <6>[i] Finished PUF query for decaytime: 15360
[44083.767700] End measurement:3
[44083.767730] [i] Start measurement: 4
[44083.767730] [i] Start decaytime: 60
[44083.767761] EMIF 2 REG Write 0x80000000 at 0x4d000010
[44083.767761] EMIF 2 REG Read 0x80000000 at 0x4d000010
[44083.767761] EMIF 2 REG Write 0x80000000 at 0x4d000014
[44083.767791] EMIF 2 REG Read 0x00000000 at 0x4d000014
[44083.767791] EMIF 2 REG Write 0x08016893 at 0x4d0000cc
[44083.767822] EMIF 2 REG Read 0x08016893 at 0x4d0000cc
[44083.767822] Temp polling alert disabled
[44083.767822] Refresh Disabled at EMIF2
[44083.767852] [i] Initialiting PUF & hammer rows
[44083.767852] [i] Single-Sided Rowhammer (SSRH)
[44083.775573] [i] Finished initialiting PUF & hammer rows
[44083.775573] [i]	Timer elapsed since its reset 0 sec
[44083.775604] [i] Decay: 60 sec
[44083.775604] [i]	Relative Decay: 0 msec
