[34885.456756] [i] Total hammer attempts per row: 3728171
[34885.456756] EMIF 2 REG Write 0x00000618 at 0x4d000010
[34885.456756] EMIF 2 REG Read 0x00000618 at 0x4d000010
[34885.456817] EMIF 2 REG Write 0x00000618 at 0x4d000014
[34885.456817] EMIF 2 REG Read 0x00000618 at 0x4d000014
[34885.456848] EMIF 2 REG Write 0x58016893 at 0x4d0000cc
[34885.456848] EMIF 2 REG Read 0x58016893 at 0x4d0000cc
[34885.456878] Temp polling alert enabled
[34885.456878] Refresh enabled at EMIF2
[34885.456878] [i] Starting PUF read-out
[34885.456909] [i] Single-Sided Rowhammer (SSRH)
[34885.456909] PUF Read:0x00000010 at 0xa0008000
[34885.456909] PUF Read:0x00000400 at 0xa0008004
[34885.456909] PUF Read:0x00000000 at 0xa0008008
[34885.457000] PUF Read:0x00000000 at 0xa000800c
[34885.457031] PUF Read:0x00000000 at 0xa0008010
[34885.457031] PUF Read:0x00000100 at 0xa0008014
[34885.457031] PUF Read:0x00000000 at 0xa0008018
[34885.457092] PUF Read:0x10400100 at 0xa000801c
[34885.457092] PUF Read:0x40000000 at 0xa0008020
[34885.457153] PUF Read:0x40004000 at 0xa0008024
[34885.457183] PUF Read:0x00004000 at 0xa0008028
[34885.457183] PUF Read:0x00000010 at 0xa000802c
[34885.457183] PUF Read:0x40000000 at 0xa0008030
[34885.457183] PUF Read:0x04000000 at 0xa0008034
[34885.457275] PUF Read:0x00004000 at 0xa0008038
[34885.457275] PUF Read:0x00000000 at 0xa000803c
[34885.457336] PUF Read:0x00000001 at 0xa0008040
[34885.457336] PUF Read:0x00004000 at 0xa0008044
[34885.457336] PUF Read:0x00000000 at 0xa0008048
[34885.457336] PUF Read:0x00000001 at 0xa000804c
[34885.457427] PUF Read:0x00000000 at 0xa0008050
[34885.457427] PUF Read:0x00000000 at 0xa0008054
[34885.457489] PUF Read:0x00000000 at 0xa0008058
[34885.457489] PUF Read:0x00000000 at 0xa000805c
[34885.457489] PUF Read:0x00000000 at 0xa0008060
[34885.457489] PUF Read:0x00100000 at 0xa0008064
[34885.457580] PUF Read:0x00000000 at 0xa0008068
[34885.457580] PUF Read:0x00000000 at 0xa000806c
[34885.457641] PUF Read:0x00000010 at 0xa0008070
[34885.457641] PUF Read:0x00000000 at 0xa0008074
[34885.457641] PUF Read:0x00000000 at 0xa0008078
[34885.457641] PUF Read:0x00010000 at 0xa000807c
[34885.457641] PUF Read:0x00010000 at 0xa0008080
[34885.457641] PUF Read:0x00000000 at 0xa0008084
[34885.457794] PUF Read:0x00000000 at 0xa0008088
[34885.457794] PUF Read:0x00000000 at 0xa000808c
[34885.457794] PUF Read:0x00000000 at 0xa0008090
[34885.457794] PUF Read:0x10000000 at 0xa0008094
[34885.457794] PUF Read:0x00410001 at 0xa0008098
[34885.457794] PUF Read:0x00000000 at 0xa000809c
[34885.457946] PUF Read:0x00000000 at 0xa00080a0
[34885.457946] PUF Read:0x00010000 at 0xa00080a4
[34885.457946] PUF Read:0x00010001 at 0xa00080a8
[34885.457946] PUF Read:0x00000041 at 0xa00080ac
[34885.457946] PUF Read:0x00000000 at 0xa00080b0
[34885.457946] PUF Read:0x00000000 at 0xa00080b4
[34885.458099] PUF Read:0x00004000 at 0xa00080b8
[34885.458099] PUF Read:0x00000000 at 0xa00080bc
[34885.458099] PUF Read:0x00000400 at 0xa00080c0
[34885.458099] PUF Read:0x00000000 at 0xa00080c4
[34885.458099] PUF Read:0x10100000 at 0xa00080c8
[34885.458099] PUF Read:0x01000000 at 0xa00080cc
[34885.458251] PUF Read:0x40044000 at 0xa00080d0
[34885.458282] PUF Read:0x00000000 at 0xa00080d4
[34885.458282] PUF Read:0x00001000 at 0xa00080d8
[34885.458282] PUF Read:0x00000000 at 0xa00080dc
[34885.458343] PUF Read:0x01000000 at 0xa00080e0
[34885.458343] PUF Read:0x00000000 at 0xa00080e4
[34885.458404] PUF Read:0x00000000 at 0xa00080e8
[34885.458435] PUF Read:0x00000001 at 0xa00080ec
[34885.458435] PUF Read:0x00000000 at 0xa00080f0
[34885.458435] PUF Read:0x00000000 at 0xa00080f4
[34885.458435] PUF Read:0x00000100 at 0xa00080f8
[34885.458435] PUF Read:0x00000000 at 0xa00080fc
[34885.458557] PUF Read:0x00000000 at 0xa0008100
[34885.458557] PUF Read:0x00000000 at 0xa0008104
[34885.458557] PUF Read:0x00000000 at 0xa0008108
[34885.458557] PUF Read:0x00000000 at 0xa000810c
[34885.458557] PUF Read:0x00000000 at 0xa0008110
[34885.458557] PUF Read:0x00400000 at 0xa0008114
[34885.458709] PUF Read:0x00000000 at 0xa0008118
[34885.458709] PUF Read:0x00000000 at 0xa000811c
[34885.458709] PUF Read:0x00000000 at 0xa0008120
[34885.458709] PUF Read:0x00000400 at 0xa0008124
[34885.458801] PUF Read:0x00000040 at 0xa0008128
[34885.458801] PUF Read:0x00000000 at 0xa000812c
[34885.458862] PUF Read:0x00000000 at 0xa0008130
[34885.458892] PUF Read:0x00000000 at 0xa0008134
[34885.458892] PUF Read:0x00010000 at 0xa0008138
[34885.458953] PUF Read:0x00000000 at 0xa000813c
[34885.458953] PUF Read:0x40000400 at 0xa0008140
[34885.458953] PUF Read:0x00000000 at 0xa0008144
[34885.459014] PUF Read:0x00100400 at 0xa0008148
[34885.459045] PUF Read:0x00000000 at 0xa000814c
[34885.459045] PUF Read:0x00000000 at 0xa0008150
[34885.459106] PUF Read:0x00000000 at 0xa0008154
[34885.459106] PUF Read:0x00000000 at 0xa0008158
[34885.459106] PUF Read:0x00100040 at 0xa000815c
[34885.459106] PUF Read:0x00001000 at 0xa0008160
[34885.459197] PUF Read:0x00000000 at 0xa0008164
[34885.459197] PUF Read:0x04000000 at 0xa0008168
[34885.459197] PUF Read:0x00400000 at 0xa000816c
[34885.459197] PUF Read:0x00000000 at 0xa0008170
[34885.459197] PUF Read:0x00100000 at 0xa0008174
[34885.459197] PUF Read:0x00000000 at 0xa0008178
[34885.459350] PUF Read:0x00004000 at 0xa000817c
[34885.459381] PUF Read:0x00000000 at 0xa0008180
[34885.459381] PUF Read:0x00000000 at 0xa0008184
[34885.459381] PUF Read:0x00040000 at 0xa0008188
[34885.459442] PUF Read:0x00000440 at 0xa000818c
[34885.459442] PUF Read:0x00000000 at 0xa0008190
[34885.459503] PUF Read:0x40000000 at 0xa0008194
[34885.459503] PUF Read:0x00000004 at 0xa0008198
[34885.459503] PUF Read:0x00000000 at 0xa000819c
[34885.459503] PUF Read:0x00000000 at 0xa00081a0
[34885.459594] PUF Read:0x00000000 at 0xa00081a4
[34885.459594] PUF Read:0x00000000 at 0xa00081a8
[34885.459655] PUF Read:0x00000000 at 0xa00081ac
[34885.459686] PUF Read:0x00410000 at 0xa00081b0
[34885.459686] PUF Read:0x00000000 at 0xa00081b4
[34885.459686] PUF Read:0x00000000 at 0xa00081b8
[34885.459747] PUF Read:0x00100000 at 0xa00081bc
[34885.459747] PUF Read:0x00000000 at 0xa00081c0
[34885.459808] PUF Read:0x00000004 at 0xa00081c4
[34885.459838] PUF Read:0x00000000 at 0xa00081c8
[34885.459838] PUF Read:0x00010000 at 0xa00081cc
[34885.459838] PUF Read:0x10000000 at 0xa00081d0
[34885.459838] PUF Read:0x00000000 at 0xa00081d4
[34885.459838] PUF Read:0x10000000 at 0xa00081d8
[34885.459960] PUF Read:0x00004000 at 0xa00081dc
[34885.459960] PUF Read:0x00000000 at 0xa00081e0
[34885.459960] PUF Read:0x00000040 at 0xa00081e4
[34885.459960] PUF Read:0x00000000 at 0xa00081e8
[34885.459960] PUF Read:0x00000010 at 0xa00081ec
[34885.459960] PUF Read:0x00000001 at 0xa00081f0
[34885.460113] PUF Read:0x00000400 at 0xa00081f4
[34885.460144] PUF Read:0x00000000 at 0xa00081f8
[34885.460144] PUF Read:0x00000040 at 0xa00081fc
[34885.460144] PUF Read:0x00000000 at 0xa0008200
[34885.460144] PUF Read:0x00000000 at 0xa0008204
[34885.460144] PUF Read:0x00000010 at 0xa0008208
[34885.460266] PUF Read:0x00000000 at 0xa000820c
[34885.460266] PUF Read:0x00400000 at 0xa0008210
[34885.460266] PUF Read:0x00000000 at 0xa0008214
[34885.460266] PUF Read:0x00000400 at 0xa0008218
[34885.460357] PUF Read:0x00000000 at 0xa000821c
[34885.460357] PUF Read:0x00000000 at 0xa0008220
[34885.460418] PUF Read:0x00100000 at 0xa0008224
[34885.460449] PUF Read:0x00000000 at 0xa0008228
[34885.460449] PUF Read:0x00000000 at 0xa000822c
[34885.460449] PUF Read:0x00000500 at 0xa0008230
[34885.460510] PUF Read:0x00400000 at 0xa0008234
[34885.460510] PUF Read:0x00000000 at 0xa0008238
[34885.460571] PUF Read:0x00000400 at 0xa000823c
[34885.460601] PUF Read:0x00000004 at 0xa0008240
[34885.460601] PUF Read:0x00000000 at 0xa0008244
[34885.460601] PUF Read:0x00040000 at 0xa0008248
[34885.460662] PUF Read:0x00000000 at 0xa000824c
[34885.460662] PUF Read:0x04000000 at 0xa0008250
[34885.460723] PUF Read:0x00100000 at 0xa0008254
[34885.460754] PUF Read:0x00000000 at 0xa0008258
[34885.460754] PUF Read:0x04040000 at 0xa000825c
[34885.460754] PUF Read:0x00000000 at 0xa0008260
[34885.460815] PUF Read:0x00001000 at 0xa0008264
[34885.460815] PUF Read:0x00000400 at 0xa0008268
[34885.460876] PUF Read:0x00001000 at 0xa000826c
[34885.460906] PUF Read:0x00000000 at 0xa0008270
[34885.460906] PUF Read:0x00000000 at 0xa0008274
[34885.460906] PUF Read:0x00000040 at 0xa0008278
[34885.460968] PUF Read:0x00100000 at 0xa000827c
[34885.460968] PUF Read:0x40000000 at 0xa0008280
[34885.461029] PUF Read:0x00000000 at 0xa0008284
[34885.461059] PUF Read:0x00400000 at 0xa0008288
[34885.461059] PUF Read:0x00000000 at 0xa000828c
[34885.461120] PUF Read:0x00000000 at 0xa0008290
[34885.461120] PUF Read:0x00000000 at 0xa0008294
[34885.461120] PUF Read:0x00000000 at 0xa0008298
[34885.461181] PUF Read:0x00000000 at 0xa000829c
[34885.461212] PUF Read:0x00000400 at 0xa00082a0
[34885.461212] PUF Read:0x00001000 at 0xa00082a4
[34885.461273] PUF Read:0x00000000 at 0xa00082a8
[34885.461273] PUF Read:0x00000000 at 0xa00082ac
[34885.461273] PUF Read:0x00000000 at 0xa00082b0
[34885.461273] PUF Read:0x00000000 at 0xa00082b4
[34885.461364] PUF Read:0x00000040 at 0xa00082b8
[34885.461364] PUF Read:0x00000000 at 0xa00082bc
[34885.461364] PUF Read:0x00000000 at 0xa00082c0
[34885.461364] PUF Read:0x00000000 at 0xa00082c4
[34885.461364] PUF Read:0x10000000 at 0xa00082c8
[34885.461364] PUF Read:0x00000000 at 0xa00082cc
[34885.461517] PUF Read:0x00100000 at 0xa00082d0
[34885.461517] PUF Read:0x00000000 at 0xa00082d4
[34885.461517] PUF Read:0x40000000 at 0xa00082d8
[34885.461517] PUF Read:0x00004000 at 0xa00082dc
[34885.461517] PUF Read:0x00000000 at 0xa00082e0
[34885.461639] PUF Read:0x00000400 at 0xa00082e4
[34885.461669] PUF Read:0x00000100 at 0xa00082e8
[34885.461669] PUF Read:0x00000001 at 0xa00082ec
[34885.461730] PUF Read:0x00000001 at 0xa00082f0
[34885.461730] PUF Read:0x00000000 at 0xa00082f4
[34885.461730] PUF Read:0x00000000 at 0xa00082f8
[34885.461791] PUF Read:0x00000000 at 0xa00082fc
[34885.461822] PUF Read:0x00000100 at 0xa0008300
[34885.461822] PUF Read:0x00000000 at 0xa0008304
[34885.461822] PUF Read:0x00000000 at 0xa0008308
[34885.461822] PUF Read:0x00000000 at 0xa000830c
[34885.461914] PUF Read:0x00000000 at 0xa0008310
[34885.461914] PUF Read:0x00000010 at 0xa0008314
[34885.461975] PUF Read:0x01500000 at 0xa0008318
[34885.462005] PUF Read:0x10000000 at 0xa000831c
[34885.462005] PUF Read:0x00000000 at 0xa0008320
[34885.462005] PUF Read:0x00000100 at 0xa0008324
[34885.462066] PUF Read:0x00000000 at 0xa0008328
[34885.462066] PUF Read:0x00010000 at 0xa000832c
[34885.462127] PUF Read:0x00000004 at 0xa0008330
[34885.462158] PUF Read:0x00000100 at 0xa0008334
[34885.462158] PUF Read:0x00001000 at 0xa0008338
[34885.462158] PUF Read:0x00000000 at 0xa000833c
[34885.462219] PUF Read:0x10000100 at 0xa0008340
[34885.462219] PUF Read:0x00000001 at 0xa0008344
[34885.462280] PUF Read:0x00000000 at 0xa0008348
[34885.462310] PUF Read:0x00000100 at 0xa000834c
[34885.462310] PUF Read:0x00000000 at 0xa0008350
[34885.462310] PUF Read:0x00000000 at 0xa0008354
[34885.462371] PUF Read:0x00000000 at 0xa0008358
[34885.462371] PUF Read:0x00000000 at 0xa000835c
[34885.462432] PUF Read:0x00014000 at 0xa0008360
[34885.462463] PUF Read:0x00000000 at 0xa0008364
[34885.462463] PUF Read:0x00000000 at 0xa0008368
[34885.462463] PUF Read:0x00000400 at 0xa000836c
[34885.462524] PUF Read:0x00000000 at 0xa0008370
[34885.462524] PUF Read:0x00000000 at 0xa0008374
[34885.462585] PUF Read:0x40000000 at 0xa0008378
[34885.462615] PUF Read:0x00000040 at 0xa000837c
[34885.462615] PUF Read:0x00000000 at 0xa0008380
[34885.462615] PUF Read:0x00000000 at 0xa0008384
[34885.462677] PUF Read:0x00000000 at 0xa0008388
[34885.462677] PUF Read:0x00000000 at 0xa000838c
[34885.462738] PUF Read:0x00000001 at 0xa0008390
[34885.462768] PUF Read:0x00000100 at 0xa0008394
[34885.462768] PUF Read:0x10000000 at 0xa0008398
[34885.462829] PUF Read:0x00000000 at 0xa000839c
[34885.462829] PUF Read:0x00000000 at 0xa00083a0
[34885.462829] PUF Read:0x00000000 at 0xa00083a4
[34885.462829] PUF Read:0x00000000 at 0xa00083a8
[34885.462921] PUF Read:0x00001000 at 0xa00083ac
[34885.462921] PUF Read:0x00000000 at 0xa00083b0
[34885.462982] PUF Read:0x00000000 at 0xa00083b4
[34885.462982] PUF Read:0x00000000 at 0xa00083b8
[34885.462982] PUF Read:0x00000000 at 0xa00083bc
[34885.463043] PUF Read:0x00000040 at 0xa00083c0
[34885.463073] PUF Read:0x04000000 at 0xa00083c4
[34885.463073] PUF Read:0x00000000 at 0xa00083c8
[34885.463073] PUF Read:0x00000000 at 0xa00083cc
[34885.463134] PUF Read:0x00000000 at 0xa00083d0
[34885.463134] PUF Read:0x00010000 at 0xa00083d4
[34885.463195] PUF Read:0x00000000 at 0xa00083d8
[34885.463226] PUF Read:0x00000000 at 0xa00083dc
[34885.463226] PUF Read:0x00140000 at 0xa00083e0
[34885.463226] PUF Read:0x10000000 at 0xa00083e4
[34885.463287] PUF Read:0x00000000 at 0xa00083e8
[34885.463287] PUF Read:0x00000000 at 0xa00083ec
[34885.463348] PUF Read:0x00000400 at 0xa00083f0
[34885.463378] PUF Read:0x04000000 at 0xa00083f4
[34885.463439] PUF Read:0x00000004 at 0xa00083f8
[34885.463439] PUF Read:0x00040000 at 0xa00083fc
[34885.463439] [i] Finished PUF read-out
[34885.463500] <6>[i] Finished PUF query for decaytime: 15360
[34885.463500] End measurement:12
[34885.463500] [i] Start measurement: 13
[34885.463531] [i] Start decaytime: 60
[34885.463531] EMIF 2 REG Write 0x80000000 at 0x4d000010
[34885.463562] EMIF 2 REG Read 0x80000000 at 0x4d000010
[34885.463562] EMIF 2 REG Write 0x80000000 at 0x4d000014
[34885.463562] EMIF 2 REG Read 0x00000000 at 0x4d000014
[34885.463592] EMIF 2 REG Write 0x08016893 at 0x4d0000cc
[34885.463592] EMIF 2 REG Read 0x08016893 at 0x4d0000cc
[34885.463623] Temp polling alert disabled
[34885.463623] Refresh Disabled at EMIF2
[34885.463623] [i] Initialiting PUF & hammer rows
[34885.463653] [i] Single-Sided Rowhammer (SSRH)
[34885.463653] [i] Finished initialiting PUF & hammer rows
[34885.470336] [i]	Timer elapsed since its reset 0 sec
[34885.470336] [i] Decay: 60 sec
[34885.470336] [i]	Relative Decay: 0 msec
