[12348.269195] [i] Total hammer attempts per row: 3726165
[12348.269195] EMIF 2 REG Write 0x00000618 at 0x4d000010
[12348.269226] EMIF 2 REG Read 0x00000618 at 0x4d000010
[12348.269226] EMIF 2 REG Write 0x00000618 at 0x4d000014
[12348.269256] EMIF 2 REG Read 0x00000618 at 0x4d000014
[12348.269256] EMIF 2 REG Write 0x58016893 at 0x4d0000cc
[12348.269287] EMIF 2 REG Read 0x58016893 at 0x4d0000cc
[12348.269287] Temp polling alert enabled
[12348.269287] Refresh enabled at EMIF2
[12348.269317] [i] Starting PUF read-out
[12348.269317] [i] Single-Sided Rowhammer (SSRH)
[12348.269317] PUF Read:0x00000010 at 0xa0008000
[12348.269348] PUF Read:0x00000400 at 0xa0008004
[12348.269378] PUF Read:0x00000000 at 0xa0008008
[12348.269378] PUF Read:0x00000000 at 0xa000800c
[12348.269378] PUF Read:0x00000000 at 0xa0008010
[12348.269470] PUF Read:0x00000100 at 0xa0008014
[12348.269500] PUF Read:0x00000000 at 0xa0008018
[12348.269500] PUF Read:0x10400100 at 0xa000801c
[12348.269500] PUF Read:0x40000000 at 0xa0008020
[12348.269561] PUF Read:0x40004000 at 0xa0008024
[12348.269561] PUF Read:0x00004000 at 0xa0008028
[12348.269622] PUF Read:0x00000010 at 0xa000802c
[12348.269653] PUF Read:0x40000000 at 0xa0008030
[12348.269653] PUF Read:0x04000000 at 0xa0008034
[12348.269653] PUF Read:0x00004000 at 0xa0008038
[12348.269653] PUF Read:0x00000000 at 0xa000803c
[12348.269744] PUF Read:0x00000001 at 0xa0008040
[12348.269744] PUF Read:0x00004000 at 0xa0008044
[12348.269805] PUF Read:0x40000000 at 0xa0008048
[12348.269836] PUF Read:0x00000001 at 0xa000804c
[12348.269836] PUF Read:0x00000000 at 0xa0008050
[12348.269836] PUF Read:0x00000000 at 0xa0008054
[12348.269897] PUF Read:0x00000000 at 0xa0008058
[12348.269897] PUF Read:0x00000000 at 0xa000805c
[12348.269958] PUF Read:0x00000000 at 0xa0008060
[12348.269989] PUF Read:0x00100000 at 0xa0008064
[12348.269989] PUF Read:0x00000000 at 0xa0008068
[12348.269989] PUF Read:0x00000000 at 0xa000806c
[12348.270050] PUF Read:0x00000010 at 0xa0008070
[12348.270050] PUF Read:0x00000000 at 0xa0008074
[12348.270111] PUF Read:0x00000000 at 0xa0008078
[12348.270141] PUF Read:0x00010000 at 0xa000807c
[12348.270141] PUF Read:0x00010001 at 0xa0008080
[12348.270202] PUF Read:0x00000000 at 0xa0008084
[12348.270202] PUF Read:0x00000000 at 0xa0008088
[12348.270202] PUF Read:0x00000000 at 0xa000808c
[12348.270263] PUF Read:0x00000000 at 0xa0008090
[12348.270294] PUF Read:0x10000000 at 0xa0008094
[12348.270294] PUF Read:0x00410001 at 0xa0008098
[12348.270294] PUF Read:0x00000000 at 0xa000809c
[12348.270294] PUF Read:0x00000000 at 0xa00080a0
[12348.270294] PUF Read:0x00010000 at 0xa00080a4
[12348.270294] PUF Read:0x00010001 at 0xa00080a8
[12348.270446] PUF Read:0x00000041 at 0xa00080ac
[12348.270446] PUF Read:0x00000000 at 0xa00080b0
[12348.270446] PUF Read:0x00000000 at 0xa00080b4
[12348.270446] PUF Read:0x00004000 at 0xa00080b8
[12348.270446] PUF Read:0x00000000 at 0xa00080bc
[12348.270446] PUF Read:0x00000400 at 0xa00080c0
[12348.270599] PUF Read:0x00000000 at 0xa00080c4
[12348.270599] PUF Read:0x10100000 at 0xa00080c8
[12348.270660] PUF Read:0x01000000 at 0xa00080cc
[12348.270660] PUF Read:0x40045000 at 0xa00080d0
[12348.270660] PUF Read:0x00000000 at 0xa00080d4
[12348.270721] PUF Read:0x00001000 at 0xa00080d8
[12348.270751] PUF Read:0x00000000 at 0xa00080dc
[12348.270751] PUF Read:0x01000000 at 0xa00080e0
[12348.270751] PUF Read:0x00000000 at 0xa00080e4
[12348.270812] PUF Read:0x00000000 at 0xa00080e8
[12348.270812] PUF Read:0x00000001 at 0xa00080ec
[12348.270874] PUF Read:0x00000000 at 0xa00080f0
[12348.270904] PUF Read:0x00000000 at 0xa00080f4
[12348.270904] PUF Read:0x00000100 at 0xa00080f8
[12348.270904] PUF Read:0x00000000 at 0xa00080fc
[12348.270965] PUF Read:0x00000000 at 0xa0008100
[12348.270965] PUF Read:0x00000000 at 0xa0008104
[12348.271026] PUF Read:0x00000000 at 0xa0008108
[12348.271057] PUF Read:0x00000100 at 0xa000810c
[12348.271057] PUF Read:0x00000000 at 0xa0008110
[12348.271057] PUF Read:0x00400000 at 0xa0008114
[12348.271118] PUF Read:0x00000000 at 0xa0008118
[12348.271118] PUF Read:0x00000000 at 0xa000811c
[12348.271179] PUF Read:0x01000000 at 0xa0008120
[12348.271209] PUF Read:0x00000400 at 0xa0008124
[12348.271209] PUF Read:0x00000040 at 0xa0008128
[12348.271209] PUF Read:0x00000000 at 0xa000812c
[12348.271270] PUF Read:0x00000000 at 0xa0008130
[12348.271270] PUF Read:0x00000000 at 0xa0008134
[12348.271331] PUF Read:0x00110000 at 0xa0008138
[12348.271362] PUF Read:0x00000000 at 0xa000813c
[12348.271362] PUF Read:0x40000400 at 0xa0008140
[12348.271362] PUF Read:0x00010040 at 0xa0008144
[12348.271423] PUF Read:0x00100400 at 0xa0008148
[12348.271423] PUF Read:0x00000000 at 0xa000814c
[12348.271484] PUF Read:0x00000000 at 0xa0008150
[12348.271514] PUF Read:0x00000000 at 0xa0008154
[12348.271514] PUF Read:0x00000000 at 0xa0008158
[12348.271514] PUF Read:0x01100000 at 0xa000815c
[12348.271575] PUF Read:0x00001000 at 0xa0008160
[12348.271575] PUF Read:0x00000000 at 0xa0008164
[12348.271636] PUF Read:0x04000000 at 0xa0008168
[12348.271667] PUF Read:0x00400000 at 0xa000816c
[12348.271667] PUF Read:0x00000000 at 0xa0008170
[12348.271667] PUF Read:0x00100000 at 0xa0008174
[12348.271667] PUF Read:0x00000000 at 0xa0008178
[12348.271759] PUF Read:0x00004000 at 0xa000817c
[12348.271759] PUF Read:0x00000000 at 0xa0008180
[12348.271820] PUF Read:0x00000000 at 0xa0008184
[12348.271850] PUF Read:0x00040000 at 0xa0008188
[12348.271850] PUF Read:0x00000440 at 0xa000818c
[12348.271850] PUF Read:0x00000000 at 0xa0008190
[12348.271911] PUF Read:0x40000000 at 0xa0008194
[12348.271911] PUF Read:0x00000004 at 0xa0008198
[12348.271972] PUF Read:0x00000000 at 0xa000819c
[12348.272003] PUF Read:0x00000000 at 0xa00081a0
[12348.272003] PUF Read:0x00000000 at 0xa00081a4
[12348.272003] PUF Read:0x00000000 at 0xa00081a8
[12348.272064] PUF Read:0x00000040 at 0xa00081ac
[12348.272064] PUF Read:0x00410000 at 0xa00081b0
[12348.272064] PUF Read:0x00000000 at 0xa00081b4
[12348.272155] PUF Read:0x00000000 at 0xa00081b8
[12348.272155] PUF Read:0x00100000 at 0xa00081bc
[12348.272155] PUF Read:0x00000000 at 0xa00081c0
[12348.272155] PUF Read:0x00000004 at 0xa00081c4
[12348.272247] PUF Read:0x00000000 at 0xa00081c8
[12348.272247] PUF Read:0x00010000 at 0xa00081cc
[12348.272308] PUF Read:0x10000000 at 0xa00081d0
[12348.272338] PUF Read:0x00000000 at 0xa00081d4
[12348.272338] PUF Read:0x10000000 at 0xa00081d8
[12348.272338] PUF Read:0x00004000 at 0xa00081dc
[12348.272399] PUF Read:0x00000000 at 0xa00081e0
[12348.272399] PUF Read:0x00000040 at 0xa00081e4
[12348.272460] PUF Read:0x00000000 at 0xa00081e8
[12348.272491] PUF Read:0x00010010 at 0xa00081ec
[12348.272491] PUF Read:0x00000001 at 0xa00081f0
[12348.272552] PUF Read:0x00010400 at 0xa00081f4
[12348.272552] PUF Read:0x00000000 at 0xa00081f8
[12348.272552] PUF Read:0x00400040 at 0xa00081fc
[12348.272613] PUF Read:0x00000000 at 0xa0008200
[12348.272644] PUF Read:0x00000000 at 0xa0008204
[12348.272644] PUF Read:0x00000010 at 0xa0008208
[12348.272644] PUF Read:0x00001000 at 0xa000820c
[12348.272644] PUF Read:0x00400000 at 0xa0008210
[12348.272644] PUF Read:0x00000000 at 0xa0008214
[12348.272644] PUF Read:0x00000400 at 0xa0008218
[12348.272796] PUF Read:0x00000000 at 0xa000821c
[12348.272796] PUF Read:0x00000000 at 0xa0008220
[12348.272796] PUF Read:0x00100000 at 0xa0008224
[12348.272796] PUF Read:0x00000000 at 0xa0008228
[12348.272888] PUF Read:0x00000000 at 0xa000822c
[12348.272888] PUF Read:0x00000500 at 0xa0008230
[12348.272949] PUF Read:0x00400000 at 0xa0008234
[12348.272979] PUF Read:0x00000000 at 0xa0008238
[12348.272979] PUF Read:0x00000500 at 0xa000823c
[12348.272979] PUF Read:0x00000004 at 0xa0008240
[12348.273040] PUF Read:0x00000000 at 0xa0008244
[12348.273040] PUF Read:0x00040000 at 0xa0008248
[12348.273101] PUF Read:0x00000000 at 0xa000824c
[12348.273132] PUF Read:0x04000000 at 0xa0008250
[12348.273132] PUF Read:0x00100000 at 0xa0008254
[12348.273132] PUF Read:0x00000000 at 0xa0008258
[12348.273132] PUF Read:0x04040000 at 0xa000825c
[12348.273223] PUF Read:0x00000000 at 0xa0008260
[12348.273223] PUF Read:0x00001010 at 0xa0008264
[12348.273284] PUF Read:0x00000400 at 0xa0008268
[12348.273315] PUF Read:0x00001000 at 0xa000826c
[12348.273315] PUF Read:0x00001000 at 0xa0008270
[12348.273315] PUF Read:0x00000000 at 0xa0008274
[12348.273376] PUF Read:0x00000040 at 0xa0008278
[12348.273376] PUF Read:0x00100000 at 0xa000827c
[12348.273437] PUF Read:0x40000000 at 0xa0008280
[12348.273468] PUF Read:0x00000000 at 0xa0008284
[12348.273468] PUF Read:0x00400000 at 0xa0008288
[12348.273468] PUF Read:0x00000000 at 0xa000828c
[12348.273529] PUF Read:0x00000000 at 0xa0008290
[12348.273529] PUF Read:0x00000000 at 0xa0008294
[12348.273590] PUF Read:0x00000000 at 0xa0008298
[12348.273620] PUF Read:0x00000000 at 0xa000829c
[12348.273620] PUF Read:0x00000400 at 0xa00082a0
[12348.273620] PUF Read:0x00001000 at 0xa00082a4
[12348.273620] PUF Read:0x00000000 at 0xa00082a8
[12348.273620] PUF Read:0x00000000 at 0xa00082ac
[12348.273620] PUF Read:0x00000000 at 0xa00082b0
[12348.273773] PUF Read:0x00000000 at 0xa00082b4
[12348.273773] PUF Read:0x00000040 at 0xa00082b8
[12348.273773] PUF Read:0x00000000 at 0xa00082bc
[12348.273773] PUF Read:0x10000000 at 0xa00082c0
[12348.273773] PUF Read:0x00000000 at 0xa00082c4
[12348.273773] PUF Read:0x10000000 at 0xa00082c8
[12348.273925] PUF Read:0x00000000 at 0xa00082cc
[12348.273956] PUF Read:0x00100000 at 0xa00082d0
[12348.273956] PUF Read:0x00000000 at 0xa00082d4
[12348.273956] PUF Read:0x40000000 at 0xa00082d8
[12348.274017] PUF Read:0x00004000 at 0xa00082dc
[12348.274017] PUF Read:0x00000000 at 0xa00082e0
[12348.274078] PUF Read:0x00000400 at 0xa00082e4
[12348.274108] PUF Read:0x00000100 at 0xa00082e8
[12348.274108] PUF Read:0x00000001 at 0xa00082ec
[12348.274108] PUF Read:0x00000001 at 0xa00082f0
[12348.274169] PUF Read:0x00000000 at 0xa00082f4
[12348.274169] PUF Read:0x00000000 at 0xa00082f8
[12348.274230] PUF Read:0x00000000 at 0xa00082fc
[12348.274261] PUF Read:0x00000100 at 0xa0008300
[12348.274261] PUF Read:0x00000000 at 0xa0008304
[12348.274261] PUF Read:0x00000000 at 0xa0008308
[12348.274322] PUF Read:0x00000000 at 0xa000830c
[12348.274322] PUF Read:0x00000000 at 0xa0008310
[12348.274383] PUF Read:0x00000010 at 0xa0008314
[12348.274414] PUF Read:0x01500000 at 0xa0008318
[12348.274414] PUF Read:0x10000000 at 0xa000831c
[12348.274414] PUF Read:0x00000000 at 0xa0008320
[12348.274414] PUF Read:0x00000100 at 0xa0008324
[12348.274414] PUF Read:0x00000000 at 0xa0008328
[12348.274414] PUF Read:0x00010000 at 0xa000832c
[12348.274566] PUF Read:0x00000004 at 0xa0008330
[12348.274566] PUF Read:0x00000100 at 0xa0008334
[12348.274566] PUF Read:0x00001000 at 0xa0008338
[12348.274566] PUF Read:0x00000000 at 0xa000833c
[12348.274566] PUF Read:0x10000100 at 0xa0008340
[12348.274566] PUF Read:0x00000001 at 0xa0008344
[12348.274719] PUF Read:0x00000000 at 0xa0008348
[12348.274749] PUF Read:0x00000100 at 0xa000834c
[12348.274749] PUF Read:0x00000000 at 0xa0008350
[12348.274749] PUF Read:0x00000000 at 0xa0008354
[12348.274810] PUF Read:0x00000000 at 0xa0008358
[12348.274810] PUF Read:0x00001000 at 0xa000835c
[12348.274810] PUF Read:0x00014000 at 0xa0008360
[12348.274902] PUF Read:0x00000000 at 0xa0008364
[12348.274902] PUF Read:0x04000000 at 0xa0008368
[12348.274902] PUF Read:0x00000400 at 0xa000836c
[12348.274902] PUF Read:0x00000000 at 0xa0008370
[12348.274902] PUF Read:0x00000000 at 0xa0008374
[12348.274902] PUF Read:0x40010000 at 0xa0008378
[12348.275054] PUF Read:0x00000040 at 0xa000837c
[12348.275085] PUF Read:0x00000000 at 0xa0008380
[12348.275085] PUF Read:0x00000000 at 0xa0008384
[12348.275085] PUF Read:0x00000004 at 0xa0008388
[12348.275146] PUF Read:0x00000000 at 0xa000838c
[12348.275146] PUF Read:0x00000001 at 0xa0008390
[12348.275207] PUF Read:0x00000100 at 0xa0008394
[12348.275238] PUF Read:0x10000000 at 0xa0008398
[12348.275238] PUF Read:0x00000004 at 0xa000839c
[12348.275238] PUF Read:0x00004000 at 0xa00083a0
[12348.275299] PUF Read:0x00000000 at 0xa00083a4
[12348.275299] PUF Read:0x00100000 at 0xa00083a8
[12348.275360] PUF Read:0x00001000 at 0xa00083ac
[12348.275390] PUF Read:0x00000000 at 0xa00083b0
[12348.275390] PUF Read:0x00000000 at 0xa00083b4
[12348.275390] PUF Read:0x00004000 at 0xa00083b8
[12348.275390] PUF Read:0x00000000 at 0xa00083bc
[12348.275390] PUF Read:0x00000040 at 0xa00083c0
[12348.275390] PUF Read:0x04000000 at 0xa00083c4
[12348.275543] PUF Read:0x00000000 at 0xa00083c8
[12348.275573] PUF Read:0x00000000 at 0xa00083cc
[12348.275573] PUF Read:0x00000000 at 0xa00083d0
[12348.275573] PUF Read:0x00010000 at 0xa00083d4
[12348.275634] PUF Read:0x00000000 at 0xa00083d8
[12348.275634] PUF Read:0x00000000 at 0xa00083dc
[12348.275695] PUF Read:0x00140000 at 0xa00083e0
[12348.275726] PUF Read:0x10000000 at 0xa00083e4
[12348.275726] PUF Read:0x04000000 at 0xa00083e8
[12348.275726] PUF Read:0x00000000 at 0xa00083ec
[12348.275787] PUF Read:0x00000400 at 0xa00083f0
[12348.275787] PUF Read:0x04000000 at 0xa00083f4
[12348.275848] PUF Read:0x00000004 at 0xa00083f8
[12348.275878] PUF Read:0x00044000 at 0xa00083fc
[12348.275909] [i] Finished PUF read-out
[12348.275909] <6>[i] Finished PUF query for decaytime: 15360
[12348.275909] End measurement:7
[12348.275970] [i] Start measurement: 8
[12348.275970] [i] Start decaytime: 60
[12348.275970] EMIF 2 REG Write 0x80000000 at 0x4d000010
[12348.276000] EMIF 2 REG Read 0x80000000 at 0x4d000010
[12348.276000] EMIF 2 REG Write 0x80000000 at 0x4d000014
[12348.276031] EMIF 2 REG Read 0x00000000 at 0x4d000014
[12348.276031] EMIF 2 REG Write 0x08016893 at 0x4d0000cc
[12348.276062] EMIF 2 REG Read 0x08016893 at 0x4d0000cc
[12348.276062] Temp polling alert disabled
[12348.276062] Refresh Disabled at EMIF2
[12348.276092] [i] Initialiting PUF & hammer rows
[12348.276092] [i] Single-Sided Rowhammer (SSRH)
[12348.282806] [i] Finished initialiting PUF & hammer rows
[12348.282806] [i]	Timer elapsed since its reset 0 sec
[12348.282806] [i] Decay: 60 sec
[12348.282836] [i]	Relative Decay: 0 msec
