[76598.979705] [i] Total hammer attempts per row: 1864478
[76598.979705] EMIF 2 REG Write 0x00000618 at 0x4d000010
[76598.979736] EMIF 2 REG Read 0x00000618 at 0x4d000010
[76598.979736] EMIF 2 REG Write 0x00000618 at 0x4d000014
[76598.979766] EMIF 2 REG Read 0x00000618 at 0x4d000014
[76598.979766] EMIF 2 REG Write 0x58016893 at 0x4d0000cc
[76598.979797] EMIF 2 REG Read 0x58016893 at 0x4d0000cc
[76598.979797] Temp polling alert enabled
[76598.979797] Refresh enabled at EMIF2
[76598.979827] [i] Starting PUF read-out
[76598.979827] [i] Single-Sided Rowhammer (SSRH)
[76598.979858] PUF Read:0xaaaaaaaa at 0xa0008000
[76598.979858] PUF Read:0xaaaaaaaa at 0xa0008004
[76598.979919] PUF Read:0xaaaaaaaa at 0xa0008008
[76598.979919] PUF Read:0xaaaaaaaa at 0xa000800c
[76598.979949] PUF Read:0xaaaaaaaa at 0xa0008010
[76598.979949] PUF Read:0xaaaaabaa at 0xa0008014
[76598.980010] PUF Read:0xaaaaaaaa at 0xa0008018
[76598.980041] PUF Read:0xaaaaaaaa at 0xa000801c
[76598.980041] PUF Read:0xaaaaaaaa at 0xa0008020
[76598.980041] PUF Read:0xaaaaaaaa at 0xa0008024
[76598.980041] PUF Read:0xaaaaaaaa at 0xa0008028
[76598.980133] PUF Read:0xaaaaaaaa at 0xa000802c
[76598.980133] PUF Read:0xaaaaaaaa at 0xa0008030
[76598.980194] PUF Read:0xaaaaaaaa at 0xa0008034
[76598.980224] PUF Read:0xaaaaaaaa at 0xa0008038
[76598.980224] PUF Read:0xaaaaaaaa at 0xa000803c
[76598.980285] PUF Read:0xaaaaaaab at 0xa0008040
[76598.980285] PUF Read:0xaaaaeaaa at 0xa0008044
[76598.980285] PUF Read:0xaaaaaaaa at 0xa0008048
[76598.980285] PUF Read:0xaaaaaaaa at 0xa000804c
[76598.980377] PUF Read:0xaaaaaaaa at 0xa0008050
[76598.980377] PUF Read:0xaaaaaaaa at 0xa0008054
[76598.980377] PUF Read:0xaaaaaa8a at 0xa0008058
[76598.980377] PUF Read:0xaaaaaaaa at 0xa000805c
[76598.980377] PUF Read:0xaaaaaaaa at 0xa0008060
[76598.980377] PUF Read:0xaaaaaaaa at 0xa0008064
[76598.980377] PUF Read:0xaaaaaaaa at 0xa0008068
[76598.980560] PUF Read:0xaaaaaaaa at 0xa000806c
[76598.980590] PUF Read:0xaaaaaaaa at 0xa0008070
[76598.980590] PUF Read:0xaaaaaaaa at 0xa0008074
[76598.980590] PUF Read:0xaaaaaaaa at 0xa0008078
[76598.980651] PUF Read:0xaaaaaaaa at 0xa000807c
[76598.980651] PUF Read:0xaaaaaaaa at 0xa0008080
[76598.980651] PUF Read:0xaaaaaaaa at 0xa0008084
[76598.980743] PUF Read:0xaaaaaaaa at 0xa0008088
[76598.980743] PUF Read:0xaaaaaaaa at 0xa000808c
[76598.980743] PUF Read:0xaaaa8aaa at 0xa0008090
[76598.980743] PUF Read:0xaaaaaaaa at 0xa0008094
[76598.980743] PUF Read:0xaaabaaaa at 0xa0008098
[76598.980743] PUF Read:0xaaaaaaaa at 0xa000809c
[76598.980895] PUF Read:0xaaaaaaaa at 0xa00080a0
[76598.980926] PUF Read:0xaaaaaaaa at 0xa00080a4
[76598.980926] PUF Read:0xaaaaaaaa at 0xa00080a8
[76598.980926] PUF Read:0xaaaaaaaa at 0xa00080ac
[76598.980987] PUF Read:0xaaaaaaaa at 0xa00080b0
[76598.980987] PUF Read:0xaa2aaaaa at 0xa00080b4
[76598.981048] PUF Read:0xaaaaeaaa at 0xa00080b8
[76598.981079] PUF Read:0x8aaaaaaa at 0xa00080bc
[76598.981079] PUF Read:0xaaaaaaaa at 0xa00080c0
[76598.981140] PUF Read:0xaaaaaaaa at 0xa00080c4
[76598.981140] PUF Read:0xaaa2aaaa at 0xa00080c8
[76598.981140] PUF Read:0xaaaaaaaa at 0xa00080cc
[76598.981140] PUF Read:0xaaaaaaaa at 0xa00080d0
[76598.981231] PUF Read:0xaaaaaaaa at 0xa00080d4
[76598.981231] PUF Read:0xaaaaaaaa at 0xa00080d8
[76598.981231] PUF Read:0xaaaaaaaa at 0xa00080dc
[76598.981231] PUF Read:0xaaaaaaaa at 0xa00080e0
[76598.981323] PUF Read:0xaaaaaaaa at 0xa00080e4
[76598.981323] PUF Read:0xaaaaaaaa at 0xa00080e8
[76598.981384] PUF Read:0xaaaaaaab at 0xa00080ec
[76598.981414] PUF Read:0x8aaaaaaa at 0xa00080f0
[76598.981414] PUF Read:0xaaaaaaaa at 0xa00080f4
[76598.981414] PUF Read:0xaaaaaaaa at 0xa00080f8
[76598.981475] PUF Read:0xaaaaaaaa at 0xa00080fc
[76598.981475] PUF Read:0xaaaaaaaa at 0xa0008100
[76598.981536] PUF Read:0xaaaaaaaa at 0xa0008104
[76598.981567] PUF Read:0xaaaaaaaa at 0xa0008108
[76598.981567] PUF Read:0xaaaaaaaa at 0xa000810c
[76598.981567] PUF Read:0xaaaaaaaa at 0xa0008110
[76598.981628] PUF Read:0xaaaaaaaa at 0xa0008114
[76598.981628] PUF Read:0xaaaaaaaa at 0xa0008118
[76598.981689] PUF Read:0xaaaaaaaa at 0xa000811c
[76598.981719] PUF Read:0xaaaaaaaa at 0xa0008120
[76598.981719] PUF Read:0xaaaaaaaa at 0xa0008124
[76598.981719] PUF Read:0xaaaaaaaa at 0xa0008128
[76598.981781] PUF Read:0xaaaaaaaa at 0xa000812c
[76598.981781] PUF Read:0xaaaaaaaa at 0xa0008130
[76598.981842] PUF Read:0xaaaaaaaa at 0xa0008134
[76598.981872] PUF Read:0xaa8aaaaa at 0xa0008138
[76598.981872] PUF Read:0xaaaaaaaa at 0xa000813c
[76598.981872] PUF Read:0xaaaaaaaa at 0xa0008140
[76598.981872] PUF Read:0xaaaaaaaa at 0xa0008144
[76598.981872] PUF Read:0xaabaaeaa at 0xa0008148
[76598.981872] PUF Read:0xaaaaaaaa at 0xa000814c
[76598.982025] PUF Read:0xaaaaaaaa at 0xa0008150
[76598.982055] PUF Read:0xaaaaaaaa at 0xa0008154
[76598.982055] PUF Read:0xaaaaaaaa at 0xa0008158
[76598.982055] PUF Read:0xaaaaaaea at 0xa000815c
[76598.982055] PUF Read:0xaaaaaaaa at 0xa0008160
[76598.982055] PUF Read:0xaaaaaaaa at 0xa0008164
[76598.982055] PUF Read:0xaaaaaaaa at 0xa0008168
[76598.982208] PUF Read:0xaaaaaaaa at 0xa000816c
[76598.982238] PUF Read:0xaaaaaaaa at 0xa0008170
[76598.982238] PUF Read:0xaaaaaaaa at 0xa0008174
[76598.982238] PUF Read:0xaaaaaaaa at 0xa0008178
[76598.982299] PUF Read:0xaaaaaaaa at 0xa000817c
[76598.982299] PUF Read:0xaaaa2a2a at 0xa0008180
[76598.982360] PUF Read:0xaaaaaaaa at 0xa0008184
[76598.982391] PUF Read:0xaaaaaaaa at 0xa0008188
[76598.982391] PUF Read:0xaaaaaaaa at 0xa000818c
[76598.982391] PUF Read:0xaaaaaaaa at 0xa0008190
[76598.982452] PUF Read:0xaaaaaaaa at 0xa0008194
[76598.982452] PUF Read:0xaaaaaaaa at 0xa0008198
[76598.982513] PUF Read:0xaaaaaaaa at 0xa000819c
[76598.982543] PUF Read:0xaaaaaaaa at 0xa00081a0
[76598.982543] PUF Read:0xaaaaaaaa at 0xa00081a4
[76598.982604] PUF Read:0xaaaaaaaa at 0xa00081a8
[76598.982604] PUF Read:0xaaaaaaaa at 0xa00081ac
[76598.982604] PUF Read:0xaaeaaaaa at 0xa00081b0
[76598.982604] PUF Read:0xaaaaaaaa at 0xa00081b4
[76598.982696] PUF Read:0xaaaaaaaa at 0xa00081b8
[76598.982696] PUF Read:0xaaaaaaaa at 0xa00081bc
[76598.982696] PUF Read:0xaaaaaaaa at 0xa00081c0
[76598.982696] PUF Read:0xaaaaaaae at 0xa00081c4
[76598.982788] PUF Read:0xaaaaaaaa at 0xa00081c8
[76598.982788] PUF Read:0xaaaaaaaa at 0xa00081cc
[76598.982849] PUF Read:0xbaaaaaaa at 0xa00081d0
[76598.982879] PUF Read:0xaaaaaaaa at 0xa00081d4
[76598.982879] PUF Read:0xaaaaaaaa at 0xa00081d8
[76598.982879] PUF Read:0xaaaaaaaa at 0xa00081dc
[76598.982940] PUF Read:0xaaaaaaaa at 0xa00081e0
[76598.982940] PUF Read:0xaaaaaaea at 0xa00081e4
[76598.983001] PUF Read:0xaaaaaaaa at 0xa00081e8
[76598.983032] PUF Read:0xaa2aaaaa at 0xa00081ec
[76598.983032] PUF Read:0xaaaaaaaa at 0xa00081f0
[76598.983032] PUF Read:0xaaaaaeaa at 0xa00081f4
[76598.983032] PUF Read:0xaaaaaaa2 at 0xa00081f8
[76598.983032] PUF Read:0xaaaaaaaa at 0xa00081fc
[76598.983032] PUF Read:0xaaaaaaaa at 0xa0008200
[76598.983184] PUF Read:0xaaaaaaaa at 0xa0008204
[76598.983184] PUF Read:0xaaaaaaaa at 0xa0008208
[76598.983184] PUF Read:0xa8aaaaaa at 0xa000820c
[76598.983184] PUF Read:0xaaaaaaaa at 0xa0008210
[76598.983276] PUF Read:0xaaaaaaaa at 0xa0008214
[76598.983276] PUF Read:0xaaaaaaaa at 0xa0008218
[76598.983337] PUF Read:0xaaaaaaaa at 0xa000821c
[76598.983367] PUF Read:0xaaaaaaaa at 0xa0008220
[76598.983367] PUF Read:0xaaaaaaaa at 0xa0008224
[76598.983367] PUF Read:0xaaaaaaaa at 0xa0008228
[76598.983428] PUF Read:0xaaaaaaaa at 0xa000822c
[76598.983428] PUF Read:0xaaaaaaaa at 0xa0008230
[76598.983489] PUF Read:0xaaaaaaaa at 0xa0008234
[76598.983520] PUF Read:0xaaaaaaaa at 0xa0008238
[76598.983520] PUF Read:0xaaaaaaaa at 0xa000823c
[76598.983520] PUF Read:0xaaaaaaaa at 0xa0008240
[76598.983612] PUF Read:0xaaaaaaaa at 0xa0008244
[76598.983612] PUF Read:0xaaaaaaaa at 0xa0008248
[76598.983612] PUF Read:0xaaaaaaaa at 0xa000824c
[76598.983673] PUF Read:0xaaaaaaaa at 0xa0008250
[76598.983703] PUF Read:0xaaaaaaaa at 0xa0008254
[76598.983703] PUF Read:0xaaaaaaaa at 0xa0008258
[76598.983703] PUF Read:0xaaaaaaaa at 0xa000825c
[76598.983703] PUF Read:0xaaaaaaaa at 0xa0008260
[76598.983703] PUF Read:0xaaaaaaaa at 0xa0008264
[76598.983703] PUF Read:0xaaaaaaaa at 0xa0008268
[76598.983856] PUF Read:0xaaaaaaaa at 0xa000826c
[76598.983886] PUF Read:0xaaaaaaaa at 0xa0008270
[76598.983886] PUF Read:0xaaaaaaaa at 0xa0008274
[76598.983886] PUF Read:0xaaaaaaaa at 0xa0008278
[76598.983947] PUF Read:0xaaaaaaaa at 0xa000827c
[76598.983947] PUF Read:0xaaaaaaaa at 0xa0008280
[76598.984008] PUF Read:0xaaaaaaaa at 0xa0008284
[76598.984039] PUF Read:0xaaaaaaaa at 0xa0008288
[76598.984039] PUF Read:0xaaaaaaaa at 0xa000828c
[76598.984100] PUF Read:0xaaaaaaaa at 0xa0008290
[76598.984100] PUF Read:0xaaaaaaaa at 0xa0008294
[76598.984100] PUF Read:0xaaaaaaaa at 0xa0008298
[76598.984161] PUF Read:0xaaaaaaaa at 0xa000829c
[76598.984191] PUF Read:0xaaaaaaaa at 0xa00082a0
[76598.984191] PUF Read:0xaaaaaaaa at 0xa00082a4
[76598.984191] PUF Read:0xaaaaaaaa at 0xa00082a8
[76598.984191] PUF Read:0xaaaaaaaa at 0xa00082ac
[76598.984191] PUF Read:0xaaaaaaaa at 0xa00082b0
[76598.984191] PUF Read:0xaaaaaaaa at 0xa00082b4
[76598.984344] PUF Read:0xaaaaaaea at 0xa00082b8
[76598.984344] PUF Read:0xaaaaaaaa at 0xa00082bc
[76598.984344] PUF Read:0xaaaaaaaa at 0xa00082c0
[76598.984344] PUF Read:0xaaaaaaaa at 0xa00082c4
[76598.984436] PUF Read:0xbaaaaaaa at 0xa00082c8
[76598.984436] PUF Read:0xaaaaaaaa at 0xa00082cc
[76598.984497] PUF Read:0xaaaaaaaa at 0xa00082d0
[76598.984527] PUF Read:0xaaaaaaaa at 0xa00082d4
[76598.984527] PUF Read:0xaaaaaaaa at 0xa00082d8
[76598.984527] PUF Read:0xaaaaaaaa at 0xa00082dc
[76598.984588] PUF Read:0xaaaaaaaa at 0xa00082e0
[76598.984588] PUF Read:0xaaaaaeaa at 0xa00082e4
[76598.984649] PUF Read:0xaaaaaaaa at 0xa00082e8
[76598.984680] PUF Read:0xaaaaaaaa at 0xa00082ec
[76598.984680] PUF Read:0xaaaaaaaa at 0xa00082f0
[76598.984680] PUF Read:0xaaaaaaaa at 0xa00082f4
[76598.984680] PUF Read:0xaaaaaaaa at 0xa00082f8
[76598.984680] PUF Read:0xaaaaaaaa at 0xa00082fc
[76598.984680] PUF Read:0xaaaaaaaa at 0xa0008300
[76598.984832] PUF Read:0xaaaaaaaa at 0xa0008304
[76598.984832] PUF Read:0xaaaaaaaa at 0xa0008308
[76598.984832] PUF Read:0xaaaaaaaa at 0xa000830c
[76598.984832] PUF Read:0xaaaaaaaa at 0xa0008310
[76598.984832] PUF Read:0xaaaaaaaa at 0xa0008314
[76598.984832] PUF Read:0xaaaaaaaa at 0xa0008318
[76598.984985] PUF Read:0xbaaaaaaa at 0xa000831c
[76598.985015] PUF Read:0xaaaaaaaa at 0xa0008320
[76598.985015] PUF Read:0xaaaaaaaa at 0xa0008324
[76598.985015] PUF Read:0xaaaaaaaa at 0xa0008328
[76598.985076] PUF Read:0xaaaaaaaa at 0xa000832c
[76598.985107] PUF Read:0xaaaaaaae at 0xa0008330
[76598.985107] PUF Read:0xaaaaaaaa at 0xa0008334
[76598.985168] PUF Read:0xaaaaaaaa at 0xa0008338
[76598.985198] PUF Read:0xaaaaaaaa at 0xa000833c
[76598.985198] PUF Read:0xaaaaaaaa at 0xa0008340
[76598.985198] PUF Read:0xaaaaaaaa at 0xa0008344
[76598.985260] PUF Read:0xaaaaaaaa at 0xa0008348
[76598.985260] PUF Read:0xaaaaaaaa at 0xa000834c
[76598.985321] PUF Read:0xaaaaaa8a at 0xa0008350
[76598.985351] PUF Read:0xaaaaaaaa at 0xa0008354
[76598.985351] PUF Read:0xaaaaaaaa at 0xa0008358
[76598.985412] PUF Read:0xaaaaaaaa at 0xa000835c
[76598.985412] PUF Read:0xaaabaaaa at 0xa0008360
[76598.985412] PUF Read:0xaaaaaaaa at 0xa0008364
[76598.985412] PUF Read:0xaaaaaaaa at 0xa0008368
[76598.985504] PUF Read:0xaaaaaaaa at 0xa000836c
[76598.985504] PUF Read:0xaaaaaaaa at 0xa0008370
[76598.985504] PUF Read:0xaaaaaaaa at 0xa0008374
[76598.985504] PUF Read:0xaaaaaaaa at 0xa0008378
[76598.985595] PUF Read:0xaaaaaaaa at 0xa000837c
[76598.985595] PUF Read:0xaaaaaaaa at 0xa0008380
[76598.985656] PUF Read:0xaaaaaaaa at 0xa0008384
[76598.985687] PUF Read:0xaaaaaaaa at 0xa0008388
[76598.985687] PUF Read:0xaaaaaaaa at 0xa000838c
[76598.985687] PUF Read:0xaaaaaaaa at 0xa0008390
[76598.985748] PUF Read:0xaaaaaaaa at 0xa0008394
[76598.985748] PUF Read:0xaaaaaaaa at 0xa0008398
[76598.985809] PUF Read:0xaaa2aaaa at 0xa000839c
[76598.985839] PUF Read:0xaaaaaaaa at 0xa00083a0
[76598.985839] PUF Read:0xaaaaaaaa at 0xa00083a4
[76598.985900] PUF Read:0xaaaaaaaa at 0xa00083a8
[76598.985900] PUF Read:0xaaaaaaaa at 0xa00083ac
[76598.985900] PUF Read:0xaaaaaaaa at 0xa00083b0
[76598.985900] PUF Read:0xaaaaaaaa at 0xa00083b4
[76598.985992] PUF Read:0xaaaaaaaa at 0xa00083b8
[76598.985992] PUF Read:0xaaaaaaaa at 0xa00083bc
[76598.985992] PUF Read:0xaaaaaaaa at 0xa00083c0
[76598.985992] PUF Read:0xaaaaaaaa at 0xa00083c4
[76598.986083] PUF Read:0xaaaaaaaa at 0xa00083c8
[76598.986083] PUF Read:0xaaaaaaaa at 0xa00083cc
[76598.986145] PUF Read:0xaaaaaaaa at 0xa00083d0
[76598.986175] PUF Read:0xaaabaaaa at 0xa00083d4
[76598.986175] PUF Read:0xaaaaaaaa at 0xa00083d8
[76598.986175] PUF Read:0xaaaaaaaa at 0xa00083dc
[76598.986236] PUF Read:0xaaaaaaaa at 0xa00083e0
[76598.986236] PUF Read:0xaaaaa8aa at 0xa00083e4
[76598.986297] PUF Read:0xaaaaaaaa at 0xa00083e8
[76598.986328] PUF Read:0xaaaaaaaa at 0xa00083ec
[76598.986328] PUF Read:0xaaaaaaaa at 0xa00083f0
[76598.986328] PUF Read:0xaaaaaaaa at 0xa00083f4
[76598.986389] PUF Read:0xaaaaaaae at 0xa00083f8
[76598.986389] PUF Read:0xaaaeaaaa at 0xa00083fc
[76598.986450] [i] Finished PUF read-out
[76598.986450] <6>[i] Finished PUF query for decaytime: 7680
[76598.986450] [i] Start decaytime: 120
[76598.986480] EMIF 2 REG Write 0x80000000 at 0x4d000010
[76598.986480] EMIF 2 REG Read 0x80000000 at 0x4d000010
[76598.986511] EMIF 2 REG Write 0x80000000 at 0x4d000014
[76598.986511] EMIF 2 REG Read 0x00000000 at 0x4d000014
[76598.986541] EMIF 2 REG Write 0x08016893 at 0x4d0000cc
[76598.986541] EMIF 2 REG Read 0x08016893 at 0x4d0000cc
[76598.986541] Temp polling alert disabled
[76598.986572] Refresh Disabled at EMIF2
[76598.986572] [i] Initialiting PUF & hammer rows
[76598.986572] [i] Single-Sided Rowhammer (SSRH)
[76598.987487] [i] Finished initialiting PUF & hammer rows
[76598.993347] [i]	Timer elapsed since its reset 0 sec
[76598.993347] [i] Decay: 120 sec
[76598.993377] [i]	Relative Decay: 0 msec
