[65960.557891] [i] Total hammer attempts per row: 1864247
[65960.558959] EMIF 2 REG Write 0x00000618 at 0x4d000010
[65960.558990] EMIF 2 REG Read 0x00000618 at 0x4d000010
[65960.558990] EMIF 2 REG Write 0x00000618 at 0x4d000014
[65960.559020] EMIF 2 REG Read 0x00000618 at 0x4d000014
[65960.559020] EMIF 2 REG Write 0x58016893 at 0x4d0000cc
[65960.559020] EMIF 2 REG Read 0x58016893 at 0x4d0000cc
[65960.559051] Temp polling alert enabled
[65960.559051] Refresh enabled at EMIF2
[65960.559082] [i] Starting PUF read-out
[65960.559082] [i] Single-Sided Rowhammer (SSRH)
[65960.559082] PUF Read:0xaaaaaaaa at 0xa0008000
[65960.559112] PUF Read:0xaaaaaaaa at 0xa0008004
[65960.559112] PUF Read:0xaaaaaaaa at 0xa0008008
[65960.559112] PUF Read:0xaaaaaaaa at 0xa000800c
[65960.559204] PUF Read:0xaaaaaaaa at 0xa0008010
[65960.559234] PUF Read:0xaaaaabaa at 0xa0008014
[65960.559234] PUF Read:0xaaaaaaaa at 0xa0008018
[65960.559234] PUF Read:0xaaaaaaaa at 0xa000801c
[65960.559234] PUF Read:0xaaaaaaaa at 0xa0008020
[65960.559326] PUF Read:0xaaaaaaaa at 0xa0008024
[65960.559326] PUF Read:0xaaaaaaaa at 0xa0008028
[65960.559387] PUF Read:0xaaaaaaaa at 0xa000802c
[65960.559417] PUF Read:0xaaaaaaaa at 0xa0008030
[65960.559417] PUF Read:0xaaaaaaaa at 0xa0008034
[65960.559417] PUF Read:0xaaaaaaaa at 0xa0008038
[65960.559478] PUF Read:0xaaaaaaaa at 0xa000803c
[65960.559478] PUF Read:0xaaaaaaab at 0xa0008040
[65960.559539] PUF Read:0xaaaaeaaa at 0xa0008044
[65960.559570] PUF Read:0xaaaaaaaa at 0xa0008048
[65960.559570] PUF Read:0xaaaaaaaa at 0xa000804c
[65960.559631] PUF Read:0xaaaaaaaa at 0xa0008050
[65960.559631] PUF Read:0xaaaaaaaa at 0xa0008054
[65960.559631] PUF Read:0xaaaaaaaa at 0xa0008058
[65960.559692] PUF Read:0xaaaaaaaa at 0xa000805c
[65960.559722] PUF Read:0xaaaaaaaa at 0xa0008060
[65960.559722] PUF Read:0xaaaaaaaa at 0xa0008064
[65960.559783] PUF Read:0xaaaaaaaa at 0xa0008068
[65960.559783] PUF Read:0xaaaaaaaa at 0xa000806c
[65960.559783] PUF Read:0xaaaaaaaa at 0xa0008070
[65960.559783] PUF Read:0xaaaaaaaa at 0xa0008074
[65960.559875] PUF Read:0xaaaaaaaa at 0xa0008078
[65960.559875] PUF Read:0xaaaaaaaa at 0xa000807c
[65960.559875] PUF Read:0xaaaaaaaa at 0xa0008080
[65960.559875] PUF Read:0xaaaaaaaa at 0xa0008084
[65960.559967] PUF Read:0xaaaaaaaa at 0xa0008088
[65960.559967] PUF Read:0xaaaaaaaa at 0xa000808c
[65960.560028] PUF Read:0xaaaa8aaa at 0xa0008090
[65960.560058] PUF Read:0xaaaaaaaa at 0xa0008094
[65960.560058] PUF Read:0xaaabaaaa at 0xa0008098
[65960.560058] PUF Read:0xaaaaaaaa at 0xa000809c
[65960.560119] PUF Read:0xaaaaaaaa at 0xa00080a0
[65960.560119] PUF Read:0xaaaaaaaa at 0xa00080a4
[65960.560180] PUF Read:0xaaaaaaaa at 0xa00080a8
[65960.560211] PUF Read:0xaaaaaaaa at 0xa00080ac
[65960.560211] PUF Read:0xaaaaaaaa at 0xa00080b0
[65960.560211] PUF Read:0xaa2aaaaa at 0xa00080b4
[65960.560272] PUF Read:0xaaaaaaaa at 0xa00080b8
[65960.560272] PUF Read:0x8aaaaaaa at 0xa00080bc
[65960.560333] PUF Read:0xaaaaaaaa at 0xa00080c0
[65960.560363] PUF Read:0xaaaaaaaa at 0xa00080c4
[65960.560363] PUF Read:0xaaa2aaaa at 0xa00080c8
[65960.560363] PUF Read:0xaaaaaaaa at 0xa00080cc
[65960.560424] PUF Read:0xaaaaaaaa at 0xa00080d0
[65960.560424] PUF Read:0xaaaaaaaa at 0xa00080d4
[65960.560485] PUF Read:0xaaaaaaaa at 0xa00080d8
[65960.560516] PUF Read:0xaaaaaaaa at 0xa00080dc
[65960.560516] PUF Read:0xaaaaaaaa at 0xa00080e0
[65960.560577] PUF Read:0xaaaaaaaa at 0xa00080e4
[65960.560577] PUF Read:0xaaaaaaaa at 0xa00080e8
[65960.560577] PUF Read:0xaaaaaaab at 0xa00080ec
[65960.560577] PUF Read:0x8aaaaaaa at 0xa00080f0
[65960.560668] PUF Read:0xaaaaaaaa at 0xa00080f4
[65960.560668] PUF Read:0xaaaaaaaa at 0xa00080f8
[65960.560668] PUF Read:0xaaaaaaaa at 0xa00080fc
[65960.560668] PUF Read:0xaaaaaaaa at 0xa0008100
[65960.560668] PUF Read:0xaaaaaaaa at 0xa0008104
[65960.560668] PUF Read:0xaaaaaaaa at 0xa0008108
[65960.560821] PUF Read:0xaaaaaaaa at 0xa000810c
[65960.560821] PUF Read:0xaaaaaaaa at 0xa0008110
[65960.560821] PUF Read:0xaaaaaaaa at 0xa0008114
[65960.560821] PUF Read:0xaaaaaaaa at 0xa0008118
[65960.560913] PUF Read:0xaaaaaaaa at 0xa000811c
[65960.560913] PUF Read:0xaaaaaaaa at 0xa0008120
[65960.560974] PUF Read:0xaaaaaaaa at 0xa0008124
[65960.561004] PUF Read:0xaaaaaaaa at 0xa0008128
[65960.561004] PUF Read:0xaaaaaaaa at 0xa000812c
[65960.561004] PUF Read:0xaaaaaaaa at 0xa0008130
[65960.561065] PUF Read:0xaaaaaaaa at 0xa0008134
[65960.561065] PUF Read:0xaa8aaaaa at 0xa0008138
[65960.561126] PUF Read:0xaaaaaaaa at 0xa000813c
[65960.561157] PUF Read:0xaaaaaaaa at 0xa0008140
[65960.561157] PUF Read:0xaaaaaaaa at 0xa0008144
[65960.561157] PUF Read:0xaabaaeaa at 0xa0008148
[65960.561218] PUF Read:0xaaaaaaaa at 0xa000814c
[65960.561218] PUF Read:0xaaaaaaaa at 0xa0008150
[65960.561279] PUF Read:0xaaaaaaaa at 0xa0008154
[65960.561309] PUF Read:0xaaaaaaaa at 0xa0008158
[65960.561340] PUF Read:0xaaaaaaea at 0xa000815c
[65960.561340] PUF Read:0xaaaaaaaa at 0xa0008160
[65960.561340] PUF Read:0xaaaaaaaa at 0xa0008164
[65960.561401] PUF Read:0xaaaaaaaa at 0xa0008168
[65960.561401] PUF Read:0xaaaaaaaa at 0xa000816c
[65960.561462] PUF Read:0xaaaaaaaa at 0xa0008170
[65960.561492] PUF Read:0xaaaaaaaa at 0xa0008174
[65960.561492] PUF Read:0xaaaaaaaa at 0xa0008178
[65960.561492] PUF Read:0xaaaaaaaa at 0xa000817c
[65960.561492] PUF Read:0xaaaaaa2a at 0xa0008180
[65960.561492] PUF Read:0xaaaaaaaa at 0xa0008184
[65960.561492] PUF Read:0xaaaaaaaa at 0xa0008188
[65960.561645] PUF Read:0xaaaaaaaa at 0xa000818c
[65960.561676] PUF Read:0xaaaaaaaa at 0xa0008190
[65960.561676] PUF Read:0xaaaaaaaa at 0xa0008194
[65960.561676] PUF Read:0xaaaaaaaa at 0xa0008198
[65960.561737] PUF Read:0xaaaaaaaa at 0xa000819c
[65960.561737] PUF Read:0xaaaaaaaa at 0xa00081a0
[65960.561798] PUF Read:0xaaaaaaaa at 0xa00081a4
[65960.561828] PUF Read:0xaaaaaaaa at 0xa00081a8
[65960.561828] PUF Read:0xaaaaaaaa at 0xa00081ac
[65960.561828] PUF Read:0xaaeaaaaa at 0xa00081b0
[65960.561889] PUF Read:0xaaaaaaaa at 0xa00081b4
[65960.561889] PUF Read:0xaaaaaaaa at 0xa00081b8
[65960.561950] PUF Read:0xaaaaaaaa at 0xa00081bc
[65960.561981] PUF Read:0xaaaaaaaa at 0xa00081c0
[65960.561981] PUF Read:0xaaaaaaae at 0xa00081c4
[65960.561981] PUF Read:0xaaaaaaaa at 0xa00081c8
[65960.561981] PUF Read:0xaaaaaaaa at 0xa00081cc
[65960.561981] PUF Read:0xaaaaaaaa at 0xa00081d0
[65960.561981] PUF Read:0xaaaaaaaa at 0xa00081d4
[65960.562133] PUF Read:0xaaaaaaaa at 0xa00081d8
[65960.562164] PUF Read:0xaaaaaaaa at 0xa00081dc
[65960.562164] PUF Read:0xaaaaaaaa at 0xa00081e0
[65960.562164] PUF Read:0xaaaaaaaa at 0xa00081e4
[65960.562225] PUF Read:0xaaaaaaaa at 0xa00081e8
[65960.562225] PUF Read:0xaa2aaaaa at 0xa00081ec
[65960.562286] PUF Read:0xaaaaaaaa at 0xa00081f0
[65960.562316] PUF Read:0xaaaaaaaa at 0xa00081f4
[65960.562316] PUF Read:0xaaaaaaa2 at 0xa00081f8
[65960.562316] PUF Read:0xaaaaaaaa at 0xa00081fc
[65960.562377] PUF Read:0xaaaaaaaa at 0xa0008200
[65960.562377] PUF Read:0xaaaaaaaa at 0xa0008204
[65960.562438] PUF Read:0xaaaaaaaa at 0xa0008208
[65960.562469] PUF Read:0xa8aaaaaa at 0xa000820c
[65960.562469] PUF Read:0xaaaaaaaa at 0xa0008210
[65960.562469] PUF Read:0xaaaaaaaa at 0xa0008214
[65960.562469] PUF Read:0xaaaaaaaa at 0xa0008218
[65960.562469] PUF Read:0xaaaaaaaa at 0xa000821c
[65960.562469] PUF Read:0xaaaaaaaa at 0xa0008220
[65960.562622] PUF Read:0xaaaaaaaa at 0xa0008224
[65960.562622] PUF Read:0xaaaaaaaa at 0xa0008228
[65960.562622] PUF Read:0xaaaaaaaa at 0xa000822c
[65960.562622] PUF Read:0xaaaaaaaa at 0xa0008230
[65960.562713] PUF Read:0xaaaaaaaa at 0xa0008234
[65960.562713] PUF Read:0xaaaaaaaa at 0xa0008238
[65960.562774] PUF Read:0xaaaaaaaa at 0xa000823c
[65960.562805] PUF Read:0xaaaaaaaa at 0xa0008240
[65960.562805] PUF Read:0xaaaaaaaa at 0xa0008244
[65960.562805] PUF Read:0xaaaaaaaa at 0xa0008248
[65960.562805] PUF Read:0xaaaaaaaa at 0xa000824c
[65960.562805] PUF Read:0xaaaaaaaa at 0xa0008250
[65960.562805] PUF Read:0xaaaaaaaa at 0xa0008254
[65960.562957] PUF Read:0xaaaaaaaa at 0xa0008258
[65960.562988] PUF Read:0xaaaaaaaa at 0xa000825c
[65960.562988] PUF Read:0xaaaaaaaa at 0xa0008260
[65960.562988] PUF Read:0xaaaaaaaa at 0xa0008264
[65960.563049] PUF Read:0xaaaaaaaa at 0xa0008268
[65960.563049] PUF Read:0xaaaaaaaa at 0xa000826c
[65960.563110] PUF Read:0xaaaaaaaa at 0xa0008270
[65960.563140] PUF Read:0xaaaaaaaa at 0xa0008274
[65960.563140] PUF Read:0xaaaaaaaa at 0xa0008278
[65960.563140] PUF Read:0xaaaaaaaa at 0xa000827c
[65960.563201] PUF Read:0xaaaaaaaa at 0xa0008280
[65960.563201] PUF Read:0xaaaaaaaa at 0xa0008284
[65960.563201] PUF Read:0xaaaaaaaa at 0xa0008288
[65960.563293] PUF Read:0xaaaaaaaa at 0xa000828c
[65960.563293] PUF Read:0xaaaaaaaa at 0xa0008290
[65960.563293] PUF Read:0xaaaaaaaa at 0xa0008294
[65960.563293] PUF Read:0xaaaaaaaa at 0xa0008298
[65960.563385] PUF Read:0xaaaaaaaa at 0xa000829c
[65960.563385] PUF Read:0xaaaaaaaa at 0xa00082a0
[65960.563446] PUF Read:0xaaaaaaaa at 0xa00082a4
[65960.563476] PUF Read:0xaaaaaaaa at 0xa00082a8
[65960.563476] PUF Read:0xaaaaaaaa at 0xa00082ac
[65960.563476] PUF Read:0xaaaaaaaa at 0xa00082b0
[65960.563537] PUF Read:0xaaaaaaaa at 0xa00082b4
[65960.563537] PUF Read:0xaaaaaaea at 0xa00082b8
[65960.563598] PUF Read:0xaaaaaaaa at 0xa00082bc
[65960.563629] PUF Read:0xaaaaaaaa at 0xa00082c0
[65960.563629] PUF Read:0xaaaaaaaa at 0xa00082c4
[65960.563629] PUF Read:0xaaaaaaaa at 0xa00082c8
[65960.563690] PUF Read:0xaaaaaaaa at 0xa00082cc
[65960.563690] PUF Read:0xaaaaaaaa at 0xa00082d0
[65960.563751] PUF Read:0xaaaaaaaa at 0xa00082d4
[65960.563781] PUF Read:0xaaaaaaaa at 0xa00082d8
[65960.563781] PUF Read:0xaaaaaaaa at 0xa00082dc
[65960.563781] PUF Read:0xaaaaaaaa at 0xa00082e0
[65960.563781] PUF Read:0xaaaaaeaa at 0xa00082e4
[65960.563781] PUF Read:0xaaaaaaaa at 0xa00082e8
[65960.563781] PUF Read:0xaaaaaaaa at 0xa00082ec
[65960.563934] PUF Read:0xaaaaaaaa at 0xa00082f0
[65960.563934] PUF Read:0xaaaaaaaa at 0xa00082f4
[65960.563934] PUF Read:0xaaaaaaaa at 0xa00082f8
[65960.563934] PUF Read:0xaaaaaaaa at 0xa00082fc
[65960.563934] PUF Read:0xaaaaaaaa at 0xa0008300
[65960.563934] PUF Read:0xaaaaaaaa at 0xa0008304
[65960.564086] PUF Read:0xaaaaaaaa at 0xa0008308
[65960.564117] PUF Read:0xaaaaaaaa at 0xa000830c
[65960.564117] PUF Read:0xaaaaaaaa at 0xa0008310
[65960.564117] PUF Read:0xaaaaaaaa at 0xa0008314
[65960.564178] PUF Read:0xaaaaaaaa at 0xa0008318
[65960.564178] PUF Read:0xbaaaaaaa at 0xa000831c
[65960.564239] PUF Read:0xaaaaaaaa at 0xa0008320
[65960.564270] PUF Read:0xaaaaaaaa at 0xa0008324
[65960.564270] PUF Read:0xaaaaaaaa at 0xa0008328
[65960.564331] PUF Read:0xaaaaaaaa at 0xa000832c
[65960.564331] PUF Read:0xaaaaaaae at 0xa0008330
[65960.564331] PUF Read:0xaaaaaaaa at 0xa0008334
[65960.564331] PUF Read:0xaaaaaaaa at 0xa0008338
[65960.564422] PUF Read:0xaaaaaaaa at 0xa000833c
[65960.564453] PUF Read:0xaaaaaaaa at 0xa0008340
[65960.564453] PUF Read:0xaaaaaaaa at 0xa0008344
[65960.564453] PUF Read:0xaaaaaaaa at 0xa0008348
[65960.564514] PUF Read:0xaaaaaaaa at 0xa000834c
[65960.564514] PUF Read:0xaaaaaaaa at 0xa0008350
[65960.564575] PUF Read:0xaaaaaaaa at 0xa0008354
[65960.564605] PUF Read:0xaaaaaaaa at 0xa0008358
[65960.564605] PUF Read:0xaaaaaaaa at 0xa000835c
[65960.564605] PUF Read:0xaaabaaaa at 0xa0008360
[65960.564666] PUF Read:0xaaaaaaaa at 0xa0008364
[65960.564666] PUF Read:0xaaaaaaaa at 0xa0008368
[65960.564727] PUF Read:0xaaaaaaaa at 0xa000836c
[65960.564758] PUF Read:0xaaaaaaaa at 0xa0008370
[65960.564758] PUF Read:0xaaaaaaaa at 0xa0008374
[65960.564758] PUF Read:0xaaaaaaaa at 0xa0008378
[65960.564819] PUF Read:0xaaaaaaaa at 0xa000837c
[65960.564819] PUF Read:0xaaaaaaaa at 0xa0008380
[65960.564880] PUF Read:0xaaaaaaaa at 0xa0008384
[65960.564910] PUF Read:0xaaaaaaaa at 0xa0008388
[65960.564910] PUF Read:0xaaaaaaaa at 0xa000838c
[65960.564971] PUF Read:0xaaaaaaaa at 0xa0008390
[65960.565002] PUF Read:0xaaaaaaaa at 0xa0008394
[65960.565002] PUF Read:0xaaaaaaaa at 0xa0008398
[65960.565002] PUF Read:0xaaa2aaaa at 0xa000839c
[65960.565002] PUF Read:0xaaaaaaaa at 0xa00083a0
[65960.565124] PUF Read:0xaaaaaaaa at 0xa00083a4
[65960.565124] PUF Read:0xaaaaaaaa at 0xa00083a8
[65960.565185] PUF Read:0xaaaaaaaa at 0xa00083ac
[65960.565216] PUF Read:0xaaaaaaaa at 0xa00083b0
[65960.565216] PUF Read:0xaaaaaaaa at 0xa00083b4
[65960.565216] PUF Read:0xaaaaaaaa at 0xa00083b8
[65960.565277] PUF Read:0xaaaaaaaa at 0xa00083bc
[65960.565277] PUF Read:0xaaaaaaaa at 0xa00083c0
[65960.565338] PUF Read:0xaaaaaaaa at 0xa00083c4
[65960.565368] PUF Read:0xaaaaaaaa at 0xa00083c8
[65960.565368] PUF Read:0xaaaaaaaa at 0xa00083cc
[65960.565368] PUF Read:0xaaaaaaaa at 0xa00083d0
[65960.565429] PUF Read:0xaaabaaaa at 0xa00083d4
[65960.565429] PUF Read:0xaaaaaaaa at 0xa00083d8
[65960.565490] PUF Read:0xaaaaaaaa at 0xa00083dc
[65960.565521] PUF Read:0xaaaaaaaa at 0xa00083e0
[65960.565521] PUF Read:0xaaaaaaaa at 0xa00083e4
[65960.565521] PUF Read:0xaaaaaaaa at 0xa00083e8
[65960.565521] PUF Read:0xaaaaaaaa at 0xa00083ec
[65960.565521] PUF Read:0xaaaaaaaa at 0xa00083f0
[65960.565521] PUF Read:0xaaaaaaaa at 0xa00083f4
[65960.565673] PUF Read:0xaaaaaaae at 0xa00083f8
[65960.565673] PUF Read:0xaaaeaaaa at 0xa00083fc
[65960.565673] [i] Finished PUF read-out
[65960.565734] <6>[i] Finished PUF query for decaytime: 7680
[65960.565734] [i] Start decaytime: 120
[65960.565765] EMIF 2 REG Write 0x80000000 at 0x4d000010
[65960.565765] EMIF 2 REG Read 0x80000000 at 0x4d000010
[65960.565765] EMIF 2 REG Write 0x80000000 at 0x4d000014
[65960.565795] EMIF 2 REG Read 0x00000000 at 0x4d000014
[65960.565795] EMIF 2 REG Write 0x08016893 at 0x4d0000cc
[65960.565826] EMIF 2 REG Read 0x08016893 at 0x4d0000cc
[65960.565826] Temp polling alert disabled
[65960.565826] Refresh Disabled at EMIF2
[65960.565856] [i] Initialiting PUF & hammer rows
[65960.565856] [i] Single-Sided Rowhammer (SSRH)
[65960.572509] [i] Finished initialiting PUF & hammer rows
[65960.572509] [i]	Timer elapsed since its reset 0 sec
[65960.572540] [i] Decay: 120 sec
[65960.572540] [i]	Relative Decay: 0 msec
