[35245.488433] [i] Total hammer attempts per row: 3728121
[35245.488494] EMIF 2 REG Write 0x00000618 at 0x4d000010
[35245.488494] EMIF 2 REG Read 0x00000618 at 0x4d000010
[35245.488525] EMIF 2 REG Write 0x00000618 at 0x4d000014
[35245.488525] EMIF 2 REG Read 0x00000618 at 0x4d000014
[35245.488555] EMIF 2 REG Write 0x58016893 at 0x4d0000cc
[35245.488555] EMIF 2 REG Read 0x58016893 at 0x4d0000cc
[35245.488586] Temp polling alert enabled
[35245.488586] Refresh enabled at EMIF2
[35245.488586] [i] Starting PUF read-out
[35245.488616] [i] Single-Sided Rowhammer (SSRH)
[35245.488616] PUF Read:0x00000010 at 0xa0008000
[35245.488616] PUF Read:0x00000400 at 0xa0008004
[35245.488616] PUF Read:0x00000000 at 0xa0008008
[35245.488708] PUF Read:0x00000000 at 0xa000800c
[35245.488708] PUF Read:0x00000000 at 0xa0008010
[35245.488708] PUF Read:0x00000100 at 0xa0008014
[35245.488708] PUF Read:0x00000000 at 0xa0008018
[35245.488800] PUF Read:0x10400100 at 0xa000801c
[35245.488800] PUF Read:0x40000000 at 0xa0008020
[35245.488800] PUF Read:0x40004000 at 0xa0008024
[35245.488891] PUF Read:0x00004000 at 0xa0008028
[35245.488891] PUF Read:0x00000010 at 0xa000802c
[35245.488891] PUF Read:0x40000000 at 0xa0008030
[35245.488891] PUF Read:0x04000000 at 0xa0008034
[35245.488891] PUF Read:0x00004000 at 0xa0008038
[35245.488891] PUF Read:0x00000000 at 0xa000803c
[35245.489044] PUF Read:0x00000001 at 0xa0008040
[35245.489074] PUF Read:0x00004000 at 0xa0008044
[35245.489074] PUF Read:0x00000000 at 0xa0008048
[35245.489074] PUF Read:0x00000001 at 0xa000804c
[35245.489135] PUF Read:0x00000000 at 0xa0008050
[35245.489135] PUF Read:0x00000000 at 0xa0008054
[35245.489196] PUF Read:0x00000000 at 0xa0008058
[35245.489227] PUF Read:0x00000000 at 0xa000805c
[35245.489227] PUF Read:0x00000000 at 0xa0008060
[35245.489227] PUF Read:0x00100000 at 0xa0008064
[35245.489288] PUF Read:0x00000000 at 0xa0008068
[35245.489288] PUF Read:0x00000000 at 0xa000806c
[35245.489349] PUF Read:0x00000010 at 0xa0008070
[35245.489379] PUF Read:0x00000000 at 0xa0008074
[35245.489379] PUF Read:0x00000000 at 0xa0008078
[35245.489440] PUF Read:0x00010000 at 0xa000807c
[35245.489440] PUF Read:0x00010000 at 0xa0008080
[35245.489440] PUF Read:0x00000000 at 0xa0008084
[35245.489501] PUF Read:0x00000000 at 0xa0008088
[35245.489532] PUF Read:0x00000000 at 0xa000808c
[35245.489532] PUF Read:0x00000000 at 0xa0008090
[35245.489532] PUF Read:0x10000000 at 0xa0008094
[35245.489532] PUF Read:0x00410001 at 0xa0008098
[35245.489624] PUF Read:0x00000000 at 0xa000809c
[35245.489624] PUF Read:0x00000000 at 0xa00080a0
[35245.489685] PUF Read:0x00010000 at 0xa00080a4
[35245.489715] PUF Read:0x00010001 at 0xa00080a8
[35245.489715] PUF Read:0x00000041 at 0xa00080ac
[35245.489715] PUF Read:0x00000000 at 0xa00080b0
[35245.489776] PUF Read:0x00000000 at 0xa00080b4
[35245.489776] PUF Read:0x00004000 at 0xa00080b8
[35245.489837] PUF Read:0x00000000 at 0xa00080bc
[35245.489868] PUF Read:0x00000400 at 0xa00080c0
[35245.489868] PUF Read:0x00000000 at 0xa00080c4
[35245.489868] PUF Read:0x10100000 at 0xa00080c8
[35245.489868] PUF Read:0x01000000 at 0xa00080cc
[35245.489868] PUF Read:0x40044000 at 0xa00080d0
[35245.489868] PUF Read:0x00000000 at 0xa00080d4
[35245.490020] PUF Read:0x00001000 at 0xa00080d8
[35245.490020] PUF Read:0x00000000 at 0xa00080dc
[35245.490020] PUF Read:0x01000000 at 0xa00080e0
[35245.490020] PUF Read:0x00000000 at 0xa00080e4
[35245.490112] PUF Read:0x00000000 at 0xa00080e8
[35245.490112] PUF Read:0x00000001 at 0xa00080ec
[35245.490173] PUF Read:0x00000000 at 0xa00080f0
[35245.490173] PUF Read:0x00000000 at 0xa00080f4
[35245.490173] PUF Read:0x00000100 at 0xa00080f8
[35245.490173] PUF Read:0x00000000 at 0xa00080fc
[35245.490173] PUF Read:0x00000000 at 0xa0008100
[35245.490173] PUF Read:0x00000000 at 0xa0008104
[35245.490325] PUF Read:0x00000000 at 0xa0008108
[35245.490325] PUF Read:0x00000000 at 0xa000810c
[35245.490325] PUF Read:0x00000000 at 0xa0008110
[35245.490325] PUF Read:0x00400000 at 0xa0008114
[35245.490325] PUF Read:0x00000000 at 0xa0008118
[35245.490325] PUF Read:0x00000000 at 0xa000811c
[35245.490478] PUF Read:0x00000000 at 0xa0008120
[35245.490478] PUF Read:0x00000400 at 0xa0008124
[35245.490478] PUF Read:0x00000040 at 0xa0008128
[35245.490478] PUF Read:0x00000000 at 0xa000812c
[35245.490478] PUF Read:0x00000000 at 0xa0008130
[35245.490478] PUF Read:0x00000000 at 0xa0008134
[35245.490631] PUF Read:0x00010000 at 0xa0008138
[35245.490631] PUF Read:0x00000000 at 0xa000813c
[35245.490631] PUF Read:0x40000400 at 0xa0008140
[35245.490631] PUF Read:0x00000000 at 0xa0008144
[35245.490631] PUF Read:0x00100400 at 0xa0008148
[35245.490631] PUF Read:0x00000000 at 0xa000814c
[35245.490783] PUF Read:0x00000000 at 0xa0008150
[35245.490783] PUF Read:0x00000000 at 0xa0008154
[35245.490783] PUF Read:0x00000000 at 0xa0008158
[35245.490783] PUF Read:0x00100040 at 0xa000815c
[35245.490783] PUF Read:0x00001000 at 0xa0008160
[35245.490783] PUF Read:0x00000000 at 0xa0008164
[35245.490936] PUF Read:0x04000000 at 0xa0008168
[35245.490936] PUF Read:0x00400000 at 0xa000816c
[35245.490936] PUF Read:0x00000000 at 0xa0008170
[35245.490936] PUF Read:0x00100000 at 0xa0008174
[35245.490936] PUF Read:0x00000000 at 0xa0008178
[35245.490936] PUF Read:0x00004000 at 0xa000817c
[35245.491088] PUF Read:0x00000000 at 0xa0008180
[35245.491088] PUF Read:0x00000000 at 0xa0008184
[35245.491088] PUF Read:0x00040000 at 0xa0008188
[35245.491088] PUF Read:0x00000440 at 0xa000818c
[35245.491180] PUF Read:0x00000000 at 0xa0008190
[35245.491180] PUF Read:0x40000000 at 0xa0008194
[35245.491241] PUF Read:0x00000004 at 0xa0008198
[35245.491271] PUF Read:0x00000000 at 0xa000819c
[35245.491271] PUF Read:0x00000000 at 0xa00081a0
[35245.491271] PUF Read:0x00000000 at 0xa00081a4
[35245.491333] PUF Read:0x00000000 at 0xa00081a8
[35245.491333] PUF Read:0x00000000 at 0xa00081ac
[35245.491394] PUF Read:0x00410000 at 0xa00081b0
[35245.491424] PUF Read:0x00000000 at 0xa00081b4
[35245.491424] PUF Read:0x00000000 at 0xa00081b8
[35245.491424] PUF Read:0x00100000 at 0xa00081bc
[35245.491485] PUF Read:0x00000000 at 0xa00081c0
[35245.491485] PUF Read:0x00000004 at 0xa00081c4
[35245.491546] PUF Read:0x00000000 at 0xa00081c8
[35245.491577] PUF Read:0x00010000 at 0xa00081cc
[35245.491577] PUF Read:0x10000000 at 0xa00081d0
[35245.491577] PUF Read:0x00000000 at 0xa00081d4
[35245.491638] PUF Read:0x10000000 at 0xa00081d8
[35245.491638] PUF Read:0x00004000 at 0xa00081dc
[35245.491699] PUF Read:0x00000000 at 0xa00081e0
[35245.491729] PUF Read:0x00000040 at 0xa00081e4
[35245.491729] PUF Read:0x00000000 at 0xa00081e8
[35245.491729] PUF Read:0x00000010 at 0xa00081ec
[35245.491790] PUF Read:0x00000001 at 0xa00081f0
[35245.491790] PUF Read:0x00000400 at 0xa00081f4
[35245.491851] PUF Read:0x00000000 at 0xa00081f8
[35245.491882] PUF Read:0x00000040 at 0xa00081fc
[35245.491882] PUF Read:0x00000000 at 0xa0008200
[35245.491882] PUF Read:0x00000000 at 0xa0008204
[35245.491943] PUF Read:0x00000010 at 0xa0008208
[35245.491943] PUF Read:0x00000000 at 0xa000820c
[35245.492004] PUF Read:0x00400000 at 0xa0008210
[35245.492034] PUF Read:0x00000000 at 0xa0008214
[35245.492034] PUF Read:0x00000400 at 0xa0008218
[35245.492034] PUF Read:0x00000000 at 0xa000821c
[35245.492095] PUF Read:0x00000000 at 0xa0008220
[35245.492095] PUF Read:0x00100000 at 0xa0008224
[35245.492156] PUF Read:0x00000000 at 0xa0008228
[35245.492187] PUF Read:0x00000000 at 0xa000822c
[35245.492187] PUF Read:0x00000500 at 0xa0008230
[35245.492187] PUF Read:0x00400000 at 0xa0008234
[35245.492248] PUF Read:0x00000000 at 0xa0008238
[35245.492248] PUF Read:0x00000400 at 0xa000823c
[35245.492309] PUF Read:0x00000004 at 0xa0008240
[35245.492340] PUF Read:0x00000000 at 0xa0008244
[35245.492340] PUF Read:0x00040000 at 0xa0008248
[35245.492401] PUF Read:0x00000000 at 0xa000824c
[35245.492401] PUF Read:0x04000000 at 0xa0008250
[35245.492401] PUF Read:0x00100000 at 0xa0008254
[35245.492462] PUF Read:0x00000000 at 0xa0008258
[35245.492492] PUF Read:0x04040000 at 0xa000825c
[35245.492492] PUF Read:0x00000000 at 0xa0008260
[35245.492492] PUF Read:0x00000000 at 0xa0008264
[35245.492492] PUF Read:0x00000400 at 0xa0008268
[35245.492492] PUF Read:0x40001000 at 0xa000826c
[35245.492492] PUF Read:0x00000000 at 0xa0008270
[35245.492645] PUF Read:0x00000000 at 0xa0008274
[35245.492675] PUF Read:0x00000040 at 0xa0008278
[35245.492675] PUF Read:0x00100000 at 0xa000827c
[35245.492675] PUF Read:0x40000000 at 0xa0008280
[35245.492675] PUF Read:0x00000000 at 0xa0008284
[35245.492675] PUF Read:0x00400000 at 0xa0008288
[35245.492675] PUF Read:0x00000000 at 0xa000828c
[35245.492828] PUF Read:0x00000000 at 0xa0008290
[35245.492858] PUF Read:0x00000000 at 0xa0008294
[35245.492858] PUF Read:0x00000000 at 0xa0008298
[35245.492858] PUF Read:0x00000000 at 0xa000829c
[35245.492919] PUF Read:0x00000400 at 0xa00082a0
[35245.492919] PUF Read:0x00001000 at 0xa00082a4
[35245.492980] PUF Read:0x00000000 at 0xa00082a8
[35245.493011] PUF Read:0x00000000 at 0xa00082ac
[35245.493011] PUF Read:0x00000000 at 0xa00082b0
[35245.493011] PUF Read:0x00000000 at 0xa00082b4
[35245.493011] PUF Read:0x00000040 at 0xa00082b8
[35245.493011] PUF Read:0x00000000 at 0xa00082bc
[35245.493133] PUF Read:0x00000000 at 0xa00082c0
[35245.493133] PUF Read:0x00000000 at 0xa00082c4
[35245.493133] PUF Read:0x10000000 at 0xa00082c8
[35245.493133] PUF Read:0x00000000 at 0xa00082cc
[35245.493133] PUF Read:0x00100000 at 0xa00082d0
[35245.493133] PUF Read:0x00000000 at 0xa00082d4
[35245.493286] PUF Read:0x40000000 at 0xa00082d8
[35245.493286] PUF Read:0x00004000 at 0xa00082dc
[35245.493286] PUF Read:0x00000000 at 0xa00082e0
[35245.493286] PUF Read:0x00000400 at 0xa00082e4
[35245.493377] PUF Read:0x00000100 at 0xa00082e8
[35245.493377] PUF Read:0x00000001 at 0xa00082ec
[35245.493438] PUF Read:0x00000001 at 0xa00082f0
[35245.493469] PUF Read:0x00000000 at 0xa00082f4
[35245.493469] PUF Read:0x00000000 at 0xa00082f8
[35245.493469] PUF Read:0x00000000 at 0xa00082fc
[35245.493530] PUF Read:0x00000100 at 0xa0008300
[35245.493530] PUF Read:0x00000000 at 0xa0008304
[35245.493591] PUF Read:0x00000000 at 0xa0008308
[35245.493621] PUF Read:0x00000000 at 0xa000830c
[35245.493621] PUF Read:0x00000000 at 0xa0008310
[35245.493621] PUF Read:0x00000010 at 0xa0008314
[35245.493682] PUF Read:0x01500000 at 0xa0008318
[35245.493682] PUF Read:0x10000000 at 0xa000831c
[35245.493743] PUF Read:0x00000000 at 0xa0008320
[35245.493774] PUF Read:0x00000100 at 0xa0008324
[35245.493774] PUF Read:0x00000000 at 0xa0008328
[35245.493835] PUF Read:0x00010000 at 0xa000832c
[35245.493835] PUF Read:0x00000004 at 0xa0008330
[35245.493835] PUF Read:0x00000100 at 0xa0008334
[35245.493896] PUF Read:0x00001000 at 0xa0008338
[35245.493927] PUF Read:0x00000000 at 0xa000833c
[35245.493927] PUF Read:0x10000100 at 0xa0008340
[35245.493927] PUF Read:0x00000001 at 0xa0008344
[35245.493927] PUF Read:0x00000000 at 0xa0008348
[35245.493927] PUF Read:0x00000100 at 0xa000834c
[35245.493927] PUF Read:0x00000000 at 0xa0008350
[35245.494079] PUF Read:0x00000000 at 0xa0008354
[35245.494079] PUF Read:0x00000000 at 0xa0008358
[35245.494079] PUF Read:0x00000000 at 0xa000835c
[35245.494079] PUF Read:0x00014000 at 0xa0008360
[35245.494079] PUF Read:0x00000000 at 0xa0008364
[35245.494079] PUF Read:0x00000000 at 0xa0008368
[35245.494079] PUF Read:0x00000400 at 0xa000836c
[35245.494262] PUF Read:0x00000000 at 0xa0008370
[35245.494262] PUF Read:0x00000000 at 0xa0008374
[35245.494262] PUF Read:0x40000000 at 0xa0008378
[35245.494262] PUF Read:0x00000000 at 0xa000837c
[35245.494262] PUF Read:0x00000000 at 0xa0008380
[35245.494262] PUF Read:0x00000000 at 0xa0008384
[35245.494415] PUF Read:0x00000000 at 0xa0008388
[35245.494415] PUF Read:0x00000000 at 0xa000838c
[35245.494415] PUF Read:0x00000001 at 0xa0008390
[35245.494415] PUF Read:0x00000100 at 0xa0008394
[35245.494415] PUF Read:0x10000000 at 0xa0008398
[35245.494415] PUF Read:0x00000000 at 0xa000839c
[35245.494567] PUF Read:0x00000000 at 0xa00083a0
[35245.494567] PUF Read:0x00000000 at 0xa00083a4
[35245.494567] PUF Read:0x00000000 at 0xa00083a8
[35245.494659] PUF Read:0x00001000 at 0xa00083ac
[35245.494659] PUF Read:0x00000000 at 0xa00083b0
[35245.494720] PUF Read:0x00000000 at 0xa00083b4
[35245.494750] PUF Read:0x00000000 at 0xa00083b8
[35245.494750] PUF Read:0x00000000 at 0xa00083bc
[35245.494750] PUF Read:0x00000040 at 0xa00083c0
[35245.494842] PUF Read:0x04000000 at 0xa00083c4
[35245.494873] PUF Read:0x00000000 at 0xa00083c8
[35245.494873] PUF Read:0x00000000 at 0xa00083cc
[35245.494873] PUF Read:0x00000000 at 0xa00083d0
[35245.494934] PUF Read:0x00010000 at 0xa00083d4
[35245.494934] PUF Read:0x00000000 at 0xa00083d8
[35245.494995] PUF Read:0x00000000 at 0xa00083dc
[35245.495025] PUF Read:0x00140000 at 0xa00083e0
[35245.495025] PUF Read:0x10000000 at 0xa00083e4
[35245.495025] PUF Read:0x00000000 at 0xa00083e8
[35245.495086] PUF Read:0x00000000 at 0xa00083ec
[35245.495086] PUF Read:0x00000400 at 0xa00083f0
[35245.495147] PUF Read:0x04000000 at 0xa00083f4
[35245.495178] PUF Read:0x00000004 at 0xa00083f8
[35245.495178] PUF Read:0x00040000 at 0xa00083fc
[35245.495178] [i] Finished PUF read-out
[35245.495239] <6>[i] Finished PUF query for decaytime: 15360
[35245.495239] End measurement:14
[35245.495239] [i] Start measurement: 15
[35245.495269] [i] Start decaytime: 60
[35245.495269] EMIF 2 REG Write 0x80000000 at 0x4d000010
[35245.495269] EMIF 2 REG Read 0x80000000 at 0x4d000010
[35245.495300] EMIF 2 REG Write 0x80000000 at 0x4d000014
[35245.495300] EMIF 2 REG Read 0x00000000 at 0x4d000014
[35245.495330] EMIF 2 REG Write 0x08016893 at 0x4d0000cc
[35245.495330] EMIF 2 REG Read 0x08016893 at 0x4d0000cc
[35245.495361] Temp polling alert disabled
[35245.495361] Refresh Disabled at EMIF2
[35245.495361] [i] Initialiting PUF & hammer rows
[35245.495391] [i] Single-Sided Rowhammer (SSRH)
[35245.495391] [i] Finished initialiting PUF & hammer rows
[35245.495391] [i]	Timer elapsed since its reset 0 sec
[35245.502105] [i] Decay: 60 sec
[35245.502105] [i]	Relative Decay: 0 msec
