[75878.917602] [i] Total hammer attempts per row: 1863994
[75878.917633] EMIF 2 REG Write 0x00000618 at 0x4d000010
[75878.917633] EMIF 2 REG Read 0x00000618 at 0x4d000010
[75878.917663] EMIF 2 REG Write 0x00000618 at 0x4d000014
[75878.917663] EMIF 2 REG Read 0x00000618 at 0x4d000014
[75878.917694] EMIF 2 REG Write 0x58016893 at 0x4d0000cc
[75878.917694] EMIF 2 REG Read 0x58016893 at 0x4d0000cc
[75878.917694] Temp polling alert enabled
[75878.917724] Refresh enabled at EMIF2
[75878.917724] [i] Starting PUF read-out
[75878.917724] [i] Single-Sided Rowhammer (SSRH)
[75878.917755] PUF Read:0xaaaaaaaa at 0xa0008000
[75878.917785] PUF Read:0xaaaaaaaa at 0xa0008004
[75878.917785] PUF Read:0xaaaaaaaa at 0xa0008008
[75878.917785] PUF Read:0xaaaaaaaa at 0xa000800c
[75878.917785] PUF Read:0xaaaaaaaa at 0xa0008010
[75878.917877] PUF Read:0xaaaaabaa at 0xa0008014
[75878.917877] PUF Read:0xaaaaaaaa at 0xa0008018
[75878.917877] PUF Read:0xaaaaaaaa at 0xa000801c
[75878.917968] PUF Read:0xaaaaaaaa at 0xa0008020
[75878.917968] PUF Read:0xaaaaaaaa at 0xa0008024
[75878.917968] PUF Read:0xaaaaaaaa at 0xa0008028
[75878.917968] PUF Read:0xaaaaaaaa at 0xa000802c
[75878.918060] PUF Read:0xaaaaaaaa at 0xa0008030
[75878.918060] PUF Read:0xaaaaaaaa at 0xa0008034
[75878.918121] PUF Read:0xaaaaaaaa at 0xa0008038
[75878.918151] PUF Read:0xaaaaaaaa at 0xa000803c
[75878.918151] PUF Read:0xaaaaaaab at 0xa0008040
[75878.918151] PUF Read:0xaaaaeaaa at 0xa0008044
[75878.918151] PUF Read:0xaaaaaaaa at 0xa0008048
[75878.918151] PUF Read:0xaaaaaaaa at 0xa000804c
[75878.918151] PUF Read:0xaaaaaaaa at 0xa0008050
[75878.918304] PUF Read:0xaaaaaaaa at 0xa0008054
[75878.918334] PUF Read:0xaaaaaa8a at 0xa0008058
[75878.918334] PUF Read:0xaaaaaaaa at 0xa000805c
[75878.918334] PUF Read:0xaaaaaaaa at 0xa0008060
[75878.918395] PUF Read:0xaaaa2aaa at 0xa0008064
[75878.918395] PUF Read:0xaaaaaaaa at 0xa0008068
[75878.918457] PUF Read:0xaaaaaaaa at 0xa000806c
[75878.918487] PUF Read:0xaaaaaaaa at 0xa0008070
[75878.918487] PUF Read:0xaaaaaaaa at 0xa0008074
[75878.918548] PUF Read:0xaaaaaaaa at 0xa0008078
[75878.918548] PUF Read:0xaaaaaaaa at 0xa000807c
[75878.918548] PUF Read:0xaaaaaaaa at 0xa0008080
[75878.918548] PUF Read:0xaaaaaaaa at 0xa0008084
[75878.918640] PUF Read:0xaaaaaaaa at 0xa0008088
[75878.918640] PUF Read:0xaaaaaaaa at 0xa000808c
[75878.918640] PUF Read:0xaaaa8aaa at 0xa0008090
[75878.918640] PUF Read:0xaaaaaaaa at 0xa0008094
[75878.918640] PUF Read:0xaaabaaaa at 0xa0008098
[75878.918640] PUF Read:0xaaaaaaaa at 0xa000809c
[75878.918792] PUF Read:0xaaaaaaaa at 0xa00080a0
[75878.918823] PUF Read:0xaaaaaaaa at 0xa00080a4
[75878.918823] PUF Read:0xaaaaaaaa at 0xa00080a8
[75878.918823] PUF Read:0xaaaaaaaa at 0xa00080ac
[75878.918884] PUF Read:0xaaaaaaaa at 0xa00080b0
[75878.918884] PUF Read:0xaa2aaaaa at 0xa00080b4
[75878.918884] PUF Read:0xaaaaeaaa at 0xa00080b8
[75878.918975] PUF Read:0x8aaaaaaa at 0xa00080bc
[75878.919006] PUF Read:0xaaaaaaaa at 0xa00080c0
[75878.919006] PUF Read:0xaaaaaaaa at 0xa00080c4
[75878.919006] PUF Read:0xaaa2aaaa at 0xa00080c8
[75878.919006] PUF Read:0xaaaaaaaa at 0xa00080cc
[75878.919097] PUF Read:0xaaaaaaaa at 0xa00080d0
[75878.919097] PUF Read:0xaaaaaaaa at 0xa00080d4
[75878.919158] PUF Read:0xaaaaaaaa at 0xa00080d8
[75878.919189] PUF Read:0xaaaaaaaa at 0xa00080dc
[75878.919189] PUF Read:0xabaaaaaa at 0xa00080e0
[75878.919189] PUF Read:0xaaaaaaaa at 0xa00080e4
[75878.919250] PUF Read:0xaaaaaaaa at 0xa00080e8
[75878.919250] PUF Read:0xaaaaaaab at 0xa00080ec
[75878.919311] PUF Read:0x8aaaaaaa at 0xa00080f0
[75878.919342] PUF Read:0xaaaaaaaa at 0xa00080f4
[75878.919342] PUF Read:0xaaaaaaaa at 0xa00080f8
[75878.919342] PUF Read:0xaaaaaaaa at 0xa00080fc
[75878.919342] PUF Read:0xaaaaaaaa at 0xa0008100
[75878.919342] PUF Read:0xaaaaaaaa at 0xa0008104
[75878.919342] PUF Read:0xaaaaaaaa at 0xa0008108
[75878.919494] PUF Read:0xaaaaaaaa at 0xa000810c
[75878.919494] PUF Read:0xaaaaaaaa at 0xa0008110
[75878.919494] PUF Read:0xaaaaaaaa at 0xa0008114
[75878.919494] PUF Read:0xaaaaaaaa at 0xa0008118
[75878.919494] PUF Read:0xaaaaaaaa at 0xa000811c
[75878.919494] PUF Read:0xaaaaaaaa at 0xa0008120
[75878.919647] PUF Read:0xaaaaaaaa at 0xa0008124
[75878.919677] PUF Read:0xaaaaaaaa at 0xa0008128
[75878.919677] PUF Read:0xaaaaaaaa at 0xa000812c
[75878.919677] PUF Read:0xaaaaaaaa at 0xa0008130
[75878.919738] PUF Read:0xaaaaaaaa at 0xa0008134
[75878.919738] PUF Read:0xaa8aaaaa at 0xa0008138
[75878.919799] PUF Read:0xaaaaaaaa at 0xa000813c
[75878.919830] PUF Read:0xaaaaaaaa at 0xa0008140
[75878.919830] PUF Read:0xaaaaaaaa at 0xa0008144
[75878.919830] PUF Read:0xaabaaeaa at 0xa0008148
[75878.919891] PUF Read:0xaaaaaaaa at 0xa000814c
[75878.919891] PUF Read:0xaaaaaaaa at 0xa0008150
[75878.919952] PUF Read:0xaaaaaaaa at 0xa0008154
[75878.919982] PUF Read:0xaaaaaaaa at 0xa0008158
[75878.919982] PUF Read:0xaaaaaaea at 0xa000815c
[75878.919982] PUF Read:0xaaaaaaaa at 0xa0008160
[75878.919982] PUF Read:0xaaaaaaaa at 0xa0008164
[75878.919982] PUF Read:0xaaaaaaaa at 0xa0008168
[75878.919982] PUF Read:0xaaaaaaaa at 0xa000816c
[75878.920135] PUF Read:0xaaaaaaaa at 0xa0008170
[75878.920166] PUF Read:0xaaaaaaaa at 0xa0008174
[75878.920166] PUF Read:0xaaaaaaaa at 0xa0008178
[75878.920166] PUF Read:0xaaaaaaaa at 0xa000817c
[75878.920227] PUF Read:0xaaaa2a2a at 0xa0008180
[75878.920227] PUF Read:0xaaaaaaaa at 0xa0008184
[75878.920288] PUF Read:0xaaaaaaaa at 0xa0008188
[75878.920318] PUF Read:0xaaaaaaaa at 0xa000818c
[75878.920318] PUF Read:0xaaaaaaaa at 0xa0008190
[75878.920318] PUF Read:0xaaaaaaaa at 0xa0008194
[75878.920379] PUF Read:0xaaaaaaaa at 0xa0008198
[75878.920379] PUF Read:0xaaaaaaaa at 0xa000819c
[75878.920440] PUF Read:0xaaaaaaaa at 0xa00081a0
[75878.920471] PUF Read:0xaaaaaaaa at 0xa00081a4
[75878.920471] PUF Read:0xaaaaaaaa at 0xa00081a8
[75878.920471] PUF Read:0xaaaaaaaa at 0xa00081ac
[75878.920471] PUF Read:0xaaeaaaaa at 0xa00081b0
[75878.920471] PUF Read:0xaaaaaaaa at 0xa00081b4
[75878.920471] PUF Read:0xaaaaaaaa at 0xa00081b8
[75878.920471] PUF Read:0xaaaaaaaa at 0xa00081bc
[75878.920654] PUF Read:0xaaa8aaaa at 0xa00081c0
[75878.920654] PUF Read:0xaaaaaaae at 0xa00081c4
[75878.920654] PUF Read:0xaaaaaaaa at 0xa00081c8
[75878.920654] PUF Read:0xaaaaaaaa at 0xa00081cc
[75878.920745] PUF Read:0xbaaaaaaa at 0xa00081d0
[75878.920745] PUF Read:0xaaaaaaaa at 0xa00081d4
[75878.920806] PUF Read:0xaaaaaaaa at 0xa00081d8
[75878.920837] PUF Read:0xaaaaaaaa at 0xa00081dc
[75878.920837] PUF Read:0xaaaaaaaa at 0xa00081e0
[75878.920837] PUF Read:0xaaaaaaea at 0xa00081e4
[75878.920898] PUF Read:0xaaaaaaaa at 0xa00081e8
[75878.920898] PUF Read:0xaa2aaaaa at 0xa00081ec
[75878.920959] PUF Read:0xaaaaaaaa at 0xa00081f0
[75878.920989] PUF Read:0xaaaaaeaa at 0xa00081f4
[75878.920989] PUF Read:0xaaaaaaa2 at 0xa00081f8
[75878.921051] PUF Read:0xaaaaaaaa at 0xa00081fc
[75878.921051] PUF Read:0xaaaaaaaa at 0xa0008200
[75878.921051] PUF Read:0xaaaaaaaa at 0xa0008204
[75878.921112] PUF Read:0xaaaaaaaa at 0xa0008208
[75878.921142] PUF Read:0xa8aaaaaa at 0xa000820c
[75878.921142] PUF Read:0xaaaaaaaa at 0xa0008210
[75878.921142] PUF Read:0xaaaaaaaa at 0xa0008214
[75878.921142] PUF Read:0xaaaaaaaa at 0xa0008218
[75878.921234] PUF Read:0xaaaaaaaa at 0xa000821c
[75878.921234] PUF Read:0xaaaaaaaa at 0xa0008220
[75878.921295] PUF Read:0xaaaaaaaa at 0xa0008224
[75878.921325] PUF Read:0xaaaaaaaa at 0xa0008228
[75878.921325] PUF Read:0xaaaaaaaa at 0xa000822c
[75878.921325] PUF Read:0xaaaaaaaa at 0xa0008230
[75878.921386] PUF Read:0xa8aaaaaa at 0xa0008234
[75878.921386] PUF Read:0xaaaaaaaa at 0xa0008238
[75878.921447] PUF Read:0xaaaaaaaa at 0xa000823c
[75878.921478] PUF Read:0xaaaaaaaa at 0xa0008240
[75878.921478] PUF Read:0xaaaaaaaa at 0xa0008244
[75878.921478] PUF Read:0xaaaaaaaa at 0xa0008248
[75878.921478] PUF Read:0xaaaaaaaa at 0xa000824c
[75878.921478] PUF Read:0xaaaaaaaa at 0xa0008250
[75878.921478] PUF Read:0xaaaaaaaa at 0xa0008254
[75878.921630] PUF Read:0xaaaaaaaa at 0xa0008258
[75878.921630] PUF Read:0xaaaaaaaa at 0xa000825c
[75878.921630] PUF Read:0xaaaaaaaa at 0xa0008260
[75878.921630] PUF Read:0xaaaaaaaa at 0xa0008264
[75878.921722] PUF Read:0xaaaaaaaa at 0xa0008268
[75878.921722] PUF Read:0xaaaaaaaa at 0xa000826c
[75878.921783] PUF Read:0xaaaaaaaa at 0xa0008270
[75878.921813] PUF Read:0xaaaaaaaa at 0xa0008274
[75878.921813] PUF Read:0xaaaaaaaa at 0xa0008278
[75878.921813] PUF Read:0xaaaaaaaa at 0xa000827c
[75878.921875] PUF Read:0xaaaaaaaa at 0xa0008280
[75878.921875] PUF Read:0xaaaaaaaa at 0xa0008284
[75878.921936] PUF Read:0xaaaaaaaa at 0xa0008288
[75878.921966] PUF Read:0xaaaaaaaa at 0xa000828c
[75878.921966] PUF Read:0xaaaaaaaa at 0xa0008290
[75878.922027] PUF Read:0xaaaaaaaa at 0xa0008294
[75878.922027] PUF Read:0xaaaaaaaa at 0xa0008298
[75878.922058] PUF Read:0xaaaaaaaa at 0xa000829c
[75878.922058] PUF Read:0xaaaaaaaa at 0xa00082a0
[75878.922058] PUF Read:0xaaaaaaaa at 0xa00082a4
[75878.922149] PUF Read:0xaaaaaaaa at 0xa00082a8
[75878.922149] PUF Read:0xaaaaaaaa at 0xa00082ac
[75878.922149] PUF Read:0xaaaaaaaa at 0xa00082b0
[75878.922149] PUF Read:0xaaaaaaaa at 0xa00082b4
[75878.922149] PUF Read:0xaaaaaaea at 0xa00082b8
[75878.922149] PUF Read:0xaaaaaaaa at 0xa00082bc
[75878.922302] PUF Read:0xaaaaaaaa at 0xa00082c0
[75878.922332] PUF Read:0xaaaaaaaa at 0xa00082c4
[75878.922332] PUF Read:0xbaaaaaaa at 0xa00082c8
[75878.922332] PUF Read:0xaaaaaaaa at 0xa00082cc
[75878.922393] PUF Read:0xaaaaaaaa at 0xa00082d0
[75878.922393] PUF Read:0xaaaaaaaa at 0xa00082d4
[75878.922454] PUF Read:0xaaaaaaaa at 0xa00082d8
[75878.922485] PUF Read:0xaaaaaaaa at 0xa00082dc
[75878.922485] PUF Read:0xaaaaaaaa at 0xa00082e0
[75878.922485] PUF Read:0xaaaaaeaa at 0xa00082e4
[75878.922546] PUF Read:0xaaaaaaaa at 0xa00082e8
[75878.922546] PUF Read:0xaaaaaaaa at 0xa00082ec
[75878.922607] PUF Read:0xaaaaaaaa at 0xa00082f0
[75878.922637] PUF Read:0xaaaaaaaa at 0xa00082f4
[75878.922637] PUF Read:0xaaaaaaaa at 0xa00082f8
[75878.922637] PUF Read:0xaaaaaaaa at 0xa00082fc
[75878.922698] PUF Read:0xaaaaaaaa at 0xa0008300
[75878.922698] PUF Read:0xaaaaaaaa at 0xa0008304
[75878.922760] PUF Read:0xaaaaaaaa at 0xa0008308
[75878.922790] PUF Read:0xaaaaaaaa at 0xa000830c
[75878.922790] PUF Read:0xaaaaaaaa at 0xa0008310
[75878.922790] PUF Read:0xaaaaaaaa at 0xa0008314
[75878.922790] PUF Read:0xaaaaaaaa at 0xa0008318
[75878.922790] PUF Read:0xbaaaaaaa at 0xa000831c
[75878.922790] PUF Read:0xaaaaaaaa at 0xa0008320
[75878.922943] PUF Read:0xaaaaaaaa at 0xa0008324
[75878.922943] PUF Read:0xaaaaaaaa at 0xa0008328
[75878.922943] PUF Read:0xaaaaaaaa at 0xa000832c
[75878.922943] PUF Read:0xaaaaaaae at 0xa0008330
[75878.922943] PUF Read:0xaaaaaaaa at 0xa0008334
[75878.922943] PUF Read:0xaaaaaaaa at 0xa0008338
[75878.923095] PUF Read:0xaaaaaaaa at 0xa000833c
[75878.923126] PUF Read:0xaaaaaaaa at 0xa0008340
[75878.923126] PUF Read:0xaaaaaaaa at 0xa0008344
[75878.923126] PUF Read:0xaaaaaaaa at 0xa0008348
[75878.923187] PUF Read:0xaaaaaaaa at 0xa000834c
[75878.923187] PUF Read:0xaaaaaa8a at 0xa0008350
[75878.923248] PUF Read:0xaaaaaaaa at 0xa0008354
[75878.923278] PUF Read:0xaaaaaaaa at 0xa0008358
[75878.923278] PUF Read:0xaaaaaaaa at 0xa000835c
[75878.923278] PUF Read:0xaaabaaaa at 0xa0008360
[75878.923339] PUF Read:0xaaaaaaaa at 0xa0008364
[75878.923339] PUF Read:0xaaaaaaaa at 0xa0008368
[75878.923339] PUF Read:0xaaaaaaaa at 0xa000836c
[75878.923431] PUF Read:0xaaaaaaaa at 0xa0008370
[75878.923431] PUF Read:0xaaaaaaaa at 0xa0008374
[75878.923431] PUF Read:0xaaaaaaaa at 0xa0008378
[75878.923431] PUF Read:0xaaaaaaaa at 0xa000837c
[75878.923431] PUF Read:0xaaaaaaaa at 0xa0008380
[75878.923431] PUF Read:0xaaaaaaaa at 0xa0008384
[75878.923431] PUF Read:0xaaaaaaaa at 0xa0008388
[75878.923614] PUF Read:0xaaaaaaaa at 0xa000838c
[75878.923614] PUF Read:0xaaaaaaaa at 0xa0008390
[75878.923614] PUF Read:0xaaaaaaaa at 0xa0008394
[75878.923614] PUF Read:0xaaaaaaaa at 0xa0008398
[75878.923614] PUF Read:0xaaa2aaaa at 0xa000839c
[75878.923614] PUF Read:0xaaaaaaaa at 0xa00083a0
[75878.923767] PUF Read:0xaaaaaaaa at 0xa00083a4
[75878.923797] PUF Read:0xaaaaaaaa at 0xa00083a8
[75878.923797] PUF Read:0xaaaaaaaa at 0xa00083ac
[75878.923797] PUF Read:0xaaaaaaaa at 0xa00083b0
[75878.923858] PUF Read:0xaaaaaaaa at 0xa00083b4
[75878.923858] PUF Read:0xaaaaaaaa at 0xa00083b8
[75878.923919] PUF Read:0xaaaaaaaa at 0xa00083bc
[75878.923950] PUF Read:0xaaaaaaaa at 0xa00083c0
[75878.923950] PUF Read:0xaaaaaaaa at 0xa00083c4
[75878.923950] PUF Read:0xaaaaaaaa at 0xa00083c8
[75878.924011] PUF Read:0xaaaaaaaa at 0xa00083cc
[75878.924011] PUF Read:0xaaaaaaaa at 0xa00083d0
[75878.924072] PUF Read:0xaaabaaaa at 0xa00083d4
[75878.924102] PUF Read:0xaaaaaaaa at 0xa00083d8
[75878.924102] PUF Read:0xaaaaaaaa at 0xa00083dc
[75878.924102] PUF Read:0xaaaaaaaa at 0xa00083e0
[75878.924163] PUF Read:0xaaaaa8aa at 0xa00083e4
[75878.924163] PUF Read:0xaaaaaaaa at 0xa00083e8
[75878.924224] PUF Read:0xaaaaaaaa at 0xa00083ec
[75878.924255] PUF Read:0xaaaaaaaa at 0xa00083f0
[75878.924255] PUF Read:0xaaaaaaaa at 0xa00083f4
[75878.924255] PUF Read:0xaaaaaaae at 0xa00083f8
[75878.924255] PUF Read:0xaaaeaaaa at 0xa00083fc
[75878.924346] [i] Finished PUF read-out
[75878.924346] <6>[i] Finished PUF query for decaytime: 7680
[75878.924377] [i] Start decaytime: 120
[75878.924377] EMIF 2 REG Write 0x80000000 at 0x4d000010
[75878.924377] EMIF 2 REG Read 0x80000000 at 0x4d000010
[75878.924407] EMIF 2 REG Write 0x80000000 at 0x4d000014
[75878.924407] EMIF 2 REG Read 0x00000000 at 0x4d000014
[75878.924438] EMIF 2 REG Write 0x08016893 at 0x4d0000cc
[75878.924438] EMIF 2 REG Read 0x08016893 at 0x4d0000cc
[75878.924468] Temp polling alert disabled
[75878.924468] Refresh Disabled at EMIF2
[75878.924468] [i] Initialiting PUF & hammer rows
[75878.924499] [i] Single-Sided Rowhammer (SSRH)
[75878.932159] [i] Finished initialiting PUF & hammer rows
[75878.932159] [i]	Timer elapsed since its reset 0 sec
[75878.932281] [i] Decay: 120 sec
[75878.932281] [i]	Relative Decay: 0 msec
