[34705.440002] [i] Total hammer attempts per row: 3728481
[34705.440032] EMIF 2 REG Write 0x00000618 at 0x4d000010
[34705.440032] EMIF 2 REG Read 0x00000618 at 0x4d000010
[34705.440063] EMIF 2 REG Write 0x00000618 at 0x4d000014
[34705.440063] EMIF 2 REG Read 0x00000618 at 0x4d000014
[34705.440093] EMIF 2 REG Write 0x58016893 at 0x4d0000cc
[34705.440093] EMIF 2 REG Read 0x58016893 at 0x4d0000cc
[34705.440093] Temp polling alert enabled
[34705.440124] Refresh enabled at EMIF2
[34705.440124] [i] Starting PUF read-out
[34705.440124] [i] Single-Sided Rowhammer (SSRH)
[34705.440155] PUF Read:0x00000010 at 0xa0008000
[34705.440185] PUF Read:0x00000400 at 0xa0008004
[34705.440216] PUF Read:0x00000000 at 0xa0008008
[34705.440216] PUF Read:0x00000000 at 0xa000800c
[34705.440216] PUF Read:0x00000000 at 0xa0008010
[34705.440216] PUF Read:0x00000100 at 0xa0008014
[34705.440307] PUF Read:0x00000000 at 0xa0008018
[34705.440307] PUF Read:0x10400100 at 0xa000801c
[34705.440368] PUF Read:0x40000000 at 0xa0008020
[34705.440399] PUF Read:0x40004000 at 0xa0008024
[34705.440399] PUF Read:0x00004000 at 0xa0008028
[34705.440460] PUF Read:0x00000010 at 0xa000802c
[34705.440460] PUF Read:0x40000000 at 0xa0008030
[34705.440460] PUF Read:0x04000000 at 0xa0008034
[34705.440460] PUF Read:0x00004000 at 0xa0008038
[34705.440551] PUF Read:0x00000000 at 0xa000803c
[34705.440551] PUF Read:0x00000001 at 0xa0008040
[34705.440551] PUF Read:0x00004000 at 0xa0008044
[34705.440551] PUF Read:0x00000000 at 0xa0008048
[34705.440551] PUF Read:0x00000001 at 0xa000804c
[34705.440551] PUF Read:0x00000000 at 0xa0008050
[34705.440704] PUF Read:0x00000000 at 0xa0008054
[34705.440704] PUF Read:0x00000000 at 0xa0008058
[34705.440704] PUF Read:0x00000000 at 0xa000805c
[34705.440704] PUF Read:0x00000000 at 0xa0008060
[34705.440795] PUF Read:0x00100000 at 0xa0008064
[34705.440795] PUF Read:0x00000000 at 0xa0008068
[34705.440856] PUF Read:0x00000000 at 0xa000806c
[34705.440887] PUF Read:0x00000010 at 0xa0008070
[34705.440887] PUF Read:0x00000000 at 0xa0008074
[34705.440887] PUF Read:0x00000000 at 0xa0008078
[34705.440948] PUF Read:0x00010000 at 0xa000807c
[34705.440948] PUF Read:0x00010000 at 0xa0008080
[34705.441009] PUF Read:0x00000000 at 0xa0008084
[34705.441040] PUF Read:0x00000000 at 0xa0008088
[34705.441040] PUF Read:0x00000000 at 0xa000808c
[34705.441040] PUF Read:0x00000000 at 0xa0008090
[34705.441101] PUF Read:0x10000000 at 0xa0008094
[34705.441101] PUF Read:0x00410001 at 0xa0008098
[34705.441162] PUF Read:0x00000000 at 0xa000809c
[34705.441192] PUF Read:0x00000000 at 0xa00080a0
[34705.441192] PUF Read:0x00010000 at 0xa00080a4
[34705.441192] PUF Read:0x00010001 at 0xa00080a8
[34705.441253] PUF Read:0x00000041 at 0xa00080ac
[34705.441253] PUF Read:0x00000000 at 0xa00080b0
[34705.441253] PUF Read:0x00000000 at 0xa00080b4
[34705.441345] PUF Read:0x00004000 at 0xa00080b8
[34705.441375] PUF Read:0x00000000 at 0xa00080bc
[34705.441375] PUF Read:0x00000400 at 0xa00080c0
[34705.441375] PUF Read:0x00000000 at 0xa00080c4
[34705.441436] PUF Read:0x10100000 at 0xa00080c8
[34705.441436] PUF Read:0x01000000 at 0xa00080cc
[34705.441497] PUF Read:0x40044000 at 0xa00080d0
[34705.441528] PUF Read:0x00000000 at 0xa00080d4
[34705.441528] PUF Read:0x00001000 at 0xa00080d8
[34705.441589] PUF Read:0x00000000 at 0xa00080dc
[34705.441589] PUF Read:0x01000000 at 0xa00080e0
[34705.441589] PUF Read:0x00000000 at 0xa00080e4
[34705.441589] PUF Read:0x00000000 at 0xa00080e8
[34705.441680] PUF Read:0x00000001 at 0xa00080ec
[34705.441680] PUF Read:0x00000000 at 0xa00080f0
[34705.441680] PUF Read:0x00000000 at 0xa00080f4
[34705.441680] PUF Read:0x00000100 at 0xa00080f8
[34705.441680] PUF Read:0x00000000 at 0xa00080fc
[34705.441680] PUF Read:0x00000000 at 0xa0008100
[34705.441833] PUF Read:0x00000000 at 0xa0008104
[34705.441833] PUF Read:0x00000000 at 0xa0008108
[34705.441833] PUF Read:0x00000000 at 0xa000810c
[34705.441833] PUF Read:0x00000000 at 0xa0008110
[34705.441925] PUF Read:0x00400000 at 0xa0008114
[34705.441925] PUF Read:0x00000000 at 0xa0008118
[34705.441986] PUF Read:0x00000000 at 0xa000811c
[34705.441986] PUF Read:0x01000000 at 0xa0008120
[34705.441986] PUF Read:0x00000400 at 0xa0008124
[34705.441986] PUF Read:0x00000040 at 0xa0008128
[34705.442077] PUF Read:0x00000000 at 0xa000812c
[34705.442077] PUF Read:0x00000000 at 0xa0008130
[34705.442138] PUF Read:0x00000000 at 0xa0008134
[34705.442169] PUF Read:0x00010000 at 0xa0008138
[34705.442169] PUF Read:0x00000000 at 0xa000813c
[34705.442169] PUF Read:0x40000400 at 0xa0008140
[34705.442230] PUF Read:0x00000000 at 0xa0008144
[34705.442230] PUF Read:0x00100400 at 0xa0008148
[34705.442291] PUF Read:0x00000000 at 0xa000814c
[34705.442321] PUF Read:0x00000000 at 0xa0008150
[34705.442321] PUF Read:0x00000000 at 0xa0008154
[34705.442321] PUF Read:0x00000000 at 0xa0008158
[34705.442382] PUF Read:0x00100040 at 0xa000815c
[34705.442382] PUF Read:0x00001000 at 0xa0008160
[34705.442443] PUF Read:0x00000000 at 0xa0008164
[34705.442474] PUF Read:0x04000000 at 0xa0008168
[34705.442474] PUF Read:0x00400000 at 0xa000816c
[34705.442535] PUF Read:0x00000000 at 0xa0008170
[34705.442535] PUF Read:0x00100000 at 0xa0008174
[34705.442535] PUF Read:0x00000000 at 0xa0008178
[34705.442596] PUF Read:0x00004000 at 0xa000817c
[34705.442626] PUF Read:0x00000000 at 0xa0008180
[34705.442626] PUF Read:0x00000000 at 0xa0008184
[34705.442626] PUF Read:0x00040000 at 0xa0008188
[34705.442626] PUF Read:0x00000440 at 0xa000818c
[34705.442626] PUF Read:0x00000000 at 0xa0008190
[34705.442626] PUF Read:0x40000000 at 0xa0008194
[34705.442779] PUF Read:0x00000004 at 0xa0008198
[34705.442779] PUF Read:0x00000000 at 0xa000819c
[34705.442779] PUF Read:0x00000000 at 0xa00081a0
[34705.442779] PUF Read:0x00000000 at 0xa00081a4
[34705.442871] PUF Read:0x00000000 at 0xa00081a8
[34705.442871] PUF Read:0x00000000 at 0xa00081ac
[34705.442932] PUF Read:0x00410000 at 0xa00081b0
[34705.442962] PUF Read:0x00000000 at 0xa00081b4
[34705.442962] PUF Read:0x00000000 at 0xa00081b8
[34705.442962] PUF Read:0x00100000 at 0xa00081bc
[34705.443023] PUF Read:0x00000000 at 0xa00081c0
[34705.443023] PUF Read:0x00000004 at 0xa00081c4
[34705.443084] PUF Read:0x00000000 at 0xa00081c8
[34705.443115] PUF Read:0x00010000 at 0xa00081cc
[34705.443115] PUF Read:0x10000000 at 0xa00081d0
[34705.443115] PUF Read:0x00000000 at 0xa00081d4
[34705.443176] PUF Read:0x10000000 at 0xa00081d8
[34705.443176] PUF Read:0x00004000 at 0xa00081dc
[34705.443237] PUF Read:0x00000000 at 0xa00081e0
[34705.443267] PUF Read:0x00000040 at 0xa00081e4
[34705.443267] PUF Read:0x00000000 at 0xa00081e8
[34705.443267] PUF Read:0x00000010 at 0xa00081ec
[34705.443328] PUF Read:0x00000001 at 0xa00081f0
[34705.443328] PUF Read:0x00000400 at 0xa00081f4
[34705.443389] PUF Read:0x00000000 at 0xa00081f8
[34705.443420] PUF Read:0x00000040 at 0xa00081fc
[34705.443420] PUF Read:0x00000000 at 0xa0008200
[34705.443420] PUF Read:0x00000000 at 0xa0008204
[34705.443481] PUF Read:0x00000010 at 0xa0008208
[34705.443481] PUF Read:0x00000000 at 0xa000820c
[34705.443542] PUF Read:0x00400000 at 0xa0008210
[34705.443572] PUF Read:0x00000000 at 0xa0008214
[34705.443572] PUF Read:0x00000400 at 0xa0008218
[34705.443572] PUF Read:0x00000000 at 0xa000821c
[34705.443572] PUF Read:0x00000000 at 0xa0008220
[34705.443572] PUF Read:0x00100000 at 0xa0008224
[34705.443572] PUF Read:0x00000000 at 0xa0008228
[34705.443725] PUF Read:0x00000000 at 0xa000822c
[34705.443725] PUF Read:0x00000500 at 0xa0008230
[34705.443725] PUF Read:0x00400000 at 0xa0008234
[34705.443725] PUF Read:0x00000000 at 0xa0008238
[34705.443725] PUF Read:0x00000400 at 0xa000823c
[34705.443725] PUF Read:0x00000004 at 0xa0008240
[34705.443878] PUF Read:0x00000000 at 0xa0008244
[34705.443878] PUF Read:0x00040000 at 0xa0008248
[34705.443878] PUF Read:0x00000000 at 0xa000824c
[34705.443878] PUF Read:0x04000000 at 0xa0008250
[34705.443878] PUF Read:0x00100000 at 0xa0008254
[34705.443878] PUF Read:0x00000000 at 0xa0008258
[34705.444030] PUF Read:0x04040000 at 0xa000825c
[34705.444061] PUF Read:0x00000000 at 0xa0008260
[34705.444061] PUF Read:0x00001000 at 0xa0008264
[34705.444061] PUF Read:0x00000400 at 0xa0008268
[34705.444122] PUF Read:0x00001000 at 0xa000826c
[34705.444122] PUF Read:0x00000000 at 0xa0008270
[34705.444183] PUF Read:0x00000000 at 0xa0008274
[34705.444213] PUF Read:0x00000040 at 0xa0008278
[34705.444213] PUF Read:0x00100000 at 0xa000827c
[34705.444213] PUF Read:0x40000000 at 0xa0008280
[34705.444274] PUF Read:0x00000000 at 0xa0008284
[34705.444274] PUF Read:0x00400000 at 0xa0008288
[34705.444335] PUF Read:0x00000000 at 0xa000828c
[34705.444366] PUF Read:0x00000000 at 0xa0008290
[34705.444366] PUF Read:0x00000000 at 0xa0008294
[34705.444427] PUF Read:0x00000000 at 0xa0008298
[34705.444427] PUF Read:0x00000000 at 0xa000829c
[34705.444427] PUF Read:0x00000400 at 0xa00082a0
[34705.444427] PUF Read:0x00001000 at 0xa00082a4
[34705.444519] PUF Read:0x00000000 at 0xa00082a8
[34705.444519] PUF Read:0x00000000 at 0xa00082ac
[34705.444580] PUF Read:0x00000000 at 0xa00082b0
[34705.444580] PUF Read:0x00000000 at 0xa00082b4
[34705.444580] PUF Read:0x00000040 at 0xa00082b8
[34705.444641] PUF Read:0x00000000 at 0xa00082bc
[34705.444671] PUF Read:0x00000000 at 0xa00082c0
[34705.444671] PUF Read:0x00000000 at 0xa00082c4
[34705.444671] PUF Read:0x10000000 at 0xa00082c8
[34705.444732] PUF Read:0x00000000 at 0xa00082cc
[34705.444732] PUF Read:0x00100000 at 0xa00082d0
[34705.444793] PUF Read:0x00000000 at 0xa00082d4
[34705.444824] PUF Read:0x40000000 at 0xa00082d8
[34705.444824] PUF Read:0x00004000 at 0xa00082dc
[34705.444885] PUF Read:0x00000000 at 0xa00082e0
[34705.444885] PUF Read:0x00000400 at 0xa00082e4
[34705.444885] PUF Read:0x00000100 at 0xa00082e8
[34705.444946] PUF Read:0x00000001 at 0xa00082ec
[34705.444976] PUF Read:0x00000001 at 0xa00082f0
[34705.444976] PUF Read:0x00000000 at 0xa00082f4
[34705.445037] PUF Read:0x00000000 at 0xa00082f8
[34705.445037] PUF Read:0x00000000 at 0xa00082fc
[34705.445037] PUF Read:0x00000100 at 0xa0008300
[34705.445098] PUF Read:0x00000000 at 0xa0008304
[34705.445129] PUF Read:0x00000000 at 0xa0008308
[34705.445129] PUF Read:0x00000000 at 0xa000830c
[34705.445129] PUF Read:0x00000000 at 0xa0008310
[34705.445129] PUF Read:0x00000010 at 0xa0008314
[34705.445129] PUF Read:0x01500000 at 0xa0008318
[34705.445129] PUF Read:0x10000000 at 0xa000831c
[34705.445281] PUF Read:0x00000000 at 0xa0008320
[34705.445281] PUF Read:0x00000100 at 0xa0008324
[34705.445281] PUF Read:0x00000000 at 0xa0008328
[34705.445281] PUF Read:0x00010000 at 0xa000832c
[34705.445281] PUF Read:0x00000004 at 0xa0008330
[34705.445281] PUF Read:0x00000100 at 0xa0008334
[34705.445434] PUF Read:0x00001000 at 0xa0008338
[34705.445434] PUF Read:0x00000000 at 0xa000833c
[34705.445434] PUF Read:0x10000100 at 0xa0008340
[34705.445434] PUF Read:0x00000001 at 0xa0008344
[34705.445434] PUF Read:0x00000000 at 0xa0008348
[34705.445434] PUF Read:0x00000100 at 0xa000834c
[34705.445587] PUF Read:0x00000000 at 0xa0008350
[34705.445587] PUF Read:0x00000000 at 0xa0008354
[34705.445587] PUF Read:0x00000000 at 0xa0008358
[34705.445587] PUF Read:0x00000000 at 0xa000835c
[34705.445587] PUF Read:0x00014000 at 0xa0008360
[34705.445587] PUF Read:0x00000000 at 0xa0008364
[34705.445739] PUF Read:0x00000000 at 0xa0008368
[34705.445739] PUF Read:0x00000400 at 0xa000836c
[34705.445739] PUF Read:0x00000000 at 0xa0008370
[34705.445739] PUF Read:0x00000000 at 0xa0008374
[34705.445739] PUF Read:0x40000000 at 0xa0008378
[34705.445739] PUF Read:0x00000040 at 0xa000837c
[34705.445892] PUF Read:0x00000000 at 0xa0008380
[34705.445922] PUF Read:0x00000000 at 0xa0008384
[34705.445922] PUF Read:0x00000000 at 0xa0008388
[34705.445922] PUF Read:0x00000000 at 0xa000838c
[34705.445983] PUF Read:0x00000001 at 0xa0008390
[34705.445983] PUF Read:0x00000100 at 0xa0008394
[34705.446044] PUF Read:0x10000000 at 0xa0008398
[34705.446075] PUF Read:0x00000000 at 0xa000839c
[34705.446075] PUF Read:0x00000000 at 0xa00083a0
[34705.446136] PUF Read:0x00000000 at 0xa00083a4
[34705.446136] PUF Read:0x00000000 at 0xa00083a8
[34705.446136] PUF Read:0x00001000 at 0xa00083ac
[34705.446197] PUF Read:0x00000000 at 0xa00083b0
[34705.446228] PUF Read:0x00000000 at 0xa00083b4
[34705.446228] PUF Read:0x00000000 at 0xa00083b8
[34705.446289] PUF Read:0x00000000 at 0xa00083bc
[34705.446289] PUF Read:0x00000040 at 0xa00083c0
[34705.446289] PUF Read:0x04000000 at 0xa00083c4
[34705.446289] PUF Read:0x00000000 at 0xa00083c8
[34705.446380] PUF Read:0x00000000 at 0xa00083cc
[34705.446380] PUF Read:0x00000000 at 0xa00083d0
[34705.446380] PUF Read:0x00010000 at 0xa00083d4
[34705.446380] PUF Read:0x00000000 at 0xa00083d8
[34705.446380] PUF Read:0x00000000 at 0xa00083dc
[34705.446380] PUF Read:0x00140004 at 0xa00083e0
[34705.446533] PUF Read:0x10000000 at 0xa00083e4
[34705.446563] PUF Read:0x00000000 at 0xa00083e8
[34705.446563] PUF Read:0x00000000 at 0xa00083ec
[34705.446563] PUF Read:0x00000400 at 0xa00083f0
[34705.446624] PUF Read:0x04000000 at 0xa00083f4
[34705.446624] PUF Read:0x00000004 at 0xa00083f8
[34705.446685] PUF Read:0x00040000 at 0xa00083fc
[34705.446716] [i] Finished PUF read-out
[34705.446716] <6>[i] Finished PUF query for decaytime: 15360
[34705.446716] End measurement:11
[34705.446746] [i] Start measurement: 12
[34705.446746] [i] Start decaytime: 60
[34705.446746] EMIF 2 REG Write 0x80000000 at 0x4d000010
[34705.446777] EMIF 2 REG Read 0x80000000 at 0x4d000010
[34705.446777] EMIF 2 REG Write 0x80000000 at 0x4d000014
[34705.446807] EMIF 2 REG Read 0x00000000 at 0x4d000014
[34705.446807] EMIF 2 REG Write 0x08016893 at 0x4d0000cc
[34705.446838] EMIF 2 REG Read 0x08016893 at 0x4d0000cc
[34705.446838] Temp polling alert disabled
[34705.446838] Refresh Disabled at EMIF2
[34705.446838] [i] Initialiting PUF & hammer rows
[34705.446868] [i] Single-Sided Rowhammer (SSRH)
[34705.449554] [i] Finished initialiting PUF & hammer rows
[34705.453613] [i]	Timer elapsed since its reset 0 sec
[34705.453613] [i] Decay: 60 sec
[34705.453613] [i]	Relative Decay: 0 msec
