[46964.010925] [i] Total hammer attempts per row: 3727630
[46964.010955] EMIF 2 REG Write 0x00000618 at 0x4d000010
[46964.010955] EMIF 2 REG Read 0x00000618 at 0x4d000010
[46964.010986] EMIF 2 REG Write 0x00000618 at 0x4d000014
[46964.010986] EMIF 2 REG Read 0x00000618 at 0x4d000014
[46964.011016] EMIF 2 REG Write 0x58016893 at 0x4d0000cc
[46964.011016] EMIF 2 REG Read 0x58016893 at 0x4d0000cc
[46964.011016] Temp polling alert enabled
[46964.011047] Refresh enabled at EMIF2
[46964.011047] [i] Starting PUF read-out
[46964.011047] [i] Single-Sided Rowhammer (SSRH)
[46964.011077] PUF Read:0xaaaa2aaa at 0xa0008000
[46964.011077] PUF Read:0xaaaaaaaa at 0xa0008004
[46964.011077] PUF Read:0xaaaaaaaa at 0xa0008008
[46964.011077] PUF Read:0xa2aaaa2a at 0xa000800c
[46964.011077] PUF Read:0xaaaaaaaa at 0xa0008010
[46964.011077] PUF Read:0x8aaaabaa at 0xa0008014
[46964.011230] PUF Read:0xaaaa2aaa at 0xa0008018
[46964.011230] PUF Read:0xaaa0aaaa at 0xa000801c
[46964.011291] PUF Read:0xaaaaaaaa at 0xa0008020
[46964.011322] PUF Read:0xeaaaeaaa at 0xa0008024
[46964.011322] PUF Read:0xaaaaaaaa at 0xa0008028
[46964.011322] PUF Read:0xaaaaaaba at 0xa000802c
[46964.011383] PUF Read:0xaaaaaaa8 at 0xa0008030
[46964.011383] PUF Read:0xaaaaaaaa at 0xa0008034
[46964.011383] PUF Read:0xaaaaaaaa at 0xa0008038
[46964.011474] PUF Read:0xaaaaaaaa at 0xa000803c
[46964.011474] PUF Read:0xaaaaaaab at 0xa0008040
[46964.011474] PUF Read:0xaaaaeaaa at 0xa0008044
[46964.011474] PUF Read:0xaaaaaaaa at 0xa0008048
[46964.011566] PUF Read:0xaaaaaaa8 at 0xa000804c
[46964.011566] PUF Read:0xa2aaaaaa at 0xa0008050
[46964.011627] PUF Read:0xaaaaa8aa at 0xa0008054
[46964.011657] PUF Read:0xaaaaaa8a at 0xa0008058
[46964.011657] PUF Read:0xaaaaaaaa at 0xa000805c
[46964.011657] PUF Read:0xaaaaaaaa at 0xa0008060
[46964.011718] PUF Read:0xaaaa2aaa at 0xa0008064
[46964.011718] PUF Read:0xaaaaaaaa at 0xa0008068
[46964.011779] PUF Read:0xaaaaaaaa at 0xa000806c
[46964.011810] PUF Read:0xaaaaaaaa at 0xa0008070
[46964.011810] PUF Read:0xaaaaaaaa at 0xa0008074
[46964.011810] PUF Read:0xaaaaaaaa at 0xa0008078
[46964.011810] PUF Read:0xaaabaaaa at 0xa000807c
[46964.011901] PUF Read:0xaaabaaaa at 0xa0008080
[46964.011901] PUF Read:0xaaaaaaaa at 0xa0008084
[46964.011962] PUF Read:0xaaaaaaaa at 0xa0008088
[46964.011993] PUF Read:0xaaaaaaaa at 0xa000808c
[46964.011993] PUF Read:0xaaaa8aaa at 0xa0008090
[46964.011993] PUF Read:0xaaaaaaaa at 0xa0008094
[46964.012054] PUF Read:0x2aabaaab at 0xa0008098
[46964.012054] PUF Read:0xaaaaaaaa at 0xa000809c
[46964.012115] PUF Read:0x8aaaaa2a at 0xa00080a0
[46964.012145] PUF Read:0xaaabaaaa at 0xa00080a4
[46964.012145] PUF Read:0xaa8aaaab at 0xa00080a8
[46964.012145] PUF Read:0xaaaa8aea at 0xa00080ac
[46964.012145] PUF Read:0xaaaaaaaa at 0xa00080b0
[46964.012237] PUF Read:0x2a2aaaaa at 0xa00080b4
[46964.012237] PUF Read:0xaaaaeaaa at 0xa00080b8
[46964.012237] PUF Read:0x8aaaaaaa at 0xa00080bc
[46964.012329] PUF Read:0xaaaaaaaa at 0xa00080c0
[46964.012329] PUF Read:0xaaaaaaaa at 0xa00080c4
[46964.012329] PUF Read:0xaaa2aaaa at 0xa00080c8
[46964.012329] PUF Read:0xabaaaaaa at 0xa00080cc
[46964.012420] PUF Read:0xeaaeeaaa at 0xa00080d0
[46964.012420] PUF Read:0xaaaa2aa8 at 0xa00080d4
[46964.012481] PUF Read:0xaaaa3aaa at 0xa00080d8
[46964.012512] PUF Read:0xaaaaaaaa at 0xa00080dc
[46964.012512] PUF Read:0xabaaaaaa at 0xa00080e0
[46964.012512] PUF Read:0xaaaaaaaa at 0xa00080e4
[46964.012573] PUF Read:0xaaaaaaaa at 0xa00080e8
[46964.012573] PUF Read:0xaaaaaaab at 0xa00080ec
[46964.012634] PUF Read:0x8aaaaaaa at 0xa00080f0
[46964.012664] PUF Read:0xaaaaaaaa at 0xa00080f4
[46964.012664] PUF Read:0xaaaaabaa at 0xa00080f8
[46964.012664] PUF Read:0xaa8aaaaa at 0xa00080fc
[46964.012725] PUF Read:0xaaaaaaaa at 0xa0008100
[46964.012725] PUF Read:0xaaaaaaaa at 0xa0008104
[46964.012786] PUF Read:0xaaa2aaaa at 0xa0008108
[46964.012817] PUF Read:0xaaaaaaaa at 0xa000810c
[46964.012817] PUF Read:0xaaaaaaaa at 0xa0008110
[46964.012878] PUF Read:0xa8ea2aaa at 0xa0008114
[46964.012878] PUF Read:0xaaaaaaaa at 0xa0008118
[46964.012878] PUF Read:0xa8aaaaaa at 0xa000811c
[46964.012878] PUF Read:0xaaaaaaaa at 0xa0008120
[46964.012969] PUF Read:0xaaaaaeaa at 0xa0008124
[46964.012969] PUF Read:0xaaaaaaaa at 0xa0008128
[46964.012969] PUF Read:0xaaaaaaaa at 0xa000812c
[46964.012969] PUF Read:0xaaaaaaaa at 0xa0008130
[46964.012969] PUF Read:0xaaaaaa2a at 0xa0008134
[46964.012969] PUF Read:0xaa8baaaa at 0xa0008138
[46964.013122] PUF Read:0xaaaaaaaa at 0xa000813c
[46964.013122] PUF Read:0xaaaaaeaa at 0xa0008140
[46964.013122] PUF Read:0xaaaaaaaa at 0xa0008144
[46964.013122] PUF Read:0xaabaaeaa at 0xa0008148
[46964.013214] PUF Read:0xaaaaaaaa at 0xa000814c
[46964.013214] PUF Read:0xaaaaaaaa at 0xa0008150
[46964.013275] PUF Read:0xaaaaaaaa at 0xa0008154
[46964.013305] PUF Read:0xaaaaaaaa at 0xa0008158
[46964.013305] PUF Read:0xaaaaaaea at 0xa000815c
[46964.013305] PUF Read:0xaaaaaaaa at 0xa0008160
[46964.013366] PUF Read:0xaaaaaaaa at 0xa0008164
[46964.013366] PUF Read:0xaeaaaaaa at 0xa0008168
[46964.013427] PUF Read:0xaaeaaaaa at 0xa000816c
[46964.013458] PUF Read:0x2aaaaaaa at 0xa0008170
[46964.013458] PUF Read:0xaabaaaaa at 0xa0008174
[46964.013458] PUF Read:0xaaaaaaaa at 0xa0008178
[46964.013519] PUF Read:0xaaaaaaaa at 0xa000817c
[46964.013519] PUF Read:0xaaaa2a2a at 0xa0008180
[46964.013580] PUF Read:0xaaaaaaaa at 0xa0008184
[46964.013610] PUF Read:0xaa2aaaaa at 0xa0008188
[46964.013610] PUF Read:0xaaaaaaea at 0xa000818c
[46964.013610] PUF Read:0x2aaaaaaa at 0xa0008190
[46964.013671] PUF Read:0xeaaaaaaa at 0xa0008194
[46964.013671] PUF Read:0xaaaaaaaa at 0xa0008198
[46964.013671] PUF Read:0xaaaaaaaa at 0xa000819c
[46964.013763] PUF Read:0xaaaaaaaa at 0xa00081a0
[46964.013793] PUF Read:0xaaaaaaaa at 0xa00081a4
[46964.013793] PUF Read:0xaaa2aaaa at 0xa00081a8
[46964.013854] PUF Read:0xaaaaaaaa at 0xa00081ac
[46964.013854] PUF Read:0xaaebaaaa at 0xa00081b0
[46964.013854] PUF Read:0xaaaaaaaa at 0xa00081b4
[46964.013854] PUF Read:0xaaaaaaaa at 0xa00081b8
[46964.013946] PUF Read:0xa2baaaaa at 0xa00081bc
[46964.013946] PUF Read:0xaaa88aaa at 0xa00081c0
[46964.013946] PUF Read:0xaaaaaaae at 0xa00081c4
[46964.013946] PUF Read:0xaaaaaaaa at 0xa00081c8
[46964.013946] PUF Read:0xaa2baaaa at 0xa00081cc
[46964.013946] PUF Read:0xbaaaaaaa at 0xa00081d0
[46964.014099] PUF Read:0xaaaaaa2a at 0xa00081d4
[46964.014099] PUF Read:0xaaaaaaaa at 0xa00081d8
[46964.014099] PUF Read:0xaaaaaaaa at 0xa00081dc
[46964.014099] PUF Read:0xaaaaaaaa at 0xa00081e0
[46964.014099] PUF Read:0xaaaaaaea at 0xa00081e4
[46964.014099] PUF Read:0xaaaaaaaa at 0xa00081e8
[46964.014251] PUF Read:0xaa2aaaaa at 0xa00081ec
[46964.014282] PUF Read:0xaa8aaaab at 0xa00081f0
[46964.014282] PUF Read:0xaaaaaeaa at 0xa00081f4
[46964.014282] PUF Read:0xaaaaaaa2 at 0xa00081f8
[46964.014343] PUF Read:0xaaaaaaaa at 0xa00081fc
[46964.014343] PUF Read:0x8aaaaaaa at 0xa0008200
[46964.014404] PUF Read:0xaaaaaaaa at 0xa0008204
[46964.014434] PUF Read:0xaaaaaaba at 0xa0008208
[46964.014434] PUF Read:0xa8aaaaaa at 0xa000820c
[46964.014434] PUF Read:0xaaaaa2a8 at 0xa0008210
[46964.014495] PUF Read:0xaaaaaaaa at 0xa0008214
[46964.014495] PUF Read:0xaaaaaeaa at 0xa0008218
[46964.014556] PUF Read:0xaaaaaaaa at 0xa000821c
[46964.014587] PUF Read:0xaaaaaaaa at 0xa0008220
[46964.014587] PUF Read:0xaabaaaaa at 0xa0008224
[46964.014587] PUF Read:0xaaaaaaaa at 0xa0008228
[46964.014648] PUF Read:0xaaaaaaaa at 0xa000822c
[46964.014648] PUF Read:0xaaaaaeaa at 0xa0008230
[46964.014709] PUF Read:0x286aaaaa at 0xa0008234
[46964.014739] PUF Read:0xaaaaaaaa at 0xa0008238
[46964.014739] PUF Read:0xaaaaaaaa at 0xa000823c
[46964.014801] PUF Read:0xaaaaaaaa at 0xa0008240
[46964.014801] PUF Read:0xaaaaaaaa at 0xa0008244
[46964.014801] PUF Read:0xaaaaaaaa at 0xa0008248
[46964.014801] PUF Read:0xaaaaaaaa at 0xa000824c
[46964.014892] PUF Read:0xaaaaaaaa at 0xa0008250
[46964.014892] PUF Read:0xaabaaaaa at 0xa0008254
[46964.014892] PUF Read:0xaaaaaaaa at 0xa0008258
[46964.014892] PUF Read:0xaaaeaaaa at 0xa000825c
[46964.014892] PUF Read:0xaaaaaaaa at 0xa0008260
[46964.014892] PUF Read:0xaaaaaaaa at 0xa0008264
[46964.015045] PUF Read:0xaaaa8caa at 0xa0008268
[46964.015045] PUF Read:0xaaaaaaaa at 0xa000826c
[46964.015045] PUF Read:0xaaaaaaaa at 0xa0008270
[46964.015045] PUF Read:0xaaaaaaaa at 0xa0008274
[46964.015136] PUF Read:0xaaaaaaea at 0xa0008278
[46964.015136] PUF Read:0xaaaaaaaa at 0xa000827c
[46964.015197] PUF Read:0xeaaaaaaa at 0xa0008280
[46964.015228] PUF Read:0xa2aaaaaa at 0xa0008284
[46964.015228] PUF Read:0xaaeaaaaa at 0xa0008288
[46964.015228] PUF Read:0xaaaaaaaa at 0xa000828c
[46964.015228] PUF Read:0xaaaaaaa8 at 0xa0008290
[46964.015319] PUF Read:0xa8aaaaaa at 0xa0008294
[46964.015319] PUF Read:0xaaaaaaaa at 0xa0008298
[46964.015380] PUF Read:0xaaaaaaaa at 0xa000829c
[46964.015411] PUF Read:0xaaaaaaaa at 0xa00082a0
[46964.015411] PUF Read:0xaaaabaaa at 0xa00082a4
[46964.015411] PUF Read:0xaaaaaaaa at 0xa00082a8
[46964.015472] PUF Read:0xaaaaaaaa at 0xa00082ac
[46964.015472] PUF Read:0xaaaaaaaa at 0xa00082b0
[46964.015533] PUF Read:0xaaaaaaaa at 0xa00082b4
[46964.015563] PUF Read:0xaaa8aaea at 0xa00082b8
[46964.015563] PUF Read:0xaaaaaaaa at 0xa00082bc
[46964.015625] PUF Read:0xaaaaaaaa at 0xa00082c0
[46964.015625] PUF Read:0xaaaaaaaa at 0xa00082c4
[46964.015625] PUF Read:0xbaaaaaaa at 0xa00082c8
[46964.015625] PUF Read:0xaaaaaaaa at 0xa00082cc
[46964.015716] PUF Read:0xaabaaaaa at 0xa00082d0
[46964.015716] PUF Read:0xaaaaaaaa at 0xa00082d4
[46964.015716] PUF Read:0xaaaaaaaa at 0xa00082d8
[46964.015716] PUF Read:0xaaaaeaaa at 0xa00082dc
[46964.015716] PUF Read:0xaaaaaaaa at 0xa00082e0
[46964.015716] PUF Read:0xaaaaaeaa at 0xa00082e4
[46964.015869] PUF Read:0xaaaaaaaa at 0xa00082e8
[46964.015899] PUF Read:0xaaaaaaab at 0xa00082ec
[46964.015899] PUF Read:0xaaaaaaaa at 0xa00082f0
[46964.015899] PUF Read:0xaaa8aaaa at 0xa00082f4
[46964.015960] PUF Read:0xaaaaaaaa at 0xa00082f8
[46964.015960] PUF Read:0xaaaaaaaa at 0xa00082fc
[46964.016021] PUF Read:0xaaaaaaaa at 0xa0008300
[46964.016052] PUF Read:0xaaaaaaaa at 0xa0008304
[46964.016052] PUF Read:0xaaaa8aaa at 0xa0008308
[46964.016052] PUF Read:0xaaaaaaaa at 0xa000830c
[46964.016113] PUF Read:0xaaaaaa8a at 0xa0008310
[46964.016113] PUF Read:0xaaaaaaaa at 0xa0008314
[46964.016174] PUF Read:0x2baaaaaa at 0xa0008318
[46964.016204] PUF Read:0xbaaaaaaa at 0xa000831c
[46964.016204] PUF Read:0xaaaa8aaa at 0xa0008320
[46964.016204] PUF Read:0xaaaaaaaa at 0xa0008324
[46964.016265] PUF Read:0xaaaaaaaa at 0xa0008328
[46964.016265] PUF Read:0xaa8baaa8 at 0xa000832c
[46964.016326] PUF Read:0xaaaaaaae at 0xa0008330
[46964.016357] PUF Read:0xaaaaaaaa at 0xa0008334
[46964.016357] PUF Read:0xaaaabaaa at 0xa0008338
[46964.016357] PUF Read:0xaaaaaaaa at 0xa000833c
[46964.016357] PUF Read:0xbaaaaaaa at 0xa0008340
[46964.016357] PUF Read:0xaaaaaa2b at 0xa0008344
[46964.016357] PUF Read:0xaaaaaaaa at 0xa0008348
[46964.016510] PUF Read:0xaaaaabaa at 0xa000834c
[46964.016540] PUF Read:0xaaaa8a8a at 0xa0008350
[46964.016540] PUF Read:0x8aaaaaaa at 0xa0008354
[46964.016540] PUF Read:0xaaaaaaaa at 0xa0008358
[46964.016601] PUF Read:0xaaaaaaaa at 0xa000835c
[46964.016601] PUF Read:0xaaabaaaa at 0xa0008360
[46964.016662] PUF Read:0xaaaaaa2a at 0xa0008364
[46964.016693] PUF Read:0xaaaaaaaa at 0xa0008368
[46964.016693] PUF Read:0xaaaaaeaa at 0xa000836c
[46964.016693] PUF Read:0xaaaaaaaa at 0xa0008370
[46964.016754] PUF Read:0xaaaaaaaa at 0xa0008374
[46964.016754] PUF Read:0xaaaa8aaa at 0xa0008378
[46964.016754] PUF Read:0xaaaaaaaa at 0xa000837c
[46964.016845] PUF Read:0xaaaaaaaa at 0xa0008380
[46964.016876] PUF Read:0xaaaaaaaa at 0xa0008384
[46964.016876] PUF Read:0xaaaaaaaa at 0xa0008388
[46964.016876] PUF Read:0xaaaaaaaa at 0xa000838c
[46964.016937] PUF Read:0xaaaaaaab at 0xa0008390
[46964.016937] PUF Read:0xaaaaabaa at 0xa0008394
[46964.016998] PUF Read:0xaaaaaaaa at 0xa0008398
[46964.017028] PUF Read:0xaaa2aaaa at 0xa000839c
[46964.017028] PUF Read:0xaaaaaaaa at 0xa00083a0
[46964.017028] PUF Read:0xaaaaaaaa at 0xa00083a4
[46964.017089] PUF Read:0xaaaaaaaa at 0xa00083a8
[46964.017089] PUF Read:0xaaaabaaa at 0xa00083ac
[46964.017150] PUF Read:0xaaaaaaa2 at 0xa00083b0
[46964.017181] PUF Read:0xaaaaaaaa at 0xa00083b4
[46964.017181] PUF Read:0xaaaaaaaa at 0xa00083b8
[46964.017181] PUF Read:0xaaaaaaaa at 0xa00083bc
[46964.017242] PUF Read:0xaaaaaaaa at 0xa00083c0
[46964.017242] PUF Read:0xaeaaaaaa at 0xa00083c4
[46964.017303] PUF Read:0xaaaaaaaa at 0xa00083c8
[46964.017333] PUF Read:0xaaa2aaaa at 0xa00083cc
[46964.017333] PUF Read:0xaaaaaaaa at 0xa00083d0
[46964.017333] PUF Read:0xaaabaaaa at 0xa00083d4
[46964.017395] PUF Read:0xaa2aaaaa at 0xa00083d8
[46964.017395] PUF Read:0xaaaaa2aa at 0xa00083dc
[46964.017456] PUF Read:0xaabeaaae at 0xa00083e0
[46964.017486] PUF Read:0xb22aa8aa at 0xa00083e4
[46964.017486] PUF Read:0xaaaaaa2a at 0xa00083e8
[46964.017486] PUF Read:0xaaaaaa2a at 0xa00083ec
[46964.017486] PUF Read:0xaaa8aeaa at 0xa00083f0
[46964.017486] PUF Read:0xaaaaaaaa at 0xa00083f4
[46964.017486] PUF Read:0xaaaaaaae at 0xa00083f8
[46964.017639] PUF Read:0x8aaeaaaa at 0xa00083fc
[46964.017669] [i] Finished PUF read-out
[46964.017669] <6>[i] Finished PUF query for decaytime: 15360
[46964.017669] End measurement:19
[46964.017669] [i] Starting the Rowhammer PUF for PandaBoard
[46964.017700] Number of PUF rows: 8 PUF init Value :aaaaaaaa Rowhammer rows init Value:0
[46964.017700] [i] Start measurement: 0
[46964.017730] [i] Start decaytime: 60
[46964.017730] EMIF 2 REG Write 0x80000000 at 0x4d000010
[46964.017730] EMIF 2 REG Read 0x80000000 at 0x4d000010
[46964.017761] EMIF 2 REG Write 0x80000000 at 0x4d000014
[46964.017761] EMIF 2 REG Read 0x00000000 at 0x4d000014
[46964.017791] EMIF 2 REG Write 0x08016893 at 0x4d0000cc
[46964.017791] EMIF 2 REG Read 0x08016893 at 0x4d0000cc
[46964.017822] Temp polling alert disabled
[46964.017822] Refresh Disabled at EMIF2
[46964.017822] [i] Initialiting PUF & hammer rows
[46964.017852] [i] Single-Sided Rowhammer (SSRH)
[46964.062683] [i] Finished initialiting PUF & hammer rows
[46964.062683] [i]	Timer elapsed since its reset 0 sec
[46964.062683] [i] Decay: 60 sec
[46964.062713] [i]	Relative Decay: 0 msec
