[77139.026916] [i] Total hammer attempts per row: 1863676
[77139.026947] EMIF 2 REG Write 0x00000618 at 0x4d000010
[77139.026977] EMIF 2 REG Read 0x00000618 at 0x4d000010
[77139.026977] EMIF 2 REG Write 0x00000618 at 0x4d000014
[77139.027008] EMIF 2 REG Read 0x00000618 at 0x4d000014
[77139.027008] EMIF 2 REG Write 0x58016893 at 0x4d0000cc
[77139.027038] EMIF 2 REG Read 0x58016893 at 0x4d0000cc
[77139.027038] Temp polling alert enabled
[77139.027038] Refresh enabled at EMIF2
[77139.027038] [i] Starting PUF read-out
[77139.027069] [i] Single-Sided Rowhammer (SSRH)
[77139.027069] PUF Read:0xaaaaaaaa at 0xa0008000
[77139.027099] PUF Read:0xaaaaaaaa at 0xa0008004
[77139.027099] PUF Read:0xaaaaaaaa at 0xa0008008
[77139.027099] PUF Read:0xaaaaaaaa at 0xa000800c
[77139.027191] PUF Read:0xaaaaaaaa at 0xa0008010
[77139.027221] PUF Read:0xaaaaabaa at 0xa0008014
[77139.027221] PUF Read:0xaaaaaaaa at 0xa0008018
[77139.027221] PUF Read:0xaaaaaaaa at 0xa000801c
[77139.027221] PUF Read:0xaaaaaaaa at 0xa0008020
[77139.027221] PUF Read:0xaaaaaaaa at 0xa0008024
[77139.027221] PUF Read:0xaaaaaaaa at 0xa0008028
[77139.027374] PUF Read:0xaaaaaaaa at 0xa000802c
[77139.027404] PUF Read:0xaaaaaaaa at 0xa0008030
[77139.027404] PUF Read:0xaaaaaaaa at 0xa0008034
[77139.027404] PUF Read:0xaaaaaaaa at 0xa0008038
[77139.027465] PUF Read:0xaaaaaaaa at 0xa000803c
[77139.027465] PUF Read:0xaaaaaaab at 0xa0008040
[77139.027526] PUF Read:0xaaaaeaaa at 0xa0008044
[77139.027557] PUF Read:0xaaaaaaaa at 0xa0008048
[77139.027557] PUF Read:0xaaaaaaaa at 0xa000804c
[77139.027557] PUF Read:0xaaaaaaaa at 0xa0008050
[77139.027618] PUF Read:0xaaaaaaaa at 0xa0008054
[77139.027618] PUF Read:0xaaaaaa8a at 0xa0008058
[77139.027679] PUF Read:0xaaaaaaaa at 0xa000805c
[77139.027709] PUF Read:0xaaaaaaaa at 0xa0008060
[77139.027709] PUF Read:0xaaaa2aaa at 0xa0008064
[77139.027709] PUF Read:0xaaaaaaaa at 0xa0008068
[77139.027770] PUF Read:0xaaaaaaaa at 0xa000806c
[77139.027770] PUF Read:0xaaaaaaaa at 0xa0008070
[77139.027832] PUF Read:0xaaaaaaaa at 0xa0008074
[77139.027862] PUF Read:0xaaaaaaaa at 0xa0008078
[77139.027862] PUF Read:0xaaaaaaaa at 0xa000807c
[77139.027862] PUF Read:0xaaaaaaaa at 0xa0008080
[77139.027923] PUF Read:0xaaaaaaaa at 0xa0008084
[77139.027923] PUF Read:0xaaaaaaaa at 0xa0008088
[77139.027984] PUF Read:0xaaaaaaaa at 0xa000808c
[77139.028015] PUF Read:0xaaaa8aaa at 0xa0008090
[77139.028015] PUF Read:0xaaaaaaaa at 0xa0008094
[77139.028015] PUF Read:0xaaabaaaa at 0xa0008098
[77139.028076] PUF Read:0xaaaaaaaa at 0xa000809c
[77139.028076] PUF Read:0xaaaaaaaa at 0xa00080a0
[77139.028137] PUF Read:0xaaaaaaaa at 0xa00080a4
[77139.028167] PUF Read:0xaaaaaaaa at 0xa00080a8
[77139.028167] PUF Read:0xaaaaaaaa at 0xa00080ac
[77139.028167] PUF Read:0xaaaaaaaa at 0xa00080b0
[77139.028228] PUF Read:0xaa2aaaaa at 0xa00080b4
[77139.028228] PUF Read:0xaaaaeaaa at 0xa00080b8
[77139.028289] PUF Read:0x8aaaaaaa at 0xa00080bc
[77139.028320] PUF Read:0xaaaaaaaa at 0xa00080c0
[77139.028320] PUF Read:0xaaaaaaaa at 0xa00080c4
[77139.028320] PUF Read:0xaaa2aaaa at 0xa00080c8
[77139.028381] PUF Read:0xaaaaaaaa at 0xa00080cc
[77139.028381] PUF Read:0xaaaaaaaa at 0xa00080d0
[77139.028442] PUF Read:0xaaaaaaaa at 0xa00080d4
[77139.028472] PUF Read:0xaaaaaaaa at 0xa00080d8
[77139.028472] PUF Read:0xaaaaaaaa at 0xa00080dc
[77139.028472] PUF Read:0xabaaaaaa at 0xa00080e0
[77139.028533] PUF Read:0xaaaaaaaa at 0xa00080e4
[77139.028533] PUF Read:0xaaaaaaaa at 0xa00080e8
[77139.028594] PUF Read:0xaaaaaaab at 0xa00080ec
[77139.028625] PUF Read:0x8aaaaaaa at 0xa00080f0
[77139.028625] PUF Read:0xaaaaaaaa at 0xa00080f4
[77139.028625] PUF Read:0xaaaaaaaa at 0xa00080f8
[77139.028686] PUF Read:0xaaaaaaaa at 0xa00080fc
[77139.028686] PUF Read:0xaaaaaaaa at 0xa0008100
[77139.028747] PUF Read:0xaaaaaaaa at 0xa0008104
[77139.028778] PUF Read:0xaaaaaaaa at 0xa0008108
[77139.028778] PUF Read:0xaaaaaaaa at 0xa000810c
[77139.028778] PUF Read:0xaaaaaaaa at 0xa0008110
[77139.028839] PUF Read:0xaaaaaaaa at 0xa0008114
[77139.028839] PUF Read:0xaaaaaaaa at 0xa0008118
[77139.028900] PUF Read:0xaaaaaaaa at 0xa000811c
[77139.028930] PUF Read:0xaaaaaaaa at 0xa0008120
[77139.028930] PUF Read:0xaaaaaaaa at 0xa0008124
[77139.028930] PUF Read:0xaaaaaaaa at 0xa0008128
[77139.028991] PUF Read:0xaaaaaaaa at 0xa000812c
[77139.028991] PUF Read:0xaaaaaaaa at 0xa0008130
[77139.029052] PUF Read:0xaaaaaaaa at 0xa0008134
[77139.029083] PUF Read:0xaa8aaaaa at 0xa0008138
[77139.029083] PUF Read:0xaaaaaaaa at 0xa000813c
[77139.029083] PUF Read:0xaaaaaaaa at 0xa0008140
[77139.029144] PUF Read:0xaaaaaaaa at 0xa0008144
[77139.029144] PUF Read:0xaabaaeaa at 0xa0008148
[77139.029205] PUF Read:0xaaaaaaaa at 0xa000814c
[77139.029235] PUF Read:0xaaaaaaaa at 0xa0008150
[77139.029235] PUF Read:0xaaaaaaaa at 0xa0008154
[77139.029235] PUF Read:0xaaaaaaaa at 0xa0008158
[77139.029296] PUF Read:0xaaaaaaea at 0xa000815c
[77139.029296] PUF Read:0xaaaaaaaa at 0xa0008160
[77139.029357] PUF Read:0xaaaaaaaa at 0xa0008164
[77139.029388] PUF Read:0xaaaaaaaa at 0xa0008168
[77139.029388] PUF Read:0xaaaaaaaa at 0xa000816c
[77139.029388] PUF Read:0xaaaaaaaa at 0xa0008170
[77139.029449] PUF Read:0xaaaaaaaa at 0xa0008174
[77139.029449] PUF Read:0xaaaaaaaa at 0xa0008178
[77139.029510] PUF Read:0xaaaaaaaa at 0xa000817c
[77139.029541] PUF Read:0xaaaa2a2a at 0xa0008180
[77139.029541] PUF Read:0xaaaaaaaa at 0xa0008184
[77139.029602] PUF Read:0xaaaaaaaa at 0xa0008188
[77139.029602] PUF Read:0xaaaaaaaa at 0xa000818c
[77139.029602] PUF Read:0xaaaaaaaa at 0xa0008190
[77139.029602] PUF Read:0xaaaaaaaa at 0xa0008194
[77139.029693] PUF Read:0xaaaaaaaa at 0xa0008198
[77139.029693] PUF Read:0xaaaaaaaa at 0xa000819c
[77139.029693] PUF Read:0xaaaaaaaa at 0xa00081a0
[77139.029693] PUF Read:0xaaaaaaaa at 0xa00081a4
[77139.029693] PUF Read:0xaaaaaaaa at 0xa00081a8
[77139.029693] PUF Read:0xaaaaaaaa at 0xa00081ac
[77139.029846] PUF Read:0xaaeaaaaa at 0xa00081b0
[77139.029846] PUF Read:0xaaaaaaaa at 0xa00081b4
[77139.029846] PUF Read:0xaaaaaaaa at 0xa00081b8
[77139.029846] PUF Read:0xaaaaaaaa at 0xa00081bc
[77139.029846] PUF Read:0xaaa8aaaa at 0xa00081c0
[77139.029846] PUF Read:0xaaaaaaae at 0xa00081c4
[77139.029998] PUF Read:0xaaaaaaaa at 0xa00081c8
[77139.030029] PUF Read:0xaaaaaaaa at 0xa00081cc
[77139.030029] PUF Read:0xbaaaaaaa at 0xa00081d0
[77139.030029] PUF Read:0xaaaaaaaa at 0xa00081d4
[77139.030090] PUF Read:0xaaaaaaaa at 0xa00081d8
[77139.030090] PUF Read:0xaaaaaaaa at 0xa00081dc
[77139.030151] PUF Read:0xaaaaaaaa at 0xa00081e0
[77139.030181] PUF Read:0xaaaaaaea at 0xa00081e4
[77139.030181] PUF Read:0xaaaaaaaa at 0xa00081e8
[77139.030181] PUF Read:0xaa2aaaaa at 0xa00081ec
[77139.030242] PUF Read:0xaaaaaaaa at 0xa00081f0
[77139.030242] PUF Read:0xaaaaaeaa at 0xa00081f4
[77139.030303] PUF Read:0xaaaaaaa2 at 0xa00081f8
[77139.030334] PUF Read:0xaaaaaaaa at 0xa00081fc
[77139.030334] PUF Read:0xaaaaaaaa at 0xa0008200
[77139.030334] PUF Read:0xaaaaaaaa at 0xa0008204
[77139.030395] PUF Read:0xaaaaaaaa at 0xa0008208
[77139.030395] PUF Read:0xa8aaaaaa at 0xa000820c
[77139.030456] PUF Read:0xaaaaaaaa at 0xa0008210
[77139.030487] PUF Read:0xaaaaaaaa at 0xa0008214
[77139.030487] PUF Read:0xaaaaaaaa at 0xa0008218
[77139.030487] PUF Read:0xaaaaaaaa at 0xa000821c
[77139.030548] PUF Read:0xaaaaaaaa at 0xa0008220
[77139.030548] PUF Read:0xaaaaaaaa at 0xa0008224
[77139.030609] PUF Read:0xaaaaaaaa at 0xa0008228
[77139.030639] PUF Read:0xaaaaaaaa at 0xa000822c
[77139.030639] PUF Read:0xaaaaaaaa at 0xa0008230
[77139.030639] PUF Read:0xa8aaaaaa at 0xa0008234
[77139.030700] PUF Read:0xaaaaaaaa at 0xa0008238
[77139.030700] PUF Read:0xaaaaaaaa at 0xa000823c
[77139.030761] PUF Read:0xaaaaaaaa at 0xa0008240
[77139.030792] PUF Read:0xaaaaaaaa at 0xa0008244
[77139.030792] PUF Read:0xaaaaaaaa at 0xa0008248
[77139.030853] PUF Read:0xaaaaaaaa at 0xa000824c
[77139.030853] PUF Read:0xaaaaaaaa at 0xa0008250
[77139.030853] PUF Read:0xaaaaaaaa at 0xa0008254
[77139.030914] PUF Read:0xaaaaaaaa at 0xa0008258
[77139.030944] PUF Read:0xaaaaaaaa at 0xa000825c
[77139.030944] PUF Read:0xaaaaaaaa at 0xa0008260
[77139.031005] PUF Read:0xaaaaaaaa at 0xa0008264
[77139.031005] PUF Read:0xaaaaaaaa at 0xa0008268
[77139.031005] PUF Read:0xaaaaaaaa at 0xa000826c
[77139.031066] PUF Read:0xaaaaaaaa at 0xa0008270
[77139.031097] PUF Read:0xaaaaaaaa at 0xa0008274
[77139.031097] PUF Read:0xaaaaaaaa at 0xa0008278
[77139.031097] PUF Read:0xaaaaaaaa at 0xa000827c
[77139.031097] PUF Read:0xaaaaaaaa at 0xa0008280
[77139.031097] PUF Read:0xaaaaaaaa at 0xa0008284
[77139.031097] PUF Read:0xaaaaaaaa at 0xa0008288
[77139.031250] PUF Read:0xaaaaaaaa at 0xa000828c
[77139.031250] PUF Read:0xaaaaaaaa at 0xa0008290
[77139.031250] PUF Read:0xaaaaaaaa at 0xa0008294
[77139.031250] PUF Read:0xaaaaaaaa at 0xa0008298
[77139.031341] PUF Read:0xaaaaaaaa at 0xa000829c
[77139.031341] PUF Read:0xaaaaaaaa at 0xa00082a0
[77139.031402] PUF Read:0xaaaaaaaa at 0xa00082a4
[77139.031433] PUF Read:0xaaaaaaaa at 0xa00082a8
[77139.031433] PUF Read:0xaaaaaaaa at 0xa00082ac
[77139.031433] PUF Read:0xaaaaaaaa at 0xa00082b0
[77139.031494] PUF Read:0xaaaaaaaa at 0xa00082b4
[77139.031494] PUF Read:0xaaaaaaea at 0xa00082b8
[77139.031555] PUF Read:0xaaaaaaaa at 0xa00082bc
[77139.031585] PUF Read:0xaaaaaaaa at 0xa00082c0
[77139.031585] PUF Read:0xaaaaaaaa at 0xa00082c4
[77139.031585] PUF Read:0xbaaaaaaa at 0xa00082c8
[77139.031646] PUF Read:0xaaaaaaaa at 0xa00082cc
[77139.031646] PUF Read:0xaaaaaaaa at 0xa00082d0
[77139.031707] PUF Read:0xaaaaaaaa at 0xa00082d4
[77139.031738] PUF Read:0xaaaaaaaa at 0xa00082d8
[77139.031738] PUF Read:0xaaaaaaaa at 0xa00082dc
[77139.031738] PUF Read:0xaaaaaaaa at 0xa00082e0
[77139.031799] PUF Read:0xaaaaaeaa at 0xa00082e4
[77139.031799] PUF Read:0xaaaaaaaa at 0xa00082e8
[77139.031860] PUF Read:0xaaaaaaaa at 0xa00082ec
[77139.031890] PUF Read:0xaaaaaaaa at 0xa00082f0
[77139.031890] PUF Read:0xaaaaaaaa at 0xa00082f4
[77139.031890] PUF Read:0xaaaaaaaa at 0xa00082f8
[77139.031951] PUF Read:0xaaaaaaaa at 0xa00082fc
[77139.031951] PUF Read:0xaaaaaaaa at 0xa0008300
[77139.032012] PUF Read:0xaaaaaaaa at 0xa0008304
[77139.032043] PUF Read:0xaaaaaaaa at 0xa0008308
[77139.032043] PUF Read:0xaaaaaaaa at 0xa000830c
[77139.032043] PUF Read:0xaaaaaaaa at 0xa0008310
[77139.032043] PUF Read:0xaaaaaaaa at 0xa0008314
[77139.032043] PUF Read:0xaaaaaaaa at 0xa0008318
[77139.032043] PUF Read:0xbaaaaaaa at 0xa000831c
[77139.032196] PUF Read:0xaaaaaaaa at 0xa0008320
[77139.032196] PUF Read:0xaaaaaaaa at 0xa0008324
[77139.032196] PUF Read:0xaaaaaaaa at 0xa0008328
[77139.032196] PUF Read:0xaaaaaaaa at 0xa000832c
[77139.032196] PUF Read:0xaaaaaaae at 0xa0008330
[77139.032196] PUF Read:0xaaaaaaaa at 0xa0008334
[77139.032348] PUF Read:0xaaaaaaaa at 0xa0008338
[77139.032348] PUF Read:0xaaaaaaaa at 0xa000833c
[77139.032348] PUF Read:0xaaaaaaaa at 0xa0008340
[77139.032348] PUF Read:0xaaaaaaaa at 0xa0008344
[77139.032348] PUF Read:0xaaaaaaaa at 0xa0008348
[77139.032470] PUF Read:0xaaaaaaaa at 0xa000834c
[77139.032501] PUF Read:0xaaaaaa8a at 0xa0008350
[77139.032501] PUF Read:0xaaaaaaaa at 0xa0008354
[77139.032501] PUF Read:0xaaaaaaaa at 0xa0008358
[77139.032501] PUF Read:0xaaaaaaaa at 0xa000835c
[77139.032592] PUF Read:0xaaabaaaa at 0xa0008360
[77139.032592] PUF Read:0xaaaaaaaa at 0xa0008364
[77139.032653] PUF Read:0xaaaaaaaa at 0xa0008368
[77139.032684] PUF Read:0xaaaaaaaa at 0xa000836c
[77139.032684] PUF Read:0xaaaaaaaa at 0xa0008370
[77139.032684] PUF Read:0xaaaaaaaa at 0xa0008374
[77139.032745] PUF Read:0xaaaaaaaa at 0xa0008378
[77139.032745] PUF Read:0xaaaaaaaa at 0xa000837c
[77139.032806] PUF Read:0xaaaaaaaa at 0xa0008380
[77139.032836] PUF Read:0xaaaaaaaa at 0xa0008384
[77139.032836] PUF Read:0xaaaaaaaa at 0xa0008388
[77139.032836] PUF Read:0xaaaaaaaa at 0xa000838c
[77139.032897] PUF Read:0xaaaaaaaa at 0xa0008390
[77139.032897] PUF Read:0xaaaaaaaa at 0xa0008394
[77139.032958] PUF Read:0xaaaaaaaa at 0xa0008398
[77139.032989] PUF Read:0xaaa2aaaa at 0xa000839c
[77139.032989] PUF Read:0xaaaaaaaa at 0xa00083a0
[77139.032989] PUF Read:0xaaaaaaaa at 0xa00083a4
[77139.033050] PUF Read:0xaaaaaaaa at 0xa00083a8
[77139.033050] PUF Read:0xaaaaaaaa at 0xa00083ac
[77139.033111] PUF Read:0xaaaaaaaa at 0xa00083b0
[77139.033142] PUF Read:0xaaaaaaaa at 0xa00083b4
[77139.033142] PUF Read:0xaaaaaaaa at 0xa00083b8
[77139.033142] PUF Read:0xaaaaaaaa at 0xa00083bc
[77139.033203] PUF Read:0xaaaaaaaa at 0xa00083c0
[77139.033203] PUF Read:0xaaaaaaaa at 0xa00083c4
[77139.033264] PUF Read:0xaaaaaaaa at 0xa00083c8
[77139.033294] PUF Read:0xaaaaaaaa at 0xa00083cc
[77139.033294] PUF Read:0xaaaaaaaa at 0xa00083d0
[77139.033294] PUF Read:0xaaabaaaa at 0xa00083d4
[77139.033355] PUF Read:0xaaaaaaaa at 0xa00083d8
[77139.033355] PUF Read:0xaaaaaaaa at 0xa00083dc
[77139.033416] PUF Read:0xaaaaaaaa at 0xa00083e0
[77139.033447] PUF Read:0xaaaaa8aa at 0xa00083e4
[77139.033447] PUF Read:0xaaaaaaaa at 0xa00083e8
[77139.033447] PUF Read:0xaaaaaaaa at 0xa00083ec
[77139.033508] PUF Read:0xaaaaaaaa at 0xa00083f0
[77139.033508] PUF Read:0xaaaaaaaa at 0xa00083f4
[77139.033508] PUF Read:0xaaaaaaae at 0xa00083f8
[77139.033599] PUF Read:0xaaaeaaaa at 0xa00083fc
[77139.033599] [i] Finished PUF read-out
[77139.033630] <6>[i] Finished PUF query for decaytime: 7680
[77139.033630] [i] Start decaytime: 120
[77139.033660] EMIF 2 REG Write 0x80000000 at 0x4d000010
[77139.033660] EMIF 2 REG Read 0x80000000 at 0x4d000010
[77139.033691] EMIF 2 REG Write 0x80000000 at 0x4d000014
[77139.033691] EMIF 2 REG Read 0x00000000 at 0x4d000014
[77139.033691] EMIF 2 REG Write 0x08016893 at 0x4d0000cc
[77139.033752] EMIF 2 REG Read 0x08016893 at 0x4d0000cc
[77139.033752] Temp polling alert disabled
[77139.033782] Refresh Disabled at EMIF2
[77139.033782] [i] Initialiting PUF & hammer rows
[77139.033782] [i] Single-Sided Rowhammer (SSRH)
[77139.040466] [i] Finished initialiting PUF & hammer rows
[77139.040466] [i]	Timer elapsed since its reset 0 sec
[77139.040466] [i] Decay: 120 sec
[77139.040496] [i]	Relative Decay: 0 msec
