[ 3149.924377] [i] Total hammer attempts per row: 3725846
[ 3149.924377] EMIF 2 REG Write 0x00000618 at 0x4d000010
[ 3149.924407] EMIF 2 REG Read 0x00000618 at 0x4d000010
[ 3149.924407] EMIF 2 REG Write 0x00000618 at 0x4d000014
[ 3149.924438] EMIF 2 REG Read 0x00000618 at 0x4d000014
[ 3149.924438] EMIF 2 REG Write 0x58016893 at 0x4d0000cc
[ 3149.924468] EMIF 2 REG Read 0x58016893 at 0x4d0000cc
[ 3149.924468] Temp polling alert enabled
[ 3149.924468] Refresh enabled at EMIF2
[ 3149.924499] [i] Starting PUF read-out
[ 3149.924499] [i] Single-Sided Rowhammer (SSRH)
[ 3149.924530] PUF Read:0x00000010 at 0xa0008000
[ 3149.924530] PUF Read:0x00000400 at 0xa0008004
[ 3149.924560] PUF Read:0x00000000 at 0xa0008008
[ 3149.924560] PUF Read:0x00000000 at 0xa000800c
[ 3149.924560] PUF Read:0x00000000 at 0xa0008010
[ 3149.924652] PUF Read:0x00000100 at 0xa0008014
[ 3149.924682] PUF Read:0x00000000 at 0xa0008018
[ 3149.924682] PUF Read:0x10000000 at 0xa000801c
[ 3149.924682] PUF Read:0x40000000 at 0xa0008020
[ 3149.924743] PUF Read:0x40004000 at 0xa0008024
[ 3149.924743] PUF Read:0x00004000 at 0xa0008028
[ 3149.924804] PUF Read:0x00000010 at 0xa000802c
[ 3149.924835] PUF Read:0x40000000 at 0xa0008030
[ 3149.924835] PUF Read:0x04000000 at 0xa0008034
[ 3149.924835] PUF Read:0x00000000 at 0xa0008038
[ 3149.924835] PUF Read:0x00000000 at 0xa000803c
[ 3149.924835] PUF Read:0x00000001 at 0xa0008040
[ 3149.924835] PUF Read:0x00004000 at 0xa0008044
[ 3149.924987] PUF Read:0x00000000 at 0xa0008048
[ 3149.925018] PUF Read:0x00000001 at 0xa000804c
[ 3149.925018] PUF Read:0x00000000 at 0xa0008050
[ 3149.925018] PUF Read:0x00000000 at 0xa0008054
[ 3149.925079] PUF Read:0x00000000 at 0xa0008058
[ 3149.925079] PUF Read:0x00000000 at 0xa000805c
[ 3149.925140] PUF Read:0x00000000 at 0xa0008060
[ 3149.925170] PUF Read:0x00100000 at 0xa0008064
[ 3149.925170] PUF Read:0x00000000 at 0xa0008068
[ 3149.925231] PUF Read:0x00000000 at 0xa000806c
[ 3149.925231] PUF Read:0x00000000 at 0xa0008070
[ 3149.925231] PUF Read:0x00000000 at 0xa0008074
[ 3149.925292] PUF Read:0x00000000 at 0xa0008078
[ 3149.925323] PUF Read:0x00010000 at 0xa000807c
[ 3149.925323] PUF Read:0x00010000 at 0xa0008080
[ 3149.925384] PUF Read:0x00000000 at 0xa0008084
[ 3149.925384] PUF Read:0x00000000 at 0xa0008088
[ 3149.925384] PUF Read:0x00000000 at 0xa000808c
[ 3149.925445] PUF Read:0x00000000 at 0xa0008090
[ 3149.925476] PUF Read:0x10000000 at 0xa0008094
[ 3149.925476] PUF Read:0x00410001 at 0xa0008098
[ 3149.925476] PUF Read:0x00000000 at 0xa000809c
[ 3149.925537] PUF Read:0x00000000 at 0xa00080a0
[ 3149.925537] PUF Read:0x00010000 at 0xa00080a4
[ 3149.925598] PUF Read:0x00000001 at 0xa00080a8
[ 3149.925628] PUF Read:0x00000041 at 0xa00080ac
[ 3149.925628] PUF Read:0x00000000 at 0xa00080b0
[ 3149.925628] PUF Read:0x00000000 at 0xa00080b4
[ 3149.925689] PUF Read:0x00004000 at 0xa00080b8
[ 3149.925689] PUF Read:0x00000000 at 0xa00080bc
[ 3149.925750] PUF Read:0x00000400 at 0xa00080c0
[ 3149.925781] PUF Read:0x00000000 at 0xa00080c4
[ 3149.925781] PUF Read:0x10100000 at 0xa00080c8
[ 3149.925781] PUF Read:0x01000000 at 0xa00080cc
[ 3149.925842] PUF Read:0x40044000 at 0xa00080d0
[ 3149.925842] PUF Read:0x00000000 at 0xa00080d4
[ 3149.925903] PUF Read:0x00001000 at 0xa00080d8
[ 3149.925933] PUF Read:0x00000000 at 0xa00080dc
[ 3149.925933] PUF Read:0x01000000 at 0xa00080e0
[ 3149.925933] PUF Read:0x00000000 at 0xa00080e4
[ 3149.925994] PUF Read:0x00000000 at 0xa00080e8
[ 3149.925994] PUF Read:0x00000001 at 0xa00080ec
[ 3149.926055] PUF Read:0x00000000 at 0xa00080f0
[ 3149.926086] PUF Read:0x00000000 at 0xa00080f4
[ 3149.926086] PUF Read:0x00000100 at 0xa00080f8
[ 3149.926086] PUF Read:0x00000000 at 0xa00080fc
[ 3149.926147] PUF Read:0x00000000 at 0xa0008100
[ 3149.926147] PUF Read:0x00000000 at 0xa0008104
[ 3149.926208] PUF Read:0x00000000 at 0xa0008108
[ 3149.926208] PUF Read:0x00000000 at 0xa000810c
[ 3149.926208] PUF Read:0x00000000 at 0xa0008110
[ 3149.926208] PUF Read:0x00400000 at 0xa0008114
[ 3149.926208] PUF Read:0x00000000 at 0xa0008118
[ 3149.926208] PUF Read:0x00000000 at 0xa000811c
[ 3149.926361] PUF Read:0x00000000 at 0xa0008120
[ 3149.926361] PUF Read:0x00000400 at 0xa0008124
[ 3149.926361] PUF Read:0x00000040 at 0xa0008128
[ 3149.926361] PUF Read:0x00000000 at 0xa000812c
[ 3149.926452] PUF Read:0x00000000 at 0xa0008130
[ 3149.926452] PUF Read:0x00000000 at 0xa0008134
[ 3149.926513] PUF Read:0x00010000 at 0xa0008138
[ 3149.926544] PUF Read:0x00000000 at 0xa000813c
[ 3149.926544] PUF Read:0x40000400 at 0xa0008140
[ 3149.926544] PUF Read:0x00000000 at 0xa0008144
[ 3149.926605] PUF Read:0x00100400 at 0xa0008148
[ 3149.926605] PUF Read:0x00000000 at 0xa000814c
[ 3149.926666] PUF Read:0x00000000 at 0xa0008150
[ 3149.926696] PUF Read:0x00000000 at 0xa0008154
[ 3149.926696] PUF Read:0x00000000 at 0xa0008158
[ 3149.926696] PUF Read:0x00100040 at 0xa000815c
[ 3149.926696] PUF Read:0x00001000 at 0xa0008160
[ 3149.926696] PUF Read:0x00000000 at 0xa0008164
[ 3149.926696] PUF Read:0x04000000 at 0xa0008168
[ 3149.926849] PUF Read:0x00400000 at 0xa000816c
[ 3149.926879] PUF Read:0x00000000 at 0xa0008170
[ 3149.926879] PUF Read:0x00100000 at 0xa0008174
[ 3149.926879] PUF Read:0x00000000 at 0xa0008178
[ 3149.926940] PUF Read:0x00004000 at 0xa000817c
[ 3149.926940] PUF Read:0x00000000 at 0xa0008180
[ 3149.927001] PUF Read:0x00000000 at 0xa0008184
[ 3149.927032] PUF Read:0x00040000 at 0xa0008188
[ 3149.927032] PUF Read:0x00000440 at 0xa000818c
[ 3149.927032] PUF Read:0x00000000 at 0xa0008190
[ 3149.927093] PUF Read:0x40000000 at 0xa0008194
[ 3149.927093] PUF Read:0x00000004 at 0xa0008198
[ 3149.927154] PUF Read:0x00000000 at 0xa000819c
[ 3149.927185] PUF Read:0x00000000 at 0xa00081a0
[ 3149.927185] PUF Read:0x00000000 at 0xa00081a4
[ 3149.927185] PUF Read:0x00000000 at 0xa00081a8
[ 3149.927246] PUF Read:0x00000000 at 0xa00081ac
[ 3149.927246] PUF Read:0x00410000 at 0xa00081b0
[ 3149.927307] PUF Read:0x00000000 at 0xa00081b4
[ 3149.927337] PUF Read:0x00000000 at 0xa00081b8
[ 3149.927337] PUF Read:0x00100000 at 0xa00081bc
[ 3149.927337] PUF Read:0x00000000 at 0xa00081c0
[ 3149.927398] PUF Read:0x00000004 at 0xa00081c4
[ 3149.927398] PUF Read:0x00000000 at 0xa00081c8
[ 3149.927459] PUF Read:0x00010000 at 0xa00081cc
[ 3149.927490] PUF Read:0x10000000 at 0xa00081d0
[ 3149.927490] PUF Read:0x00000000 at 0xa00081d4
[ 3149.927490] PUF Read:0x10000000 at 0xa00081d8
[ 3149.927551] PUF Read:0x00000000 at 0xa00081dc
[ 3149.927551] PUF Read:0x00000000 at 0xa00081e0
[ 3149.927612] PUF Read:0x00000040 at 0xa00081e4
[ 3149.927642] PUF Read:0x00000000 at 0xa00081e8
[ 3149.927642] PUF Read:0x00000010 at 0xa00081ec
[ 3149.927642] PUF Read:0x00000001 at 0xa00081f0
[ 3149.927703] PUF Read:0x00000400 at 0xa00081f4
[ 3149.927703] PUF Read:0x00000000 at 0xa00081f8
[ 3149.927764] PUF Read:0x00000040 at 0xa00081fc
[ 3149.927795] PUF Read:0x00000000 at 0xa0008200
[ 3149.927795] PUF Read:0x00000000 at 0xa0008204
[ 3149.927795] PUF Read:0x00000010 at 0xa0008208
[ 3149.927856] PUF Read:0x00000000 at 0xa000820c
[ 3149.927856] PUF Read:0x00400000 at 0xa0008210
[ 3149.927917] PUF Read:0x00000000 at 0xa0008214
[ 3149.927947] PUF Read:0x00000400 at 0xa0008218
[ 3149.927947] PUF Read:0x00000000 at 0xa000821c
[ 3149.927947] PUF Read:0x00000000 at 0xa0008220
[ 3149.928009] PUF Read:0x00100000 at 0xa0008224
[ 3149.928009] PUF Read:0x00000000 at 0xa0008228
[ 3149.928070] PUF Read:0x00000000 at 0xa000822c
[ 3149.928100] PUF Read:0x00000500 at 0xa0008230
[ 3149.928100] PUF Read:0x00400000 at 0xa0008234
[ 3149.928100] PUF Read:0x00000000 at 0xa0008238
[ 3149.928161] PUF Read:0x00000400 at 0xa000823c
[ 3149.928161] PUF Read:0x00000000 at 0xa0008240
[ 3149.928161] PUF Read:0x00000000 at 0xa0008244
[ 3149.928253] PUF Read:0x00000000 at 0xa0008248
[ 3149.928283] PUF Read:0x00000000 at 0xa000824c
[ 3149.928283] PUF Read:0x04000000 at 0xa0008250
[ 3149.928283] PUF Read:0x00100000 at 0xa0008254
[ 3149.928344] PUF Read:0x00000000 at 0xa0008258
[ 3149.928344] PUF Read:0x04040000 at 0xa000825c
[ 3149.928405] PUF Read:0x00000000 at 0xa0008260
[ 3149.928436] PUF Read:0x00001000 at 0xa0008264
[ 3149.928436] PUF Read:0x00000400 at 0xa0008268
[ 3149.928436] PUF Read:0x40000000 at 0xa000826c
[ 3149.928497] PUF Read:0x00000000 at 0xa0008270
[ 3149.928497] PUF Read:0x00000000 at 0xa0008274
[ 3149.928558] PUF Read:0x00000040 at 0xa0008278
[ 3149.928588] PUF Read:0x00100000 at 0xa000827c
[ 3149.928588] PUF Read:0x40000000 at 0xa0008280
[ 3149.928649] PUF Read:0x00000000 at 0xa0008284
[ 3149.928649] PUF Read:0x00400000 at 0xa0008288
[ 3149.928649] PUF Read:0x00000000 at 0xa000828c
[ 3149.928710] PUF Read:0x00000000 at 0xa0008290
[ 3149.928741] PUF Read:0x00000000 at 0xa0008294
[ 3149.928741] PUF Read:0x00000000 at 0xa0008298
[ 3149.928741] PUF Read:0x00000000 at 0xa000829c
[ 3149.928741] PUF Read:0x00000000 at 0xa00082a0
[ 3149.928741] PUF Read:0x00001000 at 0xa00082a4
[ 3149.928741] PUF Read:0x00000000 at 0xa00082a8
[ 3149.928894] PUF Read:0x00000000 at 0xa00082ac
[ 3149.928894] PUF Read:0x00000000 at 0xa00082b0
[ 3149.928894] PUF Read:0x00000000 at 0xa00082b4
[ 3149.928894] PUF Read:0x00000040 at 0xa00082b8
[ 3149.928894] PUF Read:0x00000000 at 0xa00082bc
[ 3149.928894] PUF Read:0x00000000 at 0xa00082c0
[ 3149.929046] PUF Read:0x00000000 at 0xa00082c4
[ 3149.929046] PUF Read:0x10000000 at 0xa00082c8
[ 3149.929046] PUF Read:0x00000000 at 0xa00082cc
[ 3149.929046] PUF Read:0x00100000 at 0xa00082d0
[ 3149.929046] PUF Read:0x00000000 at 0xa00082d4
[ 3149.929046] PUF Read:0x40000000 at 0xa00082d8
[ 3149.929199] PUF Read:0x00004000 at 0xa00082dc
[ 3149.929199] PUF Read:0x00000000 at 0xa00082e0
[ 3149.929199] PUF Read:0x00000400 at 0xa00082e4
[ 3149.929199] PUF Read:0x00000100 at 0xa00082e8
[ 3149.929290] PUF Read:0x00000001 at 0xa00082ec
[ 3149.929290] PUF Read:0x00000001 at 0xa00082f0
[ 3149.929351] PUF Read:0x00000000 at 0xa00082f4
[ 3149.929382] PUF Read:0x00000000 at 0xa00082f8
[ 3149.929382] PUF Read:0x00000000 at 0xa00082fc
[ 3149.929382] PUF Read:0x00000100 at 0xa0008300
[ 3149.929443] PUF Read:0x00000000 at 0xa0008304
[ 3149.929443] PUF Read:0x00000000 at 0xa0008308
[ 3149.929504] PUF Read:0x00000000 at 0xa000830c
[ 3149.929504] PUF Read:0x00000000 at 0xa0008310
[ 3149.929504] PUF Read:0x00000000 at 0xa0008314
[ 3149.929504] PUF Read:0x01400000 at 0xa0008318
[ 3149.929504] PUF Read:0x10000000 at 0xa000831c
[ 3149.929504] PUF Read:0x00000000 at 0xa0008320
[ 3149.929656] PUF Read:0x00000100 at 0xa0008324
[ 3149.929656] PUF Read:0x00000000 at 0xa0008328
[ 3149.929656] PUF Read:0x00010000 at 0xa000832c
[ 3149.929656] PUF Read:0x00000004 at 0xa0008330
[ 3149.929656] PUF Read:0x00000100 at 0xa0008334
[ 3149.929656] PUF Read:0x00001000 at 0xa0008338
[ 3149.929656] PUF Read:0x00000000 at 0xa000833c
[ 3149.929840] PUF Read:0x10000100 at 0xa0008340
[ 3149.929840] PUF Read:0x00000001 at 0xa0008344
[ 3149.929840] PUF Read:0x00000000 at 0xa0008348
[ 3149.929840] PUF Read:0x00000100 at 0xa000834c
[ 3149.929840] PUF Read:0x00000000 at 0xa0008350
[ 3149.929962] PUF Read:0x00000000 at 0xa0008354
[ 3149.929992] PUF Read:0x00000000 at 0xa0008358
[ 3149.929992] PUF Read:0x00000000 at 0xa000835c
[ 3149.929992] PUF Read:0x00010000 at 0xa0008360
[ 3149.929992] PUF Read:0x00000000 at 0xa0008364
[ 3149.929992] PUF Read:0x00000000 at 0xa0008368
[ 3149.929992] PUF Read:0x00000400 at 0xa000836c
[ 3149.930145] PUF Read:0x00000000 at 0xa0008370
[ 3149.930145] PUF Read:0x00000000 at 0xa0008374
[ 3149.930145] PUF Read:0x40000000 at 0xa0008378
[ 3149.930145] PUF Read:0x00000000 at 0xa000837c
[ 3149.930145] PUF Read:0x00000000 at 0xa0008380
[ 3149.930145] PUF Read:0x00000000 at 0xa0008384
[ 3149.930297] PUF Read:0x00000000 at 0xa0008388
[ 3149.930297] PUF Read:0x00000000 at 0xa000838c
[ 3149.930297] PUF Read:0x00000001 at 0xa0008390
[ 3149.930297] PUF Read:0x00000100 at 0xa0008394
[ 3149.930297] PUF Read:0x00000000 at 0xa0008398
[ 3149.930297] PUF Read:0x00000000 at 0xa000839c
[ 3149.930450] PUF Read:0x00000000 at 0xa00083a0
[ 3149.930450] PUF Read:0x00000000 at 0xa00083a4
[ 3149.930450] PUF Read:0x00000000 at 0xa00083a8
[ 3149.930450] PUF Read:0x00001000 at 0xa00083ac
[ 3149.930450] PUF Read:0x00000000 at 0xa00083b0
[ 3149.930450] PUF Read:0x00000000 at 0xa00083b4
[ 3149.930603] PUF Read:0x00000000 at 0xa00083b8
[ 3149.930603] PUF Read:0x00000000 at 0xa00083bc
[ 3149.930603] PUF Read:0x00000000 at 0xa00083c0
[ 3149.930603] PUF Read:0x04000000 at 0xa00083c4
[ 3149.930603] PUF Read:0x00000000 at 0xa00083c8
[ 3149.930725] PUF Read:0x00000000 at 0xa00083cc
[ 3149.930755] PUF Read:0x00000000 at 0xa00083d0
[ 3149.930755] PUF Read:0x00010000 at 0xa00083d4
[ 3149.930755] PUF Read:0x00000000 at 0xa00083d8
[ 3149.930755] PUF Read:0x00000000 at 0xa00083dc
[ 3149.930755] PUF Read:0x00140000 at 0xa00083e0
[ 3149.930755] PUF Read:0x10000000 at 0xa00083e4
[ 3149.930908] PUF Read:0x00000000 at 0xa00083e8
[ 3149.930908] PUF Read:0x00000000 at 0xa00083ec
[ 3149.930908] PUF Read:0x00000400 at 0xa00083f0
[ 3149.930908] PUF Read:0x04000000 at 0xa00083f4
[ 3149.930908] PUF Read:0x00000004 at 0xa00083f8
[ 3149.930908] PUF Read:0x00040000 at 0xa00083fc
[ 3149.931060] [i] Finished PUF read-out
[ 3149.931060] <6>[i] Finished PUF query for decaytime: 15360
[ 3149.931060] End measurement:16
[ 3149.931091] [i] Start measurement: 17
[ 3149.931091] [i] Start decaytime: 60
[ 3149.931091] EMIF 2 REG Write 0x80000000 at 0x4d000010
[ 3149.931121] EMIF 2 REG Read 0x80000000 at 0x4d000010
[ 3149.931121] EMIF 2 REG Write 0x80000000 at 0x4d000014
[ 3149.931152] EMIF 2 REG Read 0x00000000 at 0x4d000014
[ 3149.931152] EMIF 2 REG Write 0x08016893 at 0x4d0000cc
[ 3149.931182] EMIF 2 REG Read 0x08016893 at 0x4d0000cc
[ 3149.931182] Temp polling alert disabled
[ 3149.931182] Refresh Disabled at EMIF2
[ 3149.931213] [i] Initialiting PUF & hammer rows
[ 3149.931213] [i] Single-Sided Rowhammer (SSRH)
[ 3149.933074] [i] Finished initialiting PUF & hammer rows
[ 3149.933074] [i]	Timer elapsed since its reset 0 sec
[ 3149.937988] [i] Decay: 60 sec
[ 3149.937988] [i]	Relative Decay: 0 msec
