[ 1349.746826] [i] Total hammer attempts per row: 3725728
[ 1349.746826] EMIF 2 REG Write 0x00000618 at 0x4d000010
[ 1349.746856] EMIF 2 REG Read 0x00000618 at 0x4d000010
[ 1349.746856] EMIF 2 REG Write 0x00000618 at 0x4d000014
[ 1349.746887] EMIF 2 REG Read 0x00000618 at 0x4d000014
[ 1349.746887] EMIF 2 REG Write 0x58016893 at 0x4d0000cc
[ 1349.746917] EMIF 2 REG Read 0x58016893 at 0x4d0000cc
[ 1349.746917] Temp polling alert enabled
[ 1349.746917] Refresh enabled at EMIF2
[ 1349.746948] [i] Starting PUF read-out
[ 1349.746948] [i] Single-Sided Rowhammer (SSRH)
[ 1349.746978] PUF Read:0x00000010 at 0xa0008000
[ 1349.746978] PUF Read:0x00000400 at 0xa0008004
[ 1349.747039] PUF Read:0x00000000 at 0xa0008008
[ 1349.747039] PUF Read:0x00000000 at 0xa000800c
[ 1349.747039] PUF Read:0x00000000 at 0xa0008010
[ 1349.747039] PUF Read:0x00000100 at 0xa0008014
[ 1349.747131] PUF Read:0x00000000 at 0xa0008018
[ 1349.747161] PUF Read:0x10000000 at 0xa000801c
[ 1349.747161] PUF Read:0x00000000 at 0xa0008020
[ 1349.747161] PUF Read:0x40004000 at 0xa0008024
[ 1349.747222] PUF Read:0x00004000 at 0xa0008028
[ 1349.747222] PUF Read:0x00000010 at 0xa000802c
[ 1349.747283] PUF Read:0x40000000 at 0xa0008030
[ 1349.747314] PUF Read:0x04000000 at 0xa0008034
[ 1349.747314] PUF Read:0x00000000 at 0xa0008038
[ 1349.747314] PUF Read:0x00000000 at 0xa000803c
[ 1349.747375] PUF Read:0x00000001 at 0xa0008040
[ 1349.747375] PUF Read:0x00004000 at 0xa0008044
[ 1349.747436] PUF Read:0x00000000 at 0xa0008048
[ 1349.747467] PUF Read:0x00000001 at 0xa000804c
[ 1349.747467] PUF Read:0x00000000 at 0xa0008050
[ 1349.747467] PUF Read:0x00000000 at 0xa0008054
[ 1349.747528] PUF Read:0x00000000 at 0xa0008058
[ 1349.747528] PUF Read:0x00000000 at 0xa000805c
[ 1349.747589] PUF Read:0x00000000 at 0xa0008060
[ 1349.747619] PUF Read:0x00100000 at 0xa0008064
[ 1349.747619] PUF Read:0x00000000 at 0xa0008068
[ 1349.747619] PUF Read:0x00000000 at 0xa000806c
[ 1349.747680] PUF Read:0x00000000 at 0xa0008070
[ 1349.747680] PUF Read:0x00000000 at 0xa0008074
[ 1349.747741] PUF Read:0x00000000 at 0xa0008078
[ 1349.747772] PUF Read:0x00010000 at 0xa000807c
[ 1349.747772] PUF Read:0x00010000 at 0xa0008080
[ 1349.747772] PUF Read:0x00000000 at 0xa0008084
[ 1349.747833] PUF Read:0x00000000 at 0xa0008088
[ 1349.747833] PUF Read:0x00000000 at 0xa000808c
[ 1349.747894] PUF Read:0x00000000 at 0xa0008090
[ 1349.747924] PUF Read:0x10000000 at 0xa0008094
[ 1349.747924] PUF Read:0x00010001 at 0xa0008098
[ 1349.747924] PUF Read:0x00000000 at 0xa000809c
[ 1349.747924] PUF Read:0x00000000 at 0xa00080a0
[ 1349.747924] PUF Read:0x00010000 at 0xa00080a4
[ 1349.748046] PUF Read:0x00000001 at 0xa00080a8
[ 1349.748046] PUF Read:0x00000041 at 0xa00080ac
[ 1349.748046] PUF Read:0x00000000 at 0xa00080b0
[ 1349.748046] PUF Read:0x00000000 at 0xa00080b4
[ 1349.748046] PUF Read:0x00004000 at 0xa00080b8
[ 1349.748046] PUF Read:0x00000000 at 0xa00080bc
[ 1349.748199] PUF Read:0x00000400 at 0xa00080c0
[ 1349.748199] PUF Read:0x00000000 at 0xa00080c4
[ 1349.748199] PUF Read:0x10000000 at 0xa00080c8
[ 1349.748199] PUF Read:0x01000000 at 0xa00080cc
[ 1349.748199] PUF Read:0x40044000 at 0xa00080d0
[ 1349.748321] PUF Read:0x00000000 at 0xa00080d4
[ 1349.748352] PUF Read:0x00001000 at 0xa00080d8
[ 1349.748352] PUF Read:0x00000000 at 0xa00080dc
[ 1349.748352] PUF Read:0x01000000 at 0xa00080e0
[ 1349.748413] PUF Read:0x00000000 at 0xa00080e4
[ 1349.748413] PUF Read:0x00000000 at 0xa00080e8
[ 1349.748474] PUF Read:0x00000001 at 0xa00080ec
[ 1349.748504] PUF Read:0x00000000 at 0xa00080f0
[ 1349.748504] PUF Read:0x00000000 at 0xa00080f4
[ 1349.748504] PUF Read:0x00000100 at 0xa00080f8
[ 1349.748565] PUF Read:0x00000000 at 0xa00080fc
[ 1349.748565] PUF Read:0x00000000 at 0xa0008100
[ 1349.748626] PUF Read:0x00000000 at 0xa0008104
[ 1349.748626] PUF Read:0x00000000 at 0xa0008108
[ 1349.748626] PUF Read:0x00000000 at 0xa000810c
[ 1349.748626] PUF Read:0x00000000 at 0xa0008110
[ 1349.748626] PUF Read:0x00400000 at 0xa0008114
[ 1349.748748] PUF Read:0x00000000 at 0xa0008118
[ 1349.748779] PUF Read:0x00000000 at 0xa000811c
[ 1349.748779] PUF Read:0x00000000 at 0xa0008120
[ 1349.748779] PUF Read:0x00000400 at 0xa0008124
[ 1349.748840] PUF Read:0x00000000 at 0xa0008128
[ 1349.748840] PUF Read:0x00000000 at 0xa000812c
[ 1349.748901] PUF Read:0x00000000 at 0xa0008130
[ 1349.748931] PUF Read:0x00000000 at 0xa0008134
[ 1349.748931] PUF Read:0x00010000 at 0xa0008138
[ 1349.748931] PUF Read:0x00000000 at 0xa000813c
[ 1349.748992] PUF Read:0x40000400 at 0xa0008140
[ 1349.748992] PUF Read:0x00000000 at 0xa0008144
[ 1349.749053] PUF Read:0x00100400 at 0xa0008148
[ 1349.749084] PUF Read:0x00000000 at 0xa000814c
[ 1349.749084] PUF Read:0x00000000 at 0xa0008150
[ 1349.749084] PUF Read:0x00000000 at 0xa0008154
[ 1349.749084] PUF Read:0x00000000 at 0xa0008158
[ 1349.749084] PUF Read:0x00100040 at 0xa000815c
[ 1349.749206] PUF Read:0x00001000 at 0xa0008160
[ 1349.749206] PUF Read:0x00000000 at 0xa0008164
[ 1349.749206] PUF Read:0x04000000 at 0xa0008168
[ 1349.749206] PUF Read:0x00400000 at 0xa000816c
[ 1349.749206] PUF Read:0x00000000 at 0xa0008170
[ 1349.749206] PUF Read:0x00100000 at 0xa0008174
[ 1349.749359] PUF Read:0x00000000 at 0xa0008178
[ 1349.749359] PUF Read:0x00004000 at 0xa000817c
[ 1349.749359] PUF Read:0x00000000 at 0xa0008180
[ 1349.749359] PUF Read:0x00000000 at 0xa0008184
[ 1349.749450] PUF Read:0x00040000 at 0xa0008188
[ 1349.749450] PUF Read:0x00000440 at 0xa000818c
[ 1349.749511] PUF Read:0x00000000 at 0xa0008190
[ 1349.749511] PUF Read:0x40000000 at 0xa0008194
[ 1349.749511] PUF Read:0x00000004 at 0xa0008198
[ 1349.749511] PUF Read:0x00000000 at 0xa000819c
[ 1349.749511] PUF Read:0x00000000 at 0xa00081a0
[ 1349.749511] PUF Read:0x00000000 at 0xa00081a4
[ 1349.749664] PUF Read:0x00000000 at 0xa00081a8
[ 1349.749664] PUF Read:0x00000000 at 0xa00081ac
[ 1349.749664] PUF Read:0x00410000 at 0xa00081b0
[ 1349.749725] PUF Read:0x00000000 at 0xa00081b4
[ 1349.749725] PUF Read:0x00000000 at 0xa00081b8
[ 1349.749786] PUF Read:0x00100000 at 0xa00081bc
[ 1349.749816] PUF Read:0x00000000 at 0xa00081c0
[ 1349.749816] PUF Read:0x00000004 at 0xa00081c4
[ 1349.749816] PUF Read:0x00000000 at 0xa00081c8
[ 1349.749877] PUF Read:0x00010000 at 0xa00081cc
[ 1349.749877] PUF Read:0x10000000 at 0xa00081d0
[ 1349.749938] PUF Read:0x00000000 at 0xa00081d4
[ 1349.749969] PUF Read:0x00000000 at 0xa00081d8
[ 1349.749969] PUF Read:0x00000000 at 0xa00081dc
[ 1349.749969] PUF Read:0x00000000 at 0xa00081e0
[ 1349.749969] PUF Read:0x00000040 at 0xa00081e4
[ 1349.750061] PUF Read:0x00000000 at 0xa00081e8
[ 1349.750091] PUF Read:0x00000000 at 0xa00081ec
[ 1349.750091] PUF Read:0x00000001 at 0xa00081f0
[ 1349.750152] PUF Read:0x00000400 at 0xa00081f4
[ 1349.750152] PUF Read:0x00000000 at 0xa00081f8
[ 1349.750152] PUF Read:0x00000040 at 0xa00081fc
[ 1349.750213] PUF Read:0x00000000 at 0xa0008200
[ 1349.750244] PUF Read:0x00000000 at 0xa0008204
[ 1349.750244] PUF Read:0x00000010 at 0xa0008208
[ 1349.750244] PUF Read:0x00000000 at 0xa000820c
[ 1349.750305] PUF Read:0x00400000 at 0xa0008210
[ 1349.750305] PUF Read:0x00000000 at 0xa0008214
[ 1349.750366] PUF Read:0x00000400 at 0xa0008218
[ 1349.750396] PUF Read:0x00000000 at 0xa000821c
[ 1349.750396] PUF Read:0x00000000 at 0xa0008220
[ 1349.750396] PUF Read:0x00100000 at 0xa0008224
[ 1349.750457] PUF Read:0x00000000 at 0xa0008228
[ 1349.750457] PUF Read:0x00000000 at 0xa000822c
[ 1349.750518] PUF Read:0x00000500 at 0xa0008230
[ 1349.750518] PUF Read:0x00400000 at 0xa0008234
[ 1349.750518] PUF Read:0x00000000 at 0xa0008238
[ 1349.750518] PUF Read:0x00000400 at 0xa000823c
[ 1349.750518] PUF Read:0x00000000 at 0xa0008240
[ 1349.750640] PUF Read:0x00000000 at 0xa0008244
[ 1349.750671] PUF Read:0x00000000 at 0xa0008248
[ 1349.750671] PUF Read:0x00000000 at 0xa000824c
[ 1349.750671] PUF Read:0x00000000 at 0xa0008250
[ 1349.750732] PUF Read:0x00100000 at 0xa0008254
[ 1349.750732] PUF Read:0x00000000 at 0xa0008258
[ 1349.750793] PUF Read:0x04040000 at 0xa000825c
[ 1349.750823] PUF Read:0x00000000 at 0xa0008260
[ 1349.750823] PUF Read:0x00000000 at 0xa0008264
[ 1349.750823] PUF Read:0x00000400 at 0xa0008268
[ 1349.750885] PUF Read:0x00000000 at 0xa000826c
[ 1349.750885] PUF Read:0x00000000 at 0xa0008270
[ 1349.750946] PUF Read:0x00000000 at 0xa0008274
[ 1349.750976] PUF Read:0x00000040 at 0xa0008278
[ 1349.750976] PUF Read:0x00000000 at 0xa000827c
[ 1349.750976] PUF Read:0x40000000 at 0xa0008280
[ 1349.751037] PUF Read:0x00000000 at 0xa0008284
[ 1349.751037] PUF Read:0x00400000 at 0xa0008288
[ 1349.751098] PUF Read:0x00000000 at 0xa000828c
[ 1349.751129] PUF Read:0x00000000 at 0xa0008290
[ 1349.751129] PUF Read:0x00000000 at 0xa0008294
[ 1349.751129] PUF Read:0x00000000 at 0xa0008298
[ 1349.751190] PUF Read:0x00000000 at 0xa000829c
[ 1349.751190] PUF Read:0x00000000 at 0xa00082a0
[ 1349.751251] PUF Read:0x00001000 at 0xa00082a4
[ 1349.751281] PUF Read:0x00000000 at 0xa00082a8
[ 1349.751281] PUF Read:0x00000000 at 0xa00082ac
[ 1349.751281] PUF Read:0x00000000 at 0xa00082b0
[ 1349.751281] PUF Read:0x00000000 at 0xa00082b4
[ 1349.751281] PUF Read:0x00000040 at 0xa00082b8
[ 1349.751403] PUF Read:0x00000000 at 0xa00082bc
[ 1349.751403] PUF Read:0x00000000 at 0xa00082c0
[ 1349.751403] PUF Read:0x00000000 at 0xa00082c4
[ 1349.751403] PUF Read:0x10000000 at 0xa00082c8
[ 1349.751403] PUF Read:0x00000000 at 0xa00082cc
[ 1349.751525] PUF Read:0x00100000 at 0xa00082d0
[ 1349.751556] PUF Read:0x00000000 at 0xa00082d4
[ 1349.751556] PUF Read:0x40000000 at 0xa00082d8
[ 1349.751556] PUF Read:0x00004000 at 0xa00082dc
[ 1349.751617] PUF Read:0x00000000 at 0xa00082e0
[ 1349.751617] PUF Read:0x00000400 at 0xa00082e4
[ 1349.751678] PUF Read:0x00000100 at 0xa00082e8
[ 1349.751708] PUF Read:0x00000001 at 0xa00082ec
[ 1349.751708] PUF Read:0x00000001 at 0xa00082f0
[ 1349.751708] PUF Read:0x00000000 at 0xa00082f4
[ 1349.751770] PUF Read:0x00000000 at 0xa00082f8
[ 1349.751770] PUF Read:0x00000000 at 0xa00082fc
[ 1349.751831] PUF Read:0x00000100 at 0xa0008300
[ 1349.751861] PUF Read:0x00000000 at 0xa0008304
[ 1349.751861] PUF Read:0x00000000 at 0xa0008308
[ 1349.751861] PUF Read:0x00000000 at 0xa000830c
[ 1349.751861] PUF Read:0x00000000 at 0xa0008310
[ 1349.751861] PUF Read:0x00000000 at 0xa0008314
[ 1349.751983] PUF Read:0x01400000 at 0xa0008318
[ 1349.751983] PUF Read:0x10000000 at 0xa000831c
[ 1349.751983] PUF Read:0x00000000 at 0xa0008320
[ 1349.751983] PUF Read:0x00000100 at 0xa0008324
[ 1349.751983] PUF Read:0x00000000 at 0xa0008328
[ 1349.752105] PUF Read:0x00010000 at 0xa000832c
[ 1349.752136] PUF Read:0x00000004 at 0xa0008330
[ 1349.752136] PUF Read:0x00000000 at 0xa0008334
[ 1349.752136] PUF Read:0x00001000 at 0xa0008338
[ 1349.752197] PUF Read:0x00000000 at 0xa000833c
[ 1349.752197] PUF Read:0x10000100 at 0xa0008340
[ 1349.752258] PUF Read:0x00000001 at 0xa0008344
[ 1349.752288] PUF Read:0x00000000 at 0xa0008348
[ 1349.752288] PUF Read:0x00000100 at 0xa000834c
[ 1349.752288] PUF Read:0x00000000 at 0xa0008350
[ 1349.752349] PUF Read:0x00000000 at 0xa0008354
[ 1349.752349] PUF Read:0x00000000 at 0xa0008358
[ 1349.752410] PUF Read:0x00000000 at 0xa000835c
[ 1349.752410] PUF Read:0x00010000 at 0xa0008360
[ 1349.752471] PUF Read:0x00000000 at 0xa0008364
[ 1349.752502] PUF Read:0x00000000 at 0xa0008368
[ 1349.752563] PUF Read:0x00000400 at 0xa000836c
[ 1349.752563] PUF Read:0x00000000 at 0xa0008370
[ 1349.752563] PUF Read:0x00000000 at 0xa0008374
[ 1349.752563] PUF Read:0x40000000 at 0xa0008378
[ 1349.752563] PUF Read:0x00000000 at 0xa000837c
[ 1349.752563] PUF Read:0x00000000 at 0xa0008380
[ 1349.752716] PUF Read:0x00000000 at 0xa0008384
[ 1349.752716] PUF Read:0x00000000 at 0xa0008388
[ 1349.752716] PUF Read:0x00000000 at 0xa000838c
[ 1349.752716] PUF Read:0x00000001 at 0xa0008390
[ 1349.752716] PUF Read:0x00000100 at 0xa0008394
[ 1349.752716] PUF Read:0x00000000 at 0xa0008398
[ 1349.752868] PUF Read:0x00000000 at 0xa000839c
[ 1349.752868] PUF Read:0x00000000 at 0xa00083a0
[ 1349.752868] PUF Read:0x00000000 at 0xa00083a4
[ 1349.752868] PUF Read:0x00000000 at 0xa00083a8
[ 1349.752868] PUF Read:0x00001000 at 0xa00083ac
[ 1349.752990] PUF Read:0x00000000 at 0xa00083b0
[ 1349.753021] PUF Read:0x00000000 at 0xa00083b4
[ 1349.753021] PUF Read:0x00000000 at 0xa00083b8
[ 1349.753082] PUF Read:0x00000000 at 0xa00083bc
[ 1349.753082] PUF Read:0x00000000 at 0xa00083c0
[ 1349.753082] PUF Read:0x04000000 at 0xa00083c4
[ 1349.753143] PUF Read:0x00000000 at 0xa00083c8
[ 1349.753173] PUF Read:0x00000000 at 0xa00083cc
[ 1349.753173] PUF Read:0x00000000 at 0xa00083d0
[ 1349.753234] PUF Read:0x00010000 at 0xa00083d4
[ 1349.753234] PUF Read:0x00000000 at 0xa00083d8
[ 1349.753234] PUF Read:0x00000000 at 0xa00083dc
[ 1349.753295] PUF Read:0x00140004 at 0xa00083e0
[ 1349.753326] PUF Read:0x10000000 at 0xa00083e4
[ 1349.753326] PUF Read:0x00000000 at 0xa00083e8
[ 1349.753326] PUF Read:0x00000000 at 0xa00083ec
[ 1349.753387] PUF Read:0x00000400 at 0xa00083f0
[ 1349.753387] PUF Read:0x04000000 at 0xa00083f4
[ 1349.753448] PUF Read:0x00000004 at 0xa00083f8
[ 1349.753479] PUF Read:0x00040000 at 0xa00083fc
[ 1349.753479] [i] Finished PUF read-out
[ 1349.753509] <6>[i] Finished PUF query for decaytime: 15360
[ 1349.753509] End measurement:6
[ 1349.753509] [i] Start measurement: 7
[ 1349.753540] [i] Start decaytime: 60
[ 1349.753540] EMIF 2 REG Write 0x80000000 at 0x4d000010
[ 1349.753570] EMIF 2 REG Read 0x80000000 at 0x4d000010
[ 1349.753570] EMIF 2 REG Write 0x80000000 at 0x4d000014
[ 1349.753570] EMIF 2 REG Read 0x00000000 at 0x4d000014
[ 1349.753601] EMIF 2 REG Write 0x08016893 at 0x4d0000cc
[ 1349.753601] EMIF 2 REG Read 0x08016893 at 0x4d0000cc
[ 1349.753631] Temp polling alert disabled
[ 1349.753631] Refresh Disabled at EMIF2
[ 1349.753631] [i] Initialiting PUF & hammer rows
[ 1349.753662] [i] Single-Sided Rowhammer (SSRH)
[ 1349.753662] [i] Finished initialiting PUF & hammer rows
[ 1349.760345] [i]	Timer elapsed since its reset 0 sec
[ 1349.760345] [i] Decay: 60 sec
[ 1349.760345] [i]	Relative Decay: 0 msec
