[ 3509.955596] [i] Total hammer attempts per row: 3725748
[ 3509.955627] EMIF 2 REG Write 0x00000618 at 0x4d000010
[ 3509.955627] EMIF 2 REG Read 0x00000618 at 0x4d000010
[ 3509.955657] EMIF 2 REG Write 0x00000618 at 0x4d000014
[ 3509.955657] EMIF 2 REG Read 0x00000618 at 0x4d000014
[ 3509.955688] EMIF 2 REG Write 0x58016893 at 0x4d0000cc
[ 3509.955688] EMIF 2 REG Read 0x58016893 at 0x4d0000cc
[ 3509.955718] Temp polling alert enabled
[ 3509.955718] Refresh enabled at EMIF2
[ 3509.955718] [i] Starting PUF read-out
[ 3509.955749] [i] Single-Sided Rowhammer (SSRH)
[ 3509.955749] PUF Read:0x00000010 at 0xa0008000
[ 3509.955749] PUF Read:0x00000400 at 0xa0008004
[ 3509.955749] PUF Read:0x00000000 at 0xa0008008
[ 3509.955841] PUF Read:0x00000000 at 0xa000800c
[ 3509.955871] PUF Read:0x00000000 at 0xa0008010
[ 3509.955871] PUF Read:0x00000100 at 0xa0008014
[ 3509.955871] PUF Read:0x00000000 at 0xa0008018
[ 3509.955932] PUF Read:0x10400000 at 0xa000801c
[ 3509.955932] PUF Read:0x40000000 at 0xa0008020
[ 3509.955932] PUF Read:0x40004000 at 0xa0008024
[ 3509.956024] PUF Read:0x00004000 at 0xa0008028
[ 3509.956024] PUF Read:0x00000010 at 0xa000802c
[ 3509.956024] PUF Read:0x40000000 at 0xa0008030
[ 3509.956024] PUF Read:0x04000000 at 0xa0008034
[ 3509.956024] PUF Read:0x00000000 at 0xa0008038
[ 3509.956024] PUF Read:0x00000000 at 0xa000803c
[ 3509.956176] PUF Read:0x00000001 at 0xa0008040
[ 3509.956207] PUF Read:0x00004000 at 0xa0008044
[ 3509.956207] PUF Read:0x00000000 at 0xa0008048
[ 3509.956207] PUF Read:0x00000001 at 0xa000804c
[ 3509.956268] PUF Read:0x00000000 at 0xa0008050
[ 3509.956268] PUF Read:0x00000000 at 0xa0008054
[ 3509.956329] PUF Read:0x00000000 at 0xa0008058
[ 3509.956359] PUF Read:0x00000000 at 0xa000805c
[ 3509.956359] PUF Read:0x00000000 at 0xa0008060
[ 3509.956359] PUF Read:0x00100000 at 0xa0008064
[ 3509.956420] PUF Read:0x00000000 at 0xa0008068
[ 3509.956420] PUF Read:0x00000000 at 0xa000806c
[ 3509.956481] PUF Read:0x00000000 at 0xa0008070
[ 3509.956481] PUF Read:0x00000000 at 0xa0008074
[ 3509.956481] PUF Read:0x00000000 at 0xa0008078
[ 3509.956481] PUF Read:0x00010000 at 0xa000807c
[ 3509.956481] PUF Read:0x00010000 at 0xa0008080
[ 3509.956604] PUF Read:0x00000000 at 0xa0008084
[ 3509.956604] PUF Read:0x00000000 at 0xa0008088
[ 3509.956665] PUF Read:0x00000000 at 0xa000808c
[ 3509.956695] PUF Read:0x00000000 at 0xa0008090
[ 3509.956695] PUF Read:0x10000000 at 0xa0008094
[ 3509.956695] PUF Read:0x00410001 at 0xa0008098
[ 3509.956756] PUF Read:0x00000000 at 0xa000809c
[ 3509.956756] PUF Read:0x00000000 at 0xa00080a0
[ 3509.956817] PUF Read:0x00010000 at 0xa00080a4
[ 3509.956848] PUF Read:0x00000001 at 0xa00080a8
[ 3509.956848] PUF Read:0x00000041 at 0xa00080ac
[ 3509.956848] PUF Read:0x00000000 at 0xa00080b0
[ 3509.956909] PUF Read:0x00000000 at 0xa00080b4
[ 3509.956909] PUF Read:0x00004000 at 0xa00080b8
[ 3509.956970] PUF Read:0x00000000 at 0xa00080bc
[ 3509.957000] PUF Read:0x00000400 at 0xa00080c0
[ 3509.957000] PUF Read:0x00000000 at 0xa00080c4
[ 3509.957000] PUF Read:0x10000000 at 0xa00080c8
[ 3509.957061] PUF Read:0x01000000 at 0xa00080cc
[ 3509.957061] PUF Read:0x40044000 at 0xa00080d0
[ 3509.957122] PUF Read:0x00000000 at 0xa00080d4
[ 3509.957153] PUF Read:0x00001000 at 0xa00080d8
[ 3509.957153] PUF Read:0x00000000 at 0xa00080dc
[ 3509.957153] PUF Read:0x01000000 at 0xa00080e0
[ 3509.957214] PUF Read:0x00000000 at 0xa00080e4
[ 3509.957214] PUF Read:0x00000000 at 0xa00080e8
[ 3509.957275] PUF Read:0x00000001 at 0xa00080ec
[ 3509.957305] PUF Read:0x00000000 at 0xa00080f0
[ 3509.957305] PUF Read:0x00000000 at 0xa00080f4
[ 3509.957305] PUF Read:0x00000100 at 0xa00080f8
[ 3509.957366] PUF Read:0x00000000 at 0xa00080fc
[ 3509.957366] PUF Read:0x00000000 at 0xa0008100
[ 3509.957427] PUF Read:0x00000000 at 0xa0008104
[ 3509.957458] PUF Read:0x00000000 at 0xa0008108
[ 3509.957458] PUF Read:0x00000000 at 0xa000810c
[ 3509.957458] PUF Read:0x00000000 at 0xa0008110
[ 3509.957519] PUF Read:0x00400000 at 0xa0008114
[ 3509.957519] PUF Read:0x00000000 at 0xa0008118
[ 3509.957580] PUF Read:0x00000000 at 0xa000811c
[ 3509.957611] PUF Read:0x00000000 at 0xa0008120
[ 3509.957611] PUF Read:0x00000400 at 0xa0008124
[ 3509.957611] PUF Read:0x00000040 at 0xa0008128
[ 3509.957672] PUF Read:0x00000000 at 0xa000812c
[ 3509.957672] PUF Read:0x00000000 at 0xa0008130
[ 3509.957733] PUF Read:0x00000000 at 0xa0008134
[ 3509.957763] PUF Read:0x00010000 at 0xa0008138
[ 3509.957763] PUF Read:0x00000000 at 0xa000813c
[ 3509.957763] PUF Read:0x40000400 at 0xa0008140
[ 3509.957824] PUF Read:0x00000000 at 0xa0008144
[ 3509.957824] PUF Read:0x00100400 at 0xa0008148
[ 3509.957885] PUF Read:0x00000000 at 0xa000814c
[ 3509.957916] PUF Read:0x00000000 at 0xa0008150
[ 3509.957916] PUF Read:0x00000000 at 0xa0008154
[ 3509.957916] PUF Read:0x00000000 at 0xa0008158
[ 3509.957977] PUF Read:0x00100040 at 0xa000815c
[ 3509.957977] PUF Read:0x00001000 at 0xa0008160
[ 3509.958038] PUF Read:0x00000000 at 0xa0008164
[ 3509.958068] PUF Read:0x04000000 at 0xa0008168
[ 3509.958068] PUF Read:0x00400000 at 0xa000816c
[ 3509.958068] PUF Read:0x00000000 at 0xa0008170
[ 3509.958068] PUF Read:0x00100000 at 0xa0008174
[ 3509.958160] PUF Read:0x00000000 at 0xa0008178
[ 3509.958160] PUF Read:0x00004000 at 0xa000817c
[ 3509.958221] PUF Read:0x00000000 at 0xa0008180
[ 3509.958251] PUF Read:0x00000000 at 0xa0008184
[ 3509.958251] PUF Read:0x00040000 at 0xa0008188
[ 3509.958312] PUF Read:0x00000440 at 0xa000818c
[ 3509.958312] PUF Read:0x00000000 at 0xa0008190
[ 3509.958312] PUF Read:0x40000000 at 0xa0008194
[ 3509.958374] PUF Read:0x00000004 at 0xa0008198
[ 3509.958404] PUF Read:0x00000000 at 0xa000819c
[ 3509.958404] PUF Read:0x00000000 at 0xa00081a0
[ 3509.958404] PUF Read:0x00000000 at 0xa00081a4
[ 3509.958465] PUF Read:0x00000000 at 0xa00081a8
[ 3509.958465] PUF Read:0x00000000 at 0xa00081ac
[ 3509.958526] PUF Read:0x00410000 at 0xa00081b0
[ 3509.958557] PUF Read:0x00000000 at 0xa00081b4
[ 3509.958557] PUF Read:0x00000000 at 0xa00081b8
[ 3509.958618] PUF Read:0x00100000 at 0xa00081bc
[ 3509.958618] PUF Read:0x00000000 at 0xa00081c0
[ 3509.958618] PUF Read:0x00000004 at 0xa00081c4
[ 3509.958679] PUF Read:0x00000000 at 0xa00081c8
[ 3509.958709] PUF Read:0x00010000 at 0xa00081cc
[ 3509.958709] PUF Read:0x10000000 at 0xa00081d0
[ 3509.958709] PUF Read:0x00000000 at 0xa00081d4
[ 3509.958770] PUF Read:0x10000000 at 0xa00081d8
[ 3509.958770] PUF Read:0x00000000 at 0xa00081dc
[ 3509.958831] PUF Read:0x00000000 at 0xa00081e0
[ 3509.958862] PUF Read:0x00000040 at 0xa00081e4
[ 3509.958862] PUF Read:0x00000000 at 0xa00081e8
[ 3509.958862] PUF Read:0x00000010 at 0xa00081ec
[ 3509.958923] PUF Read:0x00000001 at 0xa00081f0
[ 3509.958923] PUF Read:0x00000400 at 0xa00081f4
[ 3509.958984] PUF Read:0x00000000 at 0xa00081f8
[ 3509.959014] PUF Read:0x00000040 at 0xa00081fc
[ 3509.959014] PUF Read:0x00000000 at 0xa0008200
[ 3509.959075] PUF Read:0x00000000 at 0xa0008204
[ 3509.959075] PUF Read:0x00000010 at 0xa0008208
[ 3509.959075] PUF Read:0x00000000 at 0xa000820c
[ 3509.959136] PUF Read:0x00400000 at 0xa0008210
[ 3509.959167] PUF Read:0x00000000 at 0xa0008214
[ 3509.959167] PUF Read:0x00000400 at 0xa0008218
[ 3509.959167] PUF Read:0x00000000 at 0xa000821c
[ 3509.959228] PUF Read:0x00000000 at 0xa0008220
[ 3509.959228] PUF Read:0x00100000 at 0xa0008224
[ 3509.959289] PUF Read:0x00000000 at 0xa0008228
[ 3509.959320] PUF Read:0x00000000 at 0xa000822c
[ 3509.959320] PUF Read:0x00000500 at 0xa0008230
[ 3509.959320] PUF Read:0x00400000 at 0xa0008234
[ 3509.959381] PUF Read:0x00000000 at 0xa0008238
[ 3509.959381] PUF Read:0x00000400 at 0xa000823c
[ 3509.959442] PUF Read:0x00000000 at 0xa0008240
[ 3509.959472] PUF Read:0x00000000 at 0xa0008244
[ 3509.959472] PUF Read:0x00000000 at 0xa0008248
[ 3509.959472] PUF Read:0x00000000 at 0xa000824c
[ 3509.959533] PUF Read:0x04000000 at 0xa0008250
[ 3509.959533] PUF Read:0x00100000 at 0xa0008254
[ 3509.959594] PUF Read:0x00000000 at 0xa0008258
[ 3509.959625] PUF Read:0x04040000 at 0xa000825c
[ 3509.959625] PUF Read:0x00000000 at 0xa0008260
[ 3509.959625] PUF Read:0x00001000 at 0xa0008264
[ 3509.959625] PUF Read:0x00000400 at 0xa0008268
[ 3509.959716] PUF Read:0x00000000 at 0xa000826c
[ 3509.959716] PUF Read:0x00000000 at 0xa0008270
[ 3509.959777] PUF Read:0x00000000 at 0xa0008274
[ 3509.959808] PUF Read:0x00000040 at 0xa0008278
[ 3509.959808] PUF Read:0x00100000 at 0xa000827c
[ 3509.959808] PUF Read:0x40000000 at 0xa0008280
[ 3509.959869] PUF Read:0x00000000 at 0xa0008284
[ 3509.959869] PUF Read:0x00400000 at 0xa0008288
[ 3509.959930] PUF Read:0x00000000 at 0xa000828c
[ 3509.959960] PUF Read:0x00000000 at 0xa0008290
[ 3509.959960] PUF Read:0x00000000 at 0xa0008294
[ 3509.959960] PUF Read:0x00000000 at 0xa0008298
[ 3509.960021] PUF Read:0x00000000 at 0xa000829c
[ 3509.960021] PUF Read:0x00000000 at 0xa00082a0
[ 3509.960083] PUF Read:0x00001000 at 0xa00082a4
[ 3509.960113] PUF Read:0x00000000 at 0xa00082a8
[ 3509.960113] PUF Read:0x00000000 at 0xa00082ac
[ 3509.960113] PUF Read:0x00000000 at 0xa00082b0
[ 3509.960174] PUF Read:0x00000000 at 0xa00082b4
[ 3509.960174] PUF Read:0x00000040 at 0xa00082b8
[ 3509.960235] PUF Read:0x00000000 at 0xa00082bc
[ 3509.960266] PUF Read:0x00000000 at 0xa00082c0
[ 3509.960266] PUF Read:0x00000000 at 0xa00082c4
[ 3509.960266] PUF Read:0x10000000 at 0xa00082c8
[ 3509.960327] PUF Read:0x00000000 at 0xa00082cc
[ 3509.960327] PUF Read:0x00100000 at 0xa00082d0
[ 3509.960388] PUF Read:0x00000000 at 0xa00082d4
[ 3509.960418] PUF Read:0x40000000 at 0xa00082d8
[ 3509.960418] PUF Read:0x00004000 at 0xa00082dc
[ 3509.960418] PUF Read:0x00000000 at 0xa00082e0
[ 3509.960479] PUF Read:0x00000400 at 0xa00082e4
[ 3509.960479] PUF Read:0x00000100 at 0xa00082e8
[ 3509.960540] PUF Read:0x00000001 at 0xa00082ec
[ 3509.960571] PUF Read:0x00000001 at 0xa00082f0
[ 3509.960571] PUF Read:0x00000000 at 0xa00082f4
[ 3509.960571] PUF Read:0x00000000 at 0xa00082f8
[ 3509.960632] PUF Read:0x00000000 at 0xa00082fc
[ 3509.960632] PUF Read:0x00000100 at 0xa0008300
[ 3509.960693] PUF Read:0x00000000 at 0xa0008304
[ 3509.960723] PUF Read:0x00000000 at 0xa0008308
[ 3509.960723] PUF Read:0x00000000 at 0xa000830c
[ 3509.960723] PUF Read:0x00000000 at 0xa0008310
[ 3509.960784] PUF Read:0x00000000 at 0xa0008314
[ 3509.960784] PUF Read:0x01400000 at 0xa0008318
[ 3509.960845] PUF Read:0x10000000 at 0xa000831c
[ 3509.960876] PUF Read:0x00000000 at 0xa0008320
[ 3509.960876] PUF Read:0x00000100 at 0xa0008324
[ 3509.960876] PUF Read:0x00000000 at 0xa0008328
[ 3509.960937] PUF Read:0x00010000 at 0xa000832c
[ 3509.960937] PUF Read:0x00000004 at 0xa0008330
[ 3509.960998] PUF Read:0x00000100 at 0xa0008334
[ 3509.961029] PUF Read:0x00001000 at 0xa0008338
[ 3509.961029] PUF Read:0x00000000 at 0xa000833c
[ 3509.961029] PUF Read:0x10000100 at 0xa0008340
[ 3509.961090] PUF Read:0x00000001 at 0xa0008344
[ 3509.961090] PUF Read:0x00000000 at 0xa0008348
[ 3509.961090] PUF Read:0x00000100 at 0xa000834c
[ 3509.961181] PUF Read:0x00000000 at 0xa0008350
[ 3509.961181] PUF Read:0x00000000 at 0xa0008354
[ 3509.961181] PUF Read:0x00000000 at 0xa0008358
[ 3509.961181] PUF Read:0x00000000 at 0xa000835c
[ 3509.961181] PUF Read:0x00010000 at 0xa0008360
[ 3509.961303] PUF Read:0x00000000 at 0xa0008364
[ 3509.961334] PUF Read:0x00000000 at 0xa0008368
[ 3509.961334] PUF Read:0x00000400 at 0xa000836c
[ 3509.961395] PUF Read:0x00000000 at 0xa0008370
[ 3509.961395] PUF Read:0x00000000 at 0xa0008374
[ 3509.961395] PUF Read:0x40000000 at 0xa0008378
[ 3509.961456] PUF Read:0x00000000 at 0xa000837c
[ 3509.961486] PUF Read:0x00000000 at 0xa0008380
[ 3509.961486] PUF Read:0x00000000 at 0xa0008384
[ 3509.961547] PUF Read:0x00000000 at 0xa0008388
[ 3509.961547] PUF Read:0x00000000 at 0xa000838c
[ 3509.961547] PUF Read:0x00000001 at 0xa0008390
[ 3509.961608] PUF Read:0x00000100 at 0xa0008394
[ 3509.961639] PUF Read:0x00000000 at 0xa0008398
[ 3509.961639] PUF Read:0x00000000 at 0xa000839c
[ 3509.961700] PUF Read:0x00000000 at 0xa00083a0
[ 3509.961700] PUF Read:0x00000000 at 0xa00083a4
[ 3509.961700] PUF Read:0x00000000 at 0xa00083a8
[ 3509.961700] PUF Read:0x00001000 at 0xa00083ac
[ 3509.961791] PUF Read:0x00000000 at 0xa00083b0
[ 3509.961791] PUF Read:0x00000000 at 0xa00083b4
[ 3509.961853] PUF Read:0x00000000 at 0xa00083b8
[ 3509.961853] PUF Read:0x00000000 at 0xa00083bc
[ 3509.961853] PUF Read:0x00000000 at 0xa00083c0
[ 3509.961914] PUF Read:0x04000000 at 0xa00083c4
[ 3509.961944] PUF Read:0x00000000 at 0xa00083c8
[ 3509.961944] PUF Read:0x00000000 at 0xa00083cc
[ 3509.961944] PUF Read:0x00000000 at 0xa00083d0
[ 3509.962005] PUF Read:0x00010000 at 0xa00083d4
[ 3509.962005] PUF Read:0x00000000 at 0xa00083d8
[ 3509.962066] PUF Read:0x00000000 at 0xa00083dc
[ 3509.962097] PUF Read:0x00140000 at 0xa00083e0
[ 3509.962097] PUF Read:0x10000000 at 0xa00083e4
[ 3509.962097] PUF Read:0x00000000 at 0xa00083e8
[ 3509.962158] PUF Read:0x00000000 at 0xa00083ec
[ 3509.962158] PUF Read:0x00000400 at 0xa00083f0
[ 3509.962219] PUF Read:0x04000000 at 0xa00083f4
[ 3509.962249] PUF Read:0x00000004 at 0xa00083f8
[ 3509.962249] PUF Read:0x00040000 at 0xa00083fc
[ 3509.962249] [i] Finished PUF read-out
[ 3509.962310] <6>[i] Finished PUF query for decaytime: 15360
[ 3509.962310] End measurement:18
[ 3509.962310] [i] Start measurement: 19
[ 3509.962341] [i] Start decaytime: 60
[ 3509.962341] EMIF 2 REG Write 0x80000000 at 0x4d000010
[ 3509.962341] EMIF 2 REG Read 0x80000000 at 0x4d000010
[ 3509.962371] EMIF 2 REG Write 0x80000000 at 0x4d000014
[ 3509.962371] EMIF 2 REG Read 0x00000000 at 0x4d000014
[ 3509.962402] EMIF 2 REG Write 0x08016893 at 0x4d0000cc
[ 3509.962402] EMIF 2 REG Read 0x08016893 at 0x4d0000cc
[ 3509.962402] Temp polling alert disabled
[ 3509.962432] Refresh Disabled at EMIF2
[ 3509.962432] [i] Initialiting PUF & hammer rows
[ 3509.962432] [i] Single-Sided Rowhammer (SSRH)
[ 3509.970214] [i] Finished initialiting PUF & hammer rows
[ 3509.970214] [i]	Timer elapsed since its reset 0 sec
[ 3509.970245] [i] Decay: 60 sec
[ 3509.970245] [i]	Relative Decay: 0 msec
