[67220.666595] [i] Total hammer attempts per row: 1863805
[67220.666595] EMIF 2 REG Write 0x00000618 at 0x4d000010
[67220.666625] EMIF 2 REG Read 0x00000618 at 0x4d000010
[67220.666625] EMIF 2 REG Write 0x00000618 at 0x4d000014
[67220.666656] EMIF 2 REG Read 0x00000618 at 0x4d000014
[67220.666656] EMIF 2 REG Write 0x58016893 at 0x4d0000cc
[67220.666687] EMIF 2 REG Read 0x58016893 at 0x4d0000cc
[67220.666687] Temp polling alert enabled
[67220.666687] Refresh enabled at EMIF2
[67220.666717] [i] Starting PUF read-out
[67220.666717] [i] Single-Sided Rowhammer (SSRH)
[67220.666748] PUF Read:0xaaaaaaaa at 0xa0008000
[67220.666748] PUF Read:0xaaaaaaaa at 0xa0008004
[67220.666778] PUF Read:0xaaaaaaaa at 0xa0008008
[67220.666778] PUF Read:0xaaaaaaaa at 0xa000800c
[67220.666778] PUF Read:0xaaaaaaaa at 0xa0008010
[67220.666870] PUF Read:0xaaaaabaa at 0xa0008014
[67220.666900] PUF Read:0xaaaaaaaa at 0xa0008018
[67220.666900] PUF Read:0xaaaaaaaa at 0xa000801c
[67220.666961] PUF Read:0xaaaaaaaa at 0xa0008020
[67220.666961] PUF Read:0xaaaaaaaa at 0xa0008024
[67220.666961] PUF Read:0xaaaaaaaa at 0xa0008028
[67220.666961] PUF Read:0xaaaaaaaa at 0xa000802c
[67220.666961] PUF Read:0xaaaaaaaa at 0xa0008030
[67220.667083] PUF Read:0xaaaaaaaa at 0xa0008034
[67220.667114] PUF Read:0xaaaaaaaa at 0xa0008038
[67220.667114] PUF Read:0xaaaaaaaa at 0xa000803c
[67220.667114] PUF Read:0xaaaaaaab at 0xa0008040
[67220.667175] PUF Read:0xaaaaeaaa at 0xa0008044
[67220.667175] PUF Read:0xaaaaaaaa at 0xa0008048
[67220.667175] PUF Read:0xaaaaaaaa at 0xa000804c
[67220.667266] PUF Read:0xaaaaaaaa at 0xa0008050
[67220.667266] PUF Read:0xaaaaaaaa at 0xa0008054
[67220.667266] PUF Read:0xaaaaaaaa at 0xa0008058
[67220.667266] PUF Read:0xaaaaaaaa at 0xa000805c
[67220.667358] PUF Read:0xaaaaaaaa at 0xa0008060
[67220.667358] PUF Read:0xaaaaaaaa at 0xa0008064
[67220.667419] PUF Read:0xaaaaaaaa at 0xa0008068
[67220.667449] PUF Read:0xaaaaaaaa at 0xa000806c
[67220.667449] PUF Read:0xaaaaaaaa at 0xa0008070
[67220.667449] PUF Read:0xaaaaaaaa at 0xa0008074
[67220.667510] PUF Read:0xaaaaaaaa at 0xa0008078
[67220.667510] PUF Read:0xaaaaaaaa at 0xa000807c
[67220.667572] PUF Read:0xaaaaaaaa at 0xa0008080
[67220.667602] PUF Read:0xaaaaaaaa at 0xa0008084
[67220.667602] PUF Read:0xaaaaaaaa at 0xa0008088
[67220.667602] PUF Read:0xaaaaaaaa at 0xa000808c
[67220.667602] PUF Read:0xaaaa8aaa at 0xa0008090
[67220.667602] PUF Read:0xaaaaaaaa at 0xa0008094
[67220.667602] PUF Read:0xaaabaaaa at 0xa0008098
[67220.667755] PUF Read:0xaaaaaaaa at 0xa000809c
[67220.667755] PUF Read:0xaaaaaaaa at 0xa00080a0
[67220.667755] PUF Read:0xaaaaaaaa at 0xa00080a4
[67220.667755] PUF Read:0xaaaaaaaa at 0xa00080a8
[67220.667846] PUF Read:0xaaaaaaaa at 0xa00080ac
[67220.667846] PUF Read:0xaaaaaaaa at 0xa00080b0
[67220.667907] PUF Read:0xaa2aaaaa at 0xa00080b4
[67220.667938] PUF Read:0xaaaaaaaa at 0xa00080b8
[67220.667938] PUF Read:0x8aaaaaaa at 0xa00080bc
[67220.667938] PUF Read:0xaaaaaaaa at 0xa00080c0
[67220.667999] PUF Read:0xaaaaaaaa at 0xa00080c4
[67220.667999] PUF Read:0xaaa2aaaa at 0xa00080c8
[67220.668060] PUF Read:0xaaaaaaaa at 0xa00080cc
[67220.668090] PUF Read:0xaaaaaaaa at 0xa00080d0
[67220.668090] PUF Read:0xaaaaaaaa at 0xa00080d4
[67220.668090] PUF Read:0xaaaaaaaa at 0xa00080d8
[67220.668090] PUF Read:0xaaaaaaaa at 0xa00080dc
[67220.668090] PUF Read:0xaaaaaaaa at 0xa00080e0
[67220.668090] PUF Read:0xaaaaaaaa at 0xa00080e4
[67220.668243] PUF Read:0xaaaaaaaa at 0xa00080e8
[67220.668243] PUF Read:0xaaaaaaab at 0xa00080ec
[67220.668243] PUF Read:0x8aaaaaaa at 0xa00080f0
[67220.668243] PUF Read:0xaaaaaaaa at 0xa00080f4
[67220.668243] PUF Read:0xaaaaaaaa at 0xa00080f8
[67220.668243] PUF Read:0xaaaaaaaa at 0xa00080fc
[67220.668395] PUF Read:0xaaaaaaaa at 0xa0008100
[67220.668426] PUF Read:0xaaaaaaaa at 0xa0008104
[67220.668426] PUF Read:0xaaaaaaaa at 0xa0008108
[67220.668426] PUF Read:0xaaaaaaaa at 0xa000810c
[67220.668487] PUF Read:0xaaaaaaaa at 0xa0008110
[67220.668487] PUF Read:0xaaaaaaaa at 0xa0008114
[67220.668487] PUF Read:0xaaaaaaaa at 0xa0008118
[67220.668579] PUF Read:0xaaaaaaaa at 0xa000811c
[67220.668609] PUF Read:0xaaaaaaaa at 0xa0008120
[67220.668609] PUF Read:0xaaaaaaaa at 0xa0008124
[67220.668609] PUF Read:0xaaaaaaaa at 0xa0008128
[67220.668670] PUF Read:0xaaaaaaaa at 0xa000812c
[67220.668670] PUF Read:0xaaaaaaaa at 0xa0008130
[67220.668731] PUF Read:0xaaaaaaaa at 0xa0008134
[67220.668762] PUF Read:0xaa8aaaaa at 0xa0008138
[67220.668762] PUF Read:0xaaaaaaaa at 0xa000813c
[67220.668762] PUF Read:0xaaaaaaaa at 0xa0008140
[67220.668762] PUF Read:0xaaaaaaaa at 0xa0008144
[67220.668762] PUF Read:0xaabaaeaa at 0xa0008148
[67220.668762] PUF Read:0xaaaaaaaa at 0xa000814c
[67220.668914] PUF Read:0xaaaaaaaa at 0xa0008150
[67220.668914] PUF Read:0xaaaaaaaa at 0xa0008154
[67220.668914] PUF Read:0xaaaaaaaa at 0xa0008158
[67220.668914] PUF Read:0xaaaaaaea at 0xa000815c
[67220.669006] PUF Read:0xaaaaaaaa at 0xa0008160
[67220.669006] PUF Read:0xaaaaaaaa at 0xa0008164
[67220.669067] PUF Read:0xaaaaaaaa at 0xa0008168
[67220.669097] PUF Read:0xaaaaaaaa at 0xa000816c
[67220.669097] PUF Read:0xaaaaaaaa at 0xa0008170
[67220.669097] PUF Read:0xaaaaaaaa at 0xa0008174
[67220.669158] PUF Read:0xaaaaaaaa at 0xa0008178
[67220.669158] PUF Read:0xaaaaaaaa at 0xa000817c
[67220.669219] PUF Read:0xaaaaaa2a at 0xa0008180
[67220.669250] PUF Read:0xaaaaaaaa at 0xa0008184
[67220.669250] PUF Read:0xaaaaaaaa at 0xa0008188
[67220.669250] PUF Read:0xaaaaaaaa at 0xa000818c
[67220.669311] PUF Read:0xaaaaaaaa at 0xa0008190
[67220.669311] PUF Read:0xaaaaaaaa at 0xa0008194
[67220.669311] PUF Read:0xaaaaaaaa at 0xa0008198
[67220.669403] PUF Read:0xaaaaaaaa at 0xa000819c
[67220.669403] PUF Read:0xaaaaaaaa at 0xa00081a0
[67220.669403] PUF Read:0xaaaaaaaa at 0xa00081a4
[67220.669403] PUF Read:0xaaaaaaaa at 0xa00081a8
[67220.669403] PUF Read:0xaaaaaaaa at 0xa00081ac
[67220.669403] PUF Read:0xaaeaaaaa at 0xa00081b0
[67220.669555] PUF Read:0xaaaaaaaa at 0xa00081b4
[67220.669555] PUF Read:0xaaaaaaaa at 0xa00081b8
[67220.669555] PUF Read:0xaaaaaaaa at 0xa00081bc
[67220.669555] PUF Read:0xaaaaaaaa at 0xa00081c0
[67220.669647] PUF Read:0xaaaaaaae at 0xa00081c4
[67220.669647] PUF Read:0xaaaaaaaa at 0xa00081c8
[67220.669708] PUF Read:0xaaaaaaaa at 0xa00081cc
[67220.669738] PUF Read:0xbaaaaaaa at 0xa00081d0
[67220.669738] PUF Read:0xaaaaaaaa at 0xa00081d4
[67220.669738] PUF Read:0xaaaaaaaa at 0xa00081d8
[67220.669799] PUF Read:0xaaaaaaaa at 0xa00081dc
[67220.669799] PUF Read:0xaaaaaaaa at 0xa00081e0
[67220.669860] PUF Read:0xaaaaaaaa at 0xa00081e4
[67220.669891] PUF Read:0xaaaaaaaa at 0xa00081e8
[67220.669891] PUF Read:0xaa2aaaaa at 0xa00081ec
[67220.669891] PUF Read:0xaaaaaaaa at 0xa00081f0
[67220.669891] PUF Read:0xaaaaaeaa at 0xa00081f4
[67220.669891] PUF Read:0xaaaaaaa2 at 0xa00081f8
[67220.669891] PUF Read:0xaaaaaaaa at 0xa00081fc
[67220.670043] PUF Read:0xaaaaaaaa at 0xa0008200
[67220.670043] PUF Read:0xaaaaaaaa at 0xa0008204
[67220.670043] PUF Read:0xaaaaaaaa at 0xa0008208
[67220.670135] PUF Read:0xa8aaaaaa at 0xa000820c
[67220.670135] PUF Read:0xaaaaaaaa at 0xa0008210
[67220.670135] PUF Read:0xaaaaaaaa at 0xa0008214
[67220.670135] PUF Read:0xaaaaaaaa at 0xa0008218
[67220.670227] PUF Read:0xaaaaaaaa at 0xa000821c
[67220.670227] PUF Read:0xaaaaaaaa at 0xa0008220
[67220.670227] PUF Read:0xaaaaaaaa at 0xa0008224
[67220.670227] PUF Read:0xaaaaaaaa at 0xa0008228
[67220.670227] PUF Read:0xaaaaaaaa at 0xa000822c
[67220.670227] PUF Read:0xaaaaaaaa at 0xa0008230
[67220.670379] PUF Read:0xaaaaaaaa at 0xa0008234
[67220.670379] PUF Read:0xaaaaaaaa at 0xa0008238
[67220.670379] PUF Read:0xaaaaaaaa at 0xa000823c
[67220.670379] PUF Read:0xaaaaaaaa at 0xa0008240
[67220.670379] PUF Read:0xaaaaaaaa at 0xa0008244
[67220.670379] PUF Read:0xaaaaaaaa at 0xa0008248
[67220.670532] PUF Read:0xaaaaaaaa at 0xa000824c
[67220.670562] PUF Read:0xaaaaaaaa at 0xa0008250
[67220.670562] PUF Read:0xaaaaaaaa at 0xa0008254
[67220.670562] PUF Read:0xaaaaaaaa at 0xa0008258
[67220.670623] PUF Read:0xaaaaaaaa at 0xa000825c
[67220.670623] PUF Read:0xaaaaaaaa at 0xa0008260
[67220.670684] PUF Read:0xaaaaaaaa at 0xa0008264
[67220.670715] PUF Read:0xaaaaaaaa at 0xa0008268
[67220.670715] PUF Read:0xaaaaaaaa at 0xa000826c
[67220.670715] PUF Read:0xaaaaaaaa at 0xa0008270
[67220.670776] PUF Read:0xaaaaaaaa at 0xa0008274
[67220.670776] PUF Read:0xaaaaaaaa at 0xa0008278
[67220.670837] PUF Read:0xaaaaaaaa at 0xa000827c
[67220.670867] PUF Read:0xaaaaaaaa at 0xa0008280
[67220.670867] PUF Read:0xaaaaaaaa at 0xa0008284
[67220.670928] PUF Read:0xaaaaaaaa at 0xa0008288
[67220.670928] PUF Read:0xaaaaaaaa at 0xa000828c
[67220.670928] PUF Read:0xaaaaaaaa at 0xa0008290
[67220.670928] PUF Read:0xaaaaaaaa at 0xa0008294
[67220.671020] PUF Read:0xaaaaaaaa at 0xa0008298
[67220.671020] PUF Read:0xaaaaaaaa at 0xa000829c
[67220.671020] PUF Read:0xaaaaaaaa at 0xa00082a0
[67220.671020] PUF Read:0xaaaaaaaa at 0xa00082a4
[67220.671020] PUF Read:0xaaaaaaaa at 0xa00082a8
[67220.671020] PUF Read:0xaaaaaaaa at 0xa00082ac
[67220.671173] PUF Read:0xaaaaaaaa at 0xa00082b0
[67220.671173] PUF Read:0xaaaaaaaa at 0xa00082b4
[67220.671173] PUF Read:0xaaaaaaea at 0xa00082b8
[67220.671173] PUF Read:0xaaaaaaaa at 0xa00082bc
[67220.671173] PUF Read:0xaaaaaaaa at 0xa00082c0
[67220.671173] PUF Read:0xaaaaaaaa at 0xa00082c4
[67220.671325] PUF Read:0xaaaaaaaa at 0xa00082c8
[67220.671325] PUF Read:0xaaaaaaaa at 0xa00082cc
[67220.671325] PUF Read:0xaaaaaaaa at 0xa00082d0
[67220.671325] PUF Read:0xaaaaaaaa at 0xa00082d4
[67220.671325] PUF Read:0xaaaaaaaa at 0xa00082d8
[67220.671325] PUF Read:0xaaaaaaaa at 0xa00082dc
[67220.671478] PUF Read:0xaaaaaaaa at 0xa00082e0
[67220.671478] PUF Read:0xaaaaaeaa at 0xa00082e4
[67220.671478] PUF Read:0xaaaaaaaa at 0xa00082e8
[67220.671478] PUF Read:0xaaaaaaaa at 0xa00082ec
[67220.671569] PUF Read:0xaaaaaaaa at 0xa00082f0
[67220.671569] PUF Read:0xaaaaaaaa at 0xa00082f4
[67220.671569] PUF Read:0xaaaaaaaa at 0xa00082f8
[67220.671661] PUF Read:0xaaaaaaaa at 0xa00082fc
[67220.671691] PUF Read:0xaaaaaaaa at 0xa0008300
[67220.671691] PUF Read:0xaaaaaaaa at 0xa0008304
[67220.671691] PUF Read:0xaaaaaaaa at 0xa0008308
[67220.671752] PUF Read:0xaaaaaaaa at 0xa000830c
[67220.671752] PUF Read:0xaaaaaaaa at 0xa0008310
[67220.671813] PUF Read:0xaaaaaaaa at 0xa0008314
[67220.671844] PUF Read:0xaaaaaaaa at 0xa0008318
[67220.671844] PUF Read:0xbaaaaaaa at 0xa000831c
[67220.671844] PUF Read:0xaaaaaaaa at 0xa0008320
[67220.671844] PUF Read:0xaaaaaaaa at 0xa0008324
[67220.671844] PUF Read:0xaaaaaaaa at 0xa0008328
[67220.671844] PUF Read:0xaaaaaaaa at 0xa000832c
[67220.671997] PUF Read:0xaaaaaaae at 0xa0008330
[67220.672027] PUF Read:0xaaaaaaaa at 0xa0008334
[67220.672027] PUF Read:0xaaaaaaaa at 0xa0008338
[67220.672027] PUF Read:0xaaaaaaaa at 0xa000833c
[67220.672088] PUF Read:0xaaaaaaaa at 0xa0008340
[67220.672088] PUF Read:0xaaaaaaaa at 0xa0008344
[67220.672149] PUF Read:0xaaaaaaaa at 0xa0008348
[67220.672180] PUF Read:0xaaaaaaaa at 0xa000834c
[67220.672180] PUF Read:0xaaaaaaaa at 0xa0008350
[67220.672180] PUF Read:0xaaaaaaaa at 0xa0008354
[67220.672241] PUF Read:0xaaaaaaaa at 0xa0008358
[67220.672241] PUF Read:0xaaaaaaaa at 0xa000835c
[67220.672302] PUF Read:0xaaabaaaa at 0xa0008360
[67220.672332] PUF Read:0xaaaaaaaa at 0xa0008364
[67220.672332] PUF Read:0xaaaaaaaa at 0xa0008368
[67220.672393] PUF Read:0xaaaaaaaa at 0xa000836c
[67220.672393] PUF Read:0xaaaaaaaa at 0xa0008370
[67220.672393] PUF Read:0xaaaaaaaa at 0xa0008374
[67220.672393] PUF Read:0xaaaaaaaa at 0xa0008378
[67220.672485] PUF Read:0xaaaaaaaa at 0xa000837c
[67220.672485] PUF Read:0xaaaaaaaa at 0xa0008380
[67220.672485] PUF Read:0xaaaaaaaa at 0xa0008384
[67220.672485] PUF Read:0xaaaaaaaa at 0xa0008388
[67220.672576] PUF Read:0xaaaaaaaa at 0xa000838c
[67220.672576] PUF Read:0xaaaaaaaa at 0xa0008390
[67220.672637] PUF Read:0xaaaaaaaa at 0xa0008394
[67220.672668] PUF Read:0xaaaaaaaa at 0xa0008398
[67220.672668] PUF Read:0xaaa2aaaa at 0xa000839c
[67220.672668] PUF Read:0xaaaaaaaa at 0xa00083a0
[67220.672729] PUF Read:0xaaaaaaaa at 0xa00083a4
[67220.672729] PUF Read:0xaaaaaaaa at 0xa00083a8
[67220.672790] PUF Read:0xaaaaaaaa at 0xa00083ac
[67220.672821] PUF Read:0xaaaaaaaa at 0xa00083b0
[67220.672821] PUF Read:0xaaaaaaaa at 0xa00083b4
[67220.672821] PUF Read:0xaaaaaaaa at 0xa00083b8
[67220.672821] PUF Read:0xaaaaaaaa at 0xa00083bc
[67220.672821] PUF Read:0xaaaaaaaa at 0xa00083c0
[67220.672821] PUF Read:0xaaaaaaaa at 0xa00083c4
[67220.672973] PUF Read:0xaaaaaaaa at 0xa00083c8
[67220.672973] PUF Read:0xaaaaaaaa at 0xa00083cc
[67220.672973] PUF Read:0xaaaaaaaa at 0xa00083d0
[67220.672973] PUF Read:0xaaabaaaa at 0xa00083d4
[67220.673065] PUF Read:0xaaaaaaaa at 0xa00083d8
[67220.673065] PUF Read:0xaaaaaaaa at 0xa00083dc
[67220.673126] PUF Read:0xaaaaaaaa at 0xa00083e0
[67220.673156] PUF Read:0xaaaaaaaa at 0xa00083e4
[67220.673156] PUF Read:0xaaaaaaaa at 0xa00083e8
[67220.673156] PUF Read:0xaaaaaaaa at 0xa00083ec
[67220.673156] PUF Read:0xaaaaaaaa at 0xa00083f0
[67220.673156] PUF Read:0xaaaaaaaa at 0xa00083f4
[67220.673156] PUF Read:0xaaaaaaae at 0xa00083f8
[67220.673156] PUF Read:0xaaaeaaaa at 0xa00083fc
[67220.673339] [i] Finished PUF read-out
[67220.673339] <6>[i] Finished PUF query for decaytime: 7680
[67220.673339] [i] Start decaytime: 120
[67220.673370] EMIF 2 REG Write 0x80000000 at 0x4d000010
[67220.673370] EMIF 2 REG Read 0x80000000 at 0x4d000010
[67220.673400] EMIF 2 REG Write 0x80000000 at 0x4d000014
[67220.673400] EMIF 2 REG Read 0x00000000 at 0x4d000014
[67220.673431] EMIF 2 REG Write 0x08016893 at 0x4d0000cc
[67220.673431] EMIF 2 REG Read 0x08016893 at 0x4d0000cc
[67220.673431] Temp polling alert disabled
[67220.673461] Refresh Disabled at EMIF2
[67220.673461] [i] Initialiting PUF & hammer rows
[67220.673461] [i] Single-Sided Rowhammer (SSRH)
[67220.680236] [i] Finished initialiting PUF & hammer rows
[67220.680236] [i]	Timer elapsed since its reset 0 sec
[67220.680236] [i] Decay: 120 sec
[67220.680267] [i]	Relative Decay: 0 msec
