[55082.136291] [i] Total hammer attempts per row: 3728158
[55082.136291] EMIF 2 REG Write 0x00000618 at 0x4d000010
[55082.136322] EMIF 2 REG Read 0x00000618 at 0x4d000010
[55082.136322] EMIF 2 REG Write 0x00000618 at 0x4d000014
[55082.136352] EMIF 2 REG Read 0x00000618 at 0x4d000014
[55082.136352] EMIF 2 REG Write 0x58016893 at 0x4d0000cc
[55082.136383] EMIF 2 REG Read 0x58016893 at 0x4d0000cc
[55082.136383] Temp polling alert enabled
[55082.136383] Refresh enabled at EMIF2
[55082.136413] [i] Starting PUF read-out
[55082.136413] [i] Single-Sided Rowhammer (SSRH)
[55082.136444] PUF Read:0xaaaa2aaa at 0xa0008000
[55082.136444] PUF Read:0xaaaaaaaa at 0xa0008004
[55082.136505] PUF Read:0xaaaaaaaa at 0xa0008008
[55082.136505] PUF Read:0xa2aaaa2a at 0xa000800c
[55082.136505] PUF Read:0xaaaaaaaa at 0xa0008010
[55082.136505] PUF Read:0x8aaaabaa at 0xa0008014
[55082.136596] PUF Read:0xaaaa2aaa at 0xa0008018
[55082.136627] PUF Read:0xaaa2aaaa at 0xa000801c
[55082.136627] PUF Read:0xaaaaaaaa at 0xa0008020
[55082.136688] PUF Read:0xeaaaeaaa at 0xa0008024
[55082.136688] PUF Read:0xaaaaaaaa at 0xa0008028
[55082.136688] PUF Read:0xaaaaaaba at 0xa000802c
[55082.136688] PUF Read:0xaaaaaaa8 at 0xa0008030
[55082.136779] PUF Read:0xaeaaaaaa at 0xa0008034
[55082.136779] PUF Read:0xaaaaaaaa at 0xa0008038
[55082.136779] PUF Read:0xaaaaaaaa at 0xa000803c
[55082.136779] PUF Read:0xaaaaaaab at 0xa0008040
[55082.136871] PUF Read:0xaaaaeaaa at 0xa0008044
[55082.136871] PUF Read:0xaaaaaaaa at 0xa0008048
[55082.136932] PUF Read:0xaaaaaaa8 at 0xa000804c
[55082.136962] PUF Read:0xa2aaaaaa at 0xa0008050
[55082.136962] PUF Read:0xaaaaa8aa at 0xa0008054
[55082.136962] PUF Read:0xaaaaaa8a at 0xa0008058
[55082.137023] PUF Read:0xaaaaaaaa at 0xa000805c
[55082.137023] PUF Read:0xaaaaaaaa at 0xa0008060
[55082.137084] PUF Read:0xaaaa2aaa at 0xa0008064
[55082.137115] PUF Read:0xaaaaaaaa at 0xa0008068
[55082.137115] PUF Read:0xaaaaaaaa at 0xa000806c
[55082.137115] PUF Read:0xaaaaaaaa at 0xa0008070
[55082.137176] PUF Read:0xaaaaaaaa at 0xa0008074
[55082.137176] PUF Read:0xaaaaaaaa at 0xa0008078
[55082.137237] PUF Read:0xaaabaaaa at 0xa000807c
[55082.137268] PUF Read:0xaaabaaaa at 0xa0008080
[55082.137268] PUF Read:0xaaaaaaaa at 0xa0008084
[55082.137268] PUF Read:0xaaaaaaaa at 0xa0008088
[55082.137329] PUF Read:0xaaaaaaaa at 0xa000808c
[55082.137329] PUF Read:0xaaaa8aaa at 0xa0008090
[55082.137390] PUF Read:0xaaaaaaaa at 0xa0008094
[55082.137420] PUF Read:0x2aabaaab at 0xa0008098
[55082.137420] PUF Read:0xaaaaaaaa at 0xa000809c
[55082.137420] PUF Read:0x8aaaaa2a at 0xa00080a0
[55082.137481] PUF Read:0xaaabaaaa at 0xa00080a4
[55082.137481] PUF Read:0xaa8aaaaa at 0xa00080a8
[55082.137542] PUF Read:0xaaaa8aea at 0xa00080ac
[55082.137573] PUF Read:0xaaaaaaaa at 0xa00080b0
[55082.137573] PUF Read:0x2a2aaaaa at 0xa00080b4
[55082.137634] PUF Read:0xaaaaeaaa at 0xa00080b8
[55082.137634] PUF Read:0x8aaaaaaa at 0xa00080bc
[55082.137634] PUF Read:0xaaaaaaaa at 0xa00080c0
[55082.137695] PUF Read:0xaaaaaaaa at 0xa00080c4
[55082.137725] PUF Read:0xaaa2aaaa at 0xa00080c8
[55082.137725] PUF Read:0xabaaaaaa at 0xa00080cc
[55082.137725] PUF Read:0xeaaeeaaa at 0xa00080d0
[55082.137786] PUF Read:0xaaaa2aa8 at 0xa00080d4
[55082.137786] PUF Read:0xaaaa3aaa at 0xa00080d8
[55082.137847] PUF Read:0xaaaaaaaa at 0xa00080dc
[55082.137878] PUF Read:0xabaaaaaa at 0xa00080e0
[55082.137878] PUF Read:0xaaaaaaaa at 0xa00080e4
[55082.137939] PUF Read:0xaaaaaaaa at 0xa00080e8
[55082.137939] PUF Read:0xaaaaaaab at 0xa00080ec
[55082.137939] PUF Read:0x8aaaaaaa at 0xa00080f0
[55082.138000] PUF Read:0xaaaaaaaa at 0xa00080f4
[55082.138031] PUF Read:0xaaaaabaa at 0xa00080f8
[55082.138031] PUF Read:0xaa8aaaaa at 0xa00080fc
[55082.138092] PUF Read:0xaaaaaaaa at 0xa0008100
[55082.138092] PUF Read:0xaaaaaaaa at 0xa0008104
[55082.138092] PUF Read:0xaaa2aaaa at 0xa0008108
[55082.138153] PUF Read:0xaaaaaaaa at 0xa000810c
[55082.138183] PUF Read:0xaaaaaaaa at 0xa0008110
[55082.138183] PUF Read:0xaaea2aaa at 0xa0008114
[55082.138244] PUF Read:0xaaaaaaaa at 0xa0008118
[55082.138244] PUF Read:0xaaaaaaaa at 0xa000811c
[55082.138244] PUF Read:0xaaaaaaaa at 0xa0008120
[55082.138305] PUF Read:0xaaaaaeaa at 0xa0008124
[55082.138336] PUF Read:0xaaaaaaea at 0xa0008128
[55082.138336] PUF Read:0xaaaaaaaa at 0xa000812c
[55082.138397] PUF Read:0xaaaaaaaa at 0xa0008130
[55082.138397] PUF Read:0xaaaaaa2a at 0xa0008134
[55082.138397] PUF Read:0xaa8baaaa at 0xa0008138
[55082.138397] PUF Read:0xaaaaaaaa at 0xa000813c
[55082.138488] PUF Read:0xaaaaaeaa at 0xa0008140
[55082.138488] PUF Read:0xaaaaaaaa at 0xa0008144
[55082.138488] PUF Read:0xaabaaeaa at 0xa0008148
[55082.138488] PUF Read:0xaaaaaaaa at 0xa000814c
[55082.138488] PUF Read:0xaaaaaaaa at 0xa0008150
[55082.138610] PUF Read:0xaaaaaaaa at 0xa0008154
[55082.138641] PUF Read:0xaaaaaaaa at 0xa0008158
[55082.138641] PUF Read:0xaaaaaaea at 0xa000815c
[55082.138641] PUF Read:0xaaaaaaaa at 0xa0008160
[55082.138641] PUF Read:0xaaaaaaaa at 0xa0008164
[55082.138732] PUF Read:0xaeaaaaaa at 0xa0008168
[55082.138732] PUF Read:0xaaeaaaaa at 0xa000816c
[55082.138793] PUF Read:0x2aaaaaaa at 0xa0008170
[55082.138824] PUF Read:0xaabaaaaa at 0xa0008174
[55082.138824] PUF Read:0xaaaaaaaa at 0xa0008178
[55082.138824] PUF Read:0xaaaaaaaa at 0xa000817c
[55082.138824] PUF Read:0xaaaa2a2a at 0xa0008180
[55082.138916] PUF Read:0xaaaaaaaa at 0xa0008184
[55082.138916] PUF Read:0xaa2aaaaa at 0xa0008188
[55082.138977] PUF Read:0xaaaaaaea at 0xa000818c
[55082.139007] PUF Read:0x2aaaaaaa at 0xa0008190
[55082.139007] PUF Read:0xeaaaaaaa at 0xa0008194
[55082.139007] PUF Read:0xaaaaaaaa at 0xa0008198
[55082.139068] PUF Read:0xaaaaaaaa at 0xa000819c
[55082.139068] PUF Read:0xaaaaaaaa at 0xa00081a0
[55082.139129] PUF Read:0xaaaaaaaa at 0xa00081a4
[55082.139160] PUF Read:0xaaa2aaaa at 0xa00081a8
[55082.139160] PUF Read:0xaaaaaaaa at 0xa00081ac
[55082.139160] PUF Read:0xaaebaaaa at 0xa00081b0
[55082.139160] PUF Read:0xaaaaaaaa at 0xa00081b4
[55082.139160] PUF Read:0xaaaaaaaa at 0xa00081b8
[55082.139160] PUF Read:0xa2aaaaaa at 0xa00081bc
[55082.139312] PUF Read:0xaaa8aaaa at 0xa00081c0
[55082.139312] PUF Read:0xaaaaaaae at 0xa00081c4
[55082.139312] PUF Read:0xaaaaaaaa at 0xa00081c8
[55082.139312] PUF Read:0xaa2baaaa at 0xa00081cc
[55082.139312] PUF Read:0xbaaaaaaa at 0xa00081d0
[55082.139312] PUF Read:0xaaaaaa2a at 0xa00081d4
[55082.139465] PUF Read:0xaaaaaaaa at 0xa00081d8
[55082.139465] PUF Read:0xaaaaaaaa at 0xa00081dc
[55082.139465] PUF Read:0xaaaaaaaa at 0xa00081e0
[55082.139465] PUF Read:0xaaaaaaea at 0xa00081e4
[55082.139556] PUF Read:0xaaaaaaaa at 0xa00081e8
[55082.139556] PUF Read:0xaa2aaaaa at 0xa00081ec
[55082.139617] PUF Read:0xaaaaaaab at 0xa00081f0
[55082.139648] PUF Read:0xaaaaaeaa at 0xa00081f4
[55082.139648] PUF Read:0xaaaaaaa2 at 0xa00081f8
[55082.139648] PUF Read:0xaaaaaaaa at 0xa00081fc
[55082.139709] PUF Read:0xaaaaaaaa at 0xa0008200
[55082.139709] PUF Read:0xaaaaaaaa at 0xa0008204
[55082.139770] PUF Read:0xaaaaaaba at 0xa0008208
[55082.139801] PUF Read:0xa8aaaaaa at 0xa000820c
[55082.139801] PUF Read:0xaaaaa2a8 at 0xa0008210
[55082.139862] PUF Read:0xaaaaaaaa at 0xa0008214
[55082.139862] PUF Read:0xaaaaaeaa at 0xa0008218
[55082.139862] PUF Read:0xaaaaaaaa at 0xa000821c
[55082.139862] PUF Read:0xaaaaaaaa at 0xa0008220
[55082.139953] PUF Read:0xaabaaaaa at 0xa0008224
[55082.139953] PUF Read:0xaaaaaaaa at 0xa0008228
[55082.139953] PUF Read:0xaaaaaaaa at 0xa000822c
[55082.139953] PUF Read:0xaaaaaeaa at 0xa0008230
[55082.140045] PUF Read:0x286aaaaa at 0xa0008234
[55082.140045] PUF Read:0xaaaaaaaa at 0xa0008238
[55082.140106] PUF Read:0xaaaaaaaa at 0xa000823c
[55082.140136] PUF Read:0xaaaaaaaa at 0xa0008240
[55082.140136] PUF Read:0xaaaaaaaa at 0xa0008244
[55082.140136] PUF Read:0xaaaaaaaa at 0xa0008248
[55082.140197] PUF Read:0xaaaaaaaa at 0xa000824c
[55082.140197] PUF Read:0xaaaaaaaa at 0xa0008250
[55082.140258] PUF Read:0xaabaaaaa at 0xa0008254
[55082.140289] PUF Read:0xaaaaaaaa at 0xa0008258
[55082.140289] PUF Read:0xaaaeaaaa at 0xa000825c
[55082.140289] PUF Read:0xaaaaaaaa at 0xa0008260
[55082.140289] PUF Read:0xaaaaaaaa at 0xa0008264
[55082.140289] PUF Read:0xaaaa8caa at 0xa0008268
[55082.140289] PUF Read:0xaaaaaaaa at 0xa000826c
[55082.140441] PUF Read:0xaaaaaaaa at 0xa0008270
[55082.140441] PUF Read:0xaaaaaaaa at 0xa0008274
[55082.140441] PUF Read:0xaaaaaaea at 0xa0008278
[55082.140441] PUF Read:0xaaaaaaaa at 0xa000827c
[55082.140533] PUF Read:0xeaaaaaaa at 0xa0008280
[55082.140533] PUF Read:0xa2aaaaaa at 0xa0008284
[55082.140594] PUF Read:0xaaeaaaaa at 0xa0008288
[55082.140625] PUF Read:0xaaaaaaaa at 0xa000828c
[55082.140625] PUF Read:0xaaaaaaa8 at 0xa0008290
[55082.140625] PUF Read:0xa8aaaaaa at 0xa0008294
[55082.140686] PUF Read:0xaaaaaaaa at 0xa0008298
[55082.140686] PUF Read:0xaaaaaaaa at 0xa000829c
[55082.140747] PUF Read:0xaaaaaaaa at 0xa00082a0
[55082.140777] PUF Read:0xaaaabaaa at 0xa00082a4
[55082.140777] PUF Read:0xaaaaaaaa at 0xa00082a8
[55082.140777] PUF Read:0xaaaaaaaa at 0xa00082ac
[55082.140777] PUF Read:0xaaaaaaaa at 0xa00082b0
[55082.140777] PUF Read:0xaaaaaaaa at 0xa00082b4
[55082.140777] PUF Read:0xaaaaaaea at 0xa00082b8
[55082.140930] PUF Read:0xaaaaaaaa at 0xa00082bc
[55082.140930] PUF Read:0xaaaaaaaa at 0xa00082c0
[55082.140930] PUF Read:0xaaaaaaaa at 0xa00082c4
[55082.140930] PUF Read:0xbaaaaaaa at 0xa00082c8
[55082.141021] PUF Read:0xaaaaaaaa at 0xa00082cc
[55082.141021] PUF Read:0xaabaaaaa at 0xa00082d0
[55082.141082] PUF Read:0xaaaaaaaa at 0xa00082d4
[55082.141113] PUF Read:0xaaaaaaaa at 0xa00082d8
[55082.141113] PUF Read:0xaaaaeaaa at 0xa00082dc
[55082.141113] PUF Read:0xaaaaaaaa at 0xa00082e0
[55082.141174] PUF Read:0xaaaaaeaa at 0xa00082e4
[55082.141174] PUF Read:0xaaaaabaa at 0xa00082e8
[55082.141235] PUF Read:0xaaaaaaab at 0xa00082ec
[55082.141265] PUF Read:0xaaaaaaaa at 0xa00082f0
[55082.141265] PUF Read:0xaaaaaaaa at 0xa00082f4
[55082.141265] PUF Read:0xaaaaaaaa at 0xa00082f8
[55082.141265] PUF Read:0xaaaaaaaa at 0xa00082fc
[55082.141265] PUF Read:0xaaaaaaaa at 0xa0008300
[55082.141265] PUF Read:0xaaaaaaaa at 0xa0008304
[55082.141418] PUF Read:0xaaaa8aaa at 0xa0008308
[55082.141418] PUF Read:0xaaaaaaaa at 0xa000830c
[55082.141418] PUF Read:0xaaaaaa8a at 0xa0008310
[55082.141418] PUF Read:0xaaaaaaaa at 0xa0008314
[55082.141510] PUF Read:0x2baaaaaa at 0xa0008318
[55082.141510] PUF Read:0xbaaaaaaa at 0xa000831c
[55082.141571] PUF Read:0xaaaa8aaa at 0xa0008320
[55082.141601] PUF Read:0xaaaaaaaa at 0xa0008324
[55082.141601] PUF Read:0xaaaaaaaa at 0xa0008328
[55082.141601] PUF Read:0xaa8aaaaa at 0xa000832c
[55082.141662] PUF Read:0xaaaaaaae at 0xa0008330
[55082.141662] PUF Read:0xaaaaaaaa at 0xa0008334
[55082.141662] PUF Read:0xaaaaaaaa at 0xa0008338
[55082.141754] PUF Read:0xaaaaaaaa at 0xa000833c
[55082.141784] PUF Read:0xbaaaaaaa at 0xa0008340
[55082.141784] PUF Read:0xaaaaaa2b at 0xa0008344
[55082.141784] PUF Read:0xaaaaaaaa at 0xa0008348
[55082.141845] PUF Read:0xaaaaabaa at 0xa000834c
[55082.141845] PUF Read:0xaaaa8a8a at 0xa0008350
[55082.141906] PUF Read:0x8aaaaaaa at 0xa0008354
[55082.141937] PUF Read:0xaaaaaaaa at 0xa0008358
[55082.141937] PUF Read:0xaaaaaaaa at 0xa000835c
[55082.141937] PUF Read:0xaaabaaaa at 0xa0008360
[55082.141937] PUF Read:0xaaaaaa2a at 0xa0008364
[55082.141937] PUF Read:0xaaaaaaaa at 0xa0008368
[55082.141937] PUF Read:0xaaaaaeaa at 0xa000836c
[55082.142089] PUF Read:0xaaaaaaaa at 0xa0008370
[55082.142120] PUF Read:0xaaaaaaaa at 0xa0008374
[55082.142120] PUF Read:0xaaaa8aaa at 0xa0008378
[55082.142120] PUF Read:0xaaaaaaaa at 0xa000837c
[55082.142181] PUF Read:0xaaaaaaaa at 0xa0008380
[55082.142181] PUF Read:0xaaaaaaaa at 0xa0008384
[55082.142242] PUF Read:0xaaaaaaaa at 0xa0008388
[55082.142272] PUF Read:0xaaaaaaaa at 0xa000838c
[55082.142272] PUF Read:0xaaaaaaab at 0xa0008390
[55082.142272] PUF Read:0xaaaaabaa at 0xa0008394
[55082.142333] PUF Read:0xaaaaaaaa at 0xa0008398
[55082.142333] PUF Read:0xaaa2aaaa at 0xa000839c
[55082.142395] PUF Read:0xaaaaaaaa at 0xa00083a0
[55082.142425] PUF Read:0xaaaaaaaa at 0xa00083a4
[55082.142425] PUF Read:0xaaaaaaaa at 0xa00083a8
[55082.142486] PUF Read:0xaaaabaaa at 0xa00083ac
[55082.142486] PUF Read:0xaaaaaaa2 at 0xa00083b0
[55082.142486] PUF Read:0xaaaaaaaa at 0xa00083b4
[55082.142486] PUF Read:0xaaaaaaaa at 0xa00083b8
[55082.142578] PUF Read:0xaaaaaaaa at 0xa00083bc
[55082.142578] PUF Read:0xaaaaaaaa at 0xa00083c0
[55082.142578] PUF Read:0xaeaaaaaa at 0xa00083c4
[55082.142578] PUF Read:0xaaaaaaaa at 0xa00083c8
[55082.142669] PUF Read:0xaaa2aaaa at 0xa00083cc
[55082.142669] PUF Read:0xaaaaaaaa at 0xa00083d0
[55082.142730] PUF Read:0xaaabaaaa at 0xa00083d4
[55082.142761] PUF Read:0xaaaaaaaa at 0xa00083d8
[55082.142761] PUF Read:0xaaaaaaaa at 0xa00083dc
[55082.142761] PUF Read:0xaabeaaac at 0xa00083e0
[55082.142822] PUF Read:0xba2aa8aa at 0xa00083e4
[55082.142822] PUF Read:0xaaaaaa2a at 0xa00083e8
[55082.142883] PUF Read:0xaaaaaaaa at 0xa00083ec
[55082.142913] PUF Read:0xaaaaaeaa at 0xa00083f0
[55082.142913] PUF Read:0xaaaaaaaa at 0xa00083f4
[55082.142974] PUF Read:0xaaaaaaae at 0xa00083f8
[55082.142974] PUF Read:0x8aaeaaaa at 0xa00083fc
[55082.143005] [i] Finished PUF read-out
[55082.143005] <6>[i] Finished PUF query for decaytime: 15360
[55082.143035] End measurement:4
[55082.143035] [i] Start measurement: 5
[55082.143035] [i] Start decaytime: 60
[55082.143066] EMIF 2 REG Write 0x80000000 at 0x4d000010
[55082.143066] EMIF 2 REG Read 0x80000000 at 0x4d000010
[55082.143127] EMIF 2 REG Write 0x80000000 at 0x4d000014
[55082.143127] EMIF 2 REG Read 0x00000000 at 0x4d000014
[55082.143157] EMIF 2 REG Write 0x08016893 at 0x4d0000cc
[55082.143157] EMIF 2 REG Read 0x08016893 at 0x4d0000cc
[55082.143157] Temp polling alert disabled
[55082.143188] Refresh Disabled at EMIF2
[55082.143188] [i] Initialiting PUF & hammer rows
[55082.143188] [i] Single-Sided Rowhammer (SSRH)
[55082.143188] [i] Finished initialiting PUF & hammer rows
[55082.149902] [i]	Timer elapsed since its reset 0 sec
[55082.149902] [i] Decay: 60 sec
[55082.149902] [i]	Relative Decay: 0 msec
