[32905.278045] [i] Total hammer attempts per row: 3727911
[32905.278076] EMIF 2 REG Write 0x00000618 at 0x4d000010
[32905.278076] EMIF 2 REG Read 0x00000618 at 0x4d000010
[32905.278106] EMIF 2 REG Write 0x00000618 at 0x4d000014
[32905.278106] EMIF 2 REG Read 0x00000618 at 0x4d000014
[32905.278137] EMIF 2 REG Write 0x58016893 at 0x4d0000cc
[32905.278137] EMIF 2 REG Read 0x58016893 at 0x4d0000cc
[32905.278167] Temp polling alert enabled
[32905.278167] Refresh enabled at EMIF2
[32905.278167] [i] Starting PUF read-out
[32905.278167] [i] Single-Sided Rowhammer (SSRH)
[32905.278198] PUF Read:0x00000010 at 0xa0008000
[32905.278198] PUF Read:0x00000400 at 0xa0008004
[32905.278259] PUF Read:0x00000000 at 0xa0008008
[32905.278289] PUF Read:0x00000000 at 0xa000800c
[32905.278289] PUF Read:0x00000000 at 0xa0008010
[32905.278350] PUF Read:0x00000100 at 0xa0008014
[32905.278350] PUF Read:0x00000000 at 0xa0008018
[32905.278350] PUF Read:0x10400100 at 0xa000801c
[32905.278350] PUF Read:0x40000000 at 0xa0008020
[32905.278442] PUF Read:0x40004000 at 0xa0008024
[32905.278442] PUF Read:0x00004000 at 0xa0008028
[32905.278442] PUF Read:0x00000010 at 0xa000802c
[32905.278442] PUF Read:0x40000000 at 0xa0008030
[32905.278533] PUF Read:0x04000000 at 0xa0008034
[32905.278533] PUF Read:0x00004000 at 0xa0008038
[32905.278594] PUF Read:0x00000000 at 0xa000803c
[32905.278625] PUF Read:0x00000001 at 0xa0008040
[32905.278625] PUF Read:0x00004000 at 0xa0008044
[32905.278686] PUF Read:0x00000000 at 0xa0008048
[32905.278686] PUF Read:0x00000001 at 0xa000804c
[32905.278686] PUF Read:0x00000000 at 0xa0008050
[32905.278747] PUF Read:0x00000000 at 0xa0008054
[32905.278778] PUF Read:0x00000000 at 0xa0008058
[32905.278778] PUF Read:0x00000000 at 0xa000805c
[32905.278839] PUF Read:0x00000000 at 0xa0008060
[32905.278839] PUF Read:0x00100000 at 0xa0008064
[32905.278839] PUF Read:0x00000000 at 0xa0008068
[32905.278900] PUF Read:0x00000000 at 0xa000806c
[32905.278930] PUF Read:0x00000010 at 0xa0008070
[32905.278930] PUF Read:0x00000000 at 0xa0008074
[32905.278930] PUF Read:0x00000000 at 0xa0008078
[32905.278930] PUF Read:0x00010000 at 0xa000807c
[32905.278930] PUF Read:0x00010001 at 0xa0008080
[32905.278930] PUF Read:0x00000000 at 0xa0008084
[32905.279083] PUF Read:0x00000000 at 0xa0008088
[32905.279083] PUF Read:0x00000000 at 0xa000808c
[32905.279083] PUF Read:0x00000000 at 0xa0008090
[32905.279083] PUF Read:0x10000000 at 0xa0008094
[32905.279083] PUF Read:0x00410001 at 0xa0008098
[32905.279083] PUF Read:0x00000000 at 0xa000809c
[32905.279235] PUF Read:0x00000000 at 0xa00080a0
[32905.279235] PUF Read:0x00010000 at 0xa00080a4
[32905.279235] PUF Read:0x00010001 at 0xa00080a8
[32905.279235] PUF Read:0x00000041 at 0xa00080ac
[32905.279235] PUF Read:0x00000000 at 0xa00080b0
[32905.279235] PUF Read:0x00000000 at 0xa00080b4
[32905.279388] PUF Read:0x00004000 at 0xa00080b8
[32905.279388] PUF Read:0x00000000 at 0xa00080bc
[32905.279388] PUF Read:0x00000400 at 0xa00080c0
[32905.279388] PUF Read:0x00000000 at 0xa00080c4
[32905.279388] PUF Read:0x10100000 at 0xa00080c8
[32905.279388] PUF Read:0x01000000 at 0xa00080cc
[32905.279541] PUF Read:0x40044000 at 0xa00080d0
[32905.279541] PUF Read:0x00000000 at 0xa00080d4
[32905.279541] PUF Read:0x00001000 at 0xa00080d8
[32905.279541] PUF Read:0x00000000 at 0xa00080dc
[32905.279541] PUF Read:0x01000000 at 0xa00080e0
[32905.279541] PUF Read:0x00000000 at 0xa00080e4
[32905.279693] PUF Read:0x00000000 at 0xa00080e8
[32905.279693] PUF Read:0x00000001 at 0xa00080ec
[32905.279693] PUF Read:0x00000000 at 0xa00080f0
[32905.279693] PUF Read:0x00000000 at 0xa00080f4
[32905.279693] PUF Read:0x00000100 at 0xa00080f8
[32905.279693] PUF Read:0x00000000 at 0xa00080fc
[32905.279846] PUF Read:0x00000000 at 0xa0008100
[32905.279846] PUF Read:0x00000000 at 0xa0008104
[32905.279846] PUF Read:0x00000000 at 0xa0008108
[32905.279846] PUF Read:0x00000100 at 0xa000810c
[32905.279846] PUF Read:0x00000000 at 0xa0008110
[32905.279846] PUF Read:0x00400000 at 0xa0008114
[32905.279998] PUF Read:0x00000000 at 0xa0008118
[32905.279998] PUF Read:0x00000000 at 0xa000811c
[32905.279998] PUF Read:0x01000000 at 0xa0008120
[32905.279998] PUF Read:0x00000400 at 0xa0008124
[32905.280090] PUF Read:0x00000040 at 0xa0008128
[32905.280090] PUF Read:0x00000000 at 0xa000812c
[32905.280151] PUF Read:0x00000000 at 0xa0008130
[32905.280181] PUF Read:0x00000000 at 0xa0008134
[32905.280181] PUF Read:0x00010000 at 0xa0008138
[32905.280181] PUF Read:0x00000000 at 0xa000813c
[32905.280242] PUF Read:0x40000400 at 0xa0008140
[32905.280242] PUF Read:0x00000000 at 0xa0008144
[32905.280303] PUF Read:0x00100400 at 0xa0008148
[32905.280334] PUF Read:0x00000000 at 0xa000814c
[32905.280334] PUF Read:0x00000000 at 0xa0008150
[32905.280334] PUF Read:0x00000000 at 0xa0008154
[32905.280395] PUF Read:0x00000000 at 0xa0008158
[32905.280395] PUF Read:0x01100040 at 0xa000815c
[32905.280456] PUF Read:0x00001000 at 0xa0008160
[32905.280487] PUF Read:0x00000000 at 0xa0008164
[32905.280487] PUF Read:0x04000000 at 0xa0008168
[32905.280487] PUF Read:0x00400000 at 0xa000816c
[32905.280548] PUF Read:0x00000000 at 0xa0008170
[32905.280548] PUF Read:0x00100000 at 0xa0008174
[32905.280609] PUF Read:0x00000000 at 0xa0008178
[32905.280639] PUF Read:0x00004000 at 0xa000817c
[32905.280639] PUF Read:0x00000000 at 0xa0008180
[32905.280639] PUF Read:0x00000000 at 0xa0008184
[32905.280700] PUF Read:0x00040000 at 0xa0008188
[32905.280700] PUF Read:0x00000440 at 0xa000818c
[32905.280761] PUF Read:0x00000000 at 0xa0008190
[32905.280761] PUF Read:0x40000000 at 0xa0008194
[32905.280761] PUF Read:0x00000004 at 0xa0008198
[32905.280761] PUF Read:0x00000000 at 0xa000819c
[32905.280853] PUF Read:0x00000000 at 0xa00081a0
[32905.280853] PUF Read:0x00000000 at 0xa00081a4
[32905.280914] PUF Read:0x00000000 at 0xa00081a8
[32905.280914] PUF Read:0x00000040 at 0xa00081ac
[32905.280914] PUF Read:0x00410000 at 0xa00081b0
[32905.280914] PUF Read:0x00000000 at 0xa00081b4
[32905.281005] PUF Read:0x00000000 at 0xa00081b8
[32905.281005] PUF Read:0x00100000 at 0xa00081bc
[32905.281066] PUF Read:0x00000000 at 0xa00081c0
[32905.281097] PUF Read:0x00000004 at 0xa00081c4
[32905.281097] PUF Read:0x00000000 at 0xa00081c8
[32905.281097] PUF Read:0x00010000 at 0xa00081cc
[32905.281097] PUF Read:0x10000000 at 0xa00081d0
[32905.281097] PUF Read:0x00000000 at 0xa00081d4
[32905.281097] PUF Read:0x10000000 at 0xa00081d8
[32905.281250] PUF Read:0x00004000 at 0xa00081dc
[32905.281280] PUF Read:0x00000000 at 0xa00081e0
[32905.281280] PUF Read:0x00000040 at 0xa00081e4
[32905.281280] PUF Read:0x00000000 at 0xa00081e8
[32905.281341] PUF Read:0x00000010 at 0xa00081ec
[32905.281341] PUF Read:0x00000001 at 0xa00081f0
[32905.281402] PUF Read:0x00010400 at 0xa00081f4
[32905.281433] PUF Read:0x00000000 at 0xa00081f8
[32905.281433] PUF Read:0x00000040 at 0xa00081fc
[32905.281433] PUF Read:0x00000000 at 0xa0008200
[32905.281494] PUF Read:0x00000000 at 0xa0008204
[32905.281494] PUF Read:0x00000010 at 0xa0008208
[32905.281555] PUF Read:0x00000000 at 0xa000820c
[32905.281585] PUF Read:0x00400000 at 0xa0008210
[32905.281585] PUF Read:0x00000000 at 0xa0008214
[32905.281646] PUF Read:0x00000400 at 0xa0008218
[32905.281646] PUF Read:0x00000000 at 0xa000821c
[32905.281646] PUF Read:0x00000000 at 0xa0008220
[32905.281646] PUF Read:0x00100000 at 0xa0008224
[32905.281738] PUF Read:0x00000000 at 0xa0008228
[32905.281738] PUF Read:0x00000000 at 0xa000822c
[32905.281738] PUF Read:0x00000500 at 0xa0008230
[32905.281738] PUF Read:0x00400000 at 0xa0008234
[32905.281738] PUF Read:0x00000000 at 0xa0008238
[32905.281738] PUF Read:0x00000400 at 0xa000823c
[32905.281890] PUF Read:0x00000004 at 0xa0008240
[32905.281890] PUF Read:0x00000000 at 0xa0008244
[32905.281890] PUF Read:0x00040000 at 0xa0008248
[32905.281890] PUF Read:0x00000000 at 0xa000824c
[32905.281982] PUF Read:0x04000000 at 0xa0008250
[32905.281982] PUF Read:0x00100000 at 0xa0008254
[32905.282043] PUF Read:0x00000000 at 0xa0008258
[32905.282073] PUF Read:0x04040000 at 0xa000825c
[32905.282073] PUF Read:0x00000000 at 0xa0008260
[32905.282073] PUF Read:0x00001000 at 0xa0008264
[32905.282135] PUF Read:0x00000400 at 0xa0008268
[32905.282135] PUF Read:0x00001000 at 0xa000826c
[32905.282196] PUF Read:0x00000000 at 0xa0008270
[32905.282226] PUF Read:0x00000000 at 0xa0008274
[32905.282226] PUF Read:0x00000040 at 0xa0008278
[32905.282226] PUF Read:0x00100000 at 0xa000827c
[32905.282287] PUF Read:0x40000000 at 0xa0008280
[32905.282287] PUF Read:0x00000000 at 0xa0008284
[32905.282348] PUF Read:0x00400000 at 0xa0008288
[32905.282379] PUF Read:0x00000000 at 0xa000828c
[32905.282379] PUF Read:0x00000000 at 0xa0008290
[32905.282379] PUF Read:0x00000000 at 0xa0008294
[32905.282440] PUF Read:0x00000000 at 0xa0008298
[32905.282440] PUF Read:0x00000000 at 0xa000829c
[32905.282501] PUF Read:0x00000400 at 0xa00082a0
[32905.282531] PUF Read:0x00001000 at 0xa00082a4
[32905.282531] PUF Read:0x00000000 at 0xa00082a8
[32905.282531] PUF Read:0x00000000 at 0xa00082ac
[32905.282531] PUF Read:0x00000000 at 0xa00082b0
[32905.282531] PUF Read:0x00000000 at 0xa00082b4
[32905.282531] PUF Read:0x00000040 at 0xa00082b8
[32905.282684] PUF Read:0x00000000 at 0xa00082bc
[32905.282684] PUF Read:0x00000000 at 0xa00082c0
[32905.282684] PUF Read:0x00000000 at 0xa00082c4
[32905.282684] PUF Read:0x10000000 at 0xa00082c8
[32905.282684] PUF Read:0x00000000 at 0xa00082cc
[32905.282684] PUF Read:0x00100000 at 0xa00082d0
[32905.282836] PUF Read:0x00000000 at 0xa00082d4
[32905.282867] PUF Read:0x40000000 at 0xa00082d8
[32905.282867] PUF Read:0x00004000 at 0xa00082dc
[32905.282867] PUF Read:0x00000000 at 0xa00082e0
[32905.282928] PUF Read:0x00000400 at 0xa00082e4
[32905.282928] PUF Read:0x00000100 at 0xa00082e8
[32905.282989] PUF Read:0x00000001 at 0xa00082ec
[32905.283020] PUF Read:0x00000001 at 0xa00082f0
[32905.283020] PUF Read:0x00000000 at 0xa00082f4
[32905.283020] PUF Read:0x00000000 at 0xa00082f8
[32905.283081] PUF Read:0x00000000 at 0xa00082fc
[32905.283081] PUF Read:0x00000100 at 0xa0008300
[32905.283142] PUF Read:0x00000000 at 0xa0008304
[32905.283172] PUF Read:0x00000000 at 0xa0008308
[32905.283172] PUF Read:0x00000000 at 0xa000830c
[32905.283172] PUF Read:0x00000000 at 0xa0008310
[32905.283233] PUF Read:0x00000010 at 0xa0008314
[32905.283233] PUF Read:0x01500000 at 0xa0008318
[32905.283233] PUF Read:0x10000000 at 0xa000831c
[32905.283325] PUF Read:0x00000000 at 0xa0008320
[32905.283325] PUF Read:0x00000100 at 0xa0008324
[32905.283386] PUF Read:0x00000000 at 0xa0008328
[32905.283386] PUF Read:0x00010000 at 0xa000832c
[32905.283386] PUF Read:0x00000004 at 0xa0008330
[32905.283386] PUF Read:0x00000100 at 0xa0008334
[32905.283477] PUF Read:0x00001000 at 0xa0008338
[32905.283477] PUF Read:0x00000000 at 0xa000833c
[32905.283477] PUF Read:0x10000100 at 0xa0008340
[32905.283477] PUF Read:0x00000001 at 0xa0008344
[32905.283477] PUF Read:0x00000000 at 0xa0008348
[32905.283477] PUF Read:0x00000100 at 0xa000834c
[32905.283630] PUF Read:0x00000000 at 0xa0008350
[32905.283630] PUF Read:0x00000000 at 0xa0008354
[32905.283630] PUF Read:0x00000000 at 0xa0008358
[32905.283721] PUF Read:0x00000000 at 0xa000835c
[32905.283721] PUF Read:0x00014000 at 0xa0008360
[32905.283782] PUF Read:0x00000000 at 0xa0008364
[32905.283782] PUF Read:0x00000000 at 0xa0008368
[32905.283843] PUF Read:0x00000400 at 0xa000836c
[32905.283843] PUF Read:0x00000000 at 0xa0008370
[32905.283843] PUF Read:0x00000000 at 0xa0008374
[32905.283935] PUF Read:0x40010000 at 0xa0008378
[32905.283966] PUF Read:0x00000040 at 0xa000837c
[32905.283966] PUF Read:0x00000000 at 0xa0008380
[32905.283966] PUF Read:0x00000000 at 0xa0008384
[32905.284027] PUF Read:0x00000004 at 0xa0008388
[32905.284027] PUF Read:0x00000000 at 0xa000838c
[32905.284088] PUF Read:0x00000001 at 0xa0008390
[32905.284118] PUF Read:0x00000100 at 0xa0008394
[32905.284118] PUF Read:0x10000000 at 0xa0008398
[32905.284118] PUF Read:0x00000004 at 0xa000839c
[32905.284118] PUF Read:0x00000000 at 0xa00083a0
[32905.284118] PUF Read:0x00000000 at 0xa00083a4
[32905.284118] PUF Read:0x00000000 at 0xa00083a8
[32905.284271] PUF Read:0x00001000 at 0xa00083ac
[32905.284301] PUF Read:0x00000000 at 0xa00083b0
[32905.284301] PUF Read:0x00000000 at 0xa00083b4
[32905.284301] PUF Read:0x00000000 at 0xa00083b8
[32905.284362] PUF Read:0x00000000 at 0xa00083bc
[32905.284362] PUF Read:0x00000040 at 0xa00083c0
[32905.284423] PUF Read:0x04000000 at 0xa00083c4
[32905.284454] PUF Read:0x00000000 at 0xa00083c8
[32905.284454] PUF Read:0x00000000 at 0xa00083cc
[32905.284454] PUF Read:0x00000000 at 0xa00083d0
[32905.284515] PUF Read:0x00010000 at 0xa00083d4
[32905.284515] PUF Read:0x00000000 at 0xa00083d8
[32905.284576] PUF Read:0x00000000 at 0xa00083dc
[32905.284606] PUF Read:0x00140000 at 0xa00083e0
[32905.284606] PUF Read:0x10000000 at 0xa00083e4
[32905.284667] PUF Read:0x00000000 at 0xa00083e8
[32905.284667] PUF Read:0x00000000 at 0xa00083ec
[32905.284667] PUF Read:0x00000400 at 0xa00083f0
[32905.284667] PUF Read:0x04000000 at 0xa00083f4
[32905.284759] PUF Read:0x00000004 at 0xa00083f8
[32905.284759] PUF Read:0x00040000 at 0xa00083fc
[32905.284759] [i] Finished PUF read-out
[32905.284820] <6>[i] Finished PUF query for decaytime: 15360
[32905.284820] End measurement:1
[32905.284820] [i] Start measurement: 2
[32905.284851] [i] Start decaytime: 60
[32905.284851] EMIF 2 REG Write 0x80000000 at 0x4d000010
[32905.284851] EMIF 2 REG Read 0x80000000 at 0x4d000010
[32905.284881] EMIF 2 REG Write 0x80000000 at 0x4d000014
[32905.284881] EMIF 2 REG Read 0x00000000 at 0x4d000014
[32905.284912] EMIF 2 REG Write 0x08016893 at 0x4d0000cc
[32905.284912] EMIF 2 REG Read 0x08016893 at 0x4d0000cc
[32905.284942] Temp polling alert disabled
[32905.284942] Refresh Disabled at EMIF2
[32905.284942] [i] Initialiting PUF & hammer rows
[32905.284973] [i] Single-Sided Rowhammer (SSRH)
[32905.291625] [i] Finished initialiting PUF & hammer rows
[32905.291625] [i]	Timer elapsed since its reset 0 sec
[32905.291656] [i] Decay: 60 sec
[32905.291656] [i]	Relative Decay: 0 msec
