[66140.572784] [i] Total hammer attempts per row: 1864106
[66140.573791] EMIF 2 REG Write 0x00000618 at 0x4d000010
[66140.573822] EMIF 2 REG Read 0x00000618 at 0x4d000010
[66140.573822] EMIF 2 REG Write 0x00000618 at 0x4d000014
[66140.573852] EMIF 2 REG Read 0x00000618 at 0x4d000014
[66140.573852] EMIF 2 REG Write 0x58016893 at 0x4d0000cc
[66140.573852] EMIF 2 REG Read 0x58016893 at 0x4d0000cc
[66140.573883] Temp polling alert enabled
[66140.573883] Refresh enabled at EMIF2
[66140.573883] [i] Starting PUF read-out
[66140.573913] [i] Single-Sided Rowhammer (SSRH)
[66140.573913] PUF Read:0xaaaaaaaa at 0xa0008000
[66140.573913] PUF Read:0xaaaaaaaa at 0xa0008004
[66140.573913] PUF Read:0xaaaaaaaa at 0xa0008008
[66140.573913] PUF Read:0xaaaaaaaa at 0xa000800c
[66140.574035] PUF Read:0xaaaaaaaa at 0xa0008010
[66140.574066] PUF Read:0xaaaaabaa at 0xa0008014
[66140.574066] PUF Read:0xaaaaaaaa at 0xa0008018
[66140.574066] PUF Read:0xaaaaaaaa at 0xa000801c
[66140.574127] PUF Read:0xaaaaaaaa at 0xa0008020
[66140.574127] PUF Read:0xaaaaaaaa at 0xa0008024
[66140.574127] PUF Read:0xaaaaaaaa at 0xa0008028
[66140.574218] PUF Read:0xaaaaaaaa at 0xa000802c
[66140.574218] PUF Read:0xaaaaaaaa at 0xa0008030
[66140.574218] PUF Read:0xaaaaaaaa at 0xa0008034
[66140.574218] PUF Read:0xaaaaaaaa at 0xa0008038
[66140.574310] PUF Read:0xaaaaaaaa at 0xa000803c
[66140.574310] PUF Read:0xaaaaaaab at 0xa0008040
[66140.574371] PUF Read:0xaaaaeaaa at 0xa0008044
[66140.574401] PUF Read:0xaaaaaaaa at 0xa0008048
[66140.574401] PUF Read:0xaaaaaaaa at 0xa000804c
[66140.574401] PUF Read:0xaaaaaaaa at 0xa0008050
[66140.574462] PUF Read:0xaaaaaaaa at 0xa0008054
[66140.574462] PUF Read:0xaaaaaaaa at 0xa0008058
[66140.574523] PUF Read:0xaaaaaaaa at 0xa000805c
[66140.574554] PUF Read:0xaaaaaaaa at 0xa0008060
[66140.574554] PUF Read:0xaaaaaaaa at 0xa0008064
[66140.574615] PUF Read:0xaaaaaaaa at 0xa0008068
[66140.574615] PUF Read:0xaaaaaaaa at 0xa000806c
[66140.574615] PUF Read:0xaaaaaaaa at 0xa0008070
[66140.574615] PUF Read:0xaaaaaaaa at 0xa0008074
[66140.574707] PUF Read:0xaaaaaaaa at 0xa0008078
[66140.574707] PUF Read:0xaaaaaaaa at 0xa000807c
[66140.574707] PUF Read:0xaaaaaaaa at 0xa0008080
[66140.574707] PUF Read:0xaaaaaaaa at 0xa0008084
[66140.574798] PUF Read:0xaaaaaaaa at 0xa0008088
[66140.574798] PUF Read:0xaaaaaaaa at 0xa000808c
[66140.574859] PUF Read:0xaaaa8aaa at 0xa0008090
[66140.574890] PUF Read:0xaaaaaaaa at 0xa0008094
[66140.574890] PUF Read:0xaaabaaaa at 0xa0008098
[66140.574890] PUF Read:0xaaaaaaaa at 0xa000809c
[66140.574951] PUF Read:0xaaaaaaaa at 0xa00080a0
[66140.574951] PUF Read:0xaaaaaaaa at 0xa00080a4
[66140.575012] PUF Read:0xaaaaaaaa at 0xa00080a8
[66140.575042] PUF Read:0xaaaaaaaa at 0xa00080ac
[66140.575042] PUF Read:0xaaaaaaaa at 0xa00080b0
[66140.575042] PUF Read:0xaa2aaaaa at 0xa00080b4
[66140.575103] PUF Read:0xaaaaaaaa at 0xa00080b8
[66140.575103] PUF Read:0x8aaaaaaa at 0xa00080bc
[66140.575164] PUF Read:0xaaaaaaaa at 0xa00080c0
[66140.575195] PUF Read:0xaaaaaaaa at 0xa00080c4
[66140.575195] PUF Read:0xaaa2aaaa at 0xa00080c8
[66140.575256] PUF Read:0xaaaaaaaa at 0xa00080cc
[66140.575256] PUF Read:0xaaaaaaaa at 0xa00080d0
[66140.575256] PUF Read:0xaaaaaaaa at 0xa00080d4
[66140.575317] PUF Read:0xaaaaaaaa at 0xa00080d8
[66140.575347] PUF Read:0xaaaaaaaa at 0xa00080dc
[66140.575347] PUF Read:0xaaaaaaaa at 0xa00080e0
[66140.575347] PUF Read:0xaaaaaaaa at 0xa00080e4
[66140.575347] PUF Read:0xaaaaaaaa at 0xa00080e8
[66140.575347] PUF Read:0xaaaaaaab at 0xa00080ec
[66140.575347] PUF Read:0x8aaaaaaa at 0xa00080f0
[66140.575500] PUF Read:0xaaaaaaaa at 0xa00080f4
[66140.575500] PUF Read:0xaaaaaaaa at 0xa00080f8
[66140.575500] PUF Read:0xaaaaaaaa at 0xa00080fc
[66140.575500] PUF Read:0xaaaaaaaa at 0xa0008100
[66140.575500] PUF Read:0xaaaaaaaa at 0xa0008104
[66140.575500] PUF Read:0xaaaaaaaa at 0xa0008108
[66140.575653] PUF Read:0xaaaaaaaa at 0xa000810c
[66140.575683] PUF Read:0xaaaaaaaa at 0xa0008110
[66140.575683] PUF Read:0xaaaaaaaa at 0xa0008114
[66140.575683] PUF Read:0xaaaaaaaa at 0xa0008118
[66140.575744] PUF Read:0xaaaaaaaa at 0xa000811c
[66140.575744] PUF Read:0xaaaaaaaa at 0xa0008120
[66140.575805] PUF Read:0xaaaaaaaa at 0xa0008124
[66140.575836] PUF Read:0xaaaaaaaa at 0xa0008128
[66140.575836] PUF Read:0xaaaaaaaa at 0xa000812c
[66140.575836] PUF Read:0xaaaaaaaa at 0xa0008130
[66140.575897] PUF Read:0xaaaaaaaa at 0xa0008134
[66140.575897] PUF Read:0xaa8aaaaa at 0xa0008138
[66140.575958] PUF Read:0xaaaaaaaa at 0xa000813c
[66140.575988] PUF Read:0xaaaaaaaa at 0xa0008140
[66140.575988] PUF Read:0xaaaaaaaa at 0xa0008144
[66140.575988] PUF Read:0xaabaaeaa at 0xa0008148
[66140.576049] PUF Read:0xaaaaaaaa at 0xa000814c
[66140.576049] PUF Read:0xaaaaaaaa at 0xa0008150
[66140.576110] PUF Read:0xaaaaaaaa at 0xa0008154
[66140.576141] PUF Read:0xaaaaaaaa at 0xa0008158
[66140.576141] PUF Read:0xaaaaaaea at 0xa000815c
[66140.576202] PUF Read:0xaaaaaaaa at 0xa0008160
[66140.576202] PUF Read:0xaaaaaaaa at 0xa0008164
[66140.576202] PUF Read:0xaaaaaaaa at 0xa0008168
[66140.576263] PUF Read:0xaaaaaaaa at 0xa000816c
[66140.576293] PUF Read:0xaaaaaaaa at 0xa0008170
[66140.576293] PUF Read:0xaaaaaaaa at 0xa0008174
[66140.576293] PUF Read:0xaaaaaaaa at 0xa0008178
[66140.576293] PUF Read:0xaaaaaaaa at 0xa000817c
[66140.576293] PUF Read:0xaaaaaa2a at 0xa0008180
[66140.576293] PUF Read:0xaaaaaaaa at 0xa0008184
[66140.576446] PUF Read:0xaaaaaaaa at 0xa0008188
[66140.576477] PUF Read:0xaaaaaaaa at 0xa000818c
[66140.576477] PUF Read:0xaaaaaaaa at 0xa0008190
[66140.576477] PUF Read:0xaaaaaaaa at 0xa0008194
[66140.576538] PUF Read:0xaaaaaaaa at 0xa0008198
[66140.576538] PUF Read:0xaaaaaaaa at 0xa000819c
[66140.576599] PUF Read:0xaaaaaaaa at 0xa00081a0
[66140.576629] PUF Read:0xaaaaaaaa at 0xa00081a4
[66140.576629] PUF Read:0xaaaaaaaa at 0xa00081a8
[66140.576629] PUF Read:0xaaaaaaaa at 0xa00081ac
[66140.576690] PUF Read:0xaaeaaaaa at 0xa00081b0
[66140.576690] PUF Read:0xaaaaaaaa at 0xa00081b4
[66140.576690] PUF Read:0xaaaaaaaa at 0xa00081b8
[66140.576782] PUF Read:0xaaaaaaaa at 0xa00081bc
[66140.576782] PUF Read:0xaaaaaaaa at 0xa00081c0
[66140.576782] PUF Read:0xaaaaaaae at 0xa00081c4
[66140.576782] PUF Read:0xaaaaaaaa at 0xa00081c8
[66140.576782] PUF Read:0xaaaaaaaa at 0xa00081cc
[66140.576782] PUF Read:0xbaaaaaaa at 0xa00081d0
[66140.576934] PUF Read:0xaaaaaaaa at 0xa00081d4
[66140.576965] PUF Read:0xaaaaaaaa at 0xa00081d8
[66140.576965] PUF Read:0xaaaaaaaa at 0xa00081dc
[66140.576965] PUF Read:0xaaaaaaaa at 0xa00081e0
[66140.577026] PUF Read:0xaaaaaaaa at 0xa00081e4
[66140.577026] PUF Read:0xaaaaaaaa at 0xa00081e8
[66140.577087] PUF Read:0xaa2aaaaa at 0xa00081ec
[66140.577117] PUF Read:0xaaaaaaaa at 0xa00081f0
[66140.577117] PUF Read:0xaaaaaeaa at 0xa00081f4
[66140.577117] PUF Read:0xaaaaaaa2 at 0xa00081f8
[66140.577178] PUF Read:0xaaaaaaaa at 0xa00081fc
[66140.577178] PUF Read:0xaaaaaaaa at 0xa0008200
[66140.577239] PUF Read:0xaaaaaaaa at 0xa0008204
[66140.577270] PUF Read:0xaaaaaaaa at 0xa0008208
[66140.577270] PUF Read:0xa8aaaaaa at 0xa000820c
[66140.577270] PUF Read:0xaaaaaaaa at 0xa0008210
[66140.577270] PUF Read:0xaaaaaaaa at 0xa0008214
[66140.577270] PUF Read:0xaaaaaaaa at 0xa0008218
[66140.577270] PUF Read:0xaaaaaaaa at 0xa000821c
[66140.577423] PUF Read:0xaaaaaaaa at 0xa0008220
[66140.577423] PUF Read:0xaaaaaaaa at 0xa0008224
[66140.577423] PUF Read:0xaaaaaaaa at 0xa0008228
[66140.577423] PUF Read:0xaaaaaaaa at 0xa000822c
[66140.577423] PUF Read:0xaaaaaaaa at 0xa0008230
[66140.577423] PUF Read:0xaaaaaaaa at 0xa0008234
[66140.577575] PUF Read:0xaaaaaaaa at 0xa0008238
[66140.577575] PUF Read:0xaaaaaaaa at 0xa000823c
[66140.577575] PUF Read:0xaaaaaaaa at 0xa0008240
[66140.577575] PUF Read:0xaaaaaaaa at 0xa0008244
[66140.577667] PUF Read:0xaaaaaaaa at 0xa0008248
[66140.577667] PUF Read:0xaaaaaaaa at 0xa000824c
[66140.577728] PUF Read:0xaaaaaaaa at 0xa0008250
[66140.577758] PUF Read:0xaaaaaaaa at 0xa0008254
[66140.577758] PUF Read:0xaaaaaaaa at 0xa0008258
[66140.577758] PUF Read:0xaaaaaaaa at 0xa000825c
[66140.577819] PUF Read:0xaaaaaaaa at 0xa0008260
[66140.577819] PUF Read:0xaaaaaaaa at 0xa0008264
[66140.577880] PUF Read:0xaaaaaaaa at 0xa0008268
[66140.577911] PUF Read:0xaaaaaaaa at 0xa000826c
[66140.577911] PUF Read:0xaaaaaaaa at 0xa0008270
[66140.577911] PUF Read:0xaaaaaaaa at 0xa0008274
[66140.577972] PUF Read:0xaaaaaaaa at 0xa0008278
[66140.577972] PUF Read:0xaaaaaaaa at 0xa000827c
[66140.578033] PUF Read:0xaaaaaaaa at 0xa0008280
[66140.578063] PUF Read:0xaaaaaaaa at 0xa0008284
[66140.578063] PUF Read:0xaaaaaaaa at 0xa0008288
[66140.578063] PUF Read:0xaaaaaaaa at 0xa000828c
[66140.578125] PUF Read:0xaaaaaaaa at 0xa0008290
[66140.578125] PUF Read:0xaaaaaaaa at 0xa0008294
[66140.578186] PUF Read:0xaaaaaaaa at 0xa0008298
[66140.578216] PUF Read:0xaaaaaaaa at 0xa000829c
[66140.578216] PUF Read:0xaaaaaaaa at 0xa00082a0
[66140.578216] PUF Read:0xaaaaaaaa at 0xa00082a4
[66140.578216] PUF Read:0xaaaaaaaa at 0xa00082a8
[66140.578308] PUF Read:0xaaaaaaaa at 0xa00082ac
[66140.578308] PUF Read:0xaaaaaaaa at 0xa00082b0
[66140.578369] PUF Read:0xaaaaaaaa at 0xa00082b4
[66140.578399] PUF Read:0xaaaaaaea at 0xa00082b8
[66140.578399] PUF Read:0xaaaaaaaa at 0xa00082bc
[66140.578460] PUF Read:0xaaaaaaaa at 0xa00082c0
[66140.578460] PUF Read:0xaaaaaaaa at 0xa00082c4
[66140.578460] PUF Read:0xaaaaaaaa at 0xa00082c8
[66140.578521] PUF Read:0xaaaaaaaa at 0xa00082cc
[66140.578552] PUF Read:0xaaaaaaaa at 0xa00082d0
[66140.578552] PUF Read:0xaaaaaaaa at 0xa00082d4
[66140.578552] PUF Read:0xaaaaaaaa at 0xa00082d8
[66140.578613] PUF Read:0xaaaaaaaa at 0xa00082dc
[66140.578613] PUF Read:0xaaaaaaaa at 0xa00082e0
[66140.578674] PUF Read:0xaaaaaeaa at 0xa00082e4
[66140.578704] PUF Read:0xaaaaaaaa at 0xa00082e8
[66140.578704] PUF Read:0xaaaaaaaa at 0xa00082ec
[66140.578704] PUF Read:0xaaaaaaaa at 0xa00082f0
[66140.578765] PUF Read:0xaaaaaaaa at 0xa00082f4
[66140.578765] PUF Read:0xaaaaaaaa at 0xa00082f8
[66140.578826] PUF Read:0xaaaaaaaa at 0xa00082fc
[66140.578857] PUF Read:0xaaaaaaaa at 0xa0008300
[66140.578857] PUF Read:0xaaaaaaaa at 0xa0008304
[66140.578857] PUF Read:0xaaaaaaaa at 0xa0008308
[66140.578857] PUF Read:0xaaaaaaaa at 0xa000830c
[66140.578857] PUF Read:0xaaaaaaaa at 0xa0008310
[66140.578857] PUF Read:0xaaaaaaaa at 0xa0008314
[66140.579010] PUF Read:0xaaaaaaaa at 0xa0008318
[66140.579010] PUF Read:0xbaaaaaaa at 0xa000831c
[66140.579010] PUF Read:0xaaaaaaaa at 0xa0008320
[66140.579010] PUF Read:0xaaaaaaaa at 0xa0008324
[66140.579101] PUF Read:0xaaaaaaaa at 0xa0008328
[66140.579101] PUF Read:0xaaaaaaaa at 0xa000832c
[66140.579162] PUF Read:0xaaaaaaae at 0xa0008330
[66140.579193] PUF Read:0xaaaaaaaa at 0xa0008334
[66140.579193] PUF Read:0xaaaaaaaa at 0xa0008338
[66140.579193] PUF Read:0xaaaaaaaa at 0xa000833c
[66140.579254] PUF Read:0xaaaaaaaa at 0xa0008340
[66140.579254] PUF Read:0xaaaaaaaa at 0xa0008344
[66140.579315] PUF Read:0xaaaaaaaa at 0xa0008348
[66140.579345] PUF Read:0xaaaaaaaa at 0xa000834c
[66140.579345] PUF Read:0xaaaaaaaa at 0xa0008350
[66140.579345] PUF Read:0xaaaaaaaa at 0xa0008354
[66140.579406] PUF Read:0xaaaaaaaa at 0xa0008358
[66140.579406] PUF Read:0xaaaaaaaa at 0xa000835c
[66140.579467] PUF Read:0xaaabaaaa at 0xa0008360
[66140.579498] PUF Read:0xaaaaaaaa at 0xa0008364
[66140.579498] PUF Read:0xaaaaaaaa at 0xa0008368
[66140.579559] PUF Read:0xaaaaaaaa at 0xa000836c
[66140.579559] PUF Read:0xaaaaaaaa at 0xa0008370
[66140.579559] PUF Read:0xaaaaaaaa at 0xa0008374
[66140.579559] PUF Read:0xaaaaaaaa at 0xa0008378
[66140.579650] PUF Read:0xaaaaaaaa at 0xa000837c
[66140.579650] PUF Read:0xaaaaaaaa at 0xa0008380
[66140.579650] PUF Read:0xaaaaaaaa at 0xa0008384
[66140.579650] PUF Read:0xaaaaaaaa at 0xa0008388
[66140.579742] PUF Read:0xaaaaaaaa at 0xa000838c
[66140.579742] PUF Read:0xaaaaaaaa at 0xa0008390
[66140.579803] PUF Read:0xaaaaaaaa at 0xa0008394
[66140.579833] PUF Read:0xaaaaaaaa at 0xa0008398
[66140.579833] PUF Read:0xaaa2aaaa at 0xa000839c
[66140.579895] PUF Read:0xaaaaaaaa at 0xa00083a0
[66140.579895] PUF Read:0xaaaaaaaa at 0xa00083a4
[66140.579895] PUF Read:0xaaaaaaaa at 0xa00083a8
[66140.579895] PUF Read:0xaaaaaaaa at 0xa00083ac
[66140.579986] PUF Read:0xaaaaaaaa at 0xa00083b0
[66140.579986] PUF Read:0xaaaaaaaa at 0xa00083b4
[66140.579986] PUF Read:0xaaaaaaaa at 0xa00083b8
[66140.579986] PUF Read:0xaaaaaaaa at 0xa00083bc
[66140.580078] PUF Read:0xaaaaaaaa at 0xa00083c0
[66140.580078] PUF Read:0xaaaaaaaa at 0xa00083c4
[66140.580139] PUF Read:0xaaaaaaaa at 0xa00083c8
[66140.580169] PUF Read:0xaaaaaaaa at 0xa00083cc
[66140.580169] PUF Read:0xaaaaaaaa at 0xa00083d0
[66140.580169] PUF Read:0xaaabaaaa at 0xa00083d4
[66140.580230] PUF Read:0xaaaaaaaa at 0xa00083d8
[66140.580230] PUF Read:0xaaaaaaaa at 0xa00083dc
[66140.580291] PUF Read:0xaaaaaaaa at 0xa00083e0
[66140.580322] PUF Read:0xaaaaaaaa at 0xa00083e4
[66140.580322] PUF Read:0xaaaaaaaa at 0xa00083e8
[66140.580322] PUF Read:0xaaaaaaaa at 0xa00083ec
[66140.580383] PUF Read:0xaaaaaaaa at 0xa00083f0
[66140.580383] PUF Read:0xaaaaaaaa at 0xa00083f4
[66140.580444] PUF Read:0xaaaaaaae at 0xa00083f8
[66140.580474] PUF Read:0xaaaeaaaa at 0xa00083fc
[66140.580474] [i] Finished PUF read-out
[66140.580505] <6>[i] Finished PUF query for decaytime: 7680
[66140.580505] [i] Start decaytime: 120
[66140.580535] EMIF 2 REG Write 0x80000000 at 0x4d000010
[66140.580535] EMIF 2 REG Read 0x80000000 at 0x4d000010
[66140.580566] EMIF 2 REG Write 0x80000000 at 0x4d000014
[66140.580596] EMIF 2 REG Read 0x00000000 at 0x4d000014
[66140.580627] EMIF 2 REG Write 0x08016893 at 0x4d0000cc
[66140.580627] EMIF 2 REG Read 0x08016893 at 0x4d0000cc
[66140.580627] Temp polling alert disabled
[66140.580657] Refresh Disabled at EMIF2
[66140.580657] [i] Initialiting PUF & hammer rows
[66140.580657] [i] Single-Sided Rowhammer (SSRH)
[66140.587371] [i] Finished initialiting PUF & hammer rows
[66140.587371] [i]	Timer elapsed since its reset 0 sec
[66140.587371] [i] Decay: 120 sec
[66140.587402] [i]	Relative Decay: 0 msec
