[24966.947814] [i] Total hammer attempts per row: 3728945
[24966.947814] EMIF 2 REG Write 0x00000618 at 0x4d000010
[24966.947845] EMIF 2 REG Read 0x00000618 at 0x4d000010
[24966.947875] EMIF 2 REG Write 0x00000618 at 0x4d000014
[24966.947875] EMIF 2 REG Read 0x00000618 at 0x4d000014
[24966.947875] EMIF 2 REG Write 0x58016893 at 0x4d0000cc
[24966.947906] EMIF 2 REG Read 0x58016893 at 0x4d0000cc
[24966.947906] Temp polling alert enabled
[24966.947906] Refresh enabled at EMIF2
[24966.947937] [i] Starting PUF read-out
[24966.947937] [i] Single-Sided Rowhammer (SSRH)
[24966.947967] PUF Read:0x00000010 at 0xa0008000
[24966.947967] PUF Read:0x00000400 at 0xa0008004
[24966.947967] PUF Read:0x00000000 at 0xa0008008
[24966.947967] PUF Read:0x00000000 at 0xa000800c
[24966.948059] PUF Read:0x00000000 at 0xa0008010
[24966.948059] PUF Read:0x00000100 at 0xa0008014
[24966.948120] PUF Read:0x00000000 at 0xa0008018
[24966.948150] PUF Read:0x10400100 at 0xa000801c
[24966.948150] PUF Read:0x40000000 at 0xa0008020
[24966.948211] PUF Read:0x40004000 at 0xa0008024
[24966.948211] PUF Read:0x00004000 at 0xa0008028
[24966.948211] PUF Read:0x00000010 at 0xa000802c
[24966.948211] PUF Read:0x40000000 at 0xa0008030
[24966.948303] PUF Read:0x04000000 at 0xa0008034
[24966.948303] PUF Read:0x00000000 at 0xa0008038
[24966.948303] PUF Read:0x00000000 at 0xa000803c
[24966.948303] PUF Read:0x00000001 at 0xa0008040
[24966.948303] PUF Read:0x00004000 at 0xa0008044
[24966.948303] PUF Read:0x00000000 at 0xa0008048
[24966.948455] PUF Read:0x00000001 at 0xa000804c
[24966.948455] PUF Read:0x00000000 at 0xa0008050
[24966.948455] PUF Read:0x00000000 at 0xa0008054
[24966.948455] PUF Read:0x00000000 at 0xa0008058
[24966.948455] PUF Read:0x00000000 at 0xa000805c
[24966.948455] PUF Read:0x00000000 at 0xa0008060
[24966.948608] PUF Read:0x00100000 at 0xa0008064
[24966.948608] PUF Read:0x00000000 at 0xa0008068
[24966.948608] PUF Read:0x00000000 at 0xa000806c
[24966.948608] PUF Read:0x00000000 at 0xa0008070
[24966.948608] PUF Read:0x00000000 at 0xa0008074
[24966.948608] PUF Read:0x00000000 at 0xa0008078
[24966.948760] PUF Read:0x00010000 at 0xa000807c
[24966.948760] PUF Read:0x00010000 at 0xa0008080
[24966.948760] PUF Read:0x00000000 at 0xa0008084
[24966.948760] PUF Read:0x00000000 at 0xa0008088
[24966.948760] PUF Read:0x00000000 at 0xa000808c
[24966.948883] PUF Read:0x00000000 at 0xa0008090
[24966.948913] PUF Read:0x10000000 at 0xa0008094
[24966.948913] PUF Read:0x00410001 at 0xa0008098
[24966.948913] PUF Read:0x00000000 at 0xa000809c
[24966.948913] PUF Read:0x00000000 at 0xa00080a0
[24966.948913] PUF Read:0x00010000 at 0xa00080a4
[24966.948913] PUF Read:0x00010001 at 0xa00080a8
[24966.949066] PUF Read:0x00000041 at 0xa00080ac
[24966.949066] PUF Read:0x00000000 at 0xa00080b0
[24966.949066] PUF Read:0x00000000 at 0xa00080b4
[24966.949066] PUF Read:0x00004000 at 0xa00080b8
[24966.949066] PUF Read:0x00000000 at 0xa00080bc
[24966.949066] PUF Read:0x00000400 at 0xa00080c0
[24966.949218] PUF Read:0x00000000 at 0xa00080c4
[24966.949218] PUF Read:0x10100000 at 0xa00080c8
[24966.949218] PUF Read:0x01000000 at 0xa00080cc
[24966.949218] PUF Read:0x40044000 at 0xa00080d0
[24966.949218] PUF Read:0x00000000 at 0xa00080d4
[24966.949218] PUF Read:0x00001000 at 0xa00080d8
[24966.949371] PUF Read:0x00000000 at 0xa00080dc
[24966.949401] PUF Read:0x01000000 at 0xa00080e0
[24966.949401] PUF Read:0x00000000 at 0xa00080e4
[24966.949401] PUF Read:0x00000000 at 0xa00080e8
[24966.949401] PUF Read:0x00000001 at 0xa00080ec
[24966.949401] PUF Read:0x00000000 at 0xa00080f0
[24966.949401] PUF Read:0x00000000 at 0xa00080f4
[24966.949554] PUF Read:0x00000100 at 0xa00080f8
[24966.949584] PUF Read:0x00000000 at 0xa00080fc
[24966.949584] PUF Read:0x00000000 at 0xa0008100
[24966.949584] PUF Read:0x00000000 at 0xa0008104
[24966.949645] PUF Read:0x00000000 at 0xa0008108
[24966.949645] PUF Read:0x00000100 at 0xa000810c
[24966.949707] PUF Read:0x00000000 at 0xa0008110
[24966.949737] PUF Read:0x00400000 at 0xa0008114
[24966.949737] PUF Read:0x00000000 at 0xa0008118
[24966.949737] PUF Read:0x00000000 at 0xa000811c
[24966.949798] PUF Read:0x01000000 at 0xa0008120
[24966.949798] PUF Read:0x00000400 at 0xa0008124
[24966.949859] PUF Read:0x00000040 at 0xa0008128
[24966.949890] PUF Read:0x00000000 at 0xa000812c
[24966.949890] PUF Read:0x00000000 at 0xa0008130
[24966.949890] PUF Read:0x00000000 at 0xa0008134
[24966.949951] PUF Read:0x00010000 at 0xa0008138
[24966.949951] PUF Read:0x00000000 at 0xa000813c
[24966.950012] PUF Read:0x40000400 at 0xa0008140
[24966.950042] PUF Read:0x00000040 at 0xa0008144
[24966.950042] PUF Read:0x00100400 at 0xa0008148
[24966.950042] PUF Read:0x00000000 at 0xa000814c
[24966.950103] PUF Read:0x00000000 at 0xa0008150
[24966.950103] PUF Read:0x00000000 at 0xa0008154
[24966.950164] PUF Read:0x00000000 at 0xa0008158
[24966.950195] PUF Read:0x00100040 at 0xa000815c
[24966.950195] PUF Read:0x00001000 at 0xa0008160
[24966.950195] PUF Read:0x00000000 at 0xa0008164
[24966.950256] PUF Read:0x04000000 at 0xa0008168
[24966.950256] PUF Read:0x00400000 at 0xa000816c
[24966.950317] PUF Read:0x00000000 at 0xa0008170
[24966.950347] PUF Read:0x00100000 at 0xa0008174
[24966.950347] PUF Read:0x00000000 at 0xa0008178
[24966.950347] PUF Read:0x00004000 at 0xa000817c
[24966.950408] PUF Read:0x00000000 at 0xa0008180
[24966.950408] PUF Read:0x00000000 at 0xa0008184
[24966.950469] PUF Read:0x00040000 at 0xa0008188
[24966.950500] PUF Read:0x00000440 at 0xa000818c
[24966.950500] PUF Read:0x00000000 at 0xa0008190
[24966.950500] PUF Read:0x40000000 at 0xa0008194
[24966.950561] PUF Read:0x00000004 at 0xa0008198
[24966.950561] PUF Read:0x00000000 at 0xa000819c
[24966.950622] PUF Read:0x00000000 at 0xa00081a0
[24966.950653] PUF Read:0x00000000 at 0xa00081a4
[24966.950653] PUF Read:0x00000000 at 0xa00081a8
[24966.950653] PUF Read:0x00000040 at 0xa00081ac
[24966.950714] PUF Read:0x00410000 at 0xa00081b0
[24966.950714] PUF Read:0x00000000 at 0xa00081b4
[24966.950775] PUF Read:0x00000000 at 0xa00081b8
[24966.950805] PUF Read:0x00100000 at 0xa00081bc
[24966.950805] PUF Read:0x00000000 at 0xa00081c0
[24966.950805] PUF Read:0x00000004 at 0xa00081c4
[24966.950866] PUF Read:0x00000000 at 0xa00081c8
[24966.950897] PUF Read:0x00010000 at 0xa00081cc
[24966.950897] PUF Read:0x10000000 at 0xa00081d0
[24966.950958] PUF Read:0x00000000 at 0xa00081d4
[24966.950988] PUF Read:0x10000000 at 0xa00081d8
[24966.950988] PUF Read:0x00004000 at 0xa00081dc
[24966.950988] PUF Read:0x00000000 at 0xa00081e0
[24966.951049] PUF Read:0x00000040 at 0xa00081e4
[24966.951049] PUF Read:0x00000000 at 0xa00081e8
[24966.951110] PUF Read:0x00000010 at 0xa00081ec
[24966.951141] PUF Read:0x00000001 at 0xa00081f0
[24966.951141] PUF Read:0x00010400 at 0xa00081f4
[24966.951202] PUF Read:0x00000000 at 0xa00081f8
[24966.951202] PUF Read:0x00000040 at 0xa00081fc
[24966.951202] PUF Read:0x00000000 at 0xa0008200
[24966.951263] PUF Read:0x00000000 at 0xa0008204
[24966.951293] PUF Read:0x00000010 at 0xa0008208
[24966.951293] PUF Read:0x00000000 at 0xa000820c
[24966.951293] PUF Read:0x00400000 at 0xa0008210
[24966.951293] PUF Read:0x00000000 at 0xa0008214
[24966.951293] PUF Read:0x00000400 at 0xa0008218
[24966.951293] PUF Read:0x00000000 at 0xa000821c
[24966.951446] PUF Read:0x00000000 at 0xa0008220
[24966.951446] PUF Read:0x00100000 at 0xa0008224
[24966.951446] PUF Read:0x00000000 at 0xa0008228
[24966.951446] PUF Read:0x00000000 at 0xa000822c
[24966.951446] PUF Read:0x00000500 at 0xa0008230
[24966.951446] PUF Read:0x00400000 at 0xa0008234
[24966.951599] PUF Read:0x00000000 at 0xa0008238
[24966.951599] PUF Read:0x00000500 at 0xa000823c
[24966.951599] PUF Read:0x00000004 at 0xa0008240
[24966.951599] PUF Read:0x00000000 at 0xa0008244
[24966.951599] PUF Read:0x00040000 at 0xa0008248
[24966.951599] PUF Read:0x00000000 at 0xa000824c
[24966.951751] PUF Read:0x04000000 at 0xa0008250
[24966.951751] PUF Read:0x00100000 at 0xa0008254
[24966.951751] PUF Read:0x00000000 at 0xa0008258
[24966.951751] PUF Read:0x04040000 at 0xa000825c
[24966.951751] PUF Read:0x00000000 at 0xa0008260
[24966.951751] PUF Read:0x00001010 at 0xa0008264
[24966.951904] PUF Read:0x00000400 at 0xa0008268
[24966.951904] PUF Read:0x00000000 at 0xa000826c
[24966.951904] PUF Read:0x00001000 at 0xa0008270
[24966.951904] PUF Read:0x00000000 at 0xa0008274
[24966.951904] PUF Read:0x00000040 at 0xa0008278
[24966.951904] PUF Read:0x00100000 at 0xa000827c
[24966.952056] PUF Read:0x40000000 at 0xa0008280
[24966.952087] PUF Read:0x00000000 at 0xa0008284
[24966.952087] PUF Read:0x00400000 at 0xa0008288
[24966.952087] PUF Read:0x00000000 at 0xa000828c
[24966.952148] PUF Read:0x00000000 at 0xa0008290
[24966.952148] PUF Read:0x00000000 at 0xa0008294
[24966.952209] PUF Read:0x00000000 at 0xa0008298
[24966.952209] PUF Read:0x00000000 at 0xa000829c
[24966.952209] PUF Read:0x00000000 at 0xa00082a0
[24966.952209] PUF Read:0x00001000 at 0xa00082a4
[24966.952209] PUF Read:0x00000000 at 0xa00082a8
[24966.952209] PUF Read:0x00000000 at 0xa00082ac
[24966.952362] PUF Read:0x00000000 at 0xa00082b0
[24966.952392] PUF Read:0x00000000 at 0xa00082b4
[24966.952392] PUF Read:0x00000040 at 0xa00082b8
[24966.952392] PUF Read:0x00000000 at 0xa00082bc
[24966.952392] PUF Read:0x10000000 at 0xa00082c0
[24966.952392] PUF Read:0x00000000 at 0xa00082c4
[24966.952392] PUF Read:0x10000000 at 0xa00082c8
[24966.952545] PUF Read:0x00000000 at 0xa00082cc
[24966.952575] PUF Read:0x00100000 at 0xa00082d0
[24966.952575] PUF Read:0x00000000 at 0xa00082d4
[24966.952575] PUF Read:0x40000000 at 0xa00082d8
[24966.952636] PUF Read:0x00004000 at 0xa00082dc
[24966.952636] PUF Read:0x00000000 at 0xa00082e0
[24966.952697] PUF Read:0x00000400 at 0xa00082e4
[24966.952728] PUF Read:0x00000100 at 0xa00082e8
[24966.952728] PUF Read:0x00000001 at 0xa00082ec
[24966.952728] PUF Read:0x00000001 at 0xa00082f0
[24966.952789] PUF Read:0x00000000 at 0xa00082f4
[24966.952789] PUF Read:0x00000000 at 0xa00082f8
[24966.952850] PUF Read:0x00000000 at 0xa00082fc
[24966.952880] PUF Read:0x00000100 at 0xa0008300
[24966.952880] PUF Read:0x00000000 at 0xa0008304
[24966.952880] PUF Read:0x00000000 at 0xa0008308
[24966.952941] PUF Read:0x00000000 at 0xa000830c
[24966.952941] PUF Read:0x00000000 at 0xa0008310
[24966.953002] PUF Read:0x00000010 at 0xa0008314
[24966.953033] PUF Read:0x01500000 at 0xa0008318
[24966.953033] PUF Read:0x10000000 at 0xa000831c
[24966.953033] PUF Read:0x00000000 at 0xa0008320
[24966.953094] PUF Read:0x00000100 at 0xa0008324
[24966.953094] PUF Read:0x00000000 at 0xa0008328
[24966.953155] PUF Read:0x00010000 at 0xa000832c
[24966.953186] PUF Read:0x00000004 at 0xa0008330
[24966.953186] PUF Read:0x00000100 at 0xa0008334
[24966.953186] PUF Read:0x00001000 at 0xa0008338
[24966.953186] PUF Read:0x00000000 at 0xa000833c
[24966.953186] PUF Read:0x10000100 at 0xa0008340
[24966.953186] PUF Read:0x00000001 at 0xa0008344
[24966.953338] PUF Read:0x00000000 at 0xa0008348
[24966.953338] PUF Read:0x00000100 at 0xa000834c
[24966.953338] PUF Read:0x00000000 at 0xa0008350
[24966.953338] PUF Read:0x00000000 at 0xa0008354
[24966.953338] PUF Read:0x00000000 at 0xa0008358
[24966.953460] PUF Read:0x00001000 at 0xa000835c
[24966.953491] PUF Read:0x00010000 at 0xa0008360
[24966.953491] PUF Read:0x00000000 at 0xa0008364
[24966.953491] PUF Read:0x04000000 at 0xa0008368
[24966.953491] PUF Read:0x00000400 at 0xa000836c
[24966.953491] PUF Read:0x00000000 at 0xa0008370
[24966.953491] PUF Read:0x00000000 at 0xa0008374
[24966.953643] PUF Read:0x40010000 at 0xa0008378
[24966.953643] PUF Read:0x00000040 at 0xa000837c
[24966.953643] PUF Read:0x00000000 at 0xa0008380
[24966.953643] PUF Read:0x00000000 at 0xa0008384
[24966.953643] PUF Read:0x00000000 at 0xa0008388
[24966.953643] PUF Read:0x00000000 at 0xa000838c
[24966.953796] PUF Read:0x00000001 at 0xa0008390
[24966.953796] PUF Read:0x00000100 at 0xa0008394
[24966.953796] PUF Read:0x10000000 at 0xa0008398
[24966.953796] PUF Read:0x00000004 at 0xa000839c
[24966.953796] PUF Read:0x00004000 at 0xa00083a0
[24966.953796] PUF Read:0x00000000 at 0xa00083a4
[24966.953796] PUF Read:0x40100000 at 0xa00083a8
[24966.953979] PUF Read:0x00001000 at 0xa00083ac
[24966.953979] PUF Read:0x00000000 at 0xa00083b0
[24966.953979] PUF Read:0x00000000 at 0xa00083b4
[24966.953979] PUF Read:0x00000000 at 0xa00083b8
[24966.953979] PUF Read:0x00000000 at 0xa00083bc
[24966.953979] PUF Read:0x00000040 at 0xa00083c0
[24966.954132] PUF Read:0x04000000 at 0xa00083c4
[24966.954132] PUF Read:0x00000000 at 0xa00083c8
[24966.954132] PUF Read:0x00000000 at 0xa00083cc
[24966.954132] PUF Read:0x00000000 at 0xa00083d0
[24966.954132] PUF Read:0x00010000 at 0xa00083d4
[24966.954132] PUF Read:0x00000000 at 0xa00083d8
[24966.954284] PUF Read:0x00000000 at 0xa00083dc
[24966.954284] PUF Read:0x00140000 at 0xa00083e0
[24966.954284] PUF Read:0x10000000 at 0xa00083e4
[24966.954284] PUF Read:0x04000000 at 0xa00083e8
[24966.954284] PUF Read:0x00000000 at 0xa00083ec
[24966.954284] PUF Read:0x00000400 at 0xa00083f0
[24966.954437] PUF Read:0x04000000 at 0xa00083f4
[24966.954437] PUF Read:0x00000004 at 0xa00083f8
[24966.954437] PUF Read:0x00040000 at 0xa00083fc
[24966.954437] [i] Finished PUF read-out
[24966.954437] <6>[i] Finished PUF query for decaytime: 15360
[24966.954528] End measurement:17
[24966.954528] [i] Start measurement: 18
[24966.954528] [i] Start decaytime: 60
[24966.954559] EMIF 2 REG Write 0x80000000 at 0x4d000010
[24966.954559] EMIF 2 REG Read 0x80000000 at 0x4d000010
[24966.954589] EMIF 2 REG Write 0x80000000 at 0x4d000014
[24966.954589] EMIF 2 REG Read 0x00000000 at 0x4d000014
[24966.954620] EMIF 2 REG Write 0x08016893 at 0x4d0000cc
[24966.954620] EMIF 2 REG Read 0x08016893 at 0x4d0000cc
[24966.954620] Temp polling alert disabled
[24966.954650] Refresh Disabled at EMIF2
[24966.954650] [i] Initialiting PUF & hammer rows
[24966.954650] [i] Single-Sided Rowhammer (SSRH)
[24966.956512] [i] Finished initialiting PUF & hammer rows
[24966.961425] [i]	Timer elapsed since its reset 0 sec
[24966.961425] [i] Decay: 60 sec
[24966.961425] [i]	Relative Decay: 0 msec
