[23706.831634] [i] Total hammer attempts per row: 3728495
[23706.832733] EMIF 2 REG Write 0x00000618 at 0x4d000010
[23706.832733] EMIF 2 REG Read 0x00000618 at 0x4d000010
[23706.832763] EMIF 2 REG Write 0x00000618 at 0x4d000014
[23706.832763] EMIF 2 REG Read 0x00000618 at 0x4d000014
[23706.832794] EMIF 2 REG Write 0x58016893 at 0x4d0000cc
[23706.832794] EMIF 2 REG Read 0x58016893 at 0x4d0000cc
[23706.832794] Temp polling alert enabled
[23706.832824] Refresh enabled at EMIF2
[23706.832824] [i] Starting PUF read-out
[23706.832824] [i] Single-Sided Rowhammer (SSRH)
[23706.832855] PUF Read:0x00000010 at 0xa0008000
[23706.832885] PUF Read:0x00000400 at 0xa0008004
[23706.832916] PUF Read:0x00000000 at 0xa0008008
[23706.832916] PUF Read:0x00000000 at 0xa000800c
[23706.832916] PUF Read:0x00000000 at 0xa0008010
[23706.832916] PUF Read:0x00000100 at 0xa0008014
[23706.833007] PUF Read:0x00000000 at 0xa0008018
[23706.833007] PUF Read:0x10400100 at 0xa000801c
[23706.833068] PUF Read:0x40000000 at 0xa0008020
[23706.833099] PUF Read:0x40004000 at 0xa0008024
[23706.833099] PUF Read:0x00004000 at 0xa0008028
[23706.833160] PUF Read:0x00000010 at 0xa000802c
[23706.833160] PUF Read:0x40000000 at 0xa0008030
[23706.833160] PUF Read:0x04000000 at 0xa0008034
[23706.833160] PUF Read:0x00000000 at 0xa0008038
[23706.833251] PUF Read:0x00000000 at 0xa000803c
[23706.833282] PUF Read:0x00000001 at 0xa0008040
[23706.833282] PUF Read:0x00004000 at 0xa0008044
[23706.833282] PUF Read:0x00000000 at 0xa0008048
[23706.833343] PUF Read:0x00000001 at 0xa000804c
[23706.833343] PUF Read:0x00000000 at 0xa0008050
[23706.833404] PUF Read:0x00000000 at 0xa0008054
[23706.833435] PUF Read:0x00000000 at 0xa0008058
[23706.833435] PUF Read:0x00000000 at 0xa000805c
[23706.833435] PUF Read:0x00000000 at 0xa0008060
[23706.833496] PUF Read:0x00100000 at 0xa0008064
[23706.833496] PUF Read:0x00000000 at 0xa0008068
[23706.833557] PUF Read:0x00000000 at 0xa000806c
[23706.833587] PUF Read:0x00000000 at 0xa0008070
[23706.833587] PUF Read:0x00000000 at 0xa0008074
[23706.833587] PUF Read:0x00000000 at 0xa0008078
[23706.833648] PUF Read:0x00010000 at 0xa000807c
[23706.833648] PUF Read:0x00010001 at 0xa0008080
[23706.833709] PUF Read:0x00000000 at 0xa0008084
[23706.833740] PUF Read:0x00000000 at 0xa0008088
[23706.833740] PUF Read:0x00000000 at 0xa000808c
[23706.833740] PUF Read:0x00000000 at 0xa0008090
[23706.833801] PUF Read:0x10000000 at 0xa0008094
[23706.833801] PUF Read:0x00410001 at 0xa0008098
[23706.833862] PUF Read:0x00000000 at 0xa000809c
[23706.833892] PUF Read:0x00000000 at 0xa00080a0
[23706.833892] PUF Read:0x00010000 at 0xa00080a4
[23706.833892] PUF Read:0x00010001 at 0xa00080a8
[23706.833953] PUF Read:0x00000041 at 0xa00080ac
[23706.833953] PUF Read:0x00000000 at 0xa00080b0
[23706.834014] PUF Read:0x00000000 at 0xa00080b4
[23706.834045] PUF Read:0x00004000 at 0xa00080b8
[23706.834045] PUF Read:0x00000000 at 0xa00080bc
[23706.834106] PUF Read:0x00000400 at 0xa00080c0
[23706.834106] PUF Read:0x00000000 at 0xa00080c4
[23706.834106] PUF Read:0x10100000 at 0xa00080c8
[23706.834167] PUF Read:0x01000000 at 0xa00080cc
[23706.834197] PUF Read:0x40044000 at 0xa00080d0
[23706.834197] PUF Read:0x00000000 at 0xa00080d4
[23706.834259] PUF Read:0x00001000 at 0xa00080d8
[23706.834259] PUF Read:0x00000000 at 0xa00080dc
[23706.834259] PUF Read:0x01000000 at 0xa00080e0
[23706.834320] PUF Read:0x00000000 at 0xa00080e4
[23706.834350] PUF Read:0x00000000 at 0xa00080e8
[23706.834350] PUF Read:0x00000001 at 0xa00080ec
[23706.834411] PUF Read:0x00000000 at 0xa00080f0
[23706.834411] PUF Read:0x00000000 at 0xa00080f4
[23706.834411] PUF Read:0x00000100 at 0xa00080f8
[23706.834472] PUF Read:0x00000000 at 0xa00080fc
[23706.834503] PUF Read:0x00000000 at 0xa0008100
[23706.834503] PUF Read:0x00000000 at 0xa0008104
[23706.834503] PUF Read:0x00004000 at 0xa0008108
[23706.834564] PUF Read:0x00000100 at 0xa000810c
[23706.834564] PUF Read:0x00000000 at 0xa0008110
[23706.834625] PUF Read:0x00400000 at 0xa0008114
[23706.834655] PUF Read:0x00000000 at 0xa0008118
[23706.834655] PUF Read:0x00000000 at 0xa000811c
[23706.834655] PUF Read:0x01000000 at 0xa0008120
[23706.834716] PUF Read:0x00000400 at 0xa0008124
[23706.834716] PUF Read:0x00000040 at 0xa0008128
[23706.834777] PUF Read:0x00000000 at 0xa000812c
[23706.834808] PUF Read:0x00000000 at 0xa0008130
[23706.834808] PUF Read:0x00000000 at 0xa0008134
[23706.834808] PUF Read:0x00010000 at 0xa0008138
[23706.834869] PUF Read:0x00000000 at 0xa000813c
[23706.834869] PUF Read:0x40000400 at 0xa0008140
[23706.834930] PUF Read:0x00000040 at 0xa0008144
[23706.834960] PUF Read:0x00100400 at 0xa0008148
[23706.834960] PUF Read:0x00000000 at 0xa000814c
[23706.834960] PUF Read:0x00000000 at 0xa0008150
[23706.835021] PUF Read:0x00000000 at 0xa0008154
[23706.835021] PUF Read:0x00000000 at 0xa0008158
[23706.835083] PUF Read:0x00100040 at 0xa000815c
[23706.835113] PUF Read:0x00001000 at 0xa0008160
[23706.835113] PUF Read:0x00000000 at 0xa0008164
[23706.835113] PUF Read:0x04000000 at 0xa0008168
[23706.835174] PUF Read:0x00400000 at 0xa000816c
[23706.835174] PUF Read:0x00000000 at 0xa0008170
[23706.835235] PUF Read:0x00100000 at 0xa0008174
[23706.835266] PUF Read:0x00000000 at 0xa0008178
[23706.835266] PUF Read:0x00004000 at 0xa000817c
[23706.835327] PUF Read:0x00000000 at 0xa0008180
[23706.835327] PUF Read:0x00000000 at 0xa0008184
[23706.835327] PUF Read:0x00040000 at 0xa0008188
[23706.835327] PUF Read:0x00000440 at 0xa000818c
[23706.835418] PUF Read:0x00000000 at 0xa0008190
[23706.835418] PUF Read:0x40000000 at 0xa0008194
[23706.835418] PUF Read:0x00000004 at 0xa0008198
[23706.835418] PUF Read:0x00000000 at 0xa000819c
[23706.835418] PUF Read:0x00000000 at 0xa00081a0
[23706.835540] PUF Read:0x00000000 at 0xa00081a4
[23706.835571] PUF Read:0x00000000 at 0xa00081a8
[23706.835571] PUF Read:0x00000040 at 0xa00081ac
[23706.835571] PUF Read:0x00410000 at 0xa00081b0
[23706.835571] PUF Read:0x00000000 at 0xa00081b4
[23706.835662] PUF Read:0x00000000 at 0xa00081b8
[23706.835662] PUF Read:0x00100000 at 0xa00081bc
[23706.835723] PUF Read:0x00000000 at 0xa00081c0
[23706.835754] PUF Read:0x00000004 at 0xa00081c4
[23706.835754] PUF Read:0x00000000 at 0xa00081c8
[23706.835754] PUF Read:0x00010000 at 0xa00081cc
[23706.835815] PUF Read:0x10000000 at 0xa00081d0
[23706.835815] PUF Read:0x00000000 at 0xa00081d4
[23706.835876] PUF Read:0x10000000 at 0xa00081d8
[23706.835906] PUF Read:0x00004000 at 0xa00081dc
[23706.835906] PUF Read:0x00000000 at 0xa00081e0
[23706.835906] PUF Read:0x00000040 at 0xa00081e4
[23706.835968] PUF Read:0x00000000 at 0xa00081e8
[23706.835968] PUF Read:0x00000010 at 0xa00081ec
[23706.836029] PUF Read:0x00000001 at 0xa00081f0
[23706.836059] PUF Read:0x00010400 at 0xa00081f4
[23706.836059] PUF Read:0x00000000 at 0xa00081f8
[23706.836120] PUF Read:0x00000040 at 0xa00081fc
[23706.836120] PUF Read:0x00000000 at 0xa0008200
[23706.836120] PUF Read:0x00000000 at 0xa0008204
[23706.836181] PUF Read:0x00000010 at 0xa0008208
[23706.836212] PUF Read:0x00001000 at 0xa000820c
[23706.836212] PUF Read:0x00400000 at 0xa0008210
[23706.836212] PUF Read:0x00000000 at 0xa0008214
[23706.836212] PUF Read:0x00000400 at 0xa0008218
[23706.836212] PUF Read:0x00000000 at 0xa000821c
[23706.836212] PUF Read:0x00000000 at 0xa0008220
[23706.836364] PUF Read:0x00100000 at 0xa0008224
[23706.836395] PUF Read:0x00000000 at 0xa0008228
[23706.836395] PUF Read:0x00000000 at 0xa000822c
[23706.836395] PUF Read:0x00000500 at 0xa0008230
[23706.836456] PUF Read:0x00400000 at 0xa0008234
[23706.836456] PUF Read:0x00000000 at 0xa0008238
[23706.836517] PUF Read:0x00000500 at 0xa000823c
[23706.836547] PUF Read:0x01000004 at 0xa0008240
[23706.836547] PUF Read:0x00000000 at 0xa0008244
[23706.836547] PUF Read:0x00040000 at 0xa0008248
[23706.836608] PUF Read:0x00000000 at 0xa000824c
[23706.836608] PUF Read:0x04000000 at 0xa0008250
[23706.836669] PUF Read:0x00100000 at 0xa0008254
[23706.836700] PUF Read:0x00000000 at 0xa0008258
[23706.836700] PUF Read:0x04040000 at 0xa000825c
[23706.836700] PUF Read:0x00000000 at 0xa0008260
[23706.836761] PUF Read:0x00001010 at 0xa0008264
[23706.836761] PUF Read:0x00000400 at 0xa0008268
[23706.836761] PUF Read:0x00000000 at 0xa000826c
[23706.836853] PUF Read:0x00001000 at 0xa0008270
[23706.836853] PUF Read:0x00000000 at 0xa0008274
[23706.836853] PUF Read:0x00000040 at 0xa0008278
[23706.836853] PUF Read:0x00100000 at 0xa000827c
[23706.836853] PUF Read:0x40000000 at 0xa0008280
[23706.836853] PUF Read:0x00000000 at 0xa0008284
[23706.837005] PUF Read:0x00400000 at 0xa0008288
[23706.837005] PUF Read:0x00000000 at 0xa000828c
[23706.837005] PUF Read:0x00000000 at 0xa0008290
[23706.837005] PUF Read:0x00000010 at 0xa0008294
[23706.837005] PUF Read:0x00000000 at 0xa0008298
[23706.837005] PUF Read:0x00000000 at 0xa000829c
[23706.837158] PUF Read:0x00000000 at 0xa00082a0
[23706.837188] PUF Read:0x00001000 at 0xa00082a4
[23706.837188] PUF Read:0x00000000 at 0xa00082a8
[23706.837249] PUF Read:0x00000000 at 0xa00082ac
[23706.837249] PUF Read:0x00000000 at 0xa00082b0
[23706.837249] PUF Read:0x00000000 at 0xa00082b4
[23706.837310] PUF Read:0x00000040 at 0xa00082b8
[23706.837341] PUF Read:0x00000000 at 0xa00082bc
[23706.837341] PUF Read:0x10000000 at 0xa00082c0
[23706.837341] PUF Read:0x00000000 at 0xa00082c4
[23706.837402] PUF Read:0x10000000 at 0xa00082c8
[23706.837402] PUF Read:0x00000000 at 0xa00082cc
[23706.837463] PUF Read:0x00100000 at 0xa00082d0
[23706.837493] PUF Read:0x00000000 at 0xa00082d4
[23706.837493] PUF Read:0x40000000 at 0xa00082d8
[23706.837493] PUF Read:0x00004000 at 0xa00082dc
[23706.837554] PUF Read:0x00000000 at 0xa00082e0
[23706.837554] PUF Read:0x00000400 at 0xa00082e4
[23706.837615] PUF Read:0x00000100 at 0xa00082e8
[23706.837646] PUF Read:0x00000001 at 0xa00082ec
[23706.837646] PUF Read:0x00000001 at 0xa00082f0
[23706.837646] PUF Read:0x00000000 at 0xa00082f4
[23706.837646] PUF Read:0x00000000 at 0xa00082f8
[23706.837646] PUF Read:0x00000000 at 0xa00082fc
[23706.837646] PUF Read:0x00000100 at 0xa0008300
[23706.837799] PUF Read:0x00000000 at 0xa0008304
[23706.837799] PUF Read:0x00000000 at 0xa0008308
[23706.837860] PUF Read:0x00000000 at 0xa000830c
[23706.837860] PUF Read:0x00000000 at 0xa0008310
[23706.837860] PUF Read:0x00000010 at 0xa0008314
[23706.837860] PUF Read:0x01500000 at 0xa0008318
[23706.837951] PUF Read:0x10000000 at 0xa000831c
[23706.837951] PUF Read:0x00000000 at 0xa0008320
[23706.837951] PUF Read:0x00000100 at 0xa0008324
[23706.837951] PUF Read:0x00000000 at 0xa0008328
[23706.837951] PUF Read:0x00010000 at 0xa000832c
[23706.837951] PUF Read:0x00000004 at 0xa0008330
[23706.838104] PUF Read:0x00000100 at 0xa0008334
[23706.838134] PUF Read:0x00001000 at 0xa0008338
[23706.838134] PUF Read:0x00000000 at 0xa000833c
[23706.838134] PUF Read:0x10000100 at 0xa0008340
[23706.838195] PUF Read:0x00000001 at 0xa0008344
[23706.838195] PUF Read:0x00000000 at 0xa0008348
[23706.838256] PUF Read:0x00000100 at 0xa000834c
[23706.838287] PUF Read:0x00000000 at 0xa0008350
[23706.838287] PUF Read:0x00000000 at 0xa0008354
[23706.838287] PUF Read:0x00000000 at 0xa0008358
[23706.838348] PUF Read:0x00001000 at 0xa000835c
[23706.838409] PUF Read:0x00010000 at 0xa0008360
[23706.838409] PUF Read:0x00000000 at 0xa0008364
[23706.838409] PUF Read:0x04000000 at 0xa0008368
[23706.838409] PUF Read:0x00000400 at 0xa000836c
[23706.838531] PUF Read:0x00000000 at 0xa0008370
[23706.838531] PUF Read:0x00000000 at 0xa0008374
[23706.838531] PUF Read:0x40010000 at 0xa0008378
[23706.838531] PUF Read:0x00000040 at 0xa000837c
[23706.838623] PUF Read:0x00000000 at 0xa0008380
[23706.838623] PUF Read:0x00000000 at 0xa0008384
[23706.838684] PUF Read:0x00000000 at 0xa0008388
[23706.838714] PUF Read:0x00000000 at 0xa000838c
[23706.838714] PUF Read:0x00000001 at 0xa0008390
[23706.838775] PUF Read:0x00000100 at 0xa0008394
[23706.838775] PUF Read:0x10000000 at 0xa0008398
[23706.838775] PUF Read:0x00000004 at 0xa000839c
[23706.838775] PUF Read:0x00004000 at 0xa00083a0
[23706.838867] PUF Read:0x00000000 at 0xa00083a4
[23706.838867] PUF Read:0x40100000 at 0xa00083a8
[23706.838867] PUF Read:0x00001000 at 0xa00083ac
[23706.838867] PUF Read:0x00000000 at 0xa00083b0
[23706.838958] PUF Read:0x00000000 at 0xa00083b4
[23706.838958] PUF Read:0x00000000 at 0xa00083b8
[23706.839019] PUF Read:0x00000000 at 0xa00083bc
[23706.839019] PUF Read:0x00000040 at 0xa00083c0
[23706.839019] PUF Read:0x04000000 at 0xa00083c4
[23706.839019] PUF Read:0x00000000 at 0xa00083c8
[23706.839111] PUF Read:0x00000000 at 0xa00083cc
[23706.839111] PUF Read:0x00000000 at 0xa00083d0
[23706.839172] PUF Read:0x00010000 at 0xa00083d4
[23706.839202] PUF Read:0x00000000 at 0xa00083d8
[23706.839202] PUF Read:0x00000000 at 0xa00083dc
[23706.839202] PUF Read:0x00140000 at 0xa00083e0
[23706.839202] PUF Read:0x10000000 at 0xa00083e4
[23706.839202] PUF Read:0x04000000 at 0xa00083e8
[23706.839324] PUF Read:0x00000000 at 0xa00083ec
[23706.839355] PUF Read:0x00000400 at 0xa00083f0
[23706.839355] PUF Read:0x04000000 at 0xa00083f4
[23706.839355] PUF Read:0x00000004 at 0xa00083f8
[23706.839416] PUF Read:0x00040000 at 0xa00083fc
[23706.839447] [i] Finished PUF read-out
[23706.839447] <6>[i] Finished PUF query for decaytime: 15360
[23706.839477] End measurement:10
[23706.839477] [i] Start measurement: 11
[23706.839477] [i] Start decaytime: 60
[23706.839508] EMIF 2 REG Write 0x80000000 at 0x4d000010
[23706.839508] EMIF 2 REG Read 0x80000000 at 0x4d000010
[23706.839538] EMIF 2 REG Write 0x80000000 at 0x4d000014
[23706.839538] EMIF 2 REG Read 0x00000000 at 0x4d000014
[23706.839538] EMIF 2 REG Write 0x08016893 at 0x4d0000cc
[23706.839569] EMIF 2 REG Read 0x08016893 at 0x4d0000cc
[23706.839569] Temp polling alert disabled
[23706.839569] Refresh Disabled at EMIF2
[23706.839599] [i] Initialiting PUF & hammer rows
[23706.839599] [i] Single-Sided Rowhammer (SSRH)
[23706.846313] [i] Finished initialiting PUF & hammer rows
[23706.846313] [i]	Timer elapsed since its reset 0 sec
[23706.846313] [i] Decay: 60 sec
[23706.846343] [i]	Relative Decay: 0 msec
