[25146.963439] [i] Total hammer attempts per row: 3728499
[25146.963470] EMIF 2 REG Write 0x00000618 at 0x4d000010
[25146.963470] EMIF 2 REG Read 0x00000618 at 0x4d000010
[25146.963500] EMIF 2 REG Write 0x00000618 at 0x4d000014
[25146.963500] EMIF 2 REG Read 0x00000618 at 0x4d000014
[25146.963531] EMIF 2 REG Write 0x58016893 at 0x4d0000cc
[25146.963531] EMIF 2 REG Read 0x58016893 at 0x4d0000cc
[25146.963531] Temp polling alert enabled
[25146.963562] Refresh enabled at EMIF2
[25146.963562] [i] Starting PUF read-out
[25146.963562] [i] Single-Sided Rowhammer (SSRH)
[25146.963592] PUF Read:0x00000010 at 0xa0008000
[25146.963592] PUF Read:0x00000400 at 0xa0008004
[25146.963592] PUF Read:0x00000000 at 0xa0008008
[25146.963592] PUF Read:0x00000000 at 0xa000800c
[25146.963592] PUF Read:0x00000000 at 0xa0008010
[25146.963714] PUF Read:0x00000100 at 0xa0008014
[25146.963714] PUF Read:0x00000000 at 0xa0008018
[25146.963775] PUF Read:0x10400100 at 0xa000801c
[25146.963806] PUF Read:0x40000000 at 0xa0008020
[25146.963806] PUF Read:0x40004000 at 0xa0008024
[25146.963867] PUF Read:0x00004000 at 0xa0008028
[25146.963867] PUF Read:0x00000010 at 0xa000802c
[25146.963867] PUF Read:0x40000000 at 0xa0008030
[25146.963867] PUF Read:0x04000000 at 0xa0008034
[25146.963958] PUF Read:0x00000000 at 0xa0008038
[25146.963958] PUF Read:0x00000000 at 0xa000803c
[25146.963958] PUF Read:0x00000001 at 0xa0008040
[25146.963958] PUF Read:0x00004000 at 0xa0008044
[25146.963958] PUF Read:0x00000000 at 0xa0008048
[25146.963958] PUF Read:0x00000001 at 0xa000804c
[25146.964111] PUF Read:0x00000000 at 0xa0008050
[25146.964141] PUF Read:0x00000000 at 0xa0008054
[25146.964141] PUF Read:0x00000000 at 0xa0008058
[25146.964202] PUF Read:0x00000000 at 0xa000805c
[25146.964202] PUF Read:0x00000000 at 0xa0008060
[25146.964202] PUF Read:0x00100000 at 0xa0008064
[25146.964263] PUF Read:0x00000000 at 0xa0008068
[25146.964294] PUF Read:0x00000000 at 0xa000806c
[25146.964294] PUF Read:0x00000000 at 0xa0008070
[25146.964294] PUF Read:0x00000000 at 0xa0008074
[25146.964355] PUF Read:0x00000000 at 0xa0008078
[25146.964355] PUF Read:0x00010000 at 0xa000807c
[25146.964416] PUF Read:0x00010000 at 0xa0008080
[25146.964447] PUF Read:0x00000000 at 0xa0008084
[25146.964447] PUF Read:0x00000000 at 0xa0008088
[25146.964508] PUF Read:0x00000000 at 0xa000808c
[25146.964508] PUF Read:0x00000000 at 0xa0008090
[25146.964508] PUF Read:0x10000000 at 0xa0008094
[25146.964508] PUF Read:0x00410001 at 0xa0008098
[25146.964599] PUF Read:0x00000000 at 0xa000809c
[25146.964599] PUF Read:0x00000000 at 0xa00080a0
[25146.964599] PUF Read:0x00010000 at 0xa00080a4
[25146.964599] PUF Read:0x00010001 at 0xa00080a8
[25146.964599] PUF Read:0x00000041 at 0xa00080ac
[25146.964599] PUF Read:0x00000000 at 0xa00080b0
[25146.964752] PUF Read:0x00000000 at 0xa00080b4
[25146.964752] PUF Read:0x00004000 at 0xa00080b8
[25146.964752] PUF Read:0x00000000 at 0xa00080bc
[25146.964752] PUF Read:0x00000400 at 0xa00080c0
[25146.964752] PUF Read:0x00000000 at 0xa00080c4
[25146.964752] PUF Read:0x10100000 at 0xa00080c8
[25146.964904] PUF Read:0x01000000 at 0xa00080cc
[25146.964935] PUF Read:0x40044000 at 0xa00080d0
[25146.964935] PUF Read:0x00000000 at 0xa00080d4
[25146.964935] PUF Read:0x00001000 at 0xa00080d8
[25146.964996] PUF Read:0x00000000 at 0xa00080dc
[25146.964996] PUF Read:0x01000000 at 0xa00080e0
[25146.965057] PUF Read:0x00000000 at 0xa00080e4
[25146.965087] PUF Read:0x00000000 at 0xa00080e8
[25146.965087] PUF Read:0x00000001 at 0xa00080ec
[25146.965087] PUF Read:0x00000000 at 0xa00080f0
[25146.965148] PUF Read:0x00000000 at 0xa00080f4
[25146.965148] PUF Read:0x00000100 at 0xa00080f8
[25146.965209] PUF Read:0x00000000 at 0xa00080fc
[25146.965240] PUF Read:0x00000000 at 0xa0008100
[25146.965240] PUF Read:0x00000000 at 0xa0008104
[25146.965240] PUF Read:0x00000000 at 0xa0008108
[25146.965301] PUF Read:0x00000100 at 0xa000810c
[25146.965301] PUF Read:0x00000000 at 0xa0008110
[25146.965362] PUF Read:0x00400000 at 0xa0008114
[25146.965393] PUF Read:0x00000000 at 0xa0008118
[25146.965393] PUF Read:0x00000000 at 0xa000811c
[25146.965393] PUF Read:0x01000000 at 0xa0008120
[25146.965454] PUF Read:0x00000400 at 0xa0008124
[25146.965454] PUF Read:0x00000040 at 0xa0008128
[25146.965515] PUF Read:0x00000000 at 0xa000812c
[25146.965545] PUF Read:0x00000000 at 0xa0008130
[25146.965545] PUF Read:0x00000000 at 0xa0008134
[25146.965545] PUF Read:0x00010000 at 0xa0008138
[25146.965606] PUF Read:0x00000000 at 0xa000813c
[25146.965606] PUF Read:0x40000400 at 0xa0008140
[25146.965606] PUF Read:0x00000040 at 0xa0008144
[25146.965698] PUF Read:0x00100400 at 0xa0008148
[25146.965698] PUF Read:0x00000000 at 0xa000814c
[25146.965698] PUF Read:0x00000000 at 0xa0008150
[25146.965698] PUF Read:0x00000000 at 0xa0008154
[25146.965789] PUF Read:0x00000000 at 0xa0008158
[25146.965789] PUF Read:0x00100040 at 0xa000815c
[25146.965850] PUF Read:0x00001000 at 0xa0008160
[25146.965881] PUF Read:0x00000000 at 0xa0008164
[25146.965881] PUF Read:0x04000000 at 0xa0008168
[25146.965881] PUF Read:0x00400000 at 0xa000816c
[25146.965942] PUF Read:0x00000000 at 0xa0008170
[25146.965942] PUF Read:0x00100000 at 0xa0008174
[25146.966003] PUF Read:0x00000000 at 0xa0008178
[25146.966033] PUF Read:0x00004000 at 0xa000817c
[25146.966033] PUF Read:0x00000000 at 0xa0008180
[25146.966033] PUF Read:0x00000000 at 0xa0008184
[25146.966094] PUF Read:0x00040000 at 0xa0008188
[25146.966094] PUF Read:0x00000440 at 0xa000818c
[25146.966156] PUF Read:0x00000000 at 0xa0008190
[25146.966186] PUF Read:0x40000000 at 0xa0008194
[25146.966186] PUF Read:0x00000004 at 0xa0008198
[25146.966247] PUF Read:0x00000000 at 0xa000819c
[25146.966247] PUF Read:0x00000000 at 0xa00081a0
[25146.966247] PUF Read:0x00000000 at 0xa00081a4
[25146.966308] PUF Read:0x00000000 at 0xa00081a8
[25146.966339] PUF Read:0x00000040 at 0xa00081ac
[25146.966339] PUF Read:0x00410000 at 0xa00081b0
[25146.966400] PUF Read:0x00000000 at 0xa00081b4
[25146.966400] PUF Read:0x00000000 at 0xa00081b8
[25146.966400] PUF Read:0x00100000 at 0xa00081bc
[25146.966461] PUF Read:0x00000000 at 0xa00081c0
[25146.966491] PUF Read:0x00000004 at 0xa00081c4
[25146.966491] PUF Read:0x00000000 at 0xa00081c8
[25146.966552] PUF Read:0x00010000 at 0xa00081cc
[25146.966552] PUF Read:0x10000000 at 0xa00081d0
[25146.966552] PUF Read:0x00000000 at 0xa00081d4
[25146.966613] PUF Read:0x10000000 at 0xa00081d8
[25146.966644] PUF Read:0x00004000 at 0xa00081dc
[25146.966644] PUF Read:0x00000000 at 0xa00081e0
[25146.966644] PUF Read:0x00000040 at 0xa00081e4
[25146.966644] PUF Read:0x00000000 at 0xa00081e8
[25146.966644] PUF Read:0x00000010 at 0xa00081ec
[25146.966644] PUF Read:0x00000001 at 0xa00081f0
[25146.966796] PUF Read:0x00010400 at 0xa00081f4
[25146.966796] PUF Read:0x00000000 at 0xa00081f8
[25146.966796] PUF Read:0x00000040 at 0xa00081fc
[25146.966796] PUF Read:0x00000000 at 0xa0008200
[25146.966796] PUF Read:0x00000000 at 0xa0008204
[25146.966796] PUF Read:0x00000010 at 0xa0008208
[25146.966949] PUF Read:0x00000000 at 0xa000820c
[25146.966949] PUF Read:0x00400000 at 0xa0008210
[25146.966949] PUF Read:0x00000000 at 0xa0008214
[25146.966949] PUF Read:0x00000400 at 0xa0008218
[25146.967041] PUF Read:0x00000000 at 0xa000821c
[25146.967041] PUF Read:0x00000000 at 0xa0008220
[25146.967102] PUF Read:0x00100000 at 0xa0008224
[25146.967132] PUF Read:0x00000000 at 0xa0008228
[25146.967132] PUF Read:0x00000000 at 0xa000822c
[25146.967132] PUF Read:0x00000500 at 0xa0008230
[25146.967193] PUF Read:0x00400000 at 0xa0008234
[25146.967193] PUF Read:0x00000000 at 0xa0008238
[25146.967254] PUF Read:0x00000500 at 0xa000823c
[25146.967285] PUF Read:0x00000004 at 0xa0008240
[25146.967285] PUF Read:0x00000000 at 0xa0008244
[25146.967346] PUF Read:0x00040000 at 0xa0008248
[25146.967346] PUF Read:0x00000000 at 0xa000824c
[25146.967346] PUF Read:0x04000000 at 0xa0008250
[25146.967346] PUF Read:0x00100000 at 0xa0008254
[25146.967437] PUF Read:0x00000000 at 0xa0008258
[25146.967437] PUF Read:0x04040000 at 0xa000825c
[25146.967498] PUF Read:0x00000000 at 0xa0008260
[25146.967498] PUF Read:0x00001010 at 0xa0008264
[25146.967498] PUF Read:0x00000400 at 0xa0008268
[25146.967559] PUF Read:0x00000000 at 0xa000826c
[25146.967590] PUF Read:0x00001000 at 0xa0008270
[25146.967590] PUF Read:0x00000000 at 0xa0008274
[25146.967590] PUF Read:0x00000040 at 0xa0008278
[25146.967651] PUF Read:0x00100000 at 0xa000827c
[25146.967651] PUF Read:0x40000000 at 0xa0008280
[25146.967712] PUF Read:0x00000000 at 0xa0008284
[25146.967742] PUF Read:0x00400000 at 0xa0008288
[25146.967742] PUF Read:0x00000000 at 0xa000828c
[25146.967742] PUF Read:0x00000000 at 0xa0008290
[25146.967742] PUF Read:0x00000000 at 0xa0008294
[25146.967742] PUF Read:0x00000000 at 0xa0008298
[25146.967742] PUF Read:0x00000000 at 0xa000829c
[25146.967895] PUF Read:0x00000000 at 0xa00082a0
[25146.967895] PUF Read:0x00001000 at 0xa00082a4
[25146.967956] PUF Read:0x00000000 at 0xa00082a8
[25146.967956] PUF Read:0x00000000 at 0xa00082ac
[25146.967956] PUF Read:0x00000000 at 0xa00082b0
[25146.968017] PUF Read:0x00000000 at 0xa00082b4
[25146.968048] PUF Read:0x00000040 at 0xa00082b8
[25146.968048] PUF Read:0x00000000 at 0xa00082bc
[25146.968109] PUF Read:0x10000000 at 0xa00082c0
[25146.968109] PUF Read:0x00000000 at 0xa00082c4
[25146.968109] PUF Read:0x10000000 at 0xa00082c8
[25146.968170] PUF Read:0x00000000 at 0xa00082cc
[25146.968200] PUF Read:0x00100000 at 0xa00082d0
[25146.968200] PUF Read:0x00000000 at 0xa00082d4
[25146.968261] PUF Read:0x40000000 at 0xa00082d8
[25146.968261] PUF Read:0x00004000 at 0xa00082dc
[25146.968261] PUF Read:0x00000000 at 0xa00082e0
[25146.968322] PUF Read:0x00000400 at 0xa00082e4
[25146.968353] PUF Read:0x00000100 at 0xa00082e8
[25146.968353] PUF Read:0x00000001 at 0xa00082ec
[25146.968414] PUF Read:0x00000001 at 0xa00082f0
[25146.968414] PUF Read:0x00000000 at 0xa00082f4
[25146.968414] PUF Read:0x00000000 at 0xa00082f8
[25146.968475] PUF Read:0x00000000 at 0xa00082fc
[25146.968505] PUF Read:0x00000100 at 0xa0008300
[25146.968505] PUF Read:0x00000000 at 0xa0008304
[25146.968505] PUF Read:0x00000000 at 0xa0008308
[25146.968566] PUF Read:0x00000000 at 0xa000830c
[25146.968566] PUF Read:0x00000000 at 0xa0008310
[25146.968627] PUF Read:0x00000010 at 0xa0008314
[25146.968658] PUF Read:0x01500000 at 0xa0008318
[25146.968658] PUF Read:0x10000000 at 0xa000831c
[25146.968658] PUF Read:0x00000000 at 0xa0008320
[25146.968658] PUF Read:0x00000100 at 0xa0008324
[25146.968750] PUF Read:0x00000000 at 0xa0008328
[25146.968750] PUF Read:0x00010000 at 0xa000832c
[25146.968811] PUF Read:0x00000004 at 0xa0008330
[25146.968841] PUF Read:0x00000100 at 0xa0008334
[25146.968841] PUF Read:0x00001000 at 0xa0008338
[25146.968902] PUF Read:0x00000000 at 0xa000833c
[25146.968902] PUF Read:0x10000100 at 0xa0008340
[25146.968902] PUF Read:0x00000001 at 0xa0008344
[25146.968963] PUF Read:0x00000000 at 0xa0008348
[25146.968994] PUF Read:0x00000100 at 0xa000834c
[25146.968994] PUF Read:0x00000000 at 0xa0008350
[25146.969055] PUF Read:0x00000000 at 0xa0008354
[25146.969055] PUF Read:0x00000000 at 0xa0008358
[25146.969055] PUF Read:0x00001000 at 0xa000835c
[25146.969116] PUF Read:0x00010000 at 0xa0008360
[25146.969146] PUF Read:0x00000000 at 0xa0008364
[25146.969146] PUF Read:0x04000000 at 0xa0008368
[25146.969207] PUF Read:0x00000400 at 0xa000836c
[25146.969207] PUF Read:0x00000000 at 0xa0008370
[25146.969207] PUF Read:0x00000000 at 0xa0008374
[25146.969268] PUF Read:0x40010000 at 0xa0008378
[25146.969299] PUF Read:0x00000040 at 0xa000837c
[25146.969299] PUF Read:0x00000000 at 0xa0008380
[25146.969299] PUF Read:0x00000000 at 0xa0008384
[25146.969360] PUF Read:0x00000000 at 0xa0008388
[25146.969360] PUF Read:0x00000000 at 0xa000838c
[25146.969421] PUF Read:0x00000001 at 0xa0008390
[25146.969451] PUF Read:0x00000100 at 0xa0008394
[25146.969451] PUF Read:0x10000000 at 0xa0008398
[25146.969451] PUF Read:0x00000004 at 0xa000839c
[25146.969512] PUF Read:0x00004000 at 0xa00083a0
[25146.969512] PUF Read:0x00000000 at 0xa00083a4
[25146.969573] PUF Read:0x40100000 at 0xa00083a8
[25146.969604] PUF Read:0x00001000 at 0xa00083ac
[25146.969604] PUF Read:0x00000000 at 0xa00083b0
[25146.969604] PUF Read:0x00000000 at 0xa00083b4
[25146.969665] PUF Read:0x00000000 at 0xa00083b8
[25146.969665] PUF Read:0x00000000 at 0xa00083bc
[25146.969726] PUF Read:0x00000040 at 0xa00083c0
[25146.969757] PUF Read:0x04000000 at 0xa00083c4
[25146.969757] PUF Read:0x00000000 at 0xa00083c8
[25146.969757] PUF Read:0x00000000 at 0xa00083cc
[25146.969818] PUF Read:0x00000000 at 0xa00083d0
[25146.969818] PUF Read:0x00010000 at 0xa00083d4
[25146.969879] PUF Read:0x00000000 at 0xa00083d8
[25146.969909] PUF Read:0x00000000 at 0xa00083dc
[25146.969909] PUF Read:0x00140000 at 0xa00083e0
[25146.969909] PUF Read:0x10000000 at 0xa00083e4
[25146.969970] PUF Read:0x04000000 at 0xa00083e8
[25146.969970] PUF Read:0x00000000 at 0xa00083ec
[25146.970031] PUF Read:0x00000400 at 0xa00083f0
[25146.970062] PUF Read:0x04000000 at 0xa00083f4
[25146.970062] PUF Read:0x00000004 at 0xa00083f8
[25146.970062] PUF Read:0x00040000 at 0xa00083fc
[25146.970123] [i] Finished PUF read-out
[25146.970123] <6>[i] Finished PUF query for decaytime: 15360
[25146.970153] End measurement:18
[25146.970153] [i] Start measurement: 19
[25146.970153] [i] Start decaytime: 60
[25146.970184] EMIF 2 REG Write 0x80000000 at 0x4d000010
[25146.970184] EMIF 2 REG Read 0x80000000 at 0x4d000010
[25146.970214] EMIF 2 REG Write 0x80000000 at 0x4d000014
[25146.970214] EMIF 2 REG Read 0x00000000 at 0x4d000014
[25146.970245] EMIF 2 REG Write 0x08016893 at 0x4d0000cc
[25146.970245] EMIF 2 REG Read 0x08016893 at 0x4d0000cc
[25146.970245] Temp polling alert disabled
[25146.970275] Refresh Disabled at EMIF2
[25146.970275] [i] Initialiting PUF & hammer rows
[25146.970275] [i] Single-Sided Rowhammer (SSRH)
[25146.977020] [i] Finished initialiting PUF & hammer rows
[25146.977020] [i]	Timer elapsed since its reset 0 sec
[25146.977050] [i] Decay: 60 sec
[25146.977050] [i]	Relative Decay: 0 msec
