[24246.885284] [i] Total hammer attempts per row: 3728067
[24246.885314] EMIF 2 REG Write 0x00000618 at 0x4d000010
[24246.885345] EMIF 2 REG Read 0x00000618 at 0x4d000010
[24246.885345] EMIF 2 REG Write 0x00000618 at 0x4d000014
[24246.885375] EMIF 2 REG Read 0x00000618 at 0x4d000014
[24246.885375] EMIF 2 REG Write 0x58016893 at 0x4d0000cc
[24246.885406] EMIF 2 REG Read 0x58016893 at 0x4d0000cc
[24246.885406] Temp polling alert enabled
[24246.885406] Refresh enabled at EMIF2
[24246.885437] [i] Starting PUF read-out
[24246.885437] [i] Single-Sided Rowhammer (SSRH)
[24246.885437] PUF Read:0x00000010 at 0xa0008000
[24246.885467] PUF Read:0x00000400 at 0xa0008004
[24246.885467] PUF Read:0x00000000 at 0xa0008008
[24246.885467] PUF Read:0x00000000 at 0xa000800c
[24246.885559] PUF Read:0x00000000 at 0xa0008010
[24246.885589] PUF Read:0x00000100 at 0xa0008014
[24246.885620] PUF Read:0x00000000 at 0xa0008018
[24246.885620] PUF Read:0x10400000 at 0xa000801c
[24246.885620] PUF Read:0x40000000 at 0xa0008020
[24246.885620] PUF Read:0x40004000 at 0xa0008024
[24246.885711] PUF Read:0x00004000 at 0xa0008028
[24246.885711] PUF Read:0x00000010 at 0xa000802c
[24246.885772] PUF Read:0x40000000 at 0xa0008030
[24246.885803] PUF Read:0x04000000 at 0xa0008034
[24246.885803] PUF Read:0x00000000 at 0xa0008038
[24246.885803] PUF Read:0x00000000 at 0xa000803c
[24246.885803] PUF Read:0x00000001 at 0xa0008040
[24246.885803] PUF Read:0x00004000 at 0xa0008044
[24246.885803] PUF Read:0x00000000 at 0xa0008048
[24246.885955] PUF Read:0x00000001 at 0xa000804c
[24246.885986] PUF Read:0x00000000 at 0xa0008050
[24246.885986] PUF Read:0x00000000 at 0xa0008054
[24246.885986] PUF Read:0x00000000 at 0xa0008058
[24246.886047] PUF Read:0x00000000 at 0xa000805c
[24246.886047] PUF Read:0x00000000 at 0xa0008060
[24246.886108] PUF Read:0x00100000 at 0xa0008064
[24246.886138] PUF Read:0x00000000 at 0xa0008068
[24246.886138] PUF Read:0x00000000 at 0xa000806c
[24246.886138] PUF Read:0x00000000 at 0xa0008070
[24246.886199] PUF Read:0x00000000 at 0xa0008074
[24246.886199] PUF Read:0x00000000 at 0xa0008078
[24246.886260] PUF Read:0x00010000 at 0xa000807c
[24246.886291] PUF Read:0x00010000 at 0xa0008080
[24246.886291] PUF Read:0x00000000 at 0xa0008084
[24246.886352] PUF Read:0x00000000 at 0xa0008088
[24246.886352] PUF Read:0x00000000 at 0xa000808c
[24246.886352] PUF Read:0x00000000 at 0xa0008090
[24246.886352] PUF Read:0x10000000 at 0xa0008094
[24246.886444] PUF Read:0x00410001 at 0xa0008098
[24246.886444] PUF Read:0x00000000 at 0xa000809c
[24246.886444] PUF Read:0x00000000 at 0xa00080a0
[24246.886444] PUF Read:0x00010000 at 0xa00080a4
[24246.886444] PUF Read:0x00010001 at 0xa00080a8
[24246.886444] PUF Read:0x00000041 at 0xa00080ac
[24246.886596] PUF Read:0x00000000 at 0xa00080b0
[24246.886627] PUF Read:0x00000000 at 0xa00080b4
[24246.886627] PUF Read:0x00004000 at 0xa00080b8
[24246.886627] PUF Read:0x00000000 at 0xa00080bc
[24246.886688] PUF Read:0x00000400 at 0xa00080c0
[24246.886688] PUF Read:0x00000000 at 0xa00080c4
[24246.886749] PUF Read:0x10000000 at 0xa00080c8
[24246.886779] PUF Read:0x01000000 at 0xa00080cc
[24246.886779] PUF Read:0x40044000 at 0xa00080d0
[24246.886779] PUF Read:0x00000000 at 0xa00080d4
[24246.886840] PUF Read:0x00001000 at 0xa00080d8
[24246.886840] PUF Read:0x00000000 at 0xa00080dc
[24246.886901] PUF Read:0x01000000 at 0xa00080e0
[24246.886932] PUF Read:0x00000000 at 0xa00080e4
[24246.886932] PUF Read:0x00000000 at 0xa00080e8
[24246.886932] PUF Read:0x00000001 at 0xa00080ec
[24246.886993] PUF Read:0x00000000 at 0xa00080f0
[24246.886993] PUF Read:0x00000000 at 0xa00080f4
[24246.887054] PUF Read:0x00000100 at 0xa00080f8
[24246.887084] PUF Read:0x00000000 at 0xa00080fc
[24246.887084] PUF Read:0x00000000 at 0xa0008100
[24246.887084] PUF Read:0x00000000 at 0xa0008104
[24246.887084] PUF Read:0x00000000 at 0xa0008108
[24246.887176] PUF Read:0x00000000 at 0xa000810c
[24246.887176] PUF Read:0x00000000 at 0xa0008110
[24246.887237] PUF Read:0x00400000 at 0xa0008114
[24246.887268] PUF Read:0x00000000 at 0xa0008118
[24246.887268] PUF Read:0x00000000 at 0xa000811c
[24246.887268] PUF Read:0x01000000 at 0xa0008120
[24246.887329] PUF Read:0x00000400 at 0xa0008124
[24246.887329] PUF Read:0x00000040 at 0xa0008128
[24246.887390] PUF Read:0x00000000 at 0xa000812c
[24246.887420] PUF Read:0x00000000 at 0xa0008130
[24246.887420] PUF Read:0x00000000 at 0xa0008134
[24246.887420] PUF Read:0x00010000 at 0xa0008138
[24246.887481] PUF Read:0x00000000 at 0xa000813c
[24246.887481] PUF Read:0x40000400 at 0xa0008140
[24246.887542] PUF Read:0x00000040 at 0xa0008144
[24246.887573] PUF Read:0x00100400 at 0xa0008148
[24246.887573] PUF Read:0x00000000 at 0xa000814c
[24246.887573] PUF Read:0x00000000 at 0xa0008150
[24246.887634] PUF Read:0x00000000 at 0xa0008154
[24246.887634] PUF Read:0x00000000 at 0xa0008158
[24246.887695] PUF Read:0x00100040 at 0xa000815c
[24246.887725] PUF Read:0x00001000 at 0xa0008160
[24246.887725] PUF Read:0x00000000 at 0xa0008164
[24246.887725] PUF Read:0x04000000 at 0xa0008168
[24246.887786] PUF Read:0x00400000 at 0xa000816c
[24246.887786] PUF Read:0x00000000 at 0xa0008170
[24246.887847] PUF Read:0x00100000 at 0xa0008174
[24246.887878] PUF Read:0x00000000 at 0xa0008178
[24246.887878] PUF Read:0x00004000 at 0xa000817c
[24246.887878] PUF Read:0x00000000 at 0xa0008180
[24246.887939] PUF Read:0x00000000 at 0xa0008184
[24246.887939] PUF Read:0x00040000 at 0xa0008188
[24246.888000] PUF Read:0x00000440 at 0xa000818c
[24246.888031] PUF Read:0x00000000 at 0xa0008190
[24246.888031] PUF Read:0x40000000 at 0xa0008194
[24246.888031] PUF Read:0x00000004 at 0xa0008198
[24246.888031] PUF Read:0x00000000 at 0xa000819c
[24246.888031] PUF Read:0x00000000 at 0xa00081a0
[24246.888153] PUF Read:0x00000000 at 0xa00081a4
[24246.888153] PUF Read:0x00000000 at 0xa00081a8
[24246.888153] PUF Read:0x00000000 at 0xa00081ac
[24246.888153] PUF Read:0x00410000 at 0xa00081b0
[24246.888244] PUF Read:0x00000000 at 0xa00081b4
[24246.888244] PUF Read:0x00000000 at 0xa00081b8
[24246.888305] PUF Read:0x00100000 at 0xa00081bc
[24246.888305] PUF Read:0x00000000 at 0xa00081c0
[24246.888305] PUF Read:0x00000004 at 0xa00081c4
[24246.888305] PUF Read:0x00000000 at 0xa00081c8
[24246.888397] PUF Read:0x00010000 at 0xa00081cc
[24246.888397] PUF Read:0x10000000 at 0xa00081d0
[24246.888458] PUF Read:0x00000000 at 0xa00081d4
[24246.888488] PUF Read:0x10000000 at 0xa00081d8
[24246.888488] PUF Read:0x00004000 at 0xa00081dc
[24246.888488] PUF Read:0x00000000 at 0xa00081e0
[24246.888549] PUF Read:0x00000040 at 0xa00081e4
[24246.888549] PUF Read:0x00000000 at 0xa00081e8
[24246.888610] PUF Read:0x00000010 at 0xa00081ec
[24246.888641] PUF Read:0x00000001 at 0xa00081f0
[24246.888641] PUF Read:0x00010400 at 0xa00081f4
[24246.888641] PUF Read:0x00000000 at 0xa00081f8
[24246.888641] PUF Read:0x00000040 at 0xa00081fc
[24246.888732] PUF Read:0x00000000 at 0xa0008200
[24246.888732] PUF Read:0x00000000 at 0xa0008204
[24246.888793] PUF Read:0x00000010 at 0xa0008208
[24246.888824] PUF Read:0x00000000 at 0xa000820c
[24246.888824] PUF Read:0x00400000 at 0xa0008210
[24246.888824] PUF Read:0x00000000 at 0xa0008214
[24246.888885] PUF Read:0x00000400 at 0xa0008218
[24246.888885] PUF Read:0x00000000 at 0xa000821c
[24246.888946] PUF Read:0x00000000 at 0xa0008220
[24246.888977] PUF Read:0x00100000 at 0xa0008224
[24246.888977] PUF Read:0x00000000 at 0xa0008228
[24246.888977] PUF Read:0x00000000 at 0xa000822c
[24246.889038] PUF Read:0x00000500 at 0xa0008230
[24246.889038] PUF Read:0x00400000 at 0xa0008234
[24246.889099] PUF Read:0x00000000 at 0xa0008238
[24246.889129] PUF Read:0x00000500 at 0xa000823c
[24246.889129] PUF Read:0x00000000 at 0xa0008240
[24246.889129] PUF Read:0x00000000 at 0xa0008244
[24246.889190] PUF Read:0x00000000 at 0xa0008248
[24246.889190] PUF Read:0x00000000 at 0xa000824c
[24246.889251] PUF Read:0x04000000 at 0xa0008250
[24246.889282] PUF Read:0x00100000 at 0xa0008254
[24246.889282] PUF Read:0x00000000 at 0xa0008258
[24246.889282] PUF Read:0x04040000 at 0xa000825c
[24246.889343] PUF Read:0x00000000 at 0xa0008260
[24246.889343] PUF Read:0x00001000 at 0xa0008264
[24246.889404] PUF Read:0x00000400 at 0xa0008268
[24246.889434] PUF Read:0x00000000 at 0xa000826c
[24246.889434] PUF Read:0x00000000 at 0xa0008270
[24246.889434] PUF Read:0x00000000 at 0xa0008274
[24246.889495] PUF Read:0x00000040 at 0xa0008278
[24246.889495] PUF Read:0x00100000 at 0xa000827c
[24246.889556] PUF Read:0x40000000 at 0xa0008280
[24246.889587] PUF Read:0x00000000 at 0xa0008284
[24246.889587] PUF Read:0x00400000 at 0xa0008288
[24246.889587] PUF Read:0x00000000 at 0xa000828c
[24246.889648] PUF Read:0x00000000 at 0xa0008290
[24246.889648] PUF Read:0x00000000 at 0xa0008294
[24246.889709] PUF Read:0x00000000 at 0xa0008298
[24246.889739] PUF Read:0x00000000 at 0xa000829c
[24246.889739] PUF Read:0x00000000 at 0xa00082a0
[24246.889739] PUF Read:0x00001000 at 0xa00082a4
[24246.889801] PUF Read:0x00000000 at 0xa00082a8
[24246.889801] PUF Read:0x00000000 at 0xa00082ac
[24246.889862] PUF Read:0x00000000 at 0xa00082b0
[24246.889892] PUF Read:0x00000000 at 0xa00082b4
[24246.889892] PUF Read:0x00000040 at 0xa00082b8
[24246.889892] PUF Read:0x00000000 at 0xa00082bc
[24246.889953] PUF Read:0x00000000 at 0xa00082c0
[24246.889953] PUF Read:0x00000000 at 0xa00082c4
[24246.890014] PUF Read:0x10000000 at 0xa00082c8
[24246.890045] PUF Read:0x00000000 at 0xa00082cc
[24246.890045] PUF Read:0x00100000 at 0xa00082d0
[24246.890045] PUF Read:0x00000000 at 0xa00082d4
[24246.890106] PUF Read:0x40000000 at 0xa00082d8
[24246.890106] PUF Read:0x00004000 at 0xa00082dc
[24246.890167] PUF Read:0x00000000 at 0xa00082e0
[24246.890197] PUF Read:0x00000400 at 0xa00082e4
[24246.890228] PUF Read:0x00000100 at 0xa00082e8
[24246.890228] PUF Read:0x00000001 at 0xa00082ec
[24246.890228] PUF Read:0x00000001 at 0xa00082f0
[24246.890289] PUF Read:0x00000000 at 0xa00082f4
[24246.890289] PUF Read:0x00000000 at 0xa00082f8
[24246.890350] PUF Read:0x00000000 at 0xa00082fc
[24246.890380] PUF Read:0x00000100 at 0xa0008300
[24246.890380] PUF Read:0x00000000 at 0xa0008304
[24246.890380] PUF Read:0x00000000 at 0xa0008308
[24246.890441] PUF Read:0x00000000 at 0xa000830c
[24246.890441] PUF Read:0x00000000 at 0xa0008310
[24246.890502] PUF Read:0x00000010 at 0xa0008314
[24246.890502] PUF Read:0x01500000 at 0xa0008318
[24246.890502] PUF Read:0x10000000 at 0xa000831c
[24246.890502] PUF Read:0x00000000 at 0xa0008320
[24246.890502] PUF Read:0x00000100 at 0xa0008324
[24246.890502] PUF Read:0x00000000 at 0xa0008328
[24246.890655] PUF Read:0x00010000 at 0xa000832c
[24246.890686] PUF Read:0x00000004 at 0xa0008330
[24246.890686] PUF Read:0x00000100 at 0xa0008334
[24246.890686] PUF Read:0x00001000 at 0xa0008338
[24246.890747] PUF Read:0x00000000 at 0xa000833c
[24246.890747] PUF Read:0x10000100 at 0xa0008340
[24246.890808] PUF Read:0x00000001 at 0xa0008344
[24246.890838] PUF Read:0x00000000 at 0xa0008348
[24246.890838] PUF Read:0x00000100 at 0xa000834c
[24246.890838] PUF Read:0x00000000 at 0xa0008350
[24246.890899] PUF Read:0x00000000 at 0xa0008354
[24246.890899] PUF Read:0x00000000 at 0xa0008358
[24246.890960] PUF Read:0x00000000 at 0xa000835c
[24246.890960] PUF Read:0x00010000 at 0xa0008360
[24246.890960] PUF Read:0x00000000 at 0xa0008364
[24246.890960] PUF Read:0x00000000 at 0xa0008368
[24246.890960] PUF Read:0x00000400 at 0xa000836c
[24246.890960] PUF Read:0x00000000 at 0xa0008370
[24246.891113] PUF Read:0x00000000 at 0xa0008374
[24246.891113] PUF Read:0x40010000 at 0xa0008378
[24246.891113] PUF Read:0x00000000 at 0xa000837c
[24246.891113] PUF Read:0x00000000 at 0xa0008380
[24246.891113] PUF Read:0x00000000 at 0xa0008384
[24246.891113] PUF Read:0x00000000 at 0xa0008388
[24246.891265] PUF Read:0x00000000 at 0xa000838c
[24246.891265] PUF Read:0x00000001 at 0xa0008390
[24246.891265] PUF Read:0x00000100 at 0xa0008394
[24246.891265] PUF Read:0x10000000 at 0xa0008398
[24246.891265] PUF Read:0x00000004 at 0xa000839c
[24246.891265] PUF Read:0x00000000 at 0xa00083a0
[24246.891418] PUF Read:0x00000000 at 0xa00083a4
[24246.891418] PUF Read:0x40100000 at 0xa00083a8
[24246.891418] PUF Read:0x00001000 at 0xa00083ac
[24246.891418] PUF Read:0x00000000 at 0xa00083b0
[24246.891418] PUF Read:0x00000000 at 0xa00083b4
[24246.891418] PUF Read:0x00000000 at 0xa00083b8
[24246.891571] PUF Read:0x00000000 at 0xa00083bc
[24246.891571] PUF Read:0x00000000 at 0xa00083c0
[24246.891571] PUF Read:0x04000000 at 0xa00083c4
[24246.891571] PUF Read:0x00000000 at 0xa00083c8
[24246.891571] PUF Read:0x00000000 at 0xa00083cc
[24246.891571] PUF Read:0x00000000 at 0xa00083d0
[24246.891723] PUF Read:0x00010000 at 0xa00083d4
[24246.891754] PUF Read:0x00000000 at 0xa00083d8
[24246.891754] PUF Read:0x00000000 at 0xa00083dc
[24246.891754] PUF Read:0x00140000 at 0xa00083e0
[24246.891815] PUF Read:0x10000000 at 0xa00083e4
[24246.891815] PUF Read:0x00000000 at 0xa00083e8
[24246.891876] PUF Read:0x00000000 at 0xa00083ec
[24246.891906] PUF Read:0x00000400 at 0xa00083f0
[24246.891906] PUF Read:0x04000000 at 0xa00083f4
[24246.891906] PUF Read:0x00000004 at 0xa00083f8
[24246.891967] PUF Read:0x00040000 at 0xa00083fc
[24246.891998] [i] Finished PUF read-out
[24246.891998] <6>[i] Finished PUF query for decaytime: 15360
[24246.892028] End measurement:13
[24246.892028] [i] Start measurement: 14
[24246.892028] [i] Start decaytime: 60
[24246.892059] EMIF 2 REG Write 0x80000000 at 0x4d000010
[24246.892059] EMIF 2 REG Read 0x80000000 at 0x4d000010
[24246.892089] EMIF 2 REG Write 0x80000000 at 0x4d000014
[24246.892089] EMIF 2 REG Read 0x00000000 at 0x4d000014
[24246.892089] EMIF 2 REG Write 0x08016893 at 0x4d0000cc
[24246.892120] EMIF 2 REG Read 0x08016893 at 0x4d0000cc
[24246.892120] Temp polling alert disabled
[24246.892120] Refresh Disabled at EMIF2
[24246.892150] [i] Initialiting PUF & hammer rows
[24246.892150] [i] Single-Sided Rowhammer (SSRH)
[24246.893096] [i] Finished initialiting PUF & hammer rows
[24246.899993] [i]	Timer elapsed since its reset 0 sec
[24246.899993] [i] Decay: 60 sec
[24246.900024] [i]	Relative Decay: 0 msec
