[55442.166778] [i] Total hammer attempts per row: 3727835
[55442.166778] EMIF 2 REG Write 0x00000618 at 0x4d000010
[55442.166778] EMIF 2 REG Read 0x00000618 at 0x4d000010
[55442.166839] EMIF 2 REG Write 0x00000618 at 0x4d000014
[55442.166839] EMIF 2 REG Read 0x00000618 at 0x4d000014
[55442.166839] EMIF 2 REG Write 0x58016893 at 0x4d0000cc
[55442.166870] EMIF 2 REG Read 0x58016893 at 0x4d0000cc
[55442.166870] Temp polling alert enabled
[55442.166870] Refresh enabled at EMIF2
[55442.166900] [i] Starting PUF read-out
[55442.166900] [i] Single-Sided Rowhammer (SSRH)
[55442.166931] PUF Read:0xaaaa2aaa at 0xa0008000
[55442.166931] PUF Read:0xaaaaaaaa at 0xa0008004
[55442.166931] PUF Read:0xaaaaaaaa at 0xa0008008
[55442.166931] PUF Read:0xa2aaaa2a at 0xa000800c
[55442.167022] PUF Read:0xaaaaaaaa at 0xa0008010
[55442.167022] PUF Read:0x8aaaabaa at 0xa0008014
[55442.167022] PUF Read:0xaaaa2aaa at 0xa0008018
[55442.167114] PUF Read:0xaaa2aaaa at 0xa000801c
[55442.167144] PUF Read:0xaaaaaaaa at 0xa0008020
[55442.167144] PUF Read:0xeaaaeaaa at 0xa0008024
[55442.167144] PUF Read:0xaaaaaaaa at 0xa0008028
[55442.167205] PUF Read:0xaaaaaaba at 0xa000802c
[55442.167205] PUF Read:0xaaaaaaaa at 0xa0008030
[55442.167205] PUF Read:0xaeaaaaaa at 0xa0008034
[55442.167297] PUF Read:0xaaaaaaaa at 0xa0008038
[55442.167297] PUF Read:0xaaaaaaaa at 0xa000803c
[55442.167297] PUF Read:0xaaaaaaab at 0xa0008040
[55442.167297] PUF Read:0xaaaaeaaa at 0xa0008044
[55442.167297] PUF Read:0xaaaaaaaa at 0xa0008048
[55442.167297] PUF Read:0xaaaaaaa8 at 0xa000804c
[55442.167449] PUF Read:0xa2aaaaaa at 0xa0008050
[55442.167480] PUF Read:0xaaaaa8aa at 0xa0008054
[55442.167480] PUF Read:0xaaaaaa8a at 0xa0008058
[55442.167480] PUF Read:0xaaaaaaaa at 0xa000805c
[55442.167541] PUF Read:0xaaaaaaaa at 0xa0008060
[55442.167541] PUF Read:0xaaaa2aaa at 0xa0008064
[55442.167602] PUF Read:0xaaaaaaaa at 0xa0008068
[55442.167633] PUF Read:0xaaaaaaaa at 0xa000806c
[55442.167633] PUF Read:0xaaaaaaaa at 0xa0008070
[55442.167633] PUF Read:0xaaaaaaaa at 0xa0008074
[55442.167694] PUF Read:0xaaaaaaaa at 0xa0008078
[55442.167694] PUF Read:0xaaabaaaa at 0xa000807c
[55442.167755] PUF Read:0xaaabaaaa at 0xa0008080
[55442.167785] PUF Read:0xaaaaaaaa at 0xa0008084
[55442.167785] PUF Read:0xaaaaaaaa at 0xa0008088
[55442.167785] PUF Read:0xaaaaaaaa at 0xa000808c
[55442.167846] PUF Read:0xaaaa8aaa at 0xa0008090
[55442.167846] PUF Read:0xaaaaaaaa at 0xa0008094
[55442.167907] PUF Read:0x2aabaaab at 0xa0008098
[55442.167938] PUF Read:0xaaaaaaaa at 0xa000809c
[55442.167938] PUF Read:0x8aaaaa2a at 0xa00080a0
[55442.167938] PUF Read:0xaaabaaaa at 0xa00080a4
[55442.167999] PUF Read:0xaa8aaaaa at 0xa00080a8
[55442.167999] PUF Read:0xaaaa8aea at 0xa00080ac
[55442.168060] PUF Read:0xaaaaaaaa at 0xa00080b0
[55442.168090] PUF Read:0x2a2aaaaa at 0xa00080b4
[55442.168090] PUF Read:0xaaaaeaaa at 0xa00080b8
[55442.168151] PUF Read:0x8aaaaaaa at 0xa00080bc
[55442.168151] PUF Read:0xaaaaaaaa at 0xa00080c0
[55442.168151] PUF Read:0xaaaaaaaa at 0xa00080c4
[55442.168151] PUF Read:0xaaa2aaaa at 0xa00080c8
[55442.168243] PUF Read:0xabaaaaaa at 0xa00080cc
[55442.168243] PUF Read:0xeaaeeaaa at 0xa00080d0
[55442.168243] PUF Read:0xaaaa2aa8 at 0xa00080d4
[55442.168243] PUF Read:0xaaaa3aaa at 0xa00080d8
[55442.168243] PUF Read:0xaaaaaaaa at 0xa00080dc
[55442.168243] PUF Read:0xabaaaaaa at 0xa00080e0
[55442.168395] PUF Read:0xaaaaaaaa at 0xa00080e4
[55442.168426] PUF Read:0xaaaaaaaa at 0xa00080e8
[55442.168426] PUF Read:0xaaaaaaab at 0xa00080ec
[55442.168426] PUF Read:0x8aaaaaaa at 0xa00080f0
[55442.168426] PUF Read:0xaaaaaaaa at 0xa00080f4
[55442.168518] PUF Read:0xaaaaabaa at 0xa00080f8
[55442.168518] PUF Read:0xaa8aaaaa at 0xa00080fc
[55442.168579] PUF Read:0xaaaaaaaa at 0xa0008100
[55442.168609] PUF Read:0xaaaaaaaa at 0xa0008104
[55442.168609] PUF Read:0xaaa2aaaa at 0xa0008108
[55442.168609] PUF Read:0xaaaaaaaa at 0xa000810c
[55442.168609] PUF Read:0xaaaaaaaa at 0xa0008110
[55442.168609] PUF Read:0xaaea2aaa at 0xa0008114
[55442.168609] PUF Read:0xaaaaaaaa at 0xa0008118
[55442.168762] PUF Read:0xaaaaaaaa at 0xa000811c
[55442.168792] PUF Read:0xaaaaaaaa at 0xa0008120
[55442.168792] PUF Read:0xaaaaaeaa at 0xa0008124
[55442.168792] PUF Read:0xaaaaaaea at 0xa0008128
[55442.168853] PUF Read:0xaaaaaaaa at 0xa000812c
[55442.168853] PUF Read:0xaaaaaaaa at 0xa0008130
[55442.168914] PUF Read:0xaaaaaa2a at 0xa0008134
[55442.168945] PUF Read:0xaa8baaaa at 0xa0008138
[55442.168945] PUF Read:0xaaaaaaaa at 0xa000813c
[55442.168945] PUF Read:0xaaaaaeaa at 0xa0008140
[55442.169006] PUF Read:0xaaaaaaaa at 0xa0008144
[55442.169006] PUF Read:0xaabaaeaa at 0xa0008148
[55442.169067] PUF Read:0xaaaaaaaa at 0xa000814c
[55442.169097] PUF Read:0xaaaaaaaa at 0xa0008150
[55442.169097] PUF Read:0xaaaaaaaa at 0xa0008154
[55442.169158] PUF Read:0xaaaaaaaa at 0xa0008158
[55442.169158] PUF Read:0xaaaaaaea at 0xa000815c
[55442.169158] PUF Read:0xaaaaaaaa at 0xa0008160
[55442.169219] PUF Read:0xaaaaaaaa at 0xa0008164
[55442.169250] PUF Read:0xaeaaaaaa at 0xa0008168
[55442.169250] PUF Read:0xaaeaaaaa at 0xa000816c
[55442.169250] PUF Read:0x2aaaaaaa at 0xa0008170
[55442.169250] PUF Read:0xaabaaaaa at 0xa0008174
[55442.169250] PUF Read:0xaaaaaaaa at 0xa0008178
[55442.169250] PUF Read:0xaaaaaaaa at 0xa000817c
[55442.169403] PUF Read:0xaaaa2a2a at 0xa0008180
[55442.169433] PUF Read:0xaaaaaaaa at 0xa0008184
[55442.169433] PUF Read:0xaa2aaaaa at 0xa0008188
[55442.169433] PUF Read:0xaaaaaaea at 0xa000818c
[55442.169494] PUF Read:0x2aaaaaaa at 0xa0008190
[55442.169494] PUF Read:0xeaaaaaaa at 0xa0008194
[55442.169555] PUF Read:0xaaaaaaaa at 0xa0008198
[55442.169586] PUF Read:0xaaaaaaaa at 0xa000819c
[55442.169586] PUF Read:0xaaaaaaaa at 0xa00081a0
[55442.169586] PUF Read:0xaaaaaaaa at 0xa00081a4
[55442.169647] PUF Read:0xaaa2aaaa at 0xa00081a8
[55442.169647] PUF Read:0xaaaaaaaa at 0xa00081ac
[55442.169708] PUF Read:0xaaebaaaa at 0xa00081b0
[55442.169738] PUF Read:0xaaaaaaaa at 0xa00081b4
[55442.169738] PUF Read:0xaaaaaaaa at 0xa00081b8
[55442.169799] PUF Read:0xa2aaaaaa at 0xa00081bc
[55442.169799] PUF Read:0xaaa8aaaa at 0xa00081c0
[55442.169799] PUF Read:0xaaaaaaae at 0xa00081c4
[55442.169799] PUF Read:0xaaaaaaaa at 0xa00081c8
[55442.169891] PUF Read:0xaa2baaaa at 0xa00081cc
[55442.169891] PUF Read:0xbaaaaaaa at 0xa00081d0
[55442.169891] PUF Read:0xaaaaaa2a at 0xa00081d4
[55442.169891] PUF Read:0xaaaaaaaa at 0xa00081d8
[55442.169891] PUF Read:0xaaaaaaaa at 0xa00081dc
[55442.169891] PUF Read:0xaaaaaaaa at 0xa00081e0
[55442.169891] PUF Read:0xaaaaaaea at 0xa00081e4
[55442.170074] PUF Read:0xaaaaaaaa at 0xa00081e8
[55442.170074] PUF Read:0xaa2aaaaa at 0xa00081ec
[55442.170074] PUF Read:0xaaaaaaab at 0xa00081f0
[55442.170074] PUF Read:0xaaaaaeaa at 0xa00081f4
[55442.170166] PUF Read:0xaaaaaaa2 at 0xa00081f8
[55442.170166] PUF Read:0xaaaaaaaa at 0xa00081fc
[55442.170227] PUF Read:0xaaaaaaaa at 0xa0008200
[55442.170257] PUF Read:0xaaaaaaaa at 0xa0008204
[55442.170257] PUF Read:0xaaaaaaba at 0xa0008208
[55442.170257] PUF Read:0xa8aaaaaa at 0xa000820c
[55442.170318] PUF Read:0xaaaaa2a8 at 0xa0008210
[55442.170318] PUF Read:0xaaaaaaaa at 0xa0008214
[55442.170379] PUF Read:0xaaaaaeaa at 0xa0008218
[55442.170410] PUF Read:0xaaaaaaaa at 0xa000821c
[55442.170410] PUF Read:0xaaaaaaaa at 0xa0008220
[55442.170471] PUF Read:0xaabaaaaa at 0xa0008224
[55442.170471] PUF Read:0xaaaaaaaa at 0xa0008228
[55442.170471] PUF Read:0xaaaaaaaa at 0xa000822c
[55442.170471] PUF Read:0xaaaaaeaa at 0xa0008230
[55442.170562] PUF Read:0x286aaaaa at 0xa0008234
[55442.170562] PUF Read:0xaaaaaaaa at 0xa0008238
[55442.170562] PUF Read:0xaaaaaaaa at 0xa000823c
[55442.170562] PUF Read:0xaaaaaaaa at 0xa0008240
[55442.170654] PUF Read:0xaaaaaaaa at 0xa0008244
[55442.170654] PUF Read:0xaaaaaaaa at 0xa0008248
[55442.170715] PUF Read:0xaaaaaaaa at 0xa000824c
[55442.170745] PUF Read:0xaaaaaaaa at 0xa0008250
[55442.170745] PUF Read:0xaabaaaaa at 0xa0008254
[55442.170806] PUF Read:0xaaaaaaaa at 0xa0008258
[55442.170806] PUF Read:0xaaaeaaaa at 0xa000825c
[55442.170806] PUF Read:0xaaaaaaaa at 0xa0008260
[55442.170867] PUF Read:0xaaaaaaaa at 0xa0008264
[55442.170898] PUF Read:0xaaaa8caa at 0xa0008268
[55442.170898] PUF Read:0xaaaaaaaa at 0xa000826c
[55442.170959] PUF Read:0xaaaaaaaa at 0xa0008270
[55442.170959] PUF Read:0xaaaaaaaa at 0xa0008274
[55442.170959] PUF Read:0xaaaaaaea at 0xa0008278
[55442.170959] PUF Read:0xaaaaaaaa at 0xa000827c
[55442.171051] PUF Read:0xeaaaaaaa at 0xa0008280
[55442.171051] PUF Read:0xa2aaaaaa at 0xa0008284
[55442.171051] PUF Read:0xaaeaaaaa at 0xa0008288
[55442.171051] PUF Read:0xaaaaaaaa at 0xa000828c
[55442.171142] PUF Read:0xaaaaaaa8 at 0xa0008290
[55442.171142] PUF Read:0xa8aaaaaa at 0xa0008294
[55442.171203] PUF Read:0xaaaaaaaa at 0xa0008298
[55442.171234] PUF Read:0xaaaaaaaa at 0xa000829c
[55442.171234] PUF Read:0xaaaaaaaa at 0xa00082a0
[55442.171234] PUF Read:0xaaaabaaa at 0xa00082a4
[55442.171295] PUF Read:0xaaaaaaaa at 0xa00082a8
[55442.171295] PUF Read:0xaaaaaaaa at 0xa00082ac
[55442.171356] PUF Read:0xaaaaaaaa at 0xa00082b0
[55442.171386] PUF Read:0xaaaaaaaa at 0xa00082b4
[55442.171386] PUF Read:0xaaaaaaea at 0xa00082b8
[55442.171386] PUF Read:0xaaaaaaaa at 0xa00082bc
[55442.171447] PUF Read:0xaaaaaaaa at 0xa00082c0
[55442.171447] PUF Read:0xaaaaaaaa at 0xa00082c4
[55442.171447] PUF Read:0xbaaaaaaa at 0xa00082c8
[55442.171539] PUF Read:0xaaaaaaaa at 0xa00082cc
[55442.171569] PUF Read:0xaabaaaaa at 0xa00082d0
[55442.171569] PUF Read:0xaaaaaaaa at 0xa00082d4
[55442.171569] PUF Read:0xaaaaaaaa at 0xa00082d8
[55442.171569] PUF Read:0xaaaaeaaa at 0xa00082dc
[55442.171569] PUF Read:0xaaaaaaaa at 0xa00082e0
[55442.171569] PUF Read:0xaaaaaeaa at 0xa00082e4
[55442.171722] PUF Read:0xaaaaabaa at 0xa00082e8
[55442.171722] PUF Read:0xaaaaaaab at 0xa00082ec
[55442.171722] PUF Read:0xaaaaaaaa at 0xa00082f0
[55442.171722] PUF Read:0xaaaaaaaa at 0xa00082f4
[55442.171813] PUF Read:0xaaaaaaaa at 0xa00082f8
[55442.171813] PUF Read:0xaaaaaaaa at 0xa00082fc
[55442.171875] PUF Read:0xaaaaaaaa at 0xa0008300
[55442.171905] PUF Read:0xaaaaaaaa at 0xa0008304
[55442.171905] PUF Read:0xaaaa8aaa at 0xa0008308
[55442.171905] PUF Read:0xaaaaaaaa at 0xa000830c
[55442.171966] PUF Read:0xaaaaaa8a at 0xa0008310
[55442.171966] PUF Read:0xaaaaaaaa at 0xa0008314
[55442.172027] PUF Read:0x2beaaaaa at 0xa0008318
[55442.172058] PUF Read:0xbaaaaaaa at 0xa000831c
[55442.172058] PUF Read:0xaaaa8aaa at 0xa0008320
[55442.172119] PUF Read:0xaaaaaaaa at 0xa0008324
[55442.172119] PUF Read:0xaaaaaaaa at 0xa0008328
[55442.172119] PUF Read:0xaa8aaaaa at 0xa000832c
[55442.172180] PUF Read:0xaaaaaaae at 0xa0008330
[55442.172210] PUF Read:0xaaaaaaaa at 0xa0008334
[55442.172210] PUF Read:0xaaaaaaaa at 0xa0008338
[55442.172210] PUF Read:0xaaaaaaaa at 0xa000833c
[55442.172210] PUF Read:0xbaaaaaaa at 0xa0008340
[55442.172210] PUF Read:0xaaaaaa2b at 0xa0008344
[55442.172332] PUF Read:0xaaaaaaaa at 0xa0008348
[55442.172363] PUF Read:0xaaaaabaa at 0xa000834c
[55442.172363] PUF Read:0xaaaa8a8a at 0xa0008350
[55442.172363] PUF Read:0x8aaaaaaa at 0xa0008354
[55442.172363] PUF Read:0xaaaaaaaa at 0xa0008358
[55442.172363] PUF Read:0xaaaaaaaa at 0xa000835c
[55442.172363] PUF Read:0xaaabaaaa at 0xa0008360
[55442.172515] PUF Read:0xaaaaaa2a at 0xa0008364
[55442.172515] PUF Read:0xaaaaaaaa at 0xa0008368
[55442.172515] PUF Read:0xaaaaaeaa at 0xa000836c
[55442.172515] PUF Read:0xaaaaaaaa at 0xa0008370
[55442.172607] PUF Read:0xaaaaaaaa at 0xa0008374
[55442.172607] PUF Read:0xaaaa8aaa at 0xa0008378
[55442.172668] PUF Read:0xaaaaaaaa at 0xa000837c
[55442.172698] PUF Read:0xaaaaaaaa at 0xa0008380
[55442.172698] PUF Read:0xaaaaaaaa at 0xa0008384
[55442.172698] PUF Read:0xaaaaaaaa at 0xa0008388
[55442.172760] PUF Read:0xaaaaaaaa at 0xa000838c
[55442.172760] PUF Read:0xaaaaaaab at 0xa0008390
[55442.172821] PUF Read:0xaaaaabaa at 0xa0008394
[55442.172851] PUF Read:0xaaaaaaaa at 0xa0008398
[55442.172851] PUF Read:0xaaa2aaaa at 0xa000839c
[55442.172851] PUF Read:0xaaaaaaaa at 0xa00083a0
[55442.172851] PUF Read:0xaaaaaaaa at 0xa00083a4
[55442.172851] PUF Read:0xaaaaaaaa at 0xa00083a8
[55442.172851] PUF Read:0xaaaabaaa at 0xa00083ac
[55442.173004] PUF Read:0xaaaaaaa2 at 0xa00083b0
[55442.173034] PUF Read:0xaaaaaaaa at 0xa00083b4
[55442.173034] PUF Read:0xaaaaaaaa at 0xa00083b8
[55442.173034] PUF Read:0xaaaaaaaa at 0xa00083bc
[55442.173034] PUF Read:0xaaaaaaaa at 0xa00083c0
[55442.173126] PUF Read:0xaeaaaaaa at 0xa00083c4
[55442.173126] PUF Read:0xaaaaaaaa at 0xa00083c8
[55442.173187] PUF Read:0xaaa2aaaa at 0xa00083cc
[55442.173217] PUF Read:0xaaaaaaaa at 0xa00083d0
[55442.173217] PUF Read:0xaaabaaaa at 0xa00083d4
[55442.173217] PUF Read:0xaaaaaaaa at 0xa00083d8
[55442.173278] PUF Read:0xaaaaaaaa at 0xa00083dc
[55442.173278] PUF Read:0xaabeaaa8 at 0xa00083e0
[55442.173339] PUF Read:0xba2aa8aa at 0xa00083e4
[55442.173370] PUF Read:0xaaaaaa2a at 0xa00083e8
[55442.173370] PUF Read:0xaaaaaaaa at 0xa00083ec
[55442.173431] PUF Read:0xaaaaaeaa at 0xa00083f0
[55442.173431] PUF Read:0xaaaaaaaa at 0xa00083f4
[55442.173431] PUF Read:0xaaaaaaae at 0xa00083f8
[55442.173431] PUF Read:0x8aaeaaaa at 0xa00083fc
[55442.173522] [i] Finished PUF read-out
[55442.173522] <6>[i] Finished PUF query for decaytime: 15360
[55442.173522] End measurement:6
[55442.173553] [i] Start measurement: 7
[55442.173553] [i] Start decaytime: 60
[55442.173553] EMIF 2 REG Write 0x80000000 at 0x4d000010
[55442.173583] EMIF 2 REG Read 0x80000000 at 0x4d000010
[55442.173583] EMIF 2 REG Write 0x80000000 at 0x4d000014
[55442.173614] EMIF 2 REG Read 0x00000000 at 0x4d000014
[55442.173614] EMIF 2 REG Write 0x08016893 at 0x4d0000cc
[55442.173645] EMIF 2 REG Read 0x08016893 at 0x4d0000cc
[55442.173645] Temp polling alert disabled
[55442.173645] Refresh Disabled at EMIF2
[55442.173675] [i] Initialiting PUF & hammer rows
[55442.173675] [i] Single-Sided Rowhammer (SSRH)
[55442.181732] [i] Finished initialiting PUF & hammer rows
[55442.181732] [i]	Timer elapsed since its reset 0 sec
[55442.181762] [i] Decay: 60 sec
[55442.181762] [i]	Relative Decay: 0 msec
