[67760.713745] [i] Total hammer attempts per row: 1863522
[67760.713745] EMIF 2 REG Write 0x00000618 at 0x4d000010
[67760.713745] EMIF 2 REG Read 0x00000618 at 0x4d000010
[67760.713806] EMIF 2 REG Write 0x00000618 at 0x4d000014
[67760.713806] EMIF 2 REG Read 0x00000618 at 0x4d000014
[67760.713806] EMIF 2 REG Write 0x58016893 at 0x4d0000cc
[67760.713836] EMIF 2 REG Read 0x58016893 at 0x4d0000cc
[67760.713836] Temp polling alert enabled
[67760.713836] Refresh enabled at EMIF2
[67760.713867] [i] Starting PUF read-out
[67760.713867] [i] Single-Sided Rowhammer (SSRH)
[67760.713897] PUF Read:0xaaaaaaaa at 0xa0008000
[67760.713897] PUF Read:0xaaaaaaaa at 0xa0008004
[67760.713897] PUF Read:0xaaaaaaaa at 0xa0008008
[67760.713897] PUF Read:0xaaaaaaaa at 0xa000800c
[67760.713989] PUF Read:0xaaaaaaaa at 0xa0008010
[67760.713989] PUF Read:0xaaaaabaa at 0xa0008014
[67760.713989] PUF Read:0xaaaaaaaa at 0xa0008018
[67760.714080] PUF Read:0xaaaaaaaa at 0xa000801c
[67760.714111] PUF Read:0xaaaaaaaa at 0xa0008020
[67760.714111] PUF Read:0xaaaaaaaa at 0xa0008024
[67760.714111] PUF Read:0xaaaaaaaa at 0xa0008028
[67760.714172] PUF Read:0xaaaaaaaa at 0xa000802c
[67760.714172] PUF Read:0xaaaaaaaa at 0xa0008030
[67760.714172] PUF Read:0xaaaaaaaa at 0xa0008034
[67760.714263] PUF Read:0xaaaaaaaa at 0xa0008038
[67760.714294] PUF Read:0xaaaaaaaa at 0xa000803c
[67760.714294] PUF Read:0xaaaaaaab at 0xa0008040
[67760.714355] PUF Read:0xaaaaeaaa at 0xa0008044
[67760.714355] PUF Read:0xaaaaaaaa at 0xa0008048
[67760.714355] PUF Read:0xaaaaaaaa at 0xa000804c
[67760.714416] PUF Read:0xaaaaaaaa at 0xa0008050
[67760.714447] PUF Read:0xaaaaaaaa at 0xa0008054
[67760.714447] PUF Read:0xaaaaaaaa at 0xa0008058
[67760.714508] PUF Read:0xaaaaaaaa at 0xa000805c
[67760.714508] PUF Read:0xaaaaaaaa at 0xa0008060
[67760.714508] PUF Read:0xaaaa2aaa at 0xa0008064
[67760.714508] PUF Read:0xaaaaaaaa at 0xa0008068
[67760.714599] PUF Read:0xaaaaaaaa at 0xa000806c
[67760.714599] PUF Read:0xaaaaaaaa at 0xa0008070
[67760.714599] PUF Read:0xaaaaaaaa at 0xa0008074
[67760.714599] PUF Read:0xaaaaaaaa at 0xa0008078
[67760.714599] PUF Read:0xaaaaaaaa at 0xa000807c
[67760.714599] PUF Read:0xaaaaaaaa at 0xa0008080
[67760.714752] PUF Read:0xaaaaaaaa at 0xa0008084
[67760.714752] PUF Read:0xaaaaaaaa at 0xa0008088
[67760.714752] PUF Read:0xaaaaaaaa at 0xa000808c
[67760.714752] PUF Read:0xaaaa8aaa at 0xa0008090
[67760.714752] PUF Read:0xaaaaaaaa at 0xa0008094
[67760.714752] PUF Read:0xaaabaaaa at 0xa0008098
[67760.714904] PUF Read:0xaaaaaaaa at 0xa000809c
[67760.714935] PUF Read:0xaaaaaaaa at 0xa00080a0
[67760.714935] PUF Read:0xaaaaaaaa at 0xa00080a4
[67760.714935] PUF Read:0xaaaaaaaa at 0xa00080a8
[67760.714996] PUF Read:0xaaaaaaaa at 0xa00080ac
[67760.714996] PUF Read:0xaaaaaaaa at 0xa00080b0
[67760.715057] PUF Read:0xaa2aaaaa at 0xa00080b4
[67760.715087] PUF Read:0xaaaaaaaa at 0xa00080b8
[67760.715087] PUF Read:0x8aaaaaaa at 0xa00080bc
[67760.715087] PUF Read:0xaaaaaaaa at 0xa00080c0
[67760.715148] PUF Read:0xaaaaaaaa at 0xa00080c4
[67760.715148] PUF Read:0xaaa2aaaa at 0xa00080c8
[67760.715209] PUF Read:0xaaaaaaaa at 0xa00080cc
[67760.715240] PUF Read:0xaaaaaaaa at 0xa00080d0
[67760.715240] PUF Read:0xaaaaaaaa at 0xa00080d4
[67760.715240] PUF Read:0xaaaaaaaa at 0xa00080d8
[67760.715301] PUF Read:0xaaaaaaaa at 0xa00080dc
[67760.715301] PUF Read:0xaaaaaaaa at 0xa00080e0
[67760.715362] PUF Read:0xaaaaaaaa at 0xa00080e4
[67760.715393] PUF Read:0xaaaaaaaa at 0xa00080e8
[67760.715393] PUF Read:0xaaaaaaab at 0xa00080ec
[67760.715393] PUF Read:0x8aaaaaaa at 0xa00080f0
[67760.715454] PUF Read:0xaaaaaaaa at 0xa00080f4
[67760.715454] PUF Read:0xaaaaaaaa at 0xa00080f8
[67760.715515] PUF Read:0xaaaaaaaa at 0xa00080fc
[67760.715545] PUF Read:0xaaaaaaaa at 0xa0008100
[67760.715545] PUF Read:0xaaaaaaaa at 0xa0008104
[67760.715545] PUF Read:0xaaaaaaaa at 0xa0008108
[67760.715606] PUF Read:0xaaaaaaaa at 0xa000810c
[67760.715606] PUF Read:0xaaaaaaaa at 0xa0008110
[67760.715667] PUF Read:0xaaaaaaaa at 0xa0008114
[67760.715698] PUF Read:0xaaaaaaaa at 0xa0008118
[67760.715698] PUF Read:0xaaaaaaaa at 0xa000811c
[67760.715698] PUF Read:0xaaaaaaaa at 0xa0008120
[67760.715698] PUF Read:0xaaaaaaaa at 0xa0008124
[67760.715789] PUF Read:0xaaaaaaaa at 0xa0008128
[67760.715789] PUF Read:0xaaaaaaaa at 0xa000812c
[67760.715850] PUF Read:0xaaaaaaaa at 0xa0008130
[67760.715881] PUF Read:0xaaaaaaaa at 0xa0008134
[67760.715881] PUF Read:0xaa8aaaaa at 0xa0008138
[67760.715881] PUF Read:0xaaaaaaaa at 0xa000813c
[67760.715942] PUF Read:0xaaaaaaaa at 0xa0008140
[67760.715942] PUF Read:0xaaaaaaaa at 0xa0008144
[67760.716003] PUF Read:0xaabaaeaa at 0xa0008148
[67760.716033] PUF Read:0xaaaaaaaa at 0xa000814c
[67760.716033] PUF Read:0xaaaaaaaa at 0xa0008150
[67760.716094] PUF Read:0xaaaaaaaa at 0xa0008154
[67760.716094] PUF Read:0xaaaaaaaa at 0xa0008158
[67760.716094] PUF Read:0xaaaaaaea at 0xa000815c
[67760.716156] PUF Read:0xaaaaaaaa at 0xa0008160
[67760.716186] PUF Read:0xaaaaaaaa at 0xa0008164
[67760.716186] PUF Read:0xaaaaaaaa at 0xa0008168
[67760.716186] PUF Read:0xaaaaaaaa at 0xa000816c
[67760.716186] PUF Read:0xaaaaaaaa at 0xa0008170
[67760.716186] PUF Read:0xaaaaaaaa at 0xa0008174
[67760.716186] PUF Read:0xaaaaaaaa at 0xa0008178
[67760.716339] PUF Read:0xaaaaaaaa at 0xa000817c
[67760.716339] PUF Read:0xaaaa2a2a at 0xa0008180
[67760.716339] PUF Read:0xaaaaaaaa at 0xa0008184
[67760.716339] PUF Read:0xaaaaaaaa at 0xa0008188
[67760.716339] PUF Read:0xaaaaaaaa at 0xa000818c
[67760.716339] PUF Read:0xaaaaaaaa at 0xa0008190
[67760.716491] PUF Read:0xaaaaaaaa at 0xa0008194
[67760.716491] PUF Read:0xaaaaaaaa at 0xa0008198
[67760.716491] PUF Read:0xaaaaaaaa at 0xa000819c
[67760.716491] PUF Read:0xaaaaaaaa at 0xa00081a0
[67760.716491] PUF Read:0xaaaaaaaa at 0xa00081a4
[67760.716491] PUF Read:0xaaaaaaaa at 0xa00081a8
[67760.716644] PUF Read:0xaaaaaaaa at 0xa00081ac
[67760.716644] PUF Read:0xaaeaaaaa at 0xa00081b0
[67760.716644] PUF Read:0xaaaaaaaa at 0xa00081b4
[67760.716644] PUF Read:0xaaaaaaaa at 0xa00081b8
[67760.716735] PUF Read:0xaaaaaaaa at 0xa00081bc
[67760.716735] PUF Read:0xaaaaaaaa at 0xa00081c0
[67760.716796] PUF Read:0xaaaaaaae at 0xa00081c4
[67760.716827] PUF Read:0xaaaaaaaa at 0xa00081c8
[67760.716827] PUF Read:0xaaaaaaaa at 0xa00081cc
[67760.716827] PUF Read:0xbaaaaaaa at 0xa00081d0
[67760.716827] PUF Read:0xaaaaaaaa at 0xa00081d4
[67760.716827] PUF Read:0xaaaaaaaa at 0xa00081d8
[67760.716949] PUF Read:0xaaaaaaaa at 0xa00081dc
[67760.716949] PUF Read:0xaaaaaaaa at 0xa00081e0
[67760.716949] PUF Read:0xaaaaaaea at 0xa00081e4
[67760.716949] PUF Read:0xaaaaaaaa at 0xa00081e8
[67760.717041] PUF Read:0xaa2aaaaa at 0xa00081ec
[67760.717041] PUF Read:0xaaaaaaaa at 0xa00081f0
[67760.717102] PUF Read:0xaaaaaeaa at 0xa00081f4
[67760.717132] PUF Read:0xaaaaaaa2 at 0xa00081f8
[67760.717132] PUF Read:0xaaaaaaaa at 0xa00081fc
[67760.717132] PUF Read:0xaaaaaaaa at 0xa0008200
[67760.717193] PUF Read:0xaaaaaaaa at 0xa0008204
[67760.717193] PUF Read:0xaaaaaaaa at 0xa0008208
[67760.717254] PUF Read:0xa8aaaaaa at 0xa000820c
[67760.717285] PUF Read:0xaaaaaaaa at 0xa0008210
[67760.717285] PUF Read:0xaaaaaaaa at 0xa0008214
[67760.717285] PUF Read:0xaaaaaaaa at 0xa0008218
[67760.717285] PUF Read:0xaaaaaaaa at 0xa000821c
[67760.717376] PUF Read:0xaaaaaaaa at 0xa0008220
[67760.717376] PUF Read:0xaaaaaaaa at 0xa0008224
[67760.717437] PUF Read:0xaaaaaaaa at 0xa0008228
[67760.717468] PUF Read:0xaaaaaaaa at 0xa000822c
[67760.717468] PUF Read:0xaaaaaaaa at 0xa0008230
[67760.717468] PUF Read:0xaaaaaaaa at 0xa0008234
[67760.717529] PUF Read:0xaaaaaaaa at 0xa0008238
[67760.717529] PUF Read:0xaaaaaaaa at 0xa000823c
[67760.717590] PUF Read:0xaaaaaaaa at 0xa0008240
[67760.717620] PUF Read:0xaaaaaaaa at 0xa0008244
[67760.717620] PUF Read:0xaaaaaaaa at 0xa0008248
[67760.717681] PUF Read:0xaaaaaaaa at 0xa000824c
[67760.717681] PUF Read:0xaaaaaaaa at 0xa0008250
[67760.717681] PUF Read:0xaaaaaaaa at 0xa0008254
[67760.717681] PUF Read:0xaaaaaaaa at 0xa0008258
[67760.717773] PUF Read:0xaaaaaaaa at 0xa000825c
[67760.717773] PUF Read:0xaaaaaaaa at 0xa0008260
[67760.717773] PUF Read:0xaaaaaaaa at 0xa0008264
[67760.717773] PUF Read:0xaaaaaaaa at 0xa0008268
[67760.717864] PUF Read:0xaaaaaaaa at 0xa000826c
[67760.717864] PUF Read:0xaaaaaaaa at 0xa0008270
[67760.717926] PUF Read:0xaaaaaaaa at 0xa0008274
[67760.717956] PUF Read:0xaaaaaaaa at 0xa0008278
[67760.717956] PUF Read:0xaaaaaaaa at 0xa000827c
[67760.717956] PUF Read:0xaaaaaaaa at 0xa0008280
[67760.718017] PUF Read:0xaaaaaaaa at 0xa0008284
[67760.718017] PUF Read:0xaaaaaaaa at 0xa0008288
[67760.718078] PUF Read:0xaaaaaaaa at 0xa000828c
[67760.718109] PUF Read:0xaaaaaaaa at 0xa0008290
[67760.718109] PUF Read:0xaaaaaaaa at 0xa0008294
[67760.718109] PUF Read:0xaaaaaaaa at 0xa0008298
[67760.718170] PUF Read:0xaaaaaaaa at 0xa000829c
[67760.718170] PUF Read:0xaaaaaaaa at 0xa00082a0
[67760.718231] PUF Read:0xaaaaaaaa at 0xa00082a4
[67760.718261] PUF Read:0xaaaaaaaa at 0xa00082a8
[67760.718261] PUF Read:0xaaaaaaaa at 0xa00082ac
[67760.718261] PUF Read:0xaaaaaaaa at 0xa00082b0
[67760.718322] PUF Read:0xaaaaaaaa at 0xa00082b4
[67760.718322] PUF Read:0xaaaaaaea at 0xa00082b8
[67760.718383] PUF Read:0xaaaaaaaa at 0xa00082bc
[67760.718414] PUF Read:0xaaaaaaaa at 0xa00082c0
[67760.718414] PUF Read:0xaaaaaaaa at 0xa00082c4
[67760.718414] PUF Read:0xbaaaaaaa at 0xa00082c8
[67760.718414] PUF Read:0xaaaaaaaa at 0xa00082cc
[67760.718414] PUF Read:0xaaaaaaaa at 0xa00082d0
[67760.718414] PUF Read:0xaaaaaaaa at 0xa00082d4
[67760.718566] PUF Read:0xaaaaaaaa at 0xa00082d8
[67760.718566] PUF Read:0xaaaaaaaa at 0xa00082dc
[67760.718566] PUF Read:0xaaaaaaaa at 0xa00082e0
[67760.718566] PUF Read:0xaaaaaeaa at 0xa00082e4
[67760.718566] PUF Read:0xaaaaaaaa at 0xa00082e8
[67760.718566] PUF Read:0xaaaaaaaa at 0xa00082ec
[67760.718719] PUF Read:0xaaaaaaaa at 0xa00082f0
[67760.718719] PUF Read:0xaaaaaaaa at 0xa00082f4
[67760.718719] PUF Read:0xaaaaaaaa at 0xa00082f8
[67760.718719] PUF Read:0xaaaaaaaa at 0xa00082fc
[67760.718719] PUF Read:0xaaaaaaaa at 0xa0008300
[67760.718719] PUF Read:0xaaaaaaaa at 0xa0008304
[67760.718719] PUF Read:0xaaaaaaaa at 0xa0008308
[67760.718902] PUF Read:0xaaaaaaaa at 0xa000830c
[67760.718902] PUF Read:0xaaaaaaaa at 0xa0008310
[67760.718902] PUF Read:0xaaaaaaaa at 0xa0008314
[67760.718902] PUF Read:0xaaaaaaaa at 0xa0008318
[67760.718902] PUF Read:0xbaaaaaaa at 0xa000831c
[67760.718902] PUF Read:0xaaaaaaaa at 0xa0008320
[67760.719055] PUF Read:0xaaaaaaaa at 0xa0008324
[67760.719055] PUF Read:0xaaaaaaaa at 0xa0008328
[67760.719055] PUF Read:0xaaaaaaaa at 0xa000832c
[67760.719055] PUF Read:0xaaaaaaae at 0xa0008330
[67760.719146] PUF Read:0xaaaaaaaa at 0xa0008334
[67760.719146] PUF Read:0xaaaaaaaa at 0xa0008338
[67760.719207] PUF Read:0xaaaaaaaa at 0xa000833c
[67760.719238] PUF Read:0xaaaaaaaa at 0xa0008340
[67760.719238] PUF Read:0xaaaaaaaa at 0xa0008344
[67760.719238] PUF Read:0xaaaaaaaa at 0xa0008348
[67760.719299] PUF Read:0xaaaaaaaa at 0xa000834c
[67760.719299] PUF Read:0xaaaaaa8a at 0xa0008350
[67760.719360] PUF Read:0xaaaaaaaa at 0xa0008354
[67760.719390] PUF Read:0xaaaaaaaa at 0xa0008358
[67760.719390] PUF Read:0xaaaaaaaa at 0xa000835c
[67760.719390] PUF Read:0xaaabaaaa at 0xa0008360
[67760.719451] PUF Read:0xaaaaaaaa at 0xa0008364
[67760.719451] PUF Read:0xaaaaaaaa at 0xa0008368
[67760.719512] PUF Read:0xaaaaaaaa at 0xa000836c
[67760.719543] PUF Read:0xaaaaaaaa at 0xa0008370
[67760.719543] PUF Read:0xaaaaaaaa at 0xa0008374
[67760.719543] PUF Read:0xaaaaaaaa at 0xa0008378
[67760.719604] PUF Read:0xaaaaaaaa at 0xa000837c
[67760.719604] PUF Read:0xaaaaaaaa at 0xa0008380
[67760.719665] PUF Read:0xaaaaaaaa at 0xa0008384
[67760.719696] PUF Read:0xaaaaaaaa at 0xa0008388
[67760.719696] PUF Read:0xaaaaaaaa at 0xa000838c
[67760.719757] PUF Read:0xaaaaaaaa at 0xa0008390
[67760.719757] PUF Read:0xaaaaaaaa at 0xa0008394
[67760.719757] PUF Read:0xaaaaaaaa at 0xa0008398
[67760.719818] PUF Read:0xaaa2aaaa at 0xa000839c
[67760.719848] PUF Read:0xaaaaaaaa at 0xa00083a0
[67760.719848] PUF Read:0xaaaaaaaa at 0xa00083a4
[67760.719848] PUF Read:0xaaaaaaaa at 0xa00083a8
[67760.719848] PUF Read:0xaaaaaaaa at 0xa00083ac
[67760.719848] PUF Read:0xaaaaaaaa at 0xa00083b0
[67760.719848] PUF Read:0xaaaaaaaa at 0xa00083b4
[67760.720001] PUF Read:0xaaaaaaaa at 0xa00083b8
[67760.720001] PUF Read:0xaaaaaaaa at 0xa00083bc
[67760.720001] PUF Read:0xaaaaaaaa at 0xa00083c0
[67760.720001] PUF Read:0xaaaaaaaa at 0xa00083c4
[67760.720001] PUF Read:0xaaaaaaaa at 0xa00083c8
[67760.720001] PUF Read:0xaaaaaaaa at 0xa00083cc
[67760.720153] PUF Read:0xaaaaaaaa at 0xa00083d0
[67760.720184] PUF Read:0xaaabaaaa at 0xa00083d4
[67760.720184] PUF Read:0xaaaaaaaa at 0xa00083d8
[67760.720184] PUF Read:0xaaaaaaaa at 0xa00083dc
[67760.720245] PUF Read:0xaaaaaaaa at 0xa00083e0
[67760.720245] PUF Read:0xaaaaaaaa at 0xa00083e4
[67760.720306] PUF Read:0xaaaaaaaa at 0xa00083e8
[67760.720336] PUF Read:0xaaaaaaaa at 0xa00083ec
[67760.720336] PUF Read:0xaaaaaaaa at 0xa00083f0
[67760.720336] PUF Read:0xaaaaaaaa at 0xa00083f4
[67760.720336] PUF Read:0xaaaaaaae at 0xa00083f8
[67760.720428] PUF Read:0xaaaeaaaa at 0xa00083fc
[67760.720458] [i] Finished PUF read-out
[67760.720458] <6>[i] Finished PUF query for decaytime: 7680
[67760.720489] [i] Start decaytime: 120
[67760.720489] EMIF 2 REG Write 0x80000000 at 0x4d000010
[67760.720489] EMIF 2 REG Read 0x80000000 at 0x4d000010
[67760.720520] EMIF 2 REG Write 0x80000000 at 0x4d000014
[67760.720520] EMIF 2 REG Read 0x00000000 at 0x4d000014
[67760.720550] EMIF 2 REG Write 0x08016893 at 0x4d0000cc
[67760.720550] EMIF 2 REG Read 0x08016893 at 0x4d0000cc
[67760.720581] Temp polling alert disabled
[67760.720581] Refresh Disabled at EMIF2
[67760.720581] [i] Initialiting PUF & hammer rows
[67760.720611] [i] Single-Sided Rowhammer (SSRH)
[67760.727355] [i] Finished initialiting PUF & hammer rows
[67760.727355] [i]	Timer elapsed since its reset 0 sec
[67760.727386] [i] Decay: 120 sec
[67760.727386] [i]	Relative Decay: 0 msec
