[34525.424377] [i] Total hammer attempts per row: 3727933
[34525.424377] EMIF 2 REG Write 0x00000618 at 0x4d000010
[34525.424377] EMIF 2 REG Read 0x00000618 at 0x4d000010
[34525.424438] EMIF 2 REG Write 0x00000618 at 0x4d000014
[34525.424438] EMIF 2 REG Read 0x00000618 at 0x4d000014
[34525.424468] EMIF 2 REG Write 0x58016893 at 0x4d0000cc
[34525.424468] EMIF 2 REG Read 0x58016893 at 0x4d0000cc
[34525.424468] Temp polling alert enabled
[34525.424499] Refresh enabled at EMIF2
[34525.424499] [i] Starting PUF read-out
[34525.424499] [i] Single-Sided Rowhammer (SSRH)
[34525.424530] PUF Read:0x00000010 at 0xa0008000
[34525.424530] PUF Read:0x00000400 at 0xa0008004
[34525.424530] PUF Read:0x00000000 at 0xa0008008
[34525.424530] PUF Read:0x00000000 at 0xa000800c
[34525.424530] PUF Read:0x00000000 at 0xa0008010
[34525.424530] PUF Read:0x00000100 at 0xa0008014
[34525.424530] PUF Read:0x00000000 at 0xa0008018
[34525.424713] PUF Read:0x10400100 at 0xa000801c
[34525.424743] PUF Read:0x40000000 at 0xa0008020
[34525.424743] PUF Read:0x40004000 at 0xa0008024
[34525.424804] PUF Read:0x00004000 at 0xa0008028
[34525.424804] PUF Read:0x00000010 at 0xa000802c
[34525.424804] PUF Read:0x40000000 at 0xa0008030
[34525.424804] PUF Read:0x04000000 at 0xa0008034
[34525.424896] PUF Read:0x00004000 at 0xa0008038
[34525.424926] PUF Read:0x00000000 at 0xa000803c
[34525.424926] PUF Read:0x00000001 at 0xa0008040
[34525.424926] PUF Read:0x00004000 at 0xa0008044
[34525.424987] PUF Read:0x00000000 at 0xa0008048
[34525.424987] PUF Read:0x00000001 at 0xa000804c
[34525.425048] PUF Read:0x00000000 at 0xa0008050
[34525.425079] PUF Read:0x00000000 at 0xa0008054
[34525.425079] PUF Read:0x00000000 at 0xa0008058
[34525.425079] PUF Read:0x00000000 at 0xa000805c
[34525.425140] PUF Read:0x00000000 at 0xa0008060
[34525.425140] PUF Read:0x00100000 at 0xa0008064
[34525.425201] PUF Read:0x00000000 at 0xa0008068
[34525.425231] PUF Read:0x00000000 at 0xa000806c
[34525.425231] PUF Read:0x00000010 at 0xa0008070
[34525.425231] PUF Read:0x00000000 at 0xa0008074
[34525.425231] PUF Read:0x00000000 at 0xa0008078
[34525.425231] PUF Read:0x00010000 at 0xa000807c
[34525.425231] PUF Read:0x00010000 at 0xa0008080
[34525.425231] PUF Read:0x00000000 at 0xa0008084
[34525.425415] PUF Read:0x00000000 at 0xa0008088
[34525.425445] PUF Read:0x00000000 at 0xa000808c
[34525.425445] PUF Read:0x00000000 at 0xa0008090
[34525.425445] PUF Read:0x10000000 at 0xa0008094
[34525.425506] PUF Read:0x00410001 at 0xa0008098
[34525.425506] PUF Read:0x00000000 at 0xa000809c
[34525.425567] PUF Read:0x00000000 at 0xa00080a0
[34525.425598] PUF Read:0x00010000 at 0xa00080a4
[34525.425598] PUF Read:0x00010001 at 0xa00080a8
[34525.425598] PUF Read:0x00000041 at 0xa00080ac
[34525.425659] PUF Read:0x00000000 at 0xa00080b0
[34525.425659] PUF Read:0x00000000 at 0xa00080b4
[34525.425720] PUF Read:0x00004000 at 0xa00080b8
[34525.425750] PUF Read:0x00000000 at 0xa00080bc
[34525.425750] PUF Read:0x00000400 at 0xa00080c0
[34525.425750] PUF Read:0x00000000 at 0xa00080c4
[34525.425750] PUF Read:0x10100000 at 0xa00080c8
[34525.425750] PUF Read:0x01000000 at 0xa00080cc
[34525.425750] PUF Read:0x40044000 at 0xa00080d0
[34525.425903] PUF Read:0x00000000 at 0xa00080d4
[34525.425933] PUF Read:0x00001000 at 0xa00080d8
[34525.425933] PUF Read:0x00000000 at 0xa00080dc
[34525.425933] PUF Read:0x01000000 at 0xa00080e0
[34525.425994] PUF Read:0x00000000 at 0xa00080e4
[34525.425994] PUF Read:0x00000000 at 0xa00080e8
[34525.426055] PUF Read:0x00000001 at 0xa00080ec
[34525.426086] PUF Read:0x00000000 at 0xa00080f0
[34525.426086] PUF Read:0x00000000 at 0xa00080f4
[34525.426086] PUF Read:0x00000100 at 0xa00080f8
[34525.426086] PUF Read:0x00000000 at 0xa00080fc
[34525.426086] PUF Read:0x00000000 at 0xa0008100
[34525.426208] PUF Read:0x00000000 at 0xa0008104
[34525.426239] PUF Read:0x00000000 at 0xa0008108
[34525.426239] PUF Read:0x00000000 at 0xa000810c
[34525.426239] PUF Read:0x00000000 at 0xa0008110
[34525.426239] PUF Read:0x00400000 at 0xa0008114
[34525.426239] PUF Read:0x00000000 at 0xa0008118
[34525.426361] PUF Read:0x00000000 at 0xa000811c
[34525.426391] PUF Read:0x01000000 at 0xa0008120
[34525.426391] PUF Read:0x00000400 at 0xa0008124
[34525.426391] PUF Read:0x00000040 at 0xa0008128
[34525.426452] PUF Read:0x00000000 at 0xa000812c
[34525.426452] PUF Read:0x00000000 at 0xa0008130
[34525.426513] PUF Read:0x00000000 at 0xa0008134
[34525.426544] PUF Read:0x00010000 at 0xa0008138
[34525.426544] PUF Read:0x00000000 at 0xa000813c
[34525.426544] PUF Read:0x40000400 at 0xa0008140
[34525.426605] PUF Read:0x00000000 at 0xa0008144
[34525.426605] PUF Read:0x00100400 at 0xa0008148
[34525.426666] PUF Read:0x00000000 at 0xa000814c
[34525.426696] PUF Read:0x00000000 at 0xa0008150
[34525.426696] PUF Read:0x00000000 at 0xa0008154
[34525.426696] PUF Read:0x00000000 at 0xa0008158
[34525.426757] PUF Read:0x00100040 at 0xa000815c
[34525.426757] PUF Read:0x00001000 at 0xa0008160
[34525.426757] PUF Read:0x00000000 at 0xa0008164
[34525.426849] PUF Read:0x04000000 at 0xa0008168
[34525.426879] PUF Read:0x00400000 at 0xa000816c
[34525.426879] PUF Read:0x00000000 at 0xa0008170
[34525.426879] PUF Read:0x00100000 at 0xa0008174
[34525.426940] PUF Read:0x00000000 at 0xa0008178
[34525.426940] PUF Read:0x00004000 at 0xa000817c
[34525.427001] PUF Read:0x00000000 at 0xa0008180
[34525.427032] PUF Read:0x00000000 at 0xa0008184
[34525.427032] PUF Read:0x00040000 at 0xa0008188
[34525.427093] PUF Read:0x00000440 at 0xa000818c
[34525.427093] PUF Read:0x00000000 at 0xa0008190
[34525.427093] PUF Read:0x40000000 at 0xa0008194
[34525.427154] PUF Read:0x00000004 at 0xa0008198
[34525.427185] PUF Read:0x00000000 at 0xa000819c
[34525.427185] PUF Read:0x00000000 at 0xa00081a0
[34525.427185] PUF Read:0x00000000 at 0xa00081a4
[34525.427246] PUF Read:0x00000000 at 0xa00081a8
[34525.427246] PUF Read:0x00000040 at 0xa00081ac
[34525.427307] PUF Read:0x00410000 at 0xa00081b0
[34525.427337] PUF Read:0x00000000 at 0xa00081b4
[34525.427337] PUF Read:0x00000000 at 0xa00081b8
[34525.427337] PUF Read:0x00100000 at 0xa00081bc
[34525.427398] PUF Read:0x00000000 at 0xa00081c0
[34525.427398] PUF Read:0x00000004 at 0xa00081c4
[34525.427459] PUF Read:0x00000000 at 0xa00081c8
[34525.427490] PUF Read:0x00010000 at 0xa00081cc
[34525.427490] PUF Read:0x10000000 at 0xa00081d0
[34525.427490] PUF Read:0x00000000 at 0xa00081d4
[34525.427551] PUF Read:0x10000000 at 0xa00081d8
[34525.427551] PUF Read:0x00004000 at 0xa00081dc
[34525.427612] PUF Read:0x00000000 at 0xa00081e0
[34525.427642] PUF Read:0x00000040 at 0xa00081e4
[34525.427642] PUF Read:0x00000000 at 0xa00081e8
[34525.427642] PUF Read:0x00000010 at 0xa00081ec
[34525.427703] PUF Read:0x00000001 at 0xa00081f0
[34525.427703] PUF Read:0x00010400 at 0xa00081f4
[34525.427764] PUF Read:0x00000000 at 0xa00081f8
[34525.427795] PUF Read:0x00000040 at 0xa00081fc
[34525.427795] PUF Read:0x00000000 at 0xa0008200
[34525.427856] PUF Read:0x00000000 at 0xa0008204
[34525.427856] PUF Read:0x00000010 at 0xa0008208
[34525.427856] PUF Read:0x00000000 at 0xa000820c
[34525.427917] PUF Read:0x00400000 at 0xa0008210
[34525.427947] PUF Read:0x00000000 at 0xa0008214
[34525.427947] PUF Read:0x00000400 at 0xa0008218
[34525.428009] PUF Read:0x00000000 at 0xa000821c
[34525.428009] PUF Read:0x00000000 at 0xa0008220
[34525.428009] PUF Read:0x00100000 at 0xa0008224
[34525.428009] PUF Read:0x00000000 at 0xa0008228
[34525.428100] PUF Read:0x00000000 at 0xa000822c
[34525.428100] PUF Read:0x00000500 at 0xa0008230
[34525.428100] PUF Read:0x00400000 at 0xa0008234
[34525.428100] PUF Read:0x00000000 at 0xa0008238
[34525.428100] PUF Read:0x00000400 at 0xa000823c
[34525.428100] PUF Read:0x00000004 at 0xa0008240
[34525.428253] PUF Read:0x00000000 at 0xa0008244
[34525.428253] PUF Read:0x00040000 at 0xa0008248
[34525.428253] PUF Read:0x00000000 at 0xa000824c
[34525.428253] PUF Read:0x04000000 at 0xa0008250
[34525.428344] PUF Read:0x00100000 at 0xa0008254
[34525.428344] PUF Read:0x00000000 at 0xa0008258
[34525.428405] PUF Read:0x04040000 at 0xa000825c
[34525.428436] PUF Read:0x00000000 at 0xa0008260
[34525.428436] PUF Read:0x00001000 at 0xa0008264
[34525.428497] PUF Read:0x00000400 at 0xa0008268
[34525.428497] PUF Read:0x00001000 at 0xa000826c
[34525.428497] PUF Read:0x00000000 at 0xa0008270
[34525.428497] PUF Read:0x00000000 at 0xa0008274
[34525.428588] PUF Read:0x00000040 at 0xa0008278
[34525.428588] PUF Read:0x00100000 at 0xa000827c
[34525.428588] PUF Read:0x40000000 at 0xa0008280
[34525.428588] PUF Read:0x00000000 at 0xa0008284
[34525.428588] PUF Read:0x00400000 at 0xa0008288
[34525.428588] PUF Read:0x00000000 at 0xa000828c
[34525.428741] PUF Read:0x00000000 at 0xa0008290
[34525.428741] PUF Read:0x00000000 at 0xa0008294
[34525.428741] PUF Read:0x00000000 at 0xa0008298
[34525.428741] PUF Read:0x00000000 at 0xa000829c
[34525.428741] PUF Read:0x00000400 at 0xa00082a0
[34525.428863] PUF Read:0x00001000 at 0xa00082a4
[34525.428894] PUF Read:0x00000000 at 0xa00082a8
[34525.428894] PUF Read:0x00000000 at 0xa00082ac
[34525.428955] PUF Read:0x00000000 at 0xa00082b0
[34525.428955] PUF Read:0x00000000 at 0xa00082b4
[34525.428955] PUF Read:0x00000040 at 0xa00082b8
[34525.429016] PUF Read:0x00000000 at 0xa00082bc
[34525.429046] PUF Read:0x00000000 at 0xa00082c0
[34525.429046] PUF Read:0x00000000 at 0xa00082c4
[34525.429107] PUF Read:0x10000000 at 0xa00082c8
[34525.429107] PUF Read:0x00000000 at 0xa00082cc
[34525.429107] PUF Read:0x00100000 at 0xa00082d0
[34525.429168] PUF Read:0x00000000 at 0xa00082d4
[34525.429199] PUF Read:0x40000000 at 0xa00082d8
[34525.429199] PUF Read:0x00004000 at 0xa00082dc
[34525.429260] PUF Read:0x00000000 at 0xa00082e0
[34525.429260] PUF Read:0x00000400 at 0xa00082e4
[34525.429260] PUF Read:0x00000100 at 0xa00082e8
[34525.429260] PUF Read:0x00000001 at 0xa00082ec
[34525.429351] PUF Read:0x00000001 at 0xa00082f0
[34525.429351] PUF Read:0x00000000 at 0xa00082f4
[34525.429351] PUF Read:0x00000000 at 0xa00082f8
[34525.429351] PUF Read:0x00000000 at 0xa00082fc
[34525.429351] PUF Read:0x00000100 at 0xa0008300
[34525.429351] PUF Read:0x00000000 at 0xa0008304
[34525.429504] PUF Read:0x00000000 at 0xa0008308
[34525.429504] PUF Read:0x00000000 at 0xa000830c
[34525.429504] PUF Read:0x00000000 at 0xa0008310
[34525.429504] PUF Read:0x00000010 at 0xa0008314
[34525.429504] PUF Read:0x01500000 at 0xa0008318
[34525.429504] PUF Read:0x10000000 at 0xa000831c
[34525.429656] PUF Read:0x00000000 at 0xa0008320
[34525.429656] PUF Read:0x00000100 at 0xa0008324
[34525.429656] PUF Read:0x00000000 at 0xa0008328
[34525.429656] PUF Read:0x00010000 at 0xa000832c
[34525.429656] PUF Read:0x00000004 at 0xa0008330
[34525.429656] PUF Read:0x00000100 at 0xa0008334
[34525.429809] PUF Read:0x00001000 at 0xa0008338
[34525.429840] PUF Read:0x00000000 at 0xa000833c
[34525.429840] PUF Read:0x10000100 at 0xa0008340
[34525.429840] PUF Read:0x00000001 at 0xa0008344
[34525.429840] PUF Read:0x00000000 at 0xa0008348
[34525.429840] PUF Read:0x00000100 at 0xa000834c
[34525.429840] PUF Read:0x00000000 at 0xa0008350
[34525.429992] PUF Read:0x00000000 at 0xa0008354
[34525.429992] PUF Read:0x00000000 at 0xa0008358
[34525.429992] PUF Read:0x00000000 at 0xa000835c
[34525.429992] PUF Read:0x00014000 at 0xa0008360
[34525.429992] PUF Read:0x00000000 at 0xa0008364
[34525.429992] PUF Read:0x00000000 at 0xa0008368
[34525.430145] PUF Read:0x00000400 at 0xa000836c
[34525.430145] PUF Read:0x00000000 at 0xa0008370
[34525.430145] PUF Read:0x00000000 at 0xa0008374
[34525.430145] PUF Read:0x40000000 at 0xa0008378
[34525.430145] PUF Read:0x00000040 at 0xa000837c
[34525.430145] PUF Read:0x00000000 at 0xa0008380
[34525.430297] PUF Read:0x00000000 at 0xa0008384
[34525.430297] PUF Read:0x00000000 at 0xa0008388
[34525.430297] PUF Read:0x00000000 at 0xa000838c
[34525.430297] PUF Read:0x00000001 at 0xa0008390
[34525.430297] PUF Read:0x00000100 at 0xa0008394
[34525.430297] PUF Read:0x10000000 at 0xa0008398
[34525.430450] PUF Read:0x00000000 at 0xa000839c
[34525.430450] PUF Read:0x00000000 at 0xa00083a0
[34525.430450] PUF Read:0x00000000 at 0xa00083a4
[34525.430450] PUF Read:0x00000000 at 0xa00083a8
[34525.430450] PUF Read:0x00001000 at 0xa00083ac
[34525.430450] PUF Read:0x00000000 at 0xa00083b0
[34525.430603] PUF Read:0x00000000 at 0xa00083b4
[34525.430603] PUF Read:0x00000000 at 0xa00083b8
[34525.430603] PUF Read:0x00000000 at 0xa00083bc
[34525.430603] PUF Read:0x00000040 at 0xa00083c0
[34525.430603] PUF Read:0x04000000 at 0xa00083c4
[34525.430603] PUF Read:0x00000000 at 0xa00083c8
[34525.430755] PUF Read:0x00000000 at 0xa00083cc
[34525.430755] PUF Read:0x00000000 at 0xa00083d0
[34525.430755] PUF Read:0x00010000 at 0xa00083d4
[34525.430755] PUF Read:0x00000000 at 0xa00083d8
[34525.430755] PUF Read:0x00000000 at 0xa00083dc
[34525.430755] PUF Read:0x00140000 at 0xa00083e0
[34525.430908] PUF Read:0x10000000 at 0xa00083e4
[34525.430908] PUF Read:0x00000000 at 0xa00083e8
[34525.430908] PUF Read:0x00000000 at 0xa00083ec
[34525.430908] PUF Read:0x00000400 at 0xa00083f0
[34525.430999] PUF Read:0x04000000 at 0xa00083f4
[34525.430999] PUF Read:0x00000004 at 0xa00083f8
[34525.431060] PUF Read:0x00040000 at 0xa00083fc
[34525.431091] [i] Finished PUF read-out
[34525.431091] <6>[i] Finished PUF query for decaytime: 15360
[34525.431091] End measurement:10
[34525.431121] [i] Start measurement: 11
[34525.431121] [i] Start decaytime: 60
[34525.431121] EMIF 2 REG Write 0x80000000 at 0x4d000010
[34525.431152] EMIF 2 REG Read 0x80000000 at 0x4d000010
[34525.431152] EMIF 2 REG Write 0x80000000 at 0x4d000014
[34525.431182] EMIF 2 REG Read 0x00000000 at 0x4d000014
[34525.431182] EMIF 2 REG Write 0x08016893 at 0x4d0000cc
[34525.431213] EMIF 2 REG Read 0x08016893 at 0x4d0000cc
[34525.431213] Temp polling alert disabled
[34525.431213] Refresh Disabled at EMIF2
[34525.431243] [i] Initialiting PUF & hammer rows
[34525.431243] [i] Single-Sided Rowhammer (SSRH)
[34525.435699] [i] Finished initialiting PUF & hammer rows
[34525.439117] [i]	Timer elapsed since its reset 0 sec
[34525.439117] [i] Decay: 60 sec
[34525.439117] [i]	Relative Decay: 0 msec
