[35065.471832] [i] Total hammer attempts per row: 3727710
[35065.471862] EMIF 2 REG Write 0x00000618 at 0x4d000010
[35065.471893] EMIF 2 REG Read 0x00000618 at 0x4d000010
[35065.471893] EMIF 2 REG Write 0x00000618 at 0x4d000014
[35065.471923] EMIF 2 REG Read 0x00000618 at 0x4d000014
[35065.471923] EMIF 2 REG Write 0x58016893 at 0x4d0000cc
[35065.471923] EMIF 2 REG Read 0x58016893 at 0x4d0000cc
[35065.471954] Temp polling alert enabled
[35065.471954] Refresh enabled at EMIF2
[35065.471954] [i] Starting PUF read-out
[35065.471984] [i] Single-Sided Rowhammer (SSRH)
[35065.471984] PUF Read:0x00000010 at 0xa0008000
[35065.471984] PUF Read:0x00000400 at 0xa0008004
[35065.471984] PUF Read:0x00000000 at 0xa0008008
[35065.471984] PUF Read:0x00000000 at 0xa000800c
[35065.472106] PUF Read:0x00000000 at 0xa0008010
[35065.472106] PUF Read:0x00000100 at 0xa0008014
[35065.472106] PUF Read:0x00000000 at 0xa0008018
[35065.472106] PUF Read:0x10400100 at 0xa000801c
[35065.472198] PUF Read:0x40000000 at 0xa0008020
[35065.472198] PUF Read:0x40004000 at 0xa0008024
[35065.472259] PUF Read:0x00004000 at 0xa0008028
[35065.472290] PUF Read:0x00000010 at 0xa000802c
[35065.472290] PUF Read:0x40000000 at 0xa0008030
[35065.472351] PUF Read:0x04000000 at 0xa0008034
[35065.472351] PUF Read:0x00004000 at 0xa0008038
[35065.472351] PUF Read:0x00000000 at 0xa000803c
[35065.472351] PUF Read:0x00000001 at 0xa0008040
[35065.472442] PUF Read:0x00004000 at 0xa0008044
[35065.472442] PUF Read:0x00000000 at 0xa0008048
[35065.472442] PUF Read:0x00000001 at 0xa000804c
[35065.472442] PUF Read:0x00000000 at 0xa0008050
[35065.472442] PUF Read:0x00000000 at 0xa0008054
[35065.472442] PUF Read:0x00000000 at 0xa0008058
[35065.472595] PUF Read:0x00000000 at 0xa000805c
[35065.472595] PUF Read:0x00000000 at 0xa0008060
[35065.472595] PUF Read:0x00100000 at 0xa0008064
[35065.472595] PUF Read:0x00000000 at 0xa0008068
[35065.472686] PUF Read:0x00000000 at 0xa000806c
[35065.472686] PUF Read:0x00000010 at 0xa0008070
[35065.472747] PUF Read:0x00000000 at 0xa0008074
[35065.472778] PUF Read:0x00000000 at 0xa0008078
[35065.472778] PUF Read:0x00010000 at 0xa000807c
[35065.472778] PUF Read:0x00010000 at 0xa0008080
[35065.472839] PUF Read:0x00000000 at 0xa0008084
[35065.472839] PUF Read:0x00000000 at 0xa0008088
[35065.472900] PUF Read:0x00000000 at 0xa000808c
[35065.472930] PUF Read:0x00000000 at 0xa0008090
[35065.472930] PUF Read:0x10000000 at 0xa0008094
[35065.472930] PUF Read:0x00410001 at 0xa0008098
[35065.472991] PUF Read:0x00000000 at 0xa000809c
[35065.472991] PUF Read:0x00000000 at 0xa00080a0
[35065.473052] PUF Read:0x00010000 at 0xa00080a4
[35065.473083] PUF Read:0x00010001 at 0xa00080a8
[35065.473083] PUF Read:0x00000041 at 0xa00080ac
[35065.473144] PUF Read:0x00000000 at 0xa00080b0
[35065.473144] PUF Read:0x00000000 at 0xa00080b4
[35065.473144] PUF Read:0x00004000 at 0xa00080b8
[35065.473144] PUF Read:0x00000000 at 0xa00080bc
[35065.473236] PUF Read:0x00000400 at 0xa00080c0
[35065.473266] PUF Read:0x00000000 at 0xa00080c4
[35065.473266] PUF Read:0x10100000 at 0xa00080c8
[35065.473266] PUF Read:0x01000000 at 0xa00080cc
[35065.473327] PUF Read:0x40044000 at 0xa00080d0
[35065.473327] PUF Read:0x00000000 at 0xa00080d4
[35065.473388] PUF Read:0x00001000 at 0xa00080d8
[35065.473419] PUF Read:0x00000000 at 0xa00080dc
[35065.473419] PUF Read:0x01000000 at 0xa00080e0
[35065.473419] PUF Read:0x00000000 at 0xa00080e4
[35065.473480] PUF Read:0x00000000 at 0xa00080e8
[35065.473480] PUF Read:0x00000001 at 0xa00080ec
[35065.473541] PUF Read:0x00000000 at 0xa00080f0
[35065.473571] PUF Read:0x00000000 at 0xa00080f4
[35065.473571] PUF Read:0x00000100 at 0xa00080f8
[35065.473571] PUF Read:0x00000000 at 0xa00080fc
[35065.473632] PUF Read:0x00000000 at 0xa0008100
[35065.473632] PUF Read:0x00000000 at 0xa0008104
[35065.473693] PUF Read:0x00000000 at 0xa0008108
[35065.473724] PUF Read:0x00000000 at 0xa000810c
[35065.473724] PUF Read:0x00000000 at 0xa0008110
[35065.473724] PUF Read:0x00400000 at 0xa0008114
[35065.473785] PUF Read:0x00000000 at 0xa0008118
[35065.473785] PUF Read:0x00000000 at 0xa000811c
[35065.473846] PUF Read:0x01000000 at 0xa0008120
[35065.473876] PUF Read:0x00000400 at 0xa0008124
[35065.473876] PUF Read:0x00000040 at 0xa0008128
[35065.473876] PUF Read:0x00000000 at 0xa000812c
[35065.473937] PUF Read:0x00000000 at 0xa0008130
[35065.473937] PUF Read:0x00000000 at 0xa0008134
[35065.473999] PUF Read:0x00010000 at 0xa0008138
[35065.474029] PUF Read:0x00000000 at 0xa000813c
[35065.474029] PUF Read:0x40000400 at 0xa0008140
[35065.474029] PUF Read:0x00000000 at 0xa0008144
[35065.474090] PUF Read:0x00100400 at 0xa0008148
[35065.474090] PUF Read:0x00000000 at 0xa000814c
[35065.474151] PUF Read:0x00000000 at 0xa0008150
[35065.474182] PUF Read:0x00000000 at 0xa0008154
[35065.474182] PUF Read:0x00000000 at 0xa0008158
[35065.474243] PUF Read:0x00100040 at 0xa000815c
[35065.474243] PUF Read:0x00001000 at 0xa0008160
[35065.474243] PUF Read:0x00000000 at 0xa0008164
[35065.474243] PUF Read:0x04000000 at 0xa0008168
[35065.474334] PUF Read:0x00400000 at 0xa000816c
[35065.474334] PUF Read:0x00000000 at 0xa0008170
[35065.474395] PUF Read:0x00100000 at 0xa0008174
[35065.474395] PUF Read:0x00000000 at 0xa0008178
[35065.474395] PUF Read:0x00004000 at 0xa000817c
[35065.474395] PUF Read:0x00000000 at 0xa0008180
[35065.474487] PUF Read:0x00000000 at 0xa0008184
[35065.474487] PUF Read:0x00040000 at 0xa0008188
[35065.474487] PUF Read:0x00000440 at 0xa000818c
[35065.474487] PUF Read:0x00000000 at 0xa0008190
[35065.474487] PUF Read:0x40000000 at 0xa0008194
[35065.474487] PUF Read:0x00000004 at 0xa0008198
[35065.474639] PUF Read:0x00000000 at 0xa000819c
[35065.474639] PUF Read:0x00000000 at 0xa00081a0
[35065.474639] PUF Read:0x00000000 at 0xa00081a4
[35065.474731] PUF Read:0x00000000 at 0xa00081a8
[35065.474731] PUF Read:0x00000000 at 0xa00081ac
[35065.474731] PUF Read:0x00410000 at 0xa00081b0
[35065.474731] PUF Read:0x00000000 at 0xa00081b4
[35065.474822] PUF Read:0x00000000 at 0xa00081b8
[35065.474822] PUF Read:0x00100000 at 0xa00081bc
[35065.474822] PUF Read:0x00000000 at 0xa00081c0
[35065.474822] PUF Read:0x00000004 at 0xa00081c4
[35065.474822] PUF Read:0x00000000 at 0xa00081c8
[35065.474822] PUF Read:0x00010000 at 0xa00081cc
[35065.474975] PUF Read:0x10000000 at 0xa00081d0
[35065.474975] PUF Read:0x00000000 at 0xa00081d4
[35065.474975] PUF Read:0x10000000 at 0xa00081d8
[35065.474975] PUF Read:0x00004000 at 0xa00081dc
[35065.475067] PUF Read:0x00000000 at 0xa00081e0
[35065.475067] PUF Read:0x00000040 at 0xa00081e4
[35065.475128] PUF Read:0x00000000 at 0xa00081e8
[35065.475128] PUF Read:0x00000010 at 0xa00081ec
[35065.475128] PUF Read:0x00000001 at 0xa00081f0
[35065.475128] PUF Read:0x00000400 at 0xa00081f4
[35065.475219] PUF Read:0x00000000 at 0xa00081f8
[35065.475219] PUF Read:0x00000040 at 0xa00081fc
[35065.475280] PUF Read:0x00000000 at 0xa0008200
[35065.475280] PUF Read:0x00000000 at 0xa0008204
[35065.475280] PUF Read:0x00000010 at 0xa0008208
[35065.475280] PUF Read:0x00000000 at 0xa000820c
[35065.475280] PUF Read:0x00400000 at 0xa0008210
[35065.475280] PUF Read:0x00000000 at 0xa0008214
[35065.475433] PUF Read:0x00000400 at 0xa0008218
[35065.475463] PUF Read:0x00000000 at 0xa000821c
[35065.475463] PUF Read:0x00000000 at 0xa0008220
[35065.475463] PUF Read:0x00100000 at 0xa0008224
[35065.475524] PUF Read:0x00000000 at 0xa0008228
[35065.475524] PUF Read:0x00000000 at 0xa000822c
[35065.475585] PUF Read:0x00000500 at 0xa0008230
[35065.475616] PUF Read:0x00400000 at 0xa0008234
[35065.475616] PUF Read:0x00000000 at 0xa0008238
[35065.475616] PUF Read:0x00000400 at 0xa000823c
[35065.475677] PUF Read:0x00000004 at 0xa0008240
[35065.475677] PUF Read:0x00000000 at 0xa0008244
[35065.475738] PUF Read:0x00040000 at 0xa0008248
[35065.475769] PUF Read:0x00000000 at 0xa000824c
[35065.475769] PUF Read:0x04000000 at 0xa0008250
[35065.475769] PUF Read:0x00100000 at 0xa0008254
[35065.475830] PUF Read:0x00000000 at 0xa0008258
[35065.475830] PUF Read:0x04040000 at 0xa000825c
[35065.475891] PUF Read:0x00000000 at 0xa0008260
[35065.475921] PUF Read:0x00001000 at 0xa0008264
[35065.475921] PUF Read:0x00000400 at 0xa0008268
[35065.475921] PUF Read:0x00001000 at 0xa000826c
[35065.475982] PUF Read:0x00000000 at 0xa0008270
[35065.475982] PUF Read:0x00000000 at 0xa0008274
[35065.476043] PUF Read:0x00000040 at 0xa0008278
[35065.476074] PUF Read:0x00100000 at 0xa000827c
[35065.476074] PUF Read:0x40000000 at 0xa0008280
[35065.476074] PUF Read:0x00000000 at 0xa0008284
[35065.476135] PUF Read:0x00400000 at 0xa0008288
[35065.476135] PUF Read:0x00000000 at 0xa000828c
[35065.476135] PUF Read:0x00000000 at 0xa0008290
[35065.476226] PUF Read:0x00000000 at 0xa0008294
[35065.476257] PUF Read:0x00000000 at 0xa0008298
[35065.476257] PUF Read:0x00000000 at 0xa000829c
[35065.476257] PUF Read:0x00000400 at 0xa00082a0
[35065.476318] PUF Read:0x00001000 at 0xa00082a4
[35065.476318] PUF Read:0x00000000 at 0xa00082a8
[35065.476379] PUF Read:0x00000000 at 0xa00082ac
[35065.476409] PUF Read:0x00000000 at 0xa00082b0
[35065.476409] PUF Read:0x00000000 at 0xa00082b4
[35065.476409] PUF Read:0x00000040 at 0xa00082b8
[35065.476470] PUF Read:0x00000000 at 0xa00082bc
[35065.476470] PUF Read:0x00000000 at 0xa00082c0
[35065.476531] PUF Read:0x00000000 at 0xa00082c4
[35065.476562] PUF Read:0x10000000 at 0xa00082c8
[35065.476562] PUF Read:0x00000000 at 0xa00082cc
[35065.476562] PUF Read:0x00100000 at 0xa00082d0
[35065.476623] PUF Read:0x00000000 at 0xa00082d4
[35065.476623] PUF Read:0x40000000 at 0xa00082d8
[35065.476684] PUF Read:0x00004000 at 0xa00082dc
[35065.476715] PUF Read:0x00000000 at 0xa00082e0
[35065.476715] PUF Read:0x00000400 at 0xa00082e4
[35065.476715] PUF Read:0x00000100 at 0xa00082e8
[35065.476776] PUF Read:0x00000001 at 0xa00082ec
[35065.476776] PUF Read:0x00000001 at 0xa00082f0
[35065.476837] PUF Read:0x00000000 at 0xa00082f4
[35065.476837] PUF Read:0x00000000 at 0xa00082f8
[35065.476837] PUF Read:0x00000000 at 0xa00082fc
[35065.476837] PUF Read:0x00000100 at 0xa0008300
[35065.476837] PUF Read:0x00000000 at 0xa0008304
[35065.476837] PUF Read:0x00000000 at 0xa0008308
[35065.476989] PUF Read:0x00000000 at 0xa000830c
[35065.476989] PUF Read:0x00000000 at 0xa0008310
[35065.476989] PUF Read:0x00000010 at 0xa0008314
[35065.476989] PUF Read:0x01500000 at 0xa0008318
[35065.476989] PUF Read:0x10000000 at 0xa000831c
[35065.476989] PUF Read:0x00000000 at 0xa0008320
[35065.477142] PUF Read:0x00000100 at 0xa0008324
[35065.477142] PUF Read:0x00000000 at 0xa0008328
[35065.477142] PUF Read:0x00010000 at 0xa000832c
[35065.477142] PUF Read:0x00000004 at 0xa0008330
[35065.477142] PUF Read:0x00000100 at 0xa0008334
[35065.477142] PUF Read:0x00001000 at 0xa0008338
[35065.477294] PUF Read:0x00000000 at 0xa000833c
[35065.477294] PUF Read:0x10000100 at 0xa0008340
[35065.477294] PUF Read:0x00000001 at 0xa0008344
[35065.477294] PUF Read:0x00000000 at 0xa0008348
[35065.477294] PUF Read:0x00000100 at 0xa000834c
[35065.477294] PUF Read:0x00000000 at 0xa0008350
[35065.477447] PUF Read:0x00000000 at 0xa0008354
[35065.477447] PUF Read:0x00000000 at 0xa0008358
[35065.477508] PUF Read:0x00000000 at 0xa000835c
[35065.477508] PUF Read:0x00014000 at 0xa0008360
[35065.477508] PUF Read:0x00000000 at 0xa0008364
[35065.477569] PUF Read:0x00000000 at 0xa0008368
[35065.477600] PUF Read:0x00000400 at 0xa000836c
[35065.477600] PUF Read:0x00000000 at 0xa0008370
[35065.477600] PUF Read:0x00000000 at 0xa0008374
[35065.477661] PUF Read:0x40000000 at 0xa0008378
[35065.477661] PUF Read:0x00000040 at 0xa000837c
[35065.477661] PUF Read:0x00000000 at 0xa0008380
[35065.477752] PUF Read:0x00000000 at 0xa0008384
[35065.477783] PUF Read:0x00000000 at 0xa0008388
[35065.477783] PUF Read:0x00000000 at 0xa000838c
[35065.477783] PUF Read:0x00000001 at 0xa0008390
[35065.477844] PUF Read:0x00000100 at 0xa0008394
[35065.477844] PUF Read:0x10000000 at 0xa0008398
[35065.477905] PUF Read:0x00000000 at 0xa000839c
[35065.477935] PUF Read:0x00000000 at 0xa00083a0
[35065.477935] PUF Read:0x00000000 at 0xa00083a4
[35065.477935] PUF Read:0x00000000 at 0xa00083a8
[35065.477996] PUF Read:0x00001000 at 0xa00083ac
[35065.477996] PUF Read:0x00000000 at 0xa00083b0
[35065.478057] PUF Read:0x00000000 at 0xa00083b4
[35065.478088] PUF Read:0x00000000 at 0xa00083b8
[35065.478088] PUF Read:0x00000000 at 0xa00083bc
[35065.478088] PUF Read:0x00000040 at 0xa00083c0
[35065.478149] PUF Read:0x04000000 at 0xa00083c4
[35065.478149] PUF Read:0x00000000 at 0xa00083c8
[35065.478210] PUF Read:0x00000000 at 0xa00083cc
[35065.478240] PUF Read:0x00000000 at 0xa00083d0
[35065.478240] PUF Read:0x00010000 at 0xa00083d4
[35065.478302] PUF Read:0x00000000 at 0xa00083d8
[35065.478302] PUF Read:0x00000000 at 0xa00083dc
[35065.478302] PUF Read:0x00140000 at 0xa00083e0
[35065.478363] PUF Read:0x10000000 at 0xa00083e4
[35065.478393] PUF Read:0x00000000 at 0xa00083e8
[35065.478393] PUF Read:0x00000000 at 0xa00083ec
[35065.478393] PUF Read:0x00000400 at 0xa00083f0
[35065.478454] PUF Read:0x04000000 at 0xa00083f4
[35065.478454] PUF Read:0x00000004 at 0xa00083f8
[35065.478515] PUF Read:0x00040000 at 0xa00083fc
[35065.478546] [i] Finished PUF read-out
[35065.478546] <6>[i] Finished PUF query for decaytime: 15360
[35065.478546] End measurement:13
[35065.478576] [i] Start measurement: 14
[35065.478576] [i] Start decaytime: 60
[35065.478576] EMIF 2 REG Write 0x80000000 at 0x4d000010
[35065.478607] EMIF 2 REG Read 0x80000000 at 0x4d000010
[35065.478607] EMIF 2 REG Write 0x80000000 at 0x4d000014
[35065.478637] EMIF 2 REG Read 0x00000000 at 0x4d000014
[35065.478637] EMIF 2 REG Write 0x08016893 at 0x4d0000cc
[35065.478668] EMIF 2 REG Read 0x08016893 at 0x4d0000cc
[35065.478668] Temp polling alert disabled
[35065.478668] Refresh Disabled at EMIF2
[35065.478668] [i] Initialiting PUF & hammer rows
[35065.478698] [i] Single-Sided Rowhammer (SSRH)
[35065.485473] [i] Finished initialiting PUF & hammer rows
[35065.485473] [i]	Timer elapsed since its reset 0 sec
[35065.485504] [i] Decay: 60 sec
[35065.485504] [i]	Relative Decay: 0 msec
