[65600.526916] [i] Total hammer attempts per row: 1865133
[65600.526947] EMIF 2 REG Write 0x00000618 at 0x4d000010
[65600.526947] EMIF 2 REG Read 0x00000618 at 0x4d000010
[65600.526977] EMIF 2 REG Write 0x00000618 at 0x4d000014
[65600.526977] EMIF 2 REG Read 0x00000618 at 0x4d000014
[65600.527008] EMIF 2 REG Write 0x58016893 at 0x4d0000cc
[65600.527008] EMIF 2 REG Read 0x58016893 at 0x4d0000cc
[65600.527008] Temp polling alert enabled
[65600.527038] Refresh enabled at EMIF2
[65600.527038] [i] Starting PUF read-out
[65600.527038] [i] Single-Sided Rowhammer (SSRH)
[65600.527069] PUF Read:0xaaaaaaaa at 0xa0008000
[65600.527099] PUF Read:0xaaaaaaaa at 0xa0008004
[65600.527130] PUF Read:0xaaaaaaaa at 0xa0008008
[65600.527130] PUF Read:0xaaaaaaaa at 0xa000800c
[65600.527130] PUF Read:0xaaaaaaaa at 0xa0008010
[65600.527130] PUF Read:0xaaaaabaa at 0xa0008014
[65600.527130] PUF Read:0xaaaaaaaa at 0xa0008018
[65600.527130] PUF Read:0xaaaaaaaa at 0xa000801c
[65600.527130] PUF Read:0xaaaaaaaa at 0xa0008020
[65600.527313] PUF Read:0xaaaaaaaa at 0xa0008024
[65600.527343] PUF Read:0xaaaaaaaa at 0xa0008028
[65600.527343] PUF Read:0xaaaaaaaa at 0xa000802c
[65600.527343] PUF Read:0xaaaaaaaa at 0xa0008030
[65600.527404] PUF Read:0xaaaaaaaa at 0xa0008034
[65600.527404] PUF Read:0xaaaaaaaa at 0xa0008038
[65600.527465] PUF Read:0xaaaaaaaa at 0xa000803c
[65600.527496] PUF Read:0xaaaaaaab at 0xa0008040
[65600.527496] PUF Read:0xaaaaeaaa at 0xa0008044
[65600.527496] PUF Read:0xaaaaaaaa at 0xa0008048
[65600.527557] PUF Read:0xaaaaaaaa at 0xa000804c
[65600.527557] PUF Read:0xaaaaaaaa at 0xa0008050
[65600.527618] PUF Read:0xaaaaaaaa at 0xa0008054
[65600.527648] PUF Read:0xaaaaaaaa at 0xa0008058
[65600.527648] PUF Read:0xaaaaaaaa at 0xa000805c
[65600.527709] PUF Read:0xaaaaaaaa at 0xa0008060
[65600.527709] PUF Read:0xaaaaaaaa at 0xa0008064
[65600.527709] PUF Read:0xaaaaaaaa at 0xa0008068
[65600.527709] PUF Read:0xaaaaaaaa at 0xa000806c
[65600.527801] PUF Read:0xaaaaaaaa at 0xa0008070
[65600.527801] PUF Read:0xaaaaaaaa at 0xa0008074
[65600.527801] PUF Read:0xaaaaaaaa at 0xa0008078
[65600.527801] PUF Read:0xaaaaaaaa at 0xa000807c
[65600.527801] PUF Read:0xaaaaaaaa at 0xa0008080
[65600.527801] PUF Read:0xaaaaaaaa at 0xa0008084
[65600.527954] PUF Read:0xaaaaaaaa at 0xa0008088
[65600.527954] PUF Read:0xaaaaaaaa at 0xa000808c
[65600.527954] PUF Read:0xaaaa8aaa at 0xa0008090
[65600.527954] PUF Read:0xaaaaaaaa at 0xa0008094
[65600.528045] PUF Read:0xaaabaaaa at 0xa0008098
[65600.528045] PUF Read:0xaaaaaaaa at 0xa000809c
[65600.528106] PUF Read:0xaaaaaaaa at 0xa00080a0
[65600.528137] PUF Read:0xaaaaaaaa at 0xa00080a4
[65600.528137] PUF Read:0xaaaaaaaa at 0xa00080a8
[65600.528137] PUF Read:0xaaaaaaaa at 0xa00080ac
[65600.528198] PUF Read:0xaaaaaaaa at 0xa00080b0
[65600.528198] PUF Read:0xaa2aaaaa at 0xa00080b4
[65600.528259] PUF Read:0xaaaaaaaa at 0xa00080b8
[65600.528289] PUF Read:0x8aaaaaaa at 0xa00080bc
[65600.528289] PUF Read:0xaaaaaaaa at 0xa00080c0
[65600.528289] PUF Read:0xaaaaaaaa at 0xa00080c4
[65600.528350] PUF Read:0xaaa2aaaa at 0xa00080c8
[65600.528350] PUF Read:0xaaaaaaaa at 0xa00080cc
[65600.528411] PUF Read:0xaaaaaaaa at 0xa00080d0
[65600.528442] PUF Read:0xaaaaaaaa at 0xa00080d4
[65600.528442] PUF Read:0xaaaaaaaa at 0xa00080d8
[65600.528442] PUF Read:0xaaaaaaaa at 0xa00080dc
[65600.528442] PUF Read:0xaaaaaaaa at 0xa00080e0
[65600.528442] PUF Read:0xaaaaaaaa at 0xa00080e4
[65600.528442] PUF Read:0xaaaaaaaa at 0xa00080e8
[65600.528594] PUF Read:0xaaaaaaab at 0xa00080ec
[65600.528594] PUF Read:0x8aaaaaaa at 0xa00080f0
[65600.528594] PUF Read:0xaaaaaaaa at 0xa00080f4
[65600.528594] PUF Read:0xaaaaaaaa at 0xa00080f8
[65600.528594] PUF Read:0xaaaaaaaa at 0xa00080fc
[65600.528594] PUF Read:0xaaaaaaaa at 0xa0008100
[65600.528747] PUF Read:0xaaaaaaaa at 0xa0008104
[65600.528747] PUF Read:0xaaaaaaaa at 0xa0008108
[65600.528747] PUF Read:0xaaaaaaaa at 0xa000810c
[65600.528747] PUF Read:0xaaaaaaaa at 0xa0008110
[65600.528839] PUF Read:0xaaaaaaaa at 0xa0008114
[65600.528839] PUF Read:0xaaaaaaaa at 0xa0008118
[65600.528900] PUF Read:0xaaaaaaaa at 0xa000811c
[65600.528930] PUF Read:0xaaaaaaaa at 0xa0008120
[65600.528930] PUF Read:0xaaaaaaaa at 0xa0008124
[65600.528930] PUF Read:0xaaaaaaaa at 0xa0008128
[65600.528991] PUF Read:0xaaaaaaaa at 0xa000812c
[65600.528991] PUF Read:0xaaaaaaaa at 0xa0008130
[65600.529052] PUF Read:0xaaaaaaaa at 0xa0008134
[65600.529083] PUF Read:0xaa8aaaaa at 0xa0008138
[65600.529083] PUF Read:0xaaaaaaaa at 0xa000813c
[65600.529083] PUF Read:0xaaaaaaaa at 0xa0008140
[65600.529144] PUF Read:0xaaaaaaaa at 0xa0008144
[65600.529144] PUF Read:0xaabaaeaa at 0xa0008148
[65600.529205] PUF Read:0xaaaaaaaa at 0xa000814c
[65600.529235] PUF Read:0xaaaaaaaa at 0xa0008150
[65600.529235] PUF Read:0xaaaaaaaa at 0xa0008154
[65600.529235] PUF Read:0xaaaaaaaa at 0xa0008158
[65600.529296] PUF Read:0xaaaaaaea at 0xa000815c
[65600.529296] PUF Read:0xaaaaaaaa at 0xa0008160
[65600.529357] PUF Read:0xaaaaaaaa at 0xa0008164
[65600.529388] PUF Read:0xaaaaaaaa at 0xa0008168
[65600.529388] PUF Read:0xaaaaaaaa at 0xa000816c
[65600.529388] PUF Read:0xaaaaaaaa at 0xa0008170
[65600.529388] PUF Read:0xaaaaaaaa at 0xa0008174
[65600.529479] PUF Read:0xaaaaaaaa at 0xa0008178
[65600.529479] PUF Read:0xaaaaaaaa at 0xa000817c
[65600.529541] PUF Read:0xaaaaaa2a at 0xa0008180
[65600.529571] PUF Read:0xaaaaaaaa at 0xa0008184
[65600.529571] PUF Read:0xaaaaaaaa at 0xa0008188
[65600.529632] PUF Read:0xaaaaaaaa at 0xa000818c
[65600.529632] PUF Read:0xaaaaaaaa at 0xa0008190
[65600.529632] PUF Read:0xaaaaaaaa at 0xa0008194
[65600.529632] PUF Read:0xaaaaaaaa at 0xa0008198
[65600.529724] PUF Read:0xaaaaaaaa at 0xa000819c
[65600.529724] PUF Read:0xaaaaaaaa at 0xa00081a0
[65600.529724] PUF Read:0xaaaaaaaa at 0xa00081a4
[65600.529724] PUF Read:0xaaaaaaaa at 0xa00081a8
[65600.529815] PUF Read:0xaaaaaaaa at 0xa00081ac
[65600.529815] PUF Read:0xaaeaaaaa at 0xa00081b0
[65600.529876] PUF Read:0xaaaaaaaa at 0xa00081b4
[65600.529907] PUF Read:0xaaaaaaaa at 0xa00081b8
[65600.529907] PUF Read:0xaaaaaaaa at 0xa00081bc
[65600.529968] PUF Read:0xaaaaaaaa at 0xa00081c0
[65600.529968] PUF Read:0xaaaaaaae at 0xa00081c4
[65600.529968] PUF Read:0xaaaaaaaa at 0xa00081c8
[65600.529968] PUF Read:0xaaaaaaaa at 0xa00081cc
[65600.530059] PUF Read:0xbaaaaaaa at 0xa00081d0
[65600.530059] PUF Read:0xaaaaaaaa at 0xa00081d4
[65600.530059] PUF Read:0xaaaaaaaa at 0xa00081d8
[65600.530059] PUF Read:0xaaaaaaaa at 0xa00081dc
[65600.530059] PUF Read:0xaaaaaaaa at 0xa00081e0
[65600.530059] PUF Read:0xaaaaaaaa at 0xa00081e4
[65600.530212] PUF Read:0xaaaaaaaa at 0xa00081e8
[65600.530242] PUF Read:0xaa2aaaaa at 0xa00081ec
[65600.530242] PUF Read:0xaaaaaaaa at 0xa00081f0
[65600.530242] PUF Read:0xaaaaaeaa at 0xa00081f4
[65600.530303] PUF Read:0xaaaaaaa2 at 0xa00081f8
[65600.530303] PUF Read:0xaaaaaaaa at 0xa00081fc
[65600.530364] PUF Read:0xaaaaaaaa at 0xa0008200
[65600.530395] PUF Read:0xaaaaaaaa at 0xa0008204
[65600.530395] PUF Read:0xaaaaaaaa at 0xa0008208
[65600.530395] PUF Read:0xa8aaaaaa at 0xa000820c
[65600.530456] PUF Read:0xaaaaaaaa at 0xa0008210
[65600.530456] PUF Read:0xaaaaaaaa at 0xa0008214
[65600.530517] PUF Read:0xaaaaaaaa at 0xa0008218
[65600.530548] PUF Read:0xaaaaaaaa at 0xa000821c
[65600.530548] PUF Read:0xaaaaaaaa at 0xa0008220
[65600.530609] PUF Read:0xaaaaaaaa at 0xa0008224
[65600.530609] PUF Read:0xaaaaaaaa at 0xa0008228
[65600.530609] PUF Read:0xaaaaaaaa at 0xa000822c
[65600.530609] PUF Read:0xaaaaaaaa at 0xa0008230
[65600.530700] PUF Read:0xaaaaaaaa at 0xa0008234
[65600.530700] PUF Read:0xaaaaaaaa at 0xa0008238
[65600.530700] PUF Read:0xaaaaaaaa at 0xa000823c
[65600.530700] PUF Read:0xaaaaaaaa at 0xa0008240
[65600.530792] PUF Read:0xaaaaaaaa at 0xa0008244
[65600.530792] PUF Read:0xaaaaaaaa at 0xa0008248
[65600.530853] PUF Read:0xaaaaaaaa at 0xa000824c
[65600.530883] PUF Read:0xaaaaaaaa at 0xa0008250
[65600.530883] PUF Read:0xaaaaaaaa at 0xa0008254
[65600.530883] PUF Read:0xaaaaaaaa at 0xa0008258
[65600.530944] PUF Read:0xaaaaaaaa at 0xa000825c
[65600.530944] PUF Read:0xaaaaaaaa at 0xa0008260
[65600.530944] PUF Read:0xaaaaaaaa at 0xa0008264
[65600.531036] PUF Read:0xaaaaaaaa at 0xa0008268
[65600.531036] PUF Read:0xaaaaaaaa at 0xa000826c
[65600.531036] PUF Read:0xaaaaaaaa at 0xa0008270
[65600.531036] PUF Read:0xaaaaaaaa at 0xa0008274
[65600.531036] PUF Read:0xaaaaaaaa at 0xa0008278
[65600.531036] PUF Read:0xaaaaaaaa at 0xa000827c
[65600.531188] PUF Read:0xaaaaaaaa at 0xa0008280
[65600.531219] PUF Read:0xaaaaaaaa at 0xa0008284
[65600.531219] PUF Read:0xaaaaaaaa at 0xa0008288
[65600.531219] PUF Read:0xaaaaaaaa at 0xa000828c
[65600.531280] PUF Read:0xaaaaaaaa at 0xa0008290
[65600.531280] PUF Read:0xaaaaaaaa at 0xa0008294
[65600.531341] PUF Read:0xaaaaaaaa at 0xa0008298
[65600.531372] PUF Read:0xaaaaaaaa at 0xa000829c
[65600.531372] PUF Read:0xaaaaaaaa at 0xa00082a0
[65600.531372] PUF Read:0xaaaaaaaa at 0xa00082a4
[65600.531433] PUF Read:0xaaaaaaaa at 0xa00082a8
[65600.531433] PUF Read:0xaaaaaaaa at 0xa00082ac
[65600.531494] PUF Read:0xaaaaaaaa at 0xa00082b0
[65600.531524] PUF Read:0xaaaaaaaa at 0xa00082b4
[65600.531524] PUF Read:0xaaaaaaea at 0xa00082b8
[65600.531524] PUF Read:0xaaaaaaaa at 0xa00082bc
[65600.531524] PUF Read:0xaaaaaaaa at 0xa00082c0
[65600.531524] PUF Read:0xaaaaaaaa at 0xa00082c4
[65600.531524] PUF Read:0xbaaaaaaa at 0xa00082c8
[65600.531677] PUF Read:0xaaaaaaaa at 0xa00082cc
[65600.531677] PUF Read:0xaaaaaaaa at 0xa00082d0
[65600.531677] PUF Read:0xaaaaaaaa at 0xa00082d4
[65600.531677] PUF Read:0xaaaaaaaa at 0xa00082d8
[65600.531768] PUF Read:0xaaaaaaaa at 0xa00082dc
[65600.531768] PUF Read:0xaaaaaaaa at 0xa00082e0
[65600.531829] PUF Read:0xaaaaaeaa at 0xa00082e4
[65600.531860] PUF Read:0xaaaaaaaa at 0xa00082e8
[65600.531860] PUF Read:0xaaaaaaaa at 0xa00082ec
[65600.531860] PUF Read:0xaaaaaaaa at 0xa00082f0
[65600.531921] PUF Read:0xaaaaaaaa at 0xa00082f4
[65600.531921] PUF Read:0xaaaaaaaa at 0xa00082f8
[65600.531982] PUF Read:0xaaaaaaaa at 0xa00082fc
[65600.532012] PUF Read:0xaaaaaaaa at 0xa0008300
[65600.532012] PUF Read:0xaaaaaaaa at 0xa0008304
[65600.532012] PUF Read:0xaaaaaaaa at 0xa0008308
[65600.532073] PUF Read:0xaaaaaaaa at 0xa000830c
[65600.532073] PUF Read:0xaaaaaaaa at 0xa0008310
[65600.532135] PUF Read:0xaaaaaaaa at 0xa0008314
[65600.532165] PUF Read:0xaaaaaaaa at 0xa0008318
[65600.532165] PUF Read:0xbaaaaaaa at 0xa000831c
[65600.532226] PUF Read:0xaaaaaaaa at 0xa0008320
[65600.532226] PUF Read:0xaaaaaaaa at 0xa0008324
[65600.532226] PUF Read:0xaaaaaaaa at 0xa0008328
[65600.532226] PUF Read:0xaaaaaaaa at 0xa000832c
[65600.532318] PUF Read:0xaaaaaaae at 0xa0008330
[65600.532318] PUF Read:0xaaaaaaaa at 0xa0008334
[65600.532318] PUF Read:0xaaaaaaaa at 0xa0008338
[65600.532318] PUF Read:0xaaaaaaaa at 0xa000833c
[65600.532318] PUF Read:0xaaaaaaaa at 0xa0008340
[65600.532318] PUF Read:0xaaaaaaaa at 0xa0008344
[65600.532470] PUF Read:0xaaaaaaaa at 0xa0008348
[65600.532470] PUF Read:0xaaaaaaaa at 0xa000834c
[65600.532470] PUF Read:0xaaaaaa8a at 0xa0008350
[65600.532470] PUF Read:0xaaaaaaaa at 0xa0008354
[65600.532562] PUF Read:0xaaaaaaaa at 0xa0008358
[65600.532562] PUF Read:0xaaaaaaaa at 0xa000835c
[65600.532623] PUF Read:0xaaabaaaa at 0xa0008360
[65600.532653] PUF Read:0xaaaaaaaa at 0xa0008364
[65600.532653] PUF Read:0xaaaaaaaa at 0xa0008368
[65600.532714] PUF Read:0xaaaaaaaa at 0xa000836c
[65600.532714] PUF Read:0xaaaaaaaa at 0xa0008370
[65600.532714] PUF Read:0xaaaaaaaa at 0xa0008374
[65600.532775] PUF Read:0xaaaaaaaa at 0xa0008378
[65600.532806] PUF Read:0xaaaaaaaa at 0xa000837c
[65600.532806] PUF Read:0xaaaaaaaa at 0xa0008380
[65600.532806] PUF Read:0xaaaaaaaa at 0xa0008384
[65600.532806] PUF Read:0xaaaaaaaa at 0xa0008388
[65600.532806] PUF Read:0xaaaaaaaa at 0xa000838c
[65600.532806] PUF Read:0xaaaaaaaa at 0xa0008390
[65600.532958] PUF Read:0xaaaaaaaa at 0xa0008394
[65600.532958] PUF Read:0xaaaaaaaa at 0xa0008398
[65600.532958] PUF Read:0xaaa2aaaa at 0xa000839c
[65600.532958] PUF Read:0xaaaaaaaa at 0xa00083a0
[65600.532958] PUF Read:0xaaaaaaaa at 0xa00083a4
[65600.532958] PUF Read:0xaaaaaaaa at 0xa00083a8
[65600.533111] PUF Read:0xaaaaaaaa at 0xa00083ac
[65600.533111] PUF Read:0xaaaaaaaa at 0xa00083b0
[65600.533111] PUF Read:0xaaaaaaaa at 0xa00083b4
[65600.533111] PUF Read:0xaaaaaaaa at 0xa00083b8
[65600.533111] PUF Read:0xaaaaaaaa at 0xa00083bc
[65600.533111] PUF Read:0xaaaaaaaa at 0xa00083c0
[65600.533264] PUF Read:0xaaaaaaaa at 0xa00083c4
[65600.533294] PUF Read:0xaaaaaaaa at 0xa00083c8
[65600.533294] PUF Read:0xaaaaaaaa at 0xa00083cc
[65600.533294] PUF Read:0xaaaaaaaa at 0xa00083d0
[65600.533355] PUF Read:0xaaabaaaa at 0xa00083d4
[65600.533355] PUF Read:0xaaaaaaaa at 0xa00083d8
[65600.533416] PUF Read:0xaaaaaaaa at 0xa00083dc
[65600.533447] PUF Read:0xaaaaaaaa at 0xa00083e0
[65600.533447] PUF Read:0xaaaaaaaa at 0xa00083e4
[65600.533447] PUF Read:0xaaaaaaaa at 0xa00083e8
[65600.533508] PUF Read:0xaaaaaaaa at 0xa00083ec
[65600.533508] PUF Read:0xaaaaaaaa at 0xa00083f0
[65600.533569] PUF Read:0xaaaaaaaa at 0xa00083f4
[65600.533599] PUF Read:0xaaaaaaae at 0xa00083f8
[65600.533599] PUF Read:0xaaaeaaaa at 0xa00083fc
[65600.533599] [i] Finished PUF read-out
[65600.533660] <6>[i] Finished PUF query for decaytime: 7680
[65600.533660] [i] Start decaytime: 120
[65600.533660] EMIF 2 REG Write 0x80000000 at 0x4d000010
[65600.533691] EMIF 2 REG Read 0x80000000 at 0x4d000010
[65600.533721] EMIF 2 REG Write 0x80000000 at 0x4d000014
[65600.533752] EMIF 2 REG Read 0x00000000 at 0x4d000014
[65600.533752] EMIF 2 REG Write 0x08016893 at 0x4d0000cc
[65600.533782] EMIF 2 REG Read 0x08016893 at 0x4d0000cc
[65600.533782] Temp polling alert disabled
[65600.533782] Refresh Disabled at EMIF2
[65600.533813] [i] Initialiting PUF & hammer rows
[65600.533813] [i] Single-Sided Rowhammer (SSRH)
[65600.533813] [i] Finished initialiting PUF & hammer rows
[65600.540527] [i]	Timer elapsed since its reset 0 sec
[65600.540527] [i] Decay: 120 sec
[65600.540527] [i]	Relative Decay: 0 msec
