[23346.800537] [i] Total hammer attempts per row: 3727806
[23346.800537] EMIF 2 REG Write 0x00000618 at 0x4d000010
[23346.800567] EMIF 2 REG Read 0x00000618 at 0x4d000010
[23346.800567] EMIF 2 REG Write 0x00000618 at 0x4d000014
[23346.800598] EMIF 2 REG Read 0x00000618 at 0x4d000014
[23346.800598] EMIF 2 REG Write 0x58016893 at 0x4d0000cc
[23346.800628] EMIF 2 REG Read 0x58016893 at 0x4d0000cc
[23346.800628] Temp polling alert enabled
[23346.800628] Refresh enabled at EMIF2
[23346.800659] [i] Starting PUF read-out
[23346.800659] [i] Single-Sided Rowhammer (SSRH)
[23346.800689] PUF Read:0x00000010 at 0xa0008000
[23346.800689] PUF Read:0x00000400 at 0xa0008004
[23346.800689] PUF Read:0x00000000 at 0xa0008008
[23346.800750] PUF Read:0x00000000 at 0xa000800c
[23346.800750] PUF Read:0x00000000 at 0xa0008010
[23346.800750] PUF Read:0x00000100 at 0xa0008014
[23346.800842] PUF Read:0x00000000 at 0xa0008018
[23346.800842] PUF Read:0x10400100 at 0xa000801c
[23346.800842] PUF Read:0x40000000 at 0xa0008020
[23346.800842] PUF Read:0x40004000 at 0xa0008024
[23346.800933] PUF Read:0x00004000 at 0xa0008028
[23346.800933] PUF Read:0x00000010 at 0xa000802c
[23346.800994] PUF Read:0x40000000 at 0xa0008030
[23346.801025] PUF Read:0x04000000 at 0xa0008034
[23346.801025] PUF Read:0x00000000 at 0xa0008038
[23346.801025] PUF Read:0x00000000 at 0xa000803c
[23346.801086] PUF Read:0x00000001 at 0xa0008040
[23346.801086] PUF Read:0x00004000 at 0xa0008044
[23346.801147] PUF Read:0x00000000 at 0xa0008048
[23346.801177] PUF Read:0x00000001 at 0xa000804c
[23346.801177] PUF Read:0x00000000 at 0xa0008050
[23346.801177] PUF Read:0x00000000 at 0xa0008054
[23346.801239] PUF Read:0x00000000 at 0xa0008058
[23346.801239] PUF Read:0x00000000 at 0xa000805c
[23346.801300] PUF Read:0x00000000 at 0xa0008060
[23346.801330] PUF Read:0x00100000 at 0xa0008064
[23346.801330] PUF Read:0x00000000 at 0xa0008068
[23346.801330] PUF Read:0x00000000 at 0xa000806c
[23346.801391] PUF Read:0x00000000 at 0xa0008070
[23346.801391] PUF Read:0x00000000 at 0xa0008074
[23346.801452] PUF Read:0x00000000 at 0xa0008078
[23346.801483] PUF Read:0x00010000 at 0xa000807c
[23346.801483] PUF Read:0x00010000 at 0xa0008080
[23346.801483] PUF Read:0x00000000 at 0xa0008084
[23346.801544] PUF Read:0x00000000 at 0xa0008088
[23346.801544] PUF Read:0x00000000 at 0xa000808c
[23346.801605] PUF Read:0x00000000 at 0xa0008090
[23346.801635] PUF Read:0x10000000 at 0xa0008094
[23346.801635] PUF Read:0x00410001 at 0xa0008098
[23346.801635] PUF Read:0x00000000 at 0xa000809c
[23346.801696] PUF Read:0x00000000 at 0xa00080a0
[23346.801696] PUF Read:0x00010000 at 0xa00080a4
[23346.801757] PUF Read:0x00010001 at 0xa00080a8
[23346.801788] PUF Read:0x00000041 at 0xa00080ac
[23346.801788] PUF Read:0x00000000 at 0xa00080b0
[23346.801788] PUF Read:0x00000000 at 0xa00080b4
[23346.801849] PUF Read:0x00004000 at 0xa00080b8
[23346.801849] PUF Read:0x00000000 at 0xa00080bc
[23346.801910] PUF Read:0x00000400 at 0xa00080c0
[23346.801940] PUF Read:0x00000000 at 0xa00080c4
[23346.801940] PUF Read:0x10100000 at 0xa00080c8
[23346.801940] PUF Read:0x01000000 at 0xa00080cc
[23346.802001] PUF Read:0x40044000 at 0xa00080d0
[23346.802001] PUF Read:0x00000000 at 0xa00080d4
[23346.802062] PUF Read:0x00001000 at 0xa00080d8
[23346.802093] PUF Read:0x00000000 at 0xa00080dc
[23346.802093] PUF Read:0x01000000 at 0xa00080e0
[23346.802093] PUF Read:0x00000000 at 0xa00080e4
[23346.802154] PUF Read:0x00000000 at 0xa00080e8
[23346.802154] PUF Read:0x00000001 at 0xa00080ec
[23346.802215] PUF Read:0x00000000 at 0xa00080f0
[23346.802246] PUF Read:0x00000000 at 0xa00080f4
[23346.802246] PUF Read:0x00000100 at 0xa00080f8
[23346.802246] PUF Read:0x00000000 at 0xa00080fc
[23346.802307] PUF Read:0x00000000 at 0xa0008100
[23346.802307] PUF Read:0x00000000 at 0xa0008104
[23346.802368] PUF Read:0x00000000 at 0xa0008108
[23346.802368] PUF Read:0x00000100 at 0xa000810c
[23346.802368] PUF Read:0x00000000 at 0xa0008110
[23346.802368] PUF Read:0x00400000 at 0xa0008114
[23346.802368] PUF Read:0x00000000 at 0xa0008118
[23346.802368] PUF Read:0x00000000 at 0xa000811c
[23346.802520] PUF Read:0x01000000 at 0xa0008120
[23346.802520] PUF Read:0x00000400 at 0xa0008124
[23346.802520] PUF Read:0x00000040 at 0xa0008128
[23346.802520] PUF Read:0x00000000 at 0xa000812c
[23346.802520] PUF Read:0x00000000 at 0xa0008130
[23346.802520] PUF Read:0x00000000 at 0xa0008134
[23346.802673] PUF Read:0x00010000 at 0xa0008138
[23346.802673] PUF Read:0x00000000 at 0xa000813c
[23346.802673] PUF Read:0x40000400 at 0xa0008140
[23346.802673] PUF Read:0x00000040 at 0xa0008144
[23346.802673] PUF Read:0x00100400 at 0xa0008148
[23346.802795] PUF Read:0x00000000 at 0xa000814c
[23346.802825] PUF Read:0x00000000 at 0xa0008150
[23346.802825] PUF Read:0x00000000 at 0xa0008154
[23346.802825] PUF Read:0x00000000 at 0xa0008158
[23346.802886] PUF Read:0x00100040 at 0xa000815c
[23346.802886] PUF Read:0x00001000 at 0xa0008160
[23346.802947] PUF Read:0x00000000 at 0xa0008164
[23346.802978] PUF Read:0x04000000 at 0xa0008168
[23346.802978] PUF Read:0x00400000 at 0xa000816c
[23346.803039] PUF Read:0x00000000 at 0xa0008170
[23346.803039] PUF Read:0x00100000 at 0xa0008174
[23346.803039] PUF Read:0x00000000 at 0xa0008178
[23346.803100] PUF Read:0x00004000 at 0xa000817c
[23346.803131] PUF Read:0x00000000 at 0xa0008180
[23346.803131] PUF Read:0x00000000 at 0xa0008184
[23346.803131] PUF Read:0x00040000 at 0xa0008188
[23346.803192] PUF Read:0x00000440 at 0xa000818c
[23346.803192] PUF Read:0x00000000 at 0xa0008190
[23346.803253] PUF Read:0x40000000 at 0xa0008194
[23346.803283] PUF Read:0x00000004 at 0xa0008198
[23346.803283] PUF Read:0x00000000 at 0xa000819c
[23346.803283] PUF Read:0x00000000 at 0xa00081a0
[23346.803344] PUF Read:0x00000000 at 0xa00081a4
[23346.803344] PUF Read:0x00000000 at 0xa00081a8
[23346.803344] PUF Read:0x00000040 at 0xa00081ac
[23346.803436] PUF Read:0x00410000 at 0xa00081b0
[23346.803436] PUF Read:0x00000000 at 0xa00081b4
[23346.803436] PUF Read:0x00000000 at 0xa00081b8
[23346.803436] PUF Read:0x00100000 at 0xa00081bc
[23346.803436] PUF Read:0x00000000 at 0xa00081c0
[23346.803436] PUF Read:0x00000004 at 0xa00081c4
[23346.803588] PUF Read:0x00000000 at 0xa00081c8
[23346.803588] PUF Read:0x00010000 at 0xa00081cc
[23346.803588] PUF Read:0x10000000 at 0xa00081d0
[23346.803588] PUF Read:0x00000000 at 0xa00081d4
[23346.803588] PUF Read:0x10000000 at 0xa00081d8
[23346.803588] PUF Read:0x00004000 at 0xa00081dc
[23346.803741] PUF Read:0x00000000 at 0xa00081e0
[23346.803741] PUF Read:0x00000040 at 0xa00081e4
[23346.803741] PUF Read:0x00000000 at 0xa00081e8
[23346.803741] PUF Read:0x00000010 at 0xa00081ec
[23346.803741] PUF Read:0x00000001 at 0xa00081f0
[23346.803741] PUF Read:0x00010400 at 0xa00081f4
[23346.803894] PUF Read:0x00000000 at 0xa00081f8
[23346.803894] PUF Read:0x00000040 at 0xa00081fc
[23346.803894] PUF Read:0x00000000 at 0xa0008200
[23346.803894] PUF Read:0x00000000 at 0xa0008204
[23346.803894] PUF Read:0x00000010 at 0xa0008208
[23346.803894] PUF Read:0x00000000 at 0xa000820c
[23346.804046] PUF Read:0x00400000 at 0xa0008210
[23346.804046] PUF Read:0x00000000 at 0xa0008214
[23346.804046] PUF Read:0x00000400 at 0xa0008218
[23346.804046] PUF Read:0x00000000 at 0xa000821c
[23346.804046] PUF Read:0x00000000 at 0xa0008220
[23346.804046] PUF Read:0x00100000 at 0xa0008224
[23346.804199] PUF Read:0x00000000 at 0xa0008228
[23346.804199] PUF Read:0x00000000 at 0xa000822c
[23346.804260] PUF Read:0x00000500 at 0xa0008230
[23346.804260] PUF Read:0x00400000 at 0xa0008234
[23346.804260] PUF Read:0x00000000 at 0xa0008238
[23346.804321] PUF Read:0x00000500 at 0xa000823c
[23346.804351] PUF Read:0x00000004 at 0xa0008240
[23346.804351] PUF Read:0x00000000 at 0xa0008244
[23346.804412] PUF Read:0x00040000 at 0xa0008248
[23346.804412] PUF Read:0x00000000 at 0xa000824c
[23346.804412] PUF Read:0x04000000 at 0xa0008250
[23346.804473] PUF Read:0x00100000 at 0xa0008254
[23346.804504] PUF Read:0x00000000 at 0xa0008258
[23346.804504] PUF Read:0x04040000 at 0xa000825c
[23346.804504] PUF Read:0x00000000 at 0xa0008260
[23346.804504] PUF Read:0x00001010 at 0xa0008264
[23346.804504] PUF Read:0x00000400 at 0xa0008268
[23346.804626] PUF Read:0x00000000 at 0xa000826c
[23346.804656] PUF Read:0x00001000 at 0xa0008270
[23346.804656] PUF Read:0x00000000 at 0xa0008274
[23346.804656] PUF Read:0x00000040 at 0xa0008278
[23346.804718] PUF Read:0x00100000 at 0xa000827c
[23346.804718] PUF Read:0x40000000 at 0xa0008280
[23346.804779] PUF Read:0x00000000 at 0xa0008284
[23346.804809] PUF Read:0x00400000 at 0xa0008288
[23346.804809] PUF Read:0x00000000 at 0xa000828c
[23346.804870] PUF Read:0x00000000 at 0xa0008290
[23346.804870] PUF Read:0x00000010 at 0xa0008294
[23346.804870] PUF Read:0x00000000 at 0xa0008298
[23346.804870] PUF Read:0x00000000 at 0xa000829c
[23346.804962] PUF Read:0x00000000 at 0xa00082a0
[23346.804992] PUF Read:0x00001000 at 0xa00082a4
[23346.804992] PUF Read:0x00000000 at 0xa00082a8
[23346.804992] PUF Read:0x00000000 at 0xa00082ac
[23346.805053] PUF Read:0x00000000 at 0xa00082b0
[23346.805053] PUF Read:0x00000000 at 0xa00082b4
[23346.805114] PUF Read:0x00000040 at 0xa00082b8
[23346.805145] PUF Read:0x00000000 at 0xa00082bc
[23346.805145] PUF Read:0x10000000 at 0xa00082c0
[23346.805145] PUF Read:0x00000000 at 0xa00082c4
[23346.805206] PUF Read:0x10000000 at 0xa00082c8
[23346.805206] PUF Read:0x00000000 at 0xa00082cc
[23346.805267] PUF Read:0x00100000 at 0xa00082d0
[23346.805297] PUF Read:0x00000000 at 0xa00082d4
[23346.805297] PUF Read:0x40000000 at 0xa00082d8
[23346.805297] PUF Read:0x00004000 at 0xa00082dc
[23346.805358] PUF Read:0x00000000 at 0xa00082e0
[23346.805358] PUF Read:0x00000400 at 0xa00082e4
[23346.805419] PUF Read:0x00000100 at 0xa00082e8
[23346.805419] PUF Read:0x00000001 at 0xa00082ec
[23346.805419] PUF Read:0x00000001 at 0xa00082f0
[23346.805419] PUF Read:0x00000000 at 0xa00082f4
[23346.805419] PUF Read:0x00000000 at 0xa00082f8
[23346.805419] PUF Read:0x00000000 at 0xa00082fc
[23346.805572] PUF Read:0x00000100 at 0xa0008300
[23346.805572] PUF Read:0x00000000 at 0xa0008304
[23346.805572] PUF Read:0x00000000 at 0xa0008308
[23346.805572] PUF Read:0x00000000 at 0xa000830c
[23346.805572] PUF Read:0x00000000 at 0xa0008310
[23346.805572] PUF Read:0x00000010 at 0xa0008314
[23346.805725] PUF Read:0x01500000 at 0xa0008318
[23346.805725] PUF Read:0x10000000 at 0xa000831c
[23346.805725] PUF Read:0x00000000 at 0xa0008320
[23346.805725] PUF Read:0x00000100 at 0xa0008324
[23346.805725] PUF Read:0x00000000 at 0xa0008328
[23346.805725] PUF Read:0x00010000 at 0xa000832c
[23346.805877] PUF Read:0x00000004 at 0xa0008330
[23346.805877] PUF Read:0x00000100 at 0xa0008334
[23346.805877] PUF Read:0x00001000 at 0xa0008338
[23346.805877] PUF Read:0x00000000 at 0xa000833c
[23346.805877] PUF Read:0x10000100 at 0xa0008340
[23346.805877] PUF Read:0x00000001 at 0xa0008344
[23346.806030] PUF Read:0x00000000 at 0xa0008348
[23346.806030] PUF Read:0x00000100 at 0xa000834c
[23346.806030] PUF Read:0x00000000 at 0xa0008350
[23346.806030] PUF Read:0x00000000 at 0xa0008354
[23346.806030] PUF Read:0x00000000 at 0xa0008358
[23346.806030] PUF Read:0x00001000 at 0xa000835c
[23346.806182] PUF Read:0x00010000 at 0xa0008360
[23346.806182] PUF Read:0x00000000 at 0xa0008364
[23346.806182] PUF Read:0x04000000 at 0xa0008368
[23346.806182] PUF Read:0x00000400 at 0xa000836c
[23346.806182] PUF Read:0x00000000 at 0xa0008370
[23346.806182] PUF Read:0x00000000 at 0xa0008374
[23346.806335] PUF Read:0x40010000 at 0xa0008378
[23346.806335] PUF Read:0x00000040 at 0xa000837c
[23346.806335] PUF Read:0x00000000 at 0xa0008380
[23346.806335] PUF Read:0x00000000 at 0xa0008384
[23346.806335] PUF Read:0x00000000 at 0xa0008388
[23346.806335] PUF Read:0x00000000 at 0xa000838c
[23346.806488] PUF Read:0x00000001 at 0xa0008390
[23346.806488] PUF Read:0x00000100 at 0xa0008394
[23346.806488] PUF Read:0x10000000 at 0xa0008398
[23346.806488] PUF Read:0x00000004 at 0xa000839c
[23346.806488] PUF Read:0x00004000 at 0xa00083a0
[23346.806488] PUF Read:0x00000000 at 0xa00083a4
[23346.806640] PUF Read:0x40100000 at 0xa00083a8
[23346.806640] PUF Read:0x00001000 at 0xa00083ac
[23346.806640] PUF Read:0x00000000 at 0xa00083b0
[23346.806640] PUF Read:0x00000000 at 0xa00083b4
[23346.806640] PUF Read:0x00000000 at 0xa00083b8
[23346.806640] PUF Read:0x00000000 at 0xa00083bc
[23346.806793] PUF Read:0x00000040 at 0xa00083c0
[23346.806793] PUF Read:0x04000000 at 0xa00083c4
[23346.806793] PUF Read:0x00000000 at 0xa00083c8
[23346.806793] PUF Read:0x00000000 at 0xa00083cc
[23346.806793] PUF Read:0x00000000 at 0xa00083d0
[23346.806793] PUF Read:0x00010000 at 0xa00083d4
[23346.806945] PUF Read:0x00000000 at 0xa00083d8
[23346.806945] PUF Read:0x00000000 at 0xa00083dc
[23346.806945] PUF Read:0x00140000 at 0xa00083e0
[23346.806945] PUF Read:0x10000000 at 0xa00083e4
[23346.806945] PUF Read:0x04000000 at 0xa00083e8
[23346.806945] PUF Read:0x00000000 at 0xa00083ec
[23346.807098] PUF Read:0x00000400 at 0xa00083f0
[23346.807098] PUF Read:0x04000000 at 0xa00083f4
[23346.807159] PUF Read:0x00000004 at 0xa00083f8
[23346.807189] PUF Read:0x00040000 at 0xa00083fc
[23346.807189] [i] Finished PUF read-out
[23346.807189] <6>[i] Finished PUF query for decaytime: 15360
[23346.807189] End measurement:8
[23346.807281] [i] Start measurement: 9
[23346.807281] [i] Start decaytime: 60
[23346.807281] EMIF 2 REG Write 0x80000000 at 0x4d000010
[23346.807312] EMIF 2 REG Read 0x80000000 at 0x4d000010
[23346.807312] EMIF 2 REG Write 0x80000000 at 0x4d000014
[23346.807342] EMIF 2 REG Read 0x00000000 at 0x4d000014
[23346.807342] EMIF 2 REG Write 0x08016893 at 0x4d0000cc
[23346.807342] EMIF 2 REG Read 0x08016893 at 0x4d0000cc
[23346.807373] Temp polling alert disabled
[23346.807373] Refresh Disabled at EMIF2
[23346.807373] [i] Initialiting PUF & hammer rows
[23346.807403] [i] Single-Sided Rowhammer (SSRH)
[23346.807403] [i] Finished initialiting PUF & hammer rows
[23346.807403] [i]	Timer elapsed since its reset 0 sec
[23346.807403] [i] Decay: 60 sec
[23346.814086] [i]	Relative Decay: 0 msec
