[11448.190002] [i] Total hammer attempts per row: 3725572
[11448.190032] EMIF 2 REG Write 0x00000618 at 0x4d000010
[11448.190032] EMIF 2 REG Read 0x00000618 at 0x4d000010
[11448.190063] EMIF 2 REG Write 0x00000618 at 0x4d000014
[11448.190063] EMIF 2 REG Read 0x00000618 at 0x4d000014
[11448.190093] EMIF 2 REG Write 0x58016893 at 0x4d0000cc
[11448.190093] EMIF 2 REG Read 0x58016893 at 0x4d0000cc
[11448.190124] Temp polling alert enabled
[11448.190124] Refresh enabled at EMIF2
[11448.190124] [i] Starting PUF read-out
[11448.190124] [i] Single-Sided Rowhammer (SSRH)
[11448.190155] PUF Read:0x00000010 at 0xa0008000
[11448.190155] PUF Read:0x00000400 at 0xa0008004
[11448.190216] PUF Read:0x00000000 at 0xa0008008
[11448.190246] PUF Read:0x00000000 at 0xa000800c
[11448.190246] PUF Read:0x00000000 at 0xa0008010
[11448.190246] PUF Read:0x00000100 at 0xa0008014
[11448.190246] PUF Read:0x00000000 at 0xa0008018
[11448.190338] PUF Read:0x10400100 at 0xa000801c
[11448.190338] PUF Read:0x40000000 at 0xa0008020
[11448.190399] PUF Read:0x40004000 at 0xa0008024
[11448.190429] PUF Read:0x00004000 at 0xa0008028
[11448.190429] PUF Read:0x00000010 at 0xa000802c
[11448.190429] PUF Read:0x40000000 at 0xa0008030
[11448.190429] PUF Read:0x04000000 at 0xa0008034
[11448.190521] PUF Read:0x00004000 at 0xa0008038
[11448.190521] PUF Read:0x00000000 at 0xa000803c
[11448.190582] PUF Read:0x00000001 at 0xa0008040
[11448.190612] PUF Read:0x00004000 at 0xa0008044
[11448.190612] PUF Read:0x40000000 at 0xa0008048
[11448.190612] PUF Read:0x00000001 at 0xa000804c
[11448.190612] PUF Read:0x00000000 at 0xa0008050
[11448.190612] PUF Read:0x00000000 at 0xa0008054
[11448.190612] PUF Read:0x00000000 at 0xa0008058
[11448.190765] PUF Read:0x00000000 at 0xa000805c
[11448.190765] PUF Read:0x00000000 at 0xa0008060
[11448.190765] PUF Read:0x00100000 at 0xa0008064
[11448.190765] PUF Read:0x00000000 at 0xa0008068
[11448.190856] PUF Read:0x00000000 at 0xa000806c
[11448.190856] PUF Read:0x00000010 at 0xa0008070
[11448.190917] PUF Read:0x00000000 at 0xa0008074
[11448.190948] PUF Read:0x00000000 at 0xa0008078
[11448.190948] PUF Read:0x00010000 at 0xa000807c
[11448.190948] PUF Read:0x00010001 at 0xa0008080
[11448.191009] PUF Read:0x00000000 at 0xa0008084
[11448.191009] PUF Read:0x00000000 at 0xa0008088
[11448.191070] PUF Read:0x00000000 at 0xa000808c
[11448.191101] PUF Read:0x00000000 at 0xa0008090
[11448.191101] PUF Read:0x10000000 at 0xa0008094
[11448.191101] PUF Read:0x00410001 at 0xa0008098
[11448.191162] PUF Read:0x00000000 at 0xa000809c
[11448.191162] PUF Read:0x00000000 at 0xa00080a0
[11448.191223] PUF Read:0x00010000 at 0xa00080a4
[11448.191253] PUF Read:0x00010001 at 0xa00080a8
[11448.191253] PUF Read:0x00000041 at 0xa00080ac
[11448.191253] PUF Read:0x00000000 at 0xa00080b0
[11448.191314] PUF Read:0x00000000 at 0xa00080b4
[11448.191314] PUF Read:0x00004000 at 0xa00080b8
[11448.191375] PUF Read:0x00000000 at 0xa00080bc
[11448.191406] PUF Read:0x00000400 at 0xa00080c0
[11448.191406] PUF Read:0x00000000 at 0xa00080c4
[11448.191406] PUF Read:0x10100000 at 0xa00080c8
[11448.191467] PUF Read:0x01000000 at 0xa00080cc
[11448.191467] PUF Read:0x40045000 at 0xa00080d0
[11448.191528] PUF Read:0x00000000 at 0xa00080d4
[11448.191558] PUF Read:0x00001000 at 0xa00080d8
[11448.191558] PUF Read:0x00000000 at 0xa00080dc
[11448.191619] PUF Read:0x01000000 at 0xa00080e0
[11448.191619] PUF Read:0x00000000 at 0xa00080e4
[11448.191619] PUF Read:0x00000000 at 0xa00080e8
[11448.191619] PUF Read:0x00000001 at 0xa00080ec
[11448.191711] PUF Read:0x00000000 at 0xa00080f0
[11448.191711] PUF Read:0x00000000 at 0xa00080f4
[11448.191772] PUF Read:0x00000100 at 0xa00080f8
[11448.191772] PUF Read:0x00000000 at 0xa00080fc
[11448.191772] PUF Read:0x00000000 at 0xa0008100
[11448.191833] PUF Read:0x00000000 at 0xa0008104
[11448.191864] PUF Read:0x00000000 at 0xa0008108
[11448.191864] PUF Read:0x00000100 at 0xa000810c
[11448.191864] PUF Read:0x00000000 at 0xa0008110
[11448.191925] PUF Read:0x00400000 at 0xa0008114
[11448.191925] PUF Read:0x00000000 at 0xa0008118
[11448.191986] PUF Read:0x00000000 at 0xa000811c
[11448.192016] PUF Read:0x01000000 at 0xa0008120
[11448.192016] PUF Read:0x00000400 at 0xa0008124
[11448.192016] PUF Read:0x00000040 at 0xa0008128
[11448.192016] PUF Read:0x00000000 at 0xa000812c
[11448.192016] PUF Read:0x00000000 at 0xa0008130
[11448.192016] PUF Read:0x00000000 at 0xa0008134
[11448.192169] PUF Read:0x00010000 at 0xa0008138
[11448.192169] PUF Read:0x00000000 at 0xa000813c
[11448.192169] PUF Read:0x40000400 at 0xa0008140
[11448.192169] PUF Read:0x00000040 at 0xa0008144
[11448.192169] PUF Read:0x00100400 at 0xa0008148
[11448.192169] PUF Read:0x00000000 at 0xa000814c
[11448.192321] PUF Read:0x00000000 at 0xa0008150
[11448.192321] PUF Read:0x00000000 at 0xa0008154
[11448.192321] PUF Read:0x00000000 at 0xa0008158
[11448.192321] PUF Read:0x01100000 at 0xa000815c
[11448.192321] PUF Read:0x00001000 at 0xa0008160
[11448.192321] PUF Read:0x00000000 at 0xa0008164
[11448.192474] PUF Read:0x04000000 at 0xa0008168
[11448.192504] PUF Read:0x00400000 at 0xa000816c
[11448.192504] PUF Read:0x00000000 at 0xa0008170
[11448.192504] PUF Read:0x00100000 at 0xa0008174
[11448.192565] PUF Read:0x00000000 at 0xa0008178
[11448.192565] PUF Read:0x00004000 at 0xa000817c
[11448.192626] PUF Read:0x00000000 at 0xa0008180
[11448.192657] PUF Read:0x00000000 at 0xa0008184
[11448.192657] PUF Read:0x00040000 at 0xa0008188
[11448.192657] PUF Read:0x00000440 at 0xa000818c
[11448.192718] PUF Read:0x00000000 at 0xa0008190
[11448.192718] PUF Read:0x40000000 at 0xa0008194
[11448.192779] PUF Read:0x00000004 at 0xa0008198
[11448.192810] PUF Read:0x00000000 at 0xa000819c
[11448.192810] PUF Read:0x00000000 at 0xa00081a0
[11448.192810] PUF Read:0x00000000 at 0xa00081a4
[11448.192871] PUF Read:0x00000000 at 0xa00081a8
[11448.192871] PUF Read:0x00000040 at 0xa00081ac
[11448.192932] PUF Read:0x00410000 at 0xa00081b0
[11448.192962] PUF Read:0x00000000 at 0xa00081b4
[11448.192962] PUF Read:0x00000000 at 0xa00081b8
[11448.192962] PUF Read:0x00100000 at 0xa00081bc
[11448.193023] PUF Read:0x00000000 at 0xa00081c0
[11448.193023] PUF Read:0x00000004 at 0xa00081c4
[11448.193084] PUF Read:0x00000000 at 0xa00081c8
[11448.193115] PUF Read:0x00010000 at 0xa00081cc
[11448.193115] PUF Read:0x10000000 at 0xa00081d0
[11448.193115] PUF Read:0x00000000 at 0xa00081d4
[11448.193176] PUF Read:0x10000000 at 0xa00081d8
[11448.193176] PUF Read:0x00004000 at 0xa00081dc
[11448.193237] PUF Read:0x00000000 at 0xa00081e0
[11448.193267] PUF Read:0x00000040 at 0xa00081e4
[11448.193267] PUF Read:0x00000000 at 0xa00081e8
[11448.193267] PUF Read:0x00000010 at 0xa00081ec
[11448.193328] PUF Read:0x00000001 at 0xa00081f0
[11448.193328] PUF Read:0x00010400 at 0xa00081f4
[11448.193389] PUF Read:0x00000000 at 0xa00081f8
[11448.193420] PUF Read:0x00000040 at 0xa00081fc
[11448.193420] PUF Read:0x00000000 at 0xa0008200
[11448.193420] PUF Read:0x00000000 at 0xa0008204
[11448.193481] PUF Read:0x00000010 at 0xa0008208
[11448.193481] PUF Read:0x00001000 at 0xa000820c
[11448.193542] PUF Read:0x00400000 at 0xa0008210
[11448.193572] PUF Read:0x00000000 at 0xa0008214
[11448.193603] PUF Read:0x00000400 at 0xa0008218
[11448.193603] PUF Read:0x00000000 at 0xa000821c
[11448.193664] PUF Read:0x00000000 at 0xa0008220
[11448.193664] PUF Read:0x00100000 at 0xa0008224
[11448.193664] PUF Read:0x00000000 at 0xa0008228
[11448.193664] PUF Read:0x00000000 at 0xa000822c
[11448.193756] PUF Read:0x00000500 at 0xa0008230
[11448.193756] PUF Read:0x00400000 at 0xa0008234
[11448.193756] PUF Read:0x00000000 at 0xa0008238
[11448.193756] PUF Read:0x00000500 at 0xa000823c
[11448.193756] PUF Read:0x00000004 at 0xa0008240
[11448.193756] PUF Read:0x00000000 at 0xa0008244
[11448.193908] PUF Read:0x00040000 at 0xa0008248
[11448.193908] PUF Read:0x00000000 at 0xa000824c
[11448.193908] PUF Read:0x04000000 at 0xa0008250
[11448.193908] PUF Read:0x00100000 at 0xa0008254
[11448.194000] PUF Read:0x00000000 at 0xa0008258
[11448.194000] PUF Read:0x04040000 at 0xa000825c
[11448.194061] PUF Read:0x00000000 at 0xa0008260
[11448.194091] PUF Read:0x00001010 at 0xa0008264
[11448.194091] PUF Read:0x00000400 at 0xa0008268
[11448.194091] PUF Read:0x00001000 at 0xa000826c
[11448.194152] PUF Read:0x00001000 at 0xa0008270
[11448.194152] PUF Read:0x00000000 at 0xa0008274
[11448.194213] PUF Read:0x00000040 at 0xa0008278
[11448.194244] PUF Read:0x00100000 at 0xa000827c
[11448.194244] PUF Read:0x40000000 at 0xa0008280
[11448.194244] PUF Read:0x00000000 at 0xa0008284
[11448.194305] PUF Read:0x00400000 at 0xa0008288
[11448.194305] PUF Read:0x00000000 at 0xa000828c
[11448.194366] PUF Read:0x00000000 at 0xa0008290
[11448.194396] PUF Read:0x00000000 at 0xa0008294
[11448.194396] PUF Read:0x00000000 at 0xa0008298
[11448.194396] PUF Read:0x00000000 at 0xa000829c
[11448.194458] PUF Read:0x00000400 at 0xa00082a0
[11448.194458] PUF Read:0x00001000 at 0xa00082a4
[11448.194519] PUF Read:0x00000000 at 0xa00082a8
[11448.194549] PUF Read:0x00000000 at 0xa00082ac
[11448.194549] PUF Read:0x00000000 at 0xa00082b0
[11448.194549] PUF Read:0x00000000 at 0xa00082b4
[11448.194610] PUF Read:0x00000040 at 0xa00082b8
[11448.194610] PUF Read:0x00000000 at 0xa00082bc
[11448.194671] PUF Read:0x10000000 at 0xa00082c0
[11448.194702] PUF Read:0x00000000 at 0xa00082c4
[11448.194702] PUF Read:0x10000000 at 0xa00082c8
[11448.194702] PUF Read:0x00000000 at 0xa00082cc
[11448.194763] PUF Read:0x00100000 at 0xa00082d0
[11448.194763] PUF Read:0x00000000 at 0xa00082d4
[11448.194824] PUF Read:0x40000000 at 0xa00082d8
[11448.194854] PUF Read:0x00004000 at 0xa00082dc
[11448.194854] PUF Read:0x00000000 at 0xa00082e0
[11448.194854] PUF Read:0x00000400 at 0xa00082e4
[11448.194915] PUF Read:0x00000100 at 0xa00082e8
[11448.194915] PUF Read:0x00000001 at 0xa00082ec
[11448.194976] PUF Read:0x00000001 at 0xa00082f0
[11448.194976] PUF Read:0x00000000 at 0xa00082f4
[11448.194976] PUF Read:0x00000000 at 0xa00082f8
[11448.194976] PUF Read:0x00000000 at 0xa00082fc
[11448.194976] PUF Read:0x00000100 at 0xa0008300
[11448.194976] PUF Read:0x00000000 at 0xa0008304
[11448.194976] PUF Read:0x00000000 at 0xa0008308
[11448.195159] PUF Read:0x00000000 at 0xa000830c
[11448.195159] PUF Read:0x00000000 at 0xa0008310
[11448.195159] PUF Read:0x00000010 at 0xa0008314
[11448.195159] PUF Read:0x01500000 at 0xa0008318
[11448.195159] PUF Read:0x10000000 at 0xa000831c
[11448.195159] PUF Read:0x00000000 at 0xa0008320
[11448.195312] PUF Read:0x00000100 at 0xa0008324
[11448.195312] PUF Read:0x00000000 at 0xa0008328
[11448.195312] PUF Read:0x00010000 at 0xa000832c
[11448.195312] PUF Read:0x00000004 at 0xa0008330
[11448.195312] PUF Read:0x00000100 at 0xa0008334
[11448.195312] PUF Read:0x00001000 at 0xa0008338
[11448.195465] PUF Read:0x00000000 at 0xa000833c
[11448.195495] PUF Read:0x10000100 at 0xa0008340
[11448.195495] PUF Read:0x00000001 at 0xa0008344
[11448.195495] PUF Read:0x00000000 at 0xa0008348
[11448.195556] PUF Read:0x00000100 at 0xa000834c
[11448.195556] PUF Read:0x00000000 at 0xa0008350
[11448.195617] PUF Read:0x00000000 at 0xa0008354
[11448.195648] PUF Read:0x00000000 at 0xa0008358
[11448.195648] PUF Read:0x00001000 at 0xa000835c
[11448.195648] PUF Read:0x00014000 at 0xa0008360
[11448.195709] PUF Read:0x00000000 at 0xa0008364
[11448.195709] PUF Read:0x04000000 at 0xa0008368
[11448.195770] PUF Read:0x00000400 at 0xa000836c
[11448.195800] PUF Read:0x00000000 at 0xa0008370
[11448.195800] PUF Read:0x00000000 at 0xa0008374
[11448.195800] PUF Read:0x40010000 at 0xa0008378
[11448.195861] PUF Read:0x00000040 at 0xa000837c
[11448.195861] PUF Read:0x00000000 at 0xa0008380
[11448.195922] PUF Read:0x00000000 at 0xa0008384
[11448.195953] PUF Read:0x00000004 at 0xa0008388
[11448.195953] PUF Read:0x00000000 at 0xa000838c
[11448.195953] PUF Read:0x00000001 at 0xa0008390
[11448.196014] PUF Read:0x00000100 at 0xa0008394
[11448.196014] PUF Read:0x10000000 at 0xa0008398
[11448.196075] PUF Read:0x00000004 at 0xa000839c
[11448.196105] PUF Read:0x00004000 at 0xa00083a0
[11448.196105] PUF Read:0x00000000 at 0xa00083a4
[11448.196166] PUF Read:0x00100000 at 0xa00083a8
[11448.196166] PUF Read:0x00001000 at 0xa00083ac
[11448.196166] PUF Read:0x00000000 at 0xa00083b0
[11448.196228] PUF Read:0x00000000 at 0xa00083b4
[11448.196258] PUF Read:0x00000000 at 0xa00083b8
[11448.196258] PUF Read:0x00000000 at 0xa00083bc
[11448.196258] PUF Read:0x00000040 at 0xa00083c0
[11448.196319] PUF Read:0x04000000 at 0xa00083c4
[11448.196319] PUF Read:0x00000000 at 0xa00083c8
[11448.196380] PUF Read:0x00000000 at 0xa00083cc
[11448.196411] PUF Read:0x00000000 at 0xa00083d0
[11448.196411] PUF Read:0x00010000 at 0xa00083d4
[11448.196411] PUF Read:0x00000000 at 0xa00083d8
[11448.196472] PUF Read:0x00000000 at 0xa00083dc
[11448.196472] PUF Read:0x00140004 at 0xa00083e0
[11448.196533] PUF Read:0x10000000 at 0xa00083e4
[11448.196563] PUF Read:0x04000000 at 0xa00083e8
[11448.196563] PUF Read:0x00000000 at 0xa00083ec
[11448.196563] PUF Read:0x00000400 at 0xa00083f0
[11448.196624] PUF Read:0x04000000 at 0xa00083f4
[11448.196655] PUF Read:0x00000004 at 0xa00083f8
[11448.196655] PUF Read:0x00044000 at 0xa00083fc
[11448.196716] [i] Finished PUF read-out
[11448.196716] <6>[i] Finished PUF query for decaytime: 15360
[11448.196716] End measurement:2
[11448.196746] [i] Start measurement: 3
[11448.196746] [i] Start decaytime: 60
[11448.196746] EMIF 2 REG Write 0x80000000 at 0x4d000010
[11448.196777] EMIF 2 REG Read 0x80000000 at 0x4d000010
[11448.196777] EMIF 2 REG Write 0x80000000 at 0x4d000014
[11448.196807] EMIF 2 REG Read 0x00000000 at 0x4d000014
[11448.196807] EMIF 2 REG Write 0x08016893 at 0x4d0000cc
[11448.196838] EMIF 2 REG Read 0x08016893 at 0x4d0000cc
[11448.196838] Temp polling alert disabled
[11448.196838] Refresh Disabled at EMIF2
[11448.196868] [i] Initialiting PUF & hammer rows
[11448.196868] [i] Single-Sided Rowhammer (SSRH)
[11448.198669] [i] Finished initialiting PUF & hammer rows
[11448.203643] [i]	Timer elapsed since its reset 0 sec
[11448.203643] [i] Decay: 60 sec
[11448.203643] [i]	Relative Decay: 0 msec
