[76418.964355] [i] Total hammer attempts per row: 1864164
[76418.964355] EMIF 2 REG Write 0x00000618 at 0x4d000010
[76418.964385] EMIF 2 REG Read 0x00000618 at 0x4d000010
[76418.964385] EMIF 2 REG Write 0x00000618 at 0x4d000014
[76418.964416] EMIF 2 REG Read 0x00000618 at 0x4d000014
[76418.964416] EMIF 2 REG Write 0x58016893 at 0x4d0000cc
[76418.964447] EMIF 2 REG Read 0x58016893 at 0x4d0000cc
[76418.964447] Temp polling alert enabled
[76418.964447] Refresh enabled at EMIF2
[76418.964477] [i] Starting PUF read-out
[76418.964477] [i] Single-Sided Rowhammer (SSRH)
[76418.964477] PUF Read:0xaaaaaaaa at 0xa0008000
[76418.964508] PUF Read:0xaaaaaaaa at 0xa0008004
[76418.964508] PUF Read:0xaaaaaaaa at 0xa0008008
[76418.964508] PUF Read:0xaaaaaaaa at 0xa000800c
[76418.964599] PUF Read:0xaaaaaaaa at 0xa0008010
[76418.964630] PUF Read:0xaaaaabaa at 0xa0008014
[76418.964630] PUF Read:0xaaaaaaaa at 0xa0008018
[76418.964630] PUF Read:0xaaaaaaaa at 0xa000801c
[76418.964630] PUF Read:0xaaaaaaaa at 0xa0008020
[76418.964721] PUF Read:0xaaaaaaaa at 0xa0008024
[76418.964721] PUF Read:0xaaaaaaaa at 0xa0008028
[76418.964721] PUF Read:0xaaaaaaaa at 0xa000802c
[76418.964813] PUF Read:0xaaaaaaaa at 0xa0008030
[76418.964813] PUF Read:0xaaaaaaaa at 0xa0008034
[76418.964813] PUF Read:0xaaaaaaaa at 0xa0008038
[76418.964813] PUF Read:0xaaaaaaaa at 0xa000803c
[76418.964904] PUF Read:0xaaaaaaab at 0xa0008040
[76418.964904] PUF Read:0xaaaaeaaa at 0xa0008044
[76418.964965] PUF Read:0xaaaaaaaa at 0xa0008048
[76418.964996] PUF Read:0xaaaaaaaa at 0xa000804c
[76418.964996] PUF Read:0xaaaaaaaa at 0xa0008050
[76418.964996] PUF Read:0xaaaaaaaa at 0xa0008054
[76418.965057] PUF Read:0xaaaaaaaa at 0xa0008058
[76418.965057] PUF Read:0xaaaaaaaa at 0xa000805c
[76418.965118] PUF Read:0xaaaaaaaa at 0xa0008060
[76418.965148] PUF Read:0xaaaaaaaa at 0xa0008064
[76418.965148] PUF Read:0xaaaaaaaa at 0xa0008068
[76418.965209] PUF Read:0xaaaaaaaa at 0xa000806c
[76418.965209] PUF Read:0xaaaaaaaa at 0xa0008070
[76418.965209] PUF Read:0xaaaaaaaa at 0xa0008074
[76418.965209] PUF Read:0xaaaaaaaa at 0xa0008078
[76418.965301] PUF Read:0xaaaaaaaa at 0xa000807c
[76418.965301] PUF Read:0xaaaaaaaa at 0xa0008080
[76418.965301] PUF Read:0xaaaaaaaa at 0xa0008084
[76418.965301] PUF Read:0xaaaaaaaa at 0xa0008088
[76418.965301] PUF Read:0xaaaaaaaa at 0xa000808c
[76418.965301] PUF Read:0xaaaa8aaa at 0xa0008090
[76418.965454] PUF Read:0xaaaaaaaa at 0xa0008094
[76418.965454] PUF Read:0xaaabaaaa at 0xa0008098
[76418.965454] PUF Read:0xaaaaaaaa at 0xa000809c
[76418.965454] PUF Read:0xaaaaaaaa at 0xa00080a0
[76418.965454] PUF Read:0xaaaaaaaa at 0xa00080a4
[76418.965454] PUF Read:0xaaaaaaaa at 0xa00080a8
[76418.965606] PUF Read:0xaaaaaaaa at 0xa00080ac
[76418.965606] PUF Read:0xaaaaaaaa at 0xa00080b0
[76418.965606] PUF Read:0xaa2aaaaa at 0xa00080b4
[76418.965606] PUF Read:0xaaaaaaaa at 0xa00080b8
[76418.965698] PUF Read:0x8aaaaaaa at 0xa00080bc
[76418.965698] PUF Read:0xaaaaaaaa at 0xa00080c0
[76418.965759] PUF Read:0xaaaaaaaa at 0xa00080c4
[76418.965759] PUF Read:0xaaa2aaaa at 0xa00080c8
[76418.965759] PUF Read:0xaaaaaaaa at 0xa00080cc
[76418.965759] PUF Read:0xaaaaaaaa at 0xa00080d0
[76418.965850] PUF Read:0xaaaaaaaa at 0xa00080d4
[76418.965850] PUF Read:0xaaaaaaaa at 0xa00080d8
[76418.965911] PUF Read:0xaaaaaaaa at 0xa00080dc
[76418.965942] PUF Read:0xaaaaaaaa at 0xa00080e0
[76418.965942] PUF Read:0xaaaaaaaa at 0xa00080e4
[76418.965942] PUF Read:0xaaaaaaaa at 0xa00080e8
[76418.966003] PUF Read:0xaaaaaaab at 0xa00080ec
[76418.966003] PUF Read:0x8aaaaaaa at 0xa00080f0
[76418.966064] PUF Read:0xaaaaaaaa at 0xa00080f4
[76418.966094] PUF Read:0xaaaaaaaa at 0xa00080f8
[76418.966094] PUF Read:0xaaaaaaaa at 0xa00080fc
[76418.966094] PUF Read:0xaaaaaaaa at 0xa0008100
[76418.966156] PUF Read:0xaaaaaaaa at 0xa0008104
[76418.966156] PUF Read:0xaaaaaaaa at 0xa0008108
[76418.966156] PUF Read:0xaaaaaaaa at 0xa000810c
[76418.966247] PUF Read:0xaaaaaaaa at 0xa0008110
[76418.966278] PUF Read:0xaaaaaaaa at 0xa0008114
[76418.966278] PUF Read:0xaaaaaaaa at 0xa0008118
[76418.966278] PUF Read:0xaaaaaaaa at 0xa000811c
[76418.966278] PUF Read:0xaaaaaaaa at 0xa0008120
[76418.966278] PUF Read:0xaaaaaaaa at 0xa0008124
[76418.966278] PUF Read:0xaaaaaaaa at 0xa0008128
[76418.966430] PUF Read:0xaaaaaaaa at 0xa000812c
[76418.966430] PUF Read:0xaaaaaaaa at 0xa0008130
[76418.966430] PUF Read:0xaaaaaaaa at 0xa0008134
[76418.966430] PUF Read:0xaa8aaaaa at 0xa0008138
[76418.966430] PUF Read:0xaaaaaaaa at 0xa000813c
[76418.966430] PUF Read:0xaaaaaaaa at 0xa0008140
[76418.966583] PUF Read:0xaaaaaaaa at 0xa0008144
[76418.966583] PUF Read:0xaabaaeaa at 0xa0008148
[76418.966583] PUF Read:0xaaaaaaaa at 0xa000814c
[76418.966583] PUF Read:0xaaaaaaaa at 0xa0008150
[76418.966674] PUF Read:0xaaaaaaaa at 0xa0008154
[76418.966674] PUF Read:0xaaaaaaaa at 0xa0008158
[76418.966735] PUF Read:0xaaaaaaea at 0xa000815c
[76418.966766] PUF Read:0xaaaaaaaa at 0xa0008160
[76418.966766] PUF Read:0xaaaaaaaa at 0xa0008164
[76418.966766] PUF Read:0xaaaaaaaa at 0xa0008168
[76418.966827] PUF Read:0xaaaaaaaa at 0xa000816c
[76418.966827] PUF Read:0xaaaaaaaa at 0xa0008170
[76418.966888] PUF Read:0xaaaaaaaa at 0xa0008174
[76418.966918] PUF Read:0xaaaaaaaa at 0xa0008178
[76418.966918] PUF Read:0xaaaaaaaa at 0xa000817c
[76418.966918] PUF Read:0xaaaa2a2a at 0xa0008180
[76418.966979] PUF Read:0xaaaaaaaa at 0xa0008184
[76418.966979] PUF Read:0xaaaaaaaa at 0xa0008188
[76418.967041] PUF Read:0xaaaaaaaa at 0xa000818c
[76418.967071] PUF Read:0xaaaaaaaa at 0xa0008190
[76418.967071] PUF Read:0xaaaaaaaa at 0xa0008194
[76418.967132] PUF Read:0xaaaaaaaa at 0xa0008198
[76418.967132] PUF Read:0xaaaaaaaa at 0xa000819c
[76418.967132] PUF Read:0xaaaaaaaa at 0xa00081a0
[76418.967132] PUF Read:0xaaaaaaaa at 0xa00081a4
[76418.967224] PUF Read:0xaaaaaaaa at 0xa00081a8
[76418.967224] PUF Read:0xaaaaaaaa at 0xa00081ac
[76418.967224] PUF Read:0xaaeaaaaa at 0xa00081b0
[76418.967224] PUF Read:0xaaaaaaaa at 0xa00081b4
[76418.967315] PUF Read:0xaaaaaaaa at 0xa00081b8
[76418.967315] PUF Read:0xaaaaaaaa at 0xa00081bc
[76418.967376] PUF Read:0xaaaaaaaa at 0xa00081c0
[76418.967407] PUF Read:0xaaaaaaae at 0xa00081c4
[76418.967407] PUF Read:0xaaaaaaaa at 0xa00081c8
[76418.967407] PUF Read:0xaaaaaaaa at 0xa00081cc
[76418.967468] PUF Read:0xbaaaaaaa at 0xa00081d0
[76418.967468] PUF Read:0xaaaaaaaa at 0xa00081d4
[76418.967529] PUF Read:0xaaaaaaaa at 0xa00081d8
[76418.967559] PUF Read:0xaaaaaaaa at 0xa00081dc
[76418.967559] PUF Read:0xaaaaaaaa at 0xa00081e0
[76418.967559] PUF Read:0xaaaaaaea at 0xa00081e4
[76418.967620] PUF Read:0xaaaaaaaa at 0xa00081e8
[76418.967620] PUF Read:0xaa2aaaaa at 0xa00081ec
[76418.967681] PUF Read:0xaaaaaaaa at 0xa00081f0
[76418.967712] PUF Read:0xaaaaaeaa at 0xa00081f4
[76418.967712] PUF Read:0xaaaaaaa2 at 0xa00081f8
[76418.967712] PUF Read:0xaaaaaaaa at 0xa00081fc
[76418.967712] PUF Read:0xaaaaaaaa at 0xa0008200
[76418.967803] PUF Read:0xaaaaaaaa at 0xa0008204
[76418.967803] PUF Read:0xaaaaaaaa at 0xa0008208
[76418.967864] PUF Read:0xa8aaaaaa at 0xa000820c
[76418.967895] PUF Read:0xaaaaaaaa at 0xa0008210
[76418.967895] PUF Read:0xaaaaaaaa at 0xa0008214
[76418.967895] PUF Read:0xaaaaaaaa at 0xa0008218
[76418.967956] PUF Read:0xaaaaaaaa at 0xa000821c
[76418.967956] PUF Read:0xaaaaaaaa at 0xa0008220
[76418.968017] PUF Read:0xaaaaaaaa at 0xa0008224
[76418.968048] PUF Read:0xaaaaaaaa at 0xa0008228
[76418.968048] PUF Read:0xaaaaaaaa at 0xa000822c
[76418.968048] PUF Read:0xaaaaaaaa at 0xa0008230
[76418.968048] PUF Read:0xaaaaaaaa at 0xa0008234
[76418.968048] PUF Read:0xaaaaaaaa at 0xa0008238
[76418.968048] PUF Read:0xaaaaaaaa at 0xa000823c
[76418.968200] PUF Read:0xaaaaaaaa at 0xa0008240
[76418.968200] PUF Read:0xaaaaaaaa at 0xa0008244
[76418.968200] PUF Read:0xaaaaaaaa at 0xa0008248
[76418.968200] PUF Read:0xaaaaaaaa at 0xa000824c
[76418.968200] PUF Read:0xaaaaaaaa at 0xa0008250
[76418.968200] PUF Read:0xaaaaaaaa at 0xa0008254
[76418.968353] PUF Read:0xaaaaaaaa at 0xa0008258
[76418.968383] PUF Read:0xaaaaaaaa at 0xa000825c
[76418.968383] PUF Read:0xaaaaaaaa at 0xa0008260
[76418.968383] PUF Read:0xaaaaaaaa at 0xa0008264
[76418.968444] PUF Read:0xaaaaaaaa at 0xa0008268
[76418.968444] PUF Read:0xaaaaaaaa at 0xa000826c
[76418.968505] PUF Read:0xaaaaaaaa at 0xa0008270
[76418.968536] PUF Read:0xaaaaaaaa at 0xa0008274
[76418.968536] PUF Read:0xaaaaaaaa at 0xa0008278
[76418.968536] PUF Read:0xaaaaaaaa at 0xa000827c
[76418.968597] PUF Read:0xaaaaaaaa at 0xa0008280
[76418.968597] PUF Read:0xaaaaaaaa at 0xa0008284
[76418.968658] PUF Read:0xaaaaaaaa at 0xa0008288
[76418.968688] PUF Read:0xaaaaaaaa at 0xa000828c
[76418.968688] PUF Read:0xaaaaaaaa at 0xa0008290
[76418.968688] PUF Read:0xaaaaaaaa at 0xa0008294
[76418.968750] PUF Read:0xaaaaaaaa at 0xa0008298
[76418.968750] PUF Read:0xaaaaaaaa at 0xa000829c
[76418.968811] PUF Read:0xaaaaaaaa at 0xa00082a0
[76418.968841] PUF Read:0xaaaaaaaa at 0xa00082a4
[76418.968841] PUF Read:0xaaaaaaaa at 0xa00082a8
[76418.968902] PUF Read:0xaaaaaaaa at 0xa00082ac
[76418.968902] PUF Read:0xaaaaaaaa at 0xa00082b0
[76418.968902] PUF Read:0xaaaaaaaa at 0xa00082b4
[76418.968902] PUF Read:0xaaaaaaea at 0xa00082b8
[76418.968994] PUF Read:0xaaaaaaaa at 0xa00082bc
[76418.968994] PUF Read:0xaaaaaaaa at 0xa00082c0
[76418.968994] PUF Read:0xaaaaaaaa at 0xa00082c4
[76418.968994] PUF Read:0xbaaaaaaa at 0xa00082c8
[76418.968994] PUF Read:0xaaaaaaaa at 0xa00082cc
[76418.968994] PUF Read:0xaaaaaaaa at 0xa00082d0
[76418.969146] PUF Read:0xaaaaaaaa at 0xa00082d4
[76418.969146] PUF Read:0xaaaaaaaa at 0xa00082d8
[76418.969146] PUF Read:0xaaaaaaaa at 0xa00082dc
[76418.969146] PUF Read:0xaaaaaaaa at 0xa00082e0
[76418.969146] PUF Read:0xaaaaaeaa at 0xa00082e4
[76418.969146] PUF Read:0xaaaaaaaa at 0xa00082e8
[76418.969299] PUF Read:0xaaaaaaaa at 0xa00082ec
[76418.969329] PUF Read:0xaaaaaaaa at 0xa00082f0
[76418.969329] PUF Read:0xaaaaaaaa at 0xa00082f4
[76418.969329] PUF Read:0xaaaaaaaa at 0xa00082f8
[76418.969390] PUF Read:0xaaaaaaaa at 0xa00082fc
[76418.969390] PUF Read:0xaaaaaaaa at 0xa0008300
[76418.969390] PUF Read:0xaaaaaaaa at 0xa0008304
[76418.969482] PUF Read:0xaaaaaaaa at 0xa0008308
[76418.969482] PUF Read:0xaaaaaaaa at 0xa000830c
[76418.969482] PUF Read:0xaaaaaaaa at 0xa0008310
[76418.969482] PUF Read:0xaaaaaaaa at 0xa0008314
[76418.969482] PUF Read:0xaaaaaaaa at 0xa0008318
[76418.969482] PUF Read:0xbaaaaaaa at 0xa000831c
[76418.969635] PUF Read:0xaaaaaaaa at 0xa0008320
[76418.969635] PUF Read:0xaaaaaaaa at 0xa0008324
[76418.969635] PUF Read:0xaaaaaaaa at 0xa0008328
[76418.969635] PUF Read:0xaaaaaaaa at 0xa000832c
[76418.969635] PUF Read:0xaaaaaaae at 0xa0008330
[76418.969635] PUF Read:0xaaaaaaaa at 0xa0008334
[76418.969787] PUF Read:0xaaaaaaaa at 0xa0008338
[76418.969787] PUF Read:0xaaaaaaaa at 0xa000833c
[76418.969787] PUF Read:0xaaaaaaaa at 0xa0008340
[76418.969787] PUF Read:0xaaaaaaaa at 0xa0008344
[76418.969787] PUF Read:0xaaaaaaaa at 0xa0008348
[76418.969787] PUF Read:0xaaaaaaaa at 0xa000834c
[76418.969940] PUF Read:0xaaaaaaaa at 0xa0008350
[76418.969970] PUF Read:0xaaaaaaaa at 0xa0008354
[76418.969970] PUF Read:0xaaaaaaaa at 0xa0008358
[76418.969970] PUF Read:0xaaaaaaaa at 0xa000835c
[76418.970031] PUF Read:0xaaabaaaa at 0xa0008360
[76418.970031] PUF Read:0xaaaaaaaa at 0xa0008364
[76418.970092] PUF Read:0xaaaaaaaa at 0xa0008368
[76418.970123] PUF Read:0xaaaaaaaa at 0xa000836c
[76418.970123] PUF Read:0xaaaaaaaa at 0xa0008370
[76418.970123] PUF Read:0xaaaaaaaa at 0xa0008374
[76418.970184] PUF Read:0xaaaaaaaa at 0xa0008378
[76418.970184] PUF Read:0xaaaaaaaa at 0xa000837c
[76418.970245] PUF Read:0xaaaaaaaa at 0xa0008380
[76418.970275] PUF Read:0xaaaaaaaa at 0xa0008384
[76418.970275] PUF Read:0xaaaaaaaa at 0xa0008388
[76418.970275] PUF Read:0xaaaaaaaa at 0xa000838c
[76418.970336] PUF Read:0xaaaaaaaa at 0xa0008390
[76418.970336] PUF Read:0xaaaaaaaa at 0xa0008394
[76418.970397] PUF Read:0xaaaaaaaa at 0xa0008398
[76418.970428] PUF Read:0xaaa2aaaa at 0xa000839c
[76418.970428] PUF Read:0xaaaaaaaa at 0xa00083a0
[76418.970428] PUF Read:0xaaaaaaaa at 0xa00083a4
[76418.970489] PUF Read:0xaaaaaaaa at 0xa00083a8
[76418.970489] PUF Read:0xaaaaaaaa at 0xa00083ac
[76418.970550] PUF Read:0xaaaaaaaa at 0xa00083b0
[76418.970581] PUF Read:0xaaaaaaaa at 0xa00083b4
[76418.970581] PUF Read:0xaaaaaaaa at 0xa00083b8
[76418.970581] PUF Read:0xaaaaaaaa at 0xa00083bc
[76418.970642] PUF Read:0xaaaaaaaa at 0xa00083c0
[76418.970642] PUF Read:0xaaaaaaaa at 0xa00083c4
[76418.970703] PUF Read:0xaaaaaaaa at 0xa00083c8
[76418.970733] PUF Read:0xaaaaaaaa at 0xa00083cc
[76418.970733] PUF Read:0xaaaaaaaa at 0xa00083d0
[76418.970794] PUF Read:0xaaabaaaa at 0xa00083d4
[76418.970794] PUF Read:0xaaaaaaaa at 0xa00083d8
[76418.970794] PUF Read:0xaaaaaaaa at 0xa00083dc
[76418.970794] PUF Read:0xaaaaaaaa at 0xa00083e0
[76418.970886] PUF Read:0xaaaaaaaa at 0xa00083e4
[76418.970916] PUF Read:0xaaaaaa2a at 0xa00083e8
[76418.970916] PUF Read:0xaaaaaaaa at 0xa00083ec
[76418.970916] PUF Read:0xaaaaaaaa at 0xa00083f0
[76418.970977] PUF Read:0xaaaaaaaa at 0xa00083f4
[76418.970977] PUF Read:0xaaaaaaae at 0xa00083f8
[76418.971038] PUF Read:0xaaaeaaaa at 0xa00083fc
[76418.971069] [i] Finished PUF read-out
[76418.971069] <6>[i] Finished PUF query for decaytime: 7680
[76418.971069] [i] Start decaytime: 120
[76418.971099] EMIF 2 REG Write 0x80000000 at 0x4d000010
[76418.971099] EMIF 2 REG Read 0x80000000 at 0x4d000010
[76418.971130] EMIF 2 REG Write 0x80000000 at 0x4d000014
[76418.971130] EMIF 2 REG Read 0x00000000 at 0x4d000014
[76418.971160] EMIF 2 REG Write 0x08016893 at 0x4d0000cc
[76418.971160] EMIF 2 REG Read 0x08016893 at 0x4d0000cc
[76418.971160] Temp polling alert disabled
[76418.971191] Refresh Disabled at EMIF2
[76418.971191] [i] Initialiting PUF & hammer rows
[76418.971221] [i] Single-Sided Rowhammer (SSRH)
[76418.977935] [i] Finished initialiting PUF & hammer rows
[76418.977935] [i]	Timer elapsed since its reset 0 sec
[76418.977935] [i] Decay: 120 sec
[76418.977966] [i]	Relative Decay: 0 msec
