[79299.213409] [i] Total hammer attempts per row: 1864631
[79299.213409] EMIF 2 REG Write 0x00000618 at 0x4d000010
[79299.213409] EMIF 2 REG Read 0x00000618 at 0x4d000010
[79299.213470] EMIF 2 REG Write 0x00000618 at 0x4d000014
[79299.213470] EMIF 2 REG Read 0x00000618 at 0x4d000014
[79299.213500] EMIF 2 REG Write 0x58016893 at 0x4d0000cc
[79299.213500] EMIF 2 REG Read 0x58016893 at 0x4d0000cc
[79299.213531] Temp polling alert enabled
[79299.213531] Refresh enabled at EMIF2
[79299.213531] [i] Starting PUF read-out
[79299.213562] [i] Single-Sided Rowhammer (SSRH)
[79299.213562] PUF Read:0xaaaaaaaa at 0xa0008000
[79299.213562] PUF Read:0xaaaaaaaa at 0xa0008004
[79299.213562] PUF Read:0xaaaaaaaa at 0xa0008008
[79299.213562] PUF Read:0xaaaaaaaa at 0xa000800c
[79299.213562] PUF Read:0xaaaaaaaa at 0xa0008010
[79299.213714] PUF Read:0xaaaaabaa at 0xa0008014
[79299.213714] PUF Read:0xaaaaaaaa at 0xa0008018
[79299.213714] PUF Read:0xaaaaaaaa at 0xa000801c
[79299.213714] PUF Read:0xaaaaaaaa at 0xa0008020
[79299.213806] PUF Read:0xaaaaaaaa at 0xa0008024
[79299.213806] PUF Read:0xaaaaaaaa at 0xa0008028
[79299.213806] PUF Read:0xaaaaaaaa at 0xa000802c
[79299.213897] PUF Read:0xaaaaaaaa at 0xa0008030
[79299.213897] PUF Read:0xaaaaaaaa at 0xa0008034
[79299.213897] PUF Read:0xaaaaaaaa at 0xa0008038
[79299.213897] PUF Read:0xaaaaaaaa at 0xa000803c
[79299.213989] PUF Read:0xaaaaaaab at 0xa0008040
[79299.213989] PUF Read:0xaaaaeaaa at 0xa0008044
[79299.214050] PUF Read:0xaaaaaaaa at 0xa0008048
[79299.214080] PUF Read:0xaaaaaaaa at 0xa000804c
[79299.214080] PUF Read:0xaaaaaaaa at 0xa0008050
[79299.214080] PUF Read:0xaaaaaaaa at 0xa0008054
[79299.214141] PUF Read:0xaaaaaa8a at 0xa0008058
[79299.214141] PUF Read:0xaaaaaaaa at 0xa000805c
[79299.214202] PUF Read:0xaaaaaaaa at 0xa0008060
[79299.214233] PUF Read:0xaaaa2aaa at 0xa0008064
[79299.214233] PUF Read:0xaaaaaaaa at 0xa0008068
[79299.214233] PUF Read:0xaaaaaaaa at 0xa000806c
[79299.214233] PUF Read:0xaaaaaaaa at 0xa0008070
[79299.214233] PUF Read:0xaaaaaaaa at 0xa0008074
[79299.214233] PUF Read:0xaaaaaaaa at 0xa0008078
[79299.214385] PUF Read:0xaaaaaaaa at 0xa000807c
[79299.214416] PUF Read:0xaaaaaaaa at 0xa0008080
[79299.214416] PUF Read:0xaaaaaaaa at 0xa0008084
[79299.214416] PUF Read:0xaaaaaaaa at 0xa0008088
[79299.214477] PUF Read:0xaaaaaaaa at 0xa000808c
[79299.214477] PUF Read:0xaaaa8aaa at 0xa0008090
[79299.214538] PUF Read:0xaaaaaaaa at 0xa0008094
[79299.214569] PUF Read:0xaaabaaaa at 0xa0008098
[79299.214569] PUF Read:0xaaaaaaaa at 0xa000809c
[79299.214630] PUF Read:0xaaaaaaaa at 0xa00080a0
[79299.214630] PUF Read:0xaaaaaaaa at 0xa00080a4
[79299.214630] PUF Read:0xaaaaaaaa at 0xa00080a8
[79299.214691] PUF Read:0xaaaaaaaa at 0xa00080ac
[79299.214721] PUF Read:0xaaaaaaaa at 0xa00080b0
[79299.214721] PUF Read:0xaa2aaaaa at 0xa00080b4
[79299.214721] PUF Read:0xaaaaeaaa at 0xa00080b8
[79299.214721] PUF Read:0x8aaaaaaa at 0xa00080bc
[79299.214721] PUF Read:0xaaaaaaaa at 0xa00080c0
[79299.214721] PUF Read:0xaaaaaaaa at 0xa00080c4
[79299.214874] PUF Read:0xaaa2aaaa at 0xa00080c8
[79299.214904] PUF Read:0xaaaaaaaa at 0xa00080cc
[79299.214904] PUF Read:0xaaaaaaaa at 0xa00080d0
[79299.214904] PUF Read:0xaaaaaaaa at 0xa00080d4
[79299.214965] PUF Read:0xaaaaaaaa at 0xa00080d8
[79299.214965] PUF Read:0xaaaaaaaa at 0xa00080dc
[79299.215026] PUF Read:0xaaaaaaaa at 0xa00080e0
[79299.215057] PUF Read:0xaaaaaaaa at 0xa00080e4
[79299.215057] PUF Read:0xaaaaaaaa at 0xa00080e8
[79299.215057] PUF Read:0xaaaaaaab at 0xa00080ec
[79299.215118] PUF Read:0x8aaaaaaa at 0xa00080f0
[79299.215118] PUF Read:0xaaaaaaaa at 0xa00080f4
[79299.215179] PUF Read:0xaaaaaaaa at 0xa00080f8
[79299.215209] PUF Read:0xaaaaaaaa at 0xa00080fc
[79299.215209] PUF Read:0xaaaaaaaa at 0xa0008100
[79299.215209] PUF Read:0xaaaaaaaa at 0xa0008104
[79299.215209] PUF Read:0xaaaaaaaa at 0xa0008108
[79299.215301] PUF Read:0xaaaaaaaa at 0xa000810c
[79299.215301] PUF Read:0xaaaaaaaa at 0xa0008110
[79299.215362] PUF Read:0xaaaaaaaa at 0xa0008114
[79299.215393] PUF Read:0xaaaaaaaa at 0xa0008118
[79299.215393] PUF Read:0xaaaaaaaa at 0xa000811c
[79299.215393] PUF Read:0xaaaaaaaa at 0xa0008120
[79299.215393] PUF Read:0xaaaaaaaa at 0xa0008124
[79299.215393] PUF Read:0xaaaaaaaa at 0xa0008128
[79299.215393] PUF Read:0xaaaaaaaa at 0xa000812c
[79299.215545] PUF Read:0xaaaaaaaa at 0xa0008130
[79299.215545] PUF Read:0xaaaaaaaa at 0xa0008134
[79299.215545] PUF Read:0xaa8aaaaa at 0xa0008138
[79299.215545] PUF Read:0xaaaaaaaa at 0xa000813c
[79299.215637] PUF Read:0xaaaaaaaa at 0xa0008140
[79299.215637] PUF Read:0xaaaaaaaa at 0xa0008144
[79299.215698] PUF Read:0xaabaaeaa at 0xa0008148
[79299.215728] PUF Read:0xaaaaaaaa at 0xa000814c
[79299.215728] PUF Read:0xaaaaaaaa at 0xa0008150
[79299.215728] PUF Read:0xaaaaaaaa at 0xa0008154
[79299.215789] PUF Read:0xaaaaaaaa at 0xa0008158
[79299.215789] PUF Read:0xaaaaaaea at 0xa000815c
[79299.215850] PUF Read:0xaaaaaaaa at 0xa0008160
[79299.215881] PUF Read:0xaaaaaaaa at 0xa0008164
[79299.215881] PUF Read:0xaaaaaaaa at 0xa0008168
[79299.215881] PUF Read:0xaaaaaaaa at 0xa000816c
[79299.215881] PUF Read:0xaaaaaaaa at 0xa0008170
[79299.215881] PUF Read:0xaaaaaaaa at 0xa0008174
[79299.215881] PUF Read:0xaaaaaaaa at 0xa0008178
[79299.216033] PUF Read:0xaaaaaaaa at 0xa000817c
[79299.216033] PUF Read:0xaaaa2a2a at 0xa0008180
[79299.216033] PUF Read:0xaaaaaaaa at 0xa0008184
[79299.216033] PUF Read:0xaaaaaaaa at 0xa0008188
[79299.216125] PUF Read:0xaaaaaaaa at 0xa000818c
[79299.216125] PUF Read:0xaaaaaaaa at 0xa0008190
[79299.216186] PUF Read:0xaaaaaaaa at 0xa0008194
[79299.216217] PUF Read:0xaaaaaaaa at 0xa0008198
[79299.216217] PUF Read:0xaaaaaaaa at 0xa000819c
[79299.216217] PUF Read:0xaaaaaaaa at 0xa00081a0
[79299.216278] PUF Read:0xaaaaaaaa at 0xa00081a4
[79299.216278] PUF Read:0xaaaaaaaa at 0xa00081a8
[79299.216339] PUF Read:0xaaaaaaaa at 0xa00081ac
[79299.216369] PUF Read:0xaaeaaaaa at 0xa00081b0
[79299.216369] PUF Read:0xaaaaaaaa at 0xa00081b4
[79299.216430] PUF Read:0xaaaaaaaa at 0xa00081b8
[79299.216430] PUF Read:0xaaaaaaaa at 0xa00081bc
[79299.216430] PUF Read:0xaaaaaaaa at 0xa00081c0
[79299.216430] PUF Read:0xaaaaaaae at 0xa00081c4
[79299.216522] PUF Read:0xaaaaaaaa at 0xa00081c8
[79299.216522] PUF Read:0xaaaaaaaa at 0xa00081cc
[79299.216522] PUF Read:0xbaaaaaaa at 0xa00081d0
[79299.216522] PUF Read:0xaaaaaaaa at 0xa00081d4
[79299.216522] PUF Read:0xaaaaaaaa at 0xa00081d8
[79299.216522] PUF Read:0xaaaaaaaa at 0xa00081dc
[79299.216674] PUF Read:0xaaaaaaaa at 0xa00081e0
[79299.216705] PUF Read:0xaaaaaaea at 0xa00081e4
[79299.216705] PUF Read:0xaaaaaaaa at 0xa00081e8
[79299.216705] PUF Read:0xaa2aaaaa at 0xa00081ec
[79299.216766] PUF Read:0xaaaaaaaa at 0xa00081f0
[79299.216796] PUF Read:0xaaaaaeaa at 0xa00081f4
[79299.216796] PUF Read:0xaaaaaaa2 at 0xa00081f8
[79299.216857] PUF Read:0xaaaaaaaa at 0xa00081fc
[79299.216888] PUF Read:0xaaaaaaaa at 0xa0008200
[79299.216888] PUF Read:0xaaaaaaaa at 0xa0008204
[79299.216888] PUF Read:0xaaaaaaaa at 0xa0008208
[79299.216888] PUF Read:0xa8aaaaaa at 0xa000820c
[79299.216888] PUF Read:0xaaaaaaaa at 0xa0008210
[79299.216888] PUF Read:0xaaaaaaaa at 0xa0008214
[79299.217041] PUF Read:0xaaaaaaaa at 0xa0008218
[79299.217071] PUF Read:0xaaaaaaaa at 0xa000821c
[79299.217071] PUF Read:0xaaaaaaaa at 0xa0008220
[79299.217071] PUF Read:0xaaaaaaaa at 0xa0008224
[79299.217132] PUF Read:0xaaaaaaaa at 0xa0008228
[79299.217132] PUF Read:0xaaaaaaaa at 0xa000822c
[79299.217193] PUF Read:0xaaaaaaaa at 0xa0008230
[79299.217224] PUF Read:0xa8aaaaaa at 0xa0008234
[79299.217224] PUF Read:0xaaaaaaaa at 0xa0008238
[79299.217285] PUF Read:0xaaaaaaaa at 0xa000823c
[79299.217285] PUF Read:0xaaaaaaaa at 0xa0008240
[79299.217285] PUF Read:0xaaaaaaaa at 0xa0008244
[79299.217285] PUF Read:0xaaaaaaaa at 0xa0008248
[79299.217376] PUF Read:0xaaaaaaaa at 0xa000824c
[79299.217376] PUF Read:0xaaaaaaaa at 0xa0008250
[79299.217376] PUF Read:0xaaaaaaaa at 0xa0008254
[79299.217376] PUF Read:0xaaaaaaaa at 0xa0008258
[79299.217468] PUF Read:0xaaaaaaaa at 0xa000825c
[79299.217468] PUF Read:0xaaaaaaaa at 0xa0008260
[79299.217529] PUF Read:0xaaaaaaaa at 0xa0008264
[79299.217559] PUF Read:0xaaaaaaaa at 0xa0008268
[79299.217559] PUF Read:0xaaaaaaaa at 0xa000826c
[79299.217559] PUF Read:0xaaaaaaaa at 0xa0008270
[79299.217620] PUF Read:0xaaaaaaaa at 0xa0008274
[79299.217620] PUF Read:0xaaaaaaaa at 0xa0008278
[79299.217681] PUF Read:0xaaaaaaaa at 0xa000827c
[79299.217712] PUF Read:0xaaaaaaaa at 0xa0008280
[79299.217712] PUF Read:0xaaaaaaaa at 0xa0008284
[79299.217712] PUF Read:0xaaaaaaaa at 0xa0008288
[79299.217773] PUF Read:0xaaaaaaaa at 0xa000828c
[79299.217773] PUF Read:0xaaaaaaaa at 0xa0008290
[79299.217834] PUF Read:0xaaaaaaaa at 0xa0008294
[79299.217864] PUF Read:0xaaaaaaaa at 0xa0008298
[79299.217864] PUF Read:0xaaaaaaaa at 0xa000829c
[79299.217926] PUF Read:0xaaaaaaaa at 0xa00082a0
[79299.217926] PUF Read:0xaaaaaaaa at 0xa00082a4
[79299.217926] PUF Read:0xaaaaaaaa at 0xa00082a8
[79299.217926] PUF Read:0xaaaaaaaa at 0xa00082ac
[79299.218017] PUF Read:0xaaaaaaaa at 0xa00082b0
[79299.218017] PUF Read:0xaaaaaaaa at 0xa00082b4
[79299.218017] PUF Read:0xaaaaaaea at 0xa00082b8
[79299.218017] PUF Read:0xaaaaaaaa at 0xa00082bc
[79299.218109] PUF Read:0xaaaaaaaa at 0xa00082c0
[79299.218109] PUF Read:0xaaaaaaaa at 0xa00082c4
[79299.218170] PUF Read:0xbaaaaaaa at 0xa00082c8
[79299.218200] PUF Read:0xaaaaaaaa at 0xa00082cc
[79299.218200] PUF Read:0xaaaaaaaa at 0xa00082d0
[79299.218200] PUF Read:0xaaaaaaaa at 0xa00082d4
[79299.218261] PUF Read:0xaaaaaaaa at 0xa00082d8
[79299.218261] PUF Read:0xaaaaaaaa at 0xa00082dc
[79299.218261] PUF Read:0xaaaaaaaa at 0xa00082e0
[79299.218353] PUF Read:0xaaaaaeaa at 0xa00082e4
[79299.218383] PUF Read:0xaaaaaaaa at 0xa00082e8
[79299.218383] PUF Read:0xaaaaaaaa at 0xa00082ec
[79299.218383] PUF Read:0xaaaaaaaa at 0xa00082f0
[79299.218444] PUF Read:0xaaaaaaaa at 0xa00082f4
[79299.218444] PUF Read:0xaaaaaaaa at 0xa00082f8
[79299.218505] PUF Read:0xaaaaaaaa at 0xa00082fc
[79299.218536] PUF Read:0xaaaaaaaa at 0xa0008300
[79299.218536] PUF Read:0xaaaaaaaa at 0xa0008304
[79299.218536] PUF Read:0xaaaaaaaa at 0xa0008308
[79299.218536] PUF Read:0xaaaaaaaa at 0xa000830c
[79299.218536] PUF Read:0xaaaaaaaa at 0xa0008310
[79299.218536] PUF Read:0xaaaaaaaa at 0xa0008314
[79299.218688] PUF Read:0xaaaaaaaa at 0xa0008318
[79299.218688] PUF Read:0xbaaaaaaa at 0xa000831c
[79299.218688] PUF Read:0xaaaaaaaa at 0xa0008320
[79299.218688] PUF Read:0xaaaaaaaa at 0xa0008324
[79299.218780] PUF Read:0xaaaaaaaa at 0xa0008328
[79299.218780] PUF Read:0xaaaaaaaa at 0xa000832c
[79299.218841] PUF Read:0xaaaaaaae at 0xa0008330
[79299.218872] PUF Read:0xaaaaaaaa at 0xa0008334
[79299.218872] PUF Read:0xaaaaaaaa at 0xa0008338
[79299.218872] PUF Read:0xaaaaaaaa at 0xa000833c
[79299.218933] PUF Read:0xaaaaaaaa at 0xa0008340
[79299.218933] PUF Read:0xaaaaaaaa at 0xa0008344
[79299.218994] PUF Read:0xaaaaaaaa at 0xa0008348
[79299.219024] PUF Read:0xaaaaaaaa at 0xa000834c
[79299.219024] PUF Read:0xaaaaaa8a at 0xa0008350
[79299.219024] PUF Read:0xaaaaaaaa at 0xa0008354
[79299.219085] PUF Read:0xaaaaaaaa at 0xa0008358
[79299.219085] PUF Read:0xaaaaaaaa at 0xa000835c
[79299.219146] PUF Read:0xaaabaaaa at 0xa0008360
[79299.219177] PUF Read:0xaaaaaaaa at 0xa0008364
[79299.219177] PUF Read:0xaaaaaaaa at 0xa0008368
[79299.219177] PUF Read:0xaaaaaaaa at 0xa000836c
[79299.219177] PUF Read:0xaaaaaaaa at 0xa0008370
[79299.219177] PUF Read:0xaaaaaaaa at 0xa0008374
[79299.219177] PUF Read:0xaaaaaaaa at 0xa0008378
[79299.219329] PUF Read:0xaaaaaaaa at 0xa000837c
[79299.219329] PUF Read:0xaaaaaaaa at 0xa0008380
[79299.219329] PUF Read:0xaaaaaaaa at 0xa0008384
[79299.219329] PUF Read:0xaaaaaaaa at 0xa0008388
[79299.219421] PUF Read:0xaaaaaaaa at 0xa000838c
[79299.219421] PUF Read:0xaaaaaaaa at 0xa0008390
[79299.219482] PUF Read:0xaaaaaaaa at 0xa0008394
[79299.219512] PUF Read:0xaaaaaaaa at 0xa0008398
[79299.219512] PUF Read:0xaaa2aaaa at 0xa000839c
[79299.219512] PUF Read:0xaaaaaaaa at 0xa00083a0
[79299.219573] PUF Read:0xaaaaaaaa at 0xa00083a4
[79299.219573] PUF Read:0xaaaaaaaa at 0xa00083a8
[79299.219635] PUF Read:0xaaaaaaaa at 0xa00083ac
[79299.219665] PUF Read:0xaaaaaaaa at 0xa00083b0
[79299.219665] PUF Read:0xaaaaaaaa at 0xa00083b4
[79299.219665] PUF Read:0xaaaaaaaa at 0xa00083b8
[79299.219665] PUF Read:0xaaaaaaaa at 0xa00083bc
[79299.219665] PUF Read:0xaaaaaaaa at 0xa00083c0
[79299.219665] PUF Read:0xaaaaaaaa at 0xa00083c4
[79299.219818] PUF Read:0xaaaaaaaa at 0xa00083c8
[79299.219848] PUF Read:0xaaaaaaaa at 0xa00083cc
[79299.219848] PUF Read:0xaaaaaaaa at 0xa00083d0
[79299.219848] PUF Read:0xaaabaaaa at 0xa00083d4
[79299.219848] PUF Read:0xaaaaaaaa at 0xa00083d8
[79299.219940] PUF Read:0xaaaaaaaa at 0xa00083dc
[79299.219940] PUF Read:0xaaaaaaaa at 0xa00083e0
[79299.220001] PUF Read:0xaaaaa8aa at 0xa00083e4
[79299.220031] PUF Read:0xaaaaaaaa at 0xa00083e8
[79299.220031] PUF Read:0xaaaaaaaa at 0xa00083ec
[79299.220031] PUF Read:0xaaaaaaaa at 0xa00083f0
[79299.220092] PUF Read:0xaaaaaaaa at 0xa00083f4
[79299.220092] PUF Read:0xaaaaaaae at 0xa00083f8
[79299.220153] PUF Read:0xaaaeaaaa at 0xa00083fc
[79299.220184] [i] Finished PUF read-out
[79299.220184] <6>[i] Finished PUF query for decaytime: 7680
[79299.220184] [i] Start decaytime: 120
[79299.220214] EMIF 2 REG Write 0x80000000 at 0x4d000010
[79299.220214] EMIF 2 REG Read 0x80000000 at 0x4d000010
[79299.220245] EMIF 2 REG Write 0x80000000 at 0x4d000014
[79299.220245] EMIF 2 REG Read 0x00000000 at 0x4d000014
[79299.220275] EMIF 2 REG Write 0x08016893 at 0x4d0000cc
[79299.220275] EMIF 2 REG Read 0x08016893 at 0x4d0000cc
[79299.220275] Temp polling alert disabled
[79299.220306] Refresh Disabled at EMIF2
[79299.220306] [i] Initialiting PUF & hammer rows
[79299.220306] [i] Single-Sided Rowhammer (SSRH)
[79299.227050] [i] Finished initialiting PUF & hammer rows
[79299.227050] [i]	Timer elapsed since its reset 0 sec
[79299.227081] [i] Decay: 120 sec
[79299.227081] [i]	Relative Decay: 0 msec
