[36145.565002] [i] Total hammer attempts per row: 3728621
[36145.565032] EMIF 2 REG Write 0x00000618 at 0x4d000010
[36145.565032] EMIF 2 REG Read 0x00000618 at 0x4d000010
[36145.565063] EMIF 2 REG Write 0x00000618 at 0x4d000014
[36145.565063] EMIF 2 REG Read 0x00000618 at 0x4d000014
[36145.565093] EMIF 2 REG Write 0x58016893 at 0x4d0000cc
[36145.565093] EMIF 2 REG Read 0x58016893 at 0x4d0000cc
[36145.565093] Temp polling alert enabled
[36145.565124] Refresh enabled at EMIF2
[36145.565124] [i] Starting PUF read-out
[36145.565124] [i] Single-Sided Rowhammer (SSRH)
[36145.565155] PUF Read:0x00000010 at 0xa0008000
[36145.565185] PUF Read:0x00000400 at 0xa0008004
[36145.565216] PUF Read:0x00000000 at 0xa0008008
[36145.565216] PUF Read:0x00000000 at 0xa000800c
[36145.565216] PUF Read:0x00000000 at 0xa0008010
[36145.565216] PUF Read:0x00000100 at 0xa0008014
[36145.565307] PUF Read:0x00000000 at 0xa0008018
[36145.565307] PUF Read:0x10400100 at 0xa000801c
[36145.565368] PUF Read:0x40000000 at 0xa0008020
[36145.565399] PUF Read:0x40004000 at 0xa0008024
[36145.565399] PUF Read:0x00004000 at 0xa0008028
[36145.565399] PUF Read:0x00000010 at 0xa000802c
[36145.565399] PUF Read:0x40000000 at 0xa0008030
[36145.565399] PUF Read:0x04000000 at 0xa0008034
[36145.565399] PUF Read:0x00004000 at 0xa0008038
[36145.565551] PUF Read:0x00000000 at 0xa000803c
[36145.565582] PUF Read:0x00000001 at 0xa0008040
[36145.565582] PUF Read:0x00004000 at 0xa0008044
[36145.565582] PUF Read:0x00000000 at 0xa0008048
[36145.565643] PUF Read:0x00000001 at 0xa000804c
[36145.565643] PUF Read:0x00000000 at 0xa0008050
[36145.565704] PUF Read:0x00000000 at 0xa0008054
[36145.565734] PUF Read:0x00000000 at 0xa0008058
[36145.565734] PUF Read:0x00000000 at 0xa000805c
[36145.565734] PUF Read:0x00000000 at 0xa0008060
[36145.565795] PUF Read:0x00100000 at 0xa0008064
[36145.565795] PUF Read:0x00000000 at 0xa0008068
[36145.565856] PUF Read:0x00000000 at 0xa000806c
[36145.565887] PUF Read:0x00000000 at 0xa0008070
[36145.565887] PUF Read:0x00000000 at 0xa0008074
[36145.565887] PUF Read:0x00000000 at 0xa0008078
[36145.565948] PUF Read:0x00010000 at 0xa000807c
[36145.565948] PUF Read:0x00010000 at 0xa0008080
[36145.566009] PUF Read:0x00000000 at 0xa0008084
[36145.566040] PUF Read:0x00000000 at 0xa0008088
[36145.566040] PUF Read:0x00000000 at 0xa000808c
[36145.566101] PUF Read:0x00000000 at 0xa0008090
[36145.566101] PUF Read:0x10000000 at 0xa0008094
[36145.566101] PUF Read:0x00410001 at 0xa0008098
[36145.566101] PUF Read:0x00000000 at 0xa000809c
[36145.566192] PUF Read:0x00000000 at 0xa00080a0
[36145.566192] PUF Read:0x00010000 at 0xa00080a4
[36145.566192] PUF Read:0x00010001 at 0xa00080a8
[36145.566192] PUF Read:0x00000041 at 0xa00080ac
[36145.566192] PUF Read:0x00000000 at 0xa00080b0
[36145.566192] PUF Read:0x00000000 at 0xa00080b4
[36145.566345] PUF Read:0x00004000 at 0xa00080b8
[36145.566345] PUF Read:0x00000000 at 0xa00080bc
[36145.566345] PUF Read:0x00000400 at 0xa00080c0
[36145.566345] PUF Read:0x00000000 at 0xa00080c4
[36145.566436] PUF Read:0x10100000 at 0xa00080c8
[36145.566436] PUF Read:0x01000000 at 0xa00080cc
[36145.566497] PUF Read:0x40044000 at 0xa00080d0
[36145.566528] PUF Read:0x00000000 at 0xa00080d4
[36145.566528] PUF Read:0x00001000 at 0xa00080d8
[36145.566528] PUF Read:0x00000000 at 0xa00080dc
[36145.566528] PUF Read:0x01000000 at 0xa00080e0
[36145.566528] PUF Read:0x00000000 at 0xa00080e4
[36145.566650] PUF Read:0x00000000 at 0xa00080e8
[36145.566680] PUF Read:0x00000001 at 0xa00080ec
[36145.566680] PUF Read:0x00000000 at 0xa00080f0
[36145.566680] PUF Read:0x00000000 at 0xa00080f4
[36145.566741] PUF Read:0x00000100 at 0xa00080f8
[36145.566741] PUF Read:0x00000000 at 0xa00080fc
[36145.566802] PUF Read:0x00000000 at 0xa0008100
[36145.566833] PUF Read:0x00000000 at 0xa0008104
[36145.566833] PUF Read:0x00000000 at 0xa0008108
[36145.566833] PUF Read:0x00000000 at 0xa000810c
[36145.566833] PUF Read:0x00000000 at 0xa0008110
[36145.566833] PUF Read:0x00400000 at 0xa0008114
[36145.566955] PUF Read:0x00000000 at 0xa0008118
[36145.566955] PUF Read:0x00000000 at 0xa000811c
[36145.566955] PUF Read:0x00000000 at 0xa0008120
[36145.566955] PUF Read:0x00000400 at 0xa0008124
[36145.566955] PUF Read:0x00000040 at 0xa0008128
[36145.566955] PUF Read:0x00000000 at 0xa000812c
[36145.567108] PUF Read:0x00000000 at 0xa0008130
[36145.567108] PUF Read:0x00000000 at 0xa0008134
[36145.567108] PUF Read:0x00010000 at 0xa0008138
[36145.567108] PUF Read:0x00000000 at 0xa000813c
[36145.567108] PUF Read:0x40000400 at 0xa0008140
[36145.567230] PUF Read:0x00000000 at 0xa0008144
[36145.567260] PUF Read:0x00100400 at 0xa0008148
[36145.567260] PUF Read:0x00000000 at 0xa000814c
[36145.567260] PUF Read:0x00000000 at 0xa0008150
[36145.567321] PUF Read:0x00000000 at 0xa0008154
[36145.567321] PUF Read:0x00000000 at 0xa0008158
[36145.567382] PUF Read:0x00100040 at 0xa000815c
[36145.567413] PUF Read:0x00001000 at 0xa0008160
[36145.567413] PUF Read:0x00000000 at 0xa0008164
[36145.567413] PUF Read:0x04000000 at 0xa0008168
[36145.567474] PUF Read:0x00400000 at 0xa000816c
[36145.567474] PUF Read:0x00000000 at 0xa0008170
[36145.567535] PUF Read:0x00100000 at 0xa0008174
[36145.567565] PUF Read:0x00000000 at 0xa0008178
[36145.567565] PUF Read:0x00004000 at 0xa000817c
[36145.567565] PUF Read:0x00000000 at 0xa0008180
[36145.567565] PUF Read:0x00000000 at 0xa0008184
[36145.567657] PUF Read:0x00040000 at 0xa0008188
[36145.567657] PUF Read:0x00000440 at 0xa000818c
[36145.567718] PUF Read:0x00000000 at 0xa0008190
[36145.567749] PUF Read:0x40000000 at 0xa0008194
[36145.567749] PUF Read:0x00000004 at 0xa0008198
[36145.567749] PUF Read:0x00000000 at 0xa000819c
[36145.567810] PUF Read:0x00000000 at 0xa00081a0
[36145.567810] PUF Read:0x00000000 at 0xa00081a4
[36145.567871] PUF Read:0x00000000 at 0xa00081a8
[36145.567901] PUF Read:0x00000000 at 0xa00081ac
[36145.567901] PUF Read:0x00410000 at 0xa00081b0
[36145.567901] PUF Read:0x00000000 at 0xa00081b4
[36145.567962] PUF Read:0x00000000 at 0xa00081b8
[36145.567962] PUF Read:0x00100000 at 0xa00081bc
[36145.568023] PUF Read:0x00000000 at 0xa00081c0
[36145.568054] PUF Read:0x00000004 at 0xa00081c4
[36145.568054] PUF Read:0x00000000 at 0xa00081c8
[36145.568054] PUF Read:0x00010000 at 0xa00081cc
[36145.568115] PUF Read:0x10000000 at 0xa00081d0
[36145.568115] PUF Read:0x00000000 at 0xa00081d4
[36145.568176] PUF Read:0x10000000 at 0xa00081d8
[36145.568206] PUF Read:0x00004000 at 0xa00081dc
[36145.568206] PUF Read:0x00000000 at 0xa00081e0
[36145.568206] PUF Read:0x00000040 at 0xa00081e4
[36145.568267] PUF Read:0x00000000 at 0xa00081e8
[36145.568267] PUF Read:0x00000010 at 0xa00081ec
[36145.568328] PUF Read:0x00000001 at 0xa00081f0
[36145.568359] PUF Read:0x00000400 at 0xa00081f4
[36145.568359] PUF Read:0x00000000 at 0xa00081f8
[36145.568359] PUF Read:0x00000040 at 0xa00081fc
[36145.568420] PUF Read:0x00000000 at 0xa0008200
[36145.568420] PUF Read:0x00000000 at 0xa0008204
[36145.568481] PUF Read:0x00000010 at 0xa0008208
[36145.568511] PUF Read:0x00000000 at 0xa000820c
[36145.568511] PUF Read:0x00400000 at 0xa0008210
[36145.568511] PUF Read:0x00000000 at 0xa0008214
[36145.568572] PUF Read:0x00000400 at 0xa0008218
[36145.568572] PUF Read:0x00000000 at 0xa000821c
[36145.568634] PUF Read:0x00000000 at 0xa0008220
[36145.568664] PUF Read:0x00100000 at 0xa0008224
[36145.568664] PUF Read:0x00000000 at 0xa0008228
[36145.568664] PUF Read:0x00000000 at 0xa000822c
[36145.568664] PUF Read:0x00000500 at 0xa0008230
[36145.568664] PUF Read:0x00400000 at 0xa0008234
[36145.568786] PUF Read:0x00000000 at 0xa0008238
[36145.568817] PUF Read:0x00000400 at 0xa000823c
[36145.568817] PUF Read:0x00000004 at 0xa0008240
[36145.568817] PUF Read:0x00000000 at 0xa0008244
[36145.568817] PUF Read:0x00040000 at 0xa0008248
[36145.568817] PUF Read:0x00000000 at 0xa000824c
[36145.568939] PUF Read:0x04000000 at 0xa0008250
[36145.568969] PUF Read:0x00100000 at 0xa0008254
[36145.568969] PUF Read:0x00000000 at 0xa0008258
[36145.568969] PUF Read:0x04040000 at 0xa000825c
[36145.569030] PUF Read:0x00000000 at 0xa0008260
[36145.569030] PUF Read:0x00001000 at 0xa0008264
[36145.569091] PUF Read:0x00000400 at 0xa0008268
[36145.569122] PUF Read:0x00001000 at 0xa000826c
[36145.569122] PUF Read:0x00000000 at 0xa0008270
[36145.569122] PUF Read:0x00000000 at 0xa0008274
[36145.569122] PUF Read:0x00000040 at 0xa0008278
[36145.569122] PUF Read:0x00100000 at 0xa000827c
[36145.569122] PUF Read:0x40000000 at 0xa0008280
[36145.569274] PUF Read:0x00000000 at 0xa0008284
[36145.569274] PUF Read:0x00400000 at 0xa0008288
[36145.569274] PUF Read:0x00000000 at 0xa000828c
[36145.569274] PUF Read:0x00000000 at 0xa0008290
[36145.569366] PUF Read:0x00000000 at 0xa0008294
[36145.569366] PUF Read:0x00000000 at 0xa0008298
[36145.569427] PUF Read:0x00000000 at 0xa000829c
[36145.569427] PUF Read:0x00000400 at 0xa00082a0
[36145.569427] PUF Read:0x00001000 at 0xa00082a4
[36145.569427] PUF Read:0x00000000 at 0xa00082a8
[36145.569519] PUF Read:0x00000000 at 0xa00082ac
[36145.569519] PUF Read:0x00000000 at 0xa00082b0
[36145.569580] PUF Read:0x00000000 at 0xa00082b4
[36145.569580] PUF Read:0x00000040 at 0xa00082b8
[36145.569580] PUF Read:0x00000000 at 0xa00082bc
[36145.569580] PUF Read:0x00000000 at 0xa00082c0
[36145.569671] PUF Read:0x00000000 at 0xa00082c4
[36145.569671] PUF Read:0x10000000 at 0xa00082c8
[36145.569732] PUF Read:0x00000000 at 0xa00082cc
[36145.569763] PUF Read:0x00100000 at 0xa00082d0
[36145.569763] PUF Read:0x00000000 at 0xa00082d4
[36145.569763] PUF Read:0x40000000 at 0xa00082d8
[36145.569824] PUF Read:0x00004000 at 0xa00082dc
[36145.569824] PUF Read:0x00000000 at 0xa00082e0
[36145.569885] PUF Read:0x00000400 at 0xa00082e4
[36145.569915] PUF Read:0x00000100 at 0xa00082e8
[36145.569915] PUF Read:0x00000001 at 0xa00082ec
[36145.569915] PUF Read:0x00000001 at 0xa00082f0
[36145.569976] PUF Read:0x00000000 at 0xa00082f4
[36145.569976] PUF Read:0x00000000 at 0xa00082f8
[36145.570037] PUF Read:0x00000000 at 0xa00082fc
[36145.570037] PUF Read:0x00000100 at 0xa0008300
[36145.570037] PUF Read:0x00000000 at 0xa0008304
[36145.570037] PUF Read:0x00000000 at 0xa0008308
[36145.570129] PUF Read:0x00000000 at 0xa000830c
[36145.570129] PUF Read:0x00000000 at 0xa0008310
[36145.570190] PUF Read:0x00000010 at 0xa0008314
[36145.570220] PUF Read:0x01500000 at 0xa0008318
[36145.570220] PUF Read:0x10000000 at 0xa000831c
[36145.570220] PUF Read:0x00000000 at 0xa0008320
[36145.570281] PUF Read:0x00000100 at 0xa0008324
[36145.570281] PUF Read:0x00000000 at 0xa0008328
[36145.570343] PUF Read:0x00010000 at 0xa000832c
[36145.570373] PUF Read:0x00000004 at 0xa0008330
[36145.570373] PUF Read:0x00000100 at 0xa0008334
[36145.570373] PUF Read:0x00001000 at 0xa0008338
[36145.570434] PUF Read:0x00000000 at 0xa000833c
[36145.570434] PUF Read:0x10000100 at 0xa0008340
[36145.570495] PUF Read:0x00000001 at 0xa0008344
[36145.570526] PUF Read:0x00000000 at 0xa0008348
[36145.570526] PUF Read:0x00000100 at 0xa000834c
[36145.570526] PUF Read:0x00000000 at 0xa0008350
[36145.570587] PUF Read:0x00000000 at 0xa0008354
[36145.570587] PUF Read:0x00000000 at 0xa0008358
[36145.570648] PUF Read:0x00000000 at 0xa000835c
[36145.570678] PUF Read:0x00014000 at 0xa0008360
[36145.570709] PUF Read:0x00000000 at 0xa0008364
[36145.570709] PUF Read:0x00000000 at 0xa0008368
[36145.570709] PUF Read:0x00000400 at 0xa000836c
[36145.570770] PUF Read:0x00000000 at 0xa0008370
[36145.570770] PUF Read:0x00000000 at 0xa0008374
[36145.570831] PUF Read:0x40000000 at 0xa0008378
[36145.570861] PUF Read:0x00000000 at 0xa000837c
[36145.570861] PUF Read:0x00000000 at 0xa0008380
[36145.570861] PUF Read:0x00000000 at 0xa0008384
[36145.570922] PUF Read:0x00000000 at 0xa0008388
[36145.570922] PUF Read:0x00000000 at 0xa000838c
[36145.570983] PUF Read:0x00000001 at 0xa0008390
[36145.571014] PUF Read:0x00000100 at 0xa0008394
[36145.571014] PUF Read:0x10000000 at 0xa0008398
[36145.571014] PUF Read:0x00000000 at 0xa000839c
[36145.571075] PUF Read:0x00000000 at 0xa00083a0
[36145.571075] PUF Read:0x00000000 at 0xa00083a4
[36145.571136] PUF Read:0x00000000 at 0xa00083a8
[36145.571166] PUF Read:0x00001000 at 0xa00083ac
[36145.571166] PUF Read:0x00000000 at 0xa00083b0
[36145.571166] PUF Read:0x00000000 at 0xa00083b4
[36145.571228] PUF Read:0x00000000 at 0xa00083b8
[36145.571228] PUF Read:0x00000000 at 0xa00083bc
[36145.571289] PUF Read:0x00000040 at 0xa00083c0
[36145.571319] PUF Read:0x04000000 at 0xa00083c4
[36145.571319] PUF Read:0x00000000 at 0xa00083c8
[36145.571319] PUF Read:0x00000000 at 0xa00083cc
[36145.571380] PUF Read:0x00000000 at 0xa00083d0
[36145.571380] PUF Read:0x00010000 at 0xa00083d4
[36145.571441] PUF Read:0x00000000 at 0xa00083d8
[36145.571472] PUF Read:0x00000000 at 0xa00083dc
[36145.571472] PUF Read:0x00140000 at 0xa00083e0
[36145.571472] PUF Read:0x10000000 at 0xa00083e4
[36145.571472] PUF Read:0x00000000 at 0xa00083e8
[36145.571472] PUF Read:0x00000000 at 0xa00083ec
[36145.571472] PUF Read:0x00000400 at 0xa00083f0
[36145.571624] PUF Read:0x04000000 at 0xa00083f4
[36145.571624] PUF Read:0x00000004 at 0xa00083f8
[36145.571624] PUF Read:0x00040000 at 0xa00083fc
[36145.571624] [i] Finished PUF read-out
[36145.571624] <6>[i] Finished PUF query for decaytime: 15360
[36145.571716] End measurement:19
[36145.571716] [i] Starting the Rowhammer PUF for PandaBoard
[36145.571746] Number of PUF rows: 8 PUF init Value :0 Rowhammer rows init Value:ffffffff
[36145.571746] [i] Start measurement: 0
[36145.571746] [i] Start decaytime: 60
[36145.571777] EMIF 2 REG Write 0x80000000 at 0x4d000010
[36145.571777] EMIF 2 REG Read 0x80000000 at 0x4d000010
[36145.571807] EMIF 2 REG Write 0x80000000 at 0x4d000014
[36145.571807] EMIF 2 REG Read 0x00000000 at 0x4d000014
[36145.571838] EMIF 2 REG Write 0x08016893 at 0x4d0000cc
[36145.571838] EMIF 2 REG Read 0x08016893 at 0x4d0000cc
[36145.571838] Temp polling alert disabled
[36145.571838] Refresh Disabled at EMIF2
[36145.571868] [i] Initialiting PUF & hammer rows
[36145.571868] [i] Single-Sided Rowhammer (SSRH)
[36145.611755] [i] Finished initialiting PUF & hammer rows
[36145.615600] [i]	Timer elapsed since its reset 0 sec
[36145.615600] [i] Decay: 60 sec
[36145.615600] [i]	Relative Decay: 0 msec
