[35965.549377] [i] Total hammer attempts per row: 3728246
[35965.549377] EMIF 2 REG Write 0x00000618 at 0x4d000010
[35965.549377] EMIF 2 REG Read 0x00000618 at 0x4d000010
[35965.549438] EMIF 2 REG Write 0x00000618 at 0x4d000014
[35965.549438] EMIF 2 REG Read 0x00000618 at 0x4d000014
[35965.549468] EMIF 2 REG Write 0x58016893 at 0x4d0000cc
[35965.549468] EMIF 2 REG Read 0x58016893 at 0x4d0000cc
[35965.549468] Temp polling alert enabled
[35965.549499] Refresh enabled at EMIF2
[35965.549499] [i] Starting PUF read-out
[35965.549499] [i] Single-Sided Rowhammer (SSRH)
[35965.549530] PUF Read:0x00000010 at 0xa0008000
[35965.549530] PUF Read:0x00000400 at 0xa0008004
[35965.549530] PUF Read:0x00000000 at 0xa0008008
[35965.549530] PUF Read:0x00000000 at 0xa000800c
[35965.549621] PUF Read:0x00000000 at 0xa0008010
[35965.549621] PUF Read:0x00000100 at 0xa0008014
[35965.549621] PUF Read:0x00000000 at 0xa0008018
[35965.549713] PUF Read:0x10400100 at 0xa000801c
[35965.549743] PUF Read:0x00000000 at 0xa0008020
[35965.549743] PUF Read:0x40004000 at 0xa0008024
[35965.549743] PUF Read:0x00004000 at 0xa0008028
[35965.549804] PUF Read:0x00000010 at 0xa000802c
[35965.549804] PUF Read:0x40000000 at 0xa0008030
[35965.549865] PUF Read:0x04000000 at 0xa0008034
[35965.549896] PUF Read:0x00004000 at 0xa0008038
[35965.549896] PUF Read:0x00000000 at 0xa000803c
[35965.549896] PUF Read:0x00000001 at 0xa0008040
[35965.549896] PUF Read:0x00004000 at 0xa0008044
[35965.549896] PUF Read:0x00000000 at 0xa0008048
[35965.549896] PUF Read:0x00000001 at 0xa000804c
[35965.550048] PUF Read:0x00000000 at 0xa0008050
[35965.550048] PUF Read:0x00000000 at 0xa0008054
[35965.550048] PUF Read:0x00000000 at 0xa0008058
[35965.550048] PUF Read:0x00000000 at 0xa000805c
[35965.550140] PUF Read:0x00000000 at 0xa0008060
[35965.550140] PUF Read:0x00100000 at 0xa0008064
[35965.550201] PUF Read:0x00000000 at 0xa0008068
[35965.550231] PUF Read:0x00000000 at 0xa000806c
[35965.550231] PUF Read:0x00000000 at 0xa0008070
[35965.550231] PUF Read:0x00000000 at 0xa0008074
[35965.550292] PUF Read:0x00000000 at 0xa0008078
[35965.550292] PUF Read:0x00010000 at 0xa000807c
[35965.550354] PUF Read:0x00010000 at 0xa0008080
[35965.550384] PUF Read:0x00000000 at 0xa0008084
[35965.550384] PUF Read:0x00000000 at 0xa0008088
[35965.550384] PUF Read:0x00000000 at 0xa000808c
[35965.550445] PUF Read:0x00000000 at 0xa0008090
[35965.550445] PUF Read:0x10000000 at 0xa0008094
[35965.550506] PUF Read:0x00410001 at 0xa0008098
[35965.550537] PUF Read:0x00000000 at 0xa000809c
[35965.550537] PUF Read:0x00000000 at 0xa00080a0
[35965.550537] PUF Read:0x00010000 at 0xa00080a4
[35965.550598] PUF Read:0x00000001 at 0xa00080a8
[35965.550598] PUF Read:0x00000041 at 0xa00080ac
[35965.550659] PUF Read:0x00000000 at 0xa00080b0
[35965.550689] PUF Read:0x00000000 at 0xa00080b4
[35965.550689] PUF Read:0x00004000 at 0xa00080b8
[35965.550689] PUF Read:0x00000000 at 0xa00080bc
[35965.550750] PUF Read:0x00000400 at 0xa00080c0
[35965.550750] PUF Read:0x00000000 at 0xa00080c4
[35965.550750] PUF Read:0x10100000 at 0xa00080c8
[35965.550842] PUF Read:0x01000000 at 0xa00080cc
[35965.550872] PUF Read:0x40044000 at 0xa00080d0
[35965.550872] PUF Read:0x00000000 at 0xa00080d4
[35965.550872] PUF Read:0x00001000 at 0xa00080d8
[35965.550933] PUF Read:0x00000000 at 0xa00080dc
[35965.550933] PUF Read:0x01000000 at 0xa00080e0
[35965.550994] PUF Read:0x00000000 at 0xa00080e4
[35965.551025] PUF Read:0x00000000 at 0xa00080e8
[35965.551025] PUF Read:0x00000001 at 0xa00080ec
[35965.551086] PUF Read:0x00000000 at 0xa00080f0
[35965.551086] PUF Read:0x00000000 at 0xa00080f4
[35965.551086] PUF Read:0x00000100 at 0xa00080f8
[35965.551086] PUF Read:0x00000000 at 0xa00080fc
[35965.551177] PUF Read:0x00000000 at 0xa0008100
[35965.551177] PUF Read:0x00000000 at 0xa0008104
[35965.551239] PUF Read:0x00000000 at 0xa0008108
[35965.551239] PUF Read:0x00000000 at 0xa000810c
[35965.551239] PUF Read:0x00000000 at 0xa0008110
[35965.551239] PUF Read:0x00400000 at 0xa0008114
[35965.551330] PUF Read:0x00000000 at 0xa0008118
[35965.551330] PUF Read:0x00000000 at 0xa000811c
[35965.551330] PUF Read:0x00000000 at 0xa0008120
[35965.551330] PUF Read:0x00000400 at 0xa0008124
[35965.551330] PUF Read:0x00000040 at 0xa0008128
[35965.551330] PUF Read:0x00000000 at 0xa000812c
[35965.551483] PUF Read:0x00000000 at 0xa0008130
[35965.551483] PUF Read:0x00000000 at 0xa0008134
[35965.551483] PUF Read:0x00010000 at 0xa0008138
[35965.551483] PUF Read:0x00000000 at 0xa000813c
[35965.551483] PUF Read:0x40000400 at 0xa0008140
[35965.551483] PUF Read:0x00000000 at 0xa0008144
[35965.551635] PUF Read:0x00100400 at 0xa0008148
[35965.551635] PUF Read:0x00000000 at 0xa000814c
[35965.551635] PUF Read:0x00000000 at 0xa0008150
[35965.551635] PUF Read:0x00000000 at 0xa0008154
[35965.551635] PUF Read:0x00000000 at 0xa0008158
[35965.551635] PUF Read:0x00100040 at 0xa000815c
[35965.551788] PUF Read:0x00001000 at 0xa0008160
[35965.551788] PUF Read:0x00000000 at 0xa0008164
[35965.551788] PUF Read:0x04000000 at 0xa0008168
[35965.551788] PUF Read:0x00400000 at 0xa000816c
[35965.551879] PUF Read:0x00000000 at 0xa0008170
[35965.551879] PUF Read:0x00100000 at 0xa0008174
[35965.551940] PUF Read:0x00000000 at 0xa0008178
[35965.551971] PUF Read:0x00004000 at 0xa000817c
[35965.551971] PUF Read:0x00000000 at 0xa0008180
[35965.551971] PUF Read:0x00000000 at 0xa0008184
[35965.552032] PUF Read:0x00040000 at 0xa0008188
[35965.552032] PUF Read:0x00000440 at 0xa000818c
[35965.552093] PUF Read:0x00000000 at 0xa0008190
[35965.552124] PUF Read:0x40000000 at 0xa0008194
[35965.552124] PUF Read:0x00000004 at 0xa0008198
[35965.552124] PUF Read:0x00000000 at 0xa000819c
[35965.552185] PUF Read:0x00000000 at 0xa00081a0
[35965.552185] PUF Read:0x00000000 at 0xa00081a4
[35965.552246] PUF Read:0x00000000 at 0xa00081a8
[35965.552276] PUF Read:0x00000000 at 0xa00081ac
[35965.552276] PUF Read:0x00410000 at 0xa00081b0
[35965.552276] PUF Read:0x00000000 at 0xa00081b4
[35965.552337] PUF Read:0x00000000 at 0xa00081b8
[35965.552337] PUF Read:0x00100000 at 0xa00081bc
[35965.552398] PUF Read:0x00000000 at 0xa00081c0
[35965.552429] PUF Read:0x00000004 at 0xa00081c4
[35965.552429] PUF Read:0x00000000 at 0xa00081c8
[35965.552429] PUF Read:0x00010000 at 0xa00081cc
[35965.552490] PUF Read:0x10000000 at 0xa00081d0
[35965.552490] PUF Read:0x00000000 at 0xa00081d4
[35965.552551] PUF Read:0x10000000 at 0xa00081d8
[35965.552581] PUF Read:0x00004000 at 0xa00081dc
[35965.552581] PUF Read:0x00000000 at 0xa00081e0
[35965.552581] PUF Read:0x00000040 at 0xa00081e4
[35965.552642] PUF Read:0x00000000 at 0xa00081e8
[35965.552642] PUF Read:0x00000010 at 0xa00081ec
[35965.552703] PUF Read:0x00000001 at 0xa00081f0
[35965.552734] PUF Read:0x00000400 at 0xa00081f4
[35965.552734] PUF Read:0x00000000 at 0xa00081f8
[35965.552795] PUF Read:0x00000040 at 0xa00081fc
[35965.552795] PUF Read:0x00000000 at 0xa0008200
[35965.552795] PUF Read:0x00000000 at 0xa0008204
[35965.552856] PUF Read:0x00000010 at 0xa0008208
[35965.552886] PUF Read:0x00000000 at 0xa000820c
[35965.552886] PUF Read:0x00400000 at 0xa0008210
[35965.552886] PUF Read:0x00000000 at 0xa0008214
[35965.552886] PUF Read:0x00000400 at 0xa0008218
[35965.552886] PUF Read:0x00000000 at 0xa000821c
[35965.553009] PUF Read:0x00000000 at 0xa0008220
[35965.553039] PUF Read:0x00100000 at 0xa0008224
[35965.553039] PUF Read:0x00000000 at 0xa0008228
[35965.553039] PUF Read:0x00000000 at 0xa000822c
[35965.553100] PUF Read:0x00000500 at 0xa0008230
[35965.553100] PUF Read:0x00400000 at 0xa0008234
[35965.553161] PUF Read:0x00000000 at 0xa0008238
[35965.553192] PUF Read:0x00000400 at 0xa000823c
[35965.553192] PUF Read:0x00000000 at 0xa0008240
[35965.553192] PUF Read:0x00000000 at 0xa0008244
[35965.553253] PUF Read:0x00040000 at 0xa0008248
[35965.553253] PUF Read:0x00000000 at 0xa000824c
[35965.553314] PUF Read:0x04000000 at 0xa0008250
[35965.553344] PUF Read:0x00100000 at 0xa0008254
[35965.553344] PUF Read:0x00000000 at 0xa0008258
[35965.553344] PUF Read:0x04040000 at 0xa000825c
[35965.553405] PUF Read:0x00000000 at 0xa0008260
[35965.553405] PUF Read:0x00000000 at 0xa0008264
[35965.553466] PUF Read:0x00000400 at 0xa0008268
[35965.553497] PUF Read:0x00001000 at 0xa000826c
[35965.553497] PUF Read:0x00000000 at 0xa0008270
[35965.553497] PUF Read:0x00000000 at 0xa0008274
[35965.553558] PUF Read:0x00000040 at 0xa0008278
[35965.553558] PUF Read:0x00100000 at 0xa000827c
[35965.553619] PUF Read:0x40000000 at 0xa0008280
[35965.553649] PUF Read:0x00000000 at 0xa0008284
[35965.553649] PUF Read:0x00400000 at 0xa0008288
[35965.553649] PUF Read:0x00000000 at 0xa000828c
[35965.553710] PUF Read:0x00000000 at 0xa0008290
[35965.553710] PUF Read:0x00000000 at 0xa0008294
[35965.553771] PUF Read:0x00000000 at 0xa0008298
[35965.553802] PUF Read:0x00000000 at 0xa000829c
[35965.553802] PUF Read:0x00000400 at 0xa00082a0
[35965.553802] PUF Read:0x00001000 at 0xa00082a4
[35965.553802] PUF Read:0x00000000 at 0xa00082a8
[35965.553894] PUF Read:0x00000000 at 0xa00082ac
[35965.553894] PUF Read:0x00000000 at 0xa00082b0
[35965.553955] PUF Read:0x00000000 at 0xa00082b4
[35965.553985] PUF Read:0x00000040 at 0xa00082b8
[35965.553985] PUF Read:0x00000000 at 0xa00082bc
[35965.553985] PUF Read:0x00000000 at 0xa00082c0
[35965.554046] PUF Read:0x00000000 at 0xa00082c4
[35965.554046] PUF Read:0x10000000 at 0xa00082c8
[35965.554107] PUF Read:0x00000000 at 0xa00082cc
[35965.554138] PUF Read:0x00100000 at 0xa00082d0
[35965.554138] PUF Read:0x00000000 at 0xa00082d4
[35965.554138] PUF Read:0x40000000 at 0xa00082d8
[35965.554199] PUF Read:0x00004000 at 0xa00082dc
[35965.554199] PUF Read:0x00000000 at 0xa00082e0
[35965.554260] PUF Read:0x00000400 at 0xa00082e4
[35965.554290] PUF Read:0x00000100 at 0xa00082e8
[35965.554290] PUF Read:0x00000001 at 0xa00082ec
[35965.554290] PUF Read:0x00000001 at 0xa00082f0
[35965.554351] PUF Read:0x00000000 at 0xa00082f4
[35965.554351] PUF Read:0x00000000 at 0xa00082f8
[35965.554412] PUF Read:0x00000000 at 0xa00082fc
[35965.554443] PUF Read:0x00000100 at 0xa0008300
[35965.554443] PUF Read:0x00000000 at 0xa0008304
[35965.554443] PUF Read:0x00000000 at 0xa0008308
[35965.554504] PUF Read:0x00000000 at 0xa000830c
[35965.554504] PUF Read:0x00000000 at 0xa0008310
[35965.554565] PUF Read:0x00000010 at 0xa0008314
[35965.554595] PUF Read:0x01500000 at 0xa0008318
[35965.554595] PUF Read:0x10000000 at 0xa000831c
[35965.554595] PUF Read:0x00000000 at 0xa0008320
[35965.554656] PUF Read:0x00000100 at 0xa0008324
[35965.554656] PUF Read:0x00000000 at 0xa0008328
[35965.554718] PUF Read:0x00010000 at 0xa000832c
[35965.554748] PUF Read:0x00000004 at 0xa0008330
[35965.554748] PUF Read:0x00000100 at 0xa0008334
[35965.554748] PUF Read:0x00001000 at 0xa0008338
[35965.554809] PUF Read:0x00000000 at 0xa000833c
[35965.554809] PUF Read:0x10000100 at 0xa0008340
[35965.554870] PUF Read:0x00000001 at 0xa0008344
[35965.554901] PUF Read:0x00000000 at 0xa0008348
[35965.554901] PUF Read:0x00000100 at 0xa000834c
[35965.554901] PUF Read:0x00000000 at 0xa0008350
[35965.554962] PUF Read:0x00000000 at 0xa0008354
[35965.554962] PUF Read:0x00000000 at 0xa0008358
[35965.555023] PUF Read:0x00000000 at 0xa000835c
[35965.555053] PUF Read:0x00014000 at 0xa0008360
[35965.555053] PUF Read:0x00000000 at 0xa0008364
[35965.555053] PUF Read:0x00000000 at 0xa0008368
[35965.555114] PUF Read:0x00000400 at 0xa000836c
[35965.555114] PUF Read:0x00000000 at 0xa0008370
[35965.555175] PUF Read:0x00000000 at 0xa0008374
[35965.555206] PUF Read:0x40000000 at 0xa0008378
[35965.555206] PUF Read:0x00000000 at 0xa000837c
[35965.555206] PUF Read:0x00000000 at 0xa0008380
[35965.555267] PUF Read:0x00000000 at 0xa0008384
[35965.555267] PUF Read:0x00000000 at 0xa0008388
[35965.555328] PUF Read:0x00000000 at 0xa000838c
[35965.555358] PUF Read:0x00000001 at 0xa0008390
[35965.555358] PUF Read:0x00000100 at 0xa0008394
[35965.555358] PUF Read:0x10000000 at 0xa0008398
[35965.555358] PUF Read:0x00000000 at 0xa000839c
[35965.555450] PUF Read:0x00000000 at 0xa00083a0
[35965.555450] PUF Read:0x00000000 at 0xa00083a4
[35965.555511] PUF Read:0x00000000 at 0xa00083a8
[35965.555541] PUF Read:0x00001000 at 0xa00083ac
[35965.555541] PUF Read:0x00000000 at 0xa00083b0
[35965.555541] PUF Read:0x00000000 at 0xa00083b4
[35965.555603] PUF Read:0x00000000 at 0xa00083b8
[35965.555603] PUF Read:0x00000000 at 0xa00083bc
[35965.555664] PUF Read:0x00000040 at 0xa00083c0
[35965.555694] PUF Read:0x04000000 at 0xa00083c4
[35965.555694] PUF Read:0x00000000 at 0xa00083c8
[35965.555694] PUF Read:0x00000000 at 0xa00083cc
[35965.555755] PUF Read:0x00000000 at 0xa00083d0
[35965.555755] PUF Read:0x00010000 at 0xa00083d4
[35965.555816] PUF Read:0x00000000 at 0xa00083d8
[35965.555816] PUF Read:0x00000000 at 0xa00083dc
[35965.555816] PUF Read:0x00140000 at 0xa00083e0
[35965.555816] PUF Read:0x10000000 at 0xa00083e4
[35965.555908] PUF Read:0x00000000 at 0xa00083e8
[35965.555908] PUF Read:0x00000000 at 0xa00083ec
[35965.555969] PUF Read:0x00000400 at 0xa00083f0
[35965.555999] PUF Read:0x04000000 at 0xa00083f4
[35965.555999] PUF Read:0x00000004 at 0xa00083f8
[35965.555999] PUF Read:0x00040000 at 0xa00083fc
[35965.556060] [i] Finished PUF read-out
[35965.556060] <6>[i] Finished PUF query for decaytime: 15360
[35965.556091] End measurement:18
[35965.556091] [i] Start measurement: 19
[35965.556091] [i] Start decaytime: 60
[35965.556121] EMIF 2 REG Write 0x80000000 at 0x4d000010
[35965.556121] EMIF 2 REG Read 0x80000000 at 0x4d000010
[35965.556152] EMIF 2 REG Write 0x80000000 at 0x4d000014
[35965.556152] EMIF 2 REG Read 0x00000000 at 0x4d000014
[35965.556182] EMIF 2 REG Write 0x08016893 at 0x4d0000cc
[35965.556182] EMIF 2 REG Read 0x08016893 at 0x4d0000cc
[35965.556182] Temp polling alert disabled
[35965.556213] Refresh Disabled at EMIF2
[35965.556213] [i] Initialiting PUF & hammer rows
[35965.556213] [i] Single-Sided Rowhammer (SSRH)
[35965.562957] [i] Finished initialiting PUF & hammer rows
[35965.562957] [i]	Timer elapsed since its reset 0 sec
[35965.562957] [i] Decay: 60 sec
[35965.562988] [i]	Relative Decay: 0 msec
