[35605.518127] [i] Total hammer attempts per row: 3727680
[35605.518127] EMIF 2 REG Write 0x00000618 at 0x4d000010
[35605.518127] EMIF 2 REG Read 0x00000618 at 0x4d000010
[35605.518188] EMIF 2 REG Write 0x00000618 at 0x4d000014
[35605.518188] EMIF 2 REG Read 0x00000618 at 0x4d000014
[35605.518218] EMIF 2 REG Write 0x58016893 at 0x4d0000cc
[35605.518218] EMIF 2 REG Read 0x58016893 at 0x4d0000cc
[35605.518218] Temp polling alert enabled
[35605.518249] Refresh enabled at EMIF2
[35605.518249] [i] Starting PUF read-out
[35605.518249] [i] Single-Sided Rowhammer (SSRH)
[35605.518280] PUF Read:0x00000010 at 0xa0008000
[35605.518280] PUF Read:0x00000400 at 0xa0008004
[35605.518280] PUF Read:0x00000000 at 0xa0008008
[35605.518280] PUF Read:0x00000000 at 0xa000800c
[35605.518280] PUF Read:0x00000000 at 0xa0008010
[35605.518280] PUF Read:0x00000100 at 0xa0008014
[35605.518280] PUF Read:0x00000000 at 0xa0008018
[35605.518463] PUF Read:0x10400100 at 0xa000801c
[35605.518493] PUF Read:0x40000000 at 0xa0008020
[35605.518493] PUF Read:0x40004000 at 0xa0008024
[35605.518493] PUF Read:0x00004000 at 0xa0008028
[35605.518554] PUF Read:0x00000010 at 0xa000802c
[35605.518554] PUF Read:0x40000000 at 0xa0008030
[35605.518615] PUF Read:0x04000000 at 0xa0008034
[35605.518646] PUF Read:0x00004000 at 0xa0008038
[35605.518646] PUF Read:0x00000000 at 0xa000803c
[35605.518646] PUF Read:0x00000001 at 0xa0008040
[35605.518646] PUF Read:0x00004000 at 0xa0008044
[35605.518646] PUF Read:0x00000000 at 0xa0008048
[35605.518646] PUF Read:0x00000001 at 0xa000804c
[35605.518798] PUF Read:0x00000000 at 0xa0008050
[35605.518798] PUF Read:0x00000000 at 0xa0008054
[35605.518798] PUF Read:0x00000000 at 0xa0008058
[35605.518798] PUF Read:0x00000000 at 0xa000805c
[35605.518798] PUF Read:0x00000000 at 0xa0008060
[35605.518798] PUF Read:0x00100000 at 0xa0008064
[35605.518951] PUF Read:0x00000000 at 0xa0008068
[35605.518951] PUF Read:0x00000000 at 0xa000806c
[35605.518951] PUF Read:0x00000000 at 0xa0008070
[35605.519012] PUF Read:0x00000000 at 0xa0008074
[35605.519012] PUF Read:0x00000000 at 0xa0008078
[35605.519073] PUF Read:0x00010000 at 0xa000807c
[35605.519104] PUF Read:0x00010000 at 0xa0008080
[35605.519104] PUF Read:0x00000000 at 0xa0008084
[35605.519104] PUF Read:0x00000000 at 0xa0008088
[35605.519165] PUF Read:0x00000000 at 0xa000808c
[35605.519195] PUF Read:0x00000000 at 0xa0008090
[35605.519195] PUF Read:0x10000000 at 0xa0008094
[35605.519195] PUF Read:0x00410001 at 0xa0008098
[35605.519287] PUF Read:0x00000000 at 0xa000809c
[35605.519287] PUF Read:0x00000000 at 0xa00080a0
[35605.519287] PUF Read:0x00010000 at 0xa00080a4
[35605.519287] PUF Read:0x00010001 at 0xa00080a8
[35605.519287] PUF Read:0x00000041 at 0xa00080ac
[35605.519287] PUF Read:0x00000000 at 0xa00080b0
[35605.519439] PUF Read:0x00000000 at 0xa00080b4
[35605.519439] PUF Read:0x00004000 at 0xa00080b8
[35605.519439] PUF Read:0x00000000 at 0xa00080bc
[35605.519439] PUF Read:0x00000400 at 0xa00080c0
[35605.519439] PUF Read:0x00000000 at 0xa00080c4
[35605.519439] PUF Read:0x10100000 at 0xa00080c8
[35605.519592] PUF Read:0x01000000 at 0xa00080cc
[35605.519592] PUF Read:0x40044000 at 0xa00080d0
[35605.519592] PUF Read:0x00000000 at 0xa00080d4
[35605.519592] PUF Read:0x00001000 at 0xa00080d8
[35605.519683] PUF Read:0x00000000 at 0xa00080dc
[35605.519683] PUF Read:0x01000000 at 0xa00080e0
[35605.519744] PUF Read:0x00000000 at 0xa00080e4
[35605.519775] PUF Read:0x00000000 at 0xa00080e8
[35605.519775] PUF Read:0x00000001 at 0xa00080ec
[35605.519775] PUF Read:0x00000000 at 0xa00080f0
[35605.519836] PUF Read:0x00000000 at 0xa00080f4
[35605.519836] PUF Read:0x00000100 at 0xa00080f8
[35605.519897] PUF Read:0x00000000 at 0xa00080fc
[35605.519897] PUF Read:0x00000000 at 0xa0008100
[35605.519897] PUF Read:0x00000000 at 0xa0008104
[35605.519897] PUF Read:0x00000000 at 0xa0008108
[35605.519897] PUF Read:0x00000000 at 0xa000810c
[35605.519897] PUF Read:0x00000000 at 0xa0008110
[35605.520050] PUF Read:0x00400000 at 0xa0008114
[35605.520050] PUF Read:0x00000000 at 0xa0008118
[35605.520050] PUF Read:0x00000000 at 0xa000811c
[35605.520050] PUF Read:0x00000000 at 0xa0008120
[35605.520050] PUF Read:0x00000400 at 0xa0008124
[35605.520050] PUF Read:0x00000040 at 0xa0008128
[35605.520202] PUF Read:0x00000000 at 0xa000812c
[35605.520202] PUF Read:0x00000000 at 0xa0008130
[35605.520202] PUF Read:0x00000000 at 0xa0008134
[35605.520202] PUF Read:0x00010000 at 0xa0008138
[35605.520202] PUF Read:0x00000000 at 0xa000813c
[35605.520202] PUF Read:0x40000400 at 0xa0008140
[35605.520355] PUF Read:0x00000000 at 0xa0008144
[35605.520355] PUF Read:0x00100400 at 0xa0008148
[35605.520355] PUF Read:0x00000000 at 0xa000814c
[35605.520355] PUF Read:0x00000000 at 0xa0008150
[35605.520355] PUF Read:0x00000000 at 0xa0008154
[35605.520355] PUF Read:0x00000000 at 0xa0008158
[35605.520507] PUF Read:0x00100040 at 0xa000815c
[35605.520507] PUF Read:0x00001000 at 0xa0008160
[35605.520507] PUF Read:0x00000000 at 0xa0008164
[35605.520507] PUF Read:0x04000000 at 0xa0008168
[35605.520507] PUF Read:0x00400000 at 0xa000816c
[35605.520507] PUF Read:0x00000000 at 0xa0008170
[35605.520660] PUF Read:0x00100000 at 0xa0008174
[35605.520660] PUF Read:0x00000000 at 0xa0008178
[35605.520660] PUF Read:0x00004000 at 0xa000817c
[35605.520660] PUF Read:0x00000000 at 0xa0008180
[35605.520660] PUF Read:0x00000000 at 0xa0008184
[35605.520660] PUF Read:0x00040000 at 0xa0008188
[35605.520660] PUF Read:0x00000440 at 0xa000818c
[35605.520843] PUF Read:0x00000000 at 0xa0008190
[35605.520843] PUF Read:0x40000000 at 0xa0008194
[35605.520843] PUF Read:0x00000004 at 0xa0008198
[35605.520843] PUF Read:0x00000000 at 0xa000819c
[35605.520935] PUF Read:0x00000000 at 0xa00081a0
[35605.520935] PUF Read:0x00000000 at 0xa00081a4
[35605.520996] PUF Read:0x00000000 at 0xa00081a8
[35605.521026] PUF Read:0x00000000 at 0xa00081ac
[35605.521026] PUF Read:0x00410000 at 0xa00081b0
[35605.521026] PUF Read:0x00000000 at 0xa00081b4
[35605.521087] PUF Read:0x00000000 at 0xa00081b8
[35605.521087] PUF Read:0x00100000 at 0xa00081bc
[35605.521148] PUF Read:0x00000000 at 0xa00081c0
[35605.521179] PUF Read:0x00000004 at 0xa00081c4
[35605.521179] PUF Read:0x00000000 at 0xa00081c8
[35605.521179] PUF Read:0x00010000 at 0xa00081cc
[35605.521240] PUF Read:0x10000000 at 0xa00081d0
[35605.521240] PUF Read:0x00000000 at 0xa00081d4
[35605.521301] PUF Read:0x10000000 at 0xa00081d8
[35605.521331] PUF Read:0x00004000 at 0xa00081dc
[35605.521331] PUF Read:0x00000000 at 0xa00081e0
[35605.521331] PUF Read:0x00000040 at 0xa00081e4
[35605.521331] PUF Read:0x00000000 at 0xa00081e8
[35605.521331] PUF Read:0x00000010 at 0xa00081ec
[35605.521331] PUF Read:0x00000001 at 0xa00081f0
[35605.521484] PUF Read:0x00000400 at 0xa00081f4
[35605.521484] PUF Read:0x00000000 at 0xa00081f8
[35605.521545] PUF Read:0x00000040 at 0xa00081fc
[35605.521545] PUF Read:0x00000000 at 0xa0008200
[35605.521545] PUF Read:0x00000000 at 0xa0008204
[35605.521545] PUF Read:0x00000010 at 0xa0008208
[35605.521636] PUF Read:0x00000000 at 0xa000820c
[35605.521636] PUF Read:0x00400000 at 0xa0008210
[35605.521636] PUF Read:0x00000000 at 0xa0008214
[35605.521636] PUF Read:0x00000400 at 0xa0008218
[35605.521728] PUF Read:0x00000000 at 0xa000821c
[35605.521728] PUF Read:0x00000000 at 0xa0008220
[35605.521789] PUF Read:0x00100000 at 0xa0008224
[35605.521820] PUF Read:0x00000000 at 0xa0008228
[35605.521820] PUF Read:0x00000000 at 0xa000822c
[35605.521820] PUF Read:0x00000500 at 0xa0008230
[35605.521881] PUF Read:0x00400000 at 0xa0008234
[35605.521881] PUF Read:0x00000000 at 0xa0008238
[35605.521942] PUF Read:0x00000400 at 0xa000823c
[35605.521972] PUF Read:0x00000004 at 0xa0008240
[35605.521972] PUF Read:0x00000000 at 0xa0008244
[35605.521972] PUF Read:0x00040000 at 0xa0008248
[35605.522033] PUF Read:0x00000000 at 0xa000824c
[35605.522033] PUF Read:0x04000000 at 0xa0008250
[35605.522094] PUF Read:0x00100000 at 0xa0008254
[35605.522125] PUF Read:0x00000000 at 0xa0008258
[35605.522125] PUF Read:0x04040000 at 0xa000825c
[35605.522125] PUF Read:0x00000000 at 0xa0008260
[35605.522186] PUF Read:0x00000000 at 0xa0008264
[35605.522186] PUF Read:0x00000400 at 0xa0008268
[35605.522186] PUF Read:0x00001000 at 0xa000826c
[35605.522277] PUF Read:0x00000000 at 0xa0008270
[35605.522308] PUF Read:0x00000000 at 0xa0008274
[35605.522308] PUF Read:0x00000040 at 0xa0008278
[35605.522308] PUF Read:0x00100000 at 0xa000827c
[35605.522369] PUF Read:0x40000000 at 0xa0008280
[35605.522369] PUF Read:0x00000000 at 0xa0008284
[35605.522430] PUF Read:0x00400000 at 0xa0008288
[35605.522460] PUF Read:0x00000000 at 0xa000828c
[35605.522460] PUF Read:0x00000000 at 0xa0008290
[35605.522460] PUF Read:0x00000000 at 0xa0008294
[35605.522521] PUF Read:0x00000000 at 0xa0008298
[35605.522521] PUF Read:0x00000000 at 0xa000829c
[35605.522583] PUF Read:0x00000400 at 0xa00082a0
[35605.522613] PUF Read:0x00001000 at 0xa00082a4
[35605.522613] PUF Read:0x00000000 at 0xa00082a8
[35605.522613] PUF Read:0x00000000 at 0xa00082ac
[35605.522674] PUF Read:0x00000000 at 0xa00082b0
[35605.522674] PUF Read:0x00000000 at 0xa00082b4
[35605.522735] PUF Read:0x00000040 at 0xa00082b8
[35605.522766] PUF Read:0x00000000 at 0xa00082bc
[35605.522766] PUF Read:0x00000000 at 0xa00082c0
[35605.522766] PUF Read:0x00000000 at 0xa00082c4
[35605.522827] PUF Read:0x10000000 at 0xa00082c8
[35605.522827] PUF Read:0x00000000 at 0xa00082cc
[35605.522888] PUF Read:0x00100000 at 0xa00082d0
[35605.522918] PUF Read:0x00000000 at 0xa00082d4
[35605.522918] PUF Read:0x40000000 at 0xa00082d8
[35605.522918] PUF Read:0x00004000 at 0xa00082dc
[35605.522979] PUF Read:0x00000000 at 0xa00082e0
[35605.522979] PUF Read:0x00000400 at 0xa00082e4
[35605.523040] PUF Read:0x00000100 at 0xa00082e8
[35605.523071] PUF Read:0x00000001 at 0xa00082ec
[35605.523071] PUF Read:0x00000001 at 0xa00082f0
[35605.523071] PUF Read:0x00000000 at 0xa00082f4
[35605.523132] PUF Read:0x00000000 at 0xa00082f8
[35605.523132] PUF Read:0x00000000 at 0xa00082fc
[35605.523193] PUF Read:0x00000100 at 0xa0008300
[35605.523223] PUF Read:0x00000000 at 0xa0008304
[35605.523223] PUF Read:0x00000000 at 0xa0008308
[35605.523223] PUF Read:0x00000000 at 0xa000830c
[35605.523284] PUF Read:0x00000000 at 0xa0008310
[35605.523284] PUF Read:0x00000010 at 0xa0008314
[35605.523345] PUF Read:0x01500000 at 0xa0008318
[35605.523376] PUF Read:0x10000000 at 0xa000831c
[35605.523376] PUF Read:0x00000000 at 0xa0008320
[35605.523376] PUF Read:0x00000100 at 0xa0008324
[35605.523437] PUF Read:0x00000000 at 0xa0008328
[35605.523437] PUF Read:0x00010000 at 0xa000832c
[35605.523498] PUF Read:0x00000004 at 0xa0008330
[35605.523529] PUF Read:0x00000100 at 0xa0008334
[35605.523529] PUF Read:0x00001000 at 0xa0008338
[35605.523529] PUF Read:0x00000000 at 0xa000833c
[35605.523590] PUF Read:0x10000100 at 0xa0008340
[35605.523590] PUF Read:0x00000001 at 0xa0008344
[35605.523651] PUF Read:0x00000000 at 0xa0008348
[35605.523681] PUF Read:0x00000100 at 0xa000834c
[35605.523681] PUF Read:0x00000000 at 0xa0008350
[35605.523742] PUF Read:0x00000000 at 0xa0008354
[35605.523742] PUF Read:0x00000000 at 0xa0008358
[35605.523742] PUF Read:0x00000000 at 0xa000835c
[35605.523742] PUF Read:0x00014000 at 0xa0008360
[35605.523834] PUF Read:0x00000000 at 0xa0008364
[35605.523864] PUF Read:0x00000000 at 0xa0008368
[35605.523864] PUF Read:0x00000400 at 0xa000836c
[35605.523864] PUF Read:0x00000000 at 0xa0008370
[35605.523864] PUF Read:0x00000000 at 0xa0008374
[35605.523864] PUF Read:0x40000000 at 0xa0008378
[35605.523864] PUF Read:0x00000040 at 0xa000837c
[35605.524017] PUF Read:0x00000000 at 0xa0008380
[35605.524017] PUF Read:0x00000000 at 0xa0008384
[35605.524017] PUF Read:0x00000000 at 0xa0008388
[35605.524017] PUF Read:0x00000000 at 0xa000838c
[35605.524017] PUF Read:0x00000001 at 0xa0008390
[35605.524017] PUF Read:0x00000100 at 0xa0008394
[35605.524169] PUF Read:0x10000000 at 0xa0008398
[35605.524200] PUF Read:0x00000000 at 0xa000839c
[35605.524200] PUF Read:0x00000000 at 0xa00083a0
[35605.524200] PUF Read:0x00000000 at 0xa00083a4
[35605.524261] PUF Read:0x00000000 at 0xa00083a8
[35605.524261] PUF Read:0x00001000 at 0xa00083ac
[35605.524322] PUF Read:0x00000000 at 0xa00083b0
[35605.524353] PUF Read:0x00000000 at 0xa00083b4
[35605.524353] PUF Read:0x00000000 at 0xa00083b8
[35605.524353] PUF Read:0x00000000 at 0xa00083bc
[35605.524414] PUF Read:0x00000040 at 0xa00083c0
[35605.524414] PUF Read:0x04000000 at 0xa00083c4
[35605.524475] PUF Read:0x00000000 at 0xa00083c8
[35605.524505] PUF Read:0x00000000 at 0xa00083cc
[35605.524505] PUF Read:0x00000000 at 0xa00083d0
[35605.524505] PUF Read:0x00010000 at 0xa00083d4
[35605.524566] PUF Read:0x00000000 at 0xa00083d8
[35605.524566] PUF Read:0x00000000 at 0xa00083dc
[35605.524627] PUF Read:0x00140000 at 0xa00083e0
[35605.524658] PUF Read:0x10000000 at 0xa00083e4
[35605.524658] PUF Read:0x00000000 at 0xa00083e8
[35605.524719] PUF Read:0x00000000 at 0xa00083ec
[35605.524719] PUF Read:0x00000400 at 0xa00083f0
[35605.524719] PUF Read:0x04000000 at 0xa00083f4
[35605.524780] PUF Read:0x00000004 at 0xa00083f8
[35605.524810] PUF Read:0x00040000 at 0xa00083fc
[35605.524810] [i] Finished PUF read-out
[35605.524841] <6>[i] Finished PUF query for decaytime: 15360
[35605.524841] End measurement:16
[35605.524841] [i] Start measurement: 17
[35605.524871] [i] Start decaytime: 60
[35605.524871] EMIF 2 REG Write 0x80000000 at 0x4d000010
[35605.524902] EMIF 2 REG Read 0x80000000 at 0x4d000010
[35605.524902] EMIF 2 REG Write 0x80000000 at 0x4d000014
[35605.524932] EMIF 2 REG Read 0x00000000 at 0x4d000014
[35605.524932] EMIF 2 REG Write 0x08016893 at 0x4d0000cc
[35605.524932] EMIF 2 REG Read 0x08016893 at 0x4d0000cc
[35605.524963] Temp polling alert disabled
[35605.524963] Refresh Disabled at EMIF2
[35605.524963] [i] Initialiting PUF & hammer rows
[35605.524993] [i] Single-Sided Rowhammer (SSRH)
[35605.527709] [i] Finished initialiting PUF & hammer rows
[35605.527709] [i]	Timer elapsed since its reset 0 sec
[35605.532897] [i] Decay: 60 sec
[35605.532897] [i]	Relative Decay: 0 msec
