[68300.760925] [i] Total hammer attempts per row: 1864757
[68300.760986] EMIF 2 REG Write 0x00000618 at 0x4d000010
[68300.760986] EMIF 2 REG Read 0x00000618 at 0x4d000010
[68300.761016] EMIF 2 REG Write 0x00000618 at 0x4d000014
[68300.761016] EMIF 2 REG Read 0x00000618 at 0x4d000014
[68300.761047] EMIF 2 REG Write 0x58016893 at 0x4d0000cc
[68300.761047] EMIF 2 REG Read 0x58016893 at 0x4d0000cc
[68300.761077] Temp polling alert enabled
[68300.761077] Refresh enabled at EMIF2
[68300.761077] [i] Starting PUF read-out
[68300.761108] [i] Single-Sided Rowhammer (SSRH)
[68300.761108] PUF Read:0xaaaaaaaa at 0xa0008000
[68300.761108] PUF Read:0xaaaaaaaa at 0xa0008004
[68300.761108] PUF Read:0xaaaaaaaa at 0xa0008008
[68300.761199] PUF Read:0xaaaaaaaa at 0xa000800c
[68300.761230] PUF Read:0xaaaaaaaa at 0xa0008010
[68300.761230] PUF Read:0xaaaaabaa at 0xa0008014
[68300.761230] PUF Read:0xaaaaaaaa at 0xa0008018
[68300.761230] PUF Read:0xaaaaaaaa at 0xa000801c
[68300.761322] PUF Read:0xaaaaaaaa at 0xa0008020
[68300.761322] PUF Read:0xaaaaaaaa at 0xa0008024
[68300.761383] PUF Read:0xaaaaaaaa at 0xa0008028
[68300.761413] PUF Read:0xaaaaaaaa at 0xa000802c
[68300.761413] PUF Read:0xaaaaaaaa at 0xa0008030
[68300.761413] PUF Read:0xaaaaaaaa at 0xa0008034
[68300.761474] PUF Read:0xaaaaaaaa at 0xa0008038
[68300.761474] PUF Read:0xaaaaaaaa at 0xa000803c
[68300.761535] PUF Read:0xaaaaaaab at 0xa0008040
[68300.761566] PUF Read:0xaaaaeaaa at 0xa0008044
[68300.761566] PUF Read:0xaaaaaaaa at 0xa0008048
[68300.761566] PUF Read:0xaaaaaaaa at 0xa000804c
[68300.761627] PUF Read:0xaaaaaaaa at 0xa0008050
[68300.761627] PUF Read:0xaaaaaaaa at 0xa0008054
[68300.761688] PUF Read:0xaaaaaaaa at 0xa0008058
[68300.761718] PUF Read:0xaaaaaaaa at 0xa000805c
[68300.761718] PUF Read:0xaaaaaaaa at 0xa0008060
[68300.761718] PUF Read:0xaaaa2aaa at 0xa0008064
[68300.761718] PUF Read:0xaaaaaaaa at 0xa0008068
[68300.761718] PUF Read:0xaaaaaaaa at 0xa000806c
[68300.761718] PUF Read:0xaaaaaaaa at 0xa0008070
[68300.761871] PUF Read:0xaaaaaaaa at 0xa0008074
[68300.761901] PUF Read:0xaaaaaaaa at 0xa0008078
[68300.761901] PUF Read:0xaaaaaaaa at 0xa000807c
[68300.761901] PUF Read:0xaaaaaaaa at 0xa0008080
[68300.761962] PUF Read:0xaaaaaaaa at 0xa0008084
[68300.761962] PUF Read:0xaaaaaaaa at 0xa0008088
[68300.762023] PUF Read:0xaaaaaaaa at 0xa000808c
[68300.762054] PUF Read:0xaaaa8aaa at 0xa0008090
[68300.762054] PUF Read:0xaaaaaaaa at 0xa0008094
[68300.762054] PUF Read:0xaaabaaaa at 0xa0008098
[68300.762115] PUF Read:0xaaaaaaaa at 0xa000809c
[68300.762115] PUF Read:0xaaaaaaaa at 0xa00080a0
[68300.762115] PUF Read:0xaaaaaaaa at 0xa00080a4
[68300.762115] PUF Read:0xaaaaaaaa at 0xa00080a8
[68300.762237] PUF Read:0xaaaaaaaa at 0xa00080ac
[68300.762237] PUF Read:0xaaaaaaaa at 0xa00080b0
[68300.762237] PUF Read:0xaa2aaaaa at 0xa00080b4
[68300.762237] PUF Read:0xaaaaaaaa at 0xa00080b8
[68300.762329] PUF Read:0x8aaaaaaa at 0xa00080bc
[68300.762329] PUF Read:0xaaaaaaaa at 0xa00080c0
[68300.762390] PUF Read:0xaaaaaaaa at 0xa00080c4
[68300.762420] PUF Read:0xaaa2aaaa at 0xa00080c8
[68300.762420] PUF Read:0xaaaaaaaa at 0xa00080cc
[68300.762481] PUF Read:0xaaaaaaaa at 0xa00080d0
[68300.762481] PUF Read:0xaaaaaaaa at 0xa00080d4
[68300.762481] PUF Read:0xaaaaaaaa at 0xa00080d8
[68300.762481] PUF Read:0xaaaaaaaa at 0xa00080dc
[68300.762573] PUF Read:0xaaaaaaaa at 0xa00080e0
[68300.762573] PUF Read:0xaaaaaaaa at 0xa00080e4
[68300.762573] PUF Read:0xaaaaaaaa at 0xa00080e8
[68300.762573] PUF Read:0xaaaaaaab at 0xa00080ec
[68300.762573] PUF Read:0x8aaaaaaa at 0xa00080f0
[68300.762573] PUF Read:0xaaaaaaaa at 0xa00080f4
[68300.762725] PUF Read:0xaaaaaaaa at 0xa00080f8
[68300.762756] PUF Read:0xaaaaaaaa at 0xa00080fc
[68300.762756] PUF Read:0xaaaaaaaa at 0xa0008100
[68300.762756] PUF Read:0xaaaaaaaa at 0xa0008104
[68300.762817] PUF Read:0xaaaaaaaa at 0xa0008108
[68300.762817] PUF Read:0xaaaaaaaa at 0xa000810c
[68300.762878] PUF Read:0xaaaaaaaa at 0xa0008110
[68300.762908] PUF Read:0xaaaaaaaa at 0xa0008114
[68300.762908] PUF Read:0xaaaaaaaa at 0xa0008118
[68300.762908] PUF Read:0xaaaaaaaa at 0xa000811c
[68300.762969] PUF Read:0xaaaaaaaa at 0xa0008120
[68300.762969] PUF Read:0xaaaaaaaa at 0xa0008124
[68300.763031] PUF Read:0xaaaaaaaa at 0xa0008128
[68300.763061] PUF Read:0xaaaaaaaa at 0xa000812c
[68300.763061] PUF Read:0xaaaaaaaa at 0xa0008130
[68300.763061] PUF Read:0xaaaaaaaa at 0xa0008134
[68300.763061] PUF Read:0xaa8aaaaa at 0xa0008138
[68300.763061] PUF Read:0xaaaaaaaa at 0xa000813c
[68300.763061] PUF Read:0xaaaaaaaa at 0xa0008140
[68300.763214] PUF Read:0xaaaaaaaa at 0xa0008144
[68300.763214] PUF Read:0xaabaaeaa at 0xa0008148
[68300.763214] PUF Read:0xaaaaaaaa at 0xa000814c
[68300.763214] PUF Read:0xaaaaaaaa at 0xa0008150
[68300.763214] PUF Read:0xaaaaaaaa at 0xa0008154
[68300.763214] PUF Read:0xaaaaaaaa at 0xa0008158
[68300.763366] PUF Read:0xaaaaaaea at 0xa000815c
[68300.763397] PUF Read:0xaaaaaaaa at 0xa0008160
[68300.763397] PUF Read:0xaaaaaaaa at 0xa0008164
[68300.763397] PUF Read:0xaaaaaaaa at 0xa0008168
[68300.763458] PUF Read:0xaaaaaaaa at 0xa000816c
[68300.763458] PUF Read:0xaaaaaaaa at 0xa0008170
[68300.763519] PUF Read:0xaaaaaaaa at 0xa0008174
[68300.763549] PUF Read:0xaaaaaaaa at 0xa0008178
[68300.763549] PUF Read:0xaaaaaaaa at 0xa000817c
[68300.763549] PUF Read:0xaaaa2a2a at 0xa0008180
[68300.763610] PUF Read:0xaaaaaaaa at 0xa0008184
[68300.763610] PUF Read:0xaaaaaaaa at 0xa0008188
[68300.763671] PUF Read:0xaaaaaaaa at 0xa000818c
[68300.763702] PUF Read:0xaaaaaaaa at 0xa0008190
[68300.763702] PUF Read:0xaaaaaaaa at 0xa0008194
[68300.763702] PUF Read:0xaaaaaaaa at 0xa0008198
[68300.763702] PUF Read:0xaaaaaaaa at 0xa000819c
[68300.763793] PUF Read:0xaaaaaaaa at 0xa00081a0
[68300.763793] PUF Read:0xaaaaaaaa at 0xa00081a4
[68300.763793] PUF Read:0xaaaaaaaa at 0xa00081a8
[68300.763885] PUF Read:0xaaaaaaaa at 0xa00081ac
[68300.763885] PUF Read:0xaaeaaaaa at 0xa00081b0
[68300.763885] PUF Read:0xaaaaaaaa at 0xa00081b4
[68300.763885] PUF Read:0xaaaaaaaa at 0xa00081b8
[68300.763885] PUF Read:0xaaaaaaaa at 0xa00081bc
[68300.763885] PUF Read:0xaaaaaaaa at 0xa00081c0
[68300.764038] PUF Read:0xaaaaaaae at 0xa00081c4
[68300.764068] PUF Read:0xaaaaaaaa at 0xa00081c8
[68300.764068] PUF Read:0xaaaaaaaa at 0xa00081cc
[68300.764068] PUF Read:0xbaaaaaaa at 0xa00081d0
[68300.764129] PUF Read:0xaaaaaaaa at 0xa00081d4
[68300.764129] PUF Read:0xaaaaaaaa at 0xa00081d8
[68300.764190] PUF Read:0xaaaaaaaa at 0xa00081dc
[68300.764221] PUF Read:0xaaaaaaaa at 0xa00081e0
[68300.764221] PUF Read:0xaaaaaaea at 0xa00081e4
[68300.764221] PUF Read:0xaaaaaaaa at 0xa00081e8
[68300.764282] PUF Read:0xaa2aaaaa at 0xa00081ec
[68300.764282] PUF Read:0xaaaaaaaa at 0xa00081f0
[68300.764343] PUF Read:0xaaaaaeaa at 0xa00081f4
[68300.764373] PUF Read:0xaaaaaaa2 at 0xa00081f8
[68300.764373] PUF Read:0xaaaaaaaa at 0xa00081fc
[68300.764373] PUF Read:0xaaaaaaaa at 0xa0008200
[68300.764434] PUF Read:0xaaaaaaaa at 0xa0008204
[68300.764434] PUF Read:0xaaaaaaaa at 0xa0008208
[68300.764495] PUF Read:0xa8aaaaaa at 0xa000820c
[68300.764526] PUF Read:0xaaaaaaaa at 0xa0008210
[68300.764526] PUF Read:0xaaaaaaaa at 0xa0008214
[68300.764526] PUF Read:0xaaaaaaaa at 0xa0008218
[68300.764526] PUF Read:0xaaaaaaaa at 0xa000821c
[68300.764526] PUF Read:0xaaaaaaaa at 0xa0008220
[68300.764526] PUF Read:0xaaaaaaaa at 0xa0008224
[68300.764678] PUF Read:0xaaaaaaaa at 0xa0008228
[68300.764678] PUF Read:0xaaaaaaaa at 0xa000822c
[68300.764678] PUF Read:0xaaaaaaaa at 0xa0008230
[68300.764678] PUF Read:0xaaaaaaaa at 0xa0008234
[68300.764770] PUF Read:0xaaaaaaaa at 0xa0008238
[68300.764770] PUF Read:0xaaaaaaaa at 0xa000823c
[68300.764831] PUF Read:0xaaaaaaaa at 0xa0008240
[68300.764862] PUF Read:0xaaaaaaaa at 0xa0008244
[68300.764862] PUF Read:0xaaaaaaaa at 0xa0008248
[68300.764862] PUF Read:0xaaaaaaaa at 0xa000824c
[68300.764923] PUF Read:0xaaaaaaaa at 0xa0008250
[68300.764923] PUF Read:0xaaaaaaaa at 0xa0008254
[68300.764984] PUF Read:0xaaaaaaaa at 0xa0008258
[68300.765014] PUF Read:0xaaaaaaaa at 0xa000825c
[68300.765014] PUF Read:0xaaaaaaaa at 0xa0008260
[68300.765014] PUF Read:0xaaaaaaaa at 0xa0008264
[68300.765075] PUF Read:0xaaaaaaaa at 0xa0008268
[68300.765075] PUF Read:0xaaaaaaaa at 0xa000826c
[68300.765136] PUF Read:0xaaaaaaaa at 0xa0008270
[68300.765167] PUF Read:0xaaaaaaaa at 0xa0008274
[68300.765167] PUF Read:0xaaaaaaaa at 0xa0008278
[68300.765167] PUF Read:0xaaaaaaaa at 0xa000827c
[68300.765167] PUF Read:0xaaaaaaaa at 0xa0008280
[68300.765167] PUF Read:0xaaaaaaaa at 0xa0008284
[68300.765167] PUF Read:0xaaaaaaaa at 0xa0008288
[68300.765319] PUF Read:0xaaaaaaaa at 0xa000828c
[68300.765350] PUF Read:0xaaaaaaaa at 0xa0008290
[68300.765350] PUF Read:0xaaaaaaaa at 0xa0008294
[68300.765350] PUF Read:0xaaaaaaaa at 0xa0008298
[68300.765350] PUF Read:0xaaaaaaaa at 0xa000829c
[68300.765350] PUF Read:0xaaaaaaaa at 0xa00082a0
[68300.765350] PUF Read:0xaaaaaaaa at 0xa00082a4
[68300.765502] PUF Read:0xaaaaaaaa at 0xa00082a8
[68300.765533] PUF Read:0xaaaaaaaa at 0xa00082ac
[68300.765533] PUF Read:0xaaaaaaaa at 0xa00082b0
[68300.765533] PUF Read:0xaaaaaaaa at 0xa00082b4
[68300.765594] PUF Read:0xaaaaaaea at 0xa00082b8
[68300.765594] PUF Read:0xaaaaaaaa at 0xa00082bc
[68300.765655] PUF Read:0xaaaaaaaa at 0xa00082c0
[68300.765686] PUF Read:0xaaaaaaaa at 0xa00082c4
[68300.765686] PUF Read:0xbaaaaaaa at 0xa00082c8
[68300.765686] PUF Read:0xaaaaaaaa at 0xa00082cc
[68300.765747] PUF Read:0xaaaaaaaa at 0xa00082d0
[68300.765747] PUF Read:0xaaaaaaaa at 0xa00082d4
[68300.765808] PUF Read:0xaaaaaaaa at 0xa00082d8
[68300.765838] PUF Read:0xaaaaaaaa at 0xa00082dc
[68300.765838] PUF Read:0xaaaaaaaa at 0xa00082e0
[68300.765838] PUF Read:0xaaaaaeaa at 0xa00082e4
[68300.765899] PUF Read:0xaaaaaaaa at 0xa00082e8
[68300.765899] PUF Read:0xaaaaaaaa at 0xa00082ec
[68300.765960] PUF Read:0xaaaaaaaa at 0xa00082f0
[68300.765991] PUF Read:0xaaaaaaaa at 0xa00082f4
[68300.765991] PUF Read:0xaaaaaaaa at 0xa00082f8
[68300.766052] PUF Read:0xaaaaaaaa at 0xa00082fc
[68300.766052] PUF Read:0xaaaaaaaa at 0xa0008300
[68300.766052] PUF Read:0xaaaaaaaa at 0xa0008304
[68300.766052] PUF Read:0xaaaaaaaa at 0xa0008308
[68300.766143] PUF Read:0xaaaaaaaa at 0xa000830c
[68300.766143] PUF Read:0xaaaaaaaa at 0xa0008310
[68300.766143] PUF Read:0xaaaaaaaa at 0xa0008314
[68300.766143] PUF Read:0xaaaaaaaa at 0xa0008318
[68300.766143] PUF Read:0xbaaaaaaa at 0xa000831c
[68300.766143] PUF Read:0xaaaaaaaa at 0xa0008320
[68300.766296] PUF Read:0xaaaaaaaa at 0xa0008324
[68300.766326] PUF Read:0xaaaaaaaa at 0xa0008328
[68300.766326] PUF Read:0xaaaaaaaa at 0xa000832c
[68300.766326] PUF Read:0xaaaaaaae at 0xa0008330
[68300.766387] PUF Read:0xaaaaaaaa at 0xa0008334
[68300.766387] PUF Read:0xaaaaaaaa at 0xa0008338
[68300.766448] PUF Read:0xaaaaaaaa at 0xa000833c
[68300.766479] PUF Read:0xaaaaaaaa at 0xa0008340
[68300.766479] PUF Read:0xaaaaaaaa at 0xa0008344
[68300.766479] PUF Read:0xaaaaaaaa at 0xa0008348
[68300.766540] PUF Read:0xaaaaaaaa at 0xa000834c
[68300.766540] PUF Read:0xaaaaaa8a at 0xa0008350
[68300.766540] PUF Read:0xaaaaaaaa at 0xa0008354
[68300.766632] PUF Read:0xaaaaaaaa at 0xa0008358
[68300.766632] PUF Read:0xaaaaaaaa at 0xa000835c
[68300.766632] PUF Read:0xaaabaaaa at 0xa0008360
[68300.766632] PUF Read:0xaaaaaaaa at 0xa0008364
[68300.766632] PUF Read:0xaaaaaaaa at 0xa0008368
[68300.766632] PUF Read:0xaaaaaaaa at 0xa000836c
[68300.766784] PUF Read:0xaaaaaaaa at 0xa0008370
[68300.766815] PUF Read:0xaaaaaaaa at 0xa0008374
[68300.766815] PUF Read:0xaaaaaaaa at 0xa0008378
[68300.766815] PUF Read:0xaaaaaaaa at 0xa000837c
[68300.766815] PUF Read:0xaaaaaaaa at 0xa0008380
[68300.766906] PUF Read:0xaaaaaaaa at 0xa0008384
[68300.766906] PUF Read:0xaaaaaaaa at 0xa0008388
[68300.766967] PUF Read:0xaaaaaaaa at 0xa000838c
[68300.766998] PUF Read:0xaaaaaaaa at 0xa0008390
[68300.766998] PUF Read:0xaaaaaaaa at 0xa0008394
[68300.766998] PUF Read:0xaaaaaaaa at 0xa0008398
[68300.767059] PUF Read:0xaaa2aaaa at 0xa000839c
[68300.767059] PUF Read:0xaaaaaaaa at 0xa00083a0
[68300.767120] PUF Read:0xaaaaaaaa at 0xa00083a4
[68300.767150] PUF Read:0xaaaaaaaa at 0xa00083a8
[68300.767150] PUF Read:0xaaaaaaaa at 0xa00083ac
[68300.767150] PUF Read:0xaaaaaaaa at 0xa00083b0
[68300.767211] PUF Read:0xaaaaaaaa at 0xa00083b4
[68300.767211] PUF Read:0xaaaaaaaa at 0xa00083b8
[68300.767272] PUF Read:0xaaaaaaaa at 0xa00083bc
[68300.767303] PUF Read:0xaaaaaaaa at 0xa00083c0
[68300.767303] PUF Read:0xaaaaaaaa at 0xa00083c4
[68300.767303] PUF Read:0xaaaaaaaa at 0xa00083c8
[68300.767303] PUF Read:0xaaaaaaaa at 0xa00083cc
[68300.767303] PUF Read:0xaaaaaaaa at 0xa00083d0
[68300.767303] PUF Read:0xaaabaaaa at 0xa00083d4
[68300.767456] PUF Read:0xaaaaaaaa at 0xa00083d8
[68300.767456] PUF Read:0xaaaaaaaa at 0xa00083dc
[68300.767456] PUF Read:0xaaaaaaaa at 0xa00083e0
[68300.767456] PUF Read:0xaaaaaaaa at 0xa00083e4
[68300.767456] PUF Read:0xaaaaaaaa at 0xa00083e8
[68300.767456] PUF Read:0xaaaaaaaa at 0xa00083ec
[68300.767608] PUF Read:0xaaaaaaaa at 0xa00083f0
[68300.767639] PUF Read:0xaaaaaaaa at 0xa00083f4
[68300.767639] PUF Read:0xaaaaaaae at 0xa00083f8
[68300.767639] PUF Read:0xaaaeaaaa at 0xa00083fc
[68300.767700] [i] Finished PUF read-out
[68300.767700] <6>[i] Finished PUF query for decaytime: 7680
[68300.767730] [i] Start decaytime: 120
[68300.767730] EMIF 2 REG Write 0x80000000 at 0x4d000010
[68300.767761] EMIF 2 REG Read 0x80000000 at 0x4d000010
[68300.767761] EMIF 2 REG Write 0x80000000 at 0x4d000014
[68300.767791] EMIF 2 REG Read 0x00000000 at 0x4d000014
[68300.767791] EMIF 2 REG Write 0x08016893 at 0x4d0000cc
[68300.767791] EMIF 2 REG Read 0x08016893 at 0x4d0000cc
[68300.767822] Temp polling alert disabled
[68300.767822] Refresh Disabled at EMIF2
[68300.767822] [i] Initialiting PUF & hammer rows
[68300.767852] [i] Single-Sided Rowhammer (SSRH)
[68300.775787] [i] Finished initialiting PUF & hammer rows
[68300.775787] [i]	Timer elapsed since its reset 0 sec
[68300.775817] [i] Decay: 120 sec
[68300.775817] [i]	Relative Decay: 0 msec
