[24426.901855] [i] Total hammer attempts per row: 3728297
[24426.901916] EMIF 2 REG Write 0x00000618 at 0x4d000010
[24426.901916] EMIF 2 REG Read 0x00000618 at 0x4d000010
[24426.901947] EMIF 2 REG Write 0x00000618 at 0x4d000014
[24426.901947] EMIF 2 REG Read 0x00000618 at 0x4d000014
[24426.901977] EMIF 2 REG Write 0x58016893 at 0x4d0000cc
[24426.901977] EMIF 2 REG Read 0x58016893 at 0x4d0000cc
[24426.901977] Temp polling alert enabled
[24426.902008] Refresh enabled at EMIF2
[24426.902008] [i] Starting PUF read-out
[24426.902008] [i] Single-Sided Rowhammer (SSRH)
[24426.902038] PUF Read:0x00000010 at 0xa0008000
[24426.902069] PUF Read:0x00000400 at 0xa0008004
[24426.902099] PUF Read:0x00000000 at 0xa0008008
[24426.902130] PUF Read:0x00000000 at 0xa000800c
[24426.902130] PUF Read:0x00000000 at 0xa0008010
[24426.902191] PUF Read:0x00000100 at 0xa0008014
[24426.902191] PUF Read:0x00000000 at 0xa0008018
[24426.902191] PUF Read:0x10400100 at 0xa000801c
[24426.902191] PUF Read:0x40000000 at 0xa0008020
[24426.902282] PUF Read:0x40004000 at 0xa0008024
[24426.902282] PUF Read:0x00004000 at 0xa0008028
[24426.902282] PUF Read:0x00000010 at 0xa000802c
[24426.902282] PUF Read:0x40000000 at 0xa0008030
[24426.902374] PUF Read:0x04000000 at 0xa0008034
[24426.902374] PUF Read:0x00000000 at 0xa0008038
[24426.902435] PUF Read:0x00000000 at 0xa000803c
[24426.902465] PUF Read:0x00000001 at 0xa0008040
[24426.902465] PUF Read:0x00004000 at 0xa0008044
[24426.902465] PUF Read:0x00000000 at 0xa0008048
[24426.902526] PUF Read:0x00000001 at 0xa000804c
[24426.902526] PUF Read:0x00000000 at 0xa0008050
[24426.902587] PUF Read:0x00000000 at 0xa0008054
[24426.902618] PUF Read:0x00000000 at 0xa0008058
[24426.902618] PUF Read:0x00000000 at 0xa000805c
[24426.902618] PUF Read:0x00000000 at 0xa0008060
[24426.902679] PUF Read:0x00100000 at 0xa0008064
[24426.902679] PUF Read:0x00000000 at 0xa0008068
[24426.902740] PUF Read:0x00000000 at 0xa000806c
[24426.902770] PUF Read:0x00000000 at 0xa0008070
[24426.902770] PUF Read:0x00000000 at 0xa0008074
[24426.902770] PUF Read:0x00000000 at 0xa0008078
[24426.902832] PUF Read:0x00010000 at 0xa000807c
[24426.902832] PUF Read:0x00010000 at 0xa0008080
[24426.902893] PUF Read:0x00000000 at 0xa0008084
[24426.902923] PUF Read:0x00000000 at 0xa0008088
[24426.902923] PUF Read:0x00000000 at 0xa000808c
[24426.902923] PUF Read:0x00000000 at 0xa0008090
[24426.902984] PUF Read:0x10000000 at 0xa0008094
[24426.902984] PUF Read:0x00410001 at 0xa0008098
[24426.903045] PUF Read:0x00000000 at 0xa000809c
[24426.903076] PUF Read:0x00000000 at 0xa00080a0
[24426.903076] PUF Read:0x00010000 at 0xa00080a4
[24426.903076] PUF Read:0x00010001 at 0xa00080a8
[24426.903076] PUF Read:0x00000041 at 0xa00080ac
[24426.903076] PUF Read:0x00000000 at 0xa00080b0
[24426.903076] PUF Read:0x00000000 at 0xa00080b4
[24426.903228] PUF Read:0x00004000 at 0xa00080b8
[24426.903228] PUF Read:0x00000000 at 0xa00080bc
[24426.903228] PUF Read:0x00000400 at 0xa00080c0
[24426.903228] PUF Read:0x00000000 at 0xa00080c4
[24426.903228] PUF Read:0x10100000 at 0xa00080c8
[24426.903350] PUF Read:0x01000000 at 0xa00080cc
[24426.903381] PUF Read:0x40044000 at 0xa00080d0
[24426.903381] PUF Read:0x00000000 at 0xa00080d4
[24426.903442] PUF Read:0x00001000 at 0xa00080d8
[24426.903442] PUF Read:0x00000000 at 0xa00080dc
[24426.903442] PUF Read:0x01000000 at 0xa00080e0
[24426.903442] PUF Read:0x00000000 at 0xa00080e4
[24426.903533] PUF Read:0x00000000 at 0xa00080e8
[24426.903533] PUF Read:0x00000001 at 0xa00080ec
[24426.903533] PUF Read:0x00000000 at 0xa00080f0
[24426.903533] PUF Read:0x00000000 at 0xa00080f4
[24426.903625] PUF Read:0x00000100 at 0xa00080f8
[24426.903625] PUF Read:0x00000000 at 0xa00080fc
[24426.903686] PUF Read:0x00000000 at 0xa0008100
[24426.903717] PUF Read:0x00000000 at 0xa0008104
[24426.903717] PUF Read:0x00000000 at 0xa0008108
[24426.903717] PUF Read:0x00000100 at 0xa000810c
[24426.903778] PUF Read:0x00000000 at 0xa0008110
[24426.903778] PUF Read:0x00400000 at 0xa0008114
[24426.903839] PUF Read:0x00000000 at 0xa0008118
[24426.903869] PUF Read:0x00000000 at 0xa000811c
[24426.903869] PUF Read:0x01000000 at 0xa0008120
[24426.903869] PUF Read:0x00000400 at 0xa0008124
[24426.903930] PUF Read:0x00000040 at 0xa0008128
[24426.903930] PUF Read:0x00000000 at 0xa000812c
[24426.903991] PUF Read:0x00000000 at 0xa0008130
[24426.904022] PUF Read:0x00000000 at 0xa0008134
[24426.904022] PUF Read:0x00010000 at 0xa0008138
[24426.904022] PUF Read:0x00000000 at 0xa000813c
[24426.904083] PUF Read:0x40000400 at 0xa0008140
[24426.904083] PUF Read:0x00000040 at 0xa0008144
[24426.904144] PUF Read:0x00100400 at 0xa0008148
[24426.904174] PUF Read:0x00000000 at 0xa000814c
[24426.904174] PUF Read:0x00000000 at 0xa0008150
[24426.904174] PUF Read:0x00000000 at 0xa0008154
[24426.904235] PUF Read:0x00000000 at 0xa0008158
[24426.904235] PUF Read:0x00100040 at 0xa000815c
[24426.904296] PUF Read:0x00001000 at 0xa0008160
[24426.904327] PUF Read:0x00000000 at 0xa0008164
[24426.904327] PUF Read:0x04000000 at 0xa0008168
[24426.904327] PUF Read:0x00400000 at 0xa000816c
[24426.904388] PUF Read:0x00000000 at 0xa0008170
[24426.904388] PUF Read:0x00100000 at 0xa0008174
[24426.904449] PUF Read:0x00000000 at 0xa0008178
[24426.904479] PUF Read:0x00004000 at 0xa000817c
[24426.904479] PUF Read:0x00000000 at 0xa0008180
[24426.904479] PUF Read:0x00000000 at 0xa0008184
[24426.904541] PUF Read:0x00040000 at 0xa0008188
[24426.904541] PUF Read:0x00000440 at 0xa000818c
[24426.904602] PUF Read:0x00000000 at 0xa0008190
[24426.904632] PUF Read:0x40000000 at 0xa0008194
[24426.904632] PUF Read:0x00000004 at 0xa0008198
[24426.904693] PUF Read:0x00000000 at 0xa000819c
[24426.904693] PUF Read:0x00000000 at 0xa00081a0
[24426.904693] PUF Read:0x00000000 at 0xa00081a4
[24426.904693] PUF Read:0x00000000 at 0xa00081a8
[24426.904785] PUF Read:0x00000040 at 0xa00081ac
[24426.904785] PUF Read:0x00410000 at 0xa00081b0
[24426.904785] PUF Read:0x00000000 at 0xa00081b4
[24426.904785] PUF Read:0x00000000 at 0xa00081b8
[24426.904785] PUF Read:0x00100000 at 0xa00081bc
[24426.904907] PUF Read:0x00000000 at 0xa00081c0
[24426.904937] PUF Read:0x00000004 at 0xa00081c4
[24426.904937] PUF Read:0x00000000 at 0xa00081c8
[24426.904937] PUF Read:0x00010000 at 0xa00081cc
[24426.904937] PUF Read:0x10000000 at 0xa00081d0
[24426.904937] PUF Read:0x00000000 at 0xa00081d4
[24426.904937] PUF Read:0x10000000 at 0xa00081d8
[24426.905090] PUF Read:0x00004000 at 0xa00081dc
[24426.905090] PUF Read:0x00000000 at 0xa00081e0
[24426.905090] PUF Read:0x00000040 at 0xa00081e4
[24426.905181] PUF Read:0x00000000 at 0xa00081e8
[24426.905181] PUF Read:0x00000010 at 0xa00081ec
[24426.905181] PUF Read:0x00000001 at 0xa00081f0
[24426.905181] PUF Read:0x00010400 at 0xa00081f4
[24426.905273] PUF Read:0x00000000 at 0xa00081f8
[24426.905273] PUF Read:0x00000040 at 0xa00081fc
[24426.905273] PUF Read:0x00000000 at 0xa0008200
[24426.905273] PUF Read:0x00000000 at 0xa0008204
[24426.905273] PUF Read:0x00000010 at 0xa0008208
[24426.905273] PUF Read:0x00000000 at 0xa000820c
[24426.905426] PUF Read:0x00400000 at 0xa0008210
[24426.905456] PUF Read:0x00000000 at 0xa0008214
[24426.905456] PUF Read:0x00000400 at 0xa0008218
[24426.905456] PUF Read:0x00000000 at 0xa000821c
[24426.905517] PUF Read:0x00000000 at 0xa0008220
[24426.905517] PUF Read:0x00100000 at 0xa0008224
[24426.905578] PUF Read:0x00000000 at 0xa0008228
[24426.905609] PUF Read:0x00000000 at 0xa000822c
[24426.905609] PUF Read:0x00000500 at 0xa0008230
[24426.905609] PUF Read:0x00400000 at 0xa0008234
[24426.905670] PUF Read:0x00000000 at 0xa0008238
[24426.905670] PUF Read:0x00000500 at 0xa000823c
[24426.905731] PUF Read:0x00000000 at 0xa0008240
[24426.905761] PUF Read:0x00000000 at 0xa0008244
[24426.905761] PUF Read:0x00040000 at 0xa0008248
[24426.905761] PUF Read:0x00000000 at 0xa000824c
[24426.905822] PUF Read:0x04000000 at 0xa0008250
[24426.905822] PUF Read:0x00100000 at 0xa0008254
[24426.905883] PUF Read:0x00000000 at 0xa0008258
[24426.905914] PUF Read:0x04040000 at 0xa000825c
[24426.905914] PUF Read:0x00000000 at 0xa0008260
[24426.905914] PUF Read:0x00001010 at 0xa0008264
[24426.905975] PUF Read:0x00000400 at 0xa0008268
[24426.905975] PUF Read:0x00000000 at 0xa000826c
[24426.906036] PUF Read:0x00000000 at 0xa0008270
[24426.906066] PUF Read:0x00000000 at 0xa0008274
[24426.906066] PUF Read:0x00000040 at 0xa0008278
[24426.906066] PUF Read:0x00100000 at 0xa000827c
[24426.906127] PUF Read:0x40000000 at 0xa0008280
[24426.906127] PUF Read:0x00000000 at 0xa0008284
[24426.906188] PUF Read:0x00400000 at 0xa0008288
[24426.906219] PUF Read:0x00000000 at 0xa000828c
[24426.906219] PUF Read:0x00000000 at 0xa0008290
[24426.906219] PUF Read:0x00000000 at 0xa0008294
[24426.906280] PUF Read:0x00000000 at 0xa0008298
[24426.906280] PUF Read:0x00000000 at 0xa000829c
[24426.906341] PUF Read:0x00000000 at 0xa00082a0
[24426.906372] PUF Read:0x00001000 at 0xa00082a4
[24426.906372] PUF Read:0x00000000 at 0xa00082a8
[24426.906372] PUF Read:0x00000000 at 0xa00082ac
[24426.906433] PUF Read:0x00000000 at 0xa00082b0
[24426.906433] PUF Read:0x00000000 at 0xa00082b4
[24426.906494] PUF Read:0x00000040 at 0xa00082b8
[24426.906524] PUF Read:0x00000000 at 0xa00082bc
[24426.906524] PUF Read:0x10000000 at 0xa00082c0
[24426.906524] PUF Read:0x00000000 at 0xa00082c4
[24426.906585] PUF Read:0x10000000 at 0xa00082c8
[24426.906585] PUF Read:0x00000000 at 0xa00082cc
[24426.906646] PUF Read:0x00100000 at 0xa00082d0
[24426.906677] PUF Read:0x00000000 at 0xa00082d4
[24426.906707] PUF Read:0x40000000 at 0xa00082d8
[24426.906707] PUF Read:0x00004000 at 0xa00082dc
[24426.906707] PUF Read:0x00000000 at 0xa00082e0
[24426.906768] PUF Read:0x00000400 at 0xa00082e4
[24426.906768] PUF Read:0x00000100 at 0xa00082e8
[24426.906829] PUF Read:0x00000001 at 0xa00082ec
[24426.906860] PUF Read:0x00000001 at 0xa00082f0
[24426.906860] PUF Read:0x00000000 at 0xa00082f4
[24426.906860] PUF Read:0x00000000 at 0xa00082f8
[24426.906921] PUF Read:0x00000000 at 0xa00082fc
[24426.906921] PUF Read:0x00000100 at 0xa0008300
[24426.906982] PUF Read:0x00000000 at 0xa0008304
[24426.907012] PUF Read:0x00000000 at 0xa0008308
[24426.907012] PUF Read:0x00000000 at 0xa000830c
[24426.907012] PUF Read:0x00000000 at 0xa0008310
[24426.907073] PUF Read:0x00000010 at 0xa0008314
[24426.907073] PUF Read:0x01500000 at 0xa0008318
[24426.907135] PUF Read:0x10000000 at 0xa000831c
[24426.907165] PUF Read:0x00000000 at 0xa0008320
[24426.907165] PUF Read:0x00000100 at 0xa0008324
[24426.907165] PUF Read:0x00000000 at 0xa0008328
[24426.907226] PUF Read:0x00010000 at 0xa000832c
[24426.907226] PUF Read:0x00000004 at 0xa0008330
[24426.907287] PUF Read:0x00000100 at 0xa0008334
[24426.907318] PUF Read:0x00001000 at 0xa0008338
[24426.907318] PUF Read:0x00000000 at 0xa000833c
[24426.907318] PUF Read:0x10000100 at 0xa0008340
[24426.907379] PUF Read:0x00000001 at 0xa0008344
[24426.907379] PUF Read:0x00000000 at 0xa0008348
[24426.907440] PUF Read:0x00000100 at 0xa000834c
[24426.907470] PUF Read:0x00000000 at 0xa0008350
[24426.907470] PUF Read:0x00000000 at 0xa0008354
[24426.907470] PUF Read:0x00000000 at 0xa0008358
[24426.907531] PUF Read:0x00000000 at 0xa000835c
[24426.907531] PUF Read:0x00010000 at 0xa0008360
[24426.907592] PUF Read:0x00000000 at 0xa0008364
[24426.907623] PUF Read:0x00000000 at 0xa0008368
[24426.907623] PUF Read:0x00000400 at 0xa000836c
[24426.907623] PUF Read:0x00000000 at 0xa0008370
[24426.907684] PUF Read:0x00000000 at 0xa0008374
[24426.907684] PUF Read:0x40010000 at 0xa0008378
[24426.907745] PUF Read:0x00000000 at 0xa000837c
[24426.907745] PUF Read:0x00000000 at 0xa0008380
[24426.907745] PUF Read:0x00000000 at 0xa0008384
[24426.907745] PUF Read:0x00000000 at 0xa0008388
[24426.907745] PUF Read:0x00000000 at 0xa000838c
[24426.907745] PUF Read:0x00000001 at 0xa0008390
[24426.907897] PUF Read:0x00000100 at 0xa0008394
[24426.907897] PUF Read:0x10000000 at 0xa0008398
[24426.907897] PUF Read:0x00000004 at 0xa000839c
[24426.907897] PUF Read:0x00000000 at 0xa00083a0
[24426.907897] PUF Read:0x00000000 at 0xa00083a4
[24426.907897] PUF Read:0x40100000 at 0xa00083a8
[24426.908050] PUF Read:0x00001000 at 0xa00083ac
[24426.908050] PUF Read:0x00000000 at 0xa00083b0
[24426.908050] PUF Read:0x00000000 at 0xa00083b4
[24426.908050] PUF Read:0x00000000 at 0xa00083b8
[24426.908050] PUF Read:0x00000000 at 0xa00083bc
[24426.908050] PUF Read:0x00000040 at 0xa00083c0
[24426.908050] PUF Read:0x04000000 at 0xa00083c4
[24426.908233] PUF Read:0x00000000 at 0xa00083c8
[24426.908233] PUF Read:0x00000000 at 0xa00083cc
[24426.908233] PUF Read:0x00000000 at 0xa00083d0
[24426.908233] PUF Read:0x00010000 at 0xa00083d4
[24426.908325] PUF Read:0x00000000 at 0xa00083d8
[24426.908325] PUF Read:0x00000000 at 0xa00083dc
[24426.908386] PUF Read:0x00140000 at 0xa00083e0
[24426.908416] PUF Read:0x10000000 at 0xa00083e4
[24426.908416] PUF Read:0x04000000 at 0xa00083e8
[24426.908416] PUF Read:0x00000000 at 0xa00083ec
[24426.908477] PUF Read:0x00000400 at 0xa00083f0
[24426.908477] PUF Read:0x04000000 at 0xa00083f4
[24426.908538] PUF Read:0x00000004 at 0xa00083f8
[24426.908569] PUF Read:0x00040000 at 0xa00083fc
[24426.908569] [i] Finished PUF read-out
[24426.908599] <6>[i] Finished PUF query for decaytime: 15360
[24426.908599] End measurement:14
[24426.908599] [i] Start measurement: 15
[24426.908630] [i] Start decaytime: 60
[24426.908630] EMIF 2 REG Write 0x80000000 at 0x4d000010
[24426.908660] EMIF 2 REG Read 0x80000000 at 0x4d000010
[24426.908660] EMIF 2 REG Write 0x80000000 at 0x4d000014
[24426.908660] EMIF 2 REG Read 0x00000000 at 0x4d000014
[24426.908691] EMIF 2 REG Write 0x08016893 at 0x4d0000cc
[24426.908691] EMIF 2 REG Read 0x08016893 at 0x4d0000cc
[24426.908721] Temp polling alert disabled
[24426.908721] Refresh Disabled at EMIF2
[24426.908721] [i] Initialiting PUF & hammer rows
[24426.908752] [i] Single-Sided Rowhammer (SSRH)
[24426.908752] [i] Finished initialiting PUF & hammer rows
[24426.915496] [i]	Timer elapsed since its reset 0 sec
[24426.915496] [i] Decay: 60 sec
[24426.915496] [i]	Relative Decay: 0 msec
