[13788.394256] [i] Total hammer attempts per row: 3726092
[13788.394287] EMIF 2 REG Write 0x00000618 at 0x4d000010
[13788.394287] EMIF 2 REG Read 0x00000618 at 0x4d000010
[13788.394317] EMIF 2 REG Write 0x00000618 at 0x4d000014
[13788.394317] EMIF 2 REG Read 0x00000618 at 0x4d000014
[13788.394348] EMIF 2 REG Write 0x58016893 at 0x4d0000cc
[13788.394348] EMIF 2 REG Read 0x58016893 at 0x4d0000cc
[13788.394348] Temp polling alert enabled
[13788.394378] Refresh enabled at EMIF2
[13788.394378] [i] Starting PUF read-out
[13788.394378] [i] Single-Sided Rowhammer (SSRH)
[13788.394409] PUF Read:0x00000010 at 0xa0008000
[13788.394439] PUF Read:0x00000400 at 0xa0008004
[13788.394439] PUF Read:0x00000000 at 0xa0008008
[13788.394439] PUF Read:0x00000000 at 0xa000800c
[13788.394531] PUF Read:0x00000000 at 0xa0008010
[13788.394531] PUF Read:0x00000100 at 0xa0008014
[13788.394531] PUF Read:0x00000000 at 0xa0008018
[13788.394531] PUF Read:0x10400100 at 0xa000801c
[13788.394622] PUF Read:0x40004000 at 0xa0008020
[13788.394653] PUF Read:0x40004000 at 0xa0008024
[13788.394653] PUF Read:0x00004000 at 0xa0008028
[13788.394653] PUF Read:0x00000010 at 0xa000802c
[13788.394714] PUF Read:0x40000000 at 0xa0008030
[13788.394714] PUF Read:0x04000000 at 0xa0008034
[13788.394775] PUF Read:0x00004000 at 0xa0008038
[13788.394805] PUF Read:0x00000000 at 0xa000803c
[13788.394805] PUF Read:0x00000001 at 0xa0008040
[13788.394805] PUF Read:0x00004000 at 0xa0008044
[13788.394866] PUF Read:0x40000000 at 0xa0008048
[13788.394866] PUF Read:0x00000001 at 0xa000804c
[13788.394927] PUF Read:0x00000000 at 0xa0008050
[13788.394958] PUF Read:0x00000000 at 0xa0008054
[13788.394958] PUF Read:0x00000000 at 0xa0008058
[13788.395019] PUF Read:0x00000000 at 0xa000805c
[13788.395019] PUF Read:0x00000000 at 0xa0008060
[13788.395019] PUF Read:0x00100000 at 0xa0008064
[13788.395080] PUF Read:0x00000000 at 0xa0008068
[13788.395111] PUF Read:0x00000000 at 0xa000806c
[13788.395111] PUF Read:0x00000010 at 0xa0008070
[13788.395111] PUF Read:0x00000000 at 0xa0008074
[13788.395172] PUF Read:0x00000000 at 0xa0008078
[13788.395172] PUF Read:0x00010000 at 0xa000807c
[13788.395233] PUF Read:0x00010001 at 0xa0008080
[13788.395263] PUF Read:0x00010000 at 0xa0008084
[13788.395263] PUF Read:0x00000000 at 0xa0008088
[13788.395263] PUF Read:0x00000000 at 0xa000808c
[13788.395324] PUF Read:0x00000000 at 0xa0008090
[13788.395324] PUF Read:0x10000000 at 0xa0008094
[13788.395385] PUF Read:0x00410001 at 0xa0008098
[13788.395416] PUF Read:0x00000000 at 0xa000809c
[13788.395416] PUF Read:0x00000000 at 0xa00080a0
[13788.395416] PUF Read:0x00010000 at 0xa00080a4
[13788.395477] PUF Read:0x00010001 at 0xa00080a8
[13788.395477] PUF Read:0x00000041 at 0xa00080ac
[13788.395538] PUF Read:0x00000000 at 0xa00080b0
[13788.395568] PUF Read:0x00000000 at 0xa00080b4
[13788.395568] PUF Read:0x00004000 at 0xa00080b8
[13788.395629] PUF Read:0x00000000 at 0xa00080bc
[13788.395629] PUF Read:0x00000400 at 0xa00080c0
[13788.395629] PUF Read:0x00000000 at 0xa00080c4
[13788.395629] PUF Read:0x10100000 at 0xa00080c8
[13788.395721] PUF Read:0x01000000 at 0xa00080cc
[13788.395721] PUF Read:0x40045000 at 0xa00080d0
[13788.395721] PUF Read:0x00000000 at 0xa00080d4
[13788.395721] PUF Read:0x00001000 at 0xa00080d8
[13788.395721] PUF Read:0x00000000 at 0xa00080dc
[13788.395721] PUF Read:0x01000000 at 0xa00080e0
[13788.395874] PUF Read:0x00000000 at 0xa00080e4
[13788.395874] PUF Read:0x00000000 at 0xa00080e8
[13788.395874] PUF Read:0x00000001 at 0xa00080ec
[13788.395874] PUF Read:0x00000000 at 0xa00080f0
[13788.395874] PUF Read:0x00000000 at 0xa00080f4
[13788.395874] PUF Read:0x00000100 at 0xa00080f8
[13788.396026] PUF Read:0x00000000 at 0xa00080fc
[13788.396026] PUF Read:0x00000000 at 0xa0008100
[13788.396026] PUF Read:0x00000000 at 0xa0008104
[13788.396026] PUF Read:0x00000000 at 0xa0008108
[13788.396026] PUF Read:0x00000100 at 0xa000810c
[13788.396148] PUF Read:0x00000000 at 0xa0008110
[13788.396179] PUF Read:0x00400000 at 0xa0008114
[13788.396179] PUF Read:0x00000000 at 0xa0008118
[13788.396240] PUF Read:0x00000000 at 0xa000811c
[13788.396240] PUF Read:0x01000000 at 0xa0008120
[13788.396240] PUF Read:0x00000400 at 0xa0008124
[13788.396240] PUF Read:0x00000040 at 0xa0008128
[13788.396331] PUF Read:0x00000000 at 0xa000812c
[13788.396331] PUF Read:0x00000000 at 0xa0008130
[13788.396392] PUF Read:0x00000000 at 0xa0008134
[13788.396392] PUF Read:0x00110000 at 0xa0008138
[13788.396392] PUF Read:0x00000000 at 0xa000813c
[13788.396453] PUF Read:0x40000400 at 0xa0008140
[13788.396484] PUF Read:0x00010040 at 0xa0008144
[13788.396484] PUF Read:0x00100400 at 0xa0008148
[13788.396484] PUF Read:0x00000000 at 0xa000814c
[13788.396484] PUF Read:0x00000000 at 0xa0008150
[13788.396484] PUF Read:0x00000000 at 0xa0008154
[13788.396606] PUF Read:0x00000000 at 0xa0008158
[13788.396636] PUF Read:0x01100040 at 0xa000815c
[13788.396636] PUF Read:0x00001000 at 0xa0008160
[13788.396697] PUF Read:0x00000000 at 0xa0008164
[13788.396697] PUF Read:0x04000000 at 0xa0008168
[13788.396697] PUF Read:0x00400000 at 0xa000816c
[13788.396759] PUF Read:0x00000000 at 0xa0008170
[13788.396789] PUF Read:0x00100000 at 0xa0008174
[13788.396789] PUF Read:0x00000000 at 0xa0008178
[13788.396789] PUF Read:0x00004000 at 0xa000817c
[13788.396850] PUF Read:0x00000000 at 0xa0008180
[13788.396850] PUF Read:0x00000000 at 0xa0008184
[13788.396911] PUF Read:0x00040000 at 0xa0008188
[13788.396942] PUF Read:0x00000440 at 0xa000818c
[13788.396942] PUF Read:0x00000000 at 0xa0008190
[13788.396942] PUF Read:0x50000000 at 0xa0008194
[13788.397003] PUF Read:0x00000104 at 0xa0008198
[13788.397003] PUF Read:0x00000000 at 0xa000819c
[13788.397064] PUF Read:0x00000000 at 0xa00081a0
[13788.397094] PUF Read:0x00000000 at 0xa00081a4
[13788.397094] PUF Read:0x00000000 at 0xa00081a8
[13788.397094] PUF Read:0x00000040 at 0xa00081ac
[13788.397155] PUF Read:0x00410000 at 0xa00081b0
[13788.397155] PUF Read:0x00000000 at 0xa00081b4
[13788.397216] PUF Read:0x00000000 at 0xa00081b8
[13788.397247] PUF Read:0x00100000 at 0xa00081bc
[13788.397247] PUF Read:0x00000000 at 0xa00081c0
[13788.397247] PUF Read:0x00000004 at 0xa00081c4
[13788.397308] PUF Read:0x00000000 at 0xa00081c8
[13788.397308] PUF Read:0x00010000 at 0xa00081cc
[13788.397369] PUF Read:0x10000000 at 0xa00081d0
[13788.397399] PUF Read:0x00000000 at 0xa00081d4
[13788.397399] PUF Read:0x10000000 at 0xa00081d8
[13788.397399] PUF Read:0x00004000 at 0xa00081dc
[13788.397399] PUF Read:0x00000000 at 0xa00081e0
[13788.397399] PUF Read:0x00000040 at 0xa00081e4
[13788.397399] PUF Read:0x00000000 at 0xa00081e8
[13788.397552] PUF Read:0x00010010 at 0xa00081ec
[13788.397583] PUF Read:0x00000001 at 0xa00081f0
[13788.397583] PUF Read:0x00010400 at 0xa00081f4
[13788.397583] PUF Read:0x10000000 at 0xa00081f8
[13788.397644] PUF Read:0x00400040 at 0xa00081fc
[13788.397644] PUF Read:0x00000000 at 0xa0008200
[13788.397705] PUF Read:0x00000000 at 0xa0008204
[13788.397735] PUF Read:0x00000010 at 0xa0008208
[13788.397735] PUF Read:0x00001000 at 0xa000820c
[13788.397735] PUF Read:0x00400000 at 0xa0008210
[13788.397796] PUF Read:0x00000000 at 0xa0008214
[13788.397796] PUF Read:0x00000400 at 0xa0008218
[13788.397857] PUF Read:0x00000000 at 0xa000821c
[13788.397888] PUF Read:0x00000000 at 0xa0008220
[13788.397888] PUF Read:0x00100000 at 0xa0008224
[13788.397949] PUF Read:0x00000000 at 0xa0008228
[13788.397949] PUF Read:0x00000000 at 0xa000822c
[13788.397949] PUF Read:0x00000500 at 0xa0008230
[13788.398010] PUF Read:0x00400000 at 0xa0008234
[13788.398040] PUF Read:0x00000000 at 0xa0008238
[13788.398040] PUF Read:0x00000500 at 0xa000823c
[13788.398040] PUF Read:0x01000004 at 0xa0008240
[13788.398040] PUF Read:0x00000000 at 0xa0008244
[13788.398040] PUF Read:0x00040000 at 0xa0008248
[13788.398040] PUF Read:0x00000000 at 0xa000824c
[13788.398193] PUF Read:0x04000000 at 0xa0008250
[13788.398193] PUF Read:0x00100000 at 0xa0008254
[13788.398193] PUF Read:0x00000000 at 0xa0008258
[13788.398193] PUF Read:0x04040000 at 0xa000825c
[13788.398284] PUF Read:0x00000000 at 0xa0008260
[13788.398284] PUF Read:0x00001010 at 0xa0008264
[13788.398345] PUF Read:0x00000400 at 0xa0008268
[13788.398376] PUF Read:0x40001000 at 0xa000826c
[13788.398376] PUF Read:0x00001000 at 0xa0008270
[13788.398376] PUF Read:0x00000000 at 0xa0008274
[13788.398437] PUF Read:0x00000040 at 0xa0008278
[13788.398437] PUF Read:0x00100000 at 0xa000827c
[13788.398498] PUF Read:0x40000000 at 0xa0008280
[13788.398529] PUF Read:0x00000000 at 0xa0008284
[13788.398529] PUF Read:0x00400000 at 0xa0008288
[13788.398529] PUF Read:0x00000000 at 0xa000828c
[13788.398590] PUF Read:0x00000000 at 0xa0008290
[13788.398590] PUF Read:0x00000000 at 0xa0008294
[13788.398651] PUF Read:0x00000000 at 0xa0008298
[13788.398681] PUF Read:0x00000000 at 0xa000829c
[13788.398681] PUF Read:0x00000400 at 0xa00082a0
[13788.398681] PUF Read:0x00001000 at 0xa00082a4
[13788.398742] PUF Read:0x00000000 at 0xa00082a8
[13788.398742] PUF Read:0x00000000 at 0xa00082ac
[13788.398803] PUF Read:0x00000000 at 0xa00082b0
[13788.398834] PUF Read:0x00000000 at 0xa00082b4
[13788.398834] PUF Read:0x00000040 at 0xa00082b8
[13788.398834] PUF Read:0x00000000 at 0xa00082bc
[13788.398895] PUF Read:0x10000000 at 0xa00082c0
[13788.398895] PUF Read:0x00000000 at 0xa00082c4
[13788.398895] PUF Read:0x10000000 at 0xa00082c8
[13788.398986] PUF Read:0x00000000 at 0xa00082cc
[13788.398986] PUF Read:0x00100000 at 0xa00082d0
[13788.398986] PUF Read:0x00000000 at 0xa00082d4
[13788.398986] PUF Read:0x40000000 at 0xa00082d8
[13788.399078] PUF Read:0x00004000 at 0xa00082dc
[13788.399078] PUF Read:0x00000000 at 0xa00082e0
[13788.399139] PUF Read:0x00000400 at 0xa00082e4
[13788.399169] PUF Read:0x00000100 at 0xa00082e8
[13788.399169] PUF Read:0x00000001 at 0xa00082ec
[13788.399169] PUF Read:0x00000001 at 0xa00082f0
[13788.399230] PUF Read:0x00000000 at 0xa00082f4
[13788.399230] PUF Read:0x00100000 at 0xa00082f8
[13788.399291] PUF Read:0x00000000 at 0xa00082fc
[13788.399322] PUF Read:0x00000100 at 0xa0008300
[13788.399322] PUF Read:0x00000000 at 0xa0008304
[13788.399322] PUF Read:0x00000000 at 0xa0008308
[13788.399383] PUF Read:0x00000000 at 0xa000830c
[13788.399383] PUF Read:0x00000000 at 0xa0008310
[13788.399444] PUF Read:0x00000010 at 0xa0008314
[13788.399475] PUF Read:0x01500000 at 0xa0008318
[13788.399475] PUF Read:0x10010000 at 0xa000831c
[13788.399475] PUF Read:0x00000000 at 0xa0008320
[13788.399475] PUF Read:0x00000100 at 0xa0008324
[13788.399475] PUF Read:0x00000000 at 0xa0008328
[13788.399475] PUF Read:0x00010000 at 0xa000832c
[13788.399627] PUF Read:0x00000004 at 0xa0008330
[13788.399627] PUF Read:0x00000100 at 0xa0008334
[13788.399627] PUF Read:0x00001000 at 0xa0008338
[13788.399627] PUF Read:0x00000000 at 0xa000833c
[13788.399719] PUF Read:0x10000100 at 0xa0008340
[13788.399719] PUF Read:0x00000001 at 0xa0008344
[13788.399780] PUF Read:0x00000000 at 0xa0008348
[13788.399810] PUF Read:0x00000100 at 0xa000834c
[13788.399810] PUF Read:0x00000010 at 0xa0008350
[13788.399810] PUF Read:0x00000000 at 0xa0008354
[13788.399871] PUF Read:0x00000000 at 0xa0008358
[13788.399871] PUF Read:0x00001000 at 0xa000835c
[13788.399932] PUF Read:0x00014000 at 0xa0008360
[13788.399963] PUF Read:0x00000000 at 0xa0008364
[13788.399963] PUF Read:0x04000000 at 0xa0008368
[13788.399963] PUF Read:0x00000400 at 0xa000836c
[13788.400024] PUF Read:0x00000000 at 0xa0008370
[13788.400024] PUF Read:0x00000000 at 0xa0008374
[13788.400085] PUF Read:0x40010000 at 0xa0008378
[13788.400115] PUF Read:0x00000040 at 0xa000837c
[13788.400115] PUF Read:0x00000000 at 0xa0008380
[13788.400177] PUF Read:0x00000000 at 0xa0008384
[13788.400177] PUF Read:0x00000004 at 0xa0008388
[13788.400177] PUF Read:0x00000000 at 0xa000838c
[13788.400238] PUF Read:0x00000001 at 0xa0008390
[13788.400268] PUF Read:0x00000100 at 0xa0008394
[13788.400268] PUF Read:0x10000000 at 0xa0008398
[13788.400329] PUF Read:0x00000004 at 0xa000839c
[13788.400329] PUF Read:0x00004000 at 0xa00083a0
[13788.400329] PUF Read:0x00000000 at 0xa00083a4
[13788.400329] PUF Read:0x00100000 at 0xa00083a8
[13788.400421] PUF Read:0x00001000 at 0xa00083ac
[13788.400421] PUF Read:0x00000000 at 0xa00083b0
[13788.400421] PUF Read:0x00000000 at 0xa00083b4
[13788.400421] PUF Read:0x00004000 at 0xa00083b8
[13788.400512] PUF Read:0x00000000 at 0xa00083bc
[13788.400512] PUF Read:0x00000040 at 0xa00083c0
[13788.400573] PUF Read:0x04000000 at 0xa00083c4
[13788.400604] PUF Read:0x00000000 at 0xa00083c8
[13788.400604] PUF Read:0x00000000 at 0xa00083cc
[13788.400604] PUF Read:0x00000000 at 0xa00083d0
[13788.400665] PUF Read:0x00010000 at 0xa00083d4
[13788.400665] PUF Read:0x00000000 at 0xa00083d8
[13788.400726] PUF Read:0x00000001 at 0xa00083dc
[13788.400756] PUF Read:0x00140004 at 0xa00083e0
[13788.400756] PUF Read:0x10000000 at 0xa00083e4
[13788.400817] PUF Read:0x04000000 at 0xa00083e8
[13788.400817] PUF Read:0x00000000 at 0xa00083ec
[13788.400817] PUF Read:0x00000400 at 0xa00083f0
[13788.400817] PUF Read:0x04000000 at 0xa00083f4
[13788.400909] PUF Read:0x00000004 at 0xa00083f8
[13788.400909] PUF Read:0x00044000 at 0xa00083fc
[13788.401000] [i] Finished PUF read-out
[13788.401000] <6>[i] Finished PUF query for decaytime: 15360
[13788.401031] End measurement:15
[13788.401031] [i] Start measurement: 16
[13788.401031] [i] Start decaytime: 60
[13788.401062] EMIF 2 REG Write 0x80000000 at 0x4d000010
[13788.401062] EMIF 2 REG Read 0x80000000 at 0x4d000010
[13788.401092] EMIF 2 REG Write 0x80000000 at 0x4d000014
[13788.401092] EMIF 2 REG Read 0x00000000 at 0x4d000014
[13788.401092] EMIF 2 REG Write 0x08016893 at 0x4d0000cc
[13788.401123] EMIF 2 REG Read 0x08016893 at 0x4d0000cc
[13788.401123] Temp polling alert disabled
[13788.401123] Refresh Disabled at EMIF2
[13788.401153] [i] Initialiting PUF & hammer rows
[13788.401153] [i] Single-Sided Rowhammer (SSRH)
[13788.407836] [i] Finished initialiting PUF & hammer rows
[13788.407836] [i]	Timer elapsed since its reset 0 sec
[13788.407867] [i] Decay: 60 sec
[13788.407867] [i]	Relative Decay: 0 msec
