[  809.697814] [i] Total hammer attempts per row: 3725053
[  809.697845] EMIF 2 REG Write 0x00000618 at 0x4d000010
[  809.697845] EMIF 2 REG Read 0x00000618 at 0x4d000010
[  809.697875] EMIF 2 REG Write 0x00000618 at 0x4d000014
[  809.697875] EMIF 2 REG Read 0x00000618 at 0x4d000014
[  809.697906] EMIF 2 REG Write 0x58016893 at 0x4d0000cc
[  809.697906] EMIF 2 REG Read 0x58016893 at 0x4d0000cc
[  809.697906] Temp polling alert enabled
[  809.697906] Refresh enabled at EMIF2
[  809.697937] [i] Starting PUF read-out
[  809.697937] [i] Single-Sided Rowhammer (SSRH)
[  809.697967] PUF Read:0x00000010 at 0xa0008000
[  809.697967] PUF Read:0x00000000 at 0xa0008004
[  809.697967] PUF Read:0x00000000 at 0xa0008008
[  809.697967] PUF Read:0x00000000 at 0xa000800c
[  809.698059] PUF Read:0x00000000 at 0xa0008010
[  809.698059] PUF Read:0x00000100 at 0xa0008014
[  809.698059] PUF Read:0x00000000 at 0xa0008018
[  809.698150] PUF Read:0x00000000 at 0xa000801c
[  809.698150] PUF Read:0x00000000 at 0xa0008020
[  809.698150] PUF Read:0x40004000 at 0xa0008024
[  809.698150] PUF Read:0x00000000 at 0xa0008028
[  809.698150] PUF Read:0x00000010 at 0xa000802c
[  809.698150] PUF Read:0x40000000 at 0xa0008030
[  809.698303] PUF Read:0x04000000 at 0xa0008034
[  809.698303] PUF Read:0x00000000 at 0xa0008038
[  809.698303] PUF Read:0x00000000 at 0xa000803c
[  809.698303] PUF Read:0x00000001 at 0xa0008040
[  809.698394] PUF Read:0x00004000 at 0xa0008044
[  809.698394] PUF Read:0x00000000 at 0xa0008048
[  809.698455] PUF Read:0x00000000 at 0xa000804c
[  809.698486] PUF Read:0x00000000 at 0xa0008050
[  809.698486] PUF Read:0x00000000 at 0xa0008054
[  809.698486] PUF Read:0x00000000 at 0xa0008058
[  809.698547] PUF Read:0x00000000 at 0xa000805c
[  809.698547] PUF Read:0x00000000 at 0xa0008060
[  809.698608] PUF Read:0x00000000 at 0xa0008064
[  809.698608] PUF Read:0x00000000 at 0xa0008068
[  809.698608] PUF Read:0x00000000 at 0xa000806c
[  809.698608] PUF Read:0x00000000 at 0xa0008070
[  809.698608] PUF Read:0x00000000 at 0xa0008074
[  809.698608] PUF Read:0x00000000 at 0xa0008078
[  809.698760] PUF Read:0x00010000 at 0xa000807c
[  809.698760] PUF Read:0x00010000 at 0xa0008080
[  809.698760] PUF Read:0x00000000 at 0xa0008084
[  809.698760] PUF Read:0x00000000 at 0xa0008088
[  809.698760] PUF Read:0x00000000 at 0xa000808c
[  809.698883] PUF Read:0x00000000 at 0xa0008090
[  809.698913] PUF Read:0x10000000 at 0xa0008094
[  809.698913] PUF Read:0x00010001 at 0xa0008098
[  809.698913] PUF Read:0x00000000 at 0xa000809c
[  809.698974] PUF Read:0x00000000 at 0xa00080a0
[  809.698974] PUF Read:0x00010000 at 0xa00080a4
[  809.699035] PUF Read:0x00000001 at 0xa00080a8
[  809.699066] PUF Read:0x00000040 at 0xa00080ac
[  809.699066] PUF Read:0x00000000 at 0xa00080b0
[  809.699066] PUF Read:0x00000000 at 0xa00080b4
[  809.699127] PUF Read:0x00004000 at 0xa00080b8
[  809.699127] PUF Read:0x00000000 at 0xa00080bc
[  809.699127] PUF Read:0x00000400 at 0xa00080c0
[  809.699218] PUF Read:0x00000000 at 0xa00080c4
[  809.699249] PUF Read:0x00000000 at 0xa00080c8
[  809.699249] PUF Read:0x01000000 at 0xa00080cc
[  809.699310] PUF Read:0x40044000 at 0xa00080d0
[  809.699310] PUF Read:0x00000000 at 0xa00080d4
[  809.699310] PUF Read:0x00001000 at 0xa00080d8
[  809.699371] PUF Read:0x00000000 at 0xa00080dc
[  809.699401] PUF Read:0x01000000 at 0xa00080e0
[  809.699401] PUF Read:0x00000000 at 0xa00080e4
[  809.699401] PUF Read:0x00000000 at 0xa00080e8
[  809.699462] PUF Read:0x00000001 at 0xa00080ec
[  809.699462] PUF Read:0x00000000 at 0xa00080f0
[  809.699523] PUF Read:0x00000000 at 0xa00080f4
[  809.699554] PUF Read:0x00000100 at 0xa00080f8
[  809.699554] PUF Read:0x00000000 at 0xa00080fc
[  809.699554] PUF Read:0x00000000 at 0xa0008100
[  809.699615] PUF Read:0x00000000 at 0xa0008104
[  809.699615] PUF Read:0x00000000 at 0xa0008108
[  809.699676] PUF Read:0x00000000 at 0xa000810c
[  809.699707] PUF Read:0x00000000 at 0xa0008110
[  809.699707] PUF Read:0x00400000 at 0xa0008114
[  809.699707] PUF Read:0x00000000 at 0xa0008118
[  809.699768] PUF Read:0x00000000 at 0xa000811c
[  809.699768] PUF Read:0x00000000 at 0xa0008120
[  809.699829] PUF Read:0x00000400 at 0xa0008124
[  809.699859] PUF Read:0x00000000 at 0xa0008128
[  809.699859] PUF Read:0x00000000 at 0xa000812c
[  809.699859] PUF Read:0x00000000 at 0xa0008130
[  809.699859] PUF Read:0x00000000 at 0xa0008134
[  809.699859] PUF Read:0x00010000 at 0xa0008138
[  809.699981] PUF Read:0x00000000 at 0xa000813c
[  809.699981] PUF Read:0x00000400 at 0xa0008140
[  809.699981] PUF Read:0x00000000 at 0xa0008144
[  809.699981] PUF Read:0x00100400 at 0xa0008148
[  809.699981] PUF Read:0x00000000 at 0xa000814c
[  809.699981] PUF Read:0x00000000 at 0xa0008150
[  809.700134] PUF Read:0x00000000 at 0xa0008154
[  809.700134] PUF Read:0x00000000 at 0xa0008158
[  809.700195] PUF Read:0x00100040 at 0xa000815c
[  809.700195] PUF Read:0x00000000 at 0xa0008160
[  809.700195] PUF Read:0x00000000 at 0xa0008164
[  809.700256] PUF Read:0x04000000 at 0xa0008168
[  809.700286] PUF Read:0x00400000 at 0xa000816c
[  809.700286] PUF Read:0x00000000 at 0xa0008170
[  809.700347] PUF Read:0x00100000 at 0xa0008174
[  809.700347] PUF Read:0x00000000 at 0xa0008178
[  809.700347] PUF Read:0x00004000 at 0xa000817c
[  809.700408] PUF Read:0x00000000 at 0xa0008180
[  809.700439] PUF Read:0x00000000 at 0xa0008184
[  809.700439] PUF Read:0x00040000 at 0xa0008188
[  809.700439] PUF Read:0x00000040 at 0xa000818c
[  809.700500] PUF Read:0x00000000 at 0xa0008190
[  809.700500] PUF Read:0x40000000 at 0xa0008194
[  809.700561] PUF Read:0x00000000 at 0xa0008198
[  809.700592] PUF Read:0x00000000 at 0xa000819c
[  809.700592] PUF Read:0x00000000 at 0xa00081a0
[  809.700592] PUF Read:0x00000000 at 0xa00081a4
[  809.700653] PUF Read:0x00000000 at 0xa00081a8
[  809.700653] PUF Read:0x00000000 at 0xa00081ac
[  809.700653] PUF Read:0x00410000 at 0xa00081b0
[  809.700744] PUF Read:0x00000000 at 0xa00081b4
[  809.700775] PUF Read:0x00000000 at 0xa00081b8
[  809.700775] PUF Read:0x00000000 at 0xa00081bc
[  809.700775] PUF Read:0x00000000 at 0xa00081c0
[  809.700775] PUF Read:0x00000004 at 0xa00081c4
[  809.700775] PUF Read:0x00000000 at 0xa00081c8
[  809.700897] PUF Read:0x00010000 at 0xa00081cc
[  809.700897] PUF Read:0x10000000 at 0xa00081d0
[  809.700897] PUF Read:0x00000000 at 0xa00081d4
[  809.700897] PUF Read:0x00000000 at 0xa00081d8
[  809.700897] PUF Read:0x00000000 at 0xa00081dc
[  809.700897] PUF Read:0x00000000 at 0xa00081e0
[  809.701049] PUF Read:0x00000040 at 0xa00081e4
[  809.701049] PUF Read:0x00000000 at 0xa00081e8
[  809.701049] PUF Read:0x00000000 at 0xa00081ec
[  809.701049] PUF Read:0x00000001 at 0xa00081f0
[  809.701049] PUF Read:0x00000400 at 0xa00081f4
[  809.701171] PUF Read:0x00000000 at 0xa00081f8
[  809.701202] PUF Read:0x00000040 at 0xa00081fc
[  809.701202] PUF Read:0x00000000 at 0xa0008200
[  809.701263] PUF Read:0x00000000 at 0xa0008204
[  809.701263] PUF Read:0x00000010 at 0xa0008208
[  809.701263] PUF Read:0x00000000 at 0xa000820c
[  809.701324] PUF Read:0x00000000 at 0xa0008210
[  809.701354] PUF Read:0x00000000 at 0xa0008214
[  809.701354] PUF Read:0x00000400 at 0xa0008218
[  809.701354] PUF Read:0x00000000 at 0xa000821c
[  809.701416] PUF Read:0x00000000 at 0xa0008220
[  809.701416] PUF Read:0x00100000 at 0xa0008224
[  809.701477] PUF Read:0x00000000 at 0xa0008228
[  809.701507] PUF Read:0x00000000 at 0xa000822c
[  809.701507] PUF Read:0x00000500 at 0xa0008230
[  809.701507] PUF Read:0x00400000 at 0xa0008234
[  809.701507] PUF Read:0x00000000 at 0xa0008238
[  809.701507] PUF Read:0x00000000 at 0xa000823c
[  809.701629] PUF Read:0x00000000 at 0xa0008240
[  809.701629] PUF Read:0x00000000 at 0xa0008244
[  809.701629] PUF Read:0x00000000 at 0xa0008248
[  809.701629] PUF Read:0x00000000 at 0xa000824c
[  809.701629] PUF Read:0x00000000 at 0xa0008250
[  809.701751] PUF Read:0x00100000 at 0xa0008254
[  809.701782] PUF Read:0x00000000 at 0xa0008258
[  809.701782] PUF Read:0x04040000 at 0xa000825c
[  809.701782] PUF Read:0x00000000 at 0xa0008260
[  809.701843] PUF Read:0x00000000 at 0xa0008264
[  809.701843] PUF Read:0x00000400 at 0xa0008268
[  809.701904] PUF Read:0x00000000 at 0xa000826c
[  809.701934] PUF Read:0x00000000 at 0xa0008270
[  809.701934] PUF Read:0x00000000 at 0xa0008274
[  809.701934] PUF Read:0x00000040 at 0xa0008278
[  809.701995] PUF Read:0x00000000 at 0xa000827c
[  809.701995] PUF Read:0x40000000 at 0xa0008280
[  809.702056] PUF Read:0x00000000 at 0xa0008284
[  809.702056] PUF Read:0x00400000 at 0xa0008288
[  809.702056] PUF Read:0x00000000 at 0xa000828c
[  809.702056] PUF Read:0x00000000 at 0xa0008290
[  809.702056] PUF Read:0x00000000 at 0xa0008294
[  809.702178] PUF Read:0x00000000 at 0xa0008298
[  809.702209] PUF Read:0x00000000 at 0xa000829c
[  809.702209] PUF Read:0x00000000 at 0xa00082a0
[  809.702209] PUF Read:0x00001000 at 0xa00082a4
[  809.702209] PUF Read:0x00000000 at 0xa00082a8
[  809.702301] PUF Read:0x00000000 at 0xa00082ac
[  809.702301] PUF Read:0x00000000 at 0xa00082b0
[  809.702362] PUF Read:0x00000000 at 0xa00082b4
[  809.702392] PUF Read:0x00000040 at 0xa00082b8
[  809.702392] PUF Read:0x00000000 at 0xa00082bc
[  809.702392] PUF Read:0x00000000 at 0xa00082c0
[  809.702453] PUF Read:0x00000000 at 0xa00082c4
[  809.702453] PUF Read:0x10000000 at 0xa00082c8
[  809.702514] PUF Read:0x00000000 at 0xa00082cc
[  809.702545] PUF Read:0x00100000 at 0xa00082d0
[  809.702545] PUF Read:0x00000000 at 0xa00082d4
[  809.702545] PUF Read:0x40000000 at 0xa00082d8
[  809.702606] PUF Read:0x00004000 at 0xa00082dc
[  809.702606] PUF Read:0x00000000 at 0xa00082e0
[  809.702667] PUF Read:0x00000400 at 0xa00082e4
[  809.702667] PUF Read:0x00000100 at 0xa00082e8
[  809.702667] PUF Read:0x00000001 at 0xa00082ec
[  809.702667] PUF Read:0x00000000 at 0xa00082f0
[  809.702667] PUF Read:0x00000000 at 0xa00082f4
[  809.702667] PUF Read:0x00000000 at 0xa00082f8
[  809.702819] PUF Read:0x00000000 at 0xa00082fc
[  809.702819] PUF Read:0x00000000 at 0xa0008300
[  809.702819] PUF Read:0x00000000 at 0xa0008304
[  809.702819] PUF Read:0x00000000 at 0xa0008308
[  809.702819] PUF Read:0x00000000 at 0xa000830c
[  809.702819] PUF Read:0x00000000 at 0xa0008310
[  809.702972] PUF Read:0x00000000 at 0xa0008314
[  809.702972] PUF Read:0x01400000 at 0xa0008318
[  809.702972] PUF Read:0x10000000 at 0xa000831c
[  809.702972] PUF Read:0x00000000 at 0xa0008320
[  809.702972] PUF Read:0x00000000 at 0xa0008324
[  809.703094] PUF Read:0x00000000 at 0xa0008328
[  809.703125] PUF Read:0x00010000 at 0xa000832c
[  809.703125] PUF Read:0x00000004 at 0xa0008330
[  809.703125] PUF Read:0x00000000 at 0xa0008334
[  809.703186] PUF Read:0x00001000 at 0xa0008338
[  809.703186] PUF Read:0x00000000 at 0xa000833c
[  809.703247] PUF Read:0x00000000 at 0xa0008340
[  809.703277] PUF Read:0x00000001 at 0xa0008344
[  809.703277] PUF Read:0x00000000 at 0xa0008348
[  809.703277] PUF Read:0x00000100 at 0xa000834c
[  809.703338] PUF Read:0x00000000 at 0xa0008350
[  809.703338] PUF Read:0x00000000 at 0xa0008354
[  809.703399] PUF Read:0x00000000 at 0xa0008358
[  809.703430] PUF Read:0x00000000 at 0xa000835c
[  809.703430] PUF Read:0x00010000 at 0xa0008360
[  809.703430] PUF Read:0x00000000 at 0xa0008364
[  809.703491] PUF Read:0x00000000 at 0xa0008368
[  809.703491] PUF Read:0x00000400 at 0xa000836c
[  809.703552] PUF Read:0x00000000 at 0xa0008370
[  809.703582] PUF Read:0x00000000 at 0xa0008374
[  809.703582] PUF Read:0x40000000 at 0xa0008378
[  809.703582] PUF Read:0x00000000 at 0xa000837c
[  809.703582] PUF Read:0x00000000 at 0xa0008380
[  809.703582] PUF Read:0x00000000 at 0xa0008384
[  809.703704] PUF Read:0x00000000 at 0xa0008388
[  809.703704] PUF Read:0x00000000 at 0xa000838c
[  809.703704] PUF Read:0x00000001 at 0xa0008390
[  809.703704] PUF Read:0x00000100 at 0xa0008394
[  809.703796] PUF Read:0x00000000 at 0xa0008398
[  809.703796] PUF Read:0x00000000 at 0xa000839c
[  809.703857] PUF Read:0x00000000 at 0xa00083a0
[  809.703887] PUF Read:0x00000000 at 0xa00083a4
[  809.703887] PUF Read:0x00000000 at 0xa00083a8
[  809.703887] PUF Read:0x00001000 at 0xa00083ac
[  809.703948] PUF Read:0x00000000 at 0xa00083b0
[  809.703948] PUF Read:0x00000000 at 0xa00083b4
[  809.704010] PUF Read:0x00000000 at 0xa00083b8
[  809.704040] PUF Read:0x00000000 at 0xa00083bc
[  809.704040] PUF Read:0x00000000 at 0xa00083c0
[  809.704040] PUF Read:0x04000000 at 0xa00083c4
[  809.704101] PUF Read:0x00000000 at 0xa00083c8
[  809.704101] PUF Read:0x00000000 at 0xa00083cc
[  809.704162] PUF Read:0x00000000 at 0xa00083d0
[  809.704162] PUF Read:0x00010000 at 0xa00083d4
[  809.704162] PUF Read:0x00000000 at 0xa00083d8
[  809.704162] PUF Read:0x00000000 at 0xa00083dc
[  809.704162] PUF Read:0x00140004 at 0xa00083e0
[  809.704162] PUF Read:0x10000000 at 0xa00083e4
[  809.704315] PUF Read:0x00000000 at 0xa00083e8
[  809.704315] PUF Read:0x00000000 at 0xa00083ec
[  809.704315] PUF Read:0x00000400 at 0xa00083f0
[  809.704315] PUF Read:0x04000000 at 0xa00083f4
[  809.704406] PUF Read:0x00000004 at 0xa00083f8
[  809.704406] PUF Read:0x00040000 at 0xa00083fc
[  809.704467] [i] Finished PUF read-out
[  809.704467] <6>[i] Finished PUF query for decaytime: 15360
[  809.704467] End measurement:3
[  809.704498] [i] Start measurement: 4
[  809.704498] [i] Start decaytime: 60
[  809.704498] EMIF 2 REG Write 0x80000000 at 0x4d000010
[  809.704528] EMIF 2 REG Read 0x80000000 at 0x4d000010
[  809.704528] EMIF 2 REG Write 0x80000000 at 0x4d000014
[  809.704559] EMIF 2 REG Read 0x00000000 at 0x4d000014
[  809.704559] EMIF 2 REG Write 0x08016893 at 0x4d0000cc
[  809.704589] EMIF 2 REG Read 0x08016893 at 0x4d0000cc
[  809.704589] Temp polling alert disabled
[  809.704589] Refresh Disabled at EMIF2
[  809.704620] [i] Initialiting PUF & hammer rows
[  809.704620] [i] Single-Sided Rowhammer (SSRH)
[  809.711364] [i] Finished initialiting PUF & hammer rows
[  809.711364] [i]	Timer elapsed since its reset 0 sec
[  809.711364] [i] Decay: 60 sec
[  809.711395] [i]	Relative Decay: 0 msec
