[43543.713470] [i] Total hammer attempts per row: 3727752
[43543.713500] EMIF 2 REG Write 0x00000618 at 0x4d000010
[43543.713500] EMIF 2 REG Read 0x00000618 at 0x4d000010
[43543.713531] EMIF 2 REG Write 0x00000618 at 0x4d000014
[43543.713531] EMIF 2 REG Read 0x00000618 at 0x4d000014
[43543.713562] EMIF 2 REG Write 0x58016893 at 0x4d0000cc
[43543.713562] EMIF 2 REG Read 0x58016893 at 0x4d0000cc
[43543.713592] Temp polling alert enabled
[43543.713592] Refresh enabled at EMIF2
[43543.713592] [i] Starting PUF read-out
[43543.713623] [i] Single-Sided Rowhammer (SSRH)
[43543.713623] PUF Read:0xaaaa2aaa at 0xa0008000
[43543.713623] PUF Read:0xaaaaaaaa at 0xa0008004
[43543.713684] PUF Read:0xaaaaaaaa at 0xa0008008
[43543.713714] PUF Read:0xa2aaaa2a at 0xa000800c
[43543.713714] PUF Read:0xaaaaaaaa at 0xa0008010
[43543.713714] PUF Read:0x8aaaabaa at 0xa0008014
[43543.713714] PUF Read:0xaaaa2aaa at 0xa0008018
[43543.713806] PUF Read:0xaaa0aaaa at 0xa000801c
[43543.713806] PUF Read:0xaaaaaaaa at 0xa0008020
[43543.713806] PUF Read:0xeaaaeaaa at 0xa0008024
[43543.713897] PUF Read:0xaaaaaaaa at 0xa0008028
[43543.713897] PUF Read:0xaaaaaaba at 0xa000802c
[43543.713897] PUF Read:0xeaaaaaa8 at 0xa0008030
[43543.713897] PUF Read:0xaaaaaaaa at 0xa0008034
[43543.713989] PUF Read:0xaaaaaaaa at 0xa0008038
[43543.713989] PUF Read:0xaaaaaaaa at 0xa000803c
[43543.714050] PUF Read:0xaaaaaaab at 0xa0008040
[43543.714080] PUF Read:0xaaaaeaaa at 0xa0008044
[43543.714080] PUF Read:0xaaaaaaaa at 0xa0008048
[43543.714080] PUF Read:0xaaaaaaa8 at 0xa000804c
[43543.714141] PUF Read:0xa2aaaaaa at 0xa0008050
[43543.714141] PUF Read:0xaaaaa8aa at 0xa0008054
[43543.714141] PUF Read:0xaaaaaa8a at 0xa0008058
[43543.714233] PUF Read:0xaaaaaaaa at 0xa000805c
[43543.714233] PUF Read:0xaaaaaaaa at 0xa0008060
[43543.714233] PUF Read:0xaaba2aaa at 0xa0008064
[43543.714233] PUF Read:0xaaaaaaaa at 0xa0008068
[43543.714324] PUF Read:0xaaaaaaaa at 0xa000806c
[43543.714324] PUF Read:0xaaaaaaaa at 0xa0008070
[43543.714385] PUF Read:0xaaaaaaaa at 0xa0008074
[43543.714416] PUF Read:0xaaaaaaaa at 0xa0008078
[43543.714416] PUF Read:0xaaabaaaa at 0xa000807c
[43543.714477] PUF Read:0xaaabaaaa at 0xa0008080
[43543.714477] PUF Read:0xaaaaaaaa at 0xa0008084
[43543.714477] PUF Read:0xaaaaaaaa at 0xa0008088
[43543.714477] PUF Read:0xaaaaaaaa at 0xa000808c
[43543.714569] PUF Read:0xaaaa8aaa at 0xa0008090
[43543.714569] PUF Read:0xbaaaaaaa at 0xa0008094
[43543.714569] PUF Read:0x2aabaaab at 0xa0008098
[43543.714569] PUF Read:0xaaaaaaaa at 0xa000809c
[43543.714660] PUF Read:0x8aaaaa2a at 0xa00080a0
[43543.714660] PUF Read:0xaaabaaaa at 0xa00080a4
[43543.714721] PUF Read:0xaa8aaaab at 0xa00080a8
[43543.714752] PUF Read:0xaaaa8aea at 0xa00080ac
[43543.714752] PUF Read:0xaaaaaaaa at 0xa00080b0
[43543.714752] PUF Read:0x2a2aaaaa at 0xa00080b4
[43543.714813] PUF Read:0xaaaaeaaa at 0xa00080b8
[43543.714813] PUF Read:0x8aaaaaaa at 0xa00080bc
[43543.714874] PUF Read:0xaaaaaeaa at 0xa00080c0
[43543.714904] PUF Read:0xaaaaaaaa at 0xa00080c4
[43543.714904] PUF Read:0xaaa2aaaa at 0xa00080c8
[43543.714904] PUF Read:0xabaaaaaa at 0xa00080cc
[43543.714965] PUF Read:0xeaaeeaaa at 0xa00080d0
[43543.714965] PUF Read:0xaaaa2aa8 at 0xa00080d4
[43543.715026] PUF Read:0xaaaa3aaa at 0xa00080d8
[43543.715057] PUF Read:0xaaaaaaaa at 0xa00080dc
[43543.715087] PUF Read:0x2baaaaaa at 0xa00080e0
[43543.715087] PUF Read:0xaaaaaaaa at 0xa00080e4
[43543.715087] PUF Read:0xaaaaaaaa at 0xa00080e8
[43543.715087] PUF Read:0xaaaaaaab at 0xa00080ec
[43543.715179] PUF Read:0x8aaaaaaa at 0xa00080f0
[43543.715179] PUF Read:0xaaaaaaaa at 0xa00080f4
[43543.715240] PUF Read:0xaaaaabaa at 0xa00080f8
[43543.715270] PUF Read:0xaa8aaaaa at 0xa00080fc
[43543.715270] PUF Read:0xaaaaaaaa at 0xa0008100
[43543.715270] PUF Read:0xaaaaaaaa at 0xa0008104
[43543.715332] PUF Read:0xaaa2aaaa at 0xa0008108
[43543.715332] PUF Read:0xaaaaaaaa at 0xa000810c
[43543.715393] PUF Read:0xaaaaaaaa at 0xa0008110
[43543.715423] PUF Read:0xa8ea2aaa at 0xa0008114
[43543.715423] PUF Read:0xaaaaaaaa at 0xa0008118
[43543.715423] PUF Read:0xa8aaaaaa at 0xa000811c
[43543.715423] PUF Read:0xaaaaaaaa at 0xa0008120
[43543.715423] PUF Read:0xaaaaaeaa at 0xa0008124
[43543.715423] PUF Read:0xaaaaaaaa at 0xa0008128
[43543.715576] PUF Read:0xaaaaaaaa at 0xa000812c
[43543.715606] PUF Read:0xaaaaaaaa at 0xa0008130
[43543.715606] PUF Read:0xaaaaaa2a at 0xa0008134
[43543.715606] PUF Read:0xaa8baaaa at 0xa0008138
[43543.715667] PUF Read:0xaaaaaaaa at 0xa000813c
[43543.715667] PUF Read:0xaaaaaeaa at 0xa0008140
[43543.715728] PUF Read:0xaaaaaaaa at 0xa0008144
[43543.715759] PUF Read:0xaabaaeaa at 0xa0008148
[43543.715759] PUF Read:0xaaaaaaaa at 0xa000814c
[43543.715759] PUF Read:0xaaaaaaaa at 0xa0008150
[43543.715820] PUF Read:0xaaaaaaaa at 0xa0008154
[43543.715820] PUF Read:0xaaaaaaaa at 0xa0008158
[43543.715881] PUF Read:0xaabaaaea at 0xa000815c
[43543.715911] PUF Read:0xaaaaaaaa at 0xa0008160
[43543.715911] PUF Read:0xaaa2aaaa at 0xa0008164
[43543.715911] PUF Read:0xaeaaaaaa at 0xa0008168
[43543.715972] PUF Read:0xaaeaaaaa at 0xa000816c
[43543.715972] PUF Read:0x2aaaaaaa at 0xa0008170
[43543.716033] PUF Read:0xaabaaaaa at 0xa0008174
[43543.716064] PUF Read:0xaaaaaaaa at 0xa0008178
[43543.716064] PUF Read:0xaaaaeaaa at 0xa000817c
[43543.716125] PUF Read:0xaaaa2a2a at 0xa0008180
[43543.716125] PUF Read:0xaaaaaaaa at 0xa0008184
[43543.716125] PUF Read:0xaa2eaaaa at 0xa0008188
[43543.716125] PUF Read:0xaaaaaaea at 0xa000818c
[43543.716217] PUF Read:0x2aaaaaaa at 0xa0008190
[43543.716217] PUF Read:0xeaaaaaaa at 0xa0008194
[43543.716217] PUF Read:0xaaaaaaaa at 0xa0008198
[43543.716217] PUF Read:0xaaaaaaaa at 0xa000819c
[43543.716308] PUF Read:0xaaaaaaaa at 0xa00081a0
[43543.716308] PUF Read:0xaaaaaaaa at 0xa00081a4
[43543.716369] PUF Read:0xa2a2aaaa at 0xa00081a8
[43543.716400] PUF Read:0xaaaaaaaa at 0xa00081ac
[43543.716400] PUF Read:0xaaebaaaa at 0xa00081b0
[43543.716400] PUF Read:0xaaaaaaaa at 0xa00081b4
[43543.716461] PUF Read:0xaaaaaaaa at 0xa00081b8
[43543.716461] PUF Read:0xa2baaaaa at 0xa00081bc
[43543.716522] PUF Read:0xaaa88aaa at 0xa00081c0
[43543.716552] PUF Read:0xaaaaaaae at 0xa00081c4
[43543.716552] PUF Read:0xaaaaaaaa at 0xa00081c8
[43543.716552] PUF Read:0xaa2baaaa at 0xa00081cc
[43543.716552] PUF Read:0xbaaaaaaa at 0xa00081d0
[43543.716644] PUF Read:0xaaaaaa2a at 0xa00081d4
[43543.716644] PUF Read:0xaaaaaaaa at 0xa00081d8
[43543.716705] PUF Read:0xaaaaaaaa at 0xa00081dc
[43543.716735] PUF Read:0xaaaaaaa2 at 0xa00081e0
[43543.716735] PUF Read:0xaaaaaaea at 0xa00081e4
[43543.716796] PUF Read:0xaaaaaaaa at 0xa00081e8
[43543.716796] PUF Read:0xaa2aaaaa at 0xa00081ec
[43543.716796] PUF Read:0xaa8aaaab at 0xa00081f0
[43543.716796] PUF Read:0xaaaaaeaa at 0xa00081f4
[43543.716888] PUF Read:0xaaaaaaa2 at 0xa00081f8
[43543.716888] PUF Read:0xaaaaaaaa at 0xa00081fc
[43543.716888] PUF Read:0x8aaaaaaa at 0xa0008200
[43543.716888] PUF Read:0xaaaaaaaa at 0xa0008204
[43543.716979] PUF Read:0xaaaaa2ba at 0xa0008208
[43543.716979] PUF Read:0xa8aaaaaa at 0xa000820c
[43543.717041] PUF Read:0xaaaaa2a8 at 0xa0008210
[43543.717071] PUF Read:0xaaaaaaaa at 0xa0008214
[43543.717071] PUF Read:0xaaaaaeaa at 0xa0008218
[43543.717071] PUF Read:0xaaaaaaaa at 0xa000821c
[43543.717132] PUF Read:0xaaaaaaaa at 0xa0008220
[43543.717132] PUF Read:0xaabaaaaa at 0xa0008224
[43543.717193] PUF Read:0xaaaaaaaa at 0xa0008228
[43543.717224] PUF Read:0xaaaaaaaa at 0xa000822c
[43543.717224] PUF Read:0xaaaaaeaa at 0xa0008230
[43543.717285] PUF Read:0x286aaaaa at 0xa0008234
[43543.717285] PUF Read:0xaaaaaaaa at 0xa0008238
[43543.717285] PUF Read:0xaaaaaaaa at 0xa000823c
[43543.717285] PUF Read:0xaaaaaaaa at 0xa0008240
[43543.717376] PUF Read:0xaaaaaaaa at 0xa0008244
[43543.717376] PUF Read:0xaaaaaaaa at 0xa0008248
[43543.717376] PUF Read:0xaaaaaaaa at 0xa000824c
[43543.717376] PUF Read:0xaaaaaaaa at 0xa0008250
[43543.717468] PUF Read:0xaabaaaaa at 0xa0008254
[43543.717468] PUF Read:0xaaaaaaaa at 0xa0008258
[43543.717529] PUF Read:0xaeaeaaaa at 0xa000825c
[43543.717559] PUF Read:0xaaaaaaaa at 0xa0008260
[43543.717559] PUF Read:0xaaaaaaaa at 0xa0008264
[43543.717559] PUF Read:0xaaaa8caa at 0xa0008268
[43543.717620] PUF Read:0xaaaaaaaa at 0xa000826c
[43543.717620] PUF Read:0xaaaaaaaa at 0xa0008270
[43543.717681] PUF Read:0xaaaaaaaa at 0xa0008274
[43543.717712] PUF Read:0xaaaaaaea at 0xa0008278
[43543.717712] PUF Read:0xaaaaaaaa at 0xa000827c
[43543.717712] PUF Read:0xeaaaaaaa at 0xa0008280
[43543.717712] PUF Read:0xa2aaaaaa at 0xa0008284
[43543.717712] PUF Read:0xaaeaaaaa at 0xa0008288
[43543.717712] PUF Read:0xaaaaaaaa at 0xa000828c
[43543.717864] PUF Read:0xaaaaaaa8 at 0xa0008290
[43543.717864] PUF Read:0x28aaaaaa at 0xa0008294
[43543.717864] PUF Read:0xaaaaaaaa at 0xa0008298
[43543.717864] PUF Read:0xaaaaaaaa at 0xa000829c
[43543.717956] PUF Read:0xaaaaaaaa at 0xa00082a0
[43543.717956] PUF Read:0xaaaabaaa at 0xa00082a4
[43543.718017] PUF Read:0xaaaaaaaa at 0xa00082a8
[43543.718048] PUF Read:0xaaaaaaaa at 0xa00082ac
[43543.718048] PUF Read:0xaaaaaaaa at 0xa00082b0
[43543.718048] PUF Read:0xaaaaaaaa at 0xa00082b4
[43543.718109] PUF Read:0xaaa8aaea at 0xa00082b8
[43543.718109] PUF Read:0xaaaaaaaa at 0xa00082bc
[43543.718109] PUF Read:0xaaaaaaaa at 0xa00082c0
[43543.718200] PUF Read:0xaaaaaaaa at 0xa00082c4
[43543.718231] PUF Read:0xbaaaaaaa at 0xa00082c8
[43543.718231] PUF Read:0xaaaaaaaa at 0xa00082cc
[43543.718231] PUF Read:0xaabaaaaa at 0xa00082d0
[43543.718292] PUF Read:0xaaaaaaaa at 0xa00082d4
[43543.718292] PUF Read:0xaaaaaaaa at 0xa00082d8
[43543.718353] PUF Read:0xaaaaeaaa at 0xa00082dc
[43543.718383] PUF Read:0xaaaaaaaa at 0xa00082e0
[43543.718383] PUF Read:0xaaaaaeaa at 0xa00082e4
[43543.718444] PUF Read:0xaaaaaaaa at 0xa00082e8
[43543.718444] PUF Read:0xaaaaaaab at 0xa00082ec
[43543.718444] PUF Read:0xaaaaaaaa at 0xa00082f0
[43543.718444] PUF Read:0xaaaaaaaa at 0xa00082f4
[43543.718536] PUF Read:0xaaaaaaaa at 0xa00082f8
[43543.718536] PUF Read:0xaaaaaaaa at 0xa00082fc
[43543.718536] PUF Read:0xaaaaaaaa at 0xa0008300
[43543.718536] PUF Read:0xaaaaaaaa at 0xa0008304
[43543.718627] PUF Read:0xaaaa8aaa at 0xa0008308
[43543.718627] PUF Read:0xaaaaaaaa at 0xa000830c
[43543.718688] PUF Read:0xaaaaaa8a at 0xa0008310
[43543.718719] PUF Read:0xaaaaaaaa at 0xa0008314
[43543.718719] PUF Read:0x2baaaaaa at 0xa0008318
[43543.718719] PUF Read:0xbaaaaaaa at 0xa000831c
[43543.718780] PUF Read:0xaaaa8aaa at 0xa0008320
[43543.718780] PUF Read:0xaaaaaaaa at 0xa0008324
[43543.718841] PUF Read:0xaaaaaaaa at 0xa0008328
[43543.718872] PUF Read:0xaaabaaa8 at 0xa000832c
[43543.718872] PUF Read:0xaaaaaaae at 0xa0008330
[43543.718933] PUF Read:0xaaaaaaaa at 0xa0008334
[43543.718933] PUF Read:0xaaaabaaa at 0xa0008338
[43543.718933] PUF Read:0xaaaaaaaa at 0xa000833c
[43543.718933] PUF Read:0xbaaaaaaa at 0xa0008340
[43543.719024] PUF Read:0xaaaaaa2b at 0xa0008344
[43543.719024] PUF Read:0xaaaaaaaa at 0xa0008348
[43543.719024] PUF Read:0xaaaaabaa at 0xa000834c
[43543.719024] PUF Read:0xaaaa8a8a at 0xa0008350
[43543.719024] PUF Read:0x8aaaaaaa at 0xa0008354
[43543.719024] PUF Read:0xaaaaaaaa at 0xa0008358
[43543.719177] PUF Read:0xaaaaaaaa at 0xa000835c
[43543.719207] PUF Read:0xaaabaaaa at 0xa0008360
[43543.719207] PUF Read:0xaaaaaa2a at 0xa0008364
[43543.719207] PUF Read:0xaaaa8aaa at 0xa0008368
[43543.719268] PUF Read:0xaaaaaeaa at 0xa000836c
[43543.719268] PUF Read:0xaaaaaaaa at 0xa0008370
[43543.719329] PUF Read:0xaaaaaaaa at 0xa0008374
[43543.719360] PUF Read:0xaaaa8aaa at 0xa0008378
[43543.719360] PUF Read:0xaaaaaaaa at 0xa000837c
[43543.719360] PUF Read:0xaaaaaaa8 at 0xa0008380
[43543.719421] PUF Read:0xaaaaaaaa at 0xa0008384
[43543.719421] PUF Read:0xaaaaaaaa at 0xa0008388
[43543.719482] PUF Read:0xaaaaaaaa at 0xa000838c
[43543.719512] PUF Read:0xaaaaaaab at 0xa0008390
[43543.719512] PUF Read:0xaaaaabaa at 0xa0008394
[43543.719512] PUF Read:0xaaaaaaaa at 0xa0008398
[43543.719573] PUF Read:0xaaa2aaaa at 0xa000839c
[43543.719573] PUF Read:0xaaaaaaaa at 0xa00083a0
[43543.719635] PUF Read:0xaaaaaaaa at 0xa00083a4
[43543.719665] PUF Read:0xaaaaaaaa at 0xa00083a8
[43543.719665] PUF Read:0xaaaabaaa at 0xa00083ac
[43543.719665] PUF Read:0xaaaaaaa2 at 0xa00083b0
[43543.719665] PUF Read:0xaaaaaaaa at 0xa00083b4
[43543.719757] PUF Read:0xaaaaaaaa at 0xa00083b8
[43543.719757] PUF Read:0xaaaaaaaa at 0xa00083bc
[43543.719818] PUF Read:0xaaaaaaaa at 0xa00083c0
[43543.719848] PUF Read:0xaeaaaaaa at 0xa00083c4
[43543.719848] PUF Read:0xaaaaaaaa at 0xa00083c8
[43543.719848] PUF Read:0xaaa2aaaa at 0xa00083cc
[43543.719848] PUF Read:0xaaaaaaaa at 0xa00083d0
[43543.719848] PUF Read:0xaaabaaaa at 0xa00083d4
[43543.719848] PUF Read:0xaa2aaaaa at 0xa00083d8
[43543.720001] PUF Read:0xaaaaa2aa at 0xa00083dc
[43543.720001] PUF Read:0xaabeaaaa at 0xa00083e0
[43543.720001] PUF Read:0xb22aa8aa at 0xa00083e4
[43543.720001] PUF Read:0xaaaaaa2a at 0xa00083e8
[43543.720092] PUF Read:0xaaaaaa2a at 0xa00083ec
[43543.720092] PUF Read:0xaaa8aeaa at 0xa00083f0
[43543.720153] PUF Read:0xaeaaaaaa at 0xa00083f4
[43543.720184] PUF Read:0xaaaaaaae at 0xa00083f8
[43543.720184] PUF Read:0x8aaeaaaa at 0xa00083fc
[43543.720184] [i] Finished PUF read-out
[43543.720245] <6>[i] Finished PUF query for decaytime: 15360
[43543.720245] End measurement:0
[43543.720245] [i] Start measurement: 1
[43543.720275] [i] Start decaytime: 60
[43543.720275] EMIF 2 REG Write 0x80000000 at 0x4d000010
[43543.720275] EMIF 2 REG Read 0x80000000 at 0x4d000010
[43543.720306] EMIF 2 REG Write 0x80000000 at 0x4d000014
[43543.720306] EMIF 2 REG Read 0x00000000 at 0x4d000014
[43543.720336] EMIF 2 REG Write 0x08016893 at 0x4d0000cc
[43543.720336] EMIF 2 REG Read 0x08016893 at 0x4d0000cc
[43543.720367] Temp polling alert disabled
[43543.720367] Refresh Disabled at EMIF2
[43543.720367] [i] Initialiting PUF & hammer rows
[43543.720367] [i] Single-Sided Rowhammer (SSRH)
[43543.722015] [i] Finished initialiting PUF & hammer rows
[43543.728210] [i]	Timer elapsed since its reset 0 sec
[43543.728210] [i] Decay: 60 sec
[43543.728210] [i]	Relative Decay: 0 msec
