[57782.386993] [i] Total hammer attempts per row: 3727635
[57782.386993] EMIF 2 REG Write 0x00000618 at 0x4d000010
[57782.387023] EMIF 2 REG Read 0x00000618 at 0x4d000010
[57782.387023] EMIF 2 REG Write 0x00000618 at 0x4d000014
[57782.387054] EMIF 2 REG Read 0x00000618 at 0x4d000014
[57782.387054] EMIF 2 REG Write 0x58016893 at 0x4d0000cc
[57782.387084] EMIF 2 REG Read 0x58016893 at 0x4d0000cc
[57782.387084] Temp polling alert enabled
[57782.387084] Refresh enabled at EMIF2
[57782.387115] [i] Starting PUF read-out
[57782.387115] [i] Single-Sided Rowhammer (SSRH)
[57782.387145] PUF Read:0xaaaa2aaa at 0xa0008000
[57782.387145] PUF Read:0xaaaaaaaa at 0xa0008004
[57782.387176] PUF Read:0xaaaaaaaa at 0xa0008008
[57782.387176] PUF Read:0xa2aaaa2a at 0xa000800c
[57782.387176] PUF Read:0xaaaaaaaa at 0xa0008010
[57782.387268] PUF Read:0x8aaaabaa at 0xa0008014
[57782.387298] PUF Read:0xaaaa2aaa at 0xa0008018
[57782.387298] PUF Read:0xaaa2aaaa at 0xa000801c
[57782.387298] PUF Read:0xaaaaaaaa at 0xa0008020
[57782.387359] PUF Read:0xeaaaeaaa at 0xa0008024
[57782.387359] PUF Read:0xaaaaaaaa at 0xa0008028
[57782.387420] PUF Read:0xaaaaaaba at 0xa000802c
[57782.387451] PUF Read:0xaaaaaaaa at 0xa0008030
[57782.387451] PUF Read:0xaaaaaaaa at 0xa0008034
[57782.387451] PUF Read:0xaaaaaaaa at 0xa0008038
[57782.387451] PUF Read:0xaaaaaaaa at 0xa000803c
[57782.387451] PUF Read:0xaaaaaaab at 0xa0008040
[57782.387451] PUF Read:0xaaaaeaaa at 0xa0008044
[57782.387603] PUF Read:0xaaaaaaaa at 0xa0008048
[57782.387603] PUF Read:0xaaaaaaa8 at 0xa000804c
[57782.387603] PUF Read:0xa2aaaaaa at 0xa0008050
[57782.387603] PUF Read:0xaaaaa8aa at 0xa0008054
[57782.387695] PUF Read:0xaaaaaa8a at 0xa0008058
[57782.387695] PUF Read:0xaaaaaaaa at 0xa000805c
[57782.387695] PUF Read:0xaaaaaaaa at 0xa0008060
[57782.387786] PUF Read:0xaaaa2aaa at 0xa0008064
[57782.387817] PUF Read:0xaaaaaaaa at 0xa0008068
[57782.387817] PUF Read:0xaaaaaaaa at 0xa000806c
[57782.387817] PUF Read:0xaaaaaaaa at 0xa0008070
[57782.387878] PUF Read:0xaaaaaaaa at 0xa0008074
[57782.387878] PUF Read:0xaaaaaaaa at 0xa0008078
[57782.387939] PUF Read:0xaaabaaaa at 0xa000807c
[57782.387969] PUF Read:0xaaabaaaa at 0xa0008080
[57782.387969] PUF Read:0xaaaaaaaa at 0xa0008084
[57782.387969] PUF Read:0xaaaaaaaa at 0xa0008088
[57782.388031] PUF Read:0xaaaaaaaa at 0xa000808c
[57782.388031] PUF Read:0xaaaa8aaa at 0xa0008090
[57782.388092] PUF Read:0xaaaaaaaa at 0xa0008094
[57782.388122] PUF Read:0x2aabaaab at 0xa0008098
[57782.388122] PUF Read:0xaaaaaaaa at 0xa000809c
[57782.388122] PUF Read:0x8aaaaa2a at 0xa00080a0
[57782.388122] PUF Read:0xaaabaaaa at 0xa00080a4
[57782.388214] PUF Read:0xaa8aaaaa at 0xa00080a8
[57782.388214] PUF Read:0xaaaa8aea at 0xa00080ac
[57782.388275] PUF Read:0xaaaaaaaa at 0xa00080b0
[57782.388305] PUF Read:0x2a2aaaaa at 0xa00080b4
[57782.388305] PUF Read:0xaaaaeaaa at 0xa00080b8
[57782.388305] PUF Read:0x8aaaaaaa at 0xa00080bc
[57782.388366] PUF Read:0xaaaaaaaa at 0xa00080c0
[57782.388366] PUF Read:0xaaaaaaaa at 0xa00080c4
[57782.388427] PUF Read:0xaaa2aaaa at 0xa00080c8
[57782.388458] PUF Read:0xabaaaaaa at 0xa00080cc
[57782.388458] PUF Read:0xeaaeeaaa at 0xa00080d0
[57782.388519] PUF Read:0xaaaa2aaa at 0xa00080d4
[57782.388519] PUF Read:0xaaaa3aaa at 0xa00080d8
[57782.388519] PUF Read:0xaaaaaaaa at 0xa00080dc
[57782.388519] PUF Read:0xabaaaaaa at 0xa00080e0
[57782.388610] PUF Read:0xaaaaaaaa at 0xa00080e4
[57782.388610] PUF Read:0xaaaaaaaa at 0xa00080e8
[57782.388610] PUF Read:0xaaaaaaab at 0xa00080ec
[57782.388610] PUF Read:0x8aaaaaaa at 0xa00080f0
[57782.388610] PUF Read:0xaaaaaaaa at 0xa00080f4
[57782.388610] PUF Read:0xaaaaabaa at 0xa00080f8
[57782.388763] PUF Read:0xaa8aaaaa at 0xa00080fc
[57782.388793] PUF Read:0xaaaaaaaa at 0xa0008100
[57782.388793] PUF Read:0xaaaaaaaa at 0xa0008104
[57782.388793] PUF Read:0xaaa2aaaa at 0xa0008108
[57782.388854] PUF Read:0xaaaaaaaa at 0xa000810c
[57782.388854] PUF Read:0xaaaaaaaa at 0xa0008110
[57782.388916] PUF Read:0xaaea2aaa at 0xa0008114
[57782.388946] PUF Read:0xaaaaaaaa at 0xa0008118
[57782.388946] PUF Read:0xaaaaaaaa at 0xa000811c
[57782.388946] PUF Read:0xaaaaaaaa at 0xa0008120
[57782.389007] PUF Read:0xaaaaaeaa at 0xa0008124
[57782.389007] PUF Read:0xaaaaaaea at 0xa0008128
[57782.389068] PUF Read:0xaaaaaaaa at 0xa000812c
[57782.389099] PUF Read:0xaaaaaaaa at 0xa0008130
[57782.389099] PUF Read:0xaaaaaa2a at 0xa0008134
[57782.389160] PUF Read:0xaa8baaaa at 0xa0008138
[57782.389160] PUF Read:0xaaaaaaaa at 0xa000813c
[57782.389160] PUF Read:0xaaaaaeaa at 0xa0008140
[57782.389160] PUF Read:0xaaaaaaaa at 0xa0008144
[57782.389251] PUF Read:0xaabaaeaa at 0xa0008148
[57782.389251] PUF Read:0xaaaaaaaa at 0xa000814c
[57782.389251] PUF Read:0xaaaaaaaa at 0xa0008150
[57782.389251] PUF Read:0xaaaaaaaa at 0xa0008154
[57782.389251] PUF Read:0xaaaaaaaa at 0xa0008158
[57782.389251] PUF Read:0xaaaaaaea at 0xa000815c
[57782.389251] PUF Read:0xaaaaaaaa at 0xa0008160
[57782.389434] PUF Read:0xaaaaaaaa at 0xa0008164
[57782.389465] PUF Read:0xaeaaaaaa at 0xa0008168
[57782.389465] PUF Read:0xaaeaaaaa at 0xa000816c
[57782.389465] PUF Read:0x2aaaaaaa at 0xa0008170
[57782.389526] PUF Read:0xaabaaaaa at 0xa0008174
[57782.389526] PUF Read:0xaaaaaaaa at 0xa0008178
[57782.389587] PUF Read:0xaaaaaaaa at 0xa000817c
[57782.389617] PUF Read:0xaaaa2a2a at 0xa0008180
[57782.389617] PUF Read:0xaaaaaaaa at 0xa0008184
[57782.389617] PUF Read:0xaa2aaaaa at 0xa0008188
[57782.389678] PUF Read:0xaaaaaaea at 0xa000818c
[57782.389678] PUF Read:0x2aaaaaaa at 0xa0008190
[57782.389739] PUF Read:0xeaaaaaaa at 0xa0008194
[57782.389770] PUF Read:0xaaaaaaaa at 0xa0008198
[57782.389770] PUF Read:0xaaaaaaaa at 0xa000819c
[57782.389770] PUF Read:0xaaaaaaaa at 0xa00081a0
[57782.389831] PUF Read:0xaaaaaaaa at 0xa00081a4
[57782.389831] PUF Read:0xaaa2aaaa at 0xa00081a8
[57782.389892] PUF Read:0xaaaaaaaa at 0xa00081ac
[57782.389923] PUF Read:0xaaebaaaa at 0xa00081b0
[57782.389923] PUF Read:0xaaaaaaaa at 0xa00081b4
[57782.389984] PUF Read:0xaaaaaaaa at 0xa00081b8
[57782.389984] PUF Read:0xa2aaaaaa at 0xa00081bc
[57782.389984] PUF Read:0xaaa8aaaa at 0xa00081c0
[57782.389984] PUF Read:0xaaaaaaae at 0xa00081c4
[57782.390075] PUF Read:0xaaaaaaaa at 0xa00081c8
[57782.390075] PUF Read:0xaa2baaaa at 0xa00081cc
[57782.390075] PUF Read:0xbaaaaaaa at 0xa00081d0
[57782.390075] PUF Read:0xaaaaaa2a at 0xa00081d4
[57782.390075] PUF Read:0xaaaaaaaa at 0xa00081d8
[57782.390075] PUF Read:0xaaaaaaaa at 0xa00081dc
[57782.390228] PUF Read:0xaaaaaaaa at 0xa00081e0
[57782.390228] PUF Read:0xaaaaaaea at 0xa00081e4
[57782.390228] PUF Read:0xaaaaaaaa at 0xa00081e8
[57782.390228] PUF Read:0xaa2aaaaa at 0xa00081ec
[57782.390228] PUF Read:0xaaaaaaab at 0xa00081f0
[57782.390228] PUF Read:0xaaaaaeaa at 0xa00081f4
[57782.390380] PUF Read:0xaaaaaaa2 at 0xa00081f8
[57782.390411] PUF Read:0xaaaaaaaa at 0xa00081fc
[57782.390411] PUF Read:0xaaaaaaaa at 0xa0008200
[57782.390411] PUF Read:0xaaaaaaaa at 0xa0008204
[57782.390472] PUF Read:0xaaaaaaba at 0xa0008208
[57782.390472] PUF Read:0xa8aaaaaa at 0xa000820c
[57782.390533] PUF Read:0xaaaaa2a8 at 0xa0008210
[57782.390563] PUF Read:0xaaaaaaaa at 0xa0008214
[57782.390563] PUF Read:0xaaaaaeaa at 0xa0008218
[57782.390563] PUF Read:0xaaaaaaaa at 0xa000821c
[57782.390625] PUF Read:0xaaaaaaaa at 0xa0008220
[57782.390625] PUF Read:0xaabaaaaa at 0xa0008224
[57782.390686] PUF Read:0xaaaaaaaa at 0xa0008228
[57782.390716] PUF Read:0xaaaaaaaa at 0xa000822c
[57782.390716] PUF Read:0xaaaaaeaa at 0xa0008230
[57782.390716] PUF Read:0x286aaaaa at 0xa0008234
[57782.390777] PUF Read:0xaaaaaaaa at 0xa0008238
[57782.390777] PUF Read:0xaaaaaaaa at 0xa000823c
[57782.390777] PUF Read:0xaaaaaaaa at 0xa0008240
[57782.390869] PUF Read:0xaaaaaaaa at 0xa0008244
[57782.390899] PUF Read:0xaaaaaaaa at 0xa0008248
[57782.390899] PUF Read:0xaaaaaaaa at 0xa000824c
[57782.390899] PUF Read:0xaaaaaaaa at 0xa0008250
[57782.390899] PUF Read:0xaabaaaaa at 0xa0008254
[57782.390899] PUF Read:0xaaaaaaaa at 0xa0008258
[57782.390899] PUF Read:0xaaaeaaaa at 0xa000825c
[57782.391052] PUF Read:0xaaaaaaaa at 0xa0008260
[57782.391052] PUF Read:0xaaaaaaaa at 0xa0008264
[57782.391052] PUF Read:0xaaaa8caa at 0xa0008268
[57782.391052] PUF Read:0xaaaaaaaa at 0xa000826c
[57782.391052] PUF Read:0xaaaaaaaa at 0xa0008270
[57782.391052] PUF Read:0xaaaaaaaa at 0xa0008274
[57782.391204] PUF Read:0xaaaaaaea at 0xa0008278
[57782.391204] PUF Read:0xaaaaaaaa at 0xa000827c
[57782.391204] PUF Read:0xeaaaaaaa at 0xa0008280
[57782.391204] PUF Read:0xa2aaaaaa at 0xa0008284
[57782.391204] PUF Read:0xaaeaaaaa at 0xa0008288
[57782.391204] PUF Read:0xaaaaaaaa at 0xa000828c
[57782.391357] PUF Read:0xaaaaaaa8 at 0xa0008290
[57782.391357] PUF Read:0xa8aaaaaa at 0xa0008294
[57782.391357] PUF Read:0xaaaaaaaa at 0xa0008298
[57782.391357] PUF Read:0xaaaaaaaa at 0xa000829c
[57782.391448] PUF Read:0xaaaaaaaa at 0xa00082a0
[57782.391448] PUF Read:0xaaaabaaa at 0xa00082a4
[57782.391510] PUF Read:0xaaaaaaaa at 0xa00082a8
[57782.391540] PUF Read:0xaaaaaaaa at 0xa00082ac
[57782.391540] PUF Read:0xaaaaaaaa at 0xa00082b0
[57782.391540] PUF Read:0xaaaaaaaa at 0xa00082b4
[57782.391601] PUF Read:0xaaaaaaea at 0xa00082b8
[57782.391601] PUF Read:0xaaaaaaaa at 0xa00082bc
[57782.391662] PUF Read:0xaaaaaaaa at 0xa00082c0
[57782.391693] PUF Read:0xaaaaaaaa at 0xa00082c4
[57782.391693] PUF Read:0xbaaaaaaa at 0xa00082c8
[57782.391693] PUF Read:0xaaaaaaaa at 0xa00082cc
[57782.391754] PUF Read:0xaabaaaaa at 0xa00082d0
[57782.391754] PUF Read:0xaaaaaaaa at 0xa00082d4
[57782.391815] PUF Read:0xaaaaaaaa at 0xa00082d8
[57782.391845] PUF Read:0xaaaaeaaa at 0xa00082dc
[57782.391845] PUF Read:0xaaaaaaaa at 0xa00082e0
[57782.391906] PUF Read:0xaaaaaeaa at 0xa00082e4
[57782.391906] PUF Read:0xaaaaabaa at 0xa00082e8
[57782.391906] PUF Read:0xaaaaaaab at 0xa00082ec
[57782.391967] PUF Read:0xaaaaaaaa at 0xa00082f0
[57782.391998] PUF Read:0xaaaaaaaa at 0xa00082f4
[57782.391998] PUF Read:0xaaaaaaaa at 0xa00082f8
[57782.391998] PUF Read:0xaaaaaaaa at 0xa00082fc
[57782.391998] PUF Read:0xaaaaaaaa at 0xa0008300
[57782.392089] PUF Read:0xaaaaaaaa at 0xa0008304
[57782.392089] PUF Read:0xaaaa8aaa at 0xa0008308
[57782.392150] PUF Read:0xaaaaaaaa at 0xa000830c
[57782.392181] PUF Read:0xaaaaaa8a at 0xa0008310
[57782.392181] PUF Read:0xaaaaaaaa at 0xa0008314
[57782.392181] PUF Read:0x2baaaaaa at 0xa0008318
[57782.392242] PUF Read:0xbaaaaaaa at 0xa000831c
[57782.392242] PUF Read:0xaaaa8aaa at 0xa0008320
[57782.392303] PUF Read:0xaaaaaaaa at 0xa0008324
[57782.392333] PUF Read:0xaaaaaaaa at 0xa0008328
[57782.392333] PUF Read:0xaa8aaaaa at 0xa000832c
[57782.392333] PUF Read:0xaaaaaaae at 0xa0008330
[57782.392333] PUF Read:0xaaaaaaaa at 0xa0008334
[57782.392425] PUF Read:0xaaaaaaaa at 0xa0008338
[57782.392425] PUF Read:0xaaaaaaaa at 0xa000833c
[57782.392486] PUF Read:0xbaaaaaaa at 0xa0008340
[57782.392517] PUF Read:0xaaaaaa2b at 0xa0008344
[57782.392517] PUF Read:0xaaaaaaaa at 0xa0008348
[57782.392517] PUF Read:0xaaaaaaaa at 0xa000834c
[57782.392578] PUF Read:0xaaaa8a8a at 0xa0008350
[57782.392578] PUF Read:0x8aaaaaaa at 0xa0008354
[57782.392639] PUF Read:0xaaaaaaaa at 0xa0008358
[57782.392669] PUF Read:0xaaaaaaaa at 0xa000835c
[57782.392669] PUF Read:0xaaabaaaa at 0xa0008360
[57782.392669] PUF Read:0xaaaaaa2a at 0xa0008364
[57782.392730] PUF Read:0xaaaaaaaa at 0xa0008368
[57782.392730] PUF Read:0xaaaaaeaa at 0xa000836c
[57782.392791] PUF Read:0xaaaaaaaa at 0xa0008370
[57782.392822] PUF Read:0xaaaaaaaa at 0xa0008374
[57782.392822] PUF Read:0xaaaa8aaa at 0xa0008378
[57782.392822] PUF Read:0xaaaaaaaa at 0xa000837c
[57782.392822] PUF Read:0xaaaaaaaa at 0xa0008380
[57782.392822] PUF Read:0xaaaaaaaa at 0xa0008384
[57782.392822] PUF Read:0xaaaaaaaa at 0xa0008388
[57782.392974] PUF Read:0xaaaaaaaa at 0xa000838c
[57782.392974] PUF Read:0xaaaaaaab at 0xa0008390
[57782.393035] PUF Read:0xaaaaabaa at 0xa0008394
[57782.393035] PUF Read:0xaaaaaaaa at 0xa0008398
[57782.393035] PUF Read:0xaaa2aaaa at 0xa000839c
[57782.393127] PUF Read:0xaaaaaaaa at 0xa00083a0
[57782.393127] PUF Read:0xaaaaaaaa at 0xa00083a4
[57782.393127] PUF Read:0xaaaaaaaa at 0xa00083a8
[57782.393127] PUF Read:0xaaaabaaa at 0xa00083ac
[57782.393127] PUF Read:0xaaaaaaa2 at 0xa00083b0
[57782.394378] PUF Read:0xaaaaaaaa at 0xa00083b4
[57782.394378] PUF Read:0xaaaaaaaa at 0xa00083b8
[57782.394439] PUF Read:0xaaaaaaaa at 0xa00083bc
[57782.394470] PUF Read:0xaaaaaaaa at 0xa00083c0
[57782.394470] PUF Read:0xaeaaaaaa at 0xa00083c4
[57782.394470] PUF Read:0xaaaaaaaa at 0xa00083c8
[57782.394470] PUF Read:0xaaa2aaaa at 0xa00083cc
[57782.394470] PUF Read:0xaaaaaaaa at 0xa00083d0
[57782.394470] PUF Read:0xaaabaaaa at 0xa00083d4
[57782.394622] PUF Read:0xaaaaaaaa at 0xa00083d8
[57782.394653] PUF Read:0xaaaaaaaa at 0xa00083dc
[57782.394653] PUF Read:0xaabeaaa8 at 0xa00083e0
[57782.394653] PUF Read:0xba2aa8aa at 0xa00083e4
[57782.394714] PUF Read:0xaaaaaa2a at 0xa00083e8
[57782.394714] PUF Read:0xaaaaaaaa at 0xa00083ec
[57782.394775] PUF Read:0xaaaaaeaa at 0xa00083f0
[57782.394805] PUF Read:0xaaaaaaaa at 0xa00083f4
[57782.394805] PUF Read:0xaaaaaaae at 0xa00083f8
[57782.394805] PUF Read:0x8aaeaaaa at 0xa00083fc
[57782.394866] [i] Finished PUF read-out
[57782.394866] <6>[i] Finished PUF query for decaytime: 15360
[57782.394897] End measurement:19
[57782.394897] [i] Starting the Rowhammer PUF for PandaBoard
[57782.394927] Number of PUF rows: 8 PUF init Value :aaaaaaaa Rowhammer rows init Value:55555555
[57782.394927] [i] Start measurement: 0
[57782.394927] [i] Start decaytime: 60
[57782.394958] EMIF 2 REG Write 0x80000000 at 0x4d000010
[57782.394958] EMIF 2 REG Read 0x80000000 at 0x4d000010
[57782.394989] EMIF 2 REG Write 0x80000000 at 0x4d000014
[57782.394989] EMIF 2 REG Read 0x00000000 at 0x4d000014
[57782.394989] EMIF 2 REG Write 0x08016893 at 0x4d0000cc
[57782.395019] EMIF 2 REG Read 0x08016893 at 0x4d0000cc
[57782.395019] Temp polling alert disabled
[57782.395019] Refresh Disabled at EMIF2
[57782.395050] [i] Initialiting PUF & hammer rows
[57782.395050] [i] Single-Sided Rowhammer (SSRH)
[57782.400909] [i] Finished initialiting PUF & hammer rows
[57782.438629] [i]	Timer elapsed since its reset 0 sec
[57782.438629] [i] Decay: 60 sec
[57782.438659] [i]	Relative Decay: 0 msec
