[76238.947814] [i] Total hammer attempts per row: 1864249
[76238.947814] EMIF 2 REG Write 0x00000618 at 0x4d000010
[76238.947845] EMIF 2 REG Read 0x00000618 at 0x4d000010
[76238.947845] EMIF 2 REG Write 0x00000618 at 0x4d000014
[76238.947875] EMIF 2 REG Read 0x00000618 at 0x4d000014
[76238.947875] EMIF 2 REG Write 0x58016893 at 0x4d0000cc
[76238.947906] EMIF 2 REG Read 0x58016893 at 0x4d0000cc
[76238.947906] Temp polling alert enabled
[76238.947906] Refresh enabled at EMIF2
[76238.947937] [i] Starting PUF read-out
[76238.947937] [i] Single-Sided Rowhammer (SSRH)
[76238.947937] PUF Read:0xaaaaaaaa at 0xa0008000
[76238.947967] PUF Read:0xaaaaaaaa at 0xa0008004
[76238.947998] PUF Read:0xaaaaaaaa at 0xa0008008
[76238.947998] PUF Read:0xaaaaaaaa at 0xa000800c
[76238.947998] PUF Read:0xaaaaaaaa at 0xa0008010
[76238.948089] PUF Read:0xaaaaabaa at 0xa0008014
[76238.948120] PUF Read:0xaaaaaaaa at 0xa0008018
[76238.948120] PUF Read:0xaaaaaaaa at 0xa000801c
[76238.948181] PUF Read:0xaaaaaaaa at 0xa0008020
[76238.948181] PUF Read:0xaaaaaaaa at 0xa0008024
[76238.948181] PUF Read:0xaaaaaaaa at 0xa0008028
[76238.948181] PUF Read:0xaaaaaaaa at 0xa000802c
[76238.948272] PUF Read:0xaaaaaaaa at 0xa0008030
[76238.948303] PUF Read:0xaaaaaaaa at 0xa0008034
[76238.948303] PUF Read:0xaaaaaaaa at 0xa0008038
[76238.948303] PUF Read:0xaaaaaaaa at 0xa000803c
[76238.948364] PUF Read:0xaaaaaaab at 0xa0008040
[76238.948364] PUF Read:0xaaaaeaaa at 0xa0008044
[76238.948364] PUF Read:0xaaaaaaaa at 0xa0008048
[76238.948455] PUF Read:0xaaaaaaaa at 0xa000804c
[76238.948486] PUF Read:0xaaaaaaaa at 0xa0008050
[76238.948486] PUF Read:0xaaaaaaaa at 0xa0008054
[76238.948486] PUF Read:0xaaaaaa8a at 0xa0008058
[76238.948486] PUF Read:0xaaaaaaaa at 0xa000805c
[76238.948577] PUF Read:0xaaaaaaaa at 0xa0008060
[76238.948577] PUF Read:0xaaaa2aaa at 0xa0008064
[76238.948638] PUF Read:0xaaaaaaaa at 0xa0008068
[76238.948669] PUF Read:0xaaaaaaaa at 0xa000806c
[76238.948669] PUF Read:0xaaaaaaaa at 0xa0008070
[76238.948669] PUF Read:0xaaaaaaaa at 0xa0008074
[76238.948730] PUF Read:0xaaaaaaaa at 0xa0008078
[76238.948730] PUF Read:0xaaaaaaaa at 0xa000807c
[76238.948730] PUF Read:0xaaaaaaaa at 0xa0008080
[76238.948822] PUF Read:0xaaaaaaaa at 0xa0008084
[76238.948822] PUF Read:0xaaaaaaaa at 0xa0008088
[76238.948822] PUF Read:0xaaaaaaaa at 0xa000808c
[76238.948822] PUF Read:0xaaaa8aaa at 0xa0008090
[76238.948822] PUF Read:0xaaaaaaaa at 0xa0008094
[76238.948822] PUF Read:0xaaabaaaa at 0xa0008098
[76238.948974] PUF Read:0xaaaaaaaa at 0xa000809c
[76238.949005] PUF Read:0xaaaaaaaa at 0xa00080a0
[76238.949005] PUF Read:0xaaaaaaaa at 0xa00080a4
[76238.949005] PUF Read:0xaaaaaaaa at 0xa00080a8
[76238.949066] PUF Read:0xaaaaaaaa at 0xa00080ac
[76238.949066] PUF Read:0xaaaaaaaa at 0xa00080b0
[76238.949127] PUF Read:0xaa2aaaaa at 0xa00080b4
[76238.949157] PUF Read:0xaaaaeaaa at 0xa00080b8
[76238.949157] PUF Read:0x8aaaaaaa at 0xa00080bc
[76238.949157] PUF Read:0xaaaaaaaa at 0xa00080c0
[76238.949157] PUF Read:0xaaaaaaaa at 0xa00080c4
[76238.949157] PUF Read:0xaaa2aaaa at 0xa00080c8
[76238.949157] PUF Read:0xaaaaaaaa at 0xa00080cc
[76238.949310] PUF Read:0xaaaaaaaa at 0xa00080d0
[76238.949310] PUF Read:0xaaaaaaaa at 0xa00080d4
[76238.949310] PUF Read:0xaaaaaaaa at 0xa00080d8
[76238.949310] PUF Read:0xaaaaaaaa at 0xa00080dc
[76238.949310] PUF Read:0xaaaaaaaa at 0xa00080e0
[76238.949310] PUF Read:0xaaaaaaaa at 0xa00080e4
[76238.949462] PUF Read:0xaaaaaaaa at 0xa00080e8
[76238.949493] PUF Read:0xaaaaaaab at 0xa00080ec
[76238.949493] PUF Read:0x8aaaaaaa at 0xa00080f0
[76238.949493] PUF Read:0xaaaaaaaa at 0xa00080f4
[76238.949554] PUF Read:0xaaaaaaaa at 0xa00080f8
[76238.949554] PUF Read:0xaaaaaaaa at 0xa00080fc
[76238.949615] PUF Read:0xaaaaaaaa at 0xa0008100
[76238.949645] PUF Read:0xaaaaaaaa at 0xa0008104
[76238.949645] PUF Read:0xaaaaaaaa at 0xa0008108
[76238.949645] PUF Read:0xaaaaaaaa at 0xa000810c
[76238.949707] PUF Read:0xaaaaaaaa at 0xa0008110
[76238.949707] PUF Read:0xaaaaaaaa at 0xa0008114
[76238.949768] PUF Read:0xaaaaaaaa at 0xa0008118
[76238.949798] PUF Read:0xaaaaaaaa at 0xa000811c
[76238.949798] PUF Read:0xaaaaaaaa at 0xa0008120
[76238.949798] PUF Read:0xaaaaaaaa at 0xa0008124
[76238.949798] PUF Read:0xaaaaaaaa at 0xa0008128
[76238.949798] PUF Read:0xaaaaaaaa at 0xa000812c
[76238.949798] PUF Read:0xaaaaaaaa at 0xa0008130
[76238.949951] PUF Read:0xaaaaaaaa at 0xa0008134
[76238.949951] PUF Read:0xaa8aaaaa at 0xa0008138
[76238.949951] PUF Read:0xaaaaaaaa at 0xa000813c
[76238.949951] PUF Read:0xaaaaaaaa at 0xa0008140
[76238.949951] PUF Read:0xaaaaaaaa at 0xa0008144
[76238.950073] PUF Read:0xaabaaeaa at 0xa0008148
[76238.950073] PUF Read:0xaaaaaaaa at 0xa000814c
[76238.950134] PUF Read:0xaaaaaaaa at 0xa0008150
[76238.950164] PUF Read:0xaaaaaaaa at 0xa0008154
[76238.950164] PUF Read:0xaaaaaaaa at 0xa0008158
[76238.950164] PUF Read:0xaaaaaaea at 0xa000815c
[76238.950164] PUF Read:0xaaaaaaaa at 0xa0008160
[76238.950164] PUF Read:0xaaaaaaaa at 0xa0008164
[76238.950164] PUF Read:0xaaaaaaaa at 0xa0008168
[76238.950317] PUF Read:0xaaaaaaaa at 0xa000816c
[76238.950347] PUF Read:0xaaaaaaaa at 0xa0008170
[76238.950347] PUF Read:0xaaaaaaaa at 0xa0008174
[76238.950347] PUF Read:0xaaaaaaaa at 0xa0008178
[76238.950408] PUF Read:0xaaaaaaaa at 0xa000817c
[76238.950408] PUF Read:0xaaaa2a2a at 0xa0008180
[76238.950469] PUF Read:0xaaaaaaaa at 0xa0008184
[76238.950500] PUF Read:0xaaaaaaaa at 0xa0008188
[76238.950500] PUF Read:0xaaaaaaaa at 0xa000818c
[76238.950561] PUF Read:0xaaaaaaaa at 0xa0008190
[76238.950561] PUF Read:0xaaaaaaaa at 0xa0008194
[76238.950561] PUF Read:0xaaaaaaaa at 0xa0008198
[76238.950561] PUF Read:0xaaaaaaaa at 0xa000819c
[76238.950653] PUF Read:0xaaaaaaaa at 0xa00081a0
[76238.950653] PUF Read:0xaaaaaaaa at 0xa00081a4
[76238.950653] PUF Read:0xaaaaaaaa at 0xa00081a8
[76238.950653] PUF Read:0xaaaaaaaa at 0xa00081ac
[76238.950744] PUF Read:0xaaeaaaaa at 0xa00081b0
[76238.950744] PUF Read:0xaaaaaaaa at 0xa00081b4
[76238.950805] PUF Read:0xaaaaaaaa at 0xa00081b8
[76238.950836] PUF Read:0xaaaaaaaa at 0xa00081bc
[76238.950836] PUF Read:0xaaaaaaaa at 0xa00081c0
[76238.950836] PUF Read:0xaaaaaaae at 0xa00081c4
[76238.950897] PUF Read:0xaaaaaaaa at 0xa00081c8
[76238.950897] PUF Read:0xaaaaaaaa at 0xa00081cc
[76238.950958] PUF Read:0xbaaaaaaa at 0xa00081d0
[76238.950988] PUF Read:0xaaaaaaaa at 0xa00081d4
[76238.950988] PUF Read:0xaaaaaaaa at 0xa00081d8
[76238.950988] PUF Read:0xaaaaaaaa at 0xa00081dc
[76238.951049] PUF Read:0xaaaaaaaa at 0xa00081e0
[76238.951049] PUF Read:0xaaaaaaea at 0xa00081e4
[76238.951110] PUF Read:0xaaaaaaaa at 0xa00081e8
[76238.951141] PUF Read:0xaa2aaaaa at 0xa00081ec
[76238.951141] PUF Read:0xaaaaaaaa at 0xa00081f0
[76238.951141] PUF Read:0xaaaaaeaa at 0xa00081f4
[76238.951141] PUF Read:0xaaaaaaa2 at 0xa00081f8
[76238.951141] PUF Read:0xaaaaaaaa at 0xa00081fc
[76238.951141] PUF Read:0xaaaaaaaa at 0xa0008200
[76238.951293] PUF Read:0xaaaaaaaa at 0xa0008204
[76238.951293] PUF Read:0xaaaaaaaa at 0xa0008208
[76238.951293] PUF Read:0xa8aaaaaa at 0xa000820c
[76238.951293] PUF Read:0xaaaaaaaa at 0xa0008210
[76238.951385] PUF Read:0xaaaaaaaa at 0xa0008214
[76238.951385] PUF Read:0xaaaaaaaa at 0xa0008218
[76238.951446] PUF Read:0xaaaaaaaa at 0xa000821c
[76238.951477] PUF Read:0xaaaaaaaa at 0xa0008220
[76238.951477] PUF Read:0xaaaaaaaa at 0xa0008224
[76238.951477] PUF Read:0xaaaaaaaa at 0xa0008228
[76238.951477] PUF Read:0xaaaaaaaa at 0xa000822c
[76238.951568] PUF Read:0xaaaaaaaa at 0xa0008230
[76238.951568] PUF Read:0xa8aaaaaa at 0xa0008234
[76238.951629] PUF Read:0xaaaaaaaa at 0xa0008238
[76238.951660] PUF Read:0xaaaaaaaa at 0xa000823c
[76238.951660] PUF Read:0xaaaaaaaa at 0xa0008240
[76238.951660] PUF Read:0xaaaaaaaa at 0xa0008244
[76238.951660] PUF Read:0xaaaaaaaa at 0xa0008248
[76238.951751] PUF Read:0xaaaaaaaa at 0xa000824c
[76238.951751] PUF Read:0xaaaaaaaa at 0xa0008250
[76238.951812] PUF Read:0xaaaaaaaa at 0xa0008254
[76238.951843] PUF Read:0xaaaaaaaa at 0xa0008258
[76238.951843] PUF Read:0xaaaaaaaa at 0xa000825c
[76238.951843] PUF Read:0xaaaaaaaa at 0xa0008260
[76238.951904] PUF Read:0xaaaaaaaa at 0xa0008264
[76238.951904] PUF Read:0xaaaaaaaa at 0xa0008268
[76238.951965] PUF Read:0xaaaaaaaa at 0xa000826c
[76238.951995] PUF Read:0xaaaaaaaa at 0xa0008270
[76238.951995] PUF Read:0xaaaaaaaa at 0xa0008274
[76238.951995] PUF Read:0xaaaaaaaa at 0xa0008278
[76238.951995] PUF Read:0xaaaaaaaa at 0xa000827c
[76238.951995] PUF Read:0xaaaaaaaa at 0xa0008280
[76238.951995] PUF Read:0xaaaaaaaa at 0xa0008284
[76238.952148] PUF Read:0xaaaaaaaa at 0xa0008288
[76238.952178] PUF Read:0xaaaaaaaa at 0xa000828c
[76238.952178] PUF Read:0xaaaaaaaa at 0xa0008290
[76238.952178] PUF Read:0xaaaaaaaa at 0xa0008294
[76238.952239] PUF Read:0xaaaaaaaa at 0xa0008298
[76238.952239] PUF Read:0xaaaaaaaa at 0xa000829c
[76238.952301] PUF Read:0xaaaaaaaa at 0xa00082a0
[76238.952331] PUF Read:0xaaaaaaaa at 0xa00082a4
[76238.952331] PUF Read:0xaaaaaaaa at 0xa00082a8
[76238.952331] PUF Read:0xaaaaaaaa at 0xa00082ac
[76238.952392] PUF Read:0xaaaaaaaa at 0xa00082b0
[76238.952392] PUF Read:0xaaaaaaaa at 0xa00082b4
[76238.952392] PUF Read:0xaaaaaaea at 0xa00082b8
[76238.952484] PUF Read:0xaaaaaaaa at 0xa00082bc
[76238.952484] PUF Read:0xaaaaaaaa at 0xa00082c0
[76238.952484] PUF Read:0xaaaaaaaa at 0xa00082c4
[76238.952484] PUF Read:0xbaaaaaaa at 0xa00082c8
[76238.952484] PUF Read:0xaaaaaaaa at 0xa00082cc
[76238.952484] PUF Read:0xaaaaaaaa at 0xa00082d0
[76238.952636] PUF Read:0xaaaaaaaa at 0xa00082d4
[76238.952667] PUF Read:0xaaaaaaaa at 0xa00082d8
[76238.952667] PUF Read:0xaaaaaaaa at 0xa00082dc
[76238.952667] PUF Read:0xaaaaaaaa at 0xa00082e0
[76238.952728] PUF Read:0xaaaaaeaa at 0xa00082e4
[76238.952728] PUF Read:0xaaaaaaaa at 0xa00082e8
[76238.952789] PUF Read:0xaaaaaaaa at 0xa00082ec
[76238.952819] PUF Read:0xaaaaaaaa at 0xa00082f0
[76238.952819] PUF Read:0xaaaaaaaa at 0xa00082f4
[76238.952819] PUF Read:0xaaaaaaaa at 0xa00082f8
[76238.952880] PUF Read:0xaaaaaaaa at 0xa00082fc
[76238.952880] PUF Read:0xaaaaaaaa at 0xa0008300
[76238.952880] PUF Read:0xaaaaaaaa at 0xa0008304
[76238.952972] PUF Read:0xaaaaaaaa at 0xa0008308
[76238.952972] PUF Read:0xaaaaaaaa at 0xa000830c
[76238.952972] PUF Read:0xaaaaaaaa at 0xa0008310
[76238.952972] PUF Read:0xaaaaaaaa at 0xa0008314
[76238.953063] PUF Read:0xaaaaaaaa at 0xa0008318
[76238.953094] PUF Read:0xbaaaaaaa at 0xa000831c
[76238.953094] PUF Read:0xaaaaaaaa at 0xa0008320
[76238.953155] PUF Read:0xaaaaaaaa at 0xa0008324
[76238.953186] PUF Read:0xaaaaaaaa at 0xa0008328
[76238.953186] PUF Read:0xaaaaaaaa at 0xa000832c
[76238.953186] PUF Read:0xaaaaaaae at 0xa0008330
[76238.953247] PUF Read:0xaaaaaaaa at 0xa0008334
[76238.953247] PUF Read:0xaaaaaaaa at 0xa0008338
[76238.953308] PUF Read:0xaaaaaaaa at 0xa000833c
[76238.953338] PUF Read:0xaaaaaaaa at 0xa0008340
[76238.953338] PUF Read:0xaaaaaaaa at 0xa0008344
[76238.953338] PUF Read:0xaaaaaaaa at 0xa0008348
[76238.953338] PUF Read:0xaaaaaaaa at 0xa000834c
[76238.953338] PUF Read:0xaaaaaa8a at 0xa0008350
[76238.953338] PUF Read:0xaaaaaaaa at 0xa0008354
[76238.953491] PUF Read:0xaaaaaaaa at 0xa0008358
[76238.953521] PUF Read:0xaaaaaaaa at 0xa000835c
[76238.953521] PUF Read:0xaaabaaaa at 0xa0008360
[76238.953521] PUF Read:0xaaaaaaaa at 0xa0008364
[76238.953582] PUF Read:0xaaaaaaaa at 0xa0008368
[76238.953582] PUF Read:0xaaaaaaaa at 0xa000836c
[76238.953643] PUF Read:0xaaaaaaaa at 0xa0008370
[76238.953674] PUF Read:0xaaaaaaaa at 0xa0008374
[76238.953674] PUF Read:0xaaaaaaaa at 0xa0008378
[76238.953674] PUF Read:0xaaaaaaaa at 0xa000837c
[76238.953735] PUF Read:0xaaaaaaaa at 0xa0008380
[76238.953735] PUF Read:0xaaaaaaaa at 0xa0008384
[76238.953735] PUF Read:0xaaaaaaaa at 0xa0008388
[76238.953826] PUF Read:0xaaaaaaaa at 0xa000838c
[76238.953826] PUF Read:0xaaaaaaaa at 0xa0008390
[76238.953826] PUF Read:0xaaaaaaaa at 0xa0008394
[76238.953826] PUF Read:0xaaaaaaaa at 0xa0008398
[76238.953826] PUF Read:0xaaa2aaaa at 0xa000839c
[76238.953826] PUF Read:0xaaaaaaaa at 0xa00083a0
[76238.953979] PUF Read:0xaaaaaaaa at 0xa00083a4
[76238.953979] PUF Read:0xaaaaaaaa at 0xa00083a8
[76238.953979] PUF Read:0xaaaaaaaa at 0xa00083ac
[76238.953979] PUF Read:0xaaaaaaaa at 0xa00083b0
[76238.954071] PUF Read:0xaaaaaaaa at 0xa00083b4
[76238.954071] PUF Read:0xaaaaaaaa at 0xa00083b8
[76238.954132] PUF Read:0xaaaaaaaa at 0xa00083bc
[76238.954162] PUF Read:0xaaaaaaaa at 0xa00083c0
[76238.954162] PUF Read:0xaaaaaaaa at 0xa00083c4
[76238.954162] PUF Read:0xaaaaaaaa at 0xa00083c8
[76238.954223] PUF Read:0xaaaaaaaa at 0xa00083cc
[76238.954223] PUF Read:0xaaaaaaaa at 0xa00083d0
[76238.954284] PUF Read:0xaaabaaaa at 0xa00083d4
[76238.954315] PUF Read:0xaaaaaaaa at 0xa00083d8
[76238.954315] PUF Read:0xaaaaaaaa at 0xa00083dc
[76238.954376] PUF Read:0xaaaaaaaa at 0xa00083e0
[76238.954376] PUF Read:0xaaaaa8aa at 0xa00083e4
[76238.954376] PUF Read:0xaaaaaaaa at 0xa00083e8
[76238.954376] PUF Read:0xaaaaaaaa at 0xa00083ec
[76238.954467] PUF Read:0xaaaaaaaa at 0xa00083f0
[76238.954467] PUF Read:0xaaaaaaaa at 0xa00083f4
[76238.954467] PUF Read:0xaaaaaaae at 0xa00083f8
[76238.954467] PUF Read:0xaaaeaaaa at 0xa00083fc
[76238.954559] [i] Finished PUF read-out
[76238.954559] <6>[i] Finished PUF query for decaytime: 7680
[76238.954589] [i] Start decaytime: 120
[76238.954589] EMIF 2 REG Write 0x80000000 at 0x4d000010
[76238.954620] EMIF 2 REG Read 0x80000000 at 0x4d000010
[76238.954620] EMIF 2 REG Write 0x80000000 at 0x4d000014
[76238.954620] EMIF 2 REG Read 0x00000000 at 0x4d000014
[76238.954650] EMIF 2 REG Write 0x08016893 at 0x4d0000cc
[76238.954650] EMIF 2 REG Read 0x08016893 at 0x4d0000cc
[76238.954681] Temp polling alert disabled
[76238.954681] Refresh Disabled at EMIF2
[76238.954681] [i] Initialiting PUF & hammer rows
[76238.954711] [i] Single-Sided Rowhammer (SSRH)
[76238.955596] [i] Finished initialiting PUF & hammer rows
[76238.961456] [i]	Timer elapsed since its reset 0 sec
[76238.961456] [i] Decay: 120 sec
[76238.961456] [i]	Relative Decay: 0 msec
