[57062.315063] [i] Total hammer attempts per row: 3728067
[57062.315063] EMIF 2 REG Write 0x00000618 at 0x4d000010
[57062.315093] EMIF 2 REG Read 0x00000618 at 0x4d000010
[57062.315093] EMIF 2 REG Write 0x00000618 at 0x4d000014
[57062.315124] EMIF 2 REG Read 0x00000618 at 0x4d000014
[57062.315124] EMIF 2 REG Write 0x58016893 at 0x4d0000cc
[57062.315155] EMIF 2 REG Read 0x58016893 at 0x4d0000cc
[57062.315155] Temp polling alert enabled
[57062.315155] Refresh enabled at EMIF2
[57062.315185] [i] Starting PUF read-out
[57062.315185] [i] Single-Sided Rowhammer (SSRH)
[57062.315216] PUF Read:0xaaaa2aaa at 0xa0008000
[57062.315216] PUF Read:0xaaaaaaaa at 0xa0008004
[57062.315216] PUF Read:0xaaaaaaaa at 0xa0008008
[57062.315216] PUF Read:0xa2aaaa2a at 0xa000800c
[57062.315216] PUF Read:0xaaaaaaaa at 0xa0008010
[57062.315216] PUF Read:0x8aaaabaa at 0xa0008014
[57062.315368] PUF Read:0xaaaa2aaa at 0xa0008018
[57062.315399] PUF Read:0xaaa2aaaa at 0xa000801c
[57062.315399] PUF Read:0xaaaaaaaa at 0xa0008020
[57062.315399] PUF Read:0xeaaaeaaa at 0xa0008024
[57062.315399] PUF Read:0xaaaaaaaa at 0xa0008028
[57062.315399] PUF Read:0xaaaaaaba at 0xa000802c
[57062.315399] PUF Read:0xaaaaaaaa at 0xa0008030
[57062.315551] PUF Read:0xaaaaaaaa at 0xa0008034
[57062.315582] PUF Read:0xaaaaaaaa at 0xa0008038
[57062.315582] PUF Read:0xaaaaaaaa at 0xa000803c
[57062.315582] PUF Read:0xaaaaaaab at 0xa0008040
[57062.315643] PUF Read:0xaaaaeaaa at 0xa0008044
[57062.315643] PUF Read:0xaaaaaaaa at 0xa0008048
[57062.315704] PUF Read:0xaaaaaaa8 at 0xa000804c
[57062.315734] PUF Read:0xa2aaaaaa at 0xa0008050
[57062.315734] PUF Read:0xaaaaa8aa at 0xa0008054
[57062.315795] PUF Read:0xaaaaaa8a at 0xa0008058
[57062.315795] PUF Read:0xaaaaaaaa at 0xa000805c
[57062.315795] PUF Read:0xaaaaaaaa at 0xa0008060
[57062.315795] PUF Read:0xaaaa2aaa at 0xa0008064
[57062.315887] PUF Read:0xaaaaaaaa at 0xa0008068
[57062.315887] PUF Read:0xaaaaaaaa at 0xa000806c
[57062.315887] PUF Read:0xaaaaaaaa at 0xa0008070
[57062.315887] PUF Read:0xaaaaaaaa at 0xa0008074
[57062.315979] PUF Read:0xaaaaaaaa at 0xa0008078
[57062.315979] PUF Read:0xaaabaaaa at 0xa000807c
[57062.316040] PUF Read:0xaaabaaaa at 0xa0008080
[57062.316040] PUF Read:0xaaaaaaaa at 0xa0008084
[57062.316040] PUF Read:0xaaaaaaaa at 0xa0008088
[57062.316040] PUF Read:0xaaaaaaaa at 0xa000808c
[57062.316131] PUF Read:0xaaaa8aaa at 0xa0008090
[57062.316131] PUF Read:0xaaaaaaaa at 0xa0008094
[57062.316192] PUF Read:0x2aabaaab at 0xa0008098
[57062.316223] PUF Read:0xaaaaaaaa at 0xa000809c
[57062.316253] PUF Read:0x8aaaaa2a at 0xa00080a0
[57062.316253] PUF Read:0xaaabaaaa at 0xa00080a4
[57062.316253] PUF Read:0xaa8aaaaa at 0xa00080a8
[57062.316253] PUF Read:0xaaaa8aea at 0xa00080ac
[57062.316253] PUF Read:0xaaaaaaaa at 0xa00080b0
[57062.316253] PUF Read:0x2a2aaaaa at 0xa00080b4
[57062.316406] PUF Read:0xaaaaeaaa at 0xa00080b8
[57062.316436] PUF Read:0x8aaaaaaa at 0xa00080bc
[57062.316436] PUF Read:0xaaaaaaaa at 0xa00080c0
[57062.316436] PUF Read:0xaaaaaaaa at 0xa00080c4
[57062.316497] PUF Read:0xaaa2aaaa at 0xa00080c8
[57062.316497] PUF Read:0xabaaaaaa at 0xa00080cc
[57062.316558] PUF Read:0xeaaeeaaa at 0xa00080d0
[57062.316589] PUF Read:0xaaaa2aaa at 0xa00080d4
[57062.316589] PUF Read:0xaaaa3aaa at 0xa00080d8
[57062.316650] PUF Read:0xaaaaaaaa at 0xa00080dc
[57062.316650] PUF Read:0xabaaaaaa at 0xa00080e0
[57062.316650] PUF Read:0xaaaaaaaa at 0xa00080e4
[57062.316711] PUF Read:0xaaaaaaaa at 0xa00080e8
[57062.316741] PUF Read:0xaaaaaaab at 0xa00080ec
[57062.316741] PUF Read:0x8aaaaaaa at 0xa00080f0
[57062.316741] PUF Read:0xaaaaaaaa at 0xa00080f4
[57062.316741] PUF Read:0xaaaaabaa at 0xa00080f8
[57062.316741] PUF Read:0xaa8aaaaa at 0xa00080fc
[57062.316741] PUF Read:0xaaaaaaaa at 0xa0008100
[57062.316894] PUF Read:0xaaaaaaaa at 0xa0008104
[57062.316894] PUF Read:0xaaa2aaaa at 0xa0008108
[57062.316894] PUF Read:0xaaaaaaaa at 0xa000810c
[57062.316894] PUF Read:0xaaaaaaaa at 0xa0008110
[57062.316986] PUF Read:0xaaea2aaa at 0xa0008114
[57062.316986] PUF Read:0xaaaaaaaa at 0xa0008118
[57062.317047] PUF Read:0xaaaaaaaa at 0xa000811c
[57062.317077] PUF Read:0xaaaaaaaa at 0xa0008120
[57062.317077] PUF Read:0xaaaaaeaa at 0xa0008124
[57062.317077] PUF Read:0xaaaaaaea at 0xa0008128
[57062.317138] PUF Read:0xaaaaaaaa at 0xa000812c
[57062.317138] PUF Read:0xaaaaaaaa at 0xa0008130
[57062.317199] PUF Read:0xaaaaaa2a at 0xa0008134
[57062.317230] PUF Read:0xaa8baaaa at 0xa0008138
[57062.317230] PUF Read:0xaaaaaaaa at 0xa000813c
[57062.317291] PUF Read:0xaaaaaeaa at 0xa0008140
[57062.317291] PUF Read:0xaaaaaaaa at 0xa0008144
[57062.317291] PUF Read:0xaabaaeaa at 0xa0008148
[57062.317352] PUF Read:0xaaaaaaaa at 0xa000814c
[57062.317382] PUF Read:0xaaaaaaaa at 0xa0008150
[57062.317382] PUF Read:0xaaaaaaaa at 0xa0008154
[57062.317382] PUF Read:0xaaaaaaaa at 0xa0008158
[57062.317382] PUF Read:0xaaaaaaea at 0xa000815c
[57062.317382] PUF Read:0xaaaaaaaa at 0xa0008160
[57062.317382] PUF Read:0xaaaaaaaa at 0xa0008164
[57062.317535] PUF Read:0xaeaaaaaa at 0xa0008168
[57062.317535] PUF Read:0xaaeaaaaa at 0xa000816c
[57062.317535] PUF Read:0x2aaaaaaa at 0xa0008170
[57062.317535] PUF Read:0xaabaaaaa at 0xa0008174
[57062.317626] PUF Read:0xaaaaaaaa at 0xa0008178
[57062.317626] PUF Read:0xaaaaaaaa at 0xa000817c
[57062.317687] PUF Read:0xaaaa2a2a at 0xa0008180
[57062.317718] PUF Read:0xaaaaaaaa at 0xa0008184
[57062.317718] PUF Read:0xaa2aaaaa at 0xa0008188
[57062.317718] PUF Read:0xaaaaaaea at 0xa000818c
[57062.317718] PUF Read:0x2aaaaaaa at 0xa0008190
[57062.317810] PUF Read:0xeaaaaaaa at 0xa0008194
[57062.317810] PUF Read:0xaaaaaaaa at 0xa0008198
[57062.317871] PUF Read:0xaaaaaaaa at 0xa000819c
[57062.317901] PUF Read:0xaaaaaaaa at 0xa00081a0
[57062.317901] PUF Read:0xaaaaaaaa at 0xa00081a4
[57062.317901] PUF Read:0xaaa2aaaa at 0xa00081a8
[57062.317962] PUF Read:0xaaaaaaaa at 0xa00081ac
[57062.317962] PUF Read:0xaaebaaaa at 0xa00081b0
[57062.317962] PUF Read:0xaaaaaaaa at 0xa00081b4
[57062.318054] PUF Read:0xaaaaaaaa at 0xa00081b8
[57062.318054] PUF Read:0xa2aaaaaa at 0xa00081bc
[57062.318054] PUF Read:0xaaa8aaaa at 0xa00081c0
[57062.318054] PUF Read:0xaaaaaaae at 0xa00081c4
[57062.318054] PUF Read:0xaaaaaaaa at 0xa00081c8
[57062.318054] PUF Read:0xaa2baaaa at 0xa00081cc
[57062.318206] PUF Read:0xbaaaaaaa at 0xa00081d0
[57062.318206] PUF Read:0xaaaaaa2a at 0xa00081d4
[57062.318206] PUF Read:0xaaaaaaaa at 0xa00081d8
[57062.318206] PUF Read:0xaaaaaaaa at 0xa00081dc
[57062.318206] PUF Read:0xaaaaaaaa at 0xa00081e0
[57062.318206] PUF Read:0xaaaaaaea at 0xa00081e4
[57062.318359] PUF Read:0xaaaaaaaa at 0xa00081e8
[57062.318359] PUF Read:0xaa2aaaaa at 0xa00081ec
[57062.318359] PUF Read:0xaaaaaaab at 0xa00081f0
[57062.318359] PUF Read:0xaaaaaeaa at 0xa00081f4
[57062.318359] PUF Read:0xaaaaaaa2 at 0xa00081f8
[57062.318359] PUF Read:0xaaaaaaaa at 0xa00081fc
[57062.318511] PUF Read:0xaaaaaaaa at 0xa0008200
[57062.318542] PUF Read:0xaaaaaaaa at 0xa0008204
[57062.318542] PUF Read:0xaaaaaaba at 0xa0008208
[57062.318542] PUF Read:0xa8aaaaaa at 0xa000820c
[57062.318603] PUF Read:0xaaaaa2a8 at 0xa0008210
[57062.318603] PUF Read:0xaaaaaaaa at 0xa0008214
[57062.318664] PUF Read:0xaaaaaeaa at 0xa0008218
[57062.318695] PUF Read:0xaaaaaaaa at 0xa000821c
[57062.318695] PUF Read:0xaaaaaaaa at 0xa0008220
[57062.318695] PUF Read:0xaabaaaaa at 0xa0008224
[57062.318756] PUF Read:0xaaaaaaaa at 0xa0008228
[57062.318756] PUF Read:0xaaaaaaaa at 0xa000822c
[57062.318817] PUF Read:0xaaaaaeaa at 0xa0008230
[57062.318847] PUF Read:0x286aaaaa at 0xa0008234
[57062.318847] PUF Read:0xaaaaaaaa at 0xa0008238
[57062.318847] PUF Read:0xaaaaaaaa at 0xa000823c
[57062.318908] PUF Read:0xaaaaaaaa at 0xa0008240
[57062.318908] PUF Read:0xaaaaaaaa at 0xa0008244
[57062.318969] PUF Read:0xaaaaaaaa at 0xa0008248
[57062.319000] PUF Read:0xaaaaaaaa at 0xa000824c
[57062.319000] PUF Read:0xaaaaaaaa at 0xa0008250
[57062.319000] PUF Read:0xaabaaaaa at 0xa0008254
[57062.319061] PUF Read:0xaaaaaaaa at 0xa0008258
[57062.319061] PUF Read:0xaaaeaaaa at 0xa000825c
[57062.319122] PUF Read:0xaaaaaaaa at 0xa0008260
[57062.319152] PUF Read:0xaaaaaaaa at 0xa0008264
[57062.319152] PUF Read:0xaaaa8caa at 0xa0008268
[57062.319152] PUF Read:0xaaaaaaaa at 0xa000826c
[57062.319213] PUF Read:0xaaaaaaaa at 0xa0008270
[57062.319213] PUF Read:0xaaaaaaaa at 0xa0008274
[57062.319274] PUF Read:0xaaaaaaea at 0xa0008278
[57062.319305] PUF Read:0xaaaaaaaa at 0xa000827c
[57062.319335] PUF Read:0xeaaaaaaa at 0xa0008280
[57062.319335] PUF Read:0xa2aaaaaa at 0xa0008284
[57062.319335] PUF Read:0xaaaaaaaa at 0xa0008288
[57062.319396] PUF Read:0xaaaaaaaa at 0xa000828c
[57062.319396] PUF Read:0xaaaaaaa8 at 0xa0008290
[57062.319458] PUF Read:0xa8aaaaaa at 0xa0008294
[57062.319488] PUF Read:0xaaaaaaaa at 0xa0008298
[57062.319488] PUF Read:0xaaaaaaaa at 0xa000829c
[57062.319488] PUF Read:0xaaaaaaaa at 0xa00082a0
[57062.319488] PUF Read:0xaaaabaaa at 0xa00082a4
[57062.319488] PUF Read:0xaaaaaaaa at 0xa00082a8
[57062.319488] PUF Read:0xaaaaaaaa at 0xa00082ac
[57062.319641] PUF Read:0xaaaaaaaa at 0xa00082b0
[57062.319641] PUF Read:0xaaaaaaaa at 0xa00082b4
[57062.319641] PUF Read:0xaaaaaaea at 0xa00082b8
[57062.319641] PUF Read:0xaaaaaaaa at 0xa00082bc
[57062.319641] PUF Read:0xaaaaaaaa at 0xa00082c0
[57062.319641] PUF Read:0xaaaaaaaa at 0xa00082c4
[57062.319793] PUF Read:0xbaaaaaaa at 0xa00082c8
[57062.319824] PUF Read:0xaaaaaaaa at 0xa00082cc
[57062.319824] PUF Read:0xaabaaaaa at 0xa00082d0
[57062.319824] PUF Read:0xaaaaaaaa at 0xa00082d4
[57062.319885] PUF Read:0xaaaaaaaa at 0xa00082d8
[57062.319885] PUF Read:0xaaaaeaaa at 0xa00082dc
[57062.319946] PUF Read:0xaaaaaaaa at 0xa00082e0
[57062.319976] PUF Read:0xaaaaaeaa at 0xa00082e4
[57062.319976] PUF Read:0xaaaaabaa at 0xa00082e8
[57062.319976] PUF Read:0xaaaaaaab at 0xa00082ec
[57062.320037] PUF Read:0xaaaaaaaa at 0xa00082f0
[57062.320037] PUF Read:0xaaaaaaaa at 0xa00082f4
[57062.320098] PUF Read:0xaaaaaaaa at 0xa00082f8
[57062.320129] PUF Read:0xaaaaaaaa at 0xa00082fc
[57062.320129] PUF Read:0xaaaaaaaa at 0xa0008300
[57062.320129] PUF Read:0xaaaaaaaa at 0xa0008304
[57062.320190] PUF Read:0xaaaa8aaa at 0xa0008308
[57062.320190] PUF Read:0xaaaaaaaa at 0xa000830c
[57062.320251] PUF Read:0xaaaaaa8a at 0xa0008310
[57062.320281] PUF Read:0xaaaaaaaa at 0xa0008314
[57062.320281] PUF Read:0x2baaaaaa at 0xa0008318
[57062.320281] PUF Read:0xbaaaaaaa at 0xa000831c
[57062.320343] PUF Read:0xaaaa8aaa at 0xa0008320
[57062.320343] PUF Read:0xaaaaaaaa at 0xa0008324
[57062.320404] PUF Read:0xaaaaaaaa at 0xa0008328
[57062.320434] PUF Read:0xaa8aaaaa at 0xa000832c
[57062.320434] PUF Read:0xaaaaaaae at 0xa0008330
[57062.320434] PUF Read:0xaaaaaaaa at 0xa0008334
[57062.320434] PUF Read:0xaaaaaaaa at 0xa0008338
[57062.320434] PUF Read:0xaaaaaaaa at 0xa000833c
[57062.320434] PUF Read:0xbaaaaaaa at 0xa0008340
[57062.320587] PUF Read:0xaaaaaa2b at 0xa0008344
[57062.320587] PUF Read:0xaaaaaaaa at 0xa0008348
[57062.320587] PUF Read:0xaaaaabaa at 0xa000834c
[57062.320587] PUF Read:0xaaaa8a8a at 0xa0008350
[57062.320678] PUF Read:0x8aaaaaaa at 0xa0008354
[57062.320678] PUF Read:0xaaaaaaaa at 0xa0008358
[57062.320739] PUF Read:0xaaaaaaaa at 0xa000835c
[57062.320770] PUF Read:0xaaabaaaa at 0xa0008360
[57062.320770] PUF Read:0xaaaaaa2a at 0xa0008364
[57062.320770] PUF Read:0xaaaaaaaa at 0xa0008368
[57062.320831] PUF Read:0xaaaaaeaa at 0xa000836c
[57062.320861] PUF Read:0xaaaaaaaa at 0xa0008370
[57062.320861] PUF Read:0xaaaaaaaa at 0xa0008374
[57062.320922] PUF Read:0xaaaa8aaa at 0xa0008378
[57062.320953] PUF Read:0xaaaaaaaa at 0xa000837c
[57062.320953] PUF Read:0xaaaaaaaa at 0xa0008380
[57062.320953] PUF Read:0xaaaaaaaa at 0xa0008384
[57062.321014] PUF Read:0xaaaaaaaa at 0xa0008388
[57062.321014] PUF Read:0xaaaaaaaa at 0xa000838c
[57062.321075] PUF Read:0xaaaaaaab at 0xa0008390
[57062.321105] PUF Read:0xaaaaabaa at 0xa0008394
[57062.321105] PUF Read:0xaaaaaaaa at 0xa0008398
[57062.321105] PUF Read:0xaaa2aaaa at 0xa000839c
[57062.321166] PUF Read:0xaaaaaaaa at 0xa00083a0
[57062.321166] PUF Read:0xaaaaaaaa at 0xa00083a4
[57062.321228] PUF Read:0xaaaaaaaa at 0xa00083a8
[57062.321258] PUF Read:0xaaaabaaa at 0xa00083ac
[57062.321258] PUF Read:0xaaaaaaa2 at 0xa00083b0
[57062.321319] PUF Read:0xaaaaaaaa at 0xa00083b4
[57062.321319] PUF Read:0xaaaaaaaa at 0xa00083b8
[57062.321319] PUF Read:0xaaaaaaaa at 0xa00083bc
[57062.321319] PUF Read:0xaaaaaaaa at 0xa00083c0
[57062.321411] PUF Read:0xaeaaaaaa at 0xa00083c4
[57062.321411] PUF Read:0xaaaaaaaa at 0xa00083c8
[57062.321411] PUF Read:0xaaa2aaaa at 0xa00083cc
[57062.321411] PUF Read:0xaaaaaaaa at 0xa00083d0
[57062.321411] PUF Read:0xaaabaaaa at 0xa00083d4
[57062.321411] PUF Read:0xaaaaaaaa at 0xa00083d8
[57062.321563] PUF Read:0xaaaaaaaa at 0xa00083dc
[57062.321563] PUF Read:0xaabeaaaa at 0xa00083e0
[57062.321563] PUF Read:0xba2aa8aa at 0xa00083e4
[57062.321563] PUF Read:0xaaaaaa2a at 0xa00083e8
[57062.321563] PUF Read:0xaaaaaaaa at 0xa00083ec
[57062.321563] PUF Read:0xaaaaaeaa at 0xa00083f0
[57062.321716] PUF Read:0xaaaaaaaa at 0xa00083f4
[57062.321716] PUF Read:0xaaaaaaae at 0xa00083f8
[57062.321716] PUF Read:0x8aaeaaaa at 0xa00083fc
[57062.321716] [i] Finished PUF read-out
[57062.321807] <6>[i] Finished PUF query for decaytime: 15360
[57062.321807] End measurement:15
[57062.321807] [i] Start measurement: 16
[57062.321807] [i] Start decaytime: 60
[57062.321838] EMIF 2 REG Write 0x80000000 at 0x4d000010
[57062.321838] EMIF 2 REG Read 0x80000000 at 0x4d000010
[57062.321868] EMIF 2 REG Write 0x80000000 at 0x4d000014
[57062.321868] EMIF 2 REG Read 0x00000000 at 0x4d000014
[57062.321899] EMIF 2 REG Write 0x08016893 at 0x4d0000cc
[57062.321899] EMIF 2 REG Read 0x08016893 at 0x4d0000cc
[57062.321899] Temp polling alert disabled
[57062.321929] Refresh Disabled at EMIF2
[57062.321929] [i] Initialiting PUF & hammer rows
[57062.321929] [i] Single-Sided Rowhammer (SSRH)
[57062.328704] [i] Finished initialiting PUF & hammer rows
[57062.328704] [i]	Timer elapsed since its reset 0 sec
[57062.328704] [i] Decay: 60 sec
[57062.328735] [i]	Relative Decay: 0 msec
