[13128.338653] [i] Total hammer attempts per row: 1863744
[13128.338653] EMIF 2 REG Write 0x00000618 at 0x4d000010
[13128.338653] EMIF 2 REG Read 0x00000618 at 0x4d000010
[13128.338714] EMIF 2 REG Write 0x00000618 at 0x4d000014
[13128.338714] EMIF 2 REG Read 0x00000618 at 0x4d000014
[13128.338714] EMIF 2 REG Write 0x58016893 at 0x4d0000cc
[13128.338745] EMIF 2 REG Read 0x58016893 at 0x4d0000cc
[13128.338745] Temp polling alert enabled
[13128.338745] Refresh enabled at EMIF2
[13128.338775] [i] Starting PUF read-out
[13128.338775] [i] Single-Sided Rowhammer (SSRH)
[13128.338806] PUF Read:0x00000000 at 0xa0008000
[13128.338806] PUF Read:0x00000000 at 0xa0008004
[13128.338806] PUF Read:0x00000000 at 0xa0008008
[13128.338806] PUF Read:0x00000000 at 0xa000800c
[13128.338897] PUF Read:0x00000000 at 0xa0008010
[13128.338897] PUF Read:0x00000100 at 0xa0008014
[13128.338897] PUF Read:0x00000000 at 0xa0008018
[13128.338989] PUF Read:0x00000000 at 0xa000801c
[13128.338989] PUF Read:0x00000000 at 0xa0008020
[13128.338989] PUF Read:0x40004000 at 0xa0008024
[13128.338989] PUF Read:0x00000000 at 0xa0008028
[13128.339080] PUF Read:0x00000000 at 0xa000802c
[13128.339080] PUF Read:0x00000000 at 0xa0008030
[13128.339141] PUF Read:0x00000000 at 0xa0008034
[13128.339172] PUF Read:0x00000000 at 0xa0008038
[13128.339172] PUF Read:0x00000000 at 0xa000803c
[13128.339172] PUF Read:0x00000001 at 0xa0008040
[13128.339233] PUF Read:0x00004000 at 0xa0008044
[13128.339233] PUF Read:0x00000000 at 0xa0008048
[13128.339294] PUF Read:0x00000000 at 0xa000804c
[13128.339324] PUF Read:0x00000000 at 0xa0008050
[13128.339324] PUF Read:0x00000000 at 0xa0008054
[13128.339385] PUF Read:0x00000000 at 0xa0008058
[13128.339385] PUF Read:0x00000000 at 0xa000805c
[13128.339385] PUF Read:0x00000000 at 0xa0008060
[13128.339385] PUF Read:0x00000000 at 0xa0008064
[13128.339477] PUF Read:0x00000000 at 0xa0008068
[13128.339477] PUF Read:0x00000000 at 0xa000806c
[13128.339538] PUF Read:0x00000000 at 0xa0008070
[13128.339538] PUF Read:0x00000000 at 0xa0008074
[13128.339538] PUF Read:0x00000000 at 0xa0008078
[13128.339599] PUF Read:0x00000000 at 0xa000807c
[13128.339630] PUF Read:0x00000000 at 0xa0008080
[13128.339630] PUF Read:0x00000000 at 0xa0008084
[13128.339691] PUF Read:0x00000000 at 0xa0008088
[13128.339691] PUF Read:0x00000000 at 0xa000808c
[13128.339691] PUF Read:0x00000000 at 0xa0008090
[13128.339752] PUF Read:0x00000000 at 0xa0008094
[13128.339782] PUF Read:0x00010000 at 0xa0008098
[13128.339782] PUF Read:0x00000000 at 0xa000809c
[13128.339843] PUF Read:0x00000000 at 0xa00080a0
[13128.339843] PUF Read:0x00000000 at 0xa00080a4
[13128.339874] PUF Read:0x00000000 at 0xa00080a8
[13128.339874] PUF Read:0x00000040 at 0xa00080ac
[13128.339935] PUF Read:0x00000000 at 0xa00080b0
[13128.339965] PUF Read:0x00000000 at 0xa00080b4
[13128.339965] PUF Read:0x00004000 at 0xa00080b8
[13128.339965] PUF Read:0x00000000 at 0xa00080bc
[13128.340026] PUF Read:0x00000000 at 0xa00080c0
[13128.340026] PUF Read:0x00000000 at 0xa00080c4
[13128.340087] PUF Read:0x00000000 at 0xa00080c8
[13128.340118] PUF Read:0x00000000 at 0xa00080cc
[13128.340118] PUF Read:0x40044000 at 0xa00080d0
[13128.340118] PUF Read:0x00000000 at 0xa00080d4
[13128.340179] PUF Read:0x00000000 at 0xa00080d8
[13128.340179] PUF Read:0x00000000 at 0xa00080dc
[13128.340240] PUF Read:0x01000000 at 0xa00080e0
[13128.340270] PUF Read:0x00000000 at 0xa00080e4
[13128.340270] PUF Read:0x00000000 at 0xa00080e8
[13128.340332] PUF Read:0x00000001 at 0xa00080ec
[13128.340332] PUF Read:0x00000000 at 0xa00080f0
[13128.340332] PUF Read:0x00000000 at 0xa00080f4
[13128.340332] PUF Read:0x00000100 at 0xa00080f8
[13128.340423] PUF Read:0x00000000 at 0xa00080fc
[13128.340423] PUF Read:0x00000000 at 0xa0008100
[13128.340423] PUF Read:0x00000000 at 0xa0008104
[13128.340423] PUF Read:0x00000000 at 0xa0008108
[13128.340423] PUF Read:0x00000000 at 0xa000810c
[13128.340423] PUF Read:0x00000000 at 0xa0008110
[13128.340576] PUF Read:0x00000000 at 0xa0008114
[13128.340576] PUF Read:0x00000000 at 0xa0008118
[13128.340576] PUF Read:0x00000000 at 0xa000811c
[13128.340576] PUF Read:0x00000000 at 0xa0008120
[13128.340576] PUF Read:0x00000400 at 0xa0008124
[13128.340576] PUF Read:0x00000040 at 0xa0008128
[13128.340728] PUF Read:0x00000000 at 0xa000812c
[13128.340728] PUF Read:0x00000000 at 0xa0008130
[13128.340728] PUF Read:0x00000000 at 0xa0008134
[13128.340728] PUF Read:0x00000000 at 0xa0008138
[13128.340728] PUF Read:0x00000000 at 0xa000813c
[13128.340728] PUF Read:0x00000400 at 0xa0008140
[13128.340881] PUF Read:0x00000000 at 0xa0008144
[13128.340881] PUF Read:0x00100400 at 0xa0008148
[13128.340881] PUF Read:0x00000000 at 0xa000814c
[13128.340881] PUF Read:0x00000000 at 0xa0008150
[13128.340881] PUF Read:0x00000000 at 0xa0008154
[13128.340881] PUF Read:0x00000000 at 0xa0008158
[13128.341033] PUF Read:0x00000040 at 0xa000815c
[13128.341033] PUF Read:0x00000000 at 0xa0008160
[13128.341033] PUF Read:0x00000000 at 0xa0008164
[13128.341033] PUF Read:0x00000000 at 0xa0008168
[13128.341033] PUF Read:0x00400000 at 0xa000816c
[13128.341033] PUF Read:0x00000000 at 0xa0008170
[13128.341186] PUF Read:0x00000000 at 0xa0008174
[13128.341186] PUF Read:0x00000000 at 0xa0008178
[13128.341186] PUF Read:0x00000000 at 0xa000817c
[13128.341186] PUF Read:0x00000000 at 0xa0008180
[13128.341186] PUF Read:0x00000000 at 0xa0008184
[13128.341186] PUF Read:0x00000000 at 0xa0008188
[13128.341339] PUF Read:0x00000000 at 0xa000818c
[13128.341339] PUF Read:0x00000000 at 0xa0008190
[13128.341339] PUF Read:0x40000000 at 0xa0008194
[13128.341339] PUF Read:0x00000000 at 0xa0008198
[13128.341339] PUF Read:0x00000000 at 0xa000819c
[13128.341339] PUF Read:0x00000000 at 0xa00081a0
[13128.341339] PUF Read:0x00000000 at 0xa00081a4
[13128.341522] PUF Read:0x00000000 at 0xa00081a8
[13128.341522] PUF Read:0x00000000 at 0xa00081ac
[13128.341522] PUF Read:0x00410000 at 0xa00081b0
[13128.341522] PUF Read:0x00000000 at 0xa00081b4
[13128.341522] PUF Read:0x00000000 at 0xa00081b8
[13128.341522] PUF Read:0x00000000 at 0xa00081bc
[13128.341674] PUF Read:0x00000000 at 0xa00081c0
[13128.341674] PUF Read:0x00000004 at 0xa00081c4
[13128.341674] PUF Read:0x00000000 at 0xa00081c8
[13128.341674] PUF Read:0x00000000 at 0xa00081cc
[13128.341674] PUF Read:0x10000000 at 0xa00081d0
[13128.341674] PUF Read:0x00000000 at 0xa00081d4
[13128.341827] PUF Read:0x00000000 at 0xa00081d8
[13128.341827] PUF Read:0x00000000 at 0xa00081dc
[13128.341827] PUF Read:0x00000000 at 0xa00081e0
[13128.341827] PUF Read:0x00000040 at 0xa00081e4
[13128.341827] PUF Read:0x00000000 at 0xa00081e8
[13128.341827] PUF Read:0x00000000 at 0xa00081ec
[13128.341979] PUF Read:0x00000000 at 0xa00081f0
[13128.341979] PUF Read:0x00000400 at 0xa00081f4
[13128.341979] PUF Read:0x00000000 at 0xa00081f8
[13128.341979] PUF Read:0x00000000 at 0xa00081fc
[13128.341979] PUF Read:0x00000000 at 0xa0008200
[13128.341979] PUF Read:0x00000000 at 0xa0008204
[13128.342132] PUF Read:0x00000000 at 0xa0008208
[13128.342132] PUF Read:0x00000000 at 0xa000820c
[13128.342132] PUF Read:0x00000000 at 0xa0008210
[13128.342132] PUF Read:0x00000000 at 0xa0008214
[13128.342132] PUF Read:0x00000000 at 0xa0008218
[13128.342132] PUF Read:0x00000000 at 0xa000821c
[13128.342285] PUF Read:0x00000000 at 0xa0008220
[13128.342285] PUF Read:0x00000000 at 0xa0008224
[13128.342285] PUF Read:0x00000000 at 0xa0008228
[13128.342285] PUF Read:0x00000000 at 0xa000822c
[13128.342285] PUF Read:0x00000000 at 0xa0008230
[13128.342285] PUF Read:0x00400000 at 0xa0008234
[13128.342437] PUF Read:0x00000000 at 0xa0008238
[13128.342468] PUF Read:0x00000000 at 0xa000823c
[13128.342468] PUF Read:0x00000000 at 0xa0008240
[13128.342468] PUF Read:0x00000000 at 0xa0008244
[13128.342529] PUF Read:0x00000000 at 0xa0008248
[13128.342529] PUF Read:0x00000000 at 0xa000824c
[13128.342590] PUF Read:0x00000000 at 0xa0008250
[13128.342620] PUF Read:0x00100000 at 0xa0008254
[13128.342620] PUF Read:0x00000000 at 0xa0008258
[13128.342620] PUF Read:0x00040000 at 0xa000825c
[13128.342681] PUF Read:0x00000000 at 0xa0008260
[13128.342681] PUF Read:0x00000000 at 0xa0008264
[13128.342742] PUF Read:0x00000000 at 0xa0008268
[13128.342773] PUF Read:0x00000000 at 0xa000826c
[13128.342773] PUF Read:0x00000000 at 0xa0008270
[13128.342773] PUF Read:0x00000000 at 0xa0008274
[13128.342834] PUF Read:0x00000000 at 0xa0008278
[13128.342834] PUF Read:0x00000000 at 0xa000827c
[13128.342895] PUF Read:0x00000000 at 0xa0008280
[13128.342926] PUF Read:0x00000000 at 0xa0008284
[13128.342956] PUF Read:0x00000000 at 0xa0008288
[13128.342956] PUF Read:0x00000000 at 0xa000828c
[13128.342956] PUF Read:0x00000000 at 0xa0008290
[13128.343017] PUF Read:0x00000000 at 0xa0008294
[13128.343017] PUF Read:0x00000000 at 0xa0008298
[13128.343078] PUF Read:0x00000000 at 0xa000829c
[13128.343109] PUF Read:0x00000000 at 0xa00082a0
[13128.343109] PUF Read:0x00001000 at 0xa00082a4
[13128.343109] PUF Read:0x00000000 at 0xa00082a8
[13128.343170] PUF Read:0x00000000 at 0xa00082ac
[13128.343170] PUF Read:0x00000000 at 0xa00082b0
[13128.343231] PUF Read:0x00000000 at 0xa00082b4
[13128.343261] PUF Read:0x00000040 at 0xa00082b8
[13128.343261] PUF Read:0x00000000 at 0xa00082bc
[13128.343261] PUF Read:0x00000000 at 0xa00082c0
[13128.343322] PUF Read:0x00000000 at 0xa00082c4
[13128.343322] PUF Read:0x10000000 at 0xa00082c8
[13128.343383] PUF Read:0x00000000 at 0xa00082cc
[13128.343414] PUF Read:0x00100000 at 0xa00082d0
[13128.343414] PUF Read:0x00000000 at 0xa00082d4
[13128.343414] PUF Read:0x00000000 at 0xa00082d8
[13128.343475] PUF Read:0x00000000 at 0xa00082dc
[13128.343475] PUF Read:0x00000000 at 0xa00082e0
[13128.343536] PUF Read:0x00000400 at 0xa00082e4
[13128.343566] PUF Read:0x00000000 at 0xa00082e8
[13128.343566] PUF Read:0x00000001 at 0xa00082ec
[13128.343566] PUF Read:0x00000000 at 0xa00082f0
[13128.343627] PUF Read:0x00000000 at 0xa00082f4
[13128.343627] PUF Read:0x00000000 at 0xa00082f8
[13128.343688] PUF Read:0x00000000 at 0xa00082fc
[13128.343719] PUF Read:0x00000000 at 0xa0008300
[13128.343719] PUF Read:0x00000000 at 0xa0008304
[13128.343719] PUF Read:0x00000000 at 0xa0008308
[13128.343780] PUF Read:0x00000000 at 0xa000830c
[13128.343780] PUF Read:0x00000000 at 0xa0008310
[13128.343841] PUF Read:0x00000000 at 0xa0008314
[13128.343872] PUF Read:0x01000000 at 0xa0008318
[13128.343872] PUF Read:0x10000000 at 0xa000831c
[13128.343872] PUF Read:0x00000000 at 0xa0008320
[13128.343933] PUF Read:0x00000000 at 0xa0008324
[13128.343933] PUF Read:0x00000000 at 0xa0008328
[13128.343994] PUF Read:0x00000000 at 0xa000832c
[13128.344024] PUF Read:0x00000004 at 0xa0008330
[13128.344024] PUF Read:0x00000000 at 0xa0008334
[13128.344024] PUF Read:0x00000000 at 0xa0008338
[13128.344085] PUF Read:0x00000000 at 0xa000833c
[13128.344085] PUF Read:0x00000000 at 0xa0008340
[13128.344146] PUF Read:0x00000000 at 0xa0008344
[13128.344177] PUF Read:0x00000000 at 0xa0008348
[13128.344177] PUF Read:0x00000000 at 0xa000834c
[13128.344177] PUF Read:0x00000000 at 0xa0008350
[13128.344238] PUF Read:0x00000000 at 0xa0008354
[13128.344238] PUF Read:0x00000000 at 0xa0008358
[13128.344299] PUF Read:0x00000000 at 0xa000835c
[13128.344329] PUF Read:0x00010000 at 0xa0008360
[13128.344329] PUF Read:0x00000000 at 0xa0008364
[13128.344329] PUF Read:0x00000000 at 0xa0008368
[13128.344390] PUF Read:0x00000000 at 0xa000836c
[13128.344390] PUF Read:0x00000000 at 0xa0008370
[13128.344390] PUF Read:0x00000000 at 0xa0008374
[13128.344482] PUF Read:0x00000000 at 0xa0008378
[13128.344512] PUF Read:0x00000000 at 0xa000837c
[13128.344512] PUF Read:0x00000000 at 0xa0008380
[13128.344512] PUF Read:0x00000000 at 0xa0008384
[13128.344573] PUF Read:0x00000000 at 0xa0008388
[13128.344573] PUF Read:0x00000000 at 0xa000838c
[13128.344635] PUF Read:0x00000001 at 0xa0008390
[13128.344665] PUF Read:0x00000100 at 0xa0008394
[13128.344665] PUF Read:0x00000000 at 0xa0008398
[13128.344665] PUF Read:0x00000000 at 0xa000839c
[13128.344726] PUF Read:0x00000000 at 0xa00083a0
[13128.344726] PUF Read:0x00000000 at 0xa00083a4
[13128.344787] PUF Read:0x00000000 at 0xa00083a8
[13128.344818] PUF Read:0x00000000 at 0xa00083ac
[13128.344818] PUF Read:0x00000000 at 0xa00083b0
[13128.344818] PUF Read:0x00000000 at 0xa00083b4
[13128.344879] PUF Read:0x00000000 at 0xa00083b8
[13128.344879] PUF Read:0x00000000 at 0xa00083bc
[13128.344940] PUF Read:0x00000000 at 0xa00083c0
[13128.344970] PUF Read:0x04000000 at 0xa00083c4
[13128.344970] PUF Read:0x00000000 at 0xa00083c8
[13128.344970] PUF Read:0x00000000 at 0xa00083cc
[13128.345031] PUF Read:0x00000000 at 0xa00083d0
[13128.345031] PUF Read:0x00010000 at 0xa00083d4
[13128.345092] PUF Read:0x00000000 at 0xa00083d8
[13128.345123] PUF Read:0x00000000 at 0xa00083dc
[13128.345123] PUF Read:0x00100000 at 0xa00083e0
[13128.345123] PUF Read:0x10000000 at 0xa00083e4
[13128.345184] PUF Read:0x00000000 at 0xa00083e8
[13128.345184] PUF Read:0x00000000 at 0xa00083ec
[13128.345245] PUF Read:0x00000000 at 0xa00083f0
[13128.345275] PUF Read:0x00000000 at 0xa00083f4
[13128.345275] PUF Read:0x00000004 at 0xa00083f8
[13128.345275] PUF Read:0x00040000 at 0xa00083fc
[13128.345336] [i] Finished PUF read-out
[13128.345336] <6>[i] Finished PUF query for decaytime: 7680
[13128.345367] [i] Start decaytime: 120
[13128.345367] EMIF 2 REG Write 0x80000000 at 0x4d000010
[13128.345397] EMIF 2 REG Read 0x80000000 at 0x4d000010
[13128.345397] EMIF 2 REG Write 0x80000000 at 0x4d000014
[13128.345428] EMIF 2 REG Read 0x00000000 at 0x4d000014
[13128.345428] EMIF 2 REG Write 0x08016893 at 0x4d0000cc
[13128.345428] EMIF 2 REG Read 0x08016893 at 0x4d0000cc
[13128.345458] Temp polling alert disabled
[13128.345458] Refresh Disabled at EMIF2
[13128.345458] [i] Initialiting PUF & hammer rows
[13128.345489] [i] Single-Sided Rowhammer (SSRH)
[13128.352233] [i] Finished initialiting PUF & hammer rows
[13128.352233] [i]	Timer elapsed since its reset 0 sec
[13128.352264] [i] Decay: 120 sec
[13128.352264] [i]	Relative Decay: 0 msec
