[24306.894134] [i] Total hammer attempts per row: 1863892
[24306.894134] EMIF 2 REG Write 0x00000618 at 0x4d000010
[24306.894134] EMIF 2 REG Read 0x00000618 at 0x4d000010
[24306.894195] EMIF 2 REG Write 0x00000618 at 0x4d000014
[24306.894195] EMIF 2 REG Read 0x00000618 at 0x4d000014
[24306.894226] EMIF 2 REG Write 0x58016893 at 0x4d0000cc
[24306.894226] EMIF 2 REG Read 0x58016893 at 0x4d0000cc
[24306.894256] Temp polling alert enabled
[24306.894256] Refresh enabled at EMIF2
[24306.894256] [i] Starting PUF read-out
[24306.894287] [i] Single-Sided Rowhammer (SSRH)
[24306.894287] PUF Read:0x00000000 at 0xa0008000
[24306.894287] PUF Read:0x00000000 at 0xa0008004
[24306.894287] PUF Read:0x00000000 at 0xa0008008
[24306.894378] PUF Read:0x00000000 at 0xa000800c
[24306.894409] PUF Read:0x00000000 at 0xa0008010
[24306.894409] PUF Read:0x00000100 at 0xa0008014
[24306.894409] PUF Read:0x00000000 at 0xa0008018
[24306.894409] PUF Read:0x00000000 at 0xa000801c
[24306.894409] PUF Read:0x00000000 at 0xa0008020
[24306.894409] PUF Read:0x40004000 at 0xa0008024
[24306.894561] PUF Read:0x00000000 at 0xa0008028
[24306.894561] PUF Read:0x00000000 at 0xa000802c
[24306.894561] PUF Read:0x00000000 at 0xa0008030
[24306.894561] PUF Read:0x00000000 at 0xa0008034
[24306.894653] PUF Read:0x00000000 at 0xa0008038
[24306.894653] PUF Read:0x00000000 at 0xa000803c
[24306.894714] PUF Read:0x00000001 at 0xa0008040
[24306.894744] PUF Read:0x00004000 at 0xa0008044
[24306.894744] PUF Read:0x00000000 at 0xa0008048
[24306.894744] PUF Read:0x00000000 at 0xa000804c
[24306.894805] PUF Read:0x00000000 at 0xa0008050
[24306.894805] PUF Read:0x00000000 at 0xa0008054
[24306.894866] PUF Read:0x00000000 at 0xa0008058
[24306.894897] PUF Read:0x00000000 at 0xa000805c
[24306.894897] PUF Read:0x00000000 at 0xa0008060
[24306.894897] PUF Read:0x00000000 at 0xa0008064
[24306.894958] PUF Read:0x00000000 at 0xa0008068
[24306.894958] PUF Read:0x00000000 at 0xa000806c
[24306.895019] PUF Read:0x00000000 at 0xa0008070
[24306.895050] PUF Read:0x00000000 at 0xa0008074
[24306.895050] PUF Read:0x00000000 at 0xa0008078
[24306.895050] PUF Read:0x00000000 at 0xa000807c
[24306.895050] PUF Read:0x00000000 at 0xa0008080
[24306.895050] PUF Read:0x00000000 at 0xa0008084
[24306.895172] PUF Read:0x00000000 at 0xa0008088
[24306.895172] PUF Read:0x00000000 at 0xa000808c
[24306.895172] PUF Read:0x00000000 at 0xa0008090
[24306.895172] PUF Read:0x00000000 at 0xa0008094
[24306.895263] PUF Read:0x00010000 at 0xa0008098
[24306.895263] PUF Read:0x00000000 at 0xa000809c
[24306.895324] PUF Read:0x00000000 at 0xa00080a0
[24306.895355] PUF Read:0x00000000 at 0xa00080a4
[24306.895355] PUF Read:0x00000000 at 0xa00080a8
[24306.895355] PUF Read:0x00000040 at 0xa00080ac
[24306.895416] PUF Read:0x00000000 at 0xa00080b0
[24306.895416] PUF Read:0x00000000 at 0xa00080b4
[24306.895477] PUF Read:0x00000000 at 0xa00080b8
[24306.895477] PUF Read:0x00000000 at 0xa00080bc
[24306.895477] PUF Read:0x00000000 at 0xa00080c0
[24306.895477] PUF Read:0x00000000 at 0xa00080c4
[24306.895477] PUF Read:0x00000000 at 0xa00080c8
[24306.895477] PUF Read:0x00000000 at 0xa00080cc
[24306.895629] PUF Read:0x40004000 at 0xa00080d0
[24306.895629] PUF Read:0x00000000 at 0xa00080d4
[24306.895629] PUF Read:0x00000000 at 0xa00080d8
[24306.895629] PUF Read:0x00000000 at 0xa00080dc
[24306.895629] PUF Read:0x01000000 at 0xa00080e0
[24306.895629] PUF Read:0x00000000 at 0xa00080e4
[24306.895782] PUF Read:0x00000000 at 0xa00080e8
[24306.895782] PUF Read:0x00000001 at 0xa00080ec
[24306.895782] PUF Read:0x00000000 at 0xa00080f0
[24306.895782] PUF Read:0x00000000 at 0xa00080f4
[24306.895782] PUF Read:0x00000000 at 0xa00080f8
[24306.895904] PUF Read:0x00000000 at 0xa00080fc
[24306.895935] PUF Read:0x00000000 at 0xa0008100
[24306.895935] PUF Read:0x00000000 at 0xa0008104
[24306.895996] PUF Read:0x00000000 at 0xa0008108
[24306.895996] PUF Read:0x00000000 at 0xa000810c
[24306.895996] PUF Read:0x00000000 at 0xa0008110
[24306.896057] PUF Read:0x00000000 at 0xa0008114
[24306.896087] PUF Read:0x00000000 at 0xa0008118
[24306.896087] PUF Read:0x00000000 at 0xa000811c
[24306.896087] PUF Read:0x00000000 at 0xa0008120
[24306.896087] PUF Read:0x00000000 at 0xa0008124
[24306.896179] PUF Read:0x00000000 at 0xa0008128
[24306.896179] PUF Read:0x00000000 at 0xa000812c
[24306.896240] PUF Read:0x00000000 at 0xa0008130
[24306.896270] PUF Read:0x00000000 at 0xa0008134
[24306.896270] PUF Read:0x00000000 at 0xa0008138
[24306.896331] PUF Read:0x00000000 at 0xa000813c
[24306.896331] PUF Read:0x00000000 at 0xa0008140
[24306.896331] PUF Read:0x00000000 at 0xa0008144
[24306.896392] PUF Read:0x00100400 at 0xa0008148
[24306.896423] PUF Read:0x00000000 at 0xa000814c
[24306.896423] PUF Read:0x00000000 at 0xa0008150
[24306.896423] PUF Read:0x00000000 at 0xa0008154
[24306.896423] PUF Read:0x00000000 at 0xa0008158
[24306.896423] PUF Read:0x00000040 at 0xa000815c
[24306.896423] PUF Read:0x00000000 at 0xa0008160
[24306.896575] PUF Read:0x00000000 at 0xa0008164
[24306.896575] PUF Read:0x00000000 at 0xa0008168
[24306.896575] PUF Read:0x00400000 at 0xa000816c
[24306.896575] PUF Read:0x00000000 at 0xa0008170
[24306.896667] PUF Read:0x00000000 at 0xa0008174
[24306.896667] PUF Read:0x00000000 at 0xa0008178
[24306.896728] PUF Read:0x00000000 at 0xa000817c
[24306.896759] PUF Read:0x00000000 at 0xa0008180
[24306.896759] PUF Read:0x00000000 at 0xa0008184
[24306.896759] PUF Read:0x00000000 at 0xa0008188
[24306.896820] PUF Read:0x00000000 at 0xa000818c
[24306.896820] PUF Read:0x00000000 at 0xa0008190
[24306.896881] PUF Read:0x40000000 at 0xa0008194
[24306.896911] PUF Read:0x00000000 at 0xa0008198
[24306.896911] PUF Read:0x00000000 at 0xa000819c
[24306.896911] PUF Read:0x00000000 at 0xa00081a0
[24306.896972] PUF Read:0x00000000 at 0xa00081a4
[24306.896972] PUF Read:0x00000000 at 0xa00081a8
[24306.897033] PUF Read:0x00000000 at 0xa00081ac
[24306.897064] PUF Read:0x00400000 at 0xa00081b0
[24306.897064] PUF Read:0x00000000 at 0xa00081b4
[24306.897064] PUF Read:0x00000000 at 0xa00081b8
[24306.897064] PUF Read:0x00000000 at 0xa00081bc
[24306.897064] PUF Read:0x00000000 at 0xa00081c0
[24306.897064] PUF Read:0x00000004 at 0xa00081c4
[24306.897216] PUF Read:0x00000000 at 0xa00081c8
[24306.897216] PUF Read:0x00000000 at 0xa00081cc
[24306.897216] PUF Read:0x10000000 at 0xa00081d0
[24306.897216] PUF Read:0x00000000 at 0xa00081d4
[24306.897308] PUF Read:0x00000000 at 0xa00081d8
[24306.897308] PUF Read:0x00000000 at 0xa00081dc
[24306.897369] PUF Read:0x00000000 at 0xa00081e0
[24306.897399] PUF Read:0x00000040 at 0xa00081e4
[24306.897399] PUF Read:0x00000000 at 0xa00081e8
[24306.897399] PUF Read:0x00000000 at 0xa00081ec
[24306.897460] PUF Read:0x00000000 at 0xa00081f0
[24306.897460] PUF Read:0x00000400 at 0xa00081f4
[24306.897521] PUF Read:0x00000000 at 0xa00081f8
[24306.897552] PUF Read:0x00000000 at 0xa00081fc
[24306.897552] PUF Read:0x00000000 at 0xa0008200
[24306.897552] PUF Read:0x00000000 at 0xa0008204
[24306.897613] PUF Read:0x00000000 at 0xa0008208
[24306.897613] PUF Read:0x00000000 at 0xa000820c
[24306.897613] PUF Read:0x00000000 at 0xa0008210
[24306.897705] PUF Read:0x00000000 at 0xa0008214
[24306.897705] PUF Read:0x00000000 at 0xa0008218
[24306.897705] PUF Read:0x00000000 at 0xa000821c
[24306.897705] PUF Read:0x00000000 at 0xa0008220
[24306.897705] PUF Read:0x00000000 at 0xa0008224
[24306.897705] PUF Read:0x00000000 at 0xa0008228
[24306.897857] PUF Read:0x00000000 at 0xa000822c
[24306.897857] PUF Read:0x00000000 at 0xa0008230
[24306.897857] PUF Read:0x00400000 at 0xa0008234
[24306.897857] PUF Read:0x00000000 at 0xa0008238
[24306.897949] PUF Read:0x00000000 at 0xa000823c
[24306.897949] PUF Read:0x00000000 at 0xa0008240
[24306.898010] PUF Read:0x00000000 at 0xa0008244
[24306.898040] PUF Read:0x00000000 at 0xa0008248
[24306.898040] PUF Read:0x00000000 at 0xa000824c
[24306.898040] PUF Read:0x00000000 at 0xa0008250
[24306.898101] PUF Read:0x00100000 at 0xa0008254
[24306.898101] PUF Read:0x00000000 at 0xa0008258
[24306.898162] PUF Read:0x00000000 at 0xa000825c
[24306.898193] PUF Read:0x00000000 at 0xa0008260
[24306.898193] PUF Read:0x00000000 at 0xa0008264
[24306.898193] PUF Read:0x00000000 at 0xa0008268
[24306.898254] PUF Read:0x00000000 at 0xa000826c
[24306.898254] PUF Read:0x00000000 at 0xa0008270
[24306.898315] PUF Read:0x00000000 at 0xa0008274
[24306.898345] PUF Read:0x00000000 at 0xa0008278
[24306.898345] PUF Read:0x00000000 at 0xa000827c
[24306.898406] PUF Read:0x00000000 at 0xa0008280
[24306.898406] PUF Read:0x00000000 at 0xa0008284
[24306.898406] PUF Read:0x00000000 at 0xa0008288
[24306.898468] PUF Read:0x00000000 at 0xa000828c
[24306.898498] PUF Read:0x00000000 at 0xa0008290
[24306.898498] PUF Read:0x00000000 at 0xa0008294
[24306.898559] PUF Read:0x00000000 at 0xa0008298
[24306.898559] PUF Read:0x00000000 at 0xa000829c
[24306.898559] PUF Read:0x00000000 at 0xa00082a0
[24306.898620] PUF Read:0x00001000 at 0xa00082a4
[24306.898651] PUF Read:0x00000000 at 0xa00082a8
[24306.898651] PUF Read:0x00000000 at 0xa00082ac
[24306.898712] PUF Read:0x00000000 at 0xa00082b0
[24306.898712] PUF Read:0x00000000 at 0xa00082b4
[24306.898712] PUF Read:0x00000040 at 0xa00082b8
[24306.898773] PUF Read:0x00000000 at 0xa00082bc
[24306.898803] PUF Read:0x00000000 at 0xa00082c0
[24306.898803] PUF Read:0x00000000 at 0xa00082c4
[24306.898803] PUF Read:0x10000000 at 0xa00082c8
[24306.898803] PUF Read:0x00000000 at 0xa00082cc
[24306.898803] PUF Read:0x00000000 at 0xa00082d0
[24306.898803] PUF Read:0x00000000 at 0xa00082d4
[24306.898956] PUF Read:0x00000000 at 0xa00082d8
[24306.898956] PUF Read:0x00000000 at 0xa00082dc
[24306.898956] PUF Read:0x00000000 at 0xa00082e0
[24306.898956] PUF Read:0x00000400 at 0xa00082e4
[24306.898956] PUF Read:0x00000000 at 0xa00082e8
[24306.898956] PUF Read:0x00000000 at 0xa00082ec
[24306.899108] PUF Read:0x00000000 at 0xa00082f0
[24306.899108] PUF Read:0x00000000 at 0xa00082f4
[24306.899108] PUF Read:0x00000000 at 0xa00082f8
[24306.899108] PUF Read:0x00000000 at 0xa00082fc
[24306.899200] PUF Read:0x00000000 at 0xa0008300
[24306.899200] PUF Read:0x00000000 at 0xa0008304
[24306.899261] PUF Read:0x00000000 at 0xa0008308
[24306.899291] PUF Read:0x00000000 at 0xa000830c
[24306.899291] PUF Read:0x00000000 at 0xa0008310
[24306.899291] PUF Read:0x00000000 at 0xa0008314
[24306.899353] PUF Read:0x01000000 at 0xa0008318
[24306.899353] PUF Read:0x10000000 at 0xa000831c
[24306.899414] PUF Read:0x00000000 at 0xa0008320
[24306.899444] PUF Read:0x00000000 at 0xa0008324
[24306.899444] PUF Read:0x00000000 at 0xa0008328
[24306.899444] PUF Read:0x00000000 at 0xa000832c
[24306.899505] PUF Read:0x00000004 at 0xa0008330
[24306.899505] PUF Read:0x00000000 at 0xa0008334
[24306.899566] PUF Read:0x00000000 at 0xa0008338
[24306.899597] PUF Read:0x00000000 at 0xa000833c
[24306.899597] PUF Read:0x00000000 at 0xa0008340
[24306.899597] PUF Read:0x00000000 at 0xa0008344
[24306.899658] PUF Read:0x00000000 at 0xa0008348
[24306.899658] PUF Read:0x00000000 at 0xa000834c
[24306.899719] PUF Read:0x00000000 at 0xa0008350
[24306.899749] PUF Read:0x00000000 at 0xa0008354
[24306.899749] PUF Read:0x00000000 at 0xa0008358
[24306.899749] PUF Read:0x00000000 at 0xa000835c
[24306.899810] PUF Read:0x00010000 at 0xa0008360
[24306.899810] PUF Read:0x00000000 at 0xa0008364
[24306.899871] PUF Read:0x00000000 at 0xa0008368
[24306.899902] PUF Read:0x00000000 at 0xa000836c
[24306.899902] PUF Read:0x00000000 at 0xa0008370
[24306.899902] PUF Read:0x00000000 at 0xa0008374
[24306.899963] PUF Read:0x00000000 at 0xa0008378
[24306.899963] PUF Read:0x00000000 at 0xa000837c
[24306.900024] PUF Read:0x00000000 at 0xa0008380
[24306.900054] PUF Read:0x00000000 at 0xa0008384
[24306.900054] PUF Read:0x00000000 at 0xa0008388
[24306.900115] PUF Read:0x00000000 at 0xa000838c
[24306.900115] PUF Read:0x00000000 at 0xa0008390
[24306.900115] PUF Read:0x00000000 at 0xa0008394
[24306.900115] PUF Read:0x00000000 at 0xa0008398
[24306.900207] PUF Read:0x00000000 at 0xa000839c
[24306.900207] PUF Read:0x00000000 at 0xa00083a0
[24306.900268] PUF Read:0x00000000 at 0xa00083a4
[24306.900268] PUF Read:0x00000000 at 0xa00083a8
[24306.900268] PUF Read:0x00000000 at 0xa00083ac
[24306.900329] PUF Read:0x00000000 at 0xa00083b0
[24306.900360] PUF Read:0x00000000 at 0xa00083b4
[24306.900360] PUF Read:0x00000000 at 0xa00083b8
[24306.900421] PUF Read:0x00000000 at 0xa00083bc
[24306.900421] PUF Read:0x00000000 at 0xa00083c0
[24306.900421] PUF Read:0x00000000 at 0xa00083c4
[24306.900482] PUF Read:0x00000000 at 0xa00083c8
[24306.900512] PUF Read:0x00000000 at 0xa00083cc
[24306.900512] PUF Read:0x00000000 at 0xa00083d0
[24306.900512] PUF Read:0x00010000 at 0xa00083d4
[24306.900512] PUF Read:0x00000000 at 0xa00083d8
[24306.900512] PUF Read:0x00000000 at 0xa00083dc
[24306.900512] PUF Read:0x00100000 at 0xa00083e0
[24306.900665] PUF Read:0x00000000 at 0xa00083e4
[24306.900665] PUF Read:0x00000000 at 0xa00083e8
[24306.900665] PUF Read:0x00000000 at 0xa00083ec
[24306.900665] PUF Read:0x00000000 at 0xa00083f0
[24306.900756] PUF Read:0x00000000 at 0xa00083f4
[24306.900756] PUF Read:0x00000004 at 0xa00083f8
[24306.900817] PUF Read:0x00040000 at 0xa00083fc
[24306.900848] [i] Finished PUF read-out
[24306.900848] <6>[i] Finished PUF query for decaytime: 7680
[24306.900848] [i] Start decaytime: 120
[24306.900878] EMIF 2 REG Write 0x80000000 at 0x4d000010
[24306.900878] EMIF 2 REG Read 0x80000000 at 0x4d000010
[24306.900939] EMIF 2 REG Write 0x80000000 at 0x4d000014
[24306.900939] EMIF 2 REG Read 0x00000000 at 0x4d000014
[24306.900970] EMIF 2 REG Write 0x08016893 at 0x4d0000cc
[24306.900970] EMIF 2 REG Read 0x08016893 at 0x4d0000cc
[24306.900970] Temp polling alert disabled
[24306.901000] Refresh Disabled at EMIF2
[24306.901000] [i] Initialiting PUF & hammer rows
[24306.901000] [i] Single-Sided Rowhammer (SSRH)
[24306.907684] [i] Finished initialiting PUF & hammer rows
[24306.907684] [i]	Timer elapsed since its reset 0 sec
[24306.907684] [i] Decay: 120 sec
[24306.907714] [i]	Relative Decay: 0 msec
