[12588.291534] [i] Total hammer attempts per row: 1863745
[12588.291564] EMIF 2 REG Write 0x00000618 at 0x4d000010
[12588.291595] EMIF 2 REG Read 0x00000618 at 0x4d000010
[12588.291595] EMIF 2 REG Write 0x00000618 at 0x4d000014
[12588.291625] EMIF 2 REG Read 0x00000618 at 0x4d000014
[12588.291625] EMIF 2 REG Write 0x58016893 at 0x4d0000cc
[12588.291625] EMIF 2 REG Read 0x58016893 at 0x4d0000cc
[12588.291656] Temp polling alert enabled
[12588.291656] Refresh enabled at EMIF2
[12588.291656] [i] Starting PUF read-out
[12588.291687] [i] Single-Sided Rowhammer (SSRH)
[12588.291687] PUF Read:0x00000000 at 0xa0008000
[12588.291687] PUF Read:0x00000000 at 0xa0008004
[12588.291687] PUF Read:0x00000000 at 0xa0008008
[12588.291687] PUF Read:0x00000000 at 0xa000800c
[12588.291809] PUF Read:0x00000000 at 0xa0008010
[12588.291839] PUF Read:0x00000100 at 0xa0008014
[12588.291839] PUF Read:0x00000000 at 0xa0008018
[12588.291839] PUF Read:0x00000000 at 0xa000801c
[12588.291839] PUF Read:0x00000000 at 0xa0008020
[12588.291839] PUF Read:0x40004000 at 0xa0008024
[12588.291839] PUF Read:0x00000000 at 0xa0008028
[12588.291839] PUF Read:0x00000000 at 0xa000802c
[12588.292022] PUF Read:0x00000000 at 0xa0008030
[12588.292053] PUF Read:0x00000000 at 0xa0008034
[12588.292053] PUF Read:0x00000000 at 0xa0008038
[12588.292053] PUF Read:0x00000000 at 0xa000803c
[12588.292114] PUF Read:0x00000001 at 0xa0008040
[12588.292114] PUF Read:0x00004000 at 0xa0008044
[12588.292175] PUF Read:0x00000000 at 0xa0008048
[12588.292205] PUF Read:0x00000000 at 0xa000804c
[12588.292205] PUF Read:0x00000000 at 0xa0008050
[12588.292205] PUF Read:0x00000000 at 0xa0008054
[12588.292266] PUF Read:0x00000000 at 0xa0008058
[12588.292266] PUF Read:0x00000000 at 0xa000805c
[12588.292327] PUF Read:0x00000000 at 0xa0008060
[12588.292358] PUF Read:0x00000000 at 0xa0008064
[12588.292358] PUF Read:0x00000000 at 0xa0008068
[12588.292419] PUF Read:0x00000000 at 0xa000806c
[12588.292419] PUF Read:0x00000000 at 0xa0008070
[12588.292419] PUF Read:0x00000000 at 0xa0008074
[12588.292480] PUF Read:0x00000000 at 0xa0008078
[12588.292510] PUF Read:0x00000000 at 0xa000807c
[12588.292510] PUF Read:0x00000000 at 0xa0008080
[12588.292510] PUF Read:0x00000000 at 0xa0008084
[12588.292572] PUF Read:0x00000000 at 0xa0008088
[12588.292572] PUF Read:0x00000000 at 0xa000808c
[12588.292633] PUF Read:0x00000000 at 0xa0008090
[12588.292663] PUF Read:0x00000000 at 0xa0008094
[12588.292663] PUF Read:0x00010000 at 0xa0008098
[12588.292663] PUF Read:0x00000000 at 0xa000809c
[12588.292724] PUF Read:0x00000000 at 0xa00080a0
[12588.292724] PUF Read:0x00000000 at 0xa00080a4
[12588.292785] PUF Read:0x00000000 at 0xa00080a8
[12588.292816] PUF Read:0x00000040 at 0xa00080ac
[12588.292816] PUF Read:0x00000000 at 0xa00080b0
[12588.292816] PUF Read:0x00000000 at 0xa00080b4
[12588.292877] PUF Read:0x00004000 at 0xa00080b8
[12588.292877] PUF Read:0x00000000 at 0xa00080bc
[12588.292938] PUF Read:0x00000000 at 0xa00080c0
[12588.292968] PUF Read:0x00000000 at 0xa00080c4
[12588.292968] PUF Read:0x00000000 at 0xa00080c8
[12588.292968] PUF Read:0x00000000 at 0xa00080cc
[12588.293029] PUF Read:0x40044000 at 0xa00080d0
[12588.293029] PUF Read:0x00000000 at 0xa00080d4
[12588.293090] PUF Read:0x00000000 at 0xa00080d8
[12588.293121] PUF Read:0x00000000 at 0xa00080dc
[12588.293121] PUF Read:0x01000000 at 0xa00080e0
[12588.293121] PUF Read:0x00000000 at 0xa00080e4
[12588.293182] PUF Read:0x00000000 at 0xa00080e8
[12588.293182] PUF Read:0x00000001 at 0xa00080ec
[12588.293243] PUF Read:0x00000000 at 0xa00080f0
[12588.293273] PUF Read:0x00000000 at 0xa00080f4
[12588.293273] PUF Read:0x00000100 at 0xa00080f8
[12588.293273] PUF Read:0x00000000 at 0xa00080fc
[12588.293334] PUF Read:0x00000000 at 0xa0008100
[12588.293334] PUF Read:0x00000000 at 0xa0008104
[12588.293334] PUF Read:0x00000000 at 0xa0008108
[12588.293426] PUF Read:0x00000000 at 0xa000810c
[12588.293457] PUF Read:0x00000000 at 0xa0008110
[12588.293457] PUF Read:0x00000000 at 0xa0008114
[12588.293457] PUF Read:0x00000000 at 0xa0008118
[12588.293518] PUF Read:0x00000000 at 0xa000811c
[12588.293518] PUF Read:0x00000000 at 0xa0008120
[12588.293579] PUF Read:0x00000000 at 0xa0008124
[12588.293609] PUF Read:0x00000040 at 0xa0008128
[12588.293609] PUF Read:0x00000000 at 0xa000812c
[12588.293670] PUF Read:0x00000000 at 0xa0008130
[12588.293670] PUF Read:0x00000000 at 0xa0008134
[12588.293670] PUF Read:0x00000000 at 0xa0008138
[12588.293731] PUF Read:0x00000000 at 0xa000813c
[12588.293762] PUF Read:0x00000400 at 0xa0008140
[12588.293762] PUF Read:0x00000000 at 0xa0008144
[12588.293762] PUF Read:0x00100400 at 0xa0008148
[12588.293762] PUF Read:0x00000000 at 0xa000814c
[12588.293762] PUF Read:0x00000000 at 0xa0008150
[12588.293884] PUF Read:0x00000000 at 0xa0008154
[12588.293914] PUF Read:0x00000000 at 0xa0008158
[12588.293914] PUF Read:0x00000040 at 0xa000815c
[12588.293914] PUF Read:0x00000000 at 0xa0008160
[12588.293914] PUF Read:0x00000000 at 0xa0008164
[12588.293914] PUF Read:0x00000000 at 0xa0008168
[12588.293914] PUF Read:0x00400000 at 0xa000816c
[12588.294067] PUF Read:0x00000000 at 0xa0008170
[12588.294067] PUF Read:0x00000000 at 0xa0008174
[12588.294128] PUF Read:0x00000000 at 0xa0008178
[12588.294128] PUF Read:0x00000000 at 0xa000817c
[12588.294128] PUF Read:0x00000000 at 0xa0008180
[12588.294189] PUF Read:0x00000000 at 0xa0008184
[12588.294219] PUF Read:0x00000000 at 0xa0008188
[12588.294219] PUF Read:0x00000000 at 0xa000818c
[12588.294219] PUF Read:0x00000000 at 0xa0008190
[12588.294281] PUF Read:0x40000000 at 0xa0008194
[12588.294281] PUF Read:0x00000000 at 0xa0008198
[12588.294342] PUF Read:0x00000000 at 0xa000819c
[12588.294372] PUF Read:0x00000000 at 0xa00081a0
[12588.294372] PUF Read:0x00000000 at 0xa00081a4
[12588.294433] PUF Read:0x00000000 at 0xa00081a8
[12588.294433] PUF Read:0x00000000 at 0xa00081ac
[12588.294433] PUF Read:0x00410000 at 0xa00081b0
[12588.294494] PUF Read:0x00000000 at 0xa00081b4
[12588.294525] PUF Read:0x00000000 at 0xa00081b8
[12588.294525] PUF Read:0x00000000 at 0xa00081bc
[12588.294525] PUF Read:0x00000000 at 0xa00081c0
[12588.294586] PUF Read:0x00000004 at 0xa00081c4
[12588.294586] PUF Read:0x00000000 at 0xa00081c8
[12588.294647] PUF Read:0x00000000 at 0xa00081cc
[12588.294677] PUF Read:0x10000000 at 0xa00081d0
[12588.294677] PUF Read:0x00000000 at 0xa00081d4
[12588.294677] PUF Read:0x00000000 at 0xa00081d8
[12588.294738] PUF Read:0x00000000 at 0xa00081dc
[12588.294738] PUF Read:0x00000000 at 0xa00081e0
[12588.294799] PUF Read:0x00000040 at 0xa00081e4
[12588.294830] PUF Read:0x00000000 at 0xa00081e8
[12588.294830] PUF Read:0x00000000 at 0xa00081ec
[12588.294830] PUF Read:0x00000000 at 0xa00081f0
[12588.294891] PUF Read:0x00000400 at 0xa00081f4
[12588.294891] PUF Read:0x00000000 at 0xa00081f8
[12588.294891] PUF Read:0x00000000 at 0xa00081fc
[12588.294982] PUF Read:0x00000000 at 0xa0008200
[12588.295013] PUF Read:0x00000000 at 0xa0008204
[12588.295013] PUF Read:0x00000000 at 0xa0008208
[12588.295013] PUF Read:0x00000000 at 0xa000820c
[12588.295074] PUF Read:0x00000000 at 0xa0008210
[12588.295074] PUF Read:0x00000000 at 0xa0008214
[12588.295135] PUF Read:0x00000000 at 0xa0008218
[12588.295166] PUF Read:0x00000000 at 0xa000821c
[12588.295166] PUF Read:0x00000000 at 0xa0008220
[12588.295166] PUF Read:0x00000000 at 0xa0008224
[12588.295227] PUF Read:0x00000000 at 0xa0008228
[12588.295227] PUF Read:0x00000000 at 0xa000822c
[12588.295288] PUF Read:0x00000000 at 0xa0008230
[12588.295318] PUF Read:0x00400000 at 0xa0008234
[12588.295318] PUF Read:0x00000000 at 0xa0008238
[12588.295318] PUF Read:0x00000000 at 0xa000823c
[12588.295379] PUF Read:0x00000000 at 0xa0008240
[12588.295379] PUF Read:0x00000000 at 0xa0008244
[12588.295440] PUF Read:0x00000000 at 0xa0008248
[12588.295471] PUF Read:0x00000000 at 0xa000824c
[12588.295471] PUF Read:0x00000000 at 0xa0008250
[12588.295471] PUF Read:0x00100000 at 0xa0008254
[12588.295532] PUF Read:0x00000000 at 0xa0008258
[12588.295532] PUF Read:0x00040000 at 0xa000825c
[12588.295593] PUF Read:0x00000000 at 0xa0008260
[12588.295623] PUF Read:0x00000000 at 0xa0008264
[12588.295623] PUF Read:0x00000000 at 0xa0008268
[12588.295623] PUF Read:0x00000000 at 0xa000826c
[12588.295684] PUF Read:0x00000000 at 0xa0008270
[12588.295684] PUF Read:0x00000000 at 0xa0008274
[12588.295745] PUF Read:0x00000000 at 0xa0008278
[12588.295776] PUF Read:0x00000000 at 0xa000827c
[12588.295776] PUF Read:0x00000000 at 0xa0008280
[12588.295776] PUF Read:0x00000000 at 0xa0008284
[12588.295837] PUF Read:0x00000000 at 0xa0008288
[12588.295837] PUF Read:0x00000000 at 0xa000828c
[12588.295898] PUF Read:0x00000000 at 0xa0008290
[12588.295928] PUF Read:0x00000000 at 0xa0008294
[12588.295928] PUF Read:0x00000000 at 0xa0008298
[12588.295928] PUF Read:0x00000000 at 0xa000829c
[12588.295989] PUF Read:0x00000000 at 0xa00082a0
[12588.295989] PUF Read:0x00001000 at 0xa00082a4
[12588.296051] PUF Read:0x00000000 at 0xa00082a8
[12588.296081] PUF Read:0x00000000 at 0xa00082ac
[12588.296081] PUF Read:0x00000000 at 0xa00082b0
[12588.296081] PUF Read:0x00000000 at 0xa00082b4
[12588.296142] PUF Read:0x00000040 at 0xa00082b8
[12588.296142] PUF Read:0x00000000 at 0xa00082bc
[12588.296203] PUF Read:0x00000000 at 0xa00082c0
[12588.296234] PUF Read:0x00000000 at 0xa00082c4
[12588.296234] PUF Read:0x10000000 at 0xa00082c8
[12588.296234] PUF Read:0x00000000 at 0xa00082cc
[12588.296295] PUF Read:0x00100000 at 0xa00082d0
[12588.296295] PUF Read:0x00000000 at 0xa00082d4
[12588.296356] PUF Read:0x00000000 at 0xa00082d8
[12588.296386] PUF Read:0x00000000 at 0xa00082dc
[12588.296386] PUF Read:0x00000000 at 0xa00082e0
[12588.296386] PUF Read:0x00000400 at 0xa00082e4
[12588.296447] PUF Read:0x00000000 at 0xa00082e8
[12588.296447] PUF Read:0x00000001 at 0xa00082ec
[12588.296447] PUF Read:0x00000000 at 0xa00082f0
[12588.296539] PUF Read:0x00000000 at 0xa00082f4
[12588.296539] PUF Read:0x00000000 at 0xa00082f8
[12588.296539] PUF Read:0x00000000 at 0xa00082fc
[12588.296539] PUF Read:0x00000000 at 0xa0008300
[12588.296539] PUF Read:0x00000000 at 0xa0008304
[12588.296539] PUF Read:0x00000000 at 0xa0008308
[12588.296691] PUF Read:0x00000000 at 0xa000830c
[12588.296691] PUF Read:0x00000000 at 0xa0008310
[12588.296691] PUF Read:0x00000000 at 0xa0008314
[12588.296691] PUF Read:0x01000000 at 0xa0008318
[12588.296691] PUF Read:0x10000000 at 0xa000831c
[12588.296691] PUF Read:0x00000000 at 0xa0008320
[12588.296844] PUF Read:0x00000000 at 0xa0008324
[12588.296844] PUF Read:0x00000000 at 0xa0008328
[12588.296844] PUF Read:0x00000000 at 0xa000832c
[12588.296844] PUF Read:0x00000004 at 0xa0008330
[12588.296936] PUF Read:0x00000000 at 0xa0008334
[12588.296936] PUF Read:0x00000000 at 0xa0008338
[12588.296997] PUF Read:0x00000000 at 0xa000833c
[12588.297027] PUF Read:0x00000000 at 0xa0008340
[12588.297027] PUF Read:0x00000000 at 0xa0008344
[12588.297027] PUF Read:0x00000000 at 0xa0008348
[12588.297088] PUF Read:0x00000000 at 0xa000834c
[12588.297088] PUF Read:0x00000000 at 0xa0008350
[12588.297149] PUF Read:0x00000000 at 0xa0008354
[12588.297180] PUF Read:0x00000000 at 0xa0008358
[12588.297180] PUF Read:0x00000000 at 0xa000835c
[12588.297180] PUF Read:0x00010000 at 0xa0008360
[12588.297241] PUF Read:0x00000000 at 0xa0008364
[12588.297241] PUF Read:0x00000000 at 0xa0008368
[12588.297302] PUF Read:0x00000000 at 0xa000836c
[12588.297332] PUF Read:0x00000000 at 0xa0008370
[12588.297332] PUF Read:0x00000000 at 0xa0008374
[12588.297332] PUF Read:0x00000000 at 0xa0008378
[12588.297393] PUF Read:0x00000000 at 0xa000837c
[12588.297393] PUF Read:0x00000000 at 0xa0008380
[12588.297454] PUF Read:0x00000000 at 0xa0008384
[12588.297485] PUF Read:0x00000000 at 0xa0008388
[12588.297485] PUF Read:0x00000000 at 0xa000838c
[12588.297485] PUF Read:0x00000001 at 0xa0008390
[12588.297546] PUF Read:0x00000100 at 0xa0008394
[12588.297546] PUF Read:0x00000000 at 0xa0008398
[12588.297607] PUF Read:0x00000000 at 0xa000839c
[12588.297637] PUF Read:0x00000000 at 0xa00083a0
[12588.297637] PUF Read:0x00000000 at 0xa00083a4
[12588.297637] PUF Read:0x00000000 at 0xa00083a8
[12588.297698] PUF Read:0x00000000 at 0xa00083ac
[12588.297698] PUF Read:0x00000000 at 0xa00083b0
[12588.297760] PUF Read:0x00000000 at 0xa00083b4
[12588.297760] PUF Read:0x00000000 at 0xa00083b8
[12588.297760] PUF Read:0x00000000 at 0xa00083bc
[12588.297760] PUF Read:0x00000000 at 0xa00083c0
[12588.297760] PUF Read:0x04000000 at 0xa00083c4
[12588.297760] PUF Read:0x00000000 at 0xa00083c8
[12588.297912] PUF Read:0x00000000 at 0xa00083cc
[12588.297912] PUF Read:0x00000000 at 0xa00083d0
[12588.297912] PUF Read:0x00010000 at 0xa00083d4
[12588.297912] PUF Read:0x00000000 at 0xa00083d8
[12588.297912] PUF Read:0x00000000 at 0xa00083dc
[12588.297912] PUF Read:0x00100000 at 0xa00083e0
[12588.297912] PUF Read:0x10000000 at 0xa00083e4
[12588.298095] PUF Read:0x00000000 at 0xa00083e8
[12588.298095] PUF Read:0x00000000 at 0xa00083ec
[12588.298095] PUF Read:0x00000000 at 0xa00083f0
[12588.298095] PUF Read:0x00000000 at 0xa00083f4
[12588.298095] PUF Read:0x00000004 at 0xa00083f8
[12588.298095] PUF Read:0x00040000 at 0xa00083fc
[12588.298248] [i] Finished PUF read-out
[12588.298248] <6>[i] Finished PUF query for decaytime: 7680
[12588.298248] [i] Start decaytime: 120
[12588.298278] EMIF 2 REG Write 0x80000000 at 0x4d000010
[12588.298278] EMIF 2 REG Read 0x80000000 at 0x4d000010
[12588.298309] EMIF 2 REG Write 0x80000000 at 0x4d000014
[12588.298309] EMIF 2 REG Read 0x00000000 at 0x4d000014
[12588.298339] EMIF 2 REG Write 0x08016893 at 0x4d0000cc
[12588.298339] EMIF 2 REG Read 0x08016893 at 0x4d0000cc
[12588.298339] Temp polling alert disabled
[12588.298370] Refresh Disabled at EMIF2
[12588.298370] [i] Initialiting PUF & hammer rows
[12588.298370] [i] Single-Sided Rowhammer (SSRH)
[12588.299316] [i] Finished initialiting PUF & hammer rows
[12588.306243] [i]	Timer elapsed since its reset 0 sec
[12588.306243] [i] Decay: 120 sec
[12588.306243] [i]	Relative Decay: 0 msec
