[43423.705718] [i] Total hammer attempts per row: 1863597
[43423.705718] EMIF 2 REG Write 0x00000618 at 0x4d000010
[43423.705718] EMIF 2 REG Read 0x00000618 at 0x4d000010
[43423.705780] EMIF 2 REG Write 0x00000618 at 0x4d000014
[43423.705780] EMIF 2 REG Read 0x00000618 at 0x4d000014
[43423.705810] EMIF 2 REG Write 0x58016893 at 0x4d0000cc
[43423.705810] EMIF 2 REG Read 0x58016893 at 0x4d0000cc
[43423.705810] Temp polling alert enabled
[43423.705841] Refresh enabled at EMIF2
[43423.705841] [i] Starting PUF read-out
[43423.705841] [i] Single-Sided Rowhammer (SSRH)
[43423.705871] PUF Read:0xaaaaaaaa at 0xa0008000
[43423.705871] PUF Read:0xaaaaaaaa at 0xa0008004
[43423.705871] PUF Read:0xaaaaaaaa at 0xa0008008
[43423.705871] PUF Read:0xaaaaaaaa at 0xa000800c
[43423.705871] PUF Read:0xaaaaaaaa at 0xa0008010
[43423.705993] PUF Read:0xaaaaabaa at 0xa0008014
[43423.705993] PUF Read:0xaaaaaaaa at 0xa0008018
[43423.706054] PUF Read:0xaaaaaaaa at 0xa000801c
[43423.706085] PUF Read:0xaaaaaaaa at 0xa0008020
[43423.706085] PUF Read:0xaaaaaaaa at 0xa0008024
[43423.706085] PUF Read:0xaaaaaaaa at 0xa0008028
[43423.706085] PUF Read:0xaaaaaaaa at 0xa000802c
[43423.706176] PUF Read:0xaaaaaaaa at 0xa0008030
[43423.706176] PUF Read:0xaaaaaaaa at 0xa0008034
[43423.706237] PUF Read:0xaaaaaaaa at 0xa0008038
[43423.706268] PUF Read:0xaaaaaaaa at 0xa000803c
[43423.706268] PUF Read:0xaaaaaaab at 0xa0008040
[43423.706268] PUF Read:0xaaaaeaaa at 0xa0008044
[43423.706268] PUF Read:0xaaaaaaaa at 0xa0008048
[43423.706268] PUF Read:0xaaaaaaaa at 0xa000804c
[43423.706268] PUF Read:0xaaaaaaaa at 0xa0008050
[43423.706420] PUF Read:0xaaaaaaaa at 0xa0008054
[43423.706451] PUF Read:0xaaaaaaaa at 0xa0008058
[43423.706451] PUF Read:0xaaaaaaaa at 0xa000805c
[43423.706451] PUF Read:0xaaaaaaaa at 0xa0008060
[43423.706512] PUF Read:0xaaaa2aaa at 0xa0008064
[43423.706512] PUF Read:0xaaaaaaaa at 0xa0008068
[43423.706573] PUF Read:0xaaaaaaaa at 0xa000806c
[43423.706604] PUF Read:0xaaaaaaaa at 0xa0008070
[43423.706604] PUF Read:0xaaaaaaaa at 0xa0008074
[43423.706604] PUF Read:0xaaaaaaaa at 0xa0008078
[43423.706665] PUF Read:0xaaaaaaaa at 0xa000807c
[43423.706665] PUF Read:0xaaaaaaaa at 0xa0008080
[43423.706726] PUF Read:0xaaaaaaaa at 0xa0008084
[43423.706756] PUF Read:0xaaaaaaaa at 0xa0008088
[43423.706756] PUF Read:0xaaaaaaaa at 0xa000808c
[43423.706756] PUF Read:0xaaaa8aaa at 0xa0008090
[43423.706817] PUF Read:0xaaaaaaaa at 0xa0008094
[43423.706817] PUF Read:0x2aabaaaa at 0xa0008098
[43423.706878] PUF Read:0xaaaaaaaa at 0xa000809c
[43423.706909] PUF Read:0xaaaaaaaa at 0xa00080a0
[43423.706909] PUF Read:0xaaaaaaaa at 0xa00080a4
[43423.706909] PUF Read:0xaaaaaaaa at 0xa00080a8
[43423.706909] PUF Read:0xaaaaaaaa at 0xa00080ac
[43423.707000] PUF Read:0xaaaaaaaa at 0xa00080b0
[43423.707000] PUF Read:0xaa2aaaaa at 0xa00080b4
[43423.707061] PUF Read:0xaaaaaaaa at 0xa00080b8
[43423.707092] PUF Read:0x8aaaaaaa at 0xa00080bc
[43423.707092] PUF Read:0xaaaaaaaa at 0xa00080c0
[43423.707092] PUF Read:0xaaaaaaaa at 0xa00080c4
[43423.707153] PUF Read:0xaaa2aaaa at 0xa00080c8
[43423.707153] PUF Read:0xaaaaaaaa at 0xa00080cc
[43423.707214] PUF Read:0xaaaaaaaa at 0xa00080d0
[43423.707244] PUF Read:0xaaaaaaaa at 0xa00080d4
[43423.707244] PUF Read:0xaaaaaaaa at 0xa00080d8
[43423.707244] PUF Read:0xaaaaaaaa at 0xa00080dc
[43423.707305] PUF Read:0xaaaaaaaa at 0xa00080e0
[43423.707305] PUF Read:0xaaaaaaaa at 0xa00080e4
[43423.707366] PUF Read:0xaaaaaaaa at 0xa00080e8
[43423.707397] PUF Read:0xaaaaaaab at 0xa00080ec
[43423.707397] PUF Read:0x8aaaaaaa at 0xa00080f0
[43423.707397] PUF Read:0xaaaaaaaa at 0xa00080f4
[43423.707458] PUF Read:0xaaaaaaaa at 0xa00080f8
[43423.707458] PUF Read:0xaaaaaaaa at 0xa00080fc
[43423.707519] PUF Read:0xaaaaaaaa at 0xa0008100
[43423.707550] PUF Read:0xaaaaaaaa at 0xa0008104
[43423.707550] PUF Read:0xaaaaaaaa at 0xa0008108
[43423.707550] PUF Read:0xaaaaaaaa at 0xa000810c
[43423.707611] PUF Read:0xaaaaaaaa at 0xa0008110
[43423.707611] PUF Read:0xaaaaaaaa at 0xa0008114
[43423.707611] PUF Read:0xaaaaaaaa at 0xa0008118
[43423.707702] PUF Read:0xaaaaaaaa at 0xa000811c
[43423.707702] PUF Read:0xaaaaaaaa at 0xa0008120
[43423.707702] PUF Read:0xaaaaaaaa at 0xa0008124
[43423.707702] PUF Read:0xaaaaaaaa at 0xa0008128
[43423.707702] PUF Read:0xaaaaaaaa at 0xa000812c
[43423.707702] PUF Read:0xaaaaaaaa at 0xa0008130
[43423.707855] PUF Read:0xaaaaaaaa at 0xa0008134
[43423.707855] PUF Read:0xaa8aaaaa at 0xa0008138
[43423.707855] PUF Read:0xaaaaaaaa at 0xa000813c
[43423.707855] PUF Read:0xaaaaaaaa at 0xa0008140
[43423.707946] PUF Read:0xaaaaaaaa at 0xa0008144
[43423.707946] PUF Read:0xaabaaeaa at 0xa0008148
[43423.708007] PUF Read:0xaaaaaaaa at 0xa000814c
[43423.708038] PUF Read:0xaaaaaaaa at 0xa0008150
[43423.708038] PUF Read:0xaaaaaaaa at 0xa0008154
[43423.708038] PUF Read:0xaaaaaaaa at 0xa0008158
[43423.708099] PUF Read:0xaaaaaaea at 0xa000815c
[43423.708099] PUF Read:0xaaaaaaaa at 0xa0008160
[43423.708160] PUF Read:0xaaaaaaaa at 0xa0008164
[43423.708190] PUF Read:0xaaaaaaaa at 0xa0008168
[43423.708190] PUF Read:0xaaaaaaaa at 0xa000816c
[43423.708251] PUF Read:0xaaaaaaaa at 0xa0008170
[43423.708251] PUF Read:0xaaaaaaaa at 0xa0008174
[43423.708251] PUF Read:0xaaaaaaaa at 0xa0008178
[43423.708251] PUF Read:0xaaaaaaaa at 0xa000817c
[43423.708343] PUF Read:0xaaaa2a2a at 0xa0008180
[43423.708343] PUF Read:0xaaaaaaaa at 0xa0008184
[43423.708343] PUF Read:0xaaaaaaaa at 0xa0008188
[43423.708343] PUF Read:0xaaaaaaaa at 0xa000818c
[43423.708343] PUF Read:0xaaaaaaaa at 0xa0008190
[43423.708343] PUF Read:0xaaaaaaaa at 0xa0008194
[43423.708496] PUF Read:0xaaaaaaaa at 0xa0008198
[43423.708496] PUF Read:0xaaaaaaaa at 0xa000819c
[43423.708496] PUF Read:0xaaaaaaaa at 0xa00081a0
[43423.708496] PUF Read:0xaaaaaaaa at 0xa00081a4
[43423.708496] PUF Read:0xaaaaaaaa at 0xa00081a8
[43423.708496] PUF Read:0xaaaaaaaa at 0xa00081ac
[43423.708648] PUF Read:0xaaeaaaaa at 0xa00081b0
[43423.708648] PUF Read:0xaaaaaaaa at 0xa00081b4
[43423.708648] PUF Read:0xaaaaaaaa at 0xa00081b8
[43423.708648] PUF Read:0xaaaaaaaa at 0xa00081bc
[43423.708740] PUF Read:0xaaaaaaaa at 0xa00081c0
[43423.708740] PUF Read:0xaaaaaaae at 0xa00081c4
[43423.708801] PUF Read:0xaaaaaaaa at 0xa00081c8
[43423.708831] PUF Read:0xaaaaaaaa at 0xa00081cc
[43423.708831] PUF Read:0xbaaaaaaa at 0xa00081d0
[43423.708831] PUF Read:0xaaaaaaaa at 0xa00081d4
[43423.708892] PUF Read:0xaaaaaaaa at 0xa00081d8
[43423.708892] PUF Read:0xaaaaaaaa at 0xa00081dc
[43423.708953] PUF Read:0xaaaaaaaa at 0xa00081e0
[43423.708984] PUF Read:0xaaaaaaea at 0xa00081e4
[43423.708984] PUF Read:0xaaaaaaaa at 0xa00081e8
[43423.708984] PUF Read:0xaa2aaaaa at 0xa00081ec
[43423.709045] PUF Read:0xaaaaaaaa at 0xa00081f0
[43423.709045] PUF Read:0xaaaaaeaa at 0xa00081f4
[43423.709106] PUF Read:0xaaaaaaa2 at 0xa00081f8
[43423.709136] PUF Read:0xaaaaaaaa at 0xa00081fc
[43423.709136] PUF Read:0xaaaaaaaa at 0xa0008200
[43423.709136] PUF Read:0xaaaaaaaa at 0xa0008204
[43423.709136] PUF Read:0xaaaaaaaa at 0xa0008208
[43423.709228] PUF Read:0xa8aaaaaa at 0xa000820c
[43423.709228] PUF Read:0xaaaaaaaa at 0xa0008210
[43423.709289] PUF Read:0xaaaaaaaa at 0xa0008214
[43423.709320] PUF Read:0xaaaaaaaa at 0xa0008218
[43423.709320] PUF Read:0xaaaaaaaa at 0xa000821c
[43423.709320] PUF Read:0xaaaaaaaa at 0xa0008220
[43423.709381] PUF Read:0xaaaaaaaa at 0xa0008224
[43423.709381] PUF Read:0xaaaaaaaa at 0xa0008228
[43423.709442] PUF Read:0xaaaaaaaa at 0xa000822c
[43423.709472] PUF Read:0xaaaaaaaa at 0xa0008230
[43423.709472] PUF Read:0xa8aaaaaa at 0xa0008234
[43423.709472] PUF Read:0xaaaaaaaa at 0xa0008238
[43423.709533] PUF Read:0xaaaaaaaa at 0xa000823c
[43423.709533] PUF Read:0xaaaaaaaa at 0xa0008240
[43423.709594] PUF Read:0xaaaaaaaa at 0xa0008244
[43423.709625] PUF Read:0xaaaaaaaa at 0xa0008248
[43423.709625] PUF Read:0xaaaaaaaa at 0xa000824c
[43423.709686] PUF Read:0xaaaaaaaa at 0xa0008250
[43423.709686] PUF Read:0xaaaaaaaa at 0xa0008254
[43423.709686] PUF Read:0xaaaaaaaa at 0xa0008258
[43423.709686] PUF Read:0xaaaaaaaa at 0xa000825c
[43423.709777] PUF Read:0xaaaaaaaa at 0xa0008260
[43423.709777] PUF Read:0xaaaaaaaa at 0xa0008264
[43423.709777] PUF Read:0xaaaaaaaa at 0xa0008268
[43423.709777] PUF Read:0xaaaaaaaa at 0xa000826c
[43423.709869] PUF Read:0xaaaaaaaa at 0xa0008270
[43423.709869] PUF Read:0xaaaaaaaa at 0xa0008274
[43423.709930] PUF Read:0xaaaaaaaa at 0xa0008278
[43423.709960] PUF Read:0xaaaaaaaa at 0xa000827c
[43423.709960] PUF Read:0xaaaaaaaa at 0xa0008280
[43423.709960] PUF Read:0xaaaaaaaa at 0xa0008284
[43423.710021] PUF Read:0xaaaaaaaa at 0xa0008288
[43423.710021] PUF Read:0xaaaaaaaa at 0xa000828c
[43423.710083] PUF Read:0xaaaaaaaa at 0xa0008290
[43423.710113] PUF Read:0xaaaaaaaa at 0xa0008294
[43423.710113] PUF Read:0xaaaaaaaa at 0xa0008298
[43423.710113] PUF Read:0xaaaaaaaa at 0xa000829c
[43423.710174] PUF Read:0xaaaaaaaa at 0xa00082a0
[43423.710174] PUF Read:0xaaaaaaaa at 0xa00082a4
[43423.710235] PUF Read:0xaaaaaaaa at 0xa00082a8
[43423.710266] PUF Read:0xaaaaaaaa at 0xa00082ac
[43423.710266] PUF Read:0xaaaaaaaa at 0xa00082b0
[43423.710266] PUF Read:0xaaaaaaaa at 0xa00082b4
[43423.710327] PUF Read:0xaaaaaaea at 0xa00082b8
[43423.710327] PUF Read:0xaaaaaaaa at 0xa00082bc
[43423.710388] PUF Read:0xaaaaaaaa at 0xa00082c0
[43423.710418] PUF Read:0xaaaaaaaa at 0xa00082c4
[43423.710418] PUF Read:0xbaaaaaaa at 0xa00082c8
[43423.710418] PUF Read:0xaaaaaaaa at 0xa00082cc
[43423.710418] PUF Read:0xaaaaaaaa at 0xa00082d0
[43423.710418] PUF Read:0xaaaaaaaa at 0xa00082d4
[43423.710418] PUF Read:0xaaaaaaaa at 0xa00082d8
[43423.710571] PUF Read:0xaaaaaaaa at 0xa00082dc
[43423.710571] PUF Read:0xaaaaaaaa at 0xa00082e0
[43423.710571] PUF Read:0xaaaaaeaa at 0xa00082e4
[43423.710571] PUF Read:0xaaaaaaaa at 0xa00082e8
[43423.710662] PUF Read:0xaaaaaaaa at 0xa00082ec
[43423.710662] PUF Read:0xaaaaaaaa at 0xa00082f0
[43423.710662] PUF Read:0xaaaaaaaa at 0xa00082f4
[43423.710754] PUF Read:0xaaaaaaaa at 0xa00082f8
[43423.710754] PUF Read:0xaaaaaaaa at 0xa00082fc
[43423.710754] PUF Read:0xaaaaaaaa at 0xa0008300
[43423.710754] PUF Read:0xaaaaaaaa at 0xa0008304
[43423.710845] PUF Read:0xaaaaaaaa at 0xa0008308
[43423.710845] PUF Read:0xaaaaaaaa at 0xa000830c
[43423.710906] PUF Read:0xaaaaaaaa at 0xa0008310
[43423.710937] PUF Read:0xaaaaaaaa at 0xa0008314
[43423.710937] PUF Read:0xaaaaaaaa at 0xa0008318
[43423.710998] PUF Read:0xbaaaaaaa at 0xa000831c
[43423.710998] PUF Read:0xaaaaaaaa at 0xa0008320
[43423.710998] PUF Read:0xaaaaaaaa at 0xa0008324
[43423.711059] PUF Read:0xaaaaaaaa at 0xa0008328
[43423.711090] PUF Read:0xaaaaaaaa at 0xa000832c
[43423.711090] PUF Read:0xaaaaaaae at 0xa0008330
[43423.711090] PUF Read:0xaaaaaaaa at 0xa0008334
[43423.711090] PUF Read:0xaaaaaaaa at 0xa0008338
[43423.711090] PUF Read:0xaaaaaaaa at 0xa000833c
[43423.711212] PUF Read:0xaaaaaaaa at 0xa0008340
[43423.711242] PUF Read:0xaaaaaaaa at 0xa0008344
[43423.711242] PUF Read:0xaaaaaaaa at 0xa0008348
[43423.711242] PUF Read:0xaaaaaaaa at 0xa000834c
[43423.711242] PUF Read:0xaaaaaa8a at 0xa0008350
[43423.711242] PUF Read:0xaaaaaaaa at 0xa0008354
[43423.711242] PUF Read:0xaaaaaaaa at 0xa0008358
[43423.711395] PUF Read:0xaaaaaaaa at 0xa000835c
[43423.711395] PUF Read:0xaaabaaaa at 0xa0008360
[43423.711395] PUF Read:0xaaaaaaaa at 0xa0008364
[43423.711395] PUF Read:0xaaaaaaaa at 0xa0008368
[43423.711486] PUF Read:0xaaaaaaaa at 0xa000836c
[43423.711486] PUF Read:0xaaaaaaaa at 0xa0008370
[43423.711547] PUF Read:0xaaaaaaaa at 0xa0008374
[43423.711578] PUF Read:0xaaaaaaaa at 0xa0008378
[43423.711578] PUF Read:0xaaaaaaaa at 0xa000837c
[43423.711578] PUF Read:0xaaaaaaaa at 0xa0008380
[43423.711639] PUF Read:0xaaaaaaaa at 0xa0008384
[43423.711639] PUF Read:0xaaaaaaaa at 0xa0008388
[43423.711700] PUF Read:0xaaaaaaaa at 0xa000838c
[43423.711730] PUF Read:0xaaaaaaaa at 0xa0008390
[43423.711730] PUF Read:0xaaaaaaaa at 0xa0008394
[43423.711791] PUF Read:0xaaaaaaaa at 0xa0008398
[43423.711791] PUF Read:0xaaa2aaaa at 0xa000839c
[43423.711791] PUF Read:0xaaaaaaaa at 0xa00083a0
[43423.711791] PUF Read:0xaaaaaaaa at 0xa00083a4
[43423.711883] PUF Read:0xaaaaaaaa at 0xa00083a8
[43423.711883] PUF Read:0xaaaaaaaa at 0xa00083ac
[43423.711883] PUF Read:0xaaaaaaa2 at 0xa00083b0
[43423.711883] PUF Read:0xaaaaaaaa at 0xa00083b4
[43423.711883] PUF Read:0xaaaaaaaa at 0xa00083b8
[43423.711883] PUF Read:0xaaaaaaaa at 0xa00083bc
[43423.712036] PUF Read:0xaaaaaaaa at 0xa00083c0
[43423.712036] PUF Read:0xaaaaaaaa at 0xa00083c4
[43423.712036] PUF Read:0xaaaaaaaa at 0xa00083c8
[43423.712036] PUF Read:0xaaaaaaaa at 0xa00083cc
[43423.712036] PUF Read:0xaaaaaaaa at 0xa00083d0
[43423.712036] PUF Read:0xaaabaaaa at 0xa00083d4
[43423.712188] PUF Read:0xaaaaaaaa at 0xa00083d8
[43423.712188] PUF Read:0xaaaaaaaa at 0xa00083dc
[43423.712188] PUF Read:0xaaaaaaaa at 0xa00083e0
[43423.712188] PUF Read:0xaaaaa8aa at 0xa00083e4
[43423.712188] PUF Read:0xaaaaaaaa at 0xa00083e8
[43423.712188] PUF Read:0xaaaaaaaa at 0xa00083ec
[43423.712188] PUF Read:0xaaaaaaaa at 0xa00083f0
[43423.712371] PUF Read:0xaaaaaaaa at 0xa00083f4
[43423.712371] PUF Read:0xaaaaaaae at 0xa00083f8
[43423.712371] PUF Read:0xaaaeaaaa at 0xa00083fc
[43423.712371] [i] Finished PUF read-out
[43423.712463] <6>[i] Finished PUF query for decaytime: 7680
[43423.712463] [i] Start decaytime: 120
[43423.712463] EMIF 2 REG Write 0x80000000 at 0x4d000010
[43423.712493] EMIF 2 REG Read 0x80000000 at 0x4d000010
[43423.712493] EMIF 2 REG Write 0x80000000 at 0x4d000014
[43423.712524] EMIF 2 REG Read 0x00000000 at 0x4d000014
[43423.712524] EMIF 2 REG Write 0x08016893 at 0x4d0000cc
[43423.712554] EMIF 2 REG Read 0x08016893 at 0x4d0000cc
[43423.712554] Temp polling alert disabled
[43423.712554] Refresh Disabled at EMIF2
[43423.712585] [i] Initialiting PUF & hammer rows
[43423.712585] [i] Single-Sided Rowhammer (SSRH)
[43423.715789] [i] Finished initialiting PUF & hammer rows
[43423.719329] [i]	Timer elapsed since its reset 0 sec
[43423.719329] [i] Decay: 120 sec
[43423.719360] [i]	Relative Decay: 0 msec
