[45043.846496] [i] Total hammer attempts per row: 1863402
[45043.846496] EMIF 2 REG Write 0x00000618 at 0x4d000010
[45043.846496] EMIF 2 REG Read 0x00000618 at 0x4d000010
[45043.846557] EMIF 2 REG Write 0x00000618 at 0x4d000014
[45043.846557] EMIF 2 REG Read 0x00000618 at 0x4d000014
[45043.846588] EMIF 2 REG Write 0x58016893 at 0x4d0000cc
[45043.846588] EMIF 2 REG Read 0x58016893 at 0x4d0000cc
[45043.846618] Temp polling alert enabled
[45043.846618] Refresh enabled at EMIF2
[45043.846618] [i] Starting PUF read-out
[45043.846649] [i] Single-Sided Rowhammer (SSRH)
[45043.846649] PUF Read:0xaaaaaaaa at 0xa0008000
[45043.846649] PUF Read:0xaaaaaaaa at 0xa0008004
[45043.846649] PUF Read:0xaaaaaaaa at 0xa0008008
[45043.846740] PUF Read:0xaaaaaaaa at 0xa000800c
[45043.846771] PUF Read:0xaaaaaaaa at 0xa0008010
[45043.846771] PUF Read:0xaaaaabaa at 0xa0008014
[45043.846771] PUF Read:0xaaaaaaaa at 0xa0008018
[45043.846771] PUF Read:0xaaaaaaaa at 0xa000801c
[45043.846771] PUF Read:0xaaaaaaaa at 0xa0008020
[45043.846771] PUF Read:0xaaaaaaaa at 0xa0008024
[45043.846923] PUF Read:0xaaaaaaaa at 0xa0008028
[45043.846954] PUF Read:0xaaaaaaaa at 0xa000802c
[45043.846954] PUF Read:0xaaaaaaaa at 0xa0008030
[45043.846954] PUF Read:0xaaaaaaaa at 0xa0008034
[45043.847015] PUF Read:0xaaaaaaaa at 0xa0008038
[45043.847015] PUF Read:0xaaaaaaaa at 0xa000803c
[45043.847015] PUF Read:0xaaaaaaab at 0xa0008040
[45043.847106] PUF Read:0xaaaaeaaa at 0xa0008044
[45043.847106] PUF Read:0xaaaaaaaa at 0xa0008048
[45043.847106] PUF Read:0xaaaaaaaa at 0xa000804c
[45043.847106] PUF Read:0xaaaaaaaa at 0xa0008050
[45043.847198] PUF Read:0xaaaaaaaa at 0xa0008054
[45043.847198] PUF Read:0xaaaaaaaa at 0xa0008058
[45043.847259] PUF Read:0xaaaaaaaa at 0xa000805c
[45043.847290] PUF Read:0xaaaaaaaa at 0xa0008060
[45043.847290] PUF Read:0xaaaa2aaa at 0xa0008064
[45043.847290] PUF Read:0xaaaaaaaa at 0xa0008068
[45043.847351] PUF Read:0xaaaaaaaa at 0xa000806c
[45043.847351] PUF Read:0xaaaaaaaa at 0xa0008070
[45043.847412] PUF Read:0xaaaaaaaa at 0xa0008074
[45043.847442] PUF Read:0xaaaaaaaa at 0xa0008078
[45043.847442] PUF Read:0xaaaaaaaa at 0xa000807c
[45043.847442] PUF Read:0xaaaaaaaa at 0xa0008080
[45043.847442] PUF Read:0xaaaaaaaa at 0xa0008084
[45043.847442] PUF Read:0xaaaaaaaa at 0xa0008088
[45043.847442] PUF Read:0xaaaaaaaa at 0xa000808c
[45043.847442] PUF Read:0xaaaa8aaa at 0xa0008090
[45043.847625] PUF Read:0xaaaaaaaa at 0xa0008094
[45043.847656] PUF Read:0x2aabaaaa at 0xa0008098
[45043.847656] PUF Read:0xaaaaaaaa at 0xa000809c
[45043.847656] PUF Read:0xaaaaaaaa at 0xa00080a0
[45043.847717] PUF Read:0xaaaaaaaa at 0xa00080a4
[45043.847717] PUF Read:0xaaaaaaaa at 0xa00080a8
[45043.847778] PUF Read:0xaaaaaaaa at 0xa00080ac
[45043.847808] PUF Read:0xaaaaaaaa at 0xa00080b0
[45043.847808] PUF Read:0xaa2aaaaa at 0xa00080b4
[45043.847808] PUF Read:0xaaaaaaaa at 0xa00080b8
[45043.847869] PUF Read:0x8aaaaaaa at 0xa00080bc
[45043.847869] PUF Read:0xaaaaaaaa at 0xa00080c0
[45043.847930] PUF Read:0xaaaaaaaa at 0xa00080c4
[45043.847961] PUF Read:0xaaa2aaaa at 0xa00080c8
[45043.847961] PUF Read:0xaaaaaaaa at 0xa00080cc
[45043.848022] PUF Read:0xaaaaaaaa at 0xa00080d0
[45043.848022] PUF Read:0xaaaaaaaa at 0xa00080d4
[45043.848022] PUF Read:0xaaaaaaaa at 0xa00080d8
[45043.848022] PUF Read:0xaaaaaaaa at 0xa00080dc
[45043.848114] PUF Read:0xaaaaaaaa at 0xa00080e0
[45043.848114] PUF Read:0xaaaaaaaa at 0xa00080e4
[45043.848114] PUF Read:0xaaaaaaaa at 0xa00080e8
[45043.848114] PUF Read:0xaaaaaaab at 0xa00080ec
[45043.848114] PUF Read:0x8aaaaaaa at 0xa00080f0
[45043.848114] PUF Read:0xaaaaaaaa at 0xa00080f4
[45043.848266] PUF Read:0xaaaaaaaa at 0xa00080f8
[45043.848297] PUF Read:0xaaaaaaaa at 0xa00080fc
[45043.848297] PUF Read:0xaaaaaaaa at 0xa0008100
[45043.848297] PUF Read:0xaaaaaaaa at 0xa0008104
[45043.848358] PUF Read:0xaaaaaaaa at 0xa0008108
[45043.848358] PUF Read:0xaaaaaaaa at 0xa000810c
[45043.848419] PUF Read:0xaaaaaaaa at 0xa0008110
[45043.848449] PUF Read:0xaaaaaaaa at 0xa0008114
[45043.848449] PUF Read:0xaaaaaaaa at 0xa0008118
[45043.848510] PUF Read:0xaaaaaaaa at 0xa000811c
[45043.848510] PUF Read:0xaaaaaaaa at 0xa0008120
[45043.848510] PUF Read:0xaaaaaaaa at 0xa0008124
[45043.848510] PUF Read:0xaaaaaaaa at 0xa0008128
[45043.848602] PUF Read:0xaaaaaaaa at 0xa000812c
[45043.848602] PUF Read:0xaaaaaaaa at 0xa0008130
[45043.848602] PUF Read:0xaaaaaaaa at 0xa0008134
[45043.848602] PUF Read:0xaa8aaaaa at 0xa0008138
[45043.848602] PUF Read:0xaaaaaaaa at 0xa000813c
[45043.848602] PUF Read:0xaaaaaaaa at 0xa0008140
[45043.848754] PUF Read:0xaaaaaaaa at 0xa0008144
[45043.848785] PUF Read:0xaabaaeaa at 0xa0008148
[45043.848785] PUF Read:0xaaaaaaaa at 0xa000814c
[45043.848785] PUF Read:0xaaaaaaaa at 0xa0008150
[45043.848846] PUF Read:0xaaaaaaaa at 0xa0008154
[45043.848846] PUF Read:0xaaaaaaaa at 0xa0008158
[45043.848907] PUF Read:0xaaaaaaea at 0xa000815c
[45043.848937] PUF Read:0xaaaaaaaa at 0xa0008160
[45043.848937] PUF Read:0xaaaaaaaa at 0xa0008164
[45043.848937] PUF Read:0xaaaaaaaa at 0xa0008168
[45043.848999] PUF Read:0xaaaaaaaa at 0xa000816c
[45043.849029] PUF Read:0xaaaaaaaa at 0xa0008170
[45043.849029] PUF Read:0xaaaaaaaa at 0xa0008174
[45043.849090] PUF Read:0xaaaaaaaa at 0xa0008178
[45043.849121] PUF Read:0xaaaaaaaa at 0xa000817c
[45043.849121] PUF Read:0xaaaa2a2a at 0xa0008180
[45043.849121] PUF Read:0xaaaaaaaa at 0xa0008184
[45043.849182] PUF Read:0xaaaaaaaa at 0xa0008188
[45043.849182] PUF Read:0xaaaaaaaa at 0xa000818c
[45043.849243] PUF Read:0xaaaaaaaa at 0xa0008190
[45043.849273] PUF Read:0xaaaaaaaa at 0xa0008194
[45043.849273] PUF Read:0xaaaaaaaa at 0xa0008198
[45043.849273] PUF Read:0xaaaaaaaa at 0xa000819c
[45043.849273] PUF Read:0xaaaaaaaa at 0xa00081a0
[45043.849273] PUF Read:0xaaaaaaaa at 0xa00081a4
[45043.849273] PUF Read:0xaaaaaaaa at 0xa00081a8
[45043.849426] PUF Read:0xaaaaaaaa at 0xa00081ac
[45043.849426] PUF Read:0xaaeaaaaa at 0xa00081b0
[45043.849426] PUF Read:0xaaaaaaaa at 0xa00081b4
[45043.849426] PUF Read:0xaaaaaaaa at 0xa00081b8
[45043.849426] PUF Read:0xaaaaaaaa at 0xa00081bc
[45043.849426] PUF Read:0xaaaaaaaa at 0xa00081c0
[45043.849578] PUF Read:0xaaaaaaae at 0xa00081c4
[45043.849609] PUF Read:0xaaaaaaaa at 0xa00081c8
[45043.849609] PUF Read:0xaaaaaaaa at 0xa00081cc
[45043.849609] PUF Read:0xbaaaaaaa at 0xa00081d0
[45043.849670] PUF Read:0xaaaaaaaa at 0xa00081d4
[45043.849670] PUF Read:0xaaaaaaaa at 0xa00081d8
[45043.849731] PUF Read:0xaaaaaaaa at 0xa00081dc
[45043.849761] PUF Read:0xaaaaaaaa at 0xa00081e0
[45043.849761] PUF Read:0xaaaaaaaa at 0xa00081e4
[45043.849761] PUF Read:0xaaaaaaaa at 0xa00081e8
[45043.849822] PUF Read:0xaa2aaaaa at 0xa00081ec
[45043.849822] PUF Read:0xaaaaaaaa at 0xa00081f0
[45043.849884] PUF Read:0xaaaaaeaa at 0xa00081f4
[45043.849914] PUF Read:0xaaaaaaa2 at 0xa00081f8
[45043.849914] PUF Read:0xaaaaaaaa at 0xa00081fc
[45043.849975] PUF Read:0xaaaaaaaa at 0xa0008200
[45043.849975] PUF Read:0xaaaaaaaa at 0xa0008204
[45043.849975] PUF Read:0xaaaaaaaa at 0xa0008208
[45043.849975] PUF Read:0xa8aaaaaa at 0xa000820c
[45043.850067] PUF Read:0xaaaaaaaa at 0xa0008210
[45043.850067] PUF Read:0xaaaaaaaa at 0xa0008214
[45043.850067] PUF Read:0xaaaaaaaa at 0xa0008218
[45043.850067] PUF Read:0xaaaaaaaa at 0xa000821c
[45043.850067] PUF Read:0xaaaaaaaa at 0xa0008220
[45043.850067] PUF Read:0xaaaaaaaa at 0xa0008224
[45043.850219] PUF Read:0xaaaaaaaa at 0xa0008228
[45043.850219] PUF Read:0xaaaaaaaa at 0xa000822c
[45043.850219] PUF Read:0xaaaaaaaa at 0xa0008230
[45043.850219] PUF Read:0xa8aaaaaa at 0xa0008234
[45043.850219] PUF Read:0xaaaaaaaa at 0xa0008238
[45043.850219] PUF Read:0xaaaaaaaa at 0xa000823c
[45043.850372] PUF Read:0xaaaaaaaa at 0xa0008240
[45043.850372] PUF Read:0xaaaaaaaa at 0xa0008244
[45043.850372] PUF Read:0xaaaaaaaa at 0xa0008248
[45043.850372] PUF Read:0xaaaaaaaa at 0xa000824c
[45043.850372] PUF Read:0xaaaaaaaa at 0xa0008250
[45043.850372] PUF Read:0xaaaaaaaa at 0xa0008254
[45043.850524] PUF Read:0xaaaaaaaa at 0xa0008258
[45043.850555] PUF Read:0xaaaaaaaa at 0xa000825c
[45043.850585] PUF Read:0xaaaaaaaa at 0xa0008260
[45043.850585] PUF Read:0xaaaaaaaa at 0xa0008264
[45043.850585] PUF Read:0xaaaaaaaa at 0xa0008268
[45043.850646] PUF Read:0xaaaaaaaa at 0xa000826c
[45043.850646] PUF Read:0xaaaaaaaa at 0xa0008270
[45043.850708] PUF Read:0xaaaaaaaa at 0xa0008274
[45043.850738] PUF Read:0xaaaaaaaa at 0xa0008278
[45043.850738] PUF Read:0xaaaaaaaa at 0xa000827c
[45043.850738] PUF Read:0xaaaaaaaa at 0xa0008280
[45043.850799] PUF Read:0xaaaaaaaa at 0xa0008284
[45043.850799] PUF Read:0xaaaaaaaa at 0xa0008288
[45043.850860] PUF Read:0xaaaaaaaa at 0xa000828c
[45043.850891] PUF Read:0xaaaaaaaa at 0xa0008290
[45043.850891] PUF Read:0xaaaaaaaa at 0xa0008294
[45043.850891] PUF Read:0xaaaaaaaa at 0xa0008298
[45043.850952] PUF Read:0xaaaaaaaa at 0xa000829c
[45043.850952] PUF Read:0xaaaaaaaa at 0xa00082a0
[45043.851013] PUF Read:0xaaaaaaaa at 0xa00082a4
[45043.851043] PUF Read:0xaaaaaaaa at 0xa00082a8
[45043.851043] PUF Read:0xaaaaaaaa at 0xa00082ac
[45043.851104] PUF Read:0xaaaaaaaa at 0xa00082b0
[45043.851104] PUF Read:0xaaaaaaaa at 0xa00082b4
[45043.851104] PUF Read:0xaaaaaaea at 0xa00082b8
[45043.851165] PUF Read:0xaaaaaaaa at 0xa00082bc
[45043.851196] PUF Read:0xaaaaaaaa at 0xa00082c0
[45043.851196] PUF Read:0xaaaaaaaa at 0xa00082c4
[45043.851196] PUF Read:0xbaaaaaaa at 0xa00082c8
[45043.851196] PUF Read:0xaaaaaaaa at 0xa00082cc
[45043.851196] PUF Read:0xaaaaaaaa at 0xa00082d0
[45043.851196] PUF Read:0xaaaaaaaa at 0xa00082d4
[45043.851348] PUF Read:0xaaaaaaaa at 0xa00082d8
[45043.851348] PUF Read:0xaaaaaaaa at 0xa00082dc
[45043.851348] PUF Read:0xaaaaaaaa at 0xa00082e0
[45043.851348] PUF Read:0xaaaaaeaa at 0xa00082e4
[45043.851348] PUF Read:0xaaaaaaaa at 0xa00082e8
[45043.851348] PUF Read:0xaaaaaaaa at 0xa00082ec
[45043.851501] PUF Read:0xaaaaaaaa at 0xa00082f0
[45043.851531] PUF Read:0xaaaaaaaa at 0xa00082f4
[45043.851531] PUF Read:0xaaaaaaaa at 0xa00082f8
[45043.851531] PUF Read:0xaaaaaaaa at 0xa00082fc
[45043.851593] PUF Read:0xaaaaaaaa at 0xa0008300
[45043.851593] PUF Read:0xaaaaaaaa at 0xa0008304
[45043.851654] PUF Read:0xaaaaaaaa at 0xa0008308
[45043.851684] PUF Read:0xaaaaaaaa at 0xa000830c
[45043.851684] PUF Read:0xaaaaaaaa at 0xa0008310
[45043.851684] PUF Read:0xaaaaaaaa at 0xa0008314
[45043.851745] PUF Read:0xaaaaaaaa at 0xa0008318
[45043.851745] PUF Read:0xbaaaaaaa at 0xa000831c
[45043.851806] PUF Read:0xaaaaaaaa at 0xa0008320
[45043.851837] PUF Read:0xaaaaaaaa at 0xa0008324
[45043.851837] PUF Read:0xaaaaaaaa at 0xa0008328
[45043.851898] PUF Read:0xaaaaaaaa at 0xa000832c
[45043.851898] PUF Read:0xaaaaaaae at 0xa0008330
[45043.851898] PUF Read:0xaaaaaaaa at 0xa0008334
[45043.851898] PUF Read:0xaaaaaaaa at 0xa0008338
[45043.851989] PUF Read:0xaaaaaaaa at 0xa000833c
[45043.851989] PUF Read:0xaaaaaaaa at 0xa0008340
[45043.851989] PUF Read:0xaaaaaaaa at 0xa0008344
[45043.851989] PUF Read:0xaaaaaaaa at 0xa0008348
[45043.851989] PUF Read:0xaaaaaaaa at 0xa000834c
[45043.851989] PUF Read:0xaaaaaa8a at 0xa0008350
[45043.851989] PUF Read:0xaaaaaaaa at 0xa0008354
[45043.852172] PUF Read:0xaaaaaaaa at 0xa0008358
[45043.852172] PUF Read:0xaaaaaaaa at 0xa000835c
[45043.852172] PUF Read:0xaaabaaaa at 0xa0008360
[45043.852172] PUF Read:0xaaaaaaaa at 0xa0008364
[45043.852172] PUF Read:0xaaaaaaaa at 0xa0008368
[45043.852172] PUF Read:0xaaaaaaaa at 0xa000836c
[45043.852325] PUF Read:0xaaaaaaaa at 0xa0008370
[45043.852355] PUF Read:0xaaaaaaaa at 0xa0008374
[45043.852355] PUF Read:0xaaaaaaaa at 0xa0008378
[45043.852355] PUF Read:0xaaaaaaaa at 0xa000837c
[45043.852416] PUF Read:0xaaaaaaaa at 0xa0008380
[45043.852416] PUF Read:0xaaaaaaaa at 0xa0008384
[45043.852478] PUF Read:0xaaaaaaaa at 0xa0008388
[45043.852508] PUF Read:0xaaaaaaaa at 0xa000838c
[45043.852508] PUF Read:0xaaaaaaaa at 0xa0008390
[45043.852508] PUF Read:0xaaaaaaaa at 0xa0008394
[45043.852569] PUF Read:0xaaaaaaaa at 0xa0008398
[45043.852569] PUF Read:0xaaa2aaaa at 0xa000839c
[45043.852630] PUF Read:0xaaaaaaaa at 0xa00083a0
[45043.852661] PUF Read:0xaaaaaaaa at 0xa00083a4
[45043.852661] PUF Read:0xaaaaaaaa at 0xa00083a8
[45043.852661] PUF Read:0xaaaaaaaa at 0xa00083ac
[45043.852661] PUF Read:0xaaaaaaa2 at 0xa00083b0
[45043.852661] PUF Read:0xaaaaaaaa at 0xa00083b4
[45043.852661] PUF Read:0xaaaaaaaa at 0xa00083b8
[45043.852813] PUF Read:0xaaaaaaaa at 0xa00083bc
[45043.852813] PUF Read:0xaaaaaaaa at 0xa00083c0
[45043.852813] PUF Read:0xaaaaaaaa at 0xa00083c4
[45043.852813] PUF Read:0xaaaaaaaa at 0xa00083c8
[45043.852905] PUF Read:0xaaaaaaaa at 0xa00083cc
[45043.852905] PUF Read:0xaaaaaaaa at 0xa00083d0
[45043.852966] PUF Read:0xaaabaaaa at 0xa00083d4
[45043.852996] PUF Read:0xaaaaaaaa at 0xa00083d8
[45043.852996] PUF Read:0xaaaaaaaa at 0xa00083dc
[45043.852996] PUF Read:0xaaaaaaaa at 0xa00083e0
[45043.853057] PUF Read:0xaaaaaaaa at 0xa00083e4
[45043.853057] PUF Read:0xaaaaaaaa at 0xa00083e8
[45043.853118] PUF Read:0xaaaaaaaa at 0xa00083ec
[45043.853149] PUF Read:0xaaaaaaaa at 0xa00083f0
[45043.853149] PUF Read:0xaaaaaaaa at 0xa00083f4
[45043.853210] PUF Read:0xaaaaaaae at 0xa00083f8
[45043.853210] PUF Read:0xaaaeaaaa at 0xa00083fc
[45043.853240] [i] Finished PUF read-out
[45043.853240] <6>[i] Finished PUF query for decaytime: 7680
[45043.853271] [i] Start decaytime: 120
[45043.853271] EMIF 2 REG Write 0x80000000 at 0x4d000010
[45043.853271] EMIF 2 REG Read 0x80000000 at 0x4d000010
[45043.853302] EMIF 2 REG Write 0x80000000 at 0x4d000014
[45043.853302] EMIF 2 REG Read 0x00000000 at 0x4d000014
[45043.853332] EMIF 2 REG Write 0x08016893 at 0x4d0000cc
[45043.853332] EMIF 2 REG Read 0x08016893 at 0x4d0000cc
[45043.853363] Temp polling alert disabled
[45043.853363] Refresh Disabled at EMIF2
[45043.853363] [i] Initialiting PUF & hammer rows
[45043.853393] [i] Single-Sided Rowhammer (SSRH)
[45043.860137] [i] Finished initialiting PUF & hammer rows
[45043.860137] [i]	Timer elapsed since its reset 0 sec
[45043.860168] [i] Decay: 120 sec
[45043.860168] [i]	Relative Decay: 0 msec
