[78699.158721] [i] Total hammer attempts per row: 3729394
[78699.158721] EMIF 2 REG Write 0x00000618 at 0x4d000010
[78699.158782] EMIF 2 REG Read 0x00000618 at 0x4d000010
[78699.158782] EMIF 2 REG Write 0x00000618 at 0x4d000014
[78699.158813] EMIF 2 REG Read 0x00000618 at 0x4d000014
[78699.158813] EMIF 2 REG Write 0x58016893 at 0x4d0000cc
[78699.158843] EMIF 2 REG Read 0x58016893 at 0x4d0000cc
[78699.158843] Temp polling alert enabled
[78699.158843] Refresh enabled at EMIF2
[78699.158874] [i] Starting PUF read-out
[78699.158874] [i] Single-Sided Rowhammer (SSRH)
[78699.158905] PUF Read:0xaaaa2aba at 0xa0008000
[78699.158905] PUF Read:0xaaaaaeaa at 0xa0008004
[78699.158966] PUF Read:0xaaaaaaaa at 0xa0008008
[78699.158966] PUF Read:0xa2aaaa2a at 0xa000800c
[78699.158966] PUF Read:0xaaaaaaaa at 0xa0008010
[78699.158966] PUF Read:0x8aaaabaa at 0xa0008014
[78699.159057] PUF Read:0xaaaa2aaa at 0xa0008018
[78699.159088] PUF Read:0xbaa0aaaa at 0xa000801c
[78699.159088] PUF Read:0xa8aaaaaa at 0xa0008020
[78699.159088] PUF Read:0xeaaaeaaa at 0xa0008024
[78699.159088] PUF Read:0xaaaaeaaa at 0xa0008028
[78699.159088] PUF Read:0xaaaaaaba at 0xa000802c
[78699.159088] PUF Read:0xeaaaaaa8 at 0xa0008030
[78699.159240] PUF Read:0xaeaaaaaa at 0xa0008034
[78699.159271] PUF Read:0xaaaaeaaa at 0xa0008038
[78699.159271] PUF Read:0xaaaaaaaa at 0xa000803c
[78699.159271] PUF Read:0xaaaaaaab at 0xa0008040
[78699.159332] PUF Read:0xaaaaeaaa at 0xa0008044
[78699.159332] PUF Read:0xaaaaaaaa at 0xa0008048
[78699.159393] PUF Read:0xaaaaaaa9 at 0xa000804c
[78699.159423] PUF Read:0xa2aaaaaa at 0xa0008050
[78699.159423] PUF Read:0xaaaaa8aa at 0xa0008054
[78699.159484] PUF Read:0xaaaaaa8a at 0xa0008058
[78699.159484] PUF Read:0xaaaaaaaa at 0xa000805c
[78699.159484] PUF Read:0xaaaaaaaa at 0xa0008060
[78699.159545] PUF Read:0xaaaa2aaa at 0xa0008064
[78699.159576] PUF Read:0xaaaaaaaa at 0xa0008068
[78699.159576] PUF Read:0xaaaaaaaa at 0xa000806c
[78699.159576] PUF Read:0xaaaaaaaa at 0xa0008070
[78699.159576] PUF Read:0xaaaaaaaa at 0xa0008074
[78699.159667] PUF Read:0xaaaaaaaa at 0xa0008078
[78699.159667] PUF Read:0xaaabaaaa at 0xa000807c
[78699.159729] PUF Read:0xaaabaaaa at 0xa0008080
[78699.159759] PUF Read:0xaaaaaaaa at 0xa0008084
[78699.159759] PUF Read:0xaaaaaaaa at 0xa0008088
[78699.159759] PUF Read:0xaaaaaaaa at 0xa000808c
[78699.159759] PUF Read:0xaaaa8aaa at 0xa0008090
[78699.159851] PUF Read:0xbaaaaaaa at 0xa0008094
[78699.159851] PUF Read:0x2aebaaab at 0xa0008098
[78699.159912] PUF Read:0xaaaaaaaa at 0xa000809c
[78699.159942] PUF Read:0x8aaaaa2a at 0xa00080a0
[78699.159942] PUF Read:0xaaabaaaa at 0xa00080a4
[78699.159942] PUF Read:0xaa8baaab at 0xa00080a8
[78699.160003] PUF Read:0xaaaa8aeb at 0xa00080ac
[78699.160003] PUF Read:0xaaaaaaaa at 0xa00080b0
[78699.160064] PUF Read:0x2a2aaaaa at 0xa00080b4
[78699.160095] PUF Read:0xaaaaeaaa at 0xa00080b8
[78699.160095] PUF Read:0x8aaaaaaa at 0xa00080bc
[78699.160095] PUF Read:0xaaaaaeaa at 0xa00080c0
[78699.160095] PUF Read:0xaaaaaaaa at 0xa00080c4
[78699.160186] PUF Read:0xbaa2aaaa at 0xa00080c8
[78699.160186] PUF Read:0xabaaaaaa at 0xa00080cc
[78699.160247] PUF Read:0xeaaeeaaa at 0xa00080d0
[78699.160278] PUF Read:0xaaaa2aa8 at 0xa00080d4
[78699.160278] PUF Read:0xaaaa3aaa at 0xa00080d8
[78699.160278] PUF Read:0xaaaaaaaa at 0xa00080dc
[78699.160339] PUF Read:0xabaaaaaa at 0xa00080e0
[78699.160339] PUF Read:0xaaaaaaaa at 0xa00080e4
[78699.160400] PUF Read:0xaaaaaaaa at 0xa00080e8
[78699.160430] PUF Read:0xaaaaaaab at 0xa00080ec
[78699.160430] PUF Read:0x8aaaaaaa at 0xa00080f0
[78699.160430] PUF Read:0xaaaaaaaa at 0xa00080f4
[78699.160491] PUF Read:0xaaaaabaa at 0xa00080f8
[78699.160491] PUF Read:0xaa8aaaaa at 0xa00080fc
[78699.160552] PUF Read:0xaaaaaaaa at 0xa0008100
[78699.160583] PUF Read:0xaaaaaaaa at 0xa0008104
[78699.160583] PUF Read:0xaaa2aaaa at 0xa0008108
[78699.160583] PUF Read:0xaaaaaaaa at 0xa000810c
[78699.160644] PUF Read:0xaaaaaaaa at 0xa0008110
[78699.160644] PUF Read:0xa8ea2aaa at 0xa0008114
[78699.160705] PUF Read:0xaaaaaaaa at 0xa0008118
[78699.160736] PUF Read:0xa8aa2aaa at 0xa000811c
[78699.160736] PUF Read:0xaaaaaaaa at 0xa0008120
[78699.160736] PUF Read:0xaaaaaeaa at 0xa0008124
[78699.160736] PUF Read:0xaaaaaaea at 0xa0008128
[78699.160736] PUF Read:0xaaaaaaaa at 0xa000812c
[78699.160736] PUF Read:0xaaaaaaaa at 0xa0008130
[78699.160888] PUF Read:0xaaaaaa2a at 0xa0008134
[78699.160888] PUF Read:0xaa8baaaa at 0xa0008138
[78699.160888] PUF Read:0xaaaaaaaa at 0xa000813c
[78699.160888] PUF Read:0xeaaaaeaa at 0xa0008140
[78699.160980] PUF Read:0xaaaaaaaa at 0xa0008144
[78699.160980] PUF Read:0xaabaaeaa at 0xa0008148
[78699.161041] PUF Read:0xaaaaaaaa at 0xa000814c
[78699.161071] PUF Read:0xaaaaaaaa at 0xa0008150
[78699.161071] PUF Read:0xaaaaaaaa at 0xa0008154
[78699.161071] PUF Read:0xaaaaaaaa at 0xa0008158
[78699.161132] PUF Read:0xaabaaaea at 0xa000815c
[78699.161132] PUF Read:0xaaaabaaa at 0xa0008160
[78699.161193] PUF Read:0xaaaaaaaa at 0xa0008164
[78699.161224] PUF Read:0xaeaaaaaa at 0xa0008168
[78699.161224] PUF Read:0xaaeaaaaa at 0xa000816c
[78699.161224] PUF Read:0x2aaaaaaa at 0xa0008170
[78699.161224] PUF Read:0xaabaaaaa at 0xa0008174
[78699.161224] PUF Read:0xaaaaaaaa at 0xa0008178
[78699.161224] PUF Read:0xaaaaaaaa at 0xa000817c
[78699.161376] PUF Read:0xaaaa2a2a at 0xa0008180
[78699.161376] PUF Read:0xaaaaaaaa at 0xa0008184
[78699.161376] PUF Read:0xaa2eaaaa at 0xa0008188
[78699.161376] PUF Read:0xaaaaaeea at 0xa000818c
[78699.161468] PUF Read:0x2aaaaaaa at 0xa0008190
[78699.161468] PUF Read:0xeaaaaaaa at 0xa0008194
[78699.161529] PUF Read:0xaaaaaaaa at 0xa0008198
[78699.161560] PUF Read:0xaaaaaaaa at 0xa000819c
[78699.161560] PUF Read:0xaaaaaaaa at 0xa00081a0
[78699.161560] PUF Read:0xaaaaaaaa at 0xa00081a4
[78699.161621] PUF Read:0xa2a2aaaa at 0xa00081a8
[78699.161621] PUF Read:0xaaaaaaaa at 0xa00081ac
[78699.161682] PUF Read:0xaaebaaaa at 0xa00081b0
[78699.161712] PUF Read:0xaaaaaaaa at 0xa00081b4
[78699.161712] PUF Read:0xaaaaaaaa at 0xa00081b8
[78699.161712] PUF Read:0xa2baaaaa at 0xa00081bc
[78699.161773] PUF Read:0xaaa88aaa at 0xa00081c0
[78699.161773] PUF Read:0xaaaaaaae at 0xa00081c4
[78699.161834] PUF Read:0xaaaaaaaa at 0xa00081c8
[78699.161865] PUF Read:0xaa2baaaa at 0xa00081cc
[78699.161865] PUF Read:0xbaaaaaaa at 0xa00081d0
[78699.161926] PUF Read:0xaaaaaa2a at 0xa00081d4
[78699.161926] PUF Read:0xaaaaaaaa at 0xa00081d8
[78699.161926] PUF Read:0xaaaaaaaa at 0xa00081dc
[78699.161926] PUF Read:0xaaaaaaaa at 0xa00081e0
[78699.162017] PUF Read:0xaaaaaaea at 0xa00081e4
[78699.162017] PUF Read:0xa8aaaaaa at 0xa00081e8
[78699.162017] PUF Read:0xaa2aaaaa at 0xa00081ec
[78699.162017] PUF Read:0xaa8aaaab at 0xa00081f0
[78699.162017] PUF Read:0xaaaaaeaa at 0xa00081f4
[78699.162017] PUF Read:0xaaaaaaa2 at 0xa00081f8
[78699.162170] PUF Read:0xaaaaaaea at 0xa00081fc
[78699.162170] PUF Read:0xaaaaaaaa at 0xa0008200
[78699.162170] PUF Read:0xaaaaaaaa at 0xa0008204
[78699.162170] PUF Read:0xaaaaaaba at 0xa0008208
[78699.162261] PUF Read:0xa8aaaaaa at 0xa000820c
[78699.162261] PUF Read:0xaaeaa2a8 at 0xa0008210
[78699.162322] PUF Read:0xaaaaaaaa at 0xa0008214
[78699.162353] PUF Read:0xaaaaaeaa at 0xa0008218
[78699.162353] PUF Read:0xaaaaaaaa at 0xa000821c
[78699.162353] PUF Read:0xaaaaaaaa at 0xa0008220
[78699.162414] PUF Read:0xaabaaaaa at 0xa0008224
[78699.162414] PUF Read:0xaaaaaaaa at 0xa0008228
[78699.162475] PUF Read:0xaaaaaaaa at 0xa000822c
[78699.162506] PUF Read:0xaaaaafaa at 0xa0008230
[78699.162506] PUF Read:0x286aaaaa at 0xa0008234
[78699.162506] PUF Read:0xaaaaaaaa at 0xa0008238
[78699.162567] PUF Read:0xaaaaaaaa at 0xa000823c
[78699.162567] PUF Read:0xaaaaaaaa at 0xa0008240
[78699.162628] PUF Read:0xaaaaaaaa at 0xa0008244
[78699.162658] PUF Read:0xaaaaaaaa at 0xa0008248
[78699.162658] PUF Read:0xaaaaaaaa at 0xa000824c
[78699.162658] PUF Read:0xaeaaaaaa at 0xa0008250
[78699.162719] PUF Read:0xaabaaaaa at 0xa0008254
[78699.162750] PUF Read:0xaaaaaaaa at 0xa0008258
[78699.162750] PUF Read:0xaeaeaaaa at 0xa000825c
[78699.162811] PUF Read:0xaaaaaaaa at 0xa0008260
[78699.162841] PUF Read:0xaaaaaaaa at 0xa0008264
[78699.162841] PUF Read:0xaaaa8caa at 0xa0008268
[78699.162841] PUF Read:0xaaaabaaa at 0xa000826c
[78699.162841] PUF Read:0xaaaaaaaa at 0xa0008270
[78699.162841] PUF Read:0xaaaaaaaa at 0xa0008274
[78699.162841] PUF Read:0xaaaaaaea at 0xa0008278
[78699.162994] PUF Read:0xaabaaaaa at 0xa000827c
[78699.162994] PUF Read:0xeaaaaaaa at 0xa0008280
[78699.162994] PUF Read:0xa2aaaaaa at 0xa0008284
[78699.162994] PUF Read:0xaaeaaaaa at 0xa0008288
[78699.162994] PUF Read:0xaaaaaaaa at 0xa000828c
[78699.162994] PUF Read:0xaaaaaaa8 at 0xa0008290
[78699.163146] PUF Read:0x28aaaaaa at 0xa0008294
[78699.163177] PUF Read:0xaaaaaaaa at 0xa0008298
[78699.163177] PUF Read:0xaaaaaaaa at 0xa000829c
[78699.163177] PUF Read:0xaaaaaaaa at 0xa00082a0
[78699.163238] PUF Read:0xaaaabaaa at 0xa00082a4
[78699.163238] PUF Read:0xaaaaaaaa at 0xa00082a8
[78699.163299] PUF Read:0xaaaaaaaa at 0xa00082ac
[78699.163330] PUF Read:0xaaaaaaaa at 0xa00082b0
[78699.163330] PUF Read:0xaaaaaaaa at 0xa00082b4
[78699.163330] PUF Read:0xaaa8aaea at 0xa00082b8
[78699.163391] PUF Read:0xaaaaaaaa at 0xa00082bc
[78699.163391] PUF Read:0xaaaaaaaa at 0xa00082c0
[78699.163452] PUF Read:0xaaaaaaaa at 0xa00082c4
[78699.163482] PUF Read:0xbaaaaaaa at 0xa00082c8
[78699.163482] PUF Read:0xaaaaaaaa at 0xa00082cc
[78699.163543] PUF Read:0xaabaaaaa at 0xa00082d0
[78699.163543] PUF Read:0xaaaaaaaa at 0xa00082d4
[78699.163543] PUF Read:0xaaaaaaaa at 0xa00082d8
[78699.163543] PUF Read:0xaaaaeaaa at 0xa00082dc
[78699.163635] PUF Read:0xaaaaaaaa at 0xa00082e0
[78699.163635] PUF Read:0xaaaaaeaa at 0xa00082e4
[78699.163635] PUF Read:0xaaaaabaa at 0xa00082e8
[78699.163635] PUF Read:0xaaaaaaab at 0xa00082ec
[78699.163635] PUF Read:0xaaaaaaab at 0xa00082f0
[78699.163635] PUF Read:0xaaa8aaaa at 0xa00082f4
[78699.163787] PUF Read:0xaaaaaaaa at 0xa00082f8
[78699.163787] PUF Read:0xaaaaaaaa at 0xa00082fc
[78699.163787] PUF Read:0xaaaaabaa at 0xa0008300
[78699.163787] PUF Read:0xaaaaaaaa at 0xa0008304
[78699.163879] PUF Read:0xaaaa8aaa at 0xa0008308
[78699.163879] PUF Read:0xaaaaaaaa at 0xa000830c
[78699.163940] PUF Read:0xaaaaaa8a at 0xa0008310
[78699.163970] PUF Read:0xaaaaaaaa at 0xa0008314
[78699.163970] PUF Read:0x2bfaaaaa at 0xa0008318
[78699.163970] PUF Read:0xbaaaaaaa at 0xa000831c
[78699.164031] PUF Read:0xaaaa8aaa at 0xa0008320
[78699.164031] PUF Read:0xaaaaabaa at 0xa0008324
[78699.164093] PUF Read:0xaaaaaaaa at 0xa0008328
[78699.164123] PUF Read:0xaaabaaa8 at 0xa000832c
[78699.164123] PUF Read:0xaaaaaaae at 0xa0008330
[78699.164123] PUF Read:0xaaaaaaaa at 0xa0008334
[78699.164184] PUF Read:0xaaaabaaa at 0xa0008338
[78699.164184] PUF Read:0xaaaaaaaa at 0xa000833c
[78699.164245] PUF Read:0xbaaaabaa at 0xa0008340
[78699.164276] PUF Read:0xaaaaaa2b at 0xa0008344
[78699.164306] PUF Read:0xaaaaaaaa at 0xa0008348
[78699.164306] PUF Read:0xaaaaabaa at 0xa000834c
[78699.164306] PUF Read:0xaaaa8a8a at 0xa0008350
[78699.164306] PUF Read:0x8aaaaaaa at 0xa0008354
[78699.164306] PUF Read:0xaaaaaaaa at 0xa0008358
[78699.164306] PUF Read:0xaaaaaaaa at 0xa000835c
[78699.164459] PUF Read:0xaaabeaaa at 0xa0008360
[78699.164489] PUF Read:0xaaaaaa2a at 0xa0008364
[78699.164489] PUF Read:0xaaaaaaaa at 0xa0008368
[78699.164489] PUF Read:0xaaaaaeaa at 0xa000836c
[78699.164550] PUF Read:0xaaaaaaaa at 0xa0008370
[78699.164550] PUF Read:0xaaaaaaaa at 0xa0008374
[78699.164611] PUF Read:0xeaaa8aaa at 0xa0008378
[78699.164642] PUF Read:0xaaaaaaaa at 0xa000837c
[78699.164642] PUF Read:0xaaaaaaa8 at 0xa0008380
[78699.164642] PUF Read:0xaaaaaaaa at 0xa0008384
[78699.164703] PUF Read:0xaaaaaaaa at 0xa0008388
[78699.164703] PUF Read:0xaaaaaaaa at 0xa000838c
[78699.164764] PUF Read:0xaaaaaaab at 0xa0008390
[78699.164794] PUF Read:0xaaaaabaa at 0xa0008394
[78699.164794] PUF Read:0xaaaaaaaa at 0xa0008398
[78699.164794] PUF Read:0xaaa2aaaa at 0xa000839c
[78699.164855] PUF Read:0xaaaaaaaa at 0xa00083a0
[78699.164855] PUF Read:0xaaaaaaaa at 0xa00083a4
[78699.164916] PUF Read:0xaaaaaaaa at 0xa00083a8
[78699.164947] PUF Read:0xaaaabaaa at 0xa00083ac
[78699.164947] PUF Read:0xaaaaaaa2 at 0xa00083b0
[78699.164947] PUF Read:0xaaaaaaaa at 0xa00083b4
[78699.165008] PUF Read:0xaaaaaaaa at 0xa00083b8
[78699.165008] PUF Read:0xaaaaaaaa at 0xa00083bc
[78699.165008] PUF Read:0xaaaaaaea at 0xa00083c0
[78699.165100] PUF Read:0xaeaaaaaa at 0xa00083c4
[78699.165100] PUF Read:0xaaaaaaaa at 0xa00083c8
[78699.165100] PUF Read:0xaaa2aaaa at 0xa00083cc
[78699.165100] PUF Read:0xaaaaaaaa at 0xa00083d0
[78699.165100] PUF Read:0xaaabaaaa at 0xa00083d4
[78699.165100] PUF Read:0xaa2aaaaa at 0xa00083d8
[78699.165252] PUF Read:0xaaaaaaaa at 0xa00083dc
[78699.165252] PUF Read:0xaabeaaaa at 0xa00083e0
[78699.165252] PUF Read:0xb22aa8aa at 0xa00083e4
[78699.165252] PUF Read:0xaaaaaa2a at 0xa00083e8
[78699.165252] PUF Read:0xaaaaaaaa at 0xa00083ec
[78699.165252] PUF Read:0xaaa8aeaa at 0xa00083f0
[78699.165405] PUF Read:0xaeaaaaaa at 0xa00083f4
[78699.165435] PUF Read:0xaaaaaaae at 0xa00083f8
[78699.165435] PUF Read:0x8aaeaaaa at 0xa00083fc
[78699.165435] [i] Finished PUF read-out
[78699.165496] <6>[i] Finished PUF query for decaytime: 15360
[78699.165496] End measurement:15
[78699.165496] [i] Start measurement: 16
[78699.165527] [i] Start decaytime: 60
[78699.165527] EMIF 2 REG Write 0x80000000 at 0x4d000010
[78699.165527] EMIF 2 REG Read 0x80000000 at 0x4d000010
[78699.165557] EMIF 2 REG Write 0x80000000 at 0x4d000014
[78699.165557] EMIF 2 REG Read 0x00000000 at 0x4d000014
[78699.165588] EMIF 2 REG Write 0x08016893 at 0x4d0000cc
[78699.165588] EMIF 2 REG Read 0x08016893 at 0x4d0000cc
[78699.165588] Temp polling alert disabled
[78699.165618] Refresh Disabled at EMIF2
[78699.165618] [i] Initialiting PUF & hammer rows
[78699.165618] [i] Single-Sided Rowhammer (SSRH)
[78699.167388] [i] Finished initialiting PUF & hammer rows
[78699.167388] [i]	Timer elapsed since its reset 0 sec
[78699.167388] [i] Decay: 60 sec
[78699.172424] [i]	Relative Decay: 0 msec
