[56582.277069] [i] Total hammer attempts per row: 1864364
[56582.277069] EMIF 2 REG Write 0x00000618 at 0x4d000010
[56582.277130] EMIF 2 REG Read 0x00000618 at 0x4d000010
[56582.277130] EMIF 2 REG Write 0x00000618 at 0x4d000014
[56582.277130] EMIF 2 REG Read 0x00000618 at 0x4d000014
[56582.277160] EMIF 2 REG Write 0x58016893 at 0x4d0000cc
[56582.277160] EMIF 2 REG Read 0x58016893 at 0x4d0000cc
[56582.277191] Temp polling alert enabled
[56582.277191] Refresh enabled at EMIF2
[56582.277191] [i] Starting PUF read-out
[56582.277221] [i] Single-Sided Rowhammer (SSRH)
[56582.277221] PUF Read:0xaaaaaaaa at 0xa0008000
[56582.277221] PUF Read:0xaaaaaaaa at 0xa0008004
[56582.277221] PUF Read:0xaaaaaaaa at 0xa0008008
[56582.277221] PUF Read:0xaaaaaaaa at 0xa000800c
[56582.277343] PUF Read:0xaaaaaaaa at 0xa0008010
[56582.277374] PUF Read:0xaaaaabaa at 0xa0008014
[56582.277374] PUF Read:0xaaaaaaaa at 0xa0008018
[56582.277374] PUF Read:0xaaaaaaaa at 0xa000801c
[56582.277435] PUF Read:0xaaaaaaaa at 0xa0008020
[56582.277435] PUF Read:0xaaaaaaaa at 0xa0008024
[56582.277435] PUF Read:0xaaaaaaaa at 0xa0008028
[56582.277526] PUF Read:0xaaaaaaaa at 0xa000802c
[56582.277526] PUF Read:0xaaaaaaaa at 0xa0008030
[56582.277526] PUF Read:0xaaaaaaaa at 0xa0008034
[56582.277526] PUF Read:0xaaaaaaaa at 0xa0008038
[56582.277618] PUF Read:0xaaaaaaaa at 0xa000803c
[56582.277618] PUF Read:0xaaaaaaab at 0xa0008040
[56582.277679] PUF Read:0xaaaaeaaa at 0xa0008044
[56582.277709] PUF Read:0xaaaaaaaa at 0xa0008048
[56582.277709] PUF Read:0xaaaaaaaa at 0xa000804c
[56582.277709] PUF Read:0xaaaaaaaa at 0xa0008050
[56582.277770] PUF Read:0xaaaaaaaa at 0xa0008054
[56582.277770] PUF Read:0xaaaaaaaa at 0xa0008058
[56582.277832] PUF Read:0xaaaaaaaa at 0xa000805c
[56582.277862] PUF Read:0xaaaaaaaa at 0xa0008060
[56582.277862] PUF Read:0xaaaaaaaa at 0xa0008064
[56582.277862] PUF Read:0xaaaaaaaa at 0xa0008068
[56582.277862] PUF Read:0xaaaaaaaa at 0xa000806c
[56582.277862] PUF Read:0xaaaaaaaa at 0xa0008070
[56582.277862] PUF Read:0xaaaaaaaa at 0xa0008074
[56582.278015] PUF Read:0xaaaaaaaa at 0xa0008078
[56582.278015] PUF Read:0xaaaaaaaa at 0xa000807c
[56582.278015] PUF Read:0xaaaaaaaa at 0xa0008080
[56582.278015] PUF Read:0xaaaaaaaa at 0xa0008084
[56582.278015] PUF Read:0xaaaaaaaa at 0xa0008088
[56582.278015] PUF Read:0xaaaaaaaa at 0xa000808c
[56582.278167] PUF Read:0xaaaa8aaa at 0xa0008090
[56582.278167] PUF Read:0xaaaaaaaa at 0xa0008094
[56582.278167] PUF Read:0x2aabaaaa at 0xa0008098
[56582.278167] PUF Read:0xaaaaaaaa at 0xa000809c
[56582.278167] PUF Read:0xaaaaaaaa at 0xa00080a0
[56582.278167] PUF Read:0xaaaaaaaa at 0xa00080a4
[56582.278320] PUF Read:0xaaaaaaaa at 0xa00080a8
[56582.278350] PUF Read:0xaaaaaaaa at 0xa00080ac
[56582.278350] PUF Read:0xaaaaaaaa at 0xa00080b0
[56582.278350] PUF Read:0xaa2aaaaa at 0xa00080b4
[56582.278411] PUF Read:0xaaaaaaaa at 0xa00080b8
[56582.278411] PUF Read:0x8aaaaaaa at 0xa00080bc
[56582.278472] PUF Read:0xaaaaaaaa at 0xa00080c0
[56582.278503] PUF Read:0xaaaaaaaa at 0xa00080c4
[56582.278503] PUF Read:0xaaa2aaaa at 0xa00080c8
[56582.278503] PUF Read:0xaaaaaaaa at 0xa00080cc
[56582.278564] PUF Read:0xaaaaaaaa at 0xa00080d0
[56582.278564] PUF Read:0xaaaaaaaa at 0xa00080d4
[56582.278625] PUF Read:0xaaaaaaaa at 0xa00080d8
[56582.278656] PUF Read:0xaaaaaaaa at 0xa00080dc
[56582.278656] PUF Read:0xaaaaaaaa at 0xa00080e0
[56582.278656] PUF Read:0xaaaaaaaa at 0xa00080e4
[56582.278656] PUF Read:0xaaaaaaaa at 0xa00080e8
[56582.278656] PUF Read:0xaaaaaaab at 0xa00080ec
[56582.278656] PUF Read:0x8aaaaaaa at 0xa00080f0
[56582.278808] PUF Read:0xaaaaaaaa at 0xa00080f4
[56582.278808] PUF Read:0xaaaaaaaa at 0xa00080f8
[56582.278808] PUF Read:0xaaaaaaaa at 0xa00080fc
[56582.278808] PUF Read:0xaaaaaaaa at 0xa0008100
[56582.278808] PUF Read:0xaaaaaaaa at 0xa0008104
[56582.278808] PUF Read:0xaaaaaaaa at 0xa0008108
[56582.278961] PUF Read:0xaaaaaaaa at 0xa000810c
[56582.278991] PUF Read:0xaaaaaaaa at 0xa0008110
[56582.278991] PUF Read:0xaaaaaaaa at 0xa0008114
[56582.278991] PUF Read:0xaaaaaaaa at 0xa0008118
[56582.278991] PUF Read:0xaaaaaaaa at 0xa000811c
[56582.278991] PUF Read:0xaaaaaaaa at 0xa0008120
[56582.278991] PUF Read:0xaaaaaaaa at 0xa0008124
[56582.279144] PUF Read:0xaaaaaaaa at 0xa0008128
[56582.279174] PUF Read:0xaaaaaaaa at 0xa000812c
[56582.279174] PUF Read:0xaaaaaaaa at 0xa0008130
[56582.279174] PUF Read:0xaaaaaaaa at 0xa0008134
[56582.279235] PUF Read:0xaa8aaaaa at 0xa0008138
[56582.279235] PUF Read:0xaaaaaaaa at 0xa000813c
[56582.279296] PUF Read:0xaaaaaaaa at 0xa0008140
[56582.279327] PUF Read:0xaaaaaaaa at 0xa0008144
[56582.279327] PUF Read:0xaabaaeaa at 0xa0008148
[56582.279327] PUF Read:0xaaaaaaaa at 0xa000814c
[56582.279327] PUF Read:0xaaaaaaaa at 0xa0008150
[56582.279327] PUF Read:0xaaaaaaaa at 0xa0008154
[56582.279327] PUF Read:0xaaaaaaaa at 0xa0008158
[56582.279479] PUF Read:0xaaaaaaea at 0xa000815c
[56582.279510] PUF Read:0xaaaaaaaa at 0xa0008160
[56582.279510] PUF Read:0xaaaaaaaa at 0xa0008164
[56582.279510] PUF Read:0xaaaaaaaa at 0xa0008168
[56582.279571] PUF Read:0xaaaaaaaa at 0xa000816c
[56582.279571] PUF Read:0xaaaaaaaa at 0xa0008170
[56582.279632] PUF Read:0xaaaaaaaa at 0xa0008174
[56582.279663] PUF Read:0xaaaaaaaa at 0xa0008178
[56582.279663] PUF Read:0xaaaaaaaa at 0xa000817c
[56582.279663] PUF Read:0xaaaaaa2a at 0xa0008180
[56582.279724] PUF Read:0xaaaaaaaa at 0xa0008184
[56582.279724] PUF Read:0xaaaaaaaa at 0xa0008188
[56582.279785] PUF Read:0xaaaaaaaa at 0xa000818c
[56582.279815] PUF Read:0xaaaaaaaa at 0xa0008190
[56582.279815] PUF Read:0xaaaaaaaa at 0xa0008194
[56582.279876] PUF Read:0xaaaaaaaa at 0xa0008198
[56582.279876] PUF Read:0xaaaaaaaa at 0xa000819c
[56582.279876] PUF Read:0xaaaaaaaa at 0xa00081a0
[56582.279876] PUF Read:0xaaaaaaaa at 0xa00081a4
[56582.279968] PUF Read:0xaaaaaaaa at 0xa00081a8
[56582.279968] PUF Read:0xaaaaaaaa at 0xa00081ac
[56582.279968] PUF Read:0xaaeaaaaa at 0xa00081b0
[56582.279968] PUF Read:0xaaaaaaaa at 0xa00081b4
[56582.279968] PUF Read:0xaaaaaaaa at 0xa00081b8
[56582.279968] PUF Read:0xaaaaaaaa at 0xa00081bc
[56582.280120] PUF Read:0xaaaaaaaa at 0xa00081c0
[56582.280151] PUF Read:0xaaaaaaae at 0xa00081c4
[56582.280151] PUF Read:0xaaaaaaaa at 0xa00081c8
[56582.280151] PUF Read:0xaaaaaaaa at 0xa00081cc
[56582.280212] PUF Read:0xaaaaaaaa at 0xa00081d0
[56582.280212] PUF Read:0xaaaaaaaa at 0xa00081d4
[56582.280273] PUF Read:0xaaaaaaaa at 0xa00081d8
[56582.280303] PUF Read:0xaaaaaaaa at 0xa00081dc
[56582.280303] PUF Read:0xaaaaaaaa at 0xa00081e0
[56582.280364] PUF Read:0xaaaaaaaa at 0xa00081e4
[56582.280364] PUF Read:0xaaaaaaaa at 0xa00081e8
[56582.280364] PUF Read:0xaa2aaaaa at 0xa00081ec
[56582.280364] PUF Read:0xaaaaaaaa at 0xa00081f0
[56582.280456] PUF Read:0xaaaaaaaa at 0xa00081f4
[56582.280456] PUF Read:0xaaaaaaa2 at 0xa00081f8
[56582.280456] PUF Read:0xaaaaaaaa at 0xa00081fc
[56582.280456] PUF Read:0xaaaaaaaa at 0xa0008200
[56582.280548] PUF Read:0xaaaaaaaa at 0xa0008204
[56582.280548] PUF Read:0xaaaaaaaa at 0xa0008208
[56582.280609] PUF Read:0xa8aaaaaa at 0xa000820c
[56582.280639] PUF Read:0xaaaaaaaa at 0xa0008210
[56582.280639] PUF Read:0xaaaaaaaa at 0xa0008214
[56582.280700] PUF Read:0xaaaaaaaa at 0xa0008218
[56582.280700] PUF Read:0xaaaaaaaa at 0xa000821c
[56582.280700] PUF Read:0xaaaaaaaa at 0xa0008220
[56582.280700] PUF Read:0xaaaaaaaa at 0xa0008224
[56582.280792] PUF Read:0xaaaaaaaa at 0xa0008228
[56582.280792] PUF Read:0xaaaaaaaa at 0xa000822c
[56582.280792] PUF Read:0xaaaaaaaa at 0xa0008230
[56582.280792] PUF Read:0xaaaaaaaa at 0xa0008234
[56582.280792] PUF Read:0xaaaaaaaa at 0xa0008238
[56582.280792] PUF Read:0xaaaaaaaa at 0xa000823c
[56582.280944] PUF Read:0xaaaaaaaa at 0xa0008240
[56582.280975] PUF Read:0xaaaaaaaa at 0xa0008244
[56582.280975] PUF Read:0xaaaaaaaa at 0xa0008248
[56582.280975] PUF Read:0xaaaaaaaa at 0xa000824c
[56582.281036] PUF Read:0xaaaaaaaa at 0xa0008250
[56582.281036] PUF Read:0xaaaaaaaa at 0xa0008254
[56582.281097] PUF Read:0xaaaaaaaa at 0xa0008258
[56582.281127] PUF Read:0xaaaaaaaa at 0xa000825c
[56582.281127] PUF Read:0xaaaaaaaa at 0xa0008260
[56582.281188] PUF Read:0xaaaaaaaa at 0xa0008264
[56582.281188] PUF Read:0xaaaaaaaa at 0xa0008268
[56582.281188] PUF Read:0xaaaaaaaa at 0xa000826c
[56582.281250] PUF Read:0xaaaaaaaa at 0xa0008270
[56582.281280] PUF Read:0xaaaaaaaa at 0xa0008274
[56582.281280] PUF Read:0xaaaaaaaa at 0xa0008278
[56582.281280] PUF Read:0xaaaaaaaa at 0xa000827c
[56582.281280] PUF Read:0xaaaaaaaa at 0xa0008280
[56582.281280] PUF Read:0xaaaaaaaa at 0xa0008284
[56582.281280] PUF Read:0xaaaaaaaa at 0xa0008288
[56582.281433] PUF Read:0xaaaaaaaa at 0xa000828c
[56582.281433] PUF Read:0xaaaaaaaa at 0xa0008290
[56582.281433] PUF Read:0xaaaaaaaa at 0xa0008294
[56582.281433] PUF Read:0xaaaaaaaa at 0xa0008298
[56582.281524] PUF Read:0xaaaaaaaa at 0xa000829c
[56582.281524] PUF Read:0xaaaaaaaa at 0xa00082a0
[56582.281585] PUF Read:0xaaaaaaaa at 0xa00082a4
[56582.281616] PUF Read:0xaaaaaaaa at 0xa00082a8
[56582.281616] PUF Read:0xaaaaaaaa at 0xa00082ac
[56582.281616] PUF Read:0xaaaaaaaa at 0xa00082b0
[56582.281677] PUF Read:0xaaaaaaaa at 0xa00082b4
[56582.281677] PUF Read:0xaaaaaaea at 0xa00082b8
[56582.281738] PUF Read:0xaaaaaaaa at 0xa00082bc
[56582.281768] PUF Read:0xaaaaaaaa at 0xa00082c0
[56582.281768] PUF Read:0xaaaaaaaa at 0xa00082c4
[56582.281829] PUF Read:0xaaaaaaaa at 0xa00082c8
[56582.281829] PUF Read:0xaaaaaaaa at 0xa00082cc
[56582.281829] PUF Read:0xaaaaaaaa at 0xa00082d0
[56582.281829] PUF Read:0xaaaaaaaa at 0xa00082d4
[56582.281921] PUF Read:0xaaaaaaaa at 0xa00082d8
[56582.281921] PUF Read:0xaaaaaaaa at 0xa00082dc
[56582.281921] PUF Read:0xaaaaaaaa at 0xa00082e0
[56582.281921] PUF Read:0xaaaaaaaa at 0xa00082e4
[56582.282012] PUF Read:0xaaaaaaaa at 0xa00082e8
[56582.282012] PUF Read:0xaaaaaaaa at 0xa00082ec
[56582.282073] PUF Read:0xaaaaaaaa at 0xa00082f0
[56582.282104] PUF Read:0xaaaaaaaa at 0xa00082f4
[56582.282104] PUF Read:0xaaaaaaaa at 0xa00082f8
[56582.282104] PUF Read:0xaaaaaaaa at 0xa00082fc
[56582.282104] PUF Read:0xaaaaaaaa at 0xa0008300
[56582.282104] PUF Read:0xaaaaaaaa at 0xa0008304
[56582.282104] PUF Read:0xaaaaaaaa at 0xa0008308
[56582.282257] PUF Read:0xaaaaaaaa at 0xa000830c
[56582.282257] PUF Read:0xaaaaaaaa at 0xa0008310
[56582.282257] PUF Read:0xaaaaaaaa at 0xa0008314
[56582.282257] PUF Read:0xaaaaaaaa at 0xa0008318
[56582.282348] PUF Read:0xbaaaaaaa at 0xa000831c
[56582.282348] PUF Read:0xaaaaaaaa at 0xa0008320
[56582.282409] PUF Read:0xaaaaaaaa at 0xa0008324
[56582.282440] PUF Read:0xaaaaaaaa at 0xa0008328
[56582.282440] PUF Read:0xaaaaaaaa at 0xa000832c
[56582.282440] PUF Read:0xaaaaaaae at 0xa0008330
[56582.282501] PUF Read:0xaaaaaaaa at 0xa0008334
[56582.282501] PUF Read:0xaaaaaaaa at 0xa0008338
[56582.282501] PUF Read:0xaaaaaaaa at 0xa000833c
[56582.282592] PUF Read:0xaaaaaaaa at 0xa0008340
[56582.282592] PUF Read:0xaaaaaaaa at 0xa0008344
[56582.282592] PUF Read:0xaaaaaaaa at 0xa0008348
[56582.282592] PUF Read:0xaaaaaaaa at 0xa000834c
[56582.282684] PUF Read:0xaaaaaaaa at 0xa0008350
[56582.282684] PUF Read:0xaaaaaaaa at 0xa0008354
[56582.282745] PUF Read:0xaaaaaaaa at 0xa0008358
[56582.282775] PUF Read:0xaaaaaaaa at 0xa000835c
[56582.282775] PUF Read:0xaaabaaaa at 0xa0008360
[56582.282775] PUF Read:0xaaaaaaaa at 0xa0008364
[56582.282836] PUF Read:0xaaaaaaaa at 0xa0008368
[56582.282836] PUF Read:0xaaaaaaaa at 0xa000836c
[56582.282897] PUF Read:0xaaaaaaaa at 0xa0008370
[56582.282928] PUF Read:0xaaaaaaaa at 0xa0008374
[56582.282928] PUF Read:0xaaaaaaaa at 0xa0008378
[56582.282989] PUF Read:0xaaaaaaaa at 0xa000837c
[56582.282989] PUF Read:0xaaaaaaaa at 0xa0008380
[56582.282989] PUF Read:0xaaaaaaaa at 0xa0008384
[56582.282989] PUF Read:0xaaaaaaaa at 0xa0008388
[56582.283081] PUF Read:0xaaaaaaaa at 0xa000838c
[56582.283081] PUF Read:0xaaaaaaaa at 0xa0008390
[56582.283081] PUF Read:0xaaaaaaaa at 0xa0008394
[56582.283081] PUF Read:0xaaaaaaaa at 0xa0008398
[56582.283172] PUF Read:0xaaa2aaaa at 0xa000839c
[56582.283172] PUF Read:0xaaaaaaaa at 0xa00083a0
[56582.283233] PUF Read:0xaaaaaaaa at 0xa00083a4
[56582.283264] PUF Read:0xaaaaaaaa at 0xa00083a8
[56582.283264] PUF Read:0xaaaaaaaa at 0xa00083ac
[56582.283264] PUF Read:0xaaaaaaa2 at 0xa00083b0
[56582.283325] PUF Read:0xaaaaaaaa at 0xa00083b4
[56582.283325] PUF Read:0xaaaaaaaa at 0xa00083b8
[56582.283386] PUF Read:0xaaaaaaaa at 0xa00083bc
[56582.283416] PUF Read:0xaaaaaaaa at 0xa00083c0
[56582.283416] PUF Read:0xaaaaaaaa at 0xa00083c4
[56582.283416] PUF Read:0xaaaaaaaa at 0xa00083c8
[56582.283477] PUF Read:0xaaaaaaaa at 0xa00083cc
[56582.283477] PUF Read:0xaaaaaaaa at 0xa00083d0
[56582.283477] PUF Read:0xaaabaaaa at 0xa00083d4
[56582.283569] PUF Read:0xaaaaaaaa at 0xa00083d8
[56582.283569] PUF Read:0xaaaaaaaa at 0xa00083dc
[56582.283569] PUF Read:0xaaaaaaaa at 0xa00083e0
[56582.283569] PUF Read:0xaaaaaaaa at 0xa00083e4
[56582.283660] PUF Read:0xaaaaaa2a at 0xa00083e8
[56582.283660] PUF Read:0xaaaaaaaa at 0xa00083ec
[56582.283721] PUF Read:0xaaaaaaaa at 0xa00083f0
[56582.283721] PUF Read:0xaaaaaaaa at 0xa00083f4
[56582.283813] PUF Read:0xaaaaaaae at 0xa00083f8
[56582.283843] PUF Read:0xaaaeaaaa at 0xa00083fc
[56582.283843] [i] Finished PUF read-out
[56582.283874] <6>[i] Finished PUF query for decaytime: 7680
[56582.283874] [i] Start decaytime: 120
[56582.283905] EMIF 2 REG Write 0x80000000 at 0x4d000010
[56582.283905] EMIF 2 REG Read 0x80000000 at 0x4d000010
[56582.283935] EMIF 2 REG Write 0x80000000 at 0x4d000014
[56582.283935] EMIF 2 REG Read 0x00000000 at 0x4d000014
[56582.283935] EMIF 2 REG Write 0x08016893 at 0x4d0000cc
[56582.283966] EMIF 2 REG Read 0x08016893 at 0x4d0000cc
[56582.283966] Temp polling alert disabled
[56582.283966] Refresh Disabled at EMIF2
[56582.283996] [i] Initialiting PUF & hammer rows
[56582.283996] [i] Single-Sided Rowhammer (SSRH)
[56582.283996] [i] Finished initialiting PUF & hammer rows
[56582.290679] [i]	Timer elapsed since its reset 0 sec
[56582.290679] [i] Decay: 120 sec
[56582.290679] [i]	Relative Decay: 0 msec
