[21786.666534] [i] Total hammer attempts per row: 1863782
[21786.667541] EMIF 2 REG Write 0x00000618 at 0x4d000010
[21786.667541] EMIF 2 REG Read 0x00000618 at 0x4d000010
[21786.667572] EMIF 2 REG Write 0x00000618 at 0x4d000014
[21786.667572] EMIF 2 REG Read 0x00000618 at 0x4d000014
[21786.667602] EMIF 2 REG Write 0x58016893 at 0x4d0000cc
[21786.667602] EMIF 2 REG Read 0x58016893 at 0x4d0000cc
[21786.667602] Temp polling alert enabled
[21786.667633] Refresh enabled at EMIF2
[21786.667633] [i] Starting PUF read-out
[21786.667633] [i] Single-Sided Rowhammer (SSRH)
[21786.667633] PUF Read:0x00000000 at 0xa0008000
[21786.667633] PUF Read:0x00000000 at 0xa0008004
[21786.667724] PUF Read:0x00000000 at 0xa0008008
[21786.667755] PUF Read:0x00000000 at 0xa000800c
[21786.667755] PUF Read:0x00000000 at 0xa0008010
[21786.667755] PUF Read:0x00000100 at 0xa0008014
[21786.667755] PUF Read:0x00000000 at 0xa0008018
[21786.667755] PUF Read:0x00000000 at 0xa000801c
[21786.667755] PUF Read:0x00000000 at 0xa0008020
[21786.667907] PUF Read:0x00000000 at 0xa0008024
[21786.667907] PUF Read:0x00000000 at 0xa0008028
[21786.667907] PUF Read:0x00000000 at 0xa000802c
[21786.667907] PUF Read:0x00000000 at 0xa0008030
[21786.667907] PUF Read:0x00000000 at 0xa0008034
[21786.667907] PUF Read:0x00000000 at 0xa0008038
[21786.668060] PUF Read:0x00000000 at 0xa000803c
[21786.668090] PUF Read:0x00000001 at 0xa0008040
[21786.668090] PUF Read:0x00004000 at 0xa0008044
[21786.668090] PUF Read:0x00000000 at 0xa0008048
[21786.668151] PUF Read:0x00000000 at 0xa000804c
[21786.668151] PUF Read:0x00000000 at 0xa0008050
[21786.668212] PUF Read:0x00000000 at 0xa0008054
[21786.668243] PUF Read:0x00000000 at 0xa0008058
[21786.668243] PUF Read:0x00000000 at 0xa000805c
[21786.668243] PUF Read:0x00000000 at 0xa0008060
[21786.668304] PUF Read:0x00000000 at 0xa0008064
[21786.668304] PUF Read:0x00000000 at 0xa0008068
[21786.668365] PUF Read:0x00000000 at 0xa000806c
[21786.668395] PUF Read:0x00000000 at 0xa0008070
[21786.668395] PUF Read:0x00000000 at 0xa0008074
[21786.668395] PUF Read:0x00000000 at 0xa0008078
[21786.668457] PUF Read:0x00000000 at 0xa000807c
[21786.668457] PUF Read:0x00000000 at 0xa0008080
[21786.668518] PUF Read:0x00000000 at 0xa0008084
[21786.668518] PUF Read:0x00000000 at 0xa0008088
[21786.668518] PUF Read:0x00000000 at 0xa000808c
[21786.668518] PUF Read:0x00000000 at 0xa0008090
[21786.668518] PUF Read:0x00000000 at 0xa0008094
[21786.668518] PUF Read:0x00010000 at 0xa0008098
[21786.668670] PUF Read:0x00000000 at 0xa000809c
[21786.668670] PUF Read:0x00000000 at 0xa00080a0
[21786.668670] PUF Read:0x00000000 at 0xa00080a4
[21786.668670] PUF Read:0x00000000 at 0xa00080a8
[21786.668670] PUF Read:0x00000000 at 0xa00080ac
[21786.668670] PUF Read:0x00000000 at 0xa00080b0
[21786.668823] PUF Read:0x00000000 at 0xa00080b4
[21786.668823] PUF Read:0x00000000 at 0xa00080b8
[21786.668823] PUF Read:0x00000000 at 0xa00080bc
[21786.668823] PUF Read:0x00000000 at 0xa00080c0
[21786.668823] PUF Read:0x00000000 at 0xa00080c4
[21786.668823] PUF Read:0x00000000 at 0xa00080c8
[21786.668975] PUF Read:0x00000000 at 0xa00080cc
[21786.668975] PUF Read:0x00000000 at 0xa00080d0
[21786.669036] PUF Read:0x00000000 at 0xa00080d4
[21786.669036] PUF Read:0x00000000 at 0xa00080d8
[21786.669036] PUF Read:0x00000000 at 0xa00080dc
[21786.669097] PUF Read:0x01000000 at 0xa00080e0
[21786.669128] PUF Read:0x00000000 at 0xa00080e4
[21786.669128] PUF Read:0x00000000 at 0xa00080e8
[21786.669128] PUF Read:0x00000001 at 0xa00080ec
[21786.669128] PUF Read:0x00000000 at 0xa00080f0
[21786.669128] PUF Read:0x00000000 at 0xa00080f4
[21786.669250] PUF Read:0x00000000 at 0xa00080f8
[21786.669281] PUF Read:0x00000000 at 0xa00080fc
[21786.669281] PUF Read:0x00000000 at 0xa0008100
[21786.669281] PUF Read:0x00000000 at 0xa0008104
[21786.669342] PUF Read:0x00000000 at 0xa0008108
[21786.669342] PUF Read:0x00000000 at 0xa000810c
[21786.669403] PUF Read:0x00000000 at 0xa0008110
[21786.669433] PUF Read:0x00000000 at 0xa0008114
[21786.669433] PUF Read:0x00000000 at 0xa0008118
[21786.669433] PUF Read:0x00000000 at 0xa000811c
[21786.669494] PUF Read:0x00000000 at 0xa0008120
[21786.669494] PUF Read:0x00000000 at 0xa0008124
[21786.669555] PUF Read:0x00000000 at 0xa0008128
[21786.669586] PUF Read:0x00000000 at 0xa000812c
[21786.669586] PUF Read:0x00000000 at 0xa0008130
[21786.669586] PUF Read:0x00000000 at 0xa0008134
[21786.669586] PUF Read:0x00000000 at 0xa0008138
[21786.669586] PUF Read:0x00000000 at 0xa000813c
[21786.669708] PUF Read:0x00000000 at 0xa0008140
[21786.669738] PUF Read:0x00000000 at 0xa0008144
[21786.669738] PUF Read:0x00100400 at 0xa0008148
[21786.669738] PUF Read:0x00000000 at 0xa000814c
[21786.669738] PUF Read:0x00000000 at 0xa0008150
[21786.669738] PUF Read:0x00000000 at 0xa0008154
[21786.669860] PUF Read:0x00000000 at 0xa0008158
[21786.669860] PUF Read:0x00000040 at 0xa000815c
[21786.669860] PUF Read:0x00000000 at 0xa0008160
[21786.669860] PUF Read:0x00000000 at 0xa0008164
[21786.669860] PUF Read:0x00000000 at 0xa0008168
[21786.669860] PUF Read:0x00000000 at 0xa000816c
[21786.670013] PUF Read:0x00000000 at 0xa0008170
[21786.670013] PUF Read:0x00000000 at 0xa0008174
[21786.670013] PUF Read:0x00000000 at 0xa0008178
[21786.670013] PUF Read:0x00000000 at 0xa000817c
[21786.670013] PUF Read:0x00000000 at 0xa0008180
[21786.670135] PUF Read:0x00000000 at 0xa0008184
[21786.670166] PUF Read:0x00000000 at 0xa0008188
[21786.670166] PUF Read:0x00000000 at 0xa000818c
[21786.670166] PUF Read:0x00000000 at 0xa0008190
[21786.670227] PUF Read:0x00000000 at 0xa0008194
[21786.670227] PUF Read:0x00000000 at 0xa0008198
[21786.670288] PUF Read:0x00000000 at 0xa000819c
[21786.670318] PUF Read:0x00000000 at 0xa00081a0
[21786.670318] PUF Read:0x00000000 at 0xa00081a4
[21786.670318] PUF Read:0x00000000 at 0xa00081a8
[21786.670318] PUF Read:0x00000000 at 0xa00081ac
[21786.670318] PUF Read:0x00400000 at 0xa00081b0
[21786.670318] PUF Read:0x00000000 at 0xa00081b4
[21786.670471] PUF Read:0x00000000 at 0xa00081b8
[21786.670471] PUF Read:0x00000000 at 0xa00081bc
[21786.670471] PUF Read:0x00000000 at 0xa00081c0
[21786.670471] PUF Read:0x00000004 at 0xa00081c4
[21786.670562] PUF Read:0x00000000 at 0xa00081c8
[21786.670562] PUF Read:0x00000000 at 0xa00081cc
[21786.670623] PUF Read:0x10000000 at 0xa00081d0
[21786.670654] PUF Read:0x00000000 at 0xa00081d4
[21786.670654] PUF Read:0x00000000 at 0xa00081d8
[21786.670654] PUF Read:0x00000000 at 0xa00081dc
[21786.670715] PUF Read:0x00000000 at 0xa00081e0
[21786.670715] PUF Read:0x00000040 at 0xa00081e4
[21786.670776] PUF Read:0x00000000 at 0xa00081e8
[21786.670806] PUF Read:0x00000000 at 0xa00081ec
[21786.670806] PUF Read:0x00000000 at 0xa00081f0
[21786.670806] PUF Read:0x00000400 at 0xa00081f4
[21786.670867] PUF Read:0x00000000 at 0xa00081f8
[21786.670867] PUF Read:0x00000000 at 0xa00081fc
[21786.670928] PUF Read:0x00000000 at 0xa0008200
[21786.670959] PUF Read:0x00000000 at 0xa0008204
[21786.670959] PUF Read:0x00000000 at 0xa0008208
[21786.670959] PUF Read:0x00000000 at 0xa000820c
[21786.671020] PUF Read:0x00000000 at 0xa0008210
[21786.671020] PUF Read:0x00000000 at 0xa0008214
[21786.671081] PUF Read:0x00000000 at 0xa0008218
[21786.671112] PUF Read:0x00000000 at 0xa000821c
[21786.671112] PUF Read:0x00000000 at 0xa0008220
[21786.671112] PUF Read:0x00000000 at 0xa0008224
[21786.671173] PUF Read:0x00000000 at 0xa0008228
[21786.671173] PUF Read:0x00000000 at 0xa000822c
[21786.671234] PUF Read:0x00000000 at 0xa0008230
[21786.671264] PUF Read:0x00400000 at 0xa0008234
[21786.671264] PUF Read:0x00000000 at 0xa0008238
[21786.671264] PUF Read:0x00000000 at 0xa000823c
[21786.671325] PUF Read:0x00000000 at 0xa0008240
[21786.671325] PUF Read:0x00000000 at 0xa0008244
[21786.671386] PUF Read:0x00000000 at 0xa0008248
[21786.671417] PUF Read:0x00000000 at 0xa000824c
[21786.671417] PUF Read:0x00000000 at 0xa0008250
[21786.671478] PUF Read:0x00000000 at 0xa0008254
[21786.671478] PUF Read:0x00000000 at 0xa0008258
[21786.671478] PUF Read:0x00000000 at 0xa000825c
[21786.671539] PUF Read:0x00000000 at 0xa0008260
[21786.671569] PUF Read:0x00000000 at 0xa0008264
[21786.671569] PUF Read:0x00000000 at 0xa0008268
[21786.671569] PUF Read:0x00000000 at 0xa000826c
[21786.671630] PUF Read:0x00000000 at 0xa0008270
[21786.671630] PUF Read:0x00000000 at 0xa0008274
[21786.671691] PUF Read:0x00000000 at 0xa0008278
[21786.671722] PUF Read:0x00000000 at 0xa000827c
[21786.671722] PUF Read:0x00000000 at 0xa0008280
[21786.671722] PUF Read:0x00000000 at 0xa0008284
[21786.671783] PUF Read:0x00000000 at 0xa0008288
[21786.671783] PUF Read:0x00000000 at 0xa000828c
[21786.671783] PUF Read:0x00000000 at 0xa0008290
[21786.671875] PUF Read:0x00000000 at 0xa0008294
[21786.671875] PUF Read:0x00000000 at 0xa0008298
[21786.671875] PUF Read:0x00000000 at 0xa000829c
[21786.671875] PUF Read:0x00000000 at 0xa00082a0
[21786.671875] PUF Read:0x00000000 at 0xa00082a4
[21786.671875] PUF Read:0x00000000 at 0xa00082a8
[21786.672027] PUF Read:0x00000000 at 0xa00082ac
[21786.672027] PUF Read:0x00000000 at 0xa00082b0
[21786.672027] PUF Read:0x00000000 at 0xa00082b4
[21786.672027] PUF Read:0x00000040 at 0xa00082b8
[21786.672027] PUF Read:0x00000000 at 0xa00082bc
[21786.672149] PUF Read:0x00000000 at 0xa00082c0
[21786.672180] PUF Read:0x00000000 at 0xa00082c4
[21786.672180] PUF Read:0x10000000 at 0xa00082c8
[21786.672180] PUF Read:0x00000000 at 0xa00082cc
[21786.672180] PUF Read:0x00000000 at 0xa00082d0
[21786.672180] PUF Read:0x00000000 at 0xa00082d4
[21786.672302] PUF Read:0x00000000 at 0xa00082d8
[21786.672332] PUF Read:0x00000000 at 0xa00082dc
[21786.672332] PUF Read:0x00000000 at 0xa00082e0
[21786.672332] PUF Read:0x00000400 at 0xa00082e4
[21786.672332] PUF Read:0x00000000 at 0xa00082e8
[21786.672332] PUF Read:0x00000000 at 0xa00082ec
[21786.672454] PUF Read:0x00000000 at 0xa00082f0
[21786.672485] PUF Read:0x00000000 at 0xa00082f4
[21786.672485] PUF Read:0x00000000 at 0xa00082f8
[21786.672485] PUF Read:0x00000000 at 0xa00082fc
[21786.672485] PUF Read:0x00000000 at 0xa0008300
[21786.672485] PUF Read:0x00000000 at 0xa0008304
[21786.672485] PUF Read:0x00000000 at 0xa0008308
[21786.672637] PUF Read:0x00000000 at 0xa000830c
[21786.672637] PUF Read:0x00000000 at 0xa0008310
[21786.672637] PUF Read:0x00000000 at 0xa0008314
[21786.672637] PUF Read:0x00000000 at 0xa0008318
[21786.672637] PUF Read:0x10000000 at 0xa000831c
[21786.672637] PUF Read:0x00000000 at 0xa0008320
[21786.672790] PUF Read:0x00000000 at 0xa0008324
[21786.672790] PUF Read:0x00000000 at 0xa0008328
[21786.672790] PUF Read:0x00000000 at 0xa000832c
[21786.672790] PUF Read:0x00000004 at 0xa0008330
[21786.672790] PUF Read:0x00000000 at 0xa0008334
[21786.672790] PUF Read:0x00000000 at 0xa0008338
[21786.672943] PUF Read:0x00000000 at 0xa000833c
[21786.672943] PUF Read:0x00000000 at 0xa0008340
[21786.672943] PUF Read:0x00000000 at 0xa0008344
[21786.672943] PUF Read:0x00000000 at 0xa0008348
[21786.672943] PUF Read:0x00000000 at 0xa000834c
[21786.672943] PUF Read:0x00000000 at 0xa0008350
[21786.673095] PUF Read:0x00000000 at 0xa0008354
[21786.673095] PUF Read:0x00000000 at 0xa0008358
[21786.673095] PUF Read:0x00000000 at 0xa000835c
[21786.673095] PUF Read:0x00010000 at 0xa0008360
[21786.673095] PUF Read:0x00000000 at 0xa0008364
[21786.673095] PUF Read:0x00000000 at 0xa0008368
[21786.673248] PUF Read:0x00000000 at 0xa000836c
[21786.673278] PUF Read:0x00000000 at 0xa0008370
[21786.673278] PUF Read:0x00000000 at 0xa0008374
[21786.673278] PUF Read:0x00000000 at 0xa0008378
[21786.673278] PUF Read:0x00000000 at 0xa000837c
[21786.673278] PUF Read:0x00000000 at 0xa0008380
[21786.673400] PUF Read:0x00000000 at 0xa0008384
[21786.673431] PUF Read:0x00000000 at 0xa0008388
[21786.673431] PUF Read:0x00000000 at 0xa000838c
[21786.673492] PUF Read:0x00000000 at 0xa0008390
[21786.673492] PUF Read:0x00000000 at 0xa0008394
[21786.673492] PUF Read:0x00000000 at 0xa0008398
[21786.673553] PUF Read:0x00000000 at 0xa000839c
[21786.673583] PUF Read:0x00000000 at 0xa00083a0
[21786.673583] PUF Read:0x00000000 at 0xa00083a4
[21786.673583] PUF Read:0x00000000 at 0xa00083a8
[21786.673645] PUF Read:0x00000000 at 0xa00083ac
[21786.673645] PUF Read:0x00000000 at 0xa00083b0
[21786.673706] PUF Read:0x00000000 at 0xa00083b4
[21786.673736] PUF Read:0x00000000 at 0xa00083b8
[21786.673736] PUF Read:0x00000000 at 0xa00083bc
[21786.673736] PUF Read:0x00000000 at 0xa00083c0
[21786.673797] PUF Read:0x00000000 at 0xa00083c4
[21786.673797] PUF Read:0x00000000 at 0xa00083c8
[21786.673858] PUF Read:0x00000000 at 0xa00083cc
[21786.673889] PUF Read:0x00000000 at 0xa00083d0
[21786.673889] PUF Read:0x00010000 at 0xa00083d4
[21786.673889] PUF Read:0x00000000 at 0xa00083d8
[21786.673950] PUF Read:0x00000000 at 0xa00083dc
[21786.673950] PUF Read:0x00000000 at 0xa00083e0
[21786.674011] PUF Read:0x00000000 at 0xa00083e4
[21786.674041] PUF Read:0x00000000 at 0xa00083e8
[21786.674041] PUF Read:0x00000000 at 0xa00083ec
[21786.674041] PUF Read:0x00000000 at 0xa00083f0
[21786.674102] PUF Read:0x00000000 at 0xa00083f4
[21786.674102] PUF Read:0x00000004 at 0xa00083f8
[21786.674163] PUF Read:0x00040000 at 0xa00083fc
[21786.674194] [i] Finished PUF read-out
[21786.674194] <6>[i] Finished PUF query for decaytime: 7680
[21786.674194] [i] Start decaytime: 120
[21786.674224] EMIF 2 REG Write 0x80000000 at 0x4d000010
[21786.674224] EMIF 2 REG Read 0x80000000 at 0x4d000010
[21786.674255] EMIF 2 REG Write 0x80000000 at 0x4d000014
[21786.674255] EMIF 2 REG Read 0x00000000 at 0x4d000014
[21786.674285] EMIF 2 REG Write 0x08016893 at 0x4d0000cc
[21786.674285] EMIF 2 REG Read 0x08016893 at 0x4d0000cc
[21786.674285] Temp polling alert disabled
[21786.674316] Refresh Disabled at EMIF2
[21786.674316] [i] Initialiting PUF & hammer rows
[21786.674346] [i] Single-Sided Rowhammer (SSRH)
[21786.681030] [i] Finished initialiting PUF & hammer rows
[21786.681030] [i]	Timer elapsed since its reset 0 sec
[21786.681030] [i] Decay: 120 sec
[21786.681060] [i]	Relative Decay: 0 msec
