[56942.307861] [i] Total hammer attempts per row: 1864296
[56942.307861] EMIF 2 REG Write 0x00000618 at 0x4d000010
[56942.307891] EMIF 2 REG Read 0x00000618 at 0x4d000010
[56942.307891] EMIF 2 REG Write 0x00000618 at 0x4d000014
[56942.307922] EMIF 2 REG Read 0x00000618 at 0x4d000014
[56942.307922] EMIF 2 REG Write 0x58016893 at 0x4d0000cc
[56942.307952] EMIF 2 REG Read 0x58016893 at 0x4d0000cc
[56942.307952] Temp polling alert enabled
[56942.307952] Refresh enabled at EMIF2
[56942.307983] [i] Starting PUF read-out
[56942.307983] [i] Single-Sided Rowhammer (SSRH)
[56942.308013] PUF Read:0xaaaaaaaa at 0xa0008000
[56942.308013] PUF Read:0xaaaaaaaa at 0xa0008004
[56942.308013] PUF Read:0xaaaaaaaa at 0xa0008008
[56942.308013] PUF Read:0xaaaaaaaa at 0xa000800c
[56942.308105] PUF Read:0xaaaaaaaa at 0xa0008010
[56942.308105] PUF Read:0xaaaaabaa at 0xa0008014
[56942.308166] PUF Read:0xaaaaaaaa at 0xa0008018
[56942.308197] PUF Read:0xaaaaaaaa at 0xa000801c
[56942.308197] PUF Read:0xaaaaaaaa at 0xa0008020
[56942.308197] PUF Read:0xaaaaaaaa at 0xa0008024
[56942.308197] PUF Read:0xaaaaaaaa at 0xa0008028
[56942.308197] PUF Read:0xaaaaaaaa at 0xa000802c
[56942.308197] PUF Read:0xaaaaaaaa at 0xa0008030
[56942.308349] PUF Read:0xaaaaaaaa at 0xa0008034
[56942.308380] PUF Read:0xaaaaaaaa at 0xa0008038
[56942.308380] PUF Read:0xaaaaaaaa at 0xa000803c
[56942.308380] PUF Read:0xaaaaaaab at 0xa0008040
[56942.308441] PUF Read:0xaaaaaaaa at 0xa0008044
[56942.308441] PUF Read:0xaaaaaaaa at 0xa0008048
[56942.308502] PUF Read:0xaaaaaaaa at 0xa000804c
[56942.308532] PUF Read:0xaaaaaaaa at 0xa0008050
[56942.308532] PUF Read:0xaaaaaaaa at 0xa0008054
[56942.308532] PUF Read:0xaaaaaaaa at 0xa0008058
[56942.308532] PUF Read:0xaaaaaaaa at 0xa000805c
[56942.308532] PUF Read:0xaaaaaaaa at 0xa0008060
[56942.308532] PUF Read:0xaaaaaaaa at 0xa0008064
[56942.308685] PUF Read:0xaaaaaaaa at 0xa0008068
[56942.308715] PUF Read:0xaaaaaaaa at 0xa000806c
[56942.308715] PUF Read:0xaaaaaaaa at 0xa0008070
[56942.308715] PUF Read:0xaaaaaaaa at 0xa0008074
[56942.308776] PUF Read:0xaaaaaaaa at 0xa0008078
[56942.308776] PUF Read:0xaaaaaaaa at 0xa000807c
[56942.308837] PUF Read:0xaaaaaaaa at 0xa0008080
[56942.308868] PUF Read:0xaaaaaaaa at 0xa0008084
[56942.308868] PUF Read:0xaaaaaaaa at 0xa0008088
[56942.308929] PUF Read:0xaaaaaaaa at 0xa000808c
[56942.308929] PUF Read:0xaaaa8aaa at 0xa0008090
[56942.308929] PUF Read:0xaaaaaaaa at 0xa0008094
[56942.308990] PUF Read:0xaaabaaaa at 0xa0008098
[56942.309020] PUF Read:0xaaaaaaaa at 0xa000809c
[56942.309020] PUF Read:0xaaaaaaaa at 0xa00080a0
[56942.309082] PUF Read:0xaaaaaaaa at 0xa00080a4
[56942.309082] PUF Read:0xaaaaaaaa at 0xa00080a8
[56942.309082] PUF Read:0xaaaaaaaa at 0xa00080ac
[56942.309082] PUF Read:0xaaaaaaaa at 0xa00080b0
[56942.309173] PUF Read:0xaa2aaaaa at 0xa00080b4
[56942.309173] PUF Read:0xaaaaaaaa at 0xa00080b8
[56942.309173] PUF Read:0x8aaaaaaa at 0xa00080bc
[56942.309173] PUF Read:0xaaaaaaaa at 0xa00080c0
[56942.309265] PUF Read:0xaaaaaaaa at 0xa00080c4
[56942.309265] PUF Read:0xaaa2aaaa at 0xa00080c8
[56942.309326] PUF Read:0xaaaaaaaa at 0xa00080cc
[56942.309356] PUF Read:0xaaaaaaaa at 0xa00080d0
[56942.309356] PUF Read:0xaaaaaaaa at 0xa00080d4
[56942.309356] PUF Read:0xaaaaaaaa at 0xa00080d8
[56942.309356] PUF Read:0xaaaaaaaa at 0xa00080dc
[56942.309448] PUF Read:0xaaaaaaaa at 0xa00080e0
[56942.309448] PUF Read:0xaaaaaaaa at 0xa00080e4
[56942.309509] PUF Read:0xaaaaaaaa at 0xa00080e8
[56942.309539] PUF Read:0xaaaaaaab at 0xa00080ec
[56942.309539] PUF Read:0x8aaaaaaa at 0xa00080f0
[56942.309539] PUF Read:0xaaaaaaaa at 0xa00080f4
[56942.309600] PUF Read:0xaaaaaaaa at 0xa00080f8
[56942.309600] PUF Read:0xaaaaaaaa at 0xa00080fc
[56942.309661] PUF Read:0xaaaaaaaa at 0xa0008100
[56942.309692] PUF Read:0xaaaaaaaa at 0xa0008104
[56942.309692] PUF Read:0xaaaaaaaa at 0xa0008108
[56942.309753] PUF Read:0xaaaaaaaa at 0xa000810c
[56942.309753] PUF Read:0xaaaaaaaa at 0xa0008110
[56942.309753] PUF Read:0xaaaaaaaa at 0xa0008114
[56942.309814] PUF Read:0xaaaaaaaa at 0xa0008118
[56942.309844] PUF Read:0xaaaaaaaa at 0xa000811c
[56942.309844] PUF Read:0xaaaaaaaa at 0xa0008120
[56942.309844] PUF Read:0xaaaaaaaa at 0xa0008124
[56942.309844] PUF Read:0xaaaaaaaa at 0xa0008128
[56942.309844] PUF Read:0xaaaaaaaa at 0xa000812c
[56942.309844] PUF Read:0xaaaaaaaa at 0xa0008130
[56942.309997] PUF Read:0xaaaaaaaa at 0xa0008134
[56942.309997] PUF Read:0xaa8aaaaa at 0xa0008138
[56942.309997] PUF Read:0xaaaaaaaa at 0xa000813c
[56942.309997] PUF Read:0xaaaaaaaa at 0xa0008140
[56942.310089] PUF Read:0xaaaaaaaa at 0xa0008144
[56942.310089] PUF Read:0xaabaaeaa at 0xa0008148
[56942.310150] PUF Read:0xaaaaaaaa at 0xa000814c
[56942.310180] PUF Read:0xaaaaaaaa at 0xa0008150
[56942.310180] PUF Read:0xaaaaaaaa at 0xa0008154
[56942.310180] PUF Read:0xaaaaaaaa at 0xa0008158
[56942.310241] PUF Read:0xaaaaaaaa at 0xa000815c
[56942.310241] PUF Read:0xaaaaaaaa at 0xa0008160
[56942.310302] PUF Read:0xaaaaaaaa at 0xa0008164
[56942.310333] PUF Read:0xaaaaaaaa at 0xa0008168
[56942.310333] PUF Read:0xaaaaaaaa at 0xa000816c
[56942.310333] PUF Read:0xaaaaaaaa at 0xa0008170
[56942.310394] PUF Read:0xaaaaaaaa at 0xa0008174
[56942.310394] PUF Read:0xaaaaaaaa at 0xa0008178
[56942.310455] PUF Read:0xaaaaaaaa at 0xa000817c
[56942.310485] PUF Read:0xaaaaaa2a at 0xa0008180
[56942.310485] PUF Read:0xaaaaaaaa at 0xa0008184
[56942.310485] PUF Read:0xaaaaaaaa at 0xa0008188
[56942.310485] PUF Read:0xaaaaaaaa at 0xa000818c
[56942.310485] PUF Read:0xaaaaaaaa at 0xa0008190
[56942.310485] PUF Read:0xaaaaaaaa at 0xa0008194
[56942.310638] PUF Read:0xaaaaaaaa at 0xa0008198
[56942.310638] PUF Read:0xaaaaaaaa at 0xa000819c
[56942.310638] PUF Read:0xaaaaaaaa at 0xa00081a0
[56942.310638] PUF Read:0xaaaaaaaa at 0xa00081a4
[56942.310638] PUF Read:0xaaaaaaaa at 0xa00081a8
[56942.310638] PUF Read:0xaaaaaaaa at 0xa00081ac
[56942.310791] PUF Read:0xaaeaaaaa at 0xa00081b0
[56942.310821] PUF Read:0xaaaaaaaa at 0xa00081b4
[56942.310821] PUF Read:0xaaaaaaaa at 0xa00081b8
[56942.310821] PUF Read:0xaaaaaaaa at 0xa00081bc
[56942.310882] PUF Read:0xaaaaaaaa at 0xa00081c0
[56942.310913] PUF Read:0xaaaaaaae at 0xa00081c4
[56942.310913] PUF Read:0xaaaaaaaa at 0xa00081c8
[56942.310974] PUF Read:0xaaaaaaaa at 0xa00081cc
[56942.311004] PUF Read:0xaaaaaaaa at 0xa00081d0
[56942.311004] PUF Read:0xaaaaaaaa at 0xa00081d4
[56942.311065] PUF Read:0xaaaaaaaa at 0xa00081d8
[56942.311065] PUF Read:0xaaaaaaaa at 0xa00081dc
[56942.311065] PUF Read:0xaaaaaaaa at 0xa00081e0
[56942.311065] PUF Read:0xaaaaaaaa at 0xa00081e4
[56942.311157] PUF Read:0xaaaaaaaa at 0xa00081e8
[56942.311157] PUF Read:0xaa2aaaaa at 0xa00081ec
[56942.311157] PUF Read:0xaaaaaaaa at 0xa00081f0
[56942.311157] PUF Read:0xaaaaaaaa at 0xa00081f4
[56942.311157] PUF Read:0xaaaaaaa2 at 0xa00081f8
[56942.311157] PUF Read:0xaaaaaaaa at 0xa00081fc
[56942.311309] PUF Read:0xaaaaaaaa at 0xa0008200
[56942.311340] PUF Read:0xaaaaaaaa at 0xa0008204
[56942.311340] PUF Read:0xaaaaaaaa at 0xa0008208
[56942.311340] PUF Read:0xa8aaaaaa at 0xa000820c
[56942.311401] PUF Read:0xaaaaaaaa at 0xa0008210
[56942.311401] PUF Read:0xaaaaaaaa at 0xa0008214
[56942.311462] PUF Read:0xaaaaaaaa at 0xa0008218
[56942.311492] PUF Read:0xaaaaaaaa at 0xa000821c
[56942.311492] PUF Read:0xaaaaaaaa at 0xa0008220
[56942.311492] PUF Read:0xaaaaaaaa at 0xa0008224
[56942.311553] PUF Read:0xaaaaaaaa at 0xa0008228
[56942.311553] PUF Read:0xaaaaaaaa at 0xa000822c
[56942.311614] PUF Read:0xaaaaaaaa at 0xa0008230
[56942.311645] PUF Read:0xaaaaaaaa at 0xa0008234
[56942.311645] PUF Read:0xaaaaaaaa at 0xa0008238
[56942.311645] PUF Read:0xaaaaaaaa at 0xa000823c
[56942.311706] PUF Read:0xaaaaaaaa at 0xa0008240
[56942.311706] PUF Read:0xaaaaaaaa at 0xa0008244
[56942.311767] PUF Read:0xaaaaaaaa at 0xa0008248
[56942.311798] PUF Read:0xaaaaaaaa at 0xa000824c
[56942.311798] PUF Read:0xaaaaaaaa at 0xa0008250
[56942.311798] PUF Read:0xaaaaaaaa at 0xa0008254
[56942.311798] PUF Read:0xaaaaaaaa at 0xa0008258
[56942.311798] PUF Read:0xaaaaaaaa at 0xa000825c
[56942.311798] PUF Read:0xaaaaaaaa at 0xa0008260
[56942.311950] PUF Read:0xaaaaaaaa at 0xa0008264
[56942.311981] PUF Read:0xaaaaaaaa at 0xa0008268
[56942.311981] PUF Read:0xaaaaaaaa at 0xa000826c
[56942.311981] PUF Read:0xaaaaaaaa at 0xa0008270
[56942.312042] PUF Read:0xaaaaaaaa at 0xa0008274
[56942.312042] PUF Read:0xaaaaaaaa at 0xa0008278
[56942.312103] PUF Read:0xaaaaaaaa at 0xa000827c
[56942.312133] PUF Read:0xaaaaaaaa at 0xa0008280
[56942.312133] PUF Read:0xaaaaaaaa at 0xa0008284
[56942.312194] PUF Read:0xaaaaaaaa at 0xa0008288
[56942.312194] PUF Read:0xaaaaaaaa at 0xa000828c
[56942.312194] PUF Read:0xaaaaaaaa at 0xa0008290
[56942.312255] PUF Read:0xaaaaaaaa at 0xa0008294
[56942.312286] PUF Read:0xaaaaaaaa at 0xa0008298
[56942.312286] PUF Read:0xaaaaaaaa at 0xa000829c
[56942.312286] PUF Read:0xaaaaaaaa at 0xa00082a0
[56942.312286] PUF Read:0xaaaaaaaa at 0xa00082a4
[56942.312286] PUF Read:0xaaaaaaaa at 0xa00082a8
[56942.312286] PUF Read:0xaaaaaaaa at 0xa00082ac
[56942.312438] PUF Read:0xaaaaaaaa at 0xa00082b0
[56942.312469] PUF Read:0xaaaaaaaa at 0xa00082b4
[56942.312469] PUF Read:0xaaaaaaea at 0xa00082b8
[56942.312469] PUF Read:0xaaaaaaaa at 0xa00082bc
[56942.312469] PUF Read:0xaaaaaaaa at 0xa00082c0
[56942.312469] PUF Read:0xaaaaaaaa at 0xa00082c4
[56942.312469] PUF Read:0xaaaaaaaa at 0xa00082c8
[56942.312622] PUF Read:0xaaaaaaaa at 0xa00082cc
[56942.312652] PUF Read:0xaaaaaaaa at 0xa00082d0
[56942.312652] PUF Read:0xaaaaaaaa at 0xa00082d4
[56942.312652] PUF Read:0xaaaaaaaa at 0xa00082d8
[56942.312713] PUF Read:0xaaaaaaaa at 0xa00082dc
[56942.312713] PUF Read:0xaaaaaaaa at 0xa00082e0
[56942.312774] PUF Read:0xaaaaaaaa at 0xa00082e4
[56942.312774] PUF Read:0xaaaaaaaa at 0xa00082e8
[56942.312774] PUF Read:0xaaaaaaaa at 0xa00082ec
[56942.312774] PUF Read:0xaaaaaaaa at 0xa00082f0
[56942.312774] PUF Read:0xaaaaaaaa at 0xa00082f4
[56942.312774] PUF Read:0xaaaaaaaa at 0xa00082f8
[56942.312927] PUF Read:0xaaaaaaaa at 0xa00082fc
[56942.312957] PUF Read:0xaaaaaaaa at 0xa0008300
[56942.312957] PUF Read:0xaaaaaaaa at 0xa0008304
[56942.312957] PUF Read:0xaaaaaaaa at 0xa0008308
[56942.313018] PUF Read:0xaaaaaaaa at 0xa000830c
[56942.313018] PUF Read:0xaaaaaaaa at 0xa0008310
[56942.313079] PUF Read:0xaaaaaaaa at 0xa0008314
[56942.313110] PUF Read:0xaaaaaaaa at 0xa0008318
[56942.313110] PUF Read:0xbaaaaaaa at 0xa000831c
[56942.313110] PUF Read:0xaaaaaaaa at 0xa0008320
[56942.313171] PUF Read:0xaaaaaaaa at 0xa0008324
[56942.313171] PUF Read:0xaaaaaaaa at 0xa0008328
[56942.313232] PUF Read:0xaaaaaaaa at 0xa000832c
[56942.313262] PUF Read:0xaaaaaaae at 0xa0008330
[56942.313262] PUF Read:0xaaaaaaaa at 0xa0008334
[56942.313262] PUF Read:0xaaaaaaaa at 0xa0008338
[56942.313323] PUF Read:0xaaaaaaaa at 0xa000833c
[56942.313323] PUF Read:0xaaaaaaaa at 0xa0008340
[56942.313385] PUF Read:0xaaaaaaaa at 0xa0008344
[56942.313415] PUF Read:0xaaaaaaaa at 0xa0008348
[56942.313415] PUF Read:0xaaaaaaaa at 0xa000834c
[56942.313415] PUF Read:0xaaaaaaaa at 0xa0008350
[56942.313415] PUF Read:0xaaaaaaaa at 0xa0008354
[56942.313415] PUF Read:0xaaaaaaaa at 0xa0008358
[56942.313415] PUF Read:0xaaaaaaaa at 0xa000835c
[56942.313568] PUF Read:0xaaabaaaa at 0xa0008360
[56942.313568] PUF Read:0xaaaaaaaa at 0xa0008364
[56942.313568] PUF Read:0xaaaaaaaa at 0xa0008368
[56942.313568] PUF Read:0xaaaaaaaa at 0xa000836c
[56942.313568] PUF Read:0xaaaaaaaa at 0xa0008370
[56942.313568] PUF Read:0xaaaaaaaa at 0xa0008374
[56942.313720] PUF Read:0xaaaaaaaa at 0xa0008378
[56942.313720] PUF Read:0xaaaaaaaa at 0xa000837c
[56942.313720] PUF Read:0xaaaaaaaa at 0xa0008380
[56942.313720] PUF Read:0xaaaaaaaa at 0xa0008384
[56942.313812] PUF Read:0xaaaaaaaa at 0xa0008388
[56942.313812] PUF Read:0xaaaaaaaa at 0xa000838c
[56942.313873] PUF Read:0xaaaaaaaa at 0xa0008390
[56942.313903] PUF Read:0xaaaaaaaa at 0xa0008394
[56942.313903] PUF Read:0xaaaaaaaa at 0xa0008398
[56942.313903] PUF Read:0xaaa2aaaa at 0xa000839c
[56942.313964] PUF Read:0xaaaaaaaa at 0xa00083a0
[56942.313995] PUF Read:0xaaaaaaaa at 0xa00083a4
[56942.313995] PUF Read:0xaaaaaaaa at 0xa00083a8
[56942.314056] PUF Read:0xaaaaaaaa at 0xa00083ac
[56942.314086] PUF Read:0xaaaaaaa2 at 0xa00083b0
[56942.314086] PUF Read:0xaaaaaaaa at 0xa00083b4
[56942.314086] PUF Read:0xaaaaaaaa at 0xa00083b8
[56942.314147] PUF Read:0xaaaaaaaa at 0xa00083bc
[56942.314147] PUF Read:0xaaaaaaaa at 0xa00083c0
[56942.314208] PUF Read:0xaaaaaaaa at 0xa00083c4
[56942.314239] PUF Read:0xaaaaaaaa at 0xa00083c8
[56942.314239] PUF Read:0xaaaaaaaa at 0xa00083cc
[56942.314239] PUF Read:0xaaaaaaaa at 0xa00083d0
[56942.314239] PUF Read:0xaaabaaaa at 0xa00083d4
[56942.314239] PUF Read:0xaaaaaaaa at 0xa00083d8
[56942.314239] PUF Read:0xaaaaaaaa at 0xa00083dc
[56942.314392] PUF Read:0xaaaaaaaa at 0xa00083e0
[56942.314392] PUF Read:0xaaaaaaaa at 0xa00083e4
[56942.314392] PUF Read:0xaaaaaaaa at 0xa00083e8
[56942.314392] PUF Read:0xaaaaaaaa at 0xa00083ec
[56942.314392] PUF Read:0xaaaaaaaa at 0xa00083f0
[56942.314392] PUF Read:0xaaaaaaaa at 0xa00083f4
[56942.314544] PUF Read:0xaaaaaaae at 0xa00083f8
[56942.314575] PUF Read:0xaaaeaaaa at 0xa00083fc
[56942.314575] [i] Finished PUF read-out
[56942.314605] <6>[i] Finished PUF query for decaytime: 7680
[56942.314605] [i] Start decaytime: 120
[56942.314636] EMIF 2 REG Write 0x80000000 at 0x4d000010
[56942.314636] EMIF 2 REG Read 0x80000000 at 0x4d000010
[56942.314636] EMIF 2 REG Write 0x80000000 at 0x4d000014
[56942.314666] EMIF 2 REG Read 0x00000000 at 0x4d000014
[56942.314666] EMIF 2 REG Write 0x08016893 at 0x4d0000cc
[56942.314697] EMIF 2 REG Read 0x08016893 at 0x4d0000cc
[56942.314697] Temp polling alert disabled
[56942.314697] Refresh Disabled at EMIF2
[56942.314727] [i] Initialiting PUF & hammer rows
[56942.314727] [i] Single-Sided Rowhammer (SSRH)
[56942.315185] [i] Finished initialiting PUF & hammer rows
[56942.321502] [i]	Timer elapsed since its reset 0 sec
[56942.321502] [i] Decay: 120 sec
[56942.321502] [i]	Relative Decay: 0 msec
