[65060.480255] [i] Total hammer attempts per row: 1864093
[65060.480316] EMIF 2 REG Write 0x00000618 at 0x4d000010
[65060.480346] EMIF 2 REG Read 0x00000618 at 0x4d000010
[65060.480346] EMIF 2 REG Write 0x00000618 at 0x4d000014
[65060.480377] EMIF 2 REG Read 0x00000618 at 0x4d000014
[65060.480377] EMIF 2 REG Write 0x58016893 at 0x4d0000cc
[65060.480407] EMIF 2 REG Read 0x58016893 at 0x4d0000cc
[65060.480407] Temp polling alert enabled
[65060.480407] Refresh enabled at EMIF2
[65060.480407] [i] Starting PUF read-out
[65060.480438] [i] Single-Sided Rowhammer (SSRH)
[65060.480438] PUF Read:0xaaaaaaaa at 0xa0008000
[65060.480438] PUF Read:0xaaaaaaaa at 0xa0008004
[65060.480438] PUF Read:0xaaaaaaaa at 0xa0008008
[65060.480438] PUF Read:0xaaaaaaaa at 0xa000800c
[65060.480560] PUF Read:0xaaaaaaaa at 0xa0008010
[65060.480590] PUF Read:0xaaaaabaa at 0xa0008014
[65060.480590] PUF Read:0xaaaaaaaa at 0xa0008018
[65060.480590] PUF Read:0xaaaaaaaa at 0xa000801c
[65060.480590] PUF Read:0xaaaaaaaa at 0xa0008020
[65060.480682] PUF Read:0xaaaaaaaa at 0xa0008024
[65060.480682] PUF Read:0xaaaaaaaa at 0xa0008028
[65060.480743] PUF Read:0xaaaaaaaa at 0xa000802c
[65060.480773] PUF Read:0xaaaaaaaa at 0xa0008030
[65060.480773] PUF Read:0xaaaaaaaa at 0xa0008034
[65060.480773] PUF Read:0xaaaaaaaa at 0xa0008038
[65060.480834] PUF Read:0xaaaaaaaa at 0xa000803c
[65060.480834] PUF Read:0xaaaaaaab at 0xa0008040
[65060.480895] PUF Read:0xaaaaeaaa at 0xa0008044
[65060.480926] PUF Read:0xaaaaaaaa at 0xa0008048
[65060.480926] PUF Read:0xaaaaaaaa at 0xa000804c
[65060.480987] PUF Read:0xaaaaaaaa at 0xa0008050
[65060.480987] PUF Read:0xaaaaaaaa at 0xa0008054
[65060.480987] PUF Read:0xaaaaaaaa at 0xa0008058
[65060.480987] PUF Read:0xaaaaaaaa at 0xa000805c
[65060.481079] PUF Read:0xaaaaaaaa at 0xa0008060
[65060.481079] PUF Read:0xaaaaaaaa at 0xa0008064
[65060.481079] PUF Read:0xaaaaaaaa at 0xa0008068
[65060.481079] PUF Read:0xaaaaaaaa at 0xa000806c
[65060.481170] PUF Read:0xaaaaaaaa at 0xa0008070
[65060.481170] PUF Read:0xaaaaaaaa at 0xa0008074
[65060.481231] PUF Read:0xaaaaaaaa at 0xa0008078
[65060.481262] PUF Read:0xaaaaaaaa at 0xa000807c
[65060.481262] PUF Read:0xaaaaaaaa at 0xa0008080
[65060.481262] PUF Read:0xaaaaaaaa at 0xa0008084
[65060.481323] PUF Read:0xaaaaaaaa at 0xa0008088
[65060.481323] PUF Read:0xaaaaaaaa at 0xa000808c
[65060.481384] PUF Read:0xaaaa8aaa at 0xa0008090
[65060.481414] PUF Read:0xaaaaaaaa at 0xa0008094
[65060.481414] PUF Read:0xaaabaaaa at 0xa0008098
[65060.481414] PUF Read:0xaaaaaaaa at 0xa000809c
[65060.481414] PUF Read:0xaaaaaaaa at 0xa00080a0
[65060.481414] PUF Read:0xaaaaaaaa at 0xa00080a4
[65060.481414] PUF Read:0xaaaaaaaa at 0xa00080a8
[65060.481567] PUF Read:0xaaaaaaaa at 0xa00080ac
[65060.481567] PUF Read:0xaaaaaaaa at 0xa00080b0
[65060.481567] PUF Read:0xaa2aaaaa at 0xa00080b4
[65060.481567] PUF Read:0xaaaaaaaa at 0xa00080b8
[65060.481658] PUF Read:0x8aaaaaaa at 0xa00080bc
[65060.481658] PUF Read:0xaaaaaaaa at 0xa00080c0
[65060.481719] PUF Read:0xaaaaaaaa at 0xa00080c4
[65060.481750] PUF Read:0xaaa2aaaa at 0xa00080c8
[65060.481750] PUF Read:0xaaaaaaaa at 0xa00080cc
[65060.481750] PUF Read:0xaaaaaaaa at 0xa00080d0
[65060.481811] PUF Read:0xaaaaaaaa at 0xa00080d4
[65060.481811] PUF Read:0xaaaaaaaa at 0xa00080d8
[65060.481872] PUF Read:0xaaaaaaaa at 0xa00080dc
[65060.481903] PUF Read:0xaaaaaaaa at 0xa00080e0
[65060.481903] PUF Read:0xaaaaaaaa at 0xa00080e4
[65060.481903] PUF Read:0xaaaaaaaa at 0xa00080e8
[65060.481994] PUF Read:0xaaaaaaab at 0xa00080ec
[65060.481994] PUF Read:0x8aaaaaaa at 0xa00080f0
[65060.481994] PUF Read:0xaaaaaaaa at 0xa00080f4
[65060.481994] PUF Read:0xaaaaaaaa at 0xa00080f8
[65060.482086] PUF Read:0xaaaaaaaa at 0xa00080fc
[65060.482086] PUF Read:0xaaaaaaaa at 0xa0008100
[65060.482086] PUF Read:0xaaaaaaaa at 0xa0008104
[65060.482086] PUF Read:0xaaaaaaaa at 0xa0008108
[65060.482177] PUF Read:0xaaaaaaaa at 0xa000810c
[65060.482177] PUF Read:0xaaaaaaaa at 0xa0008110
[65060.482238] PUF Read:0xaaaaaaaa at 0xa0008114
[65060.482269] PUF Read:0xaaaaaaaa at 0xa0008118
[65060.482269] PUF Read:0xaaaaaaaa at 0xa000811c
[65060.482269] PUF Read:0xaaaaaaaa at 0xa0008120
[65060.482330] PUF Read:0xaaaaaaaa at 0xa0008124
[65060.482330] PUF Read:0xaaaaaaaa at 0xa0008128
[65060.482330] PUF Read:0xaaaaaaaa at 0xa000812c
[65060.482421] PUF Read:0xaaaaaaaa at 0xa0008130
[65060.482421] PUF Read:0xaaaaaaaa at 0xa0008134
[65060.482421] PUF Read:0xaa8aaaaa at 0xa0008138
[65060.482421] PUF Read:0xaaaaaaaa at 0xa000813c
[65060.482421] PUF Read:0xaaaaaaaa at 0xa0008140
[65060.482421] PUF Read:0xaaaaaaaa at 0xa0008144
[65060.482574] PUF Read:0xaabaaeaa at 0xa0008148
[65060.482574] PUF Read:0xaaaaaaaa at 0xa000814c
[65060.482574] PUF Read:0xaaaaaaaa at 0xa0008150
[65060.482574] PUF Read:0xaaaaaaaa at 0xa0008154
[65060.482574] PUF Read:0xaaaaaaaa at 0xa0008158
[65060.482574] PUF Read:0xaaaaaaea at 0xa000815c
[65060.482727] PUF Read:0xaaaaaaaa at 0xa0008160
[65060.482757] PUF Read:0xaaaaaaaa at 0xa0008164
[65060.482757] PUF Read:0xaaaaaaaa at 0xa0008168
[65060.482757] PUF Read:0xaaaaaaaa at 0xa000816c
[65060.482818] PUF Read:0xaaaaaaaa at 0xa0008170
[65060.482818] PUF Read:0xaaaaaaaa at 0xa0008174
[65060.482879] PUF Read:0xaaaaaaaa at 0xa0008178
[65060.482910] PUF Read:0xaaaaaaaa at 0xa000817c
[65060.482910] PUF Read:0xaaaaaa2a at 0xa0008180
[65060.482971] PUF Read:0xaaaaaaaa at 0xa0008184
[65060.482971] PUF Read:0xaaaaaaaa at 0xa0008188
[65060.482971] PUF Read:0xaaaaaaaa at 0xa000818c
[65060.482971] PUF Read:0xaaaaaaaa at 0xa0008190
[65060.483062] PUF Read:0xaaaaaaaa at 0xa0008194
[65060.483062] PUF Read:0xaaaaaaaa at 0xa0008198
[65060.483062] PUF Read:0xaaaaaaaa at 0xa000819c
[65060.483062] PUF Read:0xaaaaaaaa at 0xa00081a0
[65060.483062] PUF Read:0xaaaaaaaa at 0xa00081a4
[65060.483062] PUF Read:0xaaaaaaaa at 0xa00081a8
[65060.483215] PUF Read:0xaaaaaaaa at 0xa00081ac
[65060.483215] PUF Read:0xaaeaaaaa at 0xa00081b0
[65060.483215] PUF Read:0xaaaaaaaa at 0xa00081b4
[65060.483215] PUF Read:0xaaaaaaaa at 0xa00081b8
[65060.483215] PUF Read:0xaaaaaaaa at 0xa00081bc
[65060.483215] PUF Read:0xaaaaaaaa at 0xa00081c0
[65060.483367] PUF Read:0xaaaaaaae at 0xa00081c4
[65060.483367] PUF Read:0xaaaaaaaa at 0xa00081c8
[65060.483367] PUF Read:0xaaaaaaaa at 0xa00081cc
[65060.483367] PUF Read:0xaaaaaaaa at 0xa00081d0
[65060.483367] PUF Read:0xaaaaaaaa at 0xa00081d4
[65060.483367] PUF Read:0xaaaaaaaa at 0xa00081d8
[65060.483367] PUF Read:0xaaaaaaaa at 0xa00081dc
[65060.483551] PUF Read:0xaaaaaaaa at 0xa00081e0
[65060.483581] PUF Read:0xaaaaaaaa at 0xa00081e4
[65060.483581] PUF Read:0xaaaaaaaa at 0xa00081e8
[65060.483581] PUF Read:0xaa2aaaaa at 0xa00081ec
[65060.483642] PUF Read:0xaaaaaaaa at 0xa00081f0
[65060.483642] PUF Read:0xaaaaaaaa at 0xa00081f4
[65060.483703] PUF Read:0xaaaaaaa2 at 0xa00081f8
[65060.483734] PUF Read:0xaaaaaaaa at 0xa00081fc
[65060.483734] PUF Read:0xaaaaaaaa at 0xa0008200
[65060.483734] PUF Read:0xaaaaaaaa at 0xa0008204
[65060.483795] PUF Read:0xaaaaaaaa at 0xa0008208
[65060.483795] PUF Read:0xa8aaaaaa at 0xa000820c
[65060.483856] PUF Read:0xaaaaaaaa at 0xa0008210
[65060.483886] PUF Read:0xaaaaaaaa at 0xa0008214
[65060.483886] PUF Read:0xaaaaaaaa at 0xa0008218
[65060.483886] PUF Read:0xaaaaaaaa at 0xa000821c
[65060.483947] PUF Read:0xaaaaaaaa at 0xa0008220
[65060.483947] PUF Read:0xaaaaaaaa at 0xa0008224
[65060.484008] PUF Read:0xaaaaaaaa at 0xa0008228
[65060.484039] PUF Read:0xaaaaaaaa at 0xa000822c
[65060.484039] PUF Read:0xaaaaaaaa at 0xa0008230
[65060.484039] PUF Read:0xaaaaaaaa at 0xa0008234
[65060.484039] PUF Read:0xaaaaaaaa at 0xa0008238
[65060.484039] PUF Read:0xaaaaaaaa at 0xa000823c
[65060.484039] PUF Read:0xaaaaaaaa at 0xa0008240
[65060.484191] PUF Read:0xaaaaaaaa at 0xa0008244
[65060.484191] PUF Read:0xaaaaaaaa at 0xa0008248
[65060.484191] PUF Read:0xaaaaaaaa at 0xa000824c
[65060.484191] PUF Read:0xaaaaaaaa at 0xa0008250
[65060.484191] PUF Read:0xaaaaaaaa at 0xa0008254
[65060.484191] PUF Read:0xaaaaaaaa at 0xa0008258
[65060.484344] PUF Read:0xaaaaaaaa at 0xa000825c
[65060.484375] PUF Read:0xaaaaaaaa at 0xa0008260
[65060.484375] PUF Read:0xaaaaaaaa at 0xa0008264
[65060.484375] PUF Read:0xaaaaaaaa at 0xa0008268
[65060.484436] PUF Read:0xaaaaaaaa at 0xa000826c
[65060.484436] PUF Read:0xaaaaaaaa at 0xa0008270
[65060.484497] PUF Read:0xaaaaaaaa at 0xa0008274
[65060.484527] PUF Read:0xaaaaaaaa at 0xa0008278
[65060.484527] PUF Read:0xaaaaaaaa at 0xa000827c
[65060.484588] PUF Read:0xaaaaaaaa at 0xa0008280
[65060.484588] PUF Read:0xaaaaaaaa at 0xa0008284
[65060.484588] PUF Read:0xaaaaaaaa at 0xa0008288
[65060.484588] PUF Read:0xaaaaaaaa at 0xa000828c
[65060.484680] PUF Read:0xaaaaaaaa at 0xa0008290
[65060.484680] PUF Read:0xaaaaaaaa at 0xa0008294
[65060.484680] PUF Read:0xaaaaaaaa at 0xa0008298
[65060.484680] PUF Read:0xaaaaaaaa at 0xa000829c
[65060.484771] PUF Read:0xaaaaaaaa at 0xa00082a0
[65060.484771] PUF Read:0xaaaaaaaa at 0xa00082a4
[65060.484832] PUF Read:0xaaaaaaaa at 0xa00082a8
[65060.484863] PUF Read:0xaaaaaaaa at 0xa00082ac
[65060.484863] PUF Read:0xaaaaaaaa at 0xa00082b0
[65060.484863] PUF Read:0xaaaaaaaa at 0xa00082b4
[65060.484924] PUF Read:0xaaaaaaea at 0xa00082b8
[65060.484924] PUF Read:0xaaaaaaaa at 0xa00082bc
[65060.484985] PUF Read:0xaaaaaaaa at 0xa00082c0
[65060.485015] PUF Read:0xaaaaaaaa at 0xa00082c4
[65060.485046] PUF Read:0xaaaaaaaa at 0xa00082c8
[65060.485046] PUF Read:0xaaaaaaaa at 0xa00082cc
[65060.485046] PUF Read:0xaaaaaaaa at 0xa00082d0
[65060.485107] PUF Read:0xaaaaaaaa at 0xa00082d4
[65060.485107] PUF Read:0xaaaaaaaa at 0xa00082d8
[65060.485168] PUF Read:0xaaaaaaaa at 0xa00082dc
[65060.485198] PUF Read:0xaaaaaaaa at 0xa00082e0
[65060.485198] PUF Read:0xaaaaaeaa at 0xa00082e4
[65060.485198] PUF Read:0xaaaaaaaa at 0xa00082e8
[65060.485198] PUF Read:0xaaaaaaaa at 0xa00082ec
[65060.485198] PUF Read:0xaaaaaaaa at 0xa00082f0
[65060.485198] PUF Read:0xaaaaaaaa at 0xa00082f4
[65060.485351] PUF Read:0xaaaaaaaa at 0xa00082f8
[65060.485351] PUF Read:0xaaaaaaaa at 0xa00082fc
[65060.485351] PUF Read:0xaaaaaaaa at 0xa0008300
[65060.485351] PUF Read:0xaaaaaaaa at 0xa0008304
[65060.485443] PUF Read:0xaaaaaaaa at 0xa0008308
[65060.485443] PUF Read:0xaaaaaaaa at 0xa000830c
[65060.485504] PUF Read:0xaaaaaaaa at 0xa0008310
[65060.485534] PUF Read:0xaaaaaaaa at 0xa0008314
[65060.485534] PUF Read:0xaaaaaaaa at 0xa0008318
[65060.485534] PUF Read:0xbaaaaaaa at 0xa000831c
[65060.485595] PUF Read:0xaaaaaaaa at 0xa0008320
[65060.485595] PUF Read:0xaaaaaaaa at 0xa0008324
[65060.485656] PUF Read:0xaaaaaaaa at 0xa0008328
[65060.485687] PUF Read:0xaaaaaaaa at 0xa000832c
[65060.485687] PUF Read:0xaaaaaaae at 0xa0008330
[65060.485687] PUF Read:0xaaaaaaaa at 0xa0008334
[65060.485748] PUF Read:0xaaaaaaaa at 0xa0008338
[65060.485748] PUF Read:0xaaaaaaaa at 0xa000833c
[65060.485809] PUF Read:0xaaaaaaaa at 0xa0008340
[65060.485839] PUF Read:0xaaaaaaaa at 0xa0008344
[65060.485839] PUF Read:0xaaaaaaaa at 0xa0008348
[65060.485900] PUF Read:0xaaaaaaaa at 0xa000834c
[65060.485900] PUF Read:0xaaaaaaaa at 0xa0008350
[65060.485900] PUF Read:0xaaaaaaaa at 0xa0008354
[65060.485961] PUF Read:0xaaaaaaaa at 0xa0008358
[65060.485992] PUF Read:0xaaaaaaaa at 0xa000835c
[65060.485992] PUF Read:0xaaabaaaa at 0xa0008360
[65060.485992] PUF Read:0xaaaaaaaa at 0xa0008364
[65060.485992] PUF Read:0xaaaaaaaa at 0xa0008368
[65060.485992] PUF Read:0xaaaaaaaa at 0xa000836c
[65060.485992] PUF Read:0xaaaaaaaa at 0xa0008370
[65060.486145] PUF Read:0xaaaaaaaa at 0xa0008374
[65060.486145] PUF Read:0xaaaaaaaa at 0xa0008378
[65060.486145] PUF Read:0xaaaaaaaa at 0xa000837c
[65060.486145] PUF Read:0xaaaaaaaa at 0xa0008380
[65060.486145] PUF Read:0xaaaaaaaa at 0xa0008384
[65060.486145] PUF Read:0xaaaaaaaa at 0xa0008388
[65060.486297] PUF Read:0xaaaaaaaa at 0xa000838c
[65060.486328] PUF Read:0xaaaaaaaa at 0xa0008390
[65060.486328] PUF Read:0xaaaaaaaa at 0xa0008394
[65060.486328] PUF Read:0xaaaaaaaa at 0xa0008398
[65060.486389] PUF Read:0xaaa2aaaa at 0xa000839c
[65060.486389] PUF Read:0xaaaaaaaa at 0xa00083a0
[65060.486450] PUF Read:0xaaaaaaaa at 0xa00083a4
[65060.486480] PUF Read:0xaaaaaaaa at 0xa00083a8
[65060.486480] PUF Read:0xaaaaaaaa at 0xa00083ac
[65060.486480] PUF Read:0xaaaaaaaa at 0xa00083b0
[65060.486541] PUF Read:0xaaaaaaaa at 0xa00083b4
[65060.486572] PUF Read:0xaaaaaaaa at 0xa00083b8
[65060.486572] PUF Read:0xaaaaaaaa at 0xa00083bc
[65060.486633] PUF Read:0xaaaaaaaa at 0xa00083c0
[65060.486663] PUF Read:0xaaaaaaaa at 0xa00083c4
[65060.486663] PUF Read:0xaaaaaaaa at 0xa00083c8
[65060.486663] PUF Read:0xaaaaaaaa at 0xa00083cc
[65060.486724] PUF Read:0xaaaaaaaa at 0xa00083d0
[65060.486724] PUF Read:0xaaabaaaa at 0xa00083d4
[65060.486785] PUF Read:0xaaaaaaaa at 0xa00083d8
[65060.486816] PUF Read:0xaaaaaaaa at 0xa00083dc
[65060.486846] PUF Read:0xaaaaaaaa at 0xa00083e0
[65060.486907] PUF Read:0xaaaaaaaa at 0xa00083e4
[65060.486907] PUF Read:0xaaaaaaaa at 0xa00083e8
[65060.486907] PUF Read:0xaaaaaaaa at 0xa00083ec
[65060.486907] PUF Read:0xaaaaaaaa at 0xa00083f0
[65060.486999] PUF Read:0xaaaaaaaa at 0xa00083f4
[65060.487030] PUF Read:0xaaaaaaae at 0xa00083f8
[65060.487030] PUF Read:0xaaaeaaaa at 0xa00083fc
[65060.487030] [i] Finished PUF read-out
[65060.487091] <6>[i] Finished PUF query for decaytime: 7680
[65060.487091] [i] Start decaytime: 120
[65060.487091] EMIF 2 REG Write 0x80000000 at 0x4d000010
[65060.487121] EMIF 2 REG Read 0x80000000 at 0x4d000010
[65060.487121] EMIF 2 REG Write 0x80000000 at 0x4d000014
[65060.487152] EMIF 2 REG Read 0x00000000 at 0x4d000014
[65060.487152] EMIF 2 REG Write 0x08016893 at 0x4d0000cc
[65060.487182] EMIF 2 REG Read 0x08016893 at 0x4d0000cc
[65060.487182] Temp polling alert disabled
[65060.487182] Refresh Disabled at EMIF2
[65060.487213] [i] Initialiting PUF & hammer rows
[65060.487213] [i] Single-Sided Rowhammer (SSRH)
[65060.487213] [i] Finished initialiting PUF & hammer rows
[65060.493927] [i]	Timer elapsed since its reset 0 sec
[65060.493927] [i] Decay: 120 sec
[65060.493927] [i]	Relative Decay: 0 msec
