[ 2849.887725] [i] Total hammer attempts per row: 1862659
[ 2849.887725] EMIF 2 REG Write 0x00000618 at 0x4d000010
[ 2849.887756] EMIF 2 REG Read 0x00000618 at 0x4d000010
[ 2849.887756] EMIF 2 REG Write 0x00000618 at 0x4d000014
[ 2849.887786] EMIF 2 REG Read 0x00000618 at 0x4d000014
[ 2849.887786] EMIF 2 REG Write 0x58016893 at 0x4d0000cc
[ 2849.887817] EMIF 2 REG Read 0x58016893 at 0x4d0000cc
[ 2849.887817] Temp polling alert enabled
[ 2849.887817] Refresh enabled at EMIF2
[ 2849.887847] [i] Starting PUF read-out
[ 2849.887847] [i] Single-Sided Rowhammer (SSRH)
[ 2849.887847] PUF Read:0x00000000 at 0xa0008000
[ 2849.887878] PUF Read:0x00000000 at 0xa0008004
[ 2849.887878] PUF Read:0x00000000 at 0xa0008008
[ 2849.887878] PUF Read:0x00000000 at 0xa000800c
[ 2849.887969] PUF Read:0x00000000 at 0xa0008010
[ 2849.888000] PUF Read:0x00000100 at 0xa0008014
[ 2849.888000] PUF Read:0x00000000 at 0xa0008018
[ 2849.888000] PUF Read:0x00000000 at 0xa000801c
[ 2849.888000] PUF Read:0x00000000 at 0xa0008020
[ 2849.888000] PUF Read:0x00000000 at 0xa0008024
[ 2849.888000] PUF Read:0x00000000 at 0xa0008028
[ 2849.888153] PUF Read:0x00000000 at 0xa000802c
[ 2849.888153] PUF Read:0x00000000 at 0xa0008030
[ 2849.888153] PUF Read:0x00000000 at 0xa0008034
[ 2849.888153] PUF Read:0x00000000 at 0xa0008038
[ 2849.888153] PUF Read:0x00000000 at 0xa000803c
[ 2849.888153] PUF Read:0x00000001 at 0xa0008040
[ 2849.888305] PUF Read:0x00004000 at 0xa0008044
[ 2849.888305] PUF Read:0x00000000 at 0xa0008048
[ 2849.888305] PUF Read:0x00000000 at 0xa000804c
[ 2849.888305] PUF Read:0x00000000 at 0xa0008050
[ 2849.888305] PUF Read:0x00000000 at 0xa0008054
[ 2849.888305] PUF Read:0x00000000 at 0xa0008058
[ 2849.888458] PUF Read:0x00000000 at 0xa000805c
[ 2849.888458] PUF Read:0x00000000 at 0xa0008060
[ 2849.888458] PUF Read:0x00000000 at 0xa0008064
[ 2849.888519] PUF Read:0x00000000 at 0xa0008068
[ 2849.888519] PUF Read:0x00000000 at 0xa000806c
[ 2849.888580] PUF Read:0x00000000 at 0xa0008070
[ 2849.888610] PUF Read:0x00000000 at 0xa0008074
[ 2849.888610] PUF Read:0x00000000 at 0xa0008078
[ 2849.888610] PUF Read:0x00000000 at 0xa000807c
[ 2849.888671] PUF Read:0x00000000 at 0xa0008080
[ 2849.888671] PUF Read:0x00000000 at 0xa0008084
[ 2849.888732] PUF Read:0x00000000 at 0xa0008088
[ 2849.888763] PUF Read:0x00000000 at 0xa000808c
[ 2849.888763] PUF Read:0x00000000 at 0xa0008090
[ 2849.888763] PUF Read:0x00000000 at 0xa0008094
[ 2849.888824] PUF Read:0x00010000 at 0xa0008098
[ 2849.888824] PUF Read:0x00000000 at 0xa000809c
[ 2849.888885] PUF Read:0x00000000 at 0xa00080a0
[ 2849.888885] PUF Read:0x00000000 at 0xa00080a4
[ 2849.888885] PUF Read:0x00000000 at 0xa00080a8
[ 2849.888885] PUF Read:0x00000000 at 0xa00080ac
[ 2849.888885] PUF Read:0x00000000 at 0xa00080b0
[ 2849.888885] PUF Read:0x00000000 at 0xa00080b4
[ 2849.889038] PUF Read:0x00000000 at 0xa00080b8
[ 2849.889038] PUF Read:0x00000000 at 0xa00080bc
[ 2849.889038] PUF Read:0x00000000 at 0xa00080c0
[ 2849.889038] PUF Read:0x00000000 at 0xa00080c4
[ 2849.889038] PUF Read:0x00000000 at 0xa00080c8
[ 2849.889160] PUF Read:0x00000000 at 0xa00080cc
[ 2849.889190] PUF Read:0x00000000 at 0xa00080d0
[ 2849.889190] PUF Read:0x00000000 at 0xa00080d4
[ 2849.889190] PUF Read:0x00000000 at 0xa00080d8
[ 2849.889251] PUF Read:0x00000000 at 0xa00080dc
[ 2849.889251] PUF Read:0x01000000 at 0xa00080e0
[ 2849.889312] PUF Read:0x00000000 at 0xa00080e4
[ 2849.889343] PUF Read:0x00000000 at 0xa00080e8
[ 2849.889343] PUF Read:0x00000001 at 0xa00080ec
[ 2849.889343] PUF Read:0x00000000 at 0xa00080f0
[ 2849.889404] PUF Read:0x00000000 at 0xa00080f4
[ 2849.889404] PUF Read:0x00000000 at 0xa00080f8
[ 2849.889465] PUF Read:0x00000000 at 0xa00080fc
[ 2849.889495] PUF Read:0x00000000 at 0xa0008100
[ 2849.889495] PUF Read:0x00000000 at 0xa0008104
[ 2849.889495] PUF Read:0x00000000 at 0xa0008108
[ 2849.889556] PUF Read:0x00000000 at 0xa000810c
[ 2849.889556] PUF Read:0x00000000 at 0xa0008110
[ 2849.889617] PUF Read:0x00000000 at 0xa0008114
[ 2849.889617] PUF Read:0x00000000 at 0xa0008118
[ 2849.889617] PUF Read:0x00000000 at 0xa000811c
[ 2849.889617] PUF Read:0x00000000 at 0xa0008120
[ 2849.889617] PUF Read:0x00000000 at 0xa0008124
[ 2849.889739] PUF Read:0x00000000 at 0xa0008128
[ 2849.889770] PUF Read:0x00000000 at 0xa000812c
[ 2849.889770] PUF Read:0x00000000 at 0xa0008130
[ 2849.889770] PUF Read:0x00000000 at 0xa0008134
[ 2849.889831] PUF Read:0x00000000 at 0xa0008138
[ 2849.889831] PUF Read:0x00000000 at 0xa000813c
[ 2849.889892] PUF Read:0x00000000 at 0xa0008140
[ 2849.889923] PUF Read:0x00000000 at 0xa0008144
[ 2849.889923] PUF Read:0x00100400 at 0xa0008148
[ 2849.889923] PUF Read:0x00000000 at 0xa000814c
[ 2849.889984] PUF Read:0x00000000 at 0xa0008150
[ 2849.889984] PUF Read:0x00000000 at 0xa0008154
[ 2849.890045] PUF Read:0x00000000 at 0xa0008158
[ 2849.890045] PUF Read:0x00000040 at 0xa000815c
[ 2849.890045] PUF Read:0x00000000 at 0xa0008160
[ 2849.890045] PUF Read:0x00000000 at 0xa0008164
[ 2849.890045] PUF Read:0x00000000 at 0xa0008168
[ 2849.890045] PUF Read:0x00000000 at 0xa000816c
[ 2849.890197] PUF Read:0x00000000 at 0xa0008170
[ 2849.890197] PUF Read:0x00000000 at 0xa0008174
[ 2849.890258] PUF Read:0x00000000 at 0xa0008178
[ 2849.890258] PUF Read:0x00000000 at 0xa000817c
[ 2849.890258] PUF Read:0x00000000 at 0xa0008180
[ 2849.890319] PUF Read:0x00000000 at 0xa0008184
[ 2849.890350] PUF Read:0x00000000 at 0xa0008188
[ 2849.890350] PUF Read:0x00000000 at 0xa000818c
[ 2849.890350] PUF Read:0x00000000 at 0xa0008190
[ 2849.890350] PUF Read:0x00000000 at 0xa0008194
[ 2849.890350] PUF Read:0x00000000 at 0xa0008198
[ 2849.890350] PUF Read:0x00000000 at 0xa000819c
[ 2849.890502] PUF Read:0x00000000 at 0xa00081a0
[ 2849.890502] PUF Read:0x00000000 at 0xa00081a4
[ 2849.890502] PUF Read:0x00000000 at 0xa00081a8
[ 2849.890502] PUF Read:0x00000000 at 0xa00081ac
[ 2849.890502] PUF Read:0x00400000 at 0xa00081b0
[ 2849.890502] PUF Read:0x00000000 at 0xa00081b4
[ 2849.890655] PUF Read:0x00000000 at 0xa00081b8
[ 2849.890655] PUF Read:0x00000000 at 0xa00081bc
[ 2849.890716] PUF Read:0x00000000 at 0xa00081c0
[ 2849.890716] PUF Read:0x00000004 at 0xa00081c4
[ 2849.890716] PUF Read:0x00000000 at 0xa00081c8
[ 2849.890777] PUF Read:0x00000000 at 0xa00081cc
[ 2849.890808] PUF Read:0x10000000 at 0xa00081d0
[ 2849.890808] PUF Read:0x00000000 at 0xa00081d4
[ 2849.890869] PUF Read:0x00000000 at 0xa00081d8
[ 2849.890869] PUF Read:0x00000000 at 0xa00081dc
[ 2849.890869] PUF Read:0x00000000 at 0xa00081e0
[ 2849.890930] PUF Read:0x00000040 at 0xa00081e4
[ 2849.890960] PUF Read:0x00000000 at 0xa00081e8
[ 2849.890960] PUF Read:0x00000000 at 0xa00081ec
[ 2849.891021] PUF Read:0x00000000 at 0xa00081f0
[ 2849.891021] PUF Read:0x00000400 at 0xa00081f4
[ 2849.891021] PUF Read:0x00000000 at 0xa00081f8
[ 2849.891082] PUF Read:0x00000000 at 0xa00081fc
[ 2849.891113] PUF Read:0x00000000 at 0xa0008200
[ 2849.891113] PUF Read:0x00000000 at 0xa0008204
[ 2849.891174] PUF Read:0x00000000 at 0xa0008208
[ 2849.891174] PUF Read:0x00000000 at 0xa000820c
[ 2849.891174] PUF Read:0x00000000 at 0xa0008210
[ 2849.891235] PUF Read:0x00000000 at 0xa0008214
[ 2849.891265] PUF Read:0x00000000 at 0xa0008218
[ 2849.891265] PUF Read:0x00000000 at 0xa000821c
[ 2849.891265] PUF Read:0x00000000 at 0xa0008220
[ 2849.891326] PUF Read:0x00000000 at 0xa0008224
[ 2849.891326] PUF Read:0x00000000 at 0xa0008228
[ 2849.891387] PUF Read:0x00000000 at 0xa000822c
[ 2849.891418] PUF Read:0x00000000 at 0xa0008230
[ 2849.891418] PUF Read:0x00400000 at 0xa0008234
[ 2849.891418] PUF Read:0x00000000 at 0xa0008238
[ 2849.891479] PUF Read:0x00000000 at 0xa000823c
[ 2849.891479] PUF Read:0x00000000 at 0xa0008240
[ 2849.891540] PUF Read:0x00000000 at 0xa0008244
[ 2849.891571] PUF Read:0x00000000 at 0xa0008248
[ 2849.891571] PUF Read:0x00000000 at 0xa000824c
[ 2849.891571] PUF Read:0x00000000 at 0xa0008250
[ 2849.891571] PUF Read:0x00000000 at 0xa0008254
[ 2849.891571] PUF Read:0x00000000 at 0xa0008258
[ 2849.891693] PUF Read:0x00000000 at 0xa000825c
[ 2849.891693] PUF Read:0x00000000 at 0xa0008260
[ 2849.891693] PUF Read:0x00000000 at 0xa0008264
[ 2849.891693] PUF Read:0x00000000 at 0xa0008268
[ 2849.891693] PUF Read:0x00000000 at 0xa000826c
[ 2849.891693] PUF Read:0x00000000 at 0xa0008270
[ 2849.891845] PUF Read:0x00000000 at 0xa0008274
[ 2849.891845] PUF Read:0x00000000 at 0xa0008278
[ 2849.891845] PUF Read:0x00000000 at 0xa000827c
[ 2849.891845] PUF Read:0x00000000 at 0xa0008280
[ 2849.891937] PUF Read:0x00000000 at 0xa0008284
[ 2849.891937] PUF Read:0x00000000 at 0xa0008288
[ 2849.891998] PUF Read:0x00000000 at 0xa000828c
[ 2849.892028] PUF Read:0x00000000 at 0xa0008290
[ 2849.892028] PUF Read:0x00000000 at 0xa0008294
[ 2849.892028] PUF Read:0x00000000 at 0xa0008298
[ 2849.892089] PUF Read:0x00000000 at 0xa000829c
[ 2849.892089] PUF Read:0x00000000 at 0xa00082a0
[ 2849.892150] PUF Read:0x00000000 at 0xa00082a4
[ 2849.892181] PUF Read:0x00000000 at 0xa00082a8
[ 2849.892181] PUF Read:0x00000000 at 0xa00082ac
[ 2849.892181] PUF Read:0x00000000 at 0xa00082b0
[ 2849.892242] PUF Read:0x00000000 at 0xa00082b4
[ 2849.892242] PUF Read:0x00000040 at 0xa00082b8
[ 2849.892303] PUF Read:0x00000000 at 0xa00082bc
[ 2849.892333] PUF Read:0x00000000 at 0xa00082c0
[ 2849.892333] PUF Read:0x00000000 at 0xa00082c4
[ 2849.892333] PUF Read:0x10000000 at 0xa00082c8
[ 2849.892395] PUF Read:0x00000000 at 0xa00082cc
[ 2849.892395] PUF Read:0x00000000 at 0xa00082d0
[ 2849.892456] PUF Read:0x00000000 at 0xa00082d4
[ 2849.892486] PUF Read:0x00000000 at 0xa00082d8
[ 2849.892486] PUF Read:0x00000000 at 0xa00082dc
[ 2849.892486] PUF Read:0x00000000 at 0xa00082e0
[ 2849.892486] PUF Read:0x00000400 at 0xa00082e4
[ 2849.892486] PUF Read:0x00000000 at 0xa00082e8
[ 2849.892608] PUF Read:0x00000000 at 0xa00082ec
[ 2849.892608] PUF Read:0x00000000 at 0xa00082f0
[ 2849.892608] PUF Read:0x00000000 at 0xa00082f4
[ 2849.892608] PUF Read:0x00000000 at 0xa00082f8
[ 2849.892608] PUF Read:0x00000000 at 0xa00082fc
[ 2849.892608] PUF Read:0x00000000 at 0xa0008300
[ 2849.892761] PUF Read:0x00000000 at 0xa0008304
[ 2849.892761] PUF Read:0x00000000 at 0xa0008308
[ 2849.892822] PUF Read:0x00000000 at 0xa000830c
[ 2849.892822] PUF Read:0x00000000 at 0xa0008310
[ 2849.892822] PUF Read:0x00000000 at 0xa0008314
[ 2849.892883] PUF Read:0x00000000 at 0xa0008318
[ 2849.892913] PUF Read:0x10000000 at 0xa000831c
[ 2849.892913] PUF Read:0x00000000 at 0xa0008320
[ 2849.892974] PUF Read:0x00000000 at 0xa0008324
[ 2849.892974] PUF Read:0x00000000 at 0xa0008328
[ 2849.892974] PUF Read:0x00000000 at 0xa000832c
[ 2849.893035] PUF Read:0x00000004 at 0xa0008330
[ 2849.893066] PUF Read:0x00000000 at 0xa0008334
[ 2849.893096] PUF Read:0x00000000 at 0xa0008338
[ 2849.893096] PUF Read:0x00000000 at 0xa000833c
[ 2849.893096] PUF Read:0x00000000 at 0xa0008340
[ 2849.893096] PUF Read:0x00000000 at 0xa0008344
[ 2849.893218] PUF Read:0x00000000 at 0xa0008348
[ 2849.893218] PUF Read:0x00000000 at 0xa000834c
[ 2849.893280] PUF Read:0x00000000 at 0xa0008350
[ 2849.893310] PUF Read:0x00000000 at 0xa0008354
[ 2849.893310] PUF Read:0x00000000 at 0xa0008358
[ 2849.893310] PUF Read:0x00000000 at 0xa000835c
[ 2849.893371] PUF Read:0x00010000 at 0xa0008360
[ 2849.893371] PUF Read:0x00000000 at 0xa0008364
[ 2849.893432] PUF Read:0x00000000 at 0xa0008368
[ 2849.893463] PUF Read:0x00000000 at 0xa000836c
[ 2849.893463] PUF Read:0x00000000 at 0xa0008370
[ 2849.893524] PUF Read:0x00000000 at 0xa0008374
[ 2849.893524] PUF Read:0x00000000 at 0xa0008378
[ 2849.893524] PUF Read:0x00000000 at 0xa000837c
[ 2849.893585] PUF Read:0x00000000 at 0xa0008380
[ 2849.893615] PUF Read:0x00000000 at 0xa0008384
[ 2849.893615] PUF Read:0x00000000 at 0xa0008388
[ 2849.893615] PUF Read:0x00000000 at 0xa000838c
[ 2849.893676] PUF Read:0x00000000 at 0xa0008390
[ 2849.893676] PUF Read:0x00000000 at 0xa0008394
[ 2849.893737] PUF Read:0x00000000 at 0xa0008398
[ 2849.893768] PUF Read:0x00000000 at 0xa000839c
[ 2849.893768] PUF Read:0x00000000 at 0xa00083a0
[ 2849.893768] PUF Read:0x00000000 at 0xa00083a4
[ 2849.893829] PUF Read:0x00000000 at 0xa00083a8
[ 2849.893829] PUF Read:0x00000000 at 0xa00083ac
[ 2849.893890] PUF Read:0x00000000 at 0xa00083b0
[ 2849.893920] PUF Read:0x00000000 at 0xa00083b4
[ 2849.893920] PUF Read:0x00000000 at 0xa00083b8
[ 2849.893920] PUF Read:0x00000000 at 0xa00083bc
[ 2849.893981] PUF Read:0x00000000 at 0xa00083c0
[ 2849.893981] PUF Read:0x00000000 at 0xa00083c4
[ 2849.894042] PUF Read:0x00000000 at 0xa00083c8
[ 2849.894073] PUF Read:0x00000000 at 0xa00083cc
[ 2849.894073] PUF Read:0x00000000 at 0xa00083d0
[ 2849.894073] PUF Read:0x00010000 at 0xa00083d4
[ 2849.894073] PUF Read:0x00000000 at 0xa00083d8
[ 2849.894073] PUF Read:0x00000000 at 0xa00083dc
[ 2849.894195] PUF Read:0x00000000 at 0xa00083e0
[ 2849.894195] PUF Read:0x00000000 at 0xa00083e4
[ 2849.894195] PUF Read:0x00000000 at 0xa00083e8
[ 2849.894195] PUF Read:0x00000000 at 0xa00083ec
[ 2849.894195] PUF Read:0x00000000 at 0xa00083f0
[ 2849.894317] PUF Read:0x00000000 at 0xa00083f4
[ 2849.894348] PUF Read:0x00000004 at 0xa00083f8
[ 2849.894348] PUF Read:0x00040000 at 0xa00083fc
[ 2849.894348] [i] Finished PUF read-out
[ 2849.894409] <6>[i] Finished PUF query for decaytime: 7680
[ 2849.894409] [i] Start decaytime: 120
[ 2849.894409] EMIF 2 REG Write 0x80000000 at 0x4d000010
[ 2849.894439] EMIF 2 REG Read 0x80000000 at 0x4d000010
[ 2849.894439] EMIF 2 REG Write 0x80000000 at 0x4d000014
[ 2849.894470] EMIF 2 REG Read 0x00000000 at 0x4d000014
[ 2849.894470] EMIF 2 REG Write 0x08016893 at 0x4d0000cc
[ 2849.894500] EMIF 2 REG Read 0x08016893 at 0x4d0000cc
[ 2849.894500] Temp polling alert disabled
[ 2849.894500] Refresh Disabled at EMIF2
[ 2849.894531] [i] Initialiting PUF & hammer rows
[ 2849.894531] [i] Single-Sided Rowhammer (SSRH)
[ 2849.900909] [i] Finished initialiting PUF & hammer rows
[ 2849.900909] [i]	Timer elapsed since its reset 0 sec
[ 2849.901275] [i] Decay: 120 sec
[ 2849.901275] [i]	Relative Decay: 0 msec
