[14208.433746] [i] Total hammer attempts per row: 1863464
[14208.433776] EMIF 2 REG Write 0x00000618 at 0x4d000010
[14208.433776] EMIF 2 REG Read 0x00000618 at 0x4d000010
[14208.433807] EMIF 2 REG Write 0x00000618 at 0x4d000014
[14208.433807] EMIF 2 REG Read 0x00000618 at 0x4d000014
[14208.433837] EMIF 2 REG Write 0x58016893 at 0x4d0000cc
[14208.433837] EMIF 2 REG Read 0x58016893 at 0x4d0000cc
[14208.433837] Temp polling alert enabled
[14208.433868] Refresh enabled at EMIF2
[14208.433868] [i] Starting PUF read-out
[14208.433868] [i] Single-Sided Rowhammer (SSRH)
[14208.433898] PUF Read:0x00000000 at 0xa0008000
[14208.433929] PUF Read:0x00000000 at 0xa0008004
[14208.433959] PUF Read:0x00000000 at 0xa0008008
[14208.433959] PUF Read:0x00000000 at 0xa000800c
[14208.433959] PUF Read:0x00000000 at 0xa0008010
[14208.433959] PUF Read:0x00000100 at 0xa0008014
[14208.433959] PUF Read:0x00000000 at 0xa0008018
[14208.433959] PUF Read:0x00000000 at 0xa000801c
[14208.434112] PUF Read:0x00000000 at 0xa0008020
[14208.434143] PUF Read:0x40004000 at 0xa0008024
[14208.434143] PUF Read:0x00000000 at 0xa0008028
[14208.434143] PUF Read:0x00000000 at 0xa000802c
[14208.434204] PUF Read:0x00000000 at 0xa0008030
[14208.434204] PUF Read:0x00000000 at 0xa0008034
[14208.434265] PUF Read:0x00000000 at 0xa0008038
[14208.434295] PUF Read:0x00000000 at 0xa000803c
[14208.434295] PUF Read:0x00000001 at 0xa0008040
[14208.434356] PUF Read:0x00004000 at 0xa0008044
[14208.434356] PUF Read:0x00000000 at 0xa0008048
[14208.434356] PUF Read:0x00000000 at 0xa000804c
[14208.434417] PUF Read:0x00000000 at 0xa0008050
[14208.434448] PUF Read:0x00000000 at 0xa0008054
[14208.434448] PUF Read:0x00000000 at 0xa0008058
[14208.434509] PUF Read:0x00000000 at 0xa000805c
[14208.434509] PUF Read:0x00000000 at 0xa0008060
[14208.434509] PUF Read:0x00000000 at 0xa0008064
[14208.434509] PUF Read:0x00000000 at 0xa0008068
[14208.434600] PUF Read:0x00000000 at 0xa000806c
[14208.434600] PUF Read:0x00000000 at 0xa0008070
[14208.434661] PUF Read:0x00000000 at 0xa0008074
[14208.434661] PUF Read:0x00000000 at 0xa0008078
[14208.434661] PUF Read:0x00000000 at 0xa000807c
[14208.434722] PUF Read:0x00010000 at 0xa0008080
[14208.434753] PUF Read:0x00000000 at 0xa0008084
[14208.434753] PUF Read:0x00000000 at 0xa0008088
[14208.434753] PUF Read:0x00000000 at 0xa000808c
[14208.434814] PUF Read:0x00000000 at 0xa0008090
[14208.434814] PUF Read:0x00000000 at 0xa0008094
[14208.434875] PUF Read:0x00010001 at 0xa0008098
[14208.434906] PUF Read:0x00000000 at 0xa000809c
[14208.434906] PUF Read:0x00000000 at 0xa00080a0
[14208.434906] PUF Read:0x00000000 at 0xa00080a4
[14208.434967] PUF Read:0x00000000 at 0xa00080a8
[14208.434967] PUF Read:0x00000040 at 0xa00080ac
[14208.435028] PUF Read:0x00000000 at 0xa00080b0
[14208.435058] PUF Read:0x00000000 at 0xa00080b4
[14208.435058] PUF Read:0x00004000 at 0xa00080b8
[14208.435058] PUF Read:0x00000000 at 0xa00080bc
[14208.435119] PUF Read:0x00000000 at 0xa00080c0
[14208.435119] PUF Read:0x00000000 at 0xa00080c4
[14208.435180] PUF Read:0x00000000 at 0xa00080c8
[14208.435211] PUF Read:0x00000000 at 0xa00080cc
[14208.435211] PUF Read:0x40044000 at 0xa00080d0
[14208.435211] PUF Read:0x00000000 at 0xa00080d4
[14208.435272] PUF Read:0x00000000 at 0xa00080d8
[14208.435272] PUF Read:0x00000000 at 0xa00080dc
[14208.435333] PUF Read:0x01000000 at 0xa00080e0
[14208.435363] PUF Read:0x00000000 at 0xa00080e4
[14208.435363] PUF Read:0x00000000 at 0xa00080e8
[14208.435363] PUF Read:0x00000001 at 0xa00080ec
[14208.435424] PUF Read:0x00000000 at 0xa00080f0
[14208.435424] PUF Read:0x00000000 at 0xa00080f4
[14208.435485] PUF Read:0x00000100 at 0xa00080f8
[14208.435516] PUF Read:0x00000000 at 0xa00080fc
[14208.435516] PUF Read:0x00000000 at 0xa0008100
[14208.435516] PUF Read:0x00000000 at 0xa0008104
[14208.435577] PUF Read:0x00000000 at 0xa0008108
[14208.435577] PUF Read:0x00000000 at 0xa000810c
[14208.435638] PUF Read:0x00000000 at 0xa0008110
[14208.435668] PUF Read:0x00000000 at 0xa0008114
[14208.435668] PUF Read:0x00000000 at 0xa0008118
[14208.435668] PUF Read:0x00000000 at 0xa000811c
[14208.435729] PUF Read:0x00000000 at 0xa0008120
[14208.435729] PUF Read:0x00000400 at 0xa0008124
[14208.435791] PUF Read:0x00000040 at 0xa0008128
[14208.435821] PUF Read:0x00000000 at 0xa000812c
[14208.435821] PUF Read:0x00000000 at 0xa0008130
[14208.435821] PUF Read:0x00000000 at 0xa0008134
[14208.435882] PUF Read:0x00000000 at 0xa0008138
[14208.435882] PUF Read:0x00000000 at 0xa000813c
[14208.435943] PUF Read:0x00000400 at 0xa0008140
[14208.435974] PUF Read:0x00000000 at 0xa0008144
[14208.435974] PUF Read:0x00100400 at 0xa0008148
[14208.435974] PUF Read:0x00000000 at 0xa000814c
[14208.435974] PUF Read:0x00000000 at 0xa0008150
[14208.435974] PUF Read:0x00000000 at 0xa0008154
[14208.436096] PUF Read:0x00000000 at 0xa0008158
[14208.436096] PUF Read:0x00000040 at 0xa000815c
[14208.436096] PUF Read:0x00000000 at 0xa0008160
[14208.436096] PUF Read:0x00000000 at 0xa0008164
[14208.436187] PUF Read:0x00000000 at 0xa0008168
[14208.436187] PUF Read:0x00400000 at 0xa000816c
[14208.436187] PUF Read:0x00000000 at 0xa0008170
[14208.436279] PUF Read:0x00000000 at 0xa0008174
[14208.436279] PUF Read:0x00000000 at 0xa0008178
[14208.436279] PUF Read:0x00000000 at 0xa000817c
[14208.436279] PUF Read:0x00000000 at 0xa0008180
[14208.436279] PUF Read:0x00000000 at 0xa0008184
[14208.436279] PUF Read:0x00000000 at 0xa0008188
[14208.436431] PUF Read:0x00000000 at 0xa000818c
[14208.436431] PUF Read:0x00000000 at 0xa0008190
[14208.436431] PUF Read:0x40000000 at 0xa0008194
[14208.436431] PUF Read:0x00000000 at 0xa0008198
[14208.436431] PUF Read:0x00000000 at 0xa000819c
[14208.436431] PUF Read:0x00000000 at 0xa00081a0
[14208.436584] PUF Read:0x00000000 at 0xa00081a4
[14208.436614] PUF Read:0x00000000 at 0xa00081a8
[14208.436614] PUF Read:0x00000000 at 0xa00081ac
[14208.436614] PUF Read:0x00410000 at 0xa00081b0
[14208.436676] PUF Read:0x00000000 at 0xa00081b4
[14208.436676] PUF Read:0x00000000 at 0xa00081b8
[14208.436737] PUF Read:0x00000000 at 0xa00081bc
[14208.436767] PUF Read:0x00000000 at 0xa00081c0
[14208.436767] PUF Read:0x00000004 at 0xa00081c4
[14208.436767] PUF Read:0x00000000 at 0xa00081c8
[14208.436828] PUF Read:0x00010000 at 0xa00081cc
[14208.436828] PUF Read:0x10000000 at 0xa00081d0
[14208.436889] PUF Read:0x00000000 at 0xa00081d4
[14208.436920] PUF Read:0x00000000 at 0xa00081d8
[14208.436920] PUF Read:0x00000000 at 0xa00081dc
[14208.436920] PUF Read:0x00000000 at 0xa00081e0
[14208.436920] PUF Read:0x00000040 at 0xa00081e4
[14208.436920] PUF Read:0x00000000 at 0xa00081e8
[14208.437042] PUF Read:0x00000000 at 0xa00081ec
[14208.437072] PUF Read:0x00000000 at 0xa00081f0
[14208.437072] PUF Read:0x00000400 at 0xa00081f4
[14208.437072] PUF Read:0x00000000 at 0xa00081f8
[14208.437133] PUF Read:0x00000000 at 0xa00081fc
[14208.437133] PUF Read:0x00000000 at 0xa0008200
[14208.437194] PUF Read:0x00000000 at 0xa0008204
[14208.437225] PUF Read:0x00000000 at 0xa0008208
[14208.437225] PUF Read:0x00000000 at 0xa000820c
[14208.437286] PUF Read:0x00000000 at 0xa0008210
[14208.437286] PUF Read:0x00000000 at 0xa0008214
[14208.437286] PUF Read:0x00000000 at 0xa0008218
[14208.437286] PUF Read:0x00000000 at 0xa000821c
[14208.437377] PUF Read:0x00000000 at 0xa0008220
[14208.437377] PUF Read:0x00000000 at 0xa0008224
[14208.437377] PUF Read:0x00000000 at 0xa0008228
[14208.437377] PUF Read:0x00000000 at 0xa000822c
[14208.437377] PUF Read:0x00000000 at 0xa0008230
[14208.437377] PUF Read:0x00400000 at 0xa0008234
[14208.437530] PUF Read:0x00000000 at 0xa0008238
[14208.437530] PUF Read:0x00000000 at 0xa000823c
[14208.437530] PUF Read:0x00000000 at 0xa0008240
[14208.437530] PUF Read:0x00000000 at 0xa0008244
[14208.437530] PUF Read:0x00000000 at 0xa0008248
[14208.437530] PUF Read:0x00000000 at 0xa000824c
[14208.437683] PUF Read:0x00000000 at 0xa0008250
[14208.437683] PUF Read:0x00100000 at 0xa0008254
[14208.437683] PUF Read:0x00000000 at 0xa0008258
[14208.437683] PUF Read:0x00040000 at 0xa000825c
[14208.437774] PUF Read:0x00000000 at 0xa0008260
[14208.437774] PUF Read:0x00000000 at 0xa0008264
[14208.437835] PUF Read:0x00000000 at 0xa0008268
[14208.437866] PUF Read:0x40000000 at 0xa000826c
[14208.437866] PUF Read:0x00000000 at 0xa0008270
[14208.437927] PUF Read:0x00000000 at 0xa0008274
[14208.437927] PUF Read:0x00000000 at 0xa0008278
[14208.437927] PUF Read:0x00000000 at 0xa000827c
[14208.437927] PUF Read:0x00000000 at 0xa0008280
[14208.438018] PUF Read:0x00000000 at 0xa0008284
[14208.438018] PUF Read:0x00000000 at 0xa0008288
[14208.438018] PUF Read:0x00000000 at 0xa000828c
[14208.438018] PUF Read:0x00000000 at 0xa0008290
[14208.438018] PUF Read:0x00000000 at 0xa0008294
[14208.438018] PUF Read:0x00000000 at 0xa0008298
[14208.438171] PUF Read:0x00000000 at 0xa000829c
[14208.438171] PUF Read:0x00000000 at 0xa00082a0
[14208.438171] PUF Read:0x00001000 at 0xa00082a4
[14208.438171] PUF Read:0x00000000 at 0xa00082a8
[14208.438262] PUF Read:0x00000000 at 0xa00082ac
[14208.438262] PUF Read:0x00000000 at 0xa00082b0
[14208.438323] PUF Read:0x00000000 at 0xa00082b4
[14208.438354] PUF Read:0x00000040 at 0xa00082b8
[14208.438354] PUF Read:0x00000000 at 0xa00082bc
[14208.438354] PUF Read:0x00000000 at 0xa00082c0
[14208.438354] PUF Read:0x00000000 at 0xa00082c4
[14208.438354] PUF Read:0x10000000 at 0xa00082c8
[14208.438476] PUF Read:0x00000000 at 0xa00082cc
[14208.438476] PUF Read:0x00100000 at 0xa00082d0
[14208.438476] PUF Read:0x00000000 at 0xa00082d4
[14208.438476] PUF Read:0x00000000 at 0xa00082d8
[14208.438568] PUF Read:0x00000000 at 0xa00082dc
[14208.438568] PUF Read:0x00000000 at 0xa00082e0
[14208.438629] PUF Read:0x00000400 at 0xa00082e4
[14208.438659] PUF Read:0x00000000 at 0xa00082e8
[14208.438659] PUF Read:0x00000001 at 0xa00082ec
[14208.438659] PUF Read:0x00000000 at 0xa00082f0
[14208.438720] PUF Read:0x00000000 at 0xa00082f4
[14208.438720] PUF Read:0x00000000 at 0xa00082f8
[14208.438781] PUF Read:0x00000000 at 0xa00082fc
[14208.438812] PUF Read:0x00000000 at 0xa0008300
[14208.438812] PUF Read:0x00000000 at 0xa0008304
[14208.438812] PUF Read:0x00000000 at 0xa0008308
[14208.438873] PUF Read:0x00000000 at 0xa000830c
[14208.438873] PUF Read:0x00000000 at 0xa0008310
[14208.438934] PUF Read:0x00000000 at 0xa0008314
[14208.438964] PUF Read:0x01000000 at 0xa0008318
[14208.438964] PUF Read:0x10000000 at 0xa000831c
[14208.438964] PUF Read:0x00000000 at 0xa0008320
[14208.438964] PUF Read:0x00000000 at 0xa0008324
[14208.438964] PUF Read:0x00000000 at 0xa0008328
[14208.438964] PUF Read:0x00000000 at 0xa000832c
[14208.439117] PUF Read:0x00000004 at 0xa0008330
[14208.439117] PUF Read:0x00000000 at 0xa0008334
[14208.439117] PUF Read:0x00000000 at 0xa0008338
[14208.439117] PUF Read:0x00000000 at 0xa000833c
[14208.439117] PUF Read:0x00000000 at 0xa0008340
[14208.439117] PUF Read:0x00000000 at 0xa0008344
[14208.439270] PUF Read:0x00000000 at 0xa0008348
[14208.439300] PUF Read:0x00000000 at 0xa000834c
[14208.439300] PUF Read:0x00000000 at 0xa0008350
[14208.439300] PUF Read:0x00000000 at 0xa0008354
[14208.439361] PUF Read:0x00000000 at 0xa0008358
[14208.439361] PUF Read:0x00000000 at 0xa000835c
[14208.439422] PUF Read:0x00010000 at 0xa0008360
[14208.439453] PUF Read:0x00000000 at 0xa0008364
[14208.439453] PUF Read:0x00000000 at 0xa0008368
[14208.439514] PUF Read:0x00000000 at 0xa000836c
[14208.439514] PUF Read:0x00000000 at 0xa0008370
[14208.439514] PUF Read:0x00000000 at 0xa0008374
[14208.439575] PUF Read:0x00000000 at 0xa0008378
[14208.439605] PUF Read:0x00000000 at 0xa000837c
[14208.439605] PUF Read:0x00000000 at 0xa0008380
[14208.439666] PUF Read:0x00000000 at 0xa0008384
[14208.439666] PUF Read:0x00000000 at 0xa0008388
[14208.439666] PUF Read:0x00000000 at 0xa000838c
[14208.439666] PUF Read:0x00000001 at 0xa0008390
[14208.439758] PUF Read:0x00000100 at 0xa0008394
[14208.439758] PUF Read:0x00000000 at 0xa0008398
[14208.439758] PUF Read:0x00000000 at 0xa000839c
[14208.439758] PUF Read:0x00000000 at 0xa00083a0
[14208.439758] PUF Read:0x00000000 at 0xa00083a4
[14208.439758] PUF Read:0x00000000 at 0xa00083a8
[14208.439910] PUF Read:0x00000000 at 0xa00083ac
[14208.439910] PUF Read:0x00000000 at 0xa00083b0
[14208.439910] PUF Read:0x00000000 at 0xa00083b4
[14208.440002] PUF Read:0x00000000 at 0xa00083b8
[14208.440032] PUF Read:0x00000000 at 0xa00083bc
[14208.440032] PUF Read:0x00000000 at 0xa00083c0
[14208.440032] PUF Read:0x04000000 at 0xa00083c4
[14208.440032] PUF Read:0x00000000 at 0xa00083c8
[14208.440155] PUF Read:0x00000000 at 0xa00083cc
[14208.440155] PUF Read:0x00000000 at 0xa00083d0
[14208.440216] PUF Read:0x00010000 at 0xa00083d4
[14208.440246] PUF Read:0x00000000 at 0xa00083d8
[14208.440246] PUF Read:0x00000000 at 0xa00083dc
[14208.440246] PUF Read:0x00100004 at 0xa00083e0
[14208.440307] PUF Read:0x10000000 at 0xa00083e4
[14208.440307] PUF Read:0x00000000 at 0xa00083e8
[14208.440368] PUF Read:0x00000000 at 0xa00083ec
[14208.440399] PUF Read:0x00000000 at 0xa00083f0
[14208.440399] PUF Read:0x00000000 at 0xa00083f4
[14208.440399] PUF Read:0x00000004 at 0xa00083f8
[14208.440460] PUF Read:0x00040000 at 0xa00083fc
[14208.440490] [i] Finished PUF read-out
[14208.440490] <6>[i] Finished PUF query for decaytime: 7680
[14208.440521] [i] Start decaytime: 120
[14208.440521] EMIF 2 REG Write 0x80000000 at 0x4d000010
[14208.440521] EMIF 2 REG Read 0x80000000 at 0x4d000010
[14208.440551] EMIF 2 REG Write 0x80000000 at 0x4d000014
[14208.440551] EMIF 2 REG Read 0x00000000 at 0x4d000014
[14208.440582] EMIF 2 REG Write 0x08016893 at 0x4d0000cc
[14208.440582] EMIF 2 REG Read 0x08016893 at 0x4d0000cc
[14208.440612] Temp polling alert disabled
[14208.440612] Refresh Disabled at EMIF2
[14208.440612] [i] Initialiting PUF & hammer rows
[14208.440643] [i] Single-Sided Rowhammer (SSRH)
[14208.440643] [i] Finished initialiting PUF & hammer rows
[14208.440643] [i]	Timer elapsed since its reset 0 sec
[14208.447326] [i] Decay: 120 sec
[14208.447326] [i]	Relative Decay: 0 msec
