[ 2129.824096] [i] Total hammer attempts per row: 1862665
[ 2129.824096] EMIF 2 REG Write 0x00000618 at 0x4d000010
[ 2129.824096] EMIF 2 REG Read 0x00000618 at 0x4d000010
[ 2129.824157] EMIF 2 REG Write 0x00000618 at 0x4d000014
[ 2129.824157] EMIF 2 REG Read 0x00000618 at 0x4d000014
[ 2129.824188] EMIF 2 REG Write 0x58016893 at 0x4d0000cc
[ 2129.824188] EMIF 2 REG Read 0x58016893 at 0x4d0000cc
[ 2129.824218] Temp polling alert enabled
[ 2129.824218] Refresh enabled at EMIF2
[ 2129.824218] [i] Starting PUF read-out
[ 2129.824249] [i] Single-Sided Rowhammer (SSRH)
[ 2129.824249] PUF Read:0x00000000 at 0xa0008000
[ 2129.824249] PUF Read:0x00000000 at 0xa0008004
[ 2129.824249] PUF Read:0x00000000 at 0xa0008008
[ 2129.824340] PUF Read:0x00000000 at 0xa000800c
[ 2129.824340] PUF Read:0x00000000 at 0xa0008010
[ 2129.824340] PUF Read:0x00000100 at 0xa0008014
[ 2129.824340] PUF Read:0x00000000 at 0xa0008018
[ 2129.824432] PUF Read:0x00000000 at 0xa000801c
[ 2129.824432] PUF Read:0x00000000 at 0xa0008020
[ 2129.824493] PUF Read:0x00000000 at 0xa0008024
[ 2129.824523] PUF Read:0x00000000 at 0xa0008028
[ 2129.824523] PUF Read:0x00000000 at 0xa000802c
[ 2129.824523] PUF Read:0x00000000 at 0xa0008030
[ 2129.824584] PUF Read:0x00000000 at 0xa0008034
[ 2129.824584] PUF Read:0x00000000 at 0xa0008038
[ 2129.824645] PUF Read:0x00000000 at 0xa000803c
[ 2129.824676] PUF Read:0x00000001 at 0xa0008040
[ 2129.824676] PUF Read:0x00004000 at 0xa0008044
[ 2129.824676] PUF Read:0x00000000 at 0xa0008048
[ 2129.824737] PUF Read:0x00000000 at 0xa000804c
[ 2129.824737] PUF Read:0x00000000 at 0xa0008050
[ 2129.824798] PUF Read:0x00000000 at 0xa0008054
[ 2129.824829] PUF Read:0x00000000 at 0xa0008058
[ 2129.824829] PUF Read:0x00000000 at 0xa000805c
[ 2129.824829] PUF Read:0x00000000 at 0xa0008060
[ 2129.824890] PUF Read:0x00000000 at 0xa0008064
[ 2129.824890] PUF Read:0x00000000 at 0xa0008068
[ 2129.824951] PUF Read:0x00000000 at 0xa000806c
[ 2129.824981] PUF Read:0x00000000 at 0xa0008070
[ 2129.824981] PUF Read:0x00000000 at 0xa0008074
[ 2129.824981] PUF Read:0x00000000 at 0xa0008078
[ 2129.824981] PUF Read:0x00000000 at 0xa000807c
[ 2129.824981] PUF Read:0x00000000 at 0xa0008080
[ 2129.825103] PUF Read:0x00000000 at 0xa0008084
[ 2129.825103] PUF Read:0x00000000 at 0xa0008088
[ 2129.825164] PUF Read:0x00000000 at 0xa000808c
[ 2129.825164] PUF Read:0x00000000 at 0xa0008090
[ 2129.825164] PUF Read:0x00000000 at 0xa0008094
[ 2129.825225] PUF Read:0x00010000 at 0xa0008098
[ 2129.825256] PUF Read:0x00000000 at 0xa000809c
[ 2129.825256] PUF Read:0x00000000 at 0xa00080a0
[ 2129.825256] PUF Read:0x00000000 at 0xa00080a4
[ 2129.825317] PUF Read:0x00000000 at 0xa00080a8
[ 2129.825317] PUF Read:0x00000040 at 0xa00080ac
[ 2129.825378] PUF Read:0x00000000 at 0xa00080b0
[ 2129.825408] PUF Read:0x00000000 at 0xa00080b4
[ 2129.825408] PUF Read:0x00000000 at 0xa00080b8
[ 2129.825408] PUF Read:0x00000000 at 0xa00080bc
[ 2129.825469] PUF Read:0x00000000 at 0xa00080c0
[ 2129.825469] PUF Read:0x00000000 at 0xa00080c4
[ 2129.825531] PUF Read:0x00000000 at 0xa00080c8
[ 2129.825561] PUF Read:0x00000000 at 0xa00080cc
[ 2129.825561] PUF Read:0x40000000 at 0xa00080d0
[ 2129.825561] PUF Read:0x00000000 at 0xa00080d4
[ 2129.825622] PUF Read:0x00000000 at 0xa00080d8
[ 2129.825622] PUF Read:0x00000000 at 0xa00080dc
[ 2129.825622] PUF Read:0x01000000 at 0xa00080e0
[ 2129.825714] PUF Read:0x00000000 at 0xa00080e4
[ 2129.825744] PUF Read:0x00000000 at 0xa00080e8
[ 2129.825744] PUF Read:0x00000001 at 0xa00080ec
[ 2129.825744] PUF Read:0x00000000 at 0xa00080f0
[ 2129.825805] PUF Read:0x00000000 at 0xa00080f4
[ 2129.825805] PUF Read:0x00000000 at 0xa00080f8
[ 2129.825866] PUF Read:0x00000000 at 0xa00080fc
[ 2129.825866] PUF Read:0x00000000 at 0xa0008100
[ 2129.825866] PUF Read:0x00000000 at 0xa0008104
[ 2129.825866] PUF Read:0x00000000 at 0xa0008108
[ 2129.825866] PUF Read:0x00000000 at 0xa000810c
[ 2129.825866] PUF Read:0x00000000 at 0xa0008110
[ 2129.826019] PUF Read:0x00000000 at 0xa0008114
[ 2129.826019] PUF Read:0x00000000 at 0xa0008118
[ 2129.826019] PUF Read:0x00000000 at 0xa000811c
[ 2129.826019] PUF Read:0x00000000 at 0xa0008120
[ 2129.826019] PUF Read:0x00000000 at 0xa0008124
[ 2129.826141] PUF Read:0x00000000 at 0xa0008128
[ 2129.826171] PUF Read:0x00000000 at 0xa000812c
[ 2129.826171] PUF Read:0x00000000 at 0xa0008130
[ 2129.826171] PUF Read:0x00000000 at 0xa0008134
[ 2129.826232] PUF Read:0x00000000 at 0xa0008138
[ 2129.826232] PUF Read:0x00000000 at 0xa000813c
[ 2129.826293] PUF Read:0x00000000 at 0xa0008140
[ 2129.826324] PUF Read:0x00000000 at 0xa0008144
[ 2129.826324] PUF Read:0x00100400 at 0xa0008148
[ 2129.826324] PUF Read:0x00000000 at 0xa000814c
[ 2129.826385] PUF Read:0x00000000 at 0xa0008150
[ 2129.826385] PUF Read:0x00000000 at 0xa0008154
[ 2129.826446] PUF Read:0x00000000 at 0xa0008158
[ 2129.826477] PUF Read:0x00000040 at 0xa000815c
[ 2129.826477] PUF Read:0x00000000 at 0xa0008160
[ 2129.826477] PUF Read:0x00000000 at 0xa0008164
[ 2129.826538] PUF Read:0x00000000 at 0xa0008168
[ 2129.826538] PUF Read:0x00400000 at 0xa000816c
[ 2129.826599] PUF Read:0x00000000 at 0xa0008170
[ 2129.826629] PUF Read:0x00000000 at 0xa0008174
[ 2129.826629] PUF Read:0x00000000 at 0xa0008178
[ 2129.826629] PUF Read:0x00000000 at 0xa000817c
[ 2129.826690] PUF Read:0x00000000 at 0xa0008180
[ 2129.826690] PUF Read:0x00000000 at 0xa0008184
[ 2129.826751] PUF Read:0x00000000 at 0xa0008188
[ 2129.826782] PUF Read:0x00000000 at 0xa000818c
[ 2129.826782] PUF Read:0x00000000 at 0xa0008190
[ 2129.826782] PUF Read:0x00000000 at 0xa0008194
[ 2129.826782] PUF Read:0x00000000 at 0xa0008198
[ 2129.826782] PUF Read:0x00000000 at 0xa000819c
[ 2129.826904] PUF Read:0x00000000 at 0xa00081a0
[ 2129.826904] PUF Read:0x00000000 at 0xa00081a4
[ 2129.826904] PUF Read:0x00000000 at 0xa00081a8
[ 2129.826904] PUF Read:0x00000000 at 0xa00081ac
[ 2129.826904] PUF Read:0x00400000 at 0xa00081b0
[ 2129.826904] PUF Read:0x00000000 at 0xa00081b4
[ 2129.827056] PUF Read:0x00000000 at 0xa00081b8
[ 2129.827056] PUF Read:0x00000000 at 0xa00081bc
[ 2129.827056] PUF Read:0x00000000 at 0xa00081c0
[ 2129.827056] PUF Read:0x00000004 at 0xa00081c4
[ 2129.827056] PUF Read:0x00000000 at 0xa00081c8
[ 2129.827056] PUF Read:0x00000000 at 0xa00081cc
[ 2129.827209] PUF Read:0x10000000 at 0xa00081d0
[ 2129.827239] PUF Read:0x00000000 at 0xa00081d4
[ 2129.827239] PUF Read:0x00000000 at 0xa00081d8
[ 2129.827239] PUF Read:0x00000000 at 0xa00081dc
[ 2129.827301] PUF Read:0x00000000 at 0xa00081e0
[ 2129.827301] PUF Read:0x00000040 at 0xa00081e4
[ 2129.827362] PUF Read:0x00000000 at 0xa00081e8
[ 2129.827392] PUF Read:0x00000000 at 0xa00081ec
[ 2129.827392] PUF Read:0x00000000 at 0xa00081f0
[ 2129.827392] PUF Read:0x00000400 at 0xa00081f4
[ 2129.827453] PUF Read:0x00000000 at 0xa00081f8
[ 2129.827453] PUF Read:0x00000000 at 0xa00081fc
[ 2129.827514] PUF Read:0x00000000 at 0xa0008200
[ 2129.827545] PUF Read:0x00000000 at 0xa0008204
[ 2129.827545] PUF Read:0x00000000 at 0xa0008208
[ 2129.827545] PUF Read:0x00000000 at 0xa000820c
[ 2129.827606] PUF Read:0x00000000 at 0xa0008210
[ 2129.827606] PUF Read:0x00000000 at 0xa0008214
[ 2129.827667] PUF Read:0x00000000 at 0xa0008218
[ 2129.827697] PUF Read:0x00000000 at 0xa000821c
[ 2129.827697] PUF Read:0x00000000 at 0xa0008220
[ 2129.827697] PUF Read:0x00000000 at 0xa0008224
[ 2129.827758] PUF Read:0x00000000 at 0xa0008228
[ 2129.827758] PUF Read:0x00000000 at 0xa000822c
[ 2129.827819] PUF Read:0x00000000 at 0xa0008230
[ 2129.827850] PUF Read:0x00400000 at 0xa0008234
[ 2129.827850] PUF Read:0x00000000 at 0xa0008238
[ 2129.827850] PUF Read:0x00000000 at 0xa000823c
[ 2129.827911] PUF Read:0x00000000 at 0xa0008240
[ 2129.827911] PUF Read:0x00000000 at 0xa0008244
[ 2129.827972] PUF Read:0x00000000 at 0xa0008248
[ 2129.828002] PUF Read:0x00000000 at 0xa000824c
[ 2129.828002] PUF Read:0x00000000 at 0xa0008250
[ 2129.828002] PUF Read:0x00000000 at 0xa0008254
[ 2129.828063] PUF Read:0x00000000 at 0xa0008258
[ 2129.828063] PUF Read:0x00000000 at 0xa000825c
[ 2129.828125] PUF Read:0x00000000 at 0xa0008260
[ 2129.828125] PUF Read:0x00000000 at 0xa0008264
[ 2129.828125] PUF Read:0x00000000 at 0xa0008268
[ 2129.828125] PUF Read:0x00000000 at 0xa000826c
[ 2129.828125] PUF Read:0x00000000 at 0xa0008270
[ 2129.828125] PUF Read:0x00000000 at 0xa0008274
[ 2129.828277] PUF Read:0x00000000 at 0xa0008278
[ 2129.828277] PUF Read:0x00000000 at 0xa000827c
[ 2129.828338] PUF Read:0x00000000 at 0xa0008280
[ 2129.828338] PUF Read:0x00000000 at 0xa0008284
[ 2129.828338] PUF Read:0x00000000 at 0xa0008288
[ 2129.828399] PUF Read:0x00000000 at 0xa000828c
[ 2129.828430] PUF Read:0x00000000 at 0xa0008290
[ 2129.828430] PUF Read:0x00000000 at 0xa0008294
[ 2129.828491] PUF Read:0x00000000 at 0xa0008298
[ 2129.828491] PUF Read:0x00000000 at 0xa000829c
[ 2129.828491] PUF Read:0x00000000 at 0xa00082a0
[ 2129.828552] PUF Read:0x00000000 at 0xa00082a4
[ 2129.828582] PUF Read:0x00000000 at 0xa00082a8
[ 2129.828582] PUF Read:0x00000000 at 0xa00082ac
[ 2129.828582] PUF Read:0x00000000 at 0xa00082b0
[ 2129.828643] PUF Read:0x00000000 at 0xa00082b4
[ 2129.828643] PUF Read:0x00000040 at 0xa00082b8
[ 2129.828643] PUF Read:0x00000000 at 0xa00082bc
[ 2129.828735] PUF Read:0x00000000 at 0xa00082c0
[ 2129.828765] PUF Read:0x00000000 at 0xa00082c4
[ 2129.828765] PUF Read:0x10000000 at 0xa00082c8
[ 2129.828765] PUF Read:0x00000000 at 0xa00082cc
[ 2129.828826] PUF Read:0x00000000 at 0xa00082d0
[ 2129.828826] PUF Read:0x00000000 at 0xa00082d4
[ 2129.828887] PUF Read:0x00000000 at 0xa00082d8
[ 2129.828887] PUF Read:0x00000000 at 0xa00082dc
[ 2129.828887] PUF Read:0x00000000 at 0xa00082e0
[ 2129.828887] PUF Read:0x00000400 at 0xa00082e4
[ 2129.828887] PUF Read:0x00000000 at 0xa00082e8
[ 2129.828887] PUF Read:0x00000000 at 0xa00082ec
[ 2129.829040] PUF Read:0x00000000 at 0xa00082f0
[ 2129.829071] PUF Read:0x00000000 at 0xa00082f4
[ 2129.829071] PUF Read:0x00000000 at 0xa00082f8
[ 2129.829071] PUF Read:0x00000000 at 0xa00082fc
[ 2129.829071] PUF Read:0x00000000 at 0xa0008300
[ 2129.829071] PUF Read:0x00000000 at 0xa0008304
[ 2129.829193] PUF Read:0x00000000 at 0xa0008308
[ 2129.829193] PUF Read:0x00000000 at 0xa000830c
[ 2129.829193] PUF Read:0x00000000 at 0xa0008310
[ 2129.829193] PUF Read:0x00000000 at 0xa0008314
[ 2129.829193] PUF Read:0x00000000 at 0xa0008318
[ 2129.829193] PUF Read:0x10000000 at 0xa000831c
[ 2129.829345] PUF Read:0x00000000 at 0xa0008320
[ 2129.829345] PUF Read:0x00000000 at 0xa0008324
[ 2129.829345] PUF Read:0x00000000 at 0xa0008328
[ 2129.829345] PUF Read:0x00000000 at 0xa000832c
[ 2129.829345] PUF Read:0x00000004 at 0xa0008330
[ 2129.829467] PUF Read:0x00000000 at 0xa0008334
[ 2129.829498] PUF Read:0x00000000 at 0xa0008338
[ 2129.829498] PUF Read:0x00000000 at 0xa000833c
[ 2129.829559] PUF Read:0x00000000 at 0xa0008340
[ 2129.829559] PUF Read:0x00000000 at 0xa0008344
[ 2129.829559] PUF Read:0x00000000 at 0xa0008348
[ 2129.829620] PUF Read:0x00000000 at 0xa000834c
[ 2129.829650] PUF Read:0x00000000 at 0xa0008350
[ 2129.829650] PUF Read:0x00000000 at 0xa0008354
[ 2129.829650] PUF Read:0x00000000 at 0xa0008358
[ 2129.829711] PUF Read:0x00000000 at 0xa000835c
[ 2129.829711] PUF Read:0x00010000 at 0xa0008360
[ 2129.829772] PUF Read:0x00000000 at 0xa0008364
[ 2129.829803] PUF Read:0x00000000 at 0xa0008368
[ 2129.829803] PUF Read:0x00000000 at 0xa000836c
[ 2129.829803] PUF Read:0x00000000 at 0xa0008370
[ 2129.829864] PUF Read:0x00000000 at 0xa0008374
[ 2129.829864] PUF Read:0x00000000 at 0xa0008378
[ 2129.829925] PUF Read:0x00000000 at 0xa000837c
[ 2129.829956] PUF Read:0x00000000 at 0xa0008380
[ 2129.829956] PUF Read:0x00000000 at 0xa0008384
[ 2129.829956] PUF Read:0x00000000 at 0xa0008388
[ 2129.830017] PUF Read:0x00000000 at 0xa000838c
[ 2129.830017] PUF Read:0x00000000 at 0xa0008390
[ 2129.830078] PUF Read:0x00000000 at 0xa0008394
[ 2129.830108] PUF Read:0x00000000 at 0xa0008398
[ 2129.830108] PUF Read:0x00000000 at 0xa000839c
[ 2129.830108] PUF Read:0x00000000 at 0xa00083a0
[ 2129.830108] PUF Read:0x00000000 at 0xa00083a4
[ 2129.830108] PUF Read:0x00000000 at 0xa00083a8
[ 2129.830230] PUF Read:0x00000000 at 0xa00083ac
[ 2129.830261] PUF Read:0x00000000 at 0xa00083b0
[ 2129.830261] PUF Read:0x00000000 at 0xa00083b4
[ 2129.830261] PUF Read:0x00000000 at 0xa00083b8
[ 2129.830322] PUF Read:0x00000000 at 0xa00083bc
[ 2129.830322] PUF Read:0x00000000 at 0xa00083c0
[ 2129.830383] PUF Read:0x00000000 at 0xa00083c4
[ 2129.830413] PUF Read:0x00000000 at 0xa00083c8
[ 2129.830413] PUF Read:0x00000000 at 0xa00083cc
[ 2129.830413] PUF Read:0x00000000 at 0xa00083d0
[ 2129.830474] PUF Read:0x00010000 at 0xa00083d4
[ 2129.830474] PUF Read:0x00000000 at 0xa00083d8
[ 2129.830535] PUF Read:0x00000000 at 0xa00083dc
[ 2129.830566] PUF Read:0x00000000 at 0xa00083e0
[ 2129.830596] PUF Read:0x00000000 at 0xa00083e4
[ 2129.830596] PUF Read:0x00000000 at 0xa00083e8
[ 2129.830596] PUF Read:0x00000000 at 0xa00083ec
[ 2129.830688] PUF Read:0x00000000 at 0xa00083f0
[ 2129.830688] PUF Read:0x00000000 at 0xa00083f4
[ 2129.830749] PUF Read:0x00000004 at 0xa00083f8
[ 2129.830780] PUF Read:0x00040000 at 0xa00083fc
[ 2129.830780] [i] Finished PUF read-out
[ 2129.830810] <6>[i] Finished PUF query for decaytime: 7680
[ 2129.830810] [i] Start decaytime: 120
[ 2129.830841] EMIF 2 REG Write 0x80000000 at 0x4d000010
[ 2129.830841] EMIF 2 REG Read 0x80000000 at 0x4d000010
[ 2129.830841] EMIF 2 REG Write 0x80000000 at 0x4d000014
[ 2129.830871] EMIF 2 REG Read 0x00000000 at 0x4d000014
[ 2129.830871] EMIF 2 REG Write 0x08016893 at 0x4d0000cc
[ 2129.830902] EMIF 2 REG Read 0x08016893 at 0x4d0000cc
[ 2129.830902] Temp polling alert disabled
[ 2129.830902] Refresh Disabled at EMIF2
[ 2129.830932] [i] Initialiting PUF & hammer rows
[ 2129.830932] [i] Single-Sided Rowhammer (SSRH)
[ 2129.830932] [i] Finished initialiting PUF & hammer rows
[ 2129.837615] [i]	Timer elapsed since its reset 0 sec
[ 2129.837615] [i] Decay: 120 sec
[ 2129.837615] [i]	Relative Decay: 0 msec
