[67160.658782] [i] Total hammer attempts per row: 3728594
[67160.658782] EMIF 2 REG Write 0x00000618 at 0x4d000010
[67160.658782] EMIF 2 REG Read 0x00000618 at 0x4d000010
[67160.658843] EMIF 2 REG Write 0x00000618 at 0x4d000014
[67160.658843] EMIF 2 REG Read 0x00000618 at 0x4d000014
[67160.658874] EMIF 2 REG Write 0x58016893 at 0x4d0000cc
[67160.658874] EMIF 2 REG Read 0x58016893 at 0x4d0000cc
[67160.658874] Temp polling alert enabled
[67160.658874] Refresh enabled at EMIF2
[67160.658905] [i] Starting PUF read-out
[67160.658905] [i] Single-Sided Rowhammer (SSRH)
[67160.658935] PUF Read:0xaaaa2aaa at 0xa0008000
[67160.658935] PUF Read:0xaaaaaaaa at 0xa0008004
[67160.658935] PUF Read:0xaaaaaaaa at 0xa0008008
[67160.658935] PUF Read:0xa2aaaa2a at 0xa000800c
[67160.659027] PUF Read:0xaaaaaaaa at 0xa0008010
[67160.659027] PUF Read:0x8aaaabaa at 0xa0008014
[67160.659027] PUF Read:0xaaaa2aaa at 0xa0008018
[67160.659118] PUF Read:0xaaa2aaaa at 0xa000801c
[67160.659149] PUF Read:0xaaaaaaaa at 0xa0008020
[67160.659149] PUF Read:0xeaaaeaaa at 0xa0008024
[67160.659149] PUF Read:0xaaaaaaaa at 0xa0008028
[67160.659210] PUF Read:0xaaaaaaba at 0xa000802c
[67160.659210] PUF Read:0xaaaaaaa8 at 0xa0008030
[67160.659271] PUF Read:0xaaaaaaaa at 0xa0008034
[67160.659301] PUF Read:0xaaaaaaaa at 0xa0008038
[67160.659301] PUF Read:0xaaaaaaaa at 0xa000803c
[67160.659301] PUF Read:0xaaaaaaab at 0xa0008040
[67160.659301] PUF Read:0xaaaaeaaa at 0xa0008044
[67160.659301] PUF Read:0xaaaaaaaa at 0xa0008048
[67160.659301] PUF Read:0xaaaaaaa8 at 0xa000804c
[67160.659454] PUF Read:0xa2aaaaaa at 0xa0008050
[67160.659484] PUF Read:0xaaaaa8aa at 0xa0008054
[67160.659484] PUF Read:0xaaaaaa8a at 0xa0008058
[67160.659484] PUF Read:0xaaaaaaaa at 0xa000805c
[67160.659545] PUF Read:0xaaaaaaaa at 0xa0008060
[67160.659545] PUF Read:0xaaaa2aaa at 0xa0008064
[67160.659545] PUF Read:0xaaaaaaaa at 0xa0008068
[67160.659637] PUF Read:0xaaaaaaaa at 0xa000806c
[67160.659637] PUF Read:0xaaaaaaaa at 0xa0008070
[67160.659637] PUF Read:0xaaaaaaaa at 0xa0008074
[67160.659637] PUF Read:0xaaaaaaaa at 0xa0008078
[67160.659729] PUF Read:0xaaabaaaa at 0xa000807c
[67160.659729] PUF Read:0xaaabaaaa at 0xa0008080
[67160.659790] PUF Read:0xaaaaaaaa at 0xa0008084
[67160.659820] PUF Read:0xaaaaaaaa at 0xa0008088
[67160.659820] PUF Read:0xaaaaaaaa at 0xa000808c
[67160.659820] PUF Read:0xaaaa8aaa at 0xa0008090
[67160.659820] PUF Read:0xaaaaaaaa at 0xa0008094
[67160.659912] PUF Read:0x2aabaaab at 0xa0008098
[67160.659912] PUF Read:0xaaaaaaaa at 0xa000809c
[67160.659973] PUF Read:0x8aaaaa2a at 0xa00080a0
[67160.660003] PUF Read:0xaaabaaaa at 0xa00080a4
[67160.660003] PUF Read:0xaa8aaaab at 0xa00080a8
[67160.660003] PUF Read:0xaaaa8aea at 0xa00080ac
[67160.660064] PUF Read:0xaaaaaaaa at 0xa00080b0
[67160.660064] PUF Read:0x2a2aaaaa at 0xa00080b4
[67160.660125] PUF Read:0xaaaaeaaa at 0xa00080b8
[67160.660156] PUF Read:0x8aaaaaaa at 0xa00080bc
[67160.660156] PUF Read:0xaaaaaaaa at 0xa00080c0
[67160.660156] PUF Read:0xaaaaaaaa at 0xa00080c4
[67160.660156] PUF Read:0xaaa2aaaa at 0xa00080c8
[67160.660156] PUF Read:0xabaaaaaa at 0xa00080cc
[67160.660156] PUF Read:0xeaaeeaaa at 0xa00080d0
[67160.660308] PUF Read:0xaaaa2aaa at 0xa00080d4
[67160.660308] PUF Read:0xaaaa3aaa at 0xa00080d8
[67160.660308] PUF Read:0xaaaaaaaa at 0xa00080dc
[67160.660308] PUF Read:0xabaaaaaa at 0xa00080e0
[67160.660308] PUF Read:0xaaaaaaaa at 0xa00080e4
[67160.660308] PUF Read:0xaaaaaaaa at 0xa00080e8
[67160.660461] PUF Read:0xaaaaaaab at 0xa00080ec
[67160.660491] PUF Read:0x8aaaaaaa at 0xa00080f0
[67160.660491] PUF Read:0xaaaaaaaa at 0xa00080f4
[67160.660491] PUF Read:0xaaaaabaa at 0xa00080f8
[67160.660552] PUF Read:0xaa8aaaaa at 0xa00080fc
[67160.660552] PUF Read:0xaaaaaaaa at 0xa0008100
[67160.660614] PUF Read:0xaaaaaaaa at 0xa0008104
[67160.660644] PUF Read:0xaaa2aaaa at 0xa0008108
[67160.660644] PUF Read:0xaaaaaaaa at 0xa000810c
[67160.660644] PUF Read:0xaaaaaaaa at 0xa0008110
[67160.660705] PUF Read:0xaaea2aaa at 0xa0008114
[67160.660705] PUF Read:0xaaaaaaaa at 0xa0008118
[67160.660766] PUF Read:0xa8aaaaaa at 0xa000811c
[67160.660797] PUF Read:0xaaaaaaaa at 0xa0008120
[67160.660797] PUF Read:0xaaaaaeaa at 0xa0008124
[67160.660797] PUF Read:0xaaaaaaaa at 0xa0008128
[67160.660797] PUF Read:0xaaaaaaaa at 0xa000812c
[67160.660797] PUF Read:0xaaaaaaaa at 0xa0008130
[67160.660797] PUF Read:0xaaaaaa2a at 0xa0008134
[67160.660949] PUF Read:0xaa8baaaa at 0xa0008138
[67160.660980] PUF Read:0xaaaaaaaa at 0xa000813c
[67160.660980] PUF Read:0xaaaaaeaa at 0xa0008140
[67160.660980] PUF Read:0xaaaaaaaa at 0xa0008144
[67160.661041] PUF Read:0xaabaaeaa at 0xa0008148
[67160.661041] PUF Read:0xaaaaaaaa at 0xa000814c
[67160.661102] PUF Read:0xaaaaaaaa at 0xa0008150
[67160.661132] PUF Read:0xaaaaaaaa at 0xa0008154
[67160.661132] PUF Read:0xaaaaaaaa at 0xa0008158
[67160.661132] PUF Read:0xaaaaaaea at 0xa000815c
[67160.661193] PUF Read:0xaaaaaaaa at 0xa0008160
[67160.661193] PUF Read:0xaaaaaaaa at 0xa0008164
[67160.661254] PUF Read:0xaeaaaaaa at 0xa0008168
[67160.661285] PUF Read:0xaaeaaaaa at 0xa000816c
[67160.661285] PUF Read:0x2aaaaaaa at 0xa0008170
[67160.661285] PUF Read:0xaabaaaaa at 0xa0008174
[67160.661346] PUF Read:0xaaaaaaaa at 0xa0008178
[67160.661346] PUF Read:0xaaaaaaaa at 0xa000817c
[67160.661346] PUF Read:0xaaaa2a2a at 0xa0008180
[67160.661437] PUF Read:0xaaaaaaaa at 0xa0008184
[67160.661468] PUF Read:0xaa2aaaaa at 0xa0008188
[67160.661468] PUF Read:0xaaaaaaea at 0xa000818c
[67160.661468] PUF Read:0x2aaaaaaa at 0xa0008190
[67160.661529] PUF Read:0xeaaaaaaa at 0xa0008194
[67160.661529] PUF Read:0xaaaaaaaa at 0xa0008198
[67160.661590] PUF Read:0xaaaaaaaa at 0xa000819c
[67160.661621] PUF Read:0xaaaaaaaa at 0xa00081a0
[67160.661621] PUF Read:0xaaaaaaaa at 0xa00081a4
[67160.661621] PUF Read:0xaaa2aaaa at 0xa00081a8
[67160.661682] PUF Read:0xaaaaaaaa at 0xa00081ac
[67160.661682] PUF Read:0xaaebaaaa at 0xa00081b0
[67160.661743] PUF Read:0xaaaaaaaa at 0xa00081b4
[67160.661773] PUF Read:0xaaaaaaaa at 0xa00081b8
[67160.661773] PUF Read:0xa2baaaaa at 0xa00081bc
[67160.661773] PUF Read:0xaaa88aaa at 0xa00081c0
[67160.661834] PUF Read:0xaaaaaaae at 0xa00081c4
[67160.661834] PUF Read:0xaaaaaaaa at 0xa00081c8
[67160.661895] PUF Read:0xaa2baaaa at 0xa00081cc
[67160.661926] PUF Read:0xbaaaaaaa at 0xa00081d0
[67160.661926] PUF Read:0xaaaaaa2a at 0xa00081d4
[67160.661987] PUF Read:0xaaaaaaaa at 0xa00081d8
[67160.661987] PUF Read:0xaaaaaaaa at 0xa00081dc
[67160.661987] PUF Read:0xaaaaaaaa at 0xa00081e0
[67160.661987] PUF Read:0xaaaaaaea at 0xa00081e4
[67160.662078] PUF Read:0xaaaaaaaa at 0xa00081e8
[67160.662078] PUF Read:0xaa2aaaaa at 0xa00081ec
[67160.662078] PUF Read:0xaaaaaaab at 0xa00081f0
[67160.662078] PUF Read:0xaaaaaeaa at 0xa00081f4
[67160.662078] PUF Read:0xaaaaaaa2 at 0xa00081f8
[67160.662078] PUF Read:0xaaaaaaaa at 0xa00081fc
[67160.662231] PUF Read:0xaaaaaaaa at 0xa0008200
[67160.662231] PUF Read:0xaaaaaaaa at 0xa0008204
[67160.662231] PUF Read:0xaaaaaaba at 0xa0008208
[67160.662231] PUF Read:0xa8aaaaaa at 0xa000820c
[67160.662231] PUF Read:0xaaaaa2a8 at 0xa0008210
[67160.662231] PUF Read:0xaaaaaaaa at 0xa0008214
[67160.662384] PUF Read:0xaaaaaeaa at 0xa0008218
[67160.662414] PUF Read:0xaaaaaaaa at 0xa000821c
[67160.662414] PUF Read:0xaaaaaaaa at 0xa0008220
[67160.662414] PUF Read:0xaabaaaaa at 0xa0008224
[67160.662475] PUF Read:0xaaaaaaaa at 0xa0008228
[67160.662475] PUF Read:0xaaaaaaaa at 0xa000822c
[67160.662536] PUF Read:0xaaaaaeaa at 0xa0008230
[67160.662567] PUF Read:0x286aaaaa at 0xa0008234
[67160.662567] PUF Read:0xaaaaaaaa at 0xa0008238
[67160.662567] PUF Read:0xaaaaaaaa at 0xa000823c
[67160.662567] PUF Read:0xaaaaaaaa at 0xa0008240
[67160.662567] PUF Read:0xaaaaaaaa at 0xa0008244
[67160.662567] PUF Read:0xaaaaaaaa at 0xa0008248
[67160.662719] PUF Read:0xaaaaaaaa at 0xa000824c
[67160.662750] PUF Read:0xaaaaaaaa at 0xa0008250
[67160.662750] PUF Read:0xaabaaaaa at 0xa0008254
[67160.662750] PUF Read:0xaaaaaaaa at 0xa0008258
[67160.662811] PUF Read:0xaaaeaaaa at 0xa000825c
[67160.662811] PUF Read:0xaaaaaaaa at 0xa0008260
[67160.662872] PUF Read:0xaaaaaaaa at 0xa0008264
[67160.662902] PUF Read:0xaaaa8caa at 0xa0008268
[67160.662902] PUF Read:0xaaaaaaaa at 0xa000826c
[67160.662902] PUF Read:0xaaaaaaaa at 0xa0008270
[67160.662902] PUF Read:0xaaaaaaaa at 0xa0008274
[67160.662994] PUF Read:0xaaaaaaea at 0xa0008278
[67160.662994] PUF Read:0xaaaaaaaa at 0xa000827c
[67160.663055] PUF Read:0xeaaaaaaa at 0xa0008280
[67160.663085] PUF Read:0xa2aaaaaa at 0xa0008284
[67160.663085] PUF Read:0xaaeaaaaa at 0xa0008288
[67160.663085] PUF Read:0xaaaaaaaa at 0xa000828c
[67160.663146] PUF Read:0xaaaaaaa8 at 0xa0008290
[67160.663146] PUF Read:0xa8aaaaaa at 0xa0008294
[67160.663208] PUF Read:0xaaaaaaaa at 0xa0008298
[67160.663238] PUF Read:0xaaaaaaaa at 0xa000829c
[67160.663238] PUF Read:0xaaaaaaaa at 0xa00082a0
[67160.663238] PUF Read:0xaaaabaaa at 0xa00082a4
[67160.663299] PUF Read:0xaaaaaaaa at 0xa00082a8
[67160.663299] PUF Read:0xaaaaaaaa at 0xa00082ac
[67160.663360] PUF Read:0xaaaaaaaa at 0xa00082b0
[67160.663391] PUF Read:0xaaaaaaaa at 0xa00082b4
[67160.663391] PUF Read:0xaaa8aaea at 0xa00082b8
[67160.663391] PUF Read:0xaaaaaaaa at 0xa00082bc
[67160.663391] PUF Read:0xaaaaaaaa at 0xa00082c0
[67160.663391] PUF Read:0xaaaaaaaa at 0xa00082c4
[67160.663391] PUF Read:0xbaaaaaaa at 0xa00082c8
[67160.663543] PUF Read:0xaaaaaaaa at 0xa00082cc
[67160.663543] PUF Read:0xaabaaaaa at 0xa00082d0
[67160.663543] PUF Read:0xaaaaaaaa at 0xa00082d4
[67160.663543] PUF Read:0xaaaaaaaa at 0xa00082d8
[67160.663635] PUF Read:0xaaaaeaaa at 0xa00082dc
[67160.663635] PUF Read:0xaaaaaaaa at 0xa00082e0
[67160.663696] PUF Read:0xaaaaaeaa at 0xa00082e4
[67160.663726] PUF Read:0xaaaaaaaa at 0xa00082e8
[67160.663726] PUF Read:0xaaaaaaab at 0xa00082ec
[67160.663726] PUF Read:0xaaaaaaaa at 0xa00082f0
[67160.663787] PUF Read:0xaaaaaaaa at 0xa00082f4
[67160.663787] PUF Read:0xaaaaaaaa at 0xa00082f8
[67160.663848] PUF Read:0xaaaaaaaa at 0xa00082fc
[67160.663879] PUF Read:0xaaaaaaaa at 0xa0008300
[67160.663879] PUF Read:0xaaaaaaaa at 0xa0008304
[67160.663940] PUF Read:0xaaaa8aaa at 0xa0008308
[67160.663940] PUF Read:0xaaaaaaaa at 0xa000830c
[67160.663940] PUF Read:0xaaaaaa8a at 0xa0008310
[67160.663940] PUF Read:0xaaaaaaaa at 0xa0008314
[67160.664031] PUF Read:0x2baaaaaa at 0xa0008318
[67160.664031] PUF Read:0xbaaaaaaa at 0xa000831c
[67160.664031] PUF Read:0xaaaaaaaa at 0xa0008320
[67160.664031] PUF Read:0xaaaaaaaa at 0xa0008324
[67160.664031] PUF Read:0xaaaaaaaa at 0xa0008328
[67160.664031] PUF Read:0xaaabaaaa at 0xa000832c
[67160.664184] PUF Read:0xaaaaaaae at 0xa0008330
[67160.664215] PUF Read:0xaaaaaaaa at 0xa0008334
[67160.664215] PUF Read:0xaaaabaaa at 0xa0008338
[67160.664215] PUF Read:0xaaaaaaaa at 0xa000833c
[67160.664276] PUF Read:0xaaaaaaaa at 0xa0008340
[67160.664276] PUF Read:0xaaaaaa2b at 0xa0008344
[67160.664337] PUF Read:0xaaaaaaaa at 0xa0008348
[67160.664367] PUF Read:0xaaaaabaa at 0xa000834c
[67160.664367] PUF Read:0xaaaa8a8a at 0xa0008350
[67160.664367] PUF Read:0x8aaaaaaa at 0xa0008354
[67160.664428] PUF Read:0xaaaaaaaa at 0xa0008358
[67160.664428] PUF Read:0xaaaaaaaa at 0xa000835c
[67160.664428] PUF Read:0xaaabaaaa at 0xa0008360
[67160.664520] PUF Read:0xaaaaaa2a at 0xa0008364
[67160.664550] PUF Read:0xaaaaaaaa at 0xa0008368
[67160.664550] PUF Read:0xaaaaaeaa at 0xa000836c
[67160.664550] PUF Read:0xaaaaaaaa at 0xa0008370
[67160.664550] PUF Read:0xaaaaaaaa at 0xa0008374
[67160.664550] PUF Read:0xaaaa8aaa at 0xa0008378
[67160.664550] PUF Read:0xaaaaaaaa at 0xa000837c
[67160.664703] PUF Read:0xaaaaaaaa at 0xa0008380
[67160.664703] PUF Read:0xaaaaaaaa at 0xa0008384
[67160.664703] PUF Read:0xaaaaaaaa at 0xa0008388
[67160.664703] PUF Read:0xaaaaaaaa at 0xa000838c
[67160.664703] PUF Read:0xaaaaaaab at 0xa0008390
[67160.664703] PUF Read:0xaaaaabaa at 0xa0008394
[67160.664855] PUF Read:0xaaaaaaaa at 0xa0008398
[67160.664886] PUF Read:0xaaa2aaaa at 0xa000839c
[67160.664886] PUF Read:0xaaaaaaaa at 0xa00083a0
[67160.664886] PUF Read:0xaaaaaaaa at 0xa00083a4
[67160.664947] PUF Read:0xaaaaaaaa at 0xa00083a8
[67160.664947] PUF Read:0xaaaabaaa at 0xa00083ac
[67160.665008] PUF Read:0xaaaaaaa2 at 0xa00083b0
[67160.665039] PUF Read:0xaaaaaaaa at 0xa00083b4
[67160.665039] PUF Read:0xaaaaaaaa at 0xa00083b8
[67160.665100] PUF Read:0xaaaaaaaa at 0xa00083bc
[67160.665100] PUF Read:0xaaaaaaaa at 0xa00083c0
[67160.665100] PUF Read:0xaeaaaaaa at 0xa00083c4
[67160.665100] PUF Read:0xaaaaaaaa at 0xa00083c8
[67160.665191] PUF Read:0xaaa2aaaa at 0xa00083cc
[67160.665191] PUF Read:0xaaaaaaaa at 0xa00083d0
[67160.665191] PUF Read:0xaaabaaaa at 0xa00083d4
[67160.665191] PUF Read:0xaa2aaaaa at 0xa00083d8
[67160.665191] PUF Read:0xaaaaaaaa at 0xa00083dc
[67160.665191] PUF Read:0xaabeaaaa at 0xa00083e0
[67160.665344] PUF Read:0xba2aa8aa at 0xa00083e4
[67160.665344] PUF Read:0xaaaaaa2a at 0xa00083e8
[67160.665344] PUF Read:0xaaaaaaaa at 0xa00083ec
[67160.665344] PUF Read:0xaaa8aeaa at 0xa00083f0
[67160.665435] PUF Read:0xaaaaaaaa at 0xa00083f4
[67160.665435] PUF Read:0xaaaaaaae at 0xa00083f8
[67160.665496] PUF Read:0x8aaeaaaa at 0xa00083fc
[67160.665527] [i] Finished PUF read-out
[67160.665527] <6>[i] Finished PUF query for decaytime: 15360
[67160.665527] End measurement:11
[67160.665557] [i] Start measurement: 12
[67160.665557] [i] Start decaytime: 60
[67160.665557] EMIF 2 REG Write 0x80000000 at 0x4d000010
[67160.665588] EMIF 2 REG Read 0x80000000 at 0x4d000010
[67160.665588] EMIF 2 REG Write 0x80000000 at 0x4d000014
[67160.665618] EMIF 2 REG Read 0x00000000 at 0x4d000014
[67160.665618] EMIF 2 REG Write 0x08016893 at 0x4d0000cc
[67160.665618] EMIF 2 REG Read 0x08016893 at 0x4d0000cc
[67160.665649] Temp polling alert disabled
[67160.665649] Refresh Disabled at EMIF2
[67160.665649] [i] Initialiting PUF & hammer rows
[67160.665679] [i] Single-Sided Rowhammer (SSRH)
[67160.667358] [i] Finished initialiting PUF & hammer rows
[67160.672454] [i]	Timer elapsed since its reset 0 sec
[67160.672454] [i] Decay: 60 sec
[67160.672454] [i]	Relative Decay: 0 msec
