[34765.447814] [i] Total hammer attempts per row: 1864132
[34765.447814] EMIF 2 REG Write 0x00000618 at 0x4d000010
[34765.447814] EMIF 2 REG Read 0x00000618 at 0x4d000010
[34765.447875] EMIF 2 REG Write 0x00000618 at 0x4d000014
[34765.447875] EMIF 2 REG Read 0x00000618 at 0x4d000014
[34765.447875] EMIF 2 REG Write 0x58016893 at 0x4d0000cc
[34765.447906] EMIF 2 REG Read 0x58016893 at 0x4d0000cc
[34765.447906] Temp polling alert enabled
[34765.447906] Refresh enabled at EMIF2
[34765.447937] [i] Starting PUF read-out
[34765.447937] [i] Single-Sided Rowhammer (SSRH)
[34765.447967] PUF Read:0x00000000 at 0xa0008000
[34765.447967] PUF Read:0x00000000 at 0xa0008004
[34765.447967] PUF Read:0x00000000 at 0xa0008008
[34765.447967] PUF Read:0x00000000 at 0xa000800c
[34765.448059] PUF Read:0x00000000 at 0xa0008010
[34765.448059] PUF Read:0x00000100 at 0xa0008014
[34765.448120] PUF Read:0x00000000 at 0xa0008018
[34765.448150] PUF Read:0x00000000 at 0xa000801c
[34765.448150] PUF Read:0x00000000 at 0xa0008020
[34765.448211] PUF Read:0x00000000 at 0xa0008024
[34765.448211] PUF Read:0x00000000 at 0xa0008028
[34765.448211] PUF Read:0x00000000 at 0xa000802c
[34765.448211] PUF Read:0x00000000 at 0xa0008030
[34765.448303] PUF Read:0x00000000 at 0xa0008034
[34765.448303] PUF Read:0x00000000 at 0xa0008038
[34765.448364] PUF Read:0x00000000 at 0xa000803c
[34765.448364] PUF Read:0x00000001 at 0xa0008040
[34765.448364] PUF Read:0x00004000 at 0xa0008044
[34765.448364] PUF Read:0x00000000 at 0xa0008048
[34765.448455] PUF Read:0x00000000 at 0xa000804c
[34765.448455] PUF Read:0x00000000 at 0xa0008050
[34765.448516] PUF Read:0x00000000 at 0xa0008054
[34765.448516] PUF Read:0x00000000 at 0xa0008058
[34765.448516] PUF Read:0x00000000 at 0xa000805c
[34765.448577] PUF Read:0x00000000 at 0xa0008060
[34765.448608] PUF Read:0x00000000 at 0xa0008064
[34765.448608] PUF Read:0x00000000 at 0xa0008068
[34765.448669] PUF Read:0x00000000 at 0xa000806c
[34765.448669] PUF Read:0x00000000 at 0xa0008070
[34765.448669] PUF Read:0x00000000 at 0xa0008074
[34765.448669] PUF Read:0x00000000 at 0xa0008078
[34765.448669] PUF Read:0x00000000 at 0xa000807c
[34765.448791] PUF Read:0x00000000 at 0xa0008080
[34765.448822] PUF Read:0x00000000 at 0xa0008084
[34765.448822] PUF Read:0x00000000 at 0xa0008088
[34765.448822] PUF Read:0x00000000 at 0xa000808c
[34765.448883] PUF Read:0x00000000 at 0xa0008090
[34765.448883] PUF Read:0x00000000 at 0xa0008094
[34765.448944] PUF Read:0x00010000 at 0xa0008098
[34765.448974] PUF Read:0x00000000 at 0xa000809c
[34765.448974] PUF Read:0x00000000 at 0xa00080a0
[34765.448974] PUF Read:0x00000000 at 0xa00080a4
[34765.449035] PUF Read:0x00000000 at 0xa00080a8
[34765.449035] PUF Read:0x00000000 at 0xa00080ac
[34765.449096] PUF Read:0x00000000 at 0xa00080b0
[34765.449127] PUF Read:0x00000000 at 0xa00080b4
[34765.449127] PUF Read:0x00004000 at 0xa00080b8
[34765.449127] PUF Read:0x00000000 at 0xa00080bc
[34765.449188] PUF Read:0x00000000 at 0xa00080c0
[34765.449188] PUF Read:0x00000000 at 0xa00080c4
[34765.449249] PUF Read:0x00000000 at 0xa00080c8
[34765.449279] PUF Read:0x00000000 at 0xa00080cc
[34765.449279] PUF Read:0x40000000 at 0xa00080d0
[34765.449279] PUF Read:0x00000000 at 0xa00080d4
[34765.449340] PUF Read:0x00000000 at 0xa00080d8
[34765.449340] PUF Read:0x00000000 at 0xa00080dc
[34765.449401] PUF Read:0x01000000 at 0xa00080e0
[34765.449432] PUF Read:0x00000000 at 0xa00080e4
[34765.449432] PUF Read:0x00000000 at 0xa00080e8
[34765.449432] PUF Read:0x00000001 at 0xa00080ec
[34765.449493] PUF Read:0x00000000 at 0xa00080f0
[34765.449493] PUF Read:0x00000000 at 0xa00080f4
[34765.449554] PUF Read:0x00000000 at 0xa00080f8
[34765.449584] PUF Read:0x00000000 at 0xa00080fc
[34765.449584] PUF Read:0x00000000 at 0xa0008100
[34765.449584] PUF Read:0x00000000 at 0xa0008104
[34765.449645] PUF Read:0x00000000 at 0xa0008108
[34765.449645] PUF Read:0x00000000 at 0xa000810c
[34765.449707] PUF Read:0x00000000 at 0xa0008110
[34765.449737] PUF Read:0x00000000 at 0xa0008114
[34765.449737] PUF Read:0x00000000 at 0xa0008118
[34765.449737] PUF Read:0x00000000 at 0xa000811c
[34765.449798] PUF Read:0x00000000 at 0xa0008120
[34765.449798] PUF Read:0x00000000 at 0xa0008124
[34765.449859] PUF Read:0x00000000 at 0xa0008128
[34765.449890] PUF Read:0x00000000 at 0xa000812c
[34765.449890] PUF Read:0x00000000 at 0xa0008130
[34765.449890] PUF Read:0x00000000 at 0xa0008134
[34765.449951] PUF Read:0x00000000 at 0xa0008138
[34765.449951] PUF Read:0x00000000 at 0xa000813c
[34765.450012] PUF Read:0x00000000 at 0xa0008140
[34765.450042] PUF Read:0x00000000 at 0xa0008144
[34765.450042] PUF Read:0x00100400 at 0xa0008148
[34765.450042] PUF Read:0x00000000 at 0xa000814c
[34765.450103] PUF Read:0x00000000 at 0xa0008150
[34765.450103] PUF Read:0x00000000 at 0xa0008154
[34765.450164] PUF Read:0x00000000 at 0xa0008158
[34765.450195] PUF Read:0x00000040 at 0xa000815c
[34765.450195] PUF Read:0x00000000 at 0xa0008160
[34765.450195] PUF Read:0x00000000 at 0xa0008164
[34765.450195] PUF Read:0x00000000 at 0xa0008168
[34765.450286] PUF Read:0x00400000 at 0xa000816c
[34765.450286] PUF Read:0x00000000 at 0xa0008170
[34765.450347] PUF Read:0x00000000 at 0xa0008174
[34765.450378] PUF Read:0x00000000 at 0xa0008178
[34765.450378] PUF Read:0x00000000 at 0xa000817c
[34765.450378] PUF Read:0x00000000 at 0xa0008180
[34765.450439] PUF Read:0x00000000 at 0xa0008184
[34765.450439] PUF Read:0x00000000 at 0xa0008188
[34765.450500] PUF Read:0x00000000 at 0xa000818c
[34765.450531] PUF Read:0x00000000 at 0xa0008190
[34765.450531] PUF Read:0x00000000 at 0xa0008194
[34765.450531] PUF Read:0x00000000 at 0xa0008198
[34765.450592] PUF Read:0x00000000 at 0xa000819c
[34765.450592] PUF Read:0x00000000 at 0xa00081a0
[34765.450653] PUF Read:0x00000000 at 0xa00081a4
[34765.450653] PUF Read:0x00000000 at 0xa00081a8
[34765.450653] PUF Read:0x00000000 at 0xa00081ac
[34765.450653] PUF Read:0x00400000 at 0xa00081b0
[34765.450653] PUF Read:0x00000000 at 0xa00081b4
[34765.450653] PUF Read:0x00000000 at 0xa00081b8
[34765.450805] PUF Read:0x00000000 at 0xa00081bc
[34765.450805] PUF Read:0x00000000 at 0xa00081c0
[34765.450805] PUF Read:0x00000004 at 0xa00081c4
[34765.450805] PUF Read:0x00000000 at 0xa00081c8
[34765.450805] PUF Read:0x00000000 at 0xa00081cc
[34765.450805] PUF Read:0x10000000 at 0xa00081d0
[34765.450958] PUF Read:0x00000000 at 0xa00081d4
[34765.450958] PUF Read:0x00000000 at 0xa00081d8
[34765.450958] PUF Read:0x00000000 at 0xa00081dc
[34765.450958] PUF Read:0x00000000 at 0xa00081e0
[34765.450958] PUF Read:0x00000040 at 0xa00081e4
[34765.450958] PUF Read:0x00000000 at 0xa00081e8
[34765.451110] PUF Read:0x00000000 at 0xa00081ec
[34765.451110] PUF Read:0x00000000 at 0xa00081f0
[34765.451110] PUF Read:0x00000400 at 0xa00081f4
[34765.451110] PUF Read:0x00000000 at 0xa00081f8
[34765.451110] PUF Read:0x00000000 at 0xa00081fc
[34765.451232] PUF Read:0x00000000 at 0xa0008200
[34765.451263] PUF Read:0x00000000 at 0xa0008204
[34765.451263] PUF Read:0x00000000 at 0xa0008208
[34765.451324] PUF Read:0x00000000 at 0xa000820c
[34765.451324] PUF Read:0x00000000 at 0xa0008210
[34765.451324] PUF Read:0x00000000 at 0xa0008214
[34765.451385] PUF Read:0x00000000 at 0xa0008218
[34765.451416] PUF Read:0x00000000 at 0xa000821c
[34765.451416] PUF Read:0x00000000 at 0xa0008220
[34765.451416] PUF Read:0x00000000 at 0xa0008224
[34765.451477] PUF Read:0x00000000 at 0xa0008228
[34765.451477] PUF Read:0x00000000 at 0xa000822c
[34765.451538] PUF Read:0x00000000 at 0xa0008230
[34765.451568] PUF Read:0x00400000 at 0xa0008234
[34765.451568] PUF Read:0x00000000 at 0xa0008238
[34765.451568] PUF Read:0x00000000 at 0xa000823c
[34765.451629] PUF Read:0x00000000 at 0xa0008240
[34765.451629] PUF Read:0x00000000 at 0xa0008244
[34765.451690] PUF Read:0x00000000 at 0xa0008248
[34765.451721] PUF Read:0x00000000 at 0xa000824c
[34765.451721] PUF Read:0x00000000 at 0xa0008250
[34765.451721] PUF Read:0x00000000 at 0xa0008254
[34765.451721] PUF Read:0x00000000 at 0xa0008258
[34765.451812] PUF Read:0x00000000 at 0xa000825c
[34765.451812] PUF Read:0x00000000 at 0xa0008260
[34765.451873] PUF Read:0x00000000 at 0xa0008264
[34765.451873] PUF Read:0x00000000 at 0xa0008268
[34765.451873] PUF Read:0x00000000 at 0xa000826c
[34765.451873] PUF Read:0x00000000 at 0xa0008270
[34765.451873] PUF Read:0x00000000 at 0xa0008274
[34765.451873] PUF Read:0x00000000 at 0xa0008278
[34765.452026] PUF Read:0x00000000 at 0xa000827c
[34765.452026] PUF Read:0x00000000 at 0xa0008280
[34765.452026] PUF Read:0x00000000 at 0xa0008284
[34765.452026] PUF Read:0x00000000 at 0xa0008288
[34765.452026] PUF Read:0x00000000 at 0xa000828c
[34765.452026] PUF Read:0x00000000 at 0xa0008290
[34765.452178] PUF Read:0x00000000 at 0xa0008294
[34765.452178] PUF Read:0x00000000 at 0xa0008298
[34765.452178] PUF Read:0x00000000 at 0xa000829c
[34765.452178] PUF Read:0x00000000 at 0xa00082a0
[34765.452178] PUF Read:0x00000000 at 0xa00082a4
[34765.452178] PUF Read:0x00000000 at 0xa00082a8
[34765.452331] PUF Read:0x00000000 at 0xa00082ac
[34765.452331] PUF Read:0x00000000 at 0xa00082b0
[34765.452331] PUF Read:0x00000000 at 0xa00082b4
[34765.452331] PUF Read:0x00000040 at 0xa00082b8
[34765.452331] PUF Read:0x00000000 at 0xa00082bc
[34765.452331] PUF Read:0x00000000 at 0xa00082c0
[34765.452484] PUF Read:0x00000000 at 0xa00082c4
[34765.452484] PUF Read:0x10000000 at 0xa00082c8
[34765.452484] PUF Read:0x00000000 at 0xa00082cc
[34765.452484] PUF Read:0x00000000 at 0xa00082d0
[34765.452484] PUF Read:0x00000000 at 0xa00082d4
[34765.452484] PUF Read:0x00000000 at 0xa00082d8
[34765.452636] PUF Read:0x00000000 at 0xa00082dc
[34765.452636] PUF Read:0x00000000 at 0xa00082e0
[34765.452636] PUF Read:0x00000400 at 0xa00082e4
[34765.452636] PUF Read:0x00000000 at 0xa00082e8
[34765.452636] PUF Read:0x00000000 at 0xa00082ec
[34765.452758] PUF Read:0x00000000 at 0xa00082f0
[34765.452789] PUF Read:0x00000000 at 0xa00082f4
[34765.452789] PUF Read:0x00000000 at 0xa00082f8
[34765.452789] PUF Read:0x00000000 at 0xa00082fc
[34765.452850] PUF Read:0x00000000 at 0xa0008300
[34765.452850] PUF Read:0x00000000 at 0xa0008304
[34765.452911] PUF Read:0x00000000 at 0xa0008308
[34765.452941] PUF Read:0x00000000 at 0xa000830c
[34765.452941] PUF Read:0x00000000 at 0xa0008310
[34765.452941] PUF Read:0x00000000 at 0xa0008314
[34765.453002] PUF Read:0x00000000 at 0xa0008318
[34765.453002] PUF Read:0x10000000 at 0xa000831c
[34765.453063] PUF Read:0x00000000 at 0xa0008320
[34765.453094] PUF Read:0x00000000 at 0xa0008324
[34765.453094] PUF Read:0x00000000 at 0xa0008328
[34765.453094] PUF Read:0x00000000 at 0xa000832c
[34765.453155] PUF Read:0x00000004 at 0xa0008330
[34765.453155] PUF Read:0x00000000 at 0xa0008334
[34765.453216] PUF Read:0x00000000 at 0xa0008338
[34765.453247] PUF Read:0x00000000 at 0xa000833c
[34765.453247] PUF Read:0x00000000 at 0xa0008340
[34765.453247] PUF Read:0x00000000 at 0xa0008344
[34765.453247] PUF Read:0x00000000 at 0xa0008348
[34765.453338] PUF Read:0x00000000 at 0xa000834c
[34765.453338] PUF Read:0x00000000 at 0xa0008350
[34765.453399] PUF Read:0x00000000 at 0xa0008354
[34765.453430] PUF Read:0x00000000 at 0xa0008358
[34765.453430] PUF Read:0x00000000 at 0xa000835c
[34765.453430] PUF Read:0x00010000 at 0xa0008360
[34765.453491] PUF Read:0x00000000 at 0xa0008364
[34765.453491] PUF Read:0x00000000 at 0xa0008368
[34765.453552] PUF Read:0x00000000 at 0xa000836c
[34765.453552] PUF Read:0x00000000 at 0xa0008370
[34765.453552] PUF Read:0x00000000 at 0xa0008374
[34765.453552] PUF Read:0x00000000 at 0xa0008378
[34765.453552] PUF Read:0x00000000 at 0xa000837c
[34765.453552] PUF Read:0x00000000 at 0xa0008380
[34765.453704] PUF Read:0x00000000 at 0xa0008384
[34765.453735] PUF Read:0x00000000 at 0xa0008388
[34765.453735] PUF Read:0x00000000 at 0xa000838c
[34765.453735] PUF Read:0x00000000 at 0xa0008390
[34765.453796] PUF Read:0x00000000 at 0xa0008394
[34765.453796] PUF Read:0x00000000 at 0xa0008398
[34765.453857] PUF Read:0x00000000 at 0xa000839c
[34765.453857] PUF Read:0x00000000 at 0xa00083a0
[34765.453857] PUF Read:0x00000000 at 0xa00083a4
[34765.453857] PUF Read:0x00000000 at 0xa00083a8
[34765.453857] PUF Read:0x00000000 at 0xa00083ac
[34765.453857] PUF Read:0x00000000 at 0xa00083b0
[34765.454010] PUF Read:0x00000000 at 0xa00083b4
[34765.454010] PUF Read:0x00000000 at 0xa00083b8
[34765.454010] PUF Read:0x00000000 at 0xa00083bc
[34765.454010] PUF Read:0x00000000 at 0xa00083c0
[34765.454010] PUF Read:0x00000000 at 0xa00083c4
[34765.454010] PUF Read:0x00000000 at 0xa00083c8
[34765.454162] PUF Read:0x00000000 at 0xa00083cc
[34765.454162] PUF Read:0x00000000 at 0xa00083d0
[34765.454162] PUF Read:0x00010000 at 0xa00083d4
[34765.454162] PUF Read:0x00000000 at 0xa00083d8
[34765.454162] PUF Read:0x00000000 at 0xa00083dc
[34765.454162] PUF Read:0x00000000 at 0xa00083e0
[34765.454315] PUF Read:0x00000000 at 0xa00083e4
[34765.454315] PUF Read:0x00000000 at 0xa00083e8
[34765.454315] PUF Read:0x00000000 at 0xa00083ec
[34765.454315] PUF Read:0x00000000 at 0xa00083f0
[34765.454315] PUF Read:0x00000000 at 0xa00083f4
[34765.454315] PUF Read:0x00000004 at 0xa00083f8
[34765.454467] PUF Read:0x00040000 at 0xa00083fc
[34765.454467] [i] Finished PUF read-out
[34765.454498] <6>[i] Finished PUF query for decaytime: 7680
[34765.454498] [i] Start decaytime: 120
[34765.454528] EMIF 2 REG Write 0x80000000 at 0x4d000010
[34765.454528] EMIF 2 REG Read 0x80000000 at 0x4d000010
[34765.454559] EMIF 2 REG Write 0x80000000 at 0x4d000014
[34765.454559] EMIF 2 REG Read 0x00000000 at 0x4d000014
[34765.454559] EMIF 2 REG Write 0x08016893 at 0x4d0000cc
[34765.454589] EMIF 2 REG Read 0x08016893 at 0x4d0000cc
[34765.454589] Temp polling alert disabled
[34765.454589] Refresh Disabled at EMIF2
[34765.454620] [i] Initialiting PUF & hammer rows
[34765.454620] [i] Single-Sided Rowhammer (SSRH)
[34765.461334] [i] Finished initialiting PUF & hammer rows
[34765.461334] [i]	Timer elapsed since its reset 0 sec
[34765.461364] [i] Decay: 120 sec
[34765.461364] [i]	Relative Decay: 0 msec
