[35485.510314] [i] Total hammer attempts per row: 1863756
[35485.510314] EMIF 2 REG Write 0x00000618 at 0x4d000010
[35485.510314] EMIF 2 REG Read 0x00000618 at 0x4d000010
[35485.510375] EMIF 2 REG Write 0x00000618 at 0x4d000014
[35485.510375] EMIF 2 REG Read 0x00000618 at 0x4d000014
[35485.510375] EMIF 2 REG Write 0x58016893 at 0x4d0000cc
[35485.510406] EMIF 2 REG Read 0x58016893 at 0x4d0000cc
[35485.510406] Temp polling alert enabled
[35485.510406] Refresh enabled at EMIF2
[35485.510437] [i] Starting PUF read-out
[35485.510437] [i] Single-Sided Rowhammer (SSRH)
[35485.510467] PUF Read:0x00000000 at 0xa0008000
[35485.510467] PUF Read:0x00000000 at 0xa0008004
[35485.510467] PUF Read:0x00000000 at 0xa0008008
[35485.510467] PUF Read:0x00000000 at 0xa000800c
[35485.510559] PUF Read:0x00000000 at 0xa0008010
[35485.510559] PUF Read:0x00000100 at 0xa0008014
[35485.510620] PUF Read:0x00000000 at 0xa0008018
[35485.510650] PUF Read:0x00000000 at 0xa000801c
[35485.510650] PUF Read:0x00000000 at 0xa0008020
[35485.510711] PUF Read:0x00000000 at 0xa0008024
[35485.510711] PUF Read:0x00000000 at 0xa0008028
[35485.510711] PUF Read:0x00000000 at 0xa000802c
[35485.510711] PUF Read:0x00000000 at 0xa0008030
[35485.510803] PUF Read:0x00000000 at 0xa0008034
[35485.510803] PUF Read:0x00000000 at 0xa0008038
[35485.510803] PUF Read:0x00000000 at 0xa000803c
[35485.510803] PUF Read:0x00000001 at 0xa0008040
[35485.510894] PUF Read:0x00004000 at 0xa0008044
[35485.510894] PUF Read:0x00000000 at 0xa0008048
[35485.510955] PUF Read:0x00000000 at 0xa000804c
[35485.510986] PUF Read:0x00000000 at 0xa0008050
[35485.510986] PUF Read:0x00000000 at 0xa0008054
[35485.510986] PUF Read:0x00000000 at 0xa0008058
[35485.511047] PUF Read:0x00000000 at 0xa000805c
[35485.511047] PUF Read:0x00000000 at 0xa0008060
[35485.511108] PUF Read:0x00000000 at 0xa0008064
[35485.511108] PUF Read:0x00000000 at 0xa0008068
[35485.511108] PUF Read:0x00000000 at 0xa000806c
[35485.511108] PUF Read:0x00000000 at 0xa0008070
[35485.511108] PUF Read:0x00000000 at 0xa0008074
[35485.511108] PUF Read:0x00000000 at 0xa0008078
[35485.511260] PUF Read:0x00000000 at 0xa000807c
[35485.511260] PUF Read:0x00000000 at 0xa0008080
[35485.511260] PUF Read:0x00000000 at 0xa0008084
[35485.511260] PUF Read:0x00000000 at 0xa0008088
[35485.511260] PUF Read:0x00000000 at 0xa000808c
[35485.511260] PUF Read:0x00000000 at 0xa0008090
[35485.511413] PUF Read:0x00000000 at 0xa0008094
[35485.511413] PUF Read:0x00010000 at 0xa0008098
[35485.511413] PUF Read:0x00000000 at 0xa000809c
[35485.511413] PUF Read:0x00000000 at 0xa00080a0
[35485.511413] PUF Read:0x00000000 at 0xa00080a4
[35485.511413] PUF Read:0x00000000 at 0xa00080a8
[35485.511566] PUF Read:0x00000000 at 0xa00080ac
[35485.511566] PUF Read:0x00000000 at 0xa00080b0
[35485.511566] PUF Read:0x00000000 at 0xa00080b4
[35485.511566] PUF Read:0x00004000 at 0xa00080b8
[35485.511566] PUF Read:0x00000000 at 0xa00080bc
[35485.511566] PUF Read:0x00000000 at 0xa00080c0
[35485.511718] PUF Read:0x00000000 at 0xa00080c4
[35485.511718] PUF Read:0x00000000 at 0xa00080c8
[35485.511718] PUF Read:0x00000000 at 0xa00080cc
[35485.511718] PUF Read:0x40000000 at 0xa00080d0
[35485.511718] PUF Read:0x00000000 at 0xa00080d4
[35485.511840] PUF Read:0x00000000 at 0xa00080d8
[35485.511840] PUF Read:0x00000000 at 0xa00080dc
[35485.511901] PUF Read:0x01000000 at 0xa00080e0
[35485.511932] PUF Read:0x00000000 at 0xa00080e4
[35485.511932] PUF Read:0x00000000 at 0xa00080e8
[35485.511932] PUF Read:0x00000001 at 0xa00080ec
[35485.511993] PUF Read:0x00000000 at 0xa00080f0
[35485.511993] PUF Read:0x00000000 at 0xa00080f4
[35485.512054] PUF Read:0x00000000 at 0xa00080f8
[35485.512084] PUF Read:0x00000000 at 0xa00080fc
[35485.512084] PUF Read:0x00000000 at 0xa0008100
[35485.512084] PUF Read:0x00000000 at 0xa0008104
[35485.512145] PUF Read:0x00000000 at 0xa0008108
[35485.512145] PUF Read:0x00000000 at 0xa000810c
[35485.512207] PUF Read:0x00000000 at 0xa0008110
[35485.512237] PUF Read:0x00000000 at 0xa0008114
[35485.512237] PUF Read:0x00000000 at 0xa0008118
[35485.512237] PUF Read:0x00000000 at 0xa000811c
[35485.512298] PUF Read:0x00000000 at 0xa0008120
[35485.512298] PUF Read:0x00000000 at 0xa0008124
[35485.512359] PUF Read:0x00000000 at 0xa0008128
[35485.512359] PUF Read:0x00000000 at 0xa000812c
[35485.512359] PUF Read:0x00000000 at 0xa0008130
[35485.512359] PUF Read:0x00000000 at 0xa0008134
[35485.512359] PUF Read:0x00000000 at 0xa0008138
[35485.512359] PUF Read:0x00000000 at 0xa000813c
[35485.512512] PUF Read:0x00000000 at 0xa0008140
[35485.512512] PUF Read:0x00000000 at 0xa0008144
[35485.512512] PUF Read:0x00100400 at 0xa0008148
[35485.512512] PUF Read:0x00000000 at 0xa000814c
[35485.512512] PUF Read:0x00000000 at 0xa0008150
[35485.512512] PUF Read:0x00000000 at 0xa0008154
[35485.512664] PUF Read:0x00000000 at 0xa0008158
[35485.512664] PUF Read:0x00000040 at 0xa000815c
[35485.512664] PUF Read:0x00000000 at 0xa0008160
[35485.512664] PUF Read:0x00000000 at 0xa0008164
[35485.512664] PUF Read:0x00000000 at 0xa0008168
[35485.512664] PUF Read:0x00400000 at 0xa000816c
[35485.512817] PUF Read:0x00000000 at 0xa0008170
[35485.512817] PUF Read:0x00000000 at 0xa0008174
[35485.512817] PUF Read:0x00000000 at 0xa0008178
[35485.512817] PUF Read:0x00000000 at 0xa000817c
[35485.512817] PUF Read:0x00000000 at 0xa0008180
[35485.512817] PUF Read:0x00000000 at 0xa0008184
[35485.512969] PUF Read:0x00000000 at 0xa0008188
[35485.512969] PUF Read:0x00000000 at 0xa000818c
[35485.513031] PUF Read:0x00000000 at 0xa0008190
[35485.513031] PUF Read:0x00000000 at 0xa0008194
[35485.513031] PUF Read:0x00000000 at 0xa0008198
[35485.513092] PUF Read:0x00000000 at 0xa000819c
[35485.513122] PUF Read:0x00000000 at 0xa00081a0
[35485.513122] PUF Read:0x00000000 at 0xa00081a4
[35485.513122] PUF Read:0x00000000 at 0xa00081a8
[35485.513183] PUF Read:0x00000000 at 0xa00081ac
[35485.513183] PUF Read:0x00400000 at 0xa00081b0
[35485.513244] PUF Read:0x00000000 at 0xa00081b4
[35485.513275] PUF Read:0x00000000 at 0xa00081b8
[35485.513275] PUF Read:0x00000000 at 0xa00081bc
[35485.513275] PUF Read:0x00000000 at 0xa00081c0
[35485.513275] PUF Read:0x00000004 at 0xa00081c4
[35485.513366] PUF Read:0x00000000 at 0xa00081c8
[35485.513366] PUF Read:0x00000000 at 0xa00081cc
[35485.513427] PUF Read:0x10000000 at 0xa00081d0
[35485.513458] PUF Read:0x00000000 at 0xa00081d4
[35485.513458] PUF Read:0x00000000 at 0xa00081d8
[35485.513458] PUF Read:0x00000000 at 0xa00081dc
[35485.513519] PUF Read:0x00000000 at 0xa00081e0
[35485.513519] PUF Read:0x00000040 at 0xa00081e4
[35485.513580] PUF Read:0x00000000 at 0xa00081e8
[35485.513580] PUF Read:0x00000000 at 0xa00081ec
[35485.513580] PUF Read:0x00000000 at 0xa00081f0
[35485.513580] PUF Read:0x00000400 at 0xa00081f4
[35485.513580] PUF Read:0x00000000 at 0xa00081f8
[35485.513580] PUF Read:0x00000000 at 0xa00081fc
[35485.513732] PUF Read:0x00000000 at 0xa0008200
[35485.513763] PUF Read:0x00000000 at 0xa0008204
[35485.513763] PUF Read:0x00000000 at 0xa0008208
[35485.513763] PUF Read:0x00000000 at 0xa000820c
[35485.513824] PUF Read:0x00000000 at 0xa0008210
[35485.513824] PUF Read:0x00000000 at 0xa0008214
[35485.513885] PUF Read:0x00000000 at 0xa0008218
[35485.513916] PUF Read:0x00000000 at 0xa000821c
[35485.513916] PUF Read:0x00000000 at 0xa0008220
[35485.513916] PUF Read:0x00000000 at 0xa0008224
[35485.513977] PUF Read:0x00000000 at 0xa0008228
[35485.513977] PUF Read:0x00000000 at 0xa000822c
[35485.514038] PUF Read:0x00000000 at 0xa0008230
[35485.514068] PUF Read:0x00400000 at 0xa0008234
[35485.514068] PUF Read:0x00000000 at 0xa0008238
[35485.514068] PUF Read:0x00000000 at 0xa000823c
[35485.514129] PUF Read:0x00000000 at 0xa0008240
[35485.514129] PUF Read:0x00000000 at 0xa0008244
[35485.514190] PUF Read:0x00000000 at 0xa0008248
[35485.514190] PUF Read:0x00000000 at 0xa000824c
[35485.514190] PUF Read:0x00000000 at 0xa0008250
[35485.514190] PUF Read:0x00000000 at 0xa0008254
[35485.514190] PUF Read:0x00000000 at 0xa0008258
[35485.514190] PUF Read:0x00000000 at 0xa000825c
[35485.514343] PUF Read:0x00000000 at 0xa0008260
[35485.514343] PUF Read:0x00000000 at 0xa0008264
[35485.514343] PUF Read:0x00000000 at 0xa0008268
[35485.514343] PUF Read:0x00000000 at 0xa000826c
[35485.514343] PUF Read:0x00000000 at 0xa0008270
[35485.514343] PUF Read:0x00000000 at 0xa0008274
[35485.514495] PUF Read:0x00000000 at 0xa0008278
[35485.514495] PUF Read:0x00000000 at 0xa000827c
[35485.514495] PUF Read:0x00000000 at 0xa0008280
[35485.514495] PUF Read:0x00000000 at 0xa0008284
[35485.514495] PUF Read:0x00000000 at 0xa0008288
[35485.514495] PUF Read:0x00000000 at 0xa000828c
[35485.514648] PUF Read:0x00000000 at 0xa0008290
[35485.514648] PUF Read:0x00000000 at 0xa0008294
[35485.514648] PUF Read:0x00000000 at 0xa0008298
[35485.514648] PUF Read:0x00000000 at 0xa000829c
[35485.514648] PUF Read:0x00000000 at 0xa00082a0
[35485.514648] PUF Read:0x00000000 at 0xa00082a4
[35485.514801] PUF Read:0x00000000 at 0xa00082a8
[35485.514801] PUF Read:0x00000000 at 0xa00082ac
[35485.514801] PUF Read:0x00000000 at 0xa00082b0
[35485.514801] PUF Read:0x00000000 at 0xa00082b4
[35485.514801] PUF Read:0x00000040 at 0xa00082b8
[35485.514801] PUF Read:0x00000000 at 0xa00082bc
[35485.514801] PUF Read:0x00000000 at 0xa00082c0
[35485.514984] PUF Read:0x00000000 at 0xa00082c4
[35485.514984] PUF Read:0x10000000 at 0xa00082c8
[35485.514984] PUF Read:0x00000000 at 0xa00082cc
[35485.514984] PUF Read:0x00000000 at 0xa00082d0
[35485.514984] PUF Read:0x00000000 at 0xa00082d4
[35485.514984] PUF Read:0x00000000 at 0xa00082d8
[35485.515136] PUF Read:0x00000000 at 0xa00082dc
[35485.515136] PUF Read:0x00000000 at 0xa00082e0
[35485.515136] PUF Read:0x00000400 at 0xa00082e4
[35485.515136] PUF Read:0x00000000 at 0xa00082e8
[35485.515136] PUF Read:0x00000000 at 0xa00082ec
[35485.515136] PUF Read:0x00000000 at 0xa00082f0
[35485.515289] PUF Read:0x00000000 at 0xa00082f4
[35485.515289] PUF Read:0x00000000 at 0xa00082f8
[35485.515289] PUF Read:0x00000000 at 0xa00082fc
[35485.515289] PUF Read:0x00000000 at 0xa0008300
[35485.515289] PUF Read:0x00000000 at 0xa0008304
[35485.515289] PUF Read:0x00000000 at 0xa0008308
[35485.515441] PUF Read:0x00000000 at 0xa000830c
[35485.515441] PUF Read:0x00000000 at 0xa0008310
[35485.515441] PUF Read:0x00000000 at 0xa0008314
[35485.515441] PUF Read:0x00000000 at 0xa0008318
[35485.515441] PUF Read:0x10000000 at 0xa000831c
[35485.515441] PUF Read:0x00000000 at 0xa0008320
[35485.515594] PUF Read:0x00000000 at 0xa0008324
[35485.515594] PUF Read:0x00000000 at 0xa0008328
[35485.515594] PUF Read:0x00000000 at 0xa000832c
[35485.515594] PUF Read:0x00000004 at 0xa0008330
[35485.515594] PUF Read:0x00000000 at 0xa0008334
[35485.515594] PUF Read:0x00000000 at 0xa0008338
[35485.515747] PUF Read:0x00000000 at 0xa000833c
[35485.515747] PUF Read:0x00000000 at 0xa0008340
[35485.515747] PUF Read:0x00000000 at 0xa0008344
[35485.515747] PUF Read:0x00000000 at 0xa0008348
[35485.515747] PUF Read:0x00000000 at 0xa000834c
[35485.515869] PUF Read:0x00000000 at 0xa0008350
[35485.515899] PUF Read:0x00000000 at 0xa0008354
[35485.515899] PUF Read:0x00000000 at 0xa0008358
[35485.515960] PUF Read:0x00000000 at 0xa000835c
[35485.515960] PUF Read:0x00010000 at 0xa0008360
[35485.515960] PUF Read:0x00000000 at 0xa0008364
[35485.515960] PUF Read:0x00000000 at 0xa0008368
[35485.516052] PUF Read:0x00000000 at 0xa000836c
[35485.516052] PUF Read:0x00000000 at 0xa0008370
[35485.516052] PUF Read:0x00000000 at 0xa0008374
[35485.516052] PUF Read:0x00000000 at 0xa0008378
[35485.516052] PUF Read:0x00000000 at 0xa000837c
[35485.516052] PUF Read:0x00000000 at 0xa0008380
[35485.516204] PUF Read:0x00000000 at 0xa0008384
[35485.516204] PUF Read:0x00000000 at 0xa0008388
[35485.516204] PUF Read:0x00000000 at 0xa000838c
[35485.516204] PUF Read:0x00000000 at 0xa0008390
[35485.516204] PUF Read:0x00000000 at 0xa0008394
[35485.516204] PUF Read:0x00000000 at 0xa0008398
[35485.516357] PUF Read:0x00000000 at 0xa000839c
[35485.516387] PUF Read:0x00000000 at 0xa00083a0
[35485.516387] PUF Read:0x00000000 at 0xa00083a4
[35485.516448] PUF Read:0x00000000 at 0xa00083a8
[35485.516448] PUF Read:0x00000000 at 0xa00083ac
[35485.516448] PUF Read:0x00000000 at 0xa00083b0
[35485.516510] PUF Read:0x00000000 at 0xa00083b4
[35485.516540] PUF Read:0x00000000 at 0xa00083b8
[35485.516540] PUF Read:0x00000000 at 0xa00083bc
[35485.516601] PUF Read:0x00000000 at 0xa00083c0
[35485.516601] PUF Read:0x00000000 at 0xa00083c4
[35485.516601] PUF Read:0x00000000 at 0xa00083c8
[35485.516662] PUF Read:0x00000000 at 0xa00083cc
[35485.516693] PUF Read:0x00000000 at 0xa00083d0
[35485.516693] PUF Read:0x00010000 at 0xa00083d4
[35485.516754] PUF Read:0x00000000 at 0xa00083d8
[35485.516754] PUF Read:0x00000000 at 0xa00083dc
[35485.516754] PUF Read:0x00000000 at 0xa00083e0
[35485.516815] PUF Read:0x00000000 at 0xa00083e4
[35485.516845] PUF Read:0x00000000 at 0xa00083e8
[35485.516845] PUF Read:0x00000000 at 0xa00083ec
[35485.516906] PUF Read:0x00000000 at 0xa00083f0
[35485.516906] PUF Read:0x00000000 at 0xa00083f4
[35485.516906] PUF Read:0x00000004 at 0xa00083f8
[35485.516967] PUF Read:0x00040000 at 0xa00083fc
[35485.516998] [i] Finished PUF read-out
[35485.516998] <6>[i] Finished PUF query for decaytime: 7680
[35485.516998] [i] Start decaytime: 120
[35485.517028] EMIF 2 REG Write 0x80000000 at 0x4d000010
[35485.517028] EMIF 2 REG Read 0x80000000 at 0x4d000010
[35485.517059] EMIF 2 REG Write 0x80000000 at 0x4d000014
[35485.517059] EMIF 2 REG Read 0x00000000 at 0x4d000014
[35485.517089] EMIF 2 REG Write 0x08016893 at 0x4d0000cc
[35485.517089] EMIF 2 REG Read 0x08016893 at 0x4d0000cc
[35485.517089] Temp polling alert disabled
[35485.517120] Refresh Disabled at EMIF2
[35485.517120] [i] Initialiting PUF & hammer rows
[35485.517120] [i] Single-Sided Rowhammer (SSRH)
[35485.518096] [i] Finished initialiting PUF & hammer rows
[35485.523895] [i]	Timer elapsed since its reset 0 sec
[35485.523895] [i] Decay: 120 sec
[35485.523895] [i]	Relative Decay: 0 msec
