[78339.128479] [i] Total hammer attempts per row: 3727624
[78339.128479] EMIF 2 REG Write 0x00000618 at 0x4d000010
[78339.128509] EMIF 2 REG Read 0x00000618 at 0x4d000010
[78339.128509] EMIF 2 REG Write 0x00000618 at 0x4d000014
[78339.128540] EMIF 2 REG Read 0x00000618 at 0x4d000014
[78339.128540] EMIF 2 REG Write 0x58016893 at 0x4d0000cc
[78339.128570] EMIF 2 REG Read 0x58016893 at 0x4d0000cc
[78339.128570] Temp polling alert enabled
[78339.128570] Refresh enabled at EMIF2
[78339.128601] [i] Starting PUF read-out
[78339.128601] [i] Single-Sided Rowhammer (SSRH)
[78339.128601] PUF Read:0xaaaa2aba at 0xa0008000
[78339.128631] PUF Read:0xaaaaaaaa at 0xa0008004
[78339.128631] PUF Read:0xaaaaaaaa at 0xa0008008
[78339.128631] PUF Read:0xa2aaaa2a at 0xa000800c
[78339.128723] PUF Read:0xaaaaaaaa at 0xa0008010
[78339.128753] PUF Read:0x8aaaabaa at 0xa0008014
[78339.128753] PUF Read:0xaaaa2aaa at 0xa0008018
[78339.128753] PUF Read:0xaaa0aaaa at 0xa000801c
[78339.128753] PUF Read:0xaaaaaaaa at 0xa0008020
[78339.128753] PUF Read:0xeaaaeaaa at 0xa0008024
[78339.128753] PUF Read:0xaaaaaaaa at 0xa0008028
[78339.128906] PUF Read:0xaaaaaaba at 0xa000802c
[78339.128906] PUF Read:0xeaaaaaa8 at 0xa0008030
[78339.128906] PUF Read:0xaeaaaaaa at 0xa0008034
[78339.128906] PUF Read:0xaaaaeaaa at 0xa0008038
[78339.128906] PUF Read:0xaaaaaaaa at 0xa000803c
[78339.128906] PUF Read:0xaaaaaaab at 0xa0008040
[78339.129058] PUF Read:0xaaaaeaaa at 0xa0008044
[78339.129058] PUF Read:0xaaaaaaaa at 0xa0008048
[78339.129058] PUF Read:0xaaaaaaa9 at 0xa000804c
[78339.129058] PUF Read:0xa2aaaaaa at 0xa0008050
[78339.129150] PUF Read:0xaaaaa8aa at 0xa0008054
[78339.129150] PUF Read:0xaaaaaa8a at 0xa0008058
[78339.129150] PUF Read:0xaaaaaaaa at 0xa000805c
[78339.129241] PUF Read:0xaaaaaaaa at 0xa0008060
[78339.129272] PUF Read:0xaaaa2aaa at 0xa0008064
[78339.129272] PUF Read:0xaaaaaaaa at 0xa0008068
[78339.129333] PUF Read:0xaaaaaaaa at 0xa000806c
[78339.129333] PUF Read:0xaaaaaaaa at 0xa0008070
[78339.129333] PUF Read:0xaaaaaaaa at 0xa0008074
[78339.129333] PUF Read:0xaaaaaaaa at 0xa0008078
[78339.129425] PUF Read:0xaaabaaaa at 0xa000807c
[78339.129425] PUF Read:0xaaabaaaa at 0xa0008080
[78339.129425] PUF Read:0xaaaaaaaa at 0xa0008084
[78339.129425] PUF Read:0xaaaaaaaa at 0xa0008088
[78339.129425] PUF Read:0xaaaaaaaa at 0xa000808c
[78339.129425] PUF Read:0xaaaa8aaa at 0xa0008090
[78339.129577] PUF Read:0xbaaaaaaa at 0xa0008094
[78339.129608] PUF Read:0x2aebaaab at 0xa0008098
[78339.129608] PUF Read:0xaaaaaaaa at 0xa000809c
[78339.129608] PUF Read:0x8aaaaa2a at 0xa00080a0
[78339.129669] PUF Read:0xaaabaaaa at 0xa00080a4
[78339.129669] PUF Read:0xaa8aaaab at 0xa00080a8
[78339.129730] PUF Read:0xaaaa8aeb at 0xa00080ac
[78339.129760] PUF Read:0xaaaaaaaa at 0xa00080b0
[78339.129760] PUF Read:0x2a2aaaaa at 0xa00080b4
[78339.129760] PUF Read:0xaaaaeaaa at 0xa00080b8
[78339.129821] PUF Read:0x8aaaaaaa at 0xa00080bc
[78339.129821] PUF Read:0xaaaaaeaa at 0xa00080c0
[78339.129882] PUF Read:0xaaaaaaaa at 0xa00080c4
[78339.129913] PUF Read:0xaaa2aaaa at 0xa00080c8
[78339.129913] PUF Read:0xabaaaaaa at 0xa00080cc
[78339.129913] PUF Read:0xeaaeeaaa at 0xa00080d0
[78339.129974] PUF Read:0xaaaa2aa8 at 0xa00080d4
[78339.129974] PUF Read:0xaaaa3aaa at 0xa00080d8
[78339.130035] PUF Read:0xaaaaaaaa at 0xa00080dc
[78339.130065] PUF Read:0xabaaaaaa at 0xa00080e0
[78339.130065] PUF Read:0xaaaaaaaa at 0xa00080e4
[78339.130065] PUF Read:0xaaaaaaaa at 0xa00080e8
[78339.130065] PUF Read:0xaaaaaaab at 0xa00080ec
[78339.130065] PUF Read:0x8aaaaaaa at 0xa00080f0
[78339.130065] PUF Read:0xaaaaaaaa at 0xa00080f4
[78339.130218] PUF Read:0xaaaaabaa at 0xa00080f8
[78339.130218] PUF Read:0xaa8aaaaa at 0xa00080fc
[78339.130218] PUF Read:0xaaaaaaaa at 0xa0008100
[78339.130218] PUF Read:0xaaaaaaaa at 0xa0008104
[78339.130218] PUF Read:0xaaa2aaaa at 0xa0008108
[78339.130218] PUF Read:0xaaaaaaaa at 0xa000810c
[78339.130371] PUF Read:0xaaaaaaaa at 0xa0008110
[78339.130371] PUF Read:0xa8ea2aaa at 0xa0008114
[78339.130371] PUF Read:0xaaaaaaaa at 0xa0008118
[78339.130371] PUF Read:0xa8aaaaaa at 0xa000811c
[78339.130462] PUF Read:0xaaaaaaaa at 0xa0008120
[78339.130462] PUF Read:0xaaaaaeaa at 0xa0008124
[78339.130523] PUF Read:0xaaaaaaea at 0xa0008128
[78339.130554] PUF Read:0xaaaaaaaa at 0xa000812c
[78339.130554] PUF Read:0xaaaaaaaa at 0xa0008130
[78339.130554] PUF Read:0xaaaaaa2a at 0xa0008134
[78339.130615] PUF Read:0xaa8baaaa at 0xa0008138
[78339.130615] PUF Read:0xaaaaaaaa at 0xa000813c
[78339.130676] PUF Read:0xeaaaaeaa at 0xa0008140
[78339.130706] PUF Read:0xaaaaaaaa at 0xa0008144
[78339.130706] PUF Read:0xaabaaeaa at 0xa0008148
[78339.130706] PUF Read:0xaaaaaaaa at 0xa000814c
[78339.130706] PUF Read:0xaaaaaaaa at 0xa0008150
[78339.130798] PUF Read:0xaaaaaaaa at 0xa0008154
[78339.130798] PUF Read:0xaaaaaaaa at 0xa0008158
[78339.130859] PUF Read:0xaabaaaea at 0xa000815c
[78339.130889] PUF Read:0xaaaabaaa at 0xa0008160
[78339.130889] PUF Read:0xaaaaaaaa at 0xa0008164
[78339.130889] PUF Read:0xaeaaaaaa at 0xa0008168
[78339.130889] PUF Read:0xaaeaaaaa at 0xa000816c
[78339.130889] PUF Read:0x2aaaaaaa at 0xa0008170
[78339.130889] PUF Read:0xaabaaaaa at 0xa0008174
[78339.131042] PUF Read:0xaaaaaaaa at 0xa0008178
[78339.131072] PUF Read:0xaaaaaaaa at 0xa000817c
[78339.131072] PUF Read:0xaaaa2a2a at 0xa0008180
[78339.131072] PUF Read:0xaaaaaaaa at 0xa0008184
[78339.131134] PUF Read:0xaa2eaaaa at 0xa0008188
[78339.131134] PUF Read:0xaaaaaaea at 0xa000818c
[78339.131195] PUF Read:0x2aaaaaaa at 0xa0008190
[78339.131225] PUF Read:0xeaaaaaaa at 0xa0008194
[78339.131225] PUF Read:0xaaaaaaaa at 0xa0008198
[78339.131225] PUF Read:0xaaaaaaaa at 0xa000819c
[78339.131286] PUF Read:0xaaaaaaaa at 0xa00081a0
[78339.131286] PUF Read:0xaaaaaaaa at 0xa00081a4
[78339.131347] PUF Read:0xaaa2aaaa at 0xa00081a8
[78339.131378] PUF Read:0xaaaaaaaa at 0xa00081ac
[78339.131378] PUF Read:0xaaebaaaa at 0xa00081b0
[78339.131378] PUF Read:0xaaaaaaaa at 0xa00081b4
[78339.131439] PUF Read:0xaaaaaaaa at 0xa00081b8
[78339.131439] PUF Read:0xa2baaaaa at 0xa00081bc
[78339.131500] PUF Read:0xaaa88aaa at 0xa00081c0
[78339.131530] PUF Read:0xaaaaaaae at 0xa00081c4
[78339.131530] PUF Read:0xaaaaaaaa at 0xa00081c8
[78339.131530] PUF Read:0xaa2baaaa at 0xa00081cc
[78339.131530] PUF Read:0xbaaaaaaa at 0xa00081d0
[78339.131530] PUF Read:0xaaaaaa2a at 0xa00081d4
[78339.131530] PUF Read:0xaaaaaaaa at 0xa00081d8
[78339.131683] PUF Read:0xaaaaaaaa at 0xa00081dc
[78339.131683] PUF Read:0xaaaaaaaa at 0xa00081e0
[78339.131683] PUF Read:0xaaaaaaea at 0xa00081e4
[78339.131683] PUF Read:0xaaaaaaaa at 0xa00081e8
[78339.131774] PUF Read:0xaa2aaaaa at 0xa00081ec
[78339.131774] PUF Read:0xaa8aaaab at 0xa00081f0
[78339.131835] PUF Read:0xaaaaaeaa at 0xa00081f4
[78339.131866] PUF Read:0xaaaaaaa2 at 0xa00081f8
[78339.131866] PUF Read:0xaaaaaaea at 0xa00081fc
[78339.131866] PUF Read:0xaaaaaaaa at 0xa0008200
[78339.131866] PUF Read:0xaaaaaaaa at 0xa0008204
[78339.131866] PUF Read:0xaaaaaaba at 0xa0008208
[78339.131988] PUF Read:0xa8aaaaaa at 0xa000820c
[78339.132019] PUF Read:0xaaaaa2a8 at 0xa0008210
[78339.132019] PUF Read:0xaaaaaaaa at 0xa0008214
[78339.132019] PUF Read:0xaaaaaeaa at 0xa0008218
[78339.132080] PUF Read:0xaaaaaaaa at 0xa000821c
[78339.132080] PUF Read:0xaaaaaaaa at 0xa0008220
[78339.132141] PUF Read:0xaabaaaaa at 0xa0008224
[78339.132171] PUF Read:0xaaaaaaaa at 0xa0008228
[78339.132171] PUF Read:0xaaaaaaaa at 0xa000822c
[78339.132171] PUF Read:0xaaaaafaa at 0xa0008230
[78339.132232] PUF Read:0x286aaaaa at 0xa0008234
[78339.132232] PUF Read:0xaaaaaaaa at 0xa0008238
[78339.132232] PUF Read:0xaaaaaaaa at 0xa000823c
[78339.132324] PUF Read:0xaaaaaaaa at 0xa0008240
[78339.132354] PUF Read:0xaaaaaaaa at 0xa0008244
[78339.132354] PUF Read:0xaaaaaaaa at 0xa0008248
[78339.132415] PUF Read:0xaaaaaaaa at 0xa000824c
[78339.132415] PUF Read:0xaaaaaaaa at 0xa0008250
[78339.132415] PUF Read:0xaabaaaaa at 0xa0008254
[78339.132415] PUF Read:0xaaaaaaaa at 0xa0008258
[78339.132507] PUF Read:0xaeaeaaaa at 0xa000825c
[78339.132507] PUF Read:0xaaaaaaaa at 0xa0008260
[78339.132507] PUF Read:0xaaaaaaaa at 0xa0008264
[78339.132507] PUF Read:0xaaaa8caa at 0xa0008268
[78339.132507] PUF Read:0xaaaaaaaa at 0xa000826c
[78339.132507] PUF Read:0xaaaaaaaa at 0xa0008270
[78339.132659] PUF Read:0xaaaaaaaa at 0xa0008274
[78339.132659] PUF Read:0xaaaaaaea at 0xa0008278
[78339.132659] PUF Read:0xaabaaaaa at 0xa000827c
[78339.132659] PUF Read:0xeaaaaaaa at 0xa0008280
[78339.132659] PUF Read:0xa2aaaaaa at 0xa0008284
[78339.132659] PUF Read:0xaaeaaaaa at 0xa0008288
[78339.132812] PUF Read:0xaaaaaaaa at 0xa000828c
[78339.132843] PUF Read:0xaaaaaaa8 at 0xa0008290
[78339.132843] PUF Read:0xa8aaaaaa at 0xa0008294
[78339.132843] PUF Read:0xaaaaaaaa at 0xa0008298
[78339.132904] PUF Read:0xaaaaaaaa at 0xa000829c
[78339.132904] PUF Read:0xaaaaaaaa at 0xa00082a0
[78339.132965] PUF Read:0xaaaabaaa at 0xa00082a4
[78339.132995] PUF Read:0xaaaaaaaa at 0xa00082a8
[78339.132995] PUF Read:0xaaaaaaaa at 0xa00082ac
[78339.132995] PUF Read:0xaaaaaaaa at 0xa00082b0
[78339.133056] PUF Read:0xaaaaaaaa at 0xa00082b4
[78339.133056] PUF Read:0xaaa8aaea at 0xa00082b8
[78339.133117] PUF Read:0xaaaaaaaa at 0xa00082bc
[78339.133148] PUF Read:0xaaaaaaaa at 0xa00082c0
[78339.133148] PUF Read:0xaaaaaaaa at 0xa00082c4
[78339.133148] PUF Read:0xbaaaaaaa at 0xa00082c8
[78339.133209] PUF Read:0xaaaaaaaa at 0xa00082cc
[78339.133209] PUF Read:0xaabaaaaa at 0xa00082d0
[78339.133270] PUF Read:0xaaaaaaaa at 0xa00082d4
[78339.133300] PUF Read:0xaaaaaaaa at 0xa00082d8
[78339.133300] PUF Read:0xaaaaeaaa at 0xa00082dc
[78339.133300] PUF Read:0xaaaaaaaa at 0xa00082e0
[78339.133361] PUF Read:0xaaaaaeaa at 0xa00082e4
[78339.133361] PUF Read:0xaaaaabaa at 0xa00082e8
[78339.133422] PUF Read:0xaaaaaaab at 0xa00082ec
[78339.133453] PUF Read:0xaaaaaaab at 0xa00082f0
[78339.133453] PUF Read:0xaaaaaaaa at 0xa00082f4
[78339.133453] PUF Read:0xaaaaaaaa at 0xa00082f8
[78339.133514] PUF Read:0xaaaaaaaa at 0xa00082fc
[78339.133514] PUF Read:0xaaaaaaaa at 0xa0008300
[78339.133575] PUF Read:0xaaaaaaaa at 0xa0008304
[78339.133605] PUF Read:0xaaaa8aaa at 0xa0008308
[78339.133605] PUF Read:0xaaaaaaaa at 0xa000830c
[78339.133605] PUF Read:0xaaaaaa8a at 0xa0008310
[78339.133666] PUF Read:0xaaaaaaaa at 0xa0008314
[78339.133666] PUF Read:0x2bfaaaaa at 0xa0008318
[78339.133728] PUF Read:0xbaaaaaaa at 0xa000831c
[78339.133758] PUF Read:0xaaaa8aaa at 0xa0008320
[78339.133758] PUF Read:0xaaaaaaaa at 0xa0008324
[78339.133758] PUF Read:0xaaaaaaaa at 0xa0008328
[78339.133758] PUF Read:0xaaabaaa8 at 0xa000832c
[78339.133850] PUF Read:0xaaaaaaae at 0xa0008330
[78339.133850] PUF Read:0xaaaaaaaa at 0xa0008334
[78339.133911] PUF Read:0xaaaabaaa at 0xa0008338
[78339.133941] PUF Read:0xaaaaaaaa at 0xa000833c
[78339.133941] PUF Read:0xbaaaabaa at 0xa0008340
[78339.134002] PUF Read:0xaaaaaa2b at 0xa0008344
[78339.134002] PUF Read:0xaaaaaaaa at 0xa0008348
[78339.134002] PUF Read:0xaaaaabaa at 0xa000834c
[78339.134063] PUF Read:0xaaaa8a8a at 0xa0008350
[78339.134094] PUF Read:0x8aaaaaaa at 0xa0008354
[78339.134094] PUF Read:0xaaaaaaaa at 0xa0008358
[78339.134094] PUF Read:0xaaaaaaaa at 0xa000835c
[78339.134094] PUF Read:0xaaabaaaa at 0xa0008360
[78339.134094] PUF Read:0xaaaaaa2a at 0xa0008364
[78339.134094] PUF Read:0xaaaaaaaa at 0xa0008368
[78339.134246] PUF Read:0xaaaaaeaa at 0xa000836c
[78339.134277] PUF Read:0xaaaaaaaa at 0xa0008370
[78339.134277] PUF Read:0xaaaaaaaa at 0xa0008374
[78339.134277] PUF Read:0xeaaa8aaa at 0xa0008378
[78339.134338] PUF Read:0xaaaaaaaa at 0xa000837c
[78339.134338] PUF Read:0xaaaaaaa8 at 0xa0008380
[78339.134399] PUF Read:0xaaaaaaaa at 0xa0008384
[78339.134429] PUF Read:0xaaaaaaaa at 0xa0008388
[78339.134429] PUF Read:0xaaaaaaaa at 0xa000838c
[78339.134429] PUF Read:0xaaaaaaab at 0xa0008390
[78339.134490] PUF Read:0xaaaaabaa at 0xa0008394
[78339.134490] PUF Read:0xaaaaaaaa at 0xa0008398
[78339.134552] PUF Read:0xaaa2aaaa at 0xa000839c
[78339.134582] PUF Read:0xaaaaaaaa at 0xa00083a0
[78339.134582] PUF Read:0xaaaaaaaa at 0xa00083a4
[78339.134582] PUF Read:0xaaaaaaaa at 0xa00083a8
[78339.134643] PUF Read:0xaaaabaaa at 0xa00083ac
[78339.134643] PUF Read:0xaaaaaaa2 at 0xa00083b0
[78339.134704] PUF Read:0xaaaaaaaa at 0xa00083b4
[78339.134735] PUF Read:0xaaaaaaaa at 0xa00083b8
[78339.134735] PUF Read:0xaaaaaaaa at 0xa00083bc
[78339.134735] PUF Read:0xaaaaaaea at 0xa00083c0
[78339.134735] PUF Read:0xaeaaaaaa at 0xa00083c4
[78339.134735] PUF Read:0xaaaaaaaa at 0xa00083c8
[78339.134735] PUF Read:0xaaa2aaaa at 0xa00083cc
[78339.134887] PUF Read:0xaaaaaaaa at 0xa00083d0
[78339.134887] PUF Read:0xaaabaaaa at 0xa00083d4
[78339.134887] PUF Read:0xaa2aaaaa at 0xa00083d8
[78339.134887] PUF Read:0xaaaaaaaa at 0xa00083dc
[78339.134887] PUF Read:0xaabeaaae at 0xa00083e0
[78339.134887] PUF Read:0xb22aa8aa at 0xa00083e4
[78339.135040] PUF Read:0xaaaaaa2a at 0xa00083e8
[78339.135040] PUF Read:0xaaaaaaaa at 0xa00083ec
[78339.135040] PUF Read:0xaaa8aeaa at 0xa00083f0
[78339.135040] PUF Read:0xaeaaaaaa at 0xa00083f4
[78339.135040] PUF Read:0xaaaaaaae at 0xa00083f8
[78339.135040] PUF Read:0x8aaeaaaa at 0xa00083fc
[78339.135192] [i] Finished PUF read-out
[78339.135192] <6>[i] Finished PUF query for decaytime: 15360
[78339.135192] End measurement:13
[78339.135223] [i] Start measurement: 14
[78339.135223] [i] Start decaytime: 60
[78339.135223] EMIF 2 REG Write 0x80000000 at 0x4d000010
[78339.135253] EMIF 2 REG Read 0x80000000 at 0x4d000010
[78339.135284] EMIF 2 REG Write 0x80000000 at 0x4d000014
[78339.135284] EMIF 2 REG Read 0x00000000 at 0x4d000014
[78339.136291] EMIF 2 REG Write 0x08016893 at 0x4d0000cc
[78339.136291] EMIF 2 REG Read 0x08016893 at 0x4d0000cc
[78339.136322] Temp polling alert disabled
[78339.136322] Refresh Disabled at EMIF2
[78339.136322] [i] Initialiting PUF & hammer rows
[78339.136352] [i] Single-Sided Rowhammer (SSRH)
[78339.136352] [i] Finished initialiting PUF & hammer rows
[78339.143035] [i]	Timer elapsed since its reset 0 sec
[78339.143035] [i] Decay: 60 sec
[78339.143035] [i]	Relative Decay: 0 msec
