[35665.526763] [i] Total hammer attempts per row: 1863824
[35665.526763] EMIF 2 REG Write 0x00000618 at 0x4d000010
[35665.526763] EMIF 2 REG Read 0x00000618 at 0x4d000010
[35665.526855] EMIF 2 REG Write 0x00000618 at 0x4d000014
[35665.526855] EMIF 2 REG Read 0x00000618 at 0x4d000014
[35665.526885] EMIF 2 REG Write 0x58016893 at 0x4d0000cc
[35665.526885] EMIF 2 REG Read 0x58016893 at 0x4d0000cc
[35665.526916] Temp polling alert enabled
[35665.526916] Refresh enabled at EMIF2
[35665.526916] [i] Starting PUF read-out
[35665.526947] [i] Single-Sided Rowhammer (SSRH)
[35665.526947] PUF Read:0x00000000 at 0xa0008000
[35665.526947] PUF Read:0x00000000 at 0xa0008004
[35665.526947] PUF Read:0x00000000 at 0xa0008008
[35665.527038] PUF Read:0x00000000 at 0xa000800c
[35665.527069] PUF Read:0x00000000 at 0xa0008010
[35665.527069] PUF Read:0x00000100 at 0xa0008014
[35665.527069] PUF Read:0x00000000 at 0xa0008018
[35665.527130] PUF Read:0x00000000 at 0xa000801c
[35665.527130] PUF Read:0x00000000 at 0xa0008020
[35665.527191] PUF Read:0x00000000 at 0xa0008024
[35665.527221] PUF Read:0x00000000 at 0xa0008028
[35665.527221] PUF Read:0x00000000 at 0xa000802c
[35665.527221] PUF Read:0x00000000 at 0xa0008030
[35665.527221] PUF Read:0x00000000 at 0xa0008034
[35665.527221] PUF Read:0x00000000 at 0xa0008038
[35665.527221] PUF Read:0x00000000 at 0xa000803c
[35665.527374] PUF Read:0x00000001 at 0xa0008040
[35665.527374] PUF Read:0x00004000 at 0xa0008044
[35665.527374] PUF Read:0x00000000 at 0xa0008048
[35665.527374] PUF Read:0x00000000 at 0xa000804c
[35665.527465] PUF Read:0x00000000 at 0xa0008050
[35665.527465] PUF Read:0x00000000 at 0xa0008054
[35665.527526] PUF Read:0x00000000 at 0xa0008058
[35665.527526] PUF Read:0x00000000 at 0xa000805c
[35665.527526] PUF Read:0x00000000 at 0xa0008060
[35665.527526] PUF Read:0x00000000 at 0xa0008064
[35665.527618] PUF Read:0x00000000 at 0xa0008068
[35665.527618] PUF Read:0x00000000 at 0xa000806c
[35665.527679] PUF Read:0x00000000 at 0xa0008070
[35665.527709] PUF Read:0x00000000 at 0xa0008074
[35665.527709] PUF Read:0x00000000 at 0xa0008078
[35665.527770] PUF Read:0x00000000 at 0xa000807c
[35665.527770] PUF Read:0x00000000 at 0xa0008080
[35665.527770] PUF Read:0x00000000 at 0xa0008084
[35665.527832] PUF Read:0x00000000 at 0xa0008088
[35665.527862] PUF Read:0x00000000 at 0xa000808c
[35665.527862] PUF Read:0x00000000 at 0xa0008090
[35665.527923] PUF Read:0x00000000 at 0xa0008094
[35665.527923] PUF Read:0x00010000 at 0xa0008098
[35665.527923] PUF Read:0x00000000 at 0xa000809c
[35665.527923] PUF Read:0x00000000 at 0xa00080a0
[35665.528015] PUF Read:0x00000000 at 0xa00080a4
[35665.528015] PUF Read:0x00000000 at 0xa00080a8
[35665.528015] PUF Read:0x00000000 at 0xa00080ac
[35665.528015] PUF Read:0x00000000 at 0xa00080b0
[35665.528015] PUF Read:0x00000000 at 0xa00080b4
[35665.528015] PUF Read:0x00004000 at 0xa00080b8
[35665.528167] PUF Read:0x00000000 at 0xa00080bc
[35665.528167] PUF Read:0x00000000 at 0xa00080c0
[35665.528167] PUF Read:0x00000000 at 0xa00080c4
[35665.528167] PUF Read:0x00000000 at 0xa00080c8
[35665.528167] PUF Read:0x00000000 at 0xa00080cc
[35665.528167] PUF Read:0x40000000 at 0xa00080d0
[35665.528320] PUF Read:0x00000000 at 0xa00080d4
[35665.528350] PUF Read:0x00000000 at 0xa00080d8
[35665.528350] PUF Read:0x00000000 at 0xa00080dc
[35665.528350] PUF Read:0x01000000 at 0xa00080e0
[35665.528350] PUF Read:0x00000000 at 0xa00080e4
[35665.528350] PUF Read:0x00000000 at 0xa00080e8
[35665.528472] PUF Read:0x00000001 at 0xa00080ec
[35665.528503] PUF Read:0x00000000 at 0xa00080f0
[35665.528503] PUF Read:0x00000000 at 0xa00080f4
[35665.528503] PUF Read:0x00000000 at 0xa00080f8
[35665.528564] PUF Read:0x00000000 at 0xa00080fc
[35665.528564] PUF Read:0x00000000 at 0xa0008100
[35665.528625] PUF Read:0x00000000 at 0xa0008104
[35665.528656] PUF Read:0x00000000 at 0xa0008108
[35665.528656] PUF Read:0x00000000 at 0xa000810c
[35665.528656] PUF Read:0x00000000 at 0xa0008110
[35665.528717] PUF Read:0x00000000 at 0xa0008114
[35665.528717] PUF Read:0x00000000 at 0xa0008118
[35665.528778] PUF Read:0x00000000 at 0xa000811c
[35665.528808] PUF Read:0x00000000 at 0xa0008120
[35665.528808] PUF Read:0x00000000 at 0xa0008124
[35665.528808] PUF Read:0x00000000 at 0xa0008128
[35665.528869] PUF Read:0x00000000 at 0xa000812c
[35665.528869] PUF Read:0x00000000 at 0xa0008130
[35665.528930] PUF Read:0x00000000 at 0xa0008134
[35665.528961] PUF Read:0x00000000 at 0xa0008138
[35665.528961] PUF Read:0x00000000 at 0xa000813c
[35665.528961] PUF Read:0x00000000 at 0xa0008140
[35665.529022] PUF Read:0x00000000 at 0xa0008144
[35665.529022] PUF Read:0x00100400 at 0xa0008148
[35665.529083] PUF Read:0x00000000 at 0xa000814c
[35665.529113] PUF Read:0x00000000 at 0xa0008150
[35665.529144] PUF Read:0x00000000 at 0xa0008154
[35665.529144] PUF Read:0x00000000 at 0xa0008158
[35665.529144] PUF Read:0x00000040 at 0xa000815c
[35665.529205] PUF Read:0x00000000 at 0xa0008160
[35665.529205] PUF Read:0x00000000 at 0xa0008164
[35665.529266] PUF Read:0x00000000 at 0xa0008168
[35665.529296] PUF Read:0x00000000 at 0xa000816c
[35665.529296] PUF Read:0x00000000 at 0xa0008170
[35665.529296] PUF Read:0x00000000 at 0xa0008174
[35665.529357] PUF Read:0x00000000 at 0xa0008178
[35665.529357] PUF Read:0x00000000 at 0xa000817c
[35665.529418] PUF Read:0x00000000 at 0xa0008180
[35665.529449] PUF Read:0x00000000 at 0xa0008184
[35665.529449] PUF Read:0x00000000 at 0xa0008188
[35665.529449] PUF Read:0x00000000 at 0xa000818c
[35665.529510] PUF Read:0x00000000 at 0xa0008190
[35665.529510] PUF Read:0x00000000 at 0xa0008194
[35665.529571] PUF Read:0x00000000 at 0xa0008198
[35665.529602] PUF Read:0x00000000 at 0xa000819c
[35665.529602] PUF Read:0x00000000 at 0xa00081a0
[35665.529602] PUF Read:0x00000000 at 0xa00081a4
[35665.529663] PUF Read:0x00000000 at 0xa00081a8
[35665.529663] PUF Read:0x00000000 at 0xa00081ac
[35665.529724] PUF Read:0x00400000 at 0xa00081b0
[35665.529754] PUF Read:0x00000000 at 0xa00081b4
[35665.529754] PUF Read:0x00000000 at 0xa00081b8
[35665.529754] PUF Read:0x00000000 at 0xa00081bc
[35665.529754] PUF Read:0x00000000 at 0xa00081c0
[35665.529754] PUF Read:0x00000004 at 0xa00081c4
[35665.529754] PUF Read:0x00000000 at 0xa00081c8
[35665.529907] PUF Read:0x00000000 at 0xa00081cc
[35665.529907] PUF Read:0x10000000 at 0xa00081d0
[35665.529907] PUF Read:0x00000000 at 0xa00081d4
[35665.529907] PUF Read:0x00000000 at 0xa00081d8
[35665.529907] PUF Read:0x00000000 at 0xa00081dc
[35665.529907] PUF Read:0x00000000 at 0xa00081e0
[35665.530059] PUF Read:0x00000040 at 0xa00081e4
[35665.530059] PUF Read:0x00000000 at 0xa00081e8
[35665.530059] PUF Read:0x00000000 at 0xa00081ec
[35665.530059] PUF Read:0x00000000 at 0xa00081f0
[35665.530151] PUF Read:0x00000400 at 0xa00081f4
[35665.530151] PUF Read:0x00000000 at 0xa00081f8
[35665.530212] PUF Read:0x00000000 at 0xa00081fc
[35665.530242] PUF Read:0x00000000 at 0xa0008200
[35665.530242] PUF Read:0x00000000 at 0xa0008204
[35665.530242] PUF Read:0x00000000 at 0xa0008208
[35665.530303] PUF Read:0x00000000 at 0xa000820c
[35665.530303] PUF Read:0x00000000 at 0xa0008210
[35665.530364] PUF Read:0x00000000 at 0xa0008214
[35665.530395] PUF Read:0x00000000 at 0xa0008218
[35665.530395] PUF Read:0x00000000 at 0xa000821c
[35665.530395] PUF Read:0x00000000 at 0xa0008220
[35665.530456] PUF Read:0x00000000 at 0xa0008224
[35665.530456] PUF Read:0x00000000 at 0xa0008228
[35665.530517] PUF Read:0x00000000 at 0xa000822c
[35665.530548] PUF Read:0x00000000 at 0xa0008230
[35665.530548] PUF Read:0x00400000 at 0xa0008234
[35665.530548] PUF Read:0x00000000 at 0xa0008238
[35665.530609] PUF Read:0x00000000 at 0xa000823c
[35665.530609] PUF Read:0x00000000 at 0xa0008240
[35665.530609] PUF Read:0x00000000 at 0xa0008244
[35665.530700] PUF Read:0x00000000 at 0xa0008248
[35665.530731] PUF Read:0x00000000 at 0xa000824c
[35665.530731] PUF Read:0x00000000 at 0xa0008250
[35665.530731] PUF Read:0x00000000 at 0xa0008254
[35665.530792] PUF Read:0x00000000 at 0xa0008258
[35665.530792] PUF Read:0x00000000 at 0xa000825c
[35665.530853] PUF Read:0x00000000 at 0xa0008260
[35665.530883] PUF Read:0x00000000 at 0xa0008264
[35665.530883] PUF Read:0x00000000 at 0xa0008268
[35665.530883] PUF Read:0x00000000 at 0xa000826c
[35665.530944] PUF Read:0x00000000 at 0xa0008270
[35665.530944] PUF Read:0x00000000 at 0xa0008274
[35665.531005] PUF Read:0x00000000 at 0xa0008278
[35665.531036] PUF Read:0x00000000 at 0xa000827c
[35665.531036] PUF Read:0x00000000 at 0xa0008280
[35665.531036] PUF Read:0x00000000 at 0xa0008284
[35665.531097] PUF Read:0x00000000 at 0xa0008288
[35665.531097] PUF Read:0x00000000 at 0xa000828c
[35665.531158] PUF Read:0x00000000 at 0xa0008290
[35665.531188] PUF Read:0x00000000 at 0xa0008294
[35665.531188] PUF Read:0x00000000 at 0xa0008298
[35665.531188] PUF Read:0x00000000 at 0xa000829c
[35665.531250] PUF Read:0x00000000 at 0xa00082a0
[35665.531250] PUF Read:0x00000000 at 0xa00082a4
[35665.531311] PUF Read:0x00000000 at 0xa00082a8
[35665.531341] PUF Read:0x00000000 at 0xa00082ac
[35665.531341] PUF Read:0x00000000 at 0xa00082b0
[35665.531402] PUF Read:0x00000000 at 0xa00082b4
[35665.531402] PUF Read:0x00000040 at 0xa00082b8
[35665.531402] PUF Read:0x00000000 at 0xa00082bc
[35665.531463] PUF Read:0x00000000 at 0xa00082c0
[35665.531494] PUF Read:0x00000000 at 0xa00082c4
[35665.531494] PUF Read:0x10000000 at 0xa00082c8
[35665.531494] PUF Read:0x00000000 at 0xa00082cc
[35665.531494] PUF Read:0x00000000 at 0xa00082d0
[35665.531494] PUF Read:0x00000000 at 0xa00082d4
[35665.531494] PUF Read:0x00000000 at 0xa00082d8
[35665.531646] PUF Read:0x00000000 at 0xa00082dc
[35665.531646] PUF Read:0x00000000 at 0xa00082e0
[35665.531646] PUF Read:0x00000400 at 0xa00082e4
[35665.531646] PUF Read:0x00000000 at 0xa00082e8
[35665.531646] PUF Read:0x00000000 at 0xa00082ec
[35665.531646] PUF Read:0x00000000 at 0xa00082f0
[35665.531799] PUF Read:0x00000000 at 0xa00082f4
[35665.531829] PUF Read:0x00000000 at 0xa00082f8
[35665.531829] PUF Read:0x00000000 at 0xa00082fc
[35665.531829] PUF Read:0x00000000 at 0xa0008300
[35665.531890] PUF Read:0x00000000 at 0xa0008304
[35665.531890] PUF Read:0x00000000 at 0xa0008308
[35665.531951] PUF Read:0x00000000 at 0xa000830c
[35665.531982] PUF Read:0x00000000 at 0xa0008310
[35665.531982] PUF Read:0x00000000 at 0xa0008314
[35665.531982] PUF Read:0x00000000 at 0xa0008318
[35665.532043] PUF Read:0x10000000 at 0xa000831c
[35665.532043] PUF Read:0x00000000 at 0xa0008320
[35665.532104] PUF Read:0x00000000 at 0xa0008324
[35665.532135] PUF Read:0x00000000 at 0xa0008328
[35665.532135] PUF Read:0x00000000 at 0xa000832c
[35665.532135] PUF Read:0x00000004 at 0xa0008330
[35665.532135] PUF Read:0x00000000 at 0xa0008334
[35665.532135] PUF Read:0x00000000 at 0xa0008338
[35665.532135] PUF Read:0x00000000 at 0xa000833c
[35665.532287] PUF Read:0x00000000 at 0xa0008340
[35665.532287] PUF Read:0x00000000 at 0xa0008344
[35665.532287] PUF Read:0x00000000 at 0xa0008348
[35665.532287] PUF Read:0x00000000 at 0xa000834c
[35665.532379] PUF Read:0x00000000 at 0xa0008350
[35665.532379] PUF Read:0x00000000 at 0xa0008354
[35665.532440] PUF Read:0x00000000 at 0xa0008358
[35665.532470] PUF Read:0x00000000 at 0xa000835c
[35665.532470] PUF Read:0x00010000 at 0xa0008360
[35665.532470] PUF Read:0x00000000 at 0xa0008364
[35665.532531] PUF Read:0x00000000 at 0xa0008368
[35665.532531] PUF Read:0x00000000 at 0xa000836c
[35665.532592] PUF Read:0x00000000 at 0xa0008370
[35665.532623] PUF Read:0x00000000 at 0xa0008374
[35665.532623] PUF Read:0x00000000 at 0xa0008378
[35665.532623] PUF Read:0x00000000 at 0xa000837c
[35665.532684] PUF Read:0x00000000 at 0xa0008380
[35665.532684] PUF Read:0x00000000 at 0xa0008384
[35665.532745] PUF Read:0x00000000 at 0xa0008388
[35665.532775] PUF Read:0x00000000 at 0xa000838c
[35665.532775] PUF Read:0x00000000 at 0xa0008390
[35665.532775] PUF Read:0x00000000 at 0xa0008394
[35665.532836] PUF Read:0x00000000 at 0xa0008398
[35665.532836] PUF Read:0x00000000 at 0xa000839c
[35665.532897] PUF Read:0x00000000 at 0xa00083a0
[35665.532897] PUF Read:0x00000000 at 0xa00083a4
[35665.532897] PUF Read:0x00000000 at 0xa00083a8
[35665.532897] PUF Read:0x00000000 at 0xa00083ac
[35665.532897] PUF Read:0x00000000 at 0xa00083b0
[35665.532897] PUF Read:0x00000000 at 0xa00083b4
[35665.533050] PUF Read:0x00000000 at 0xa00083b8
[35665.533050] PUF Read:0x00000000 at 0xa00083bc
[35665.533050] PUF Read:0x00000000 at 0xa00083c0
[35665.533050] PUF Read:0x00000000 at 0xa00083c4
[35665.533050] PUF Read:0x00000000 at 0xa00083c8
[35665.533050] PUF Read:0x00000000 at 0xa00083cc
[35665.533203] PUF Read:0x00000000 at 0xa00083d0
[35665.533203] PUF Read:0x00010000 at 0xa00083d4
[35665.533203] PUF Read:0x00000000 at 0xa00083d8
[35665.533203] PUF Read:0x00000000 at 0xa00083dc
[35665.533203] PUF Read:0x00000000 at 0xa00083e0
[35665.533203] PUF Read:0x00000000 at 0xa00083e4
[35665.533355] PUF Read:0x00000000 at 0xa00083e8
[35665.533355] PUF Read:0x00000000 at 0xa00083ec
[35665.533355] PUF Read:0x00000000 at 0xa00083f0
[35665.533355] PUF Read:0x00000000 at 0xa00083f4
[35665.533355] PUF Read:0x00000004 at 0xa00083f8
[35665.533477] PUF Read:0x00040000 at 0xa00083fc
[35665.533508] [i] Finished PUF read-out
[35665.533508] <6>[i] Finished PUF query for decaytime: 7680
[35665.533508] [i] Start decaytime: 120
[35665.533538] EMIF 2 REG Write 0x80000000 at 0x4d000010
[35665.533538] EMIF 2 REG Read 0x80000000 at 0x4d000010
[35665.533569] EMIF 2 REG Write 0x80000000 at 0x4d000014
[35665.533569] EMIF 2 REG Read 0x00000000 at 0x4d000014
[35665.533599] EMIF 2 REG Write 0x08016893 at 0x4d0000cc
[35665.533599] EMIF 2 REG Read 0x08016893 at 0x4d0000cc
[35665.533599] Temp polling alert disabled
[35665.533630] Refresh Disabled at EMIF2
[35665.533630] [i] Initialiting PUF & hammer rows
[35665.533630] [i] Single-Sided Rowhammer (SSRH)
[35665.533721] [i] Finished initialiting PUF & hammer rows
[35665.540405] [i]	Timer elapsed since its reset 0 sec
[35665.540405] [i] Decay: 120 sec
[35665.540405] [i]	Relative Decay: 0 msec
