[23406.808959] [i] Total hammer attempts per row: 1863306
[23406.808959] EMIF 2 REG Write 0x00000618 at 0x4d000010
[23406.808959] EMIF 2 REG Read 0x00000618 at 0x4d000010
[23406.809020] EMIF 2 REG Write 0x00000618 at 0x4d000014
[23406.809020] EMIF 2 REG Read 0x00000618 at 0x4d000014
[23406.809051] EMIF 2 REG Write 0x58016893 at 0x4d0000cc
[23406.809051] EMIF 2 REG Read 0x58016893 at 0x4d0000cc
[23406.809051] Temp polling alert enabled
[23406.809082] Refresh enabled at EMIF2
[23406.809082] [i] Starting PUF read-out
[23406.809082] [i] Single-Sided Rowhammer (SSRH)
[23406.809112] PUF Read:0x00000000 at 0xa0008000
[23406.809112] PUF Read:0x00000000 at 0xa0008004
[23406.809112] PUF Read:0x00000000 at 0xa0008008
[23406.809112] PUF Read:0x00000000 at 0xa000800c
[23406.809204] PUF Read:0x00000000 at 0xa0008010
[23406.809204] PUF Read:0x00000100 at 0xa0008014
[23406.809204] PUF Read:0x00000000 at 0xa0008018
[23406.809295] PUF Read:0x00000000 at 0xa000801c
[23406.809295] PUF Read:0x00000000 at 0xa0008020
[23406.809295] PUF Read:0x40004000 at 0xa0008024
[23406.809295] PUF Read:0x00000000 at 0xa0008028
[23406.809387] PUF Read:0x00000000 at 0xa000802c
[23406.809387] PUF Read:0x00000000 at 0xa0008030
[23406.809448] PUF Read:0x00000000 at 0xa0008034
[23406.809478] PUF Read:0x00000000 at 0xa0008038
[23406.809478] PUF Read:0x00000000 at 0xa000803c
[23406.809478] PUF Read:0x00000001 at 0xa0008040
[23406.809539] PUF Read:0x00004000 at 0xa0008044
[23406.809539] PUF Read:0x00000000 at 0xa0008048
[23406.809600] PUF Read:0x00000000 at 0xa000804c
[23406.809631] PUF Read:0x00000000 at 0xa0008050
[23406.809631] PUF Read:0x00000000 at 0xa0008054
[23406.809692] PUF Read:0x00000000 at 0xa0008058
[23406.809692] PUF Read:0x00000000 at 0xa000805c
[23406.809692] PUF Read:0x00000000 at 0xa0008060
[23406.809753] PUF Read:0x00000000 at 0xa0008064
[23406.809783] PUF Read:0x00000000 at 0xa0008068
[23406.809783] PUF Read:0x00000000 at 0xa000806c
[23406.809783] PUF Read:0x00000000 at 0xa0008070
[23406.809783] PUF Read:0x00000000 at 0xa0008074
[23406.809783] PUF Read:0x00000000 at 0xa0008078
[23406.809906] PUF Read:0x00000000 at 0xa000807c
[23406.809936] PUF Read:0x00000000 at 0xa0008080
[23406.809936] PUF Read:0x00000000 at 0xa0008084
[23406.809997] PUF Read:0x00000000 at 0xa0008088
[23406.809997] PUF Read:0x00000000 at 0xa000808c
[23406.809997] PUF Read:0x00000000 at 0xa0008090
[23406.809997] PUF Read:0x00000000 at 0xa0008094
[23406.810089] PUF Read:0x00010000 at 0xa0008098
[23406.810089] PUF Read:0x00000000 at 0xa000809c
[23406.810089] PUF Read:0x00000000 at 0xa00080a0
[23406.810089] PUF Read:0x00000000 at 0xa00080a4
[23406.810089] PUF Read:0x00000000 at 0xa00080a8
[23406.810089] PUF Read:0x00000040 at 0xa00080ac
[23406.810241] PUF Read:0x00000000 at 0xa00080b0
[23406.810241] PUF Read:0x00000000 at 0xa00080b4
[23406.810241] PUF Read:0x00000000 at 0xa00080b8
[23406.810241] PUF Read:0x00000000 at 0xa00080bc
[23406.810241] PUF Read:0x00000000 at 0xa00080c0
[23406.810241] PUF Read:0x00000000 at 0xa00080c4
[23406.810394] PUF Read:0x00000000 at 0xa00080c8
[23406.810394] PUF Read:0x00000000 at 0xa00080cc
[23406.810394] PUF Read:0x40004000 at 0xa00080d0
[23406.810394] PUF Read:0x00000000 at 0xa00080d4
[23406.810485] PUF Read:0x00000000 at 0xa00080d8
[23406.810485] PUF Read:0x00000000 at 0xa00080dc
[23406.810546] PUF Read:0x01000000 at 0xa00080e0
[23406.810546] PUF Read:0x00000000 at 0xa00080e4
[23406.810546] PUF Read:0x00000000 at 0xa00080e8
[23406.810546] PUF Read:0x00000001 at 0xa00080ec
[23406.810546] PUF Read:0x00000000 at 0xa00080f0
[23406.810546] PUF Read:0x00000000 at 0xa00080f4
[23406.810699] PUF Read:0x00000000 at 0xa00080f8
[23406.810699] PUF Read:0x00000000 at 0xa00080fc
[23406.810699] PUF Read:0x00000000 at 0xa0008100
[23406.810699] PUF Read:0x00000000 at 0xa0008104
[23406.810699] PUF Read:0x00000000 at 0xa0008108
[23406.810699] PUF Read:0x00000000 at 0xa000810c
[23406.810852] PUF Read:0x00000000 at 0xa0008110
[23406.810852] PUF Read:0x00000000 at 0xa0008114
[23406.810852] PUF Read:0x00000000 at 0xa0008118
[23406.810852] PUF Read:0x00000000 at 0xa000811c
[23406.810852] PUF Read:0x00000000 at 0xa0008120
[23406.810852] PUF Read:0x00000000 at 0xa0008124
[23406.811004] PUF Read:0x00000000 at 0xa0008128
[23406.811035] PUF Read:0x00000000 at 0xa000812c
[23406.811035] PUF Read:0x00000000 at 0xa0008130
[23406.811035] PUF Read:0x00000000 at 0xa0008134
[23406.811096] PUF Read:0x00000000 at 0xa0008138
[23406.811096] PUF Read:0x00000000 at 0xa000813c
[23406.811157] PUF Read:0x00000400 at 0xa0008140
[23406.811187] PUF Read:0x00000000 at 0xa0008144
[23406.811187] PUF Read:0x00100400 at 0xa0008148
[23406.811248] PUF Read:0x00000000 at 0xa000814c
[23406.811248] PUF Read:0x00000000 at 0xa0008150
[23406.811248] PUF Read:0x00000000 at 0xa0008154
[23406.811309] PUF Read:0x00000000 at 0xa0008158
[23406.811340] PUF Read:0x00000040 at 0xa000815c
[23406.811340] PUF Read:0x00000000 at 0xa0008160
[23406.811401] PUF Read:0x00000000 at 0xa0008164
[23406.811401] PUF Read:0x00000000 at 0xa0008168
[23406.811401] PUF Read:0x00400000 at 0xa000816c
[23406.811462] PUF Read:0x00000000 at 0xa0008170
[23406.811492] PUF Read:0x00000000 at 0xa0008174
[23406.811492] PUF Read:0x00000000 at 0xa0008178
[23406.811553] PUF Read:0x00000000 at 0xa000817c
[23406.811553] PUF Read:0x00000000 at 0xa0008180
[23406.811553] PUF Read:0x00000000 at 0xa0008184
[23406.811553] PUF Read:0x00000000 at 0xa0008188
[23406.811645] PUF Read:0x00000000 at 0xa000818c
[23406.811645] PUF Read:0x00000000 at 0xa0008190
[23406.811645] PUF Read:0x40000000 at 0xa0008194
[23406.811645] PUF Read:0x00000000 at 0xa0008198
[23406.811645] PUF Read:0x00000000 at 0xa000819c
[23406.811645] PUF Read:0x00000000 at 0xa00081a0
[23406.811798] PUF Read:0x00000000 at 0xa00081a4
[23406.811798] PUF Read:0x00000000 at 0xa00081a8
[23406.811798] PUF Read:0x00000000 at 0xa00081ac
[23406.811798] PUF Read:0x00400000 at 0xa00081b0
[23406.811798] PUF Read:0x00000000 at 0xa00081b4
[23406.811798] PUF Read:0x00000000 at 0xa00081b8
[23406.811950] PUF Read:0x00000000 at 0xa00081bc
[23406.811950] PUF Read:0x00000000 at 0xa00081c0
[23406.811950] PUF Read:0x00000004 at 0xa00081c4
[23406.811950] PUF Read:0x00000000 at 0xa00081c8
[23406.811950] PUF Read:0x00000000 at 0xa00081cc
[23406.811950] PUF Read:0x10000000 at 0xa00081d0
[23406.812103] PUF Read:0x00000000 at 0xa00081d4
[23406.812103] PUF Read:0x00000000 at 0xa00081d8
[23406.812103] PUF Read:0x00000000 at 0xa00081dc
[23406.812103] PUF Read:0x00000000 at 0xa00081e0
[23406.812103] PUF Read:0x00000040 at 0xa00081e4
[23406.812103] PUF Read:0x00000000 at 0xa00081e8
[23406.812255] PUF Read:0x00000000 at 0xa00081ec
[23406.812255] PUF Read:0x00000000 at 0xa00081f0
[23406.812255] PUF Read:0x00000400 at 0xa00081f4
[23406.812255] PUF Read:0x00000000 at 0xa00081f8
[23406.812255] PUF Read:0x00000000 at 0xa00081fc
[23406.812255] PUF Read:0x00000000 at 0xa0008200
[23406.812408] PUF Read:0x00000000 at 0xa0008204
[23406.812408] PUF Read:0x00000000 at 0xa0008208
[23406.812469] PUF Read:0x00000000 at 0xa000820c
[23406.812469] PUF Read:0x00000000 at 0xa0008210
[23406.812469] PUF Read:0x00000000 at 0xa0008214
[23406.812469] PUF Read:0x00000000 at 0xa0008218
[23406.812561] PUF Read:0x00000000 at 0xa000821c
[23406.812591] PUF Read:0x00000000 at 0xa0008220
[23406.812591] PUF Read:0x00000000 at 0xa0008224
[23406.812591] PUF Read:0x00000000 at 0xa0008228
[23406.812652] PUF Read:0x00000000 at 0xa000822c
[23406.812652] PUF Read:0x00000000 at 0xa0008230
[23406.812713] PUF Read:0x00400000 at 0xa0008234
[23406.812744] PUF Read:0x00000000 at 0xa0008238
[23406.812744] PUF Read:0x00000000 at 0xa000823c
[23406.812744] PUF Read:0x00000000 at 0xa0008240
[23406.812805] PUF Read:0x00000000 at 0xa0008244
[23406.812805] PUF Read:0x00000000 at 0xa0008248
[23406.812866] PUF Read:0x00000000 at 0xa000824c
[23406.812896] PUF Read:0x00000000 at 0xa0008250
[23406.812896] PUF Read:0x00100000 at 0xa0008254
[23406.812896] PUF Read:0x00000000 at 0xa0008258
[23406.812957] PUF Read:0x00040000 at 0xa000825c
[23406.812957] PUF Read:0x00000000 at 0xa0008260
[23406.813018] PUF Read:0x00000000 at 0xa0008264
[23406.813049] PUF Read:0x00000000 at 0xa0008268
[23406.813049] PUF Read:0x00000000 at 0xa000826c
[23406.813049] PUF Read:0x00000000 at 0xa0008270
[23406.813110] PUF Read:0x00000000 at 0xa0008274
[23406.813110] PUF Read:0x00000040 at 0xa0008278
[23406.813171] PUF Read:0x00000000 at 0xa000827c
[23406.813201] PUF Read:0x00000000 at 0xa0008280
[23406.813201] PUF Read:0x00000000 at 0xa0008284
[23406.813262] PUF Read:0x00000000 at 0xa0008288
[23406.813262] PUF Read:0x00000000 at 0xa000828c
[23406.813262] PUF Read:0x00000000 at 0xa0008290
[23406.813323] PUF Read:0x00000000 at 0xa0008294
[23406.813354] PUF Read:0x00000000 at 0xa0008298
[23406.813354] PUF Read:0x00000000 at 0xa000829c
[23406.813415] PUF Read:0x00000000 at 0xa00082a0
[23406.813415] PUF Read:0x00001000 at 0xa00082a4
[23406.813415] PUF Read:0x00000000 at 0xa00082a8
[23406.813476] PUF Read:0x00000000 at 0xa00082ac
[23406.813507] PUF Read:0x00000000 at 0xa00082b0
[23406.813507] PUF Read:0x00000000 at 0xa00082b4
[23406.813507] PUF Read:0x00000040 at 0xa00082b8
[23406.813507] PUF Read:0x00000000 at 0xa00082bc
[23406.813507] PUF Read:0x00000000 at 0xa00082c0
[23406.813507] PUF Read:0x00000000 at 0xa00082c4
[23406.813659] PUF Read:0x10000000 at 0xa00082c8
[23406.813659] PUF Read:0x00000000 at 0xa00082cc
[23406.813659] PUF Read:0x00100000 at 0xa00082d0
[23406.813659] PUF Read:0x00000000 at 0xa00082d4
[23406.813659] PUF Read:0x00000000 at 0xa00082d8
[23406.813659] PUF Read:0x00000000 at 0xa00082dc
[23406.813812] PUF Read:0x00000000 at 0xa00082e0
[23406.813812] PUF Read:0x00000400 at 0xa00082e4
[23406.813812] PUF Read:0x00000000 at 0xa00082e8
[23406.813812] PUF Read:0x00000001 at 0xa00082ec
[23406.813812] PUF Read:0x00000000 at 0xa00082f0
[23406.813812] PUF Read:0x00000000 at 0xa00082f4
[23406.813964] PUF Read:0x00000000 at 0xa00082f8
[23406.813964] PUF Read:0x00000000 at 0xa00082fc
[23406.813964] PUF Read:0x00000000 at 0xa0008300
[23406.813964] PUF Read:0x00000000 at 0xa0008304
[23406.813964] PUF Read:0x00000000 at 0xa0008308
[23406.813964] PUF Read:0x00000000 at 0xa000830c
[23406.814117] PUF Read:0x00000000 at 0xa0008310
[23406.814147] PUF Read:0x00000000 at 0xa0008314
[23406.814147] PUF Read:0x01000000 at 0xa0008318
[23406.814147] PUF Read:0x10000000 at 0xa000831c
[23406.814208] PUF Read:0x00000000 at 0xa0008320
[23406.814208] PUF Read:0x00000000 at 0xa0008324
[23406.814270] PUF Read:0x00000000 at 0xa0008328
[23406.814300] PUF Read:0x00000000 at 0xa000832c
[23406.814300] PUF Read:0x00000004 at 0xa0008330
[23406.814300] PUF Read:0x00000000 at 0xa0008334
[23406.814361] PUF Read:0x00000000 at 0xa0008338
[23406.814361] PUF Read:0x00000000 at 0xa000833c
[23406.814422] PUF Read:0x00000000 at 0xa0008340
[23406.814453] PUF Read:0x00000000 at 0xa0008344
[23406.814453] PUF Read:0x00000000 at 0xa0008348
[23406.814453] PUF Read:0x00000000 at 0xa000834c
[23406.814514] PUF Read:0x00000000 at 0xa0008350
[23406.814514] PUF Read:0x00000000 at 0xa0008354
[23406.814575] PUF Read:0x00000000 at 0xa0008358
[23406.814605] PUF Read:0x00000000 at 0xa000835c
[23406.814605] PUF Read:0x00010000 at 0xa0008360
[23406.814605] PUF Read:0x00000000 at 0xa0008364
[23406.814666] PUF Read:0x00000000 at 0xa0008368
[23406.814666] PUF Read:0x00000000 at 0xa000836c
[23406.814727] PUF Read:0x00000000 at 0xa0008370
[23406.814758] PUF Read:0x00000000 at 0xa0008374
[23406.814758] PUF Read:0x00000000 at 0xa0008378
[23406.814819] PUF Read:0x00000000 at 0xa000837c
[23406.814819] PUF Read:0x00000000 at 0xa0008380
[23406.814819] PUF Read:0x00000000 at 0xa0008384
[23406.814880] PUF Read:0x00000000 at 0xa0008388
[23406.814910] PUF Read:0x00000000 at 0xa000838c
[23406.814910] PUF Read:0x00000001 at 0xa0008390
[23406.814971] PUF Read:0x00000000 at 0xa0008394
[23406.815002] PUF Read:0x00000000 at 0xa0008398
[23406.815002] PUF Read:0x00000000 at 0xa000839c
[23406.815002] PUF Read:0x00000000 at 0xa00083a0
[23406.815002] PUF Read:0x00000000 at 0xa00083a4
[23406.815124] PUF Read:0x00000000 at 0xa00083a8
[23406.815124] PUF Read:0x00000000 at 0xa00083ac
[23406.815185] PUF Read:0x00000000 at 0xa00083b0
[23406.815216] PUF Read:0x00000000 at 0xa00083b4
[23406.815216] PUF Read:0x00000000 at 0xa00083b8
[23406.815277] PUF Read:0x00000000 at 0xa00083bc
[23406.815277] PUF Read:0x00000000 at 0xa00083c0
[23406.815277] PUF Read:0x00000000 at 0xa00083c4
[23406.815338] PUF Read:0x00000000 at 0xa00083c8
[23406.815368] PUF Read:0x00000000 at 0xa00083cc
[23406.815368] PUF Read:0x00000000 at 0xa00083d0
[23406.815429] PUF Read:0x00010000 at 0xa00083d4
[23406.815429] PUF Read:0x00000000 at 0xa00083d8
[23406.815429] PUF Read:0x00000000 at 0xa00083dc
[23406.815490] PUF Read:0x00100000 at 0xa00083e0
[23406.815521] PUF Read:0x10000000 at 0xa00083e4
[23406.815521] PUF Read:0x00000000 at 0xa00083e8
[23406.815582] PUF Read:0x00000000 at 0xa00083ec
[23406.815582] PUF Read:0x00000000 at 0xa00083f0
[23406.815582] PUF Read:0x00000000 at 0xa00083f4
[23406.815582] PUF Read:0x00000004 at 0xa00083f8
[23406.815673] PUF Read:0x00040000 at 0xa00083fc
[23406.815704] [i] Finished PUF read-out
[23406.815704] <6>[i] Finished PUF query for decaytime: 7680
[23406.815704] [i] Start decaytime: 120
[23406.815734] EMIF 2 REG Write 0x80000000 at 0x4d000010
[23406.815734] EMIF 2 REG Read 0x80000000 at 0x4d000010
[23406.815765] EMIF 2 REG Write 0x80000000 at 0x4d000014
[23406.815765] EMIF 2 REG Read 0x00000000 at 0x4d000014
[23406.815795] EMIF 2 REG Write 0x08016893 at 0x4d0000cc
[23406.815795] EMIF 2 REG Read 0x08016893 at 0x4d0000cc
[23406.815795] Temp polling alert disabled
[23406.815826] Refresh Disabled at EMIF2
[23406.815826] [i] Initialiting PUF & hammer rows
[23406.815826] [i] Single-Sided Rowhammer (SSRH)
[23406.822509] [i] Finished initialiting PUF & hammer rows
[23406.822509] [i]	Timer elapsed since its reset 0 sec
[23406.822509] [i] Decay: 120 sec
[23406.822540] [i]	Relative Decay: 0 msec
