[56042.221221] [i] Total hammer attempts per row: 1864388
[56042.221252] EMIF 2 REG Write 0x00000618 at 0x4d000010
[56042.221252] EMIF 2 REG Read 0x00000618 at 0x4d000010
[56042.221282] EMIF 2 REG Write 0x00000618 at 0x4d000014
[56042.221282] EMIF 2 REG Read 0x00000618 at 0x4d000014
[56042.221313] EMIF 2 REG Write 0x58016893 at 0x4d0000cc
[56042.221313] EMIF 2 REG Read 0x58016893 at 0x4d0000cc
[56042.221343] Temp polling alert enabled
[56042.221343] Refresh enabled at EMIF2
[56042.221343] [i] Starting PUF read-out
[56042.221374] [i] Single-Sided Rowhammer (SSRH)
[56042.221374] PUF Read:0xaaaaaaaa at 0xa0008000
[56042.221374] PUF Read:0xaaaaaaaa at 0xa0008004
[56042.221374] PUF Read:0xaaaaaaaa at 0xa0008008
[56042.221466] PUF Read:0xaaaaaaaa at 0xa000800c
[56042.221496] PUF Read:0xaaaaaaaa at 0xa0008010
[56042.221496] PUF Read:0xaaaaabaa at 0xa0008014
[56042.221496] PUF Read:0xaaaaaaaa at 0xa0008018
[56042.221557] PUF Read:0xaaaaaaaa at 0xa000801c
[56042.221557] PUF Read:0xaaaaaaaa at 0xa0008020
[56042.221618] PUF Read:0xaaaaaaaa at 0xa0008024
[56042.221649] PUF Read:0xaaaaaaaa at 0xa0008028
[56042.221649] PUF Read:0xaaaaaaaa at 0xa000802c
[56042.221649] PUF Read:0xaaaaaaaa at 0xa0008030
[56042.221649] PUF Read:0xaaaaaaaa at 0xa0008034
[56042.221740] PUF Read:0xaaaaaaaa at 0xa0008038
[56042.221740] PUF Read:0xaaaaaaaa at 0xa000803c
[56042.221801] PUF Read:0xaaaaaaab at 0xa0008040
[56042.221832] PUF Read:0xaaaaeaaa at 0xa0008044
[56042.221832] PUF Read:0xaaaaaaaa at 0xa0008048
[56042.221893] PUF Read:0xaaaaaaaa at 0xa000804c
[56042.221893] PUF Read:0xaaaaaaaa at 0xa0008050
[56042.221893] PUF Read:0xaaaaaaaa at 0xa0008054
[56042.221893] PUF Read:0xaaaaaaaa at 0xa0008058
[56042.221984] PUF Read:0xaaaaaaaa at 0xa000805c
[56042.222015] PUF Read:0xaaaaaaaa at 0xa0008060
[56042.222015] PUF Read:0xaaaaaaaa at 0xa0008064
[56042.222015] PUF Read:0xaaaaaaaa at 0xa0008068
[56042.222015] PUF Read:0xaaaaaaaa at 0xa000806c
[56042.222015] PUF Read:0xaaaaaaaa at 0xa0008070
[56042.222015] PUF Read:0xaaaaaaaa at 0xa0008074
[56042.222167] PUF Read:0xaaaaaaaa at 0xa0008078
[56042.222167] PUF Read:0xaaaaaaaa at 0xa000807c
[56042.222167] PUF Read:0xaaaaaaaa at 0xa0008080
[56042.222167] PUF Read:0xaaaaaaaa at 0xa0008084
[56042.222259] PUF Read:0xaaaaaaaa at 0xa0008088
[56042.222259] PUF Read:0xaaaaaaaa at 0xa000808c
[56042.222320] PUF Read:0xaaaa8aaa at 0xa0008090
[56042.222351] PUF Read:0xaaaaaaaa at 0xa0008094
[56042.222351] PUF Read:0xaaabaaaa at 0xa0008098
[56042.222351] PUF Read:0xaaaaaaaa at 0xa000809c
[56042.222412] PUF Read:0xaaaaaaaa at 0xa00080a0
[56042.222412] PUF Read:0xaaaaaaaa at 0xa00080a4
[56042.222473] PUF Read:0xaaaaaaaa at 0xa00080a8
[56042.222503] PUF Read:0xaaaaaaaa at 0xa00080ac
[56042.222503] PUF Read:0xaaaaaaaa at 0xa00080b0
[56042.222564] PUF Read:0xaa2aaaaa at 0xa00080b4
[56042.222564] PUF Read:0xaaaaaaaa at 0xa00080b8
[56042.222564] PUF Read:0x8aaaaaaa at 0xa00080bc
[56042.222564] PUF Read:0xaaaaaaaa at 0xa00080c0
[56042.222656] PUF Read:0xaaaaaaaa at 0xa00080c4
[56042.222656] PUF Read:0xaaa2aaaa at 0xa00080c8
[56042.222656] PUF Read:0xaaaaaaaa at 0xa00080cc
[56042.222656] PUF Read:0xaaaaaaaa at 0xa00080d0
[56042.222656] PUF Read:0xaaaaaaaa at 0xa00080d4
[56042.222656] PUF Read:0xaaaaaaaa at 0xa00080d8
[56042.222808] PUF Read:0xaaaaaaaa at 0xa00080dc
[56042.222808] PUF Read:0xaaaaaaaa at 0xa00080e0
[56042.222808] PUF Read:0xaaaaaaaa at 0xa00080e4
[56042.222808] PUF Read:0xaaaaaaaa at 0xa00080e8
[56042.222900] PUF Read:0xaaaaaaab at 0xa00080ec
[56042.222900] PUF Read:0x8aaaaaaa at 0xa00080f0
[56042.222961] PUF Read:0xaaaaaaaa at 0xa00080f4
[56042.222991] PUF Read:0xaaaaaaaa at 0xa00080f8
[56042.222991] PUF Read:0xaaaaaaaa at 0xa00080fc
[56042.222991] PUF Read:0xaaaaaaaa at 0xa0008100
[56042.223052] PUF Read:0xaaaaaaaa at 0xa0008104
[56042.223052] PUF Read:0xaaaaaaaa at 0xa0008108
[56042.223114] PUF Read:0xaaaaaaaa at 0xa000810c
[56042.223144] PUF Read:0xaaaaaaaa at 0xa0008110
[56042.223144] PUF Read:0xaaaaaaaa at 0xa0008114
[56042.223144] PUF Read:0xaaaaaaaa at 0xa0008118
[56042.223205] PUF Read:0xaaaaaaaa at 0xa000811c
[56042.223205] PUF Read:0xaaaaaaaa at 0xa0008120
[56042.223266] PUF Read:0xaaaaaaaa at 0xa0008124
[56042.223297] PUF Read:0xaaaaaaaa at 0xa0008128
[56042.223297] PUF Read:0xaaaaaaaa at 0xa000812c
[56042.223358] PUF Read:0xaaaaaaaa at 0xa0008130
[56042.223358] PUF Read:0xaaaaaaaa at 0xa0008134
[56042.223358] PUF Read:0xaa8aaaaa at 0xa0008138
[56042.223358] PUF Read:0xaaaaaaaa at 0xa000813c
[56042.223449] PUF Read:0xaaaaaaaa at 0xa0008140
[56042.223449] PUF Read:0xaaaaaaaa at 0xa0008144
[56042.223449] PUF Read:0xaabaaeaa at 0xa0008148
[56042.223541] PUF Read:0xaaaaaaaa at 0xa000814c
[56042.223541] PUF Read:0xaaaaaaaa at 0xa0008150
[56042.223541] PUF Read:0xaaaaaaaa at 0xa0008154
[56042.223541] PUF Read:0xaaaaaaaa at 0xa0008158
[56042.223632] PUF Read:0xaaaaaaea at 0xa000815c
[56042.223632] PUF Read:0xaaaaaaaa at 0xa0008160
[56042.223632] PUF Read:0xaaaaaaaa at 0xa0008164
[56042.223632] PUF Read:0xaaaaaaaa at 0xa0008168
[56042.223632] PUF Read:0xaaaaaaaa at 0xa000816c
[56042.223632] PUF Read:0xaaaaaaaa at 0xa0008170
[56042.223785] PUF Read:0xaaaaaaaa at 0xa0008174
[56042.223785] PUF Read:0xaaaaaaaa at 0xa0008178
[56042.223785] PUF Read:0xaaaaaaaa at 0xa000817c
[56042.223785] PUF Read:0xaaaaaa2a at 0xa0008180
[56042.223876] PUF Read:0xaaaaaaaa at 0xa0008184
[56042.223876] PUF Read:0xaaaaaaaa at 0xa0008188
[56042.223937] PUF Read:0xaaaaaaaa at 0xa000818c
[56042.223968] PUF Read:0xaaaaaaaa at 0xa0008190
[56042.223968] PUF Read:0xaaaaaaaa at 0xa0008194
[56042.223968] PUF Read:0xaaaaaaaa at 0xa0008198
[56042.224029] PUF Read:0xaaaaaaaa at 0xa000819c
[56042.224029] PUF Read:0xaaaaaaaa at 0xa00081a0
[56042.224090] PUF Read:0xaaaaaaaa at 0xa00081a4
[56042.224121] PUF Read:0xaaaaaaaa at 0xa00081a8
[56042.224121] PUF Read:0xaaaaaaaa at 0xa00081ac
[56042.224182] PUF Read:0xaaeaaaaa at 0xa00081b0
[56042.224182] PUF Read:0xaaaaaaaa at 0xa00081b4
[56042.224182] PUF Read:0xaaaaaaaa at 0xa00081b8
[56042.224182] PUF Read:0xaaaaaaaa at 0xa00081bc
[56042.224273] PUF Read:0xaaaaaaaa at 0xa00081c0
[56042.224273] PUF Read:0xaaaaaaae at 0xa00081c4
[56042.224273] PUF Read:0xaaaaaaaa at 0xa00081c8
[56042.224273] PUF Read:0xaaaaaaaa at 0xa00081cc
[56042.224273] PUF Read:0xaaaaaaaa at 0xa00081d0
[56042.224273] PUF Read:0xaaaaaaaa at 0xa00081d4
[56042.224426] PUF Read:0xaaaaaaaa at 0xa00081d8
[56042.224456] PUF Read:0xaaaaaaaa at 0xa00081dc
[56042.224456] PUF Read:0xaaaaaaaa at 0xa00081e0
[56042.224456] PUF Read:0xaaaaaaaa at 0xa00081e4
[56042.224517] PUF Read:0xaaaaaaaa at 0xa00081e8
[56042.224517] PUF Read:0xaa2aaaaa at 0xa00081ec
[56042.224578] PUF Read:0xaaaaaaaa at 0xa00081f0
[56042.224609] PUF Read:0xaaaaaaaa at 0xa00081f4
[56042.224609] PUF Read:0xaaaaaaa2 at 0xa00081f8
[56042.224609] PUF Read:0xaaaaaaaa at 0xa00081fc
[56042.224670] PUF Read:0xaaaaaaaa at 0xa0008200
[56042.224670] PUF Read:0xaaaaaaaa at 0xa0008204
[56042.224731] PUF Read:0xaaaaaaaa at 0xa0008208
[56042.224761] PUF Read:0xa8aaaaaa at 0xa000820c
[56042.224761] PUF Read:0xaaaaaaaa at 0xa0008210
[56042.224822] PUF Read:0xaaaaaaaa at 0xa0008214
[56042.224822] PUF Read:0xaaaaaaaa at 0xa0008218
[56042.224822] PUF Read:0xaaaaaaaa at 0xa000821c
[56042.224884] PUF Read:0xaaaaaaaa at 0xa0008220
[56042.224914] PUF Read:0xaaaaaaaa at 0xa0008224
[56042.224914] PUF Read:0xaaaaaaaa at 0xa0008228
[56042.224975] PUF Read:0xaaaaaaaa at 0xa000822c
[56042.224975] PUF Read:0xaaaaaaaa at 0xa0008230
[56042.224975] PUF Read:0xaaaaaaaa at 0xa0008234
[56042.224975] PUF Read:0xaaaaaaaa at 0xa0008238
[56042.225067] PUF Read:0xaaaaaaaa at 0xa000823c
[56042.225097] PUF Read:0xaaaaaaaa at 0xa0008240
[56042.225097] PUF Read:0xaaaaaaaa at 0xa0008244
[56042.225158] PUF Read:0xaaaaaaaa at 0xa0008248
[56042.225158] PUF Read:0xaaaaaaaa at 0xa000824c
[56042.225158] PUF Read:0xaaaaaaaa at 0xa0008250
[56042.225219] PUF Read:0xaaaaaaaa at 0xa0008254
[56042.225250] PUF Read:0xaaaaaaaa at 0xa0008258
[56042.225250] PUF Read:0xaaaaaaaa at 0xa000825c
[56042.225250] PUF Read:0xaaaaaaaa at 0xa0008260
[56042.225250] PUF Read:0xaaaaaaaa at 0xa0008264
[56042.225250] PUF Read:0xaaaaaaaa at 0xa0008268
[56042.225250] PUF Read:0xaaaaaaaa at 0xa000826c
[56042.225402] PUF Read:0xaaaaaaaa at 0xa0008270
[56042.225402] PUF Read:0xaaaaaaaa at 0xa0008274
[56042.225402] PUF Read:0xaaaaaaaa at 0xa0008278
[56042.225402] PUF Read:0xaaaaaaaa at 0xa000827c
[56042.225402] PUF Read:0xaaaaaaaa at 0xa0008280
[56042.225402] PUF Read:0xaaaaaaaa at 0xa0008284
[56042.225555] PUF Read:0xaaaaaaaa at 0xa0008288
[56042.225555] PUF Read:0xaaaaaaaa at 0xa000828c
[56042.225555] PUF Read:0xaaaaaaaa at 0xa0008290
[56042.225555] PUF Read:0xaaaaaaaa at 0xa0008294
[56042.225646] PUF Read:0xaaaaaaaa at 0xa0008298
[56042.225646] PUF Read:0xaaaaaaaa at 0xa000829c
[56042.225708] PUF Read:0xaaaaaaaa at 0xa00082a0
[56042.225738] PUF Read:0xaaaaaaaa at 0xa00082a4
[56042.225738] PUF Read:0xaaaaaaaa at 0xa00082a8
[56042.225738] PUF Read:0xaaaaaaaa at 0xa00082ac
[56042.225799] PUF Read:0xaaaaaaaa at 0xa00082b0
[56042.225799] PUF Read:0xaaaaaaaa at 0xa00082b4
[56042.225860] PUF Read:0xaaaaaaea at 0xa00082b8
[56042.225891] PUF Read:0xaaaaaaaa at 0xa00082bc
[56042.225891] PUF Read:0xaaaaaaaa at 0xa00082c0
[56042.225952] PUF Read:0xaaaaaaaa at 0xa00082c4
[56042.225952] PUF Read:0xaaaaaaaa at 0xa00082c8
[56042.225952] PUF Read:0xaaaaaaaa at 0xa00082cc
[56042.226013] PUF Read:0xaaaaaaaa at 0xa00082d0
[56042.226043] PUF Read:0xaaaaaaaa at 0xa00082d4
[56042.226043] PUF Read:0xaaaaaaaa at 0xa00082d8
[56042.226104] PUF Read:0xaaaaaaaa at 0xa00082dc
[56042.226104] PUF Read:0xaaaaaaaa at 0xa00082e0
[56042.226104] PUF Read:0xaaaaaaaa at 0xa00082e4
[56042.226104] PUF Read:0xaaaaaaaa at 0xa00082e8
[56042.226196] PUF Read:0xaaaaaaaa at 0xa00082ec
[56042.226196] PUF Read:0xaaaaaaaa at 0xa00082f0
[56042.226196] PUF Read:0xaaaaaaaa at 0xa00082f4
[56042.226196] PUF Read:0xaaaaaaaa at 0xa00082f8
[56042.226287] PUF Read:0xaaaaaaaa at 0xa00082fc
[56042.226287] PUF Read:0xaaaaaaaa at 0xa0008300
[56042.226348] PUF Read:0xaaaaaaaa at 0xa0008304
[56042.226379] PUF Read:0xaaaaaaaa at 0xa0008308
[56042.226379] PUF Read:0xaaaaaaaa at 0xa000830c
[56042.226379] PUF Read:0xaaaaaaaa at 0xa0008310
[56042.226440] PUF Read:0xaaaaaaaa at 0xa0008314
[56042.226440] PUF Read:0xaaaaaaaa at 0xa0008318
[56042.226501] PUF Read:0xbaaaaaaa at 0xa000831c
[56042.226531] PUF Read:0xaaaaaaaa at 0xa0008320
[56042.226531] PUF Read:0xaaaaaaaa at 0xa0008324
[56042.226531] PUF Read:0xaaaaaaaa at 0xa0008328
[56042.226531] PUF Read:0xaaaaaaaa at 0xa000832c
[56042.226623] PUF Read:0xaaaaaaae at 0xa0008330
[56042.226623] PUF Read:0xaaaaaaaa at 0xa0008334
[56042.226684] PUF Read:0xaaaaaaaa at 0xa0008338
[56042.226715] PUF Read:0xaaaaaaaa at 0xa000833c
[56042.226715] PUF Read:0xaaaaaaaa at 0xa0008340
[56042.226715] PUF Read:0xaaaaaaaa at 0xa0008344
[56042.226776] PUF Read:0xaaaaaaaa at 0xa0008348
[56042.226776] PUF Read:0xaaaaaaaa at 0xa000834c
[56042.226837] PUF Read:0xaaaaaaaa at 0xa0008350
[56042.226867] PUF Read:0xaaaaaaaa at 0xa0008354
[56042.226867] PUF Read:0xaaaaaaaa at 0xa0008358
[56042.226867] PUF Read:0xaaaaaaaa at 0xa000835c
[56042.226928] PUF Read:0xaaabaaaa at 0xa0008360
[56042.226928] PUF Read:0xaaaaaaaa at 0xa0008364
[56042.226989] PUF Read:0xaaaaaaaa at 0xa0008368
[56042.227020] PUF Read:0xaaaaaaaa at 0xa000836c
[56042.227020] PUF Read:0xaaaaaaaa at 0xa0008370
[56042.227020] PUF Read:0xaaaaaaaa at 0xa0008374
[56042.227081] PUF Read:0xaaaaaaaa at 0xa0008378
[56042.227081] PUF Read:0xaaaaaaaa at 0xa000837c
[56042.227142] PUF Read:0xaaaaaaaa at 0xa0008380
[56042.227172] PUF Read:0xaaaaaaaa at 0xa0008384
[56042.227172] PUF Read:0xaaaaaaaa at 0xa0008388
[56042.227172] PUF Read:0xaaaaaaaa at 0xa000838c
[56042.227233] PUF Read:0xaaaaaaaa at 0xa0008390
[56042.227233] PUF Read:0xaaaaaaaa at 0xa0008394
[56042.227294] PUF Read:0xaaaaaaaa at 0xa0008398
[56042.227325] PUF Read:0xaaa2aaaa at 0xa000839c
[56042.227325] PUF Read:0xaaaaaaaa at 0xa00083a0
[56042.227325] PUF Read:0xaaaaaaaa at 0xa00083a4
[56042.227325] PUF Read:0xaaaaaaaa at 0xa00083a8
[56042.227325] PUF Read:0xaaaaaaaa at 0xa00083ac
[56042.227325] PUF Read:0xaaaaaaa2 at 0xa00083b0
[56042.227478] PUF Read:0xaaaaaaaa at 0xa00083b4
[56042.227478] PUF Read:0xaaaaaaaa at 0xa00083b8
[56042.227478] PUF Read:0xaaaaaaaa at 0xa00083bc
[56042.227478] PUF Read:0xaaaaaaaa at 0xa00083c0
[56042.227569] PUF Read:0xaaaaaaaa at 0xa00083c4
[56042.227569] PUF Read:0xaaaaaaaa at 0xa00083c8
[56042.227630] PUF Read:0xaaaaaaaa at 0xa00083cc
[56042.227661] PUF Read:0xaaaaaaaa at 0xa00083d0
[56042.227661] PUF Read:0xaaabaaaa at 0xa00083d4
[56042.227661] PUF Read:0xaaaaaaaa at 0xa00083d8
[56042.227722] PUF Read:0xaaaaaaaa at 0xa00083dc
[56042.227722] PUF Read:0xaaaaaaaa at 0xa00083e0
[56042.227783] PUF Read:0xaaaaaaaa at 0xa00083e4
[56042.227813] PUF Read:0xaaaaaaaa at 0xa00083e8
[56042.227813] PUF Read:0xaaaaaaaa at 0xa00083ec
[56042.227813] PUF Read:0xaaaaaaaa at 0xa00083f0
[56042.227874] PUF Read:0xaaaaaaaa at 0xa00083f4
[56042.227874] PUF Read:0xaaaaaaae at 0xa00083f8
[56042.227935] PUF Read:0xaaaeaaaa at 0xa00083fc
[56042.227966] [i] Finished PUF read-out
[56042.227966] <6>[i] Finished PUF query for decaytime: 7680
[56042.227966] [i] Start decaytime: 120
[56042.227996] EMIF 2 REG Write 0x80000000 at 0x4d000010
[56042.227996] EMIF 2 REG Read 0x80000000 at 0x4d000010
[56042.228027] EMIF 2 REG Write 0x80000000 at 0x4d000014
[56042.228027] EMIF 2 REG Read 0x00000000 at 0x4d000014
[56042.228057] EMIF 2 REG Write 0x08016893 at 0x4d0000cc
[56042.228057] EMIF 2 REG Read 0x08016893 at 0x4d0000cc
[56042.228057] Temp polling alert disabled
[56042.228088] Refresh Disabled at EMIF2
[56042.228088] [i] Initialiting PUF & hammer rows
[56042.228088] [i] Single-Sided Rowhammer (SSRH)
[56042.229949] [i] Finished initialiting PUF & hammer rows
[56042.236022] [i]	Timer elapsed since its reset 0 sec
[56042.236022] [i] Decay: 120 sec
[56042.236053] [i]	Relative Decay: 0 msec
