[45403.877502] [i] Total hammer attempts per row: 1863713
[45403.877502] EMIF 2 REG Write 0x00000618 at 0x4d000010
[45403.877532] EMIF 2 REG Read 0x00000618 at 0x4d000010
[45403.877532] EMIF 2 REG Write 0x00000618 at 0x4d000014
[45403.877563] EMIF 2 REG Read 0x00000618 at 0x4d000014
[45403.877563] EMIF 2 REG Write 0x58016893 at 0x4d0000cc
[45403.877593] EMIF 2 REG Read 0x58016893 at 0x4d0000cc
[45403.877593] Temp polling alert enabled
[45403.877593] Refresh enabled at EMIF2
[45403.877624] [i] Starting PUF read-out
[45403.877624] [i] Single-Sided Rowhammer (SSRH)
[45403.877624] PUF Read:0xaaaaaaaa at 0xa0008000
[45403.877655] PUF Read:0xaaaaaaaa at 0xa0008004
[45403.877655] PUF Read:0xaaaaaaaa at 0xa0008008
[45403.877655] PUF Read:0xaaaaaaaa at 0xa000800c
[45403.877746] PUF Read:0xaaaaaaaa at 0xa0008010
[45403.877777] PUF Read:0xaaaaabaa at 0xa0008014
[45403.877777] PUF Read:0xaaaaaaaa at 0xa0008018
[45403.877777] PUF Read:0xaaaaaaaa at 0xa000801c
[45403.877777] PUF Read:0xaaaaaaaa at 0xa0008020
[45403.877777] PUF Read:0xaaaaaaaa at 0xa0008024
[45403.877899] PUF Read:0xaaaaaaaa at 0xa0008028
[45403.877899] PUF Read:0xaaaaaaaa at 0xa000802c
[45403.877960] PUF Read:0xaaaaaaaa at 0xa0008030
[45403.877990] PUF Read:0xaaaaaaaa at 0xa0008034
[45403.877990] PUF Read:0xaaaaaaaa at 0xa0008038
[45403.877990] PUF Read:0xaaaaaaaa at 0xa000803c
[45403.877990] PUF Read:0xaaaaaaab at 0xa0008040
[45403.877990] PUF Read:0xaaaaeaaa at 0xa0008044
[45403.877990] PUF Read:0xaaaaaaaa at 0xa0008048
[45403.878143] PUF Read:0xaaaaaaaa at 0xa000804c
[45403.878173] PUF Read:0xaaaaaaaa at 0xa0008050
[45403.878173] PUF Read:0xaaaaaaaa at 0xa0008054
[45403.878173] PUF Read:0xaaaaaaaa at 0xa0008058
[45403.878234] PUF Read:0xaaaaaaaa at 0xa000805c
[45403.878234] PUF Read:0xaaaaaaaa at 0xa0008060
[45403.878295] PUF Read:0xaaaa2aaa at 0xa0008064
[45403.878326] PUF Read:0xaaaaaaaa at 0xa0008068
[45403.878326] PUF Read:0xaaaaaaaa at 0xa000806c
[45403.878326] PUF Read:0xaaaaaaaa at 0xa0008070
[45403.878326] PUF Read:0xaaaaaaaa at 0xa0008074
[45403.878326] PUF Read:0xaaaaaaaa at 0xa0008078
[45403.878448] PUF Read:0xaaaaaaaa at 0xa000807c
[45403.878479] PUF Read:0xaaaaaaaa at 0xa0008080
[45403.878479] PUF Read:0xaaaaaaaa at 0xa0008084
[45403.878479] PUF Read:0xaaaaaaaa at 0xa0008088
[45403.878479] PUF Read:0xaaaaaaaa at 0xa000808c
[45403.878479] PUF Read:0xaaaa8aaa at 0xa0008090
[45403.878479] PUF Read:0xaaaaaaaa at 0xa0008094
[45403.878631] PUF Read:0x2aabaaaa at 0xa0008098
[45403.878662] PUF Read:0xaaaaaaaa at 0xa000809c
[45403.878662] PUF Read:0xaaaaaaaa at 0xa00080a0
[45403.878662] PUF Read:0xaaaaaaaa at 0xa00080a4
[45403.878723] PUF Read:0xaaaaaaaa at 0xa00080a8
[45403.878723] PUF Read:0xaaaaaaaa at 0xa00080ac
[45403.878784] PUF Read:0xaaaaaaaa at 0xa00080b0
[45403.878814] PUF Read:0xaa2aaaaa at 0xa00080b4
[45403.878814] PUF Read:0xaaaaaaaa at 0xa00080b8
[45403.878875] PUF Read:0x8aaaaaaa at 0xa00080bc
[45403.878875] PUF Read:0xaaaaaaaa at 0xa00080c0
[45403.878875] PUF Read:0xaaaaaaaa at 0xa00080c4
[45403.878936] PUF Read:0xaaa2aaaa at 0xa00080c8
[45403.878967] PUF Read:0xaaaaaaaa at 0xa00080cc
[45403.878967] PUF Read:0xaaaaaaaa at 0xa00080d0
[45403.878967] PUF Read:0xaaaaaaaa at 0xa00080d4
[45403.878967] PUF Read:0xaaaaaaaa at 0xa00080d8
[45403.878967] PUF Read:0xaaaaaaaa at 0xa00080dc
[45403.878967] PUF Read:0xaaaaaaaa at 0xa00080e0
[45403.879119] PUF Read:0xaaaaaaaa at 0xa00080e4
[45403.879119] PUF Read:0xaaaaaaaa at 0xa00080e8
[45403.879119] PUF Read:0xaaaaaaab at 0xa00080ec
[45403.879119] PUF Read:0x8aaaaaaa at 0xa00080f0
[45403.879211] PUF Read:0xaaaaaaaa at 0xa00080f4
[45403.879211] PUF Read:0xaaaaaaaa at 0xa00080f8
[45403.879272] PUF Read:0xaaaaaaaa at 0xa00080fc
[45403.879302] PUF Read:0xaaaaaaaa at 0xa0008100
[45403.879302] PUF Read:0xaaaaaaaa at 0xa0008104
[45403.879302] PUF Read:0xaaaaaaaa at 0xa0008108
[45403.879302] PUF Read:0xaaaaaaaa at 0xa000810c
[45403.879394] PUF Read:0xaaaaaaaa at 0xa0008110
[45403.879394] PUF Read:0xaaaaaaaa at 0xa0008114
[45403.879455] PUF Read:0xaaaaaaaa at 0xa0008118
[45403.879486] PUF Read:0xaaaaaaaa at 0xa000811c
[45403.879486] PUF Read:0xaaaaaaaa at 0xa0008120
[45403.879486] PUF Read:0xaaaaaaaa at 0xa0008124
[45403.879547] PUF Read:0xaaaaaaaa at 0xa0008128
[45403.879547] PUF Read:0xaaaaaaaa at 0xa000812c
[45403.879608] PUF Read:0xaaaaaaaa at 0xa0008130
[45403.879638] PUF Read:0xaaaaaaaa at 0xa0008134
[45403.879638] PUF Read:0xaa8aaaaa at 0xa0008138
[45403.879638] PUF Read:0xaaaaaaaa at 0xa000813c
[45403.879699] PUF Read:0xaaaaaaaa at 0xa0008140
[45403.879699] PUF Read:0xaaaaaaaa at 0xa0008144
[45403.879699] PUF Read:0xaabaaeaa at 0xa0008148
[45403.879791] PUF Read:0xaaaaaaaa at 0xa000814c
[45403.879791] PUF Read:0xaaaaaaaa at 0xa0008150
[45403.879791] PUF Read:0xaaaaaaaa at 0xa0008154
[45403.879791] PUF Read:0xaaaaaaaa at 0xa0008158
[45403.879791] PUF Read:0xaaaaaaea at 0xa000815c
[45403.879791] PUF Read:0xaaaaaaaa at 0xa0008160
[45403.879943] PUF Read:0xaaaaaaaa at 0xa0008164
[45403.879943] PUF Read:0xaaaaaaaa at 0xa0008168
[45403.879943] PUF Read:0xaaaaaaaa at 0xa000816c
[45403.879943] PUF Read:0xaaaaaaaa at 0xa0008170
[45403.879943] PUF Read:0xaaaaaaaa at 0xa0008174
[45403.879943] PUF Read:0xaaaaaaaa at 0xa0008178
[45403.880096] PUF Read:0xaaaaaaaa at 0xa000817c
[45403.880126] PUF Read:0xaaaaaa2a at 0xa0008180
[45403.880126] PUF Read:0xaaaaaaaa at 0xa0008184
[45403.880126] PUF Read:0xaaaaaaaa at 0xa0008188
[45403.880187] PUF Read:0xaaaaaaaa at 0xa000818c
[45403.880187] PUF Read:0xaaaaaaaa at 0xa0008190
[45403.880249] PUF Read:0xaaaaaaaa at 0xa0008194
[45403.880279] PUF Read:0xaaaaaaaa at 0xa0008198
[45403.880279] PUF Read:0xaaaaaaaa at 0xa000819c
[45403.880279] PUF Read:0xaaaaaaaa at 0xa00081a0
[45403.880340] PUF Read:0xaaaaaaaa at 0xa00081a4
[45403.880340] PUF Read:0xaaaaaaaa at 0xa00081a8
[45403.880401] PUF Read:0xaaaaaaaa at 0xa00081ac
[45403.880432] PUF Read:0xaaeaaaaa at 0xa00081b0
[45403.880432] PUF Read:0xaaaaaaaa at 0xa00081b4
[45403.880432] PUF Read:0xaaaaaaaa at 0xa00081b8
[45403.880493] PUF Read:0xaaaaaaaa at 0xa00081bc
[45403.880493] PUF Read:0xaaaaaaaa at 0xa00081c0
[45403.880554] PUF Read:0xaaaaaaae at 0xa00081c4
[45403.880584] PUF Read:0xaaaaaaaa at 0xa00081c8
[45403.880584] PUF Read:0xaaaaaaaa at 0xa00081cc
[45403.880584] PUF Read:0xbaaaaaaa at 0xa00081d0
[45403.880645] PUF Read:0xaaaaaaaa at 0xa00081d4
[45403.880645] PUF Read:0xaaaaaaaa at 0xa00081d8
[45403.880706] PUF Read:0xaaaaaaaa at 0xa00081dc
[45403.880737] PUF Read:0xaaaaaaaa at 0xa00081e0
[45403.880737] PUF Read:0xaaaaaaaa at 0xa00081e4
[45403.880737] PUF Read:0xaaaaaaaa at 0xa00081e8
[45403.880798] PUF Read:0xaa2aaaaa at 0xa00081ec
[45403.880798] PUF Read:0xaaaaaaaa at 0xa00081f0
[45403.880859] PUF Read:0xaaaaaeaa at 0xa00081f4
[45403.880889] PUF Read:0xaaaaaaa2 at 0xa00081f8
[45403.880920] PUF Read:0xaaaaaaaa at 0xa00081fc
[45403.880920] PUF Read:0xaaaaaaaa at 0xa0008200
[45403.880920] PUF Read:0xaaaaaaaa at 0xa0008204
[45403.880981] PUF Read:0xaaaaaaaa at 0xa0008208
[45403.880981] PUF Read:0xa8aaaaaa at 0xa000820c
[45403.881042] PUF Read:0xaaaaaaaa at 0xa0008210
[45403.881072] PUF Read:0xaaaaaaaa at 0xa0008214
[45403.881072] PUF Read:0xaaaaaaaa at 0xa0008218
[45403.881072] PUF Read:0xaaaaaaaa at 0xa000821c
[45403.881134] PUF Read:0xaaaaaaaa at 0xa0008220
[45403.881134] PUF Read:0xaaaaaaaa at 0xa0008224
[45403.881195] PUF Read:0xaaaaaaaa at 0xa0008228
[45403.881225] PUF Read:0xaaaaaaaa at 0xa000822c
[45403.881225] PUF Read:0xaaaaaaaa at 0xa0008230
[45403.881225] PUF Read:0xa8aaaaaa at 0xa0008234
[45403.881286] PUF Read:0xaaaaaaaa at 0xa0008238
[45403.881286] PUF Read:0xaaaaaaaa at 0xa000823c
[45403.881347] PUF Read:0xaaaaaaaa at 0xa0008240
[45403.881378] PUF Read:0xaaaaaaaa at 0xa0008244
[45403.881378] PUF Read:0xaaaaaaaa at 0xa0008248
[45403.881439] PUF Read:0xaaaaaaaa at 0xa000824c
[45403.881439] PUF Read:0xaaaaaaaa at 0xa0008250
[45403.881439] PUF Read:0xaaaaaaaa at 0xa0008254
[45403.881500] PUF Read:0xaaaaaaaa at 0xa0008258
[45403.881530] PUF Read:0xaaaaaaaa at 0xa000825c
[45403.881530] PUF Read:0xaaaaaaaa at 0xa0008260
[45403.881530] PUF Read:0xaaaaaaaa at 0xa0008264
[45403.881530] PUF Read:0xaaaaaaaa at 0xa0008268
[45403.881530] PUF Read:0xaaaaaaaa at 0xa000826c
[45403.881530] PUF Read:0xaaaaaaaa at 0xa0008270
[45403.881683] PUF Read:0xaaaaaaaa at 0xa0008274
[45403.881713] PUF Read:0xaaaaaaaa at 0xa0008278
[45403.881713] PUF Read:0xaaaaaaaa at 0xa000827c
[45403.881713] PUF Read:0xaaaaaaaa at 0xa0008280
[45403.881774] PUF Read:0xaaaaaaaa at 0xa0008284
[45403.881774] PUF Read:0xaaaaaaaa at 0xa0008288
[45403.881835] PUF Read:0xaaaaaaaa at 0xa000828c
[45403.881866] PUF Read:0xaaaaaaaa at 0xa0008290
[45403.881866] PUF Read:0xaaaaaaaa at 0xa0008294
[45403.881866] PUF Read:0xaaaaaaaa at 0xa0008298
[45403.881927] PUF Read:0xaaaaaaaa at 0xa000829c
[45403.881927] PUF Read:0xaaaaaaaa at 0xa00082a0
[45403.881988] PUF Read:0xaaaaaaaa at 0xa00082a4
[45403.882019] PUF Read:0xaaaaaaaa at 0xa00082a8
[45403.882019] PUF Read:0xaaaaaaaa at 0xa00082ac
[45403.882080] PUF Read:0xaaaaaaaa at 0xa00082b0
[45403.882080] PUF Read:0xaaaaaaaa at 0xa00082b4
[45403.882080] PUF Read:0xaaaaaaea at 0xa00082b8
[45403.882080] PUF Read:0xaaaaaaaa at 0xa00082bc
[45403.882171] PUF Read:0xaaaaaaaa at 0xa00082c0
[45403.882171] PUF Read:0xaaaaaaaa at 0xa00082c4
[45403.882171] PUF Read:0xbaaaaaaa at 0xa00082c8
[45403.882171] PUF Read:0xaaaaaaaa at 0xa00082cc
[45403.882263] PUF Read:0xaaaaaaaa at 0xa00082d0
[45403.882263] PUF Read:0xaaaaaaaa at 0xa00082d4
[45403.882324] PUF Read:0xaaaaaaaa at 0xa00082d8
[45403.882354] PUF Read:0xaaaaaaaa at 0xa00082dc
[45403.882354] PUF Read:0xaaaaaaaa at 0xa00082e0
[45403.882354] PUF Read:0xaaaaaeaa at 0xa00082e4
[45403.882415] PUF Read:0xaaaaaaaa at 0xa00082e8
[45403.882415] PUF Read:0xaaaaaaaa at 0xa00082ec
[45403.882415] PUF Read:0xaaaaaaaa at 0xa00082f0
[45403.882507] PUF Read:0xaaaaaaaa at 0xa00082f4
[45403.882507] PUF Read:0xaaaaaaaa at 0xa00082f8
[45403.882507] PUF Read:0xaaaaaaaa at 0xa00082fc
[45403.882507] PUF Read:0xaaaaaaaa at 0xa0008300
[45403.882598] PUF Read:0xaaaaaaaa at 0xa0008304
[45403.882598] PUF Read:0xaaaaaaaa at 0xa0008308
[45403.882659] PUF Read:0xaaaaaaaa at 0xa000830c
[45403.882690] PUF Read:0xaaaaaaaa at 0xa0008310
[45403.882690] PUF Read:0xaaaaaaaa at 0xa0008314
[45403.882690] PUF Read:0xaaaaaaaa at 0xa0008318
[45403.882751] PUF Read:0xbaaaaaaa at 0xa000831c
[45403.882751] PUF Read:0xaaaaaaaa at 0xa0008320
[45403.882812] PUF Read:0xaaaaaaaa at 0xa0008324
[45403.882843] PUF Read:0xaaaaaaaa at 0xa0008328
[45403.882843] PUF Read:0xaaaaaaaa at 0xa000832c
[45403.882904] PUF Read:0xaaaaaaae at 0xa0008330
[45403.882904] PUF Read:0xaaaaaaaa at 0xa0008334
[45403.882904] PUF Read:0xaaaaaaaa at 0xa0008338
[45403.882904] PUF Read:0xaaaaaaaa at 0xa000833c
[45403.882995] PUF Read:0xaaaaaaaa at 0xa0008340
[45403.882995] PUF Read:0xaaaaaaaa at 0xa0008344
[45403.882995] PUF Read:0xaaaaaaaa at 0xa0008348
[45403.882995] PUF Read:0xaaaaaaaa at 0xa000834c
[45403.882995] PUF Read:0xaaaaaa8a at 0xa0008350
[45403.882995] PUF Read:0xaaaaaaaa at 0xa0008354
[45403.883148] PUF Read:0xaaaaaaaa at 0xa0008358
[45403.883148] PUF Read:0xaaaaaaaa at 0xa000835c
[45403.883148] PUF Read:0xaaabaaaa at 0xa0008360
[45403.883148] PUF Read:0xaaaaaaaa at 0xa0008364
[45403.883148] PUF Read:0xaaaaaaaa at 0xa0008368
[45403.883148] PUF Read:0xaaaaaaaa at 0xa000836c
[45403.883300] PUF Read:0xaaaaaaaa at 0xa0008370
[45403.883300] PUF Read:0xaaaaaaaa at 0xa0008374
[45403.883300] PUF Read:0xaaaaaaaa at 0xa0008378
[45403.883300] PUF Read:0xaaaaaaaa at 0xa000837c
[45403.883300] PUF Read:0xaaaaaaaa at 0xa0008380
[45403.883300] PUF Read:0xaaaaaaaa at 0xa0008384
[45403.883453] PUF Read:0xaaaaaaaa at 0xa0008388
[45403.883483] PUF Read:0xaaaaaaaa at 0xa000838c
[45403.883483] PUF Read:0xaaaaaaaa at 0xa0008390
[45403.883483] PUF Read:0xaaaaaaaa at 0xa0008394
[45403.883544] PUF Read:0xaaaaaaaa at 0xa0008398
[45403.883544] PUF Read:0xaaa2aaaa at 0xa000839c
[45403.883605] PUF Read:0xaaaaaaaa at 0xa00083a0
[45403.883636] PUF Read:0xaaaaaaaa at 0xa00083a4
[45403.883636] PUF Read:0xaaaaaaaa at 0xa00083a8
[45403.883636] PUF Read:0xaaaaaaaa at 0xa00083ac
[45403.883697] PUF Read:0xaaaaaaa2 at 0xa00083b0
[45403.883697] PUF Read:0xaaaaaaaa at 0xa00083b4
[45403.883758] PUF Read:0xaaaaaaaa at 0xa00083b8
[45403.883789] PUF Read:0xaaaaaaaa at 0xa00083bc
[45403.883789] PUF Read:0xaaaaaaaa at 0xa00083c0
[45403.883789] PUF Read:0xaaaaaaaa at 0xa00083c4
[45403.883850] PUF Read:0xaaaaaaaa at 0xa00083c8
[45403.883850] PUF Read:0xaaaaaaaa at 0xa00083cc
[45403.883911] PUF Read:0xaaaaaaaa at 0xa00083d0
[45403.883941] PUF Read:0xaaabaaaa at 0xa00083d4
[45403.883941] PUF Read:0xaaaaaaaa at 0xa00083d8
[45403.883941] PUF Read:0xaaaaaaaa at 0xa00083dc
[45403.883941] PUF Read:0xaaaaaaaa at 0xa00083e0
[45403.884033] PUF Read:0xaaaaaaaa at 0xa00083e4
[45403.884033] PUF Read:0xaaaaaaaa at 0xa00083e8
[45403.884094] PUF Read:0xaaaaaaaa at 0xa00083ec
[45403.884124] PUF Read:0xaaaaaaaa at 0xa00083f0
[45403.884124] PUF Read:0xaaaaaaaa at 0xa00083f4
[45403.884124] PUF Read:0xaaaaaaae at 0xa00083f8
[45403.884124] PUF Read:0xaaaeaaaa at 0xa00083fc
[45403.884216] [i] Finished PUF read-out
[45403.884216] <6>[i] Finished PUF query for decaytime: 7680
[45403.884246] [i] Start decaytime: 120
[45403.884246] EMIF 2 REG Write 0x80000000 at 0x4d000010
[45403.884246] EMIF 2 REG Read 0x80000000 at 0x4d000010
[45403.884277] EMIF 2 REG Write 0x80000000 at 0x4d000014
[45403.884277] EMIF 2 REG Read 0x00000000 at 0x4d000014
[45403.884307] EMIF 2 REG Write 0x08016893 at 0x4d0000cc
[45403.884307] EMIF 2 REG Read 0x08016893 at 0x4d0000cc
[45403.884338] Temp polling alert disabled
[45403.884338] Refresh Disabled at EMIF2
[45403.884338] [i] Initialiting PUF & hammer rows
[45403.884368] [i] Single-Sided Rowhammer (SSRH)
[45403.891082] [i] Finished initialiting PUF & hammer rows
[45403.891082] [i]	Timer elapsed since its reset 0 sec
[45403.891113] [i] Decay: 120 sec
[45403.891113] [i]	Relative Decay: 0 msec
