[77799.080596] [i] Total hammer attempts per row: 3727855
[77799.080627] EMIF 2 REG Write 0x00000618 at 0x4d000010
[77799.080657] EMIF 2 REG Read 0x00000618 at 0x4d000010
[77799.080657] EMIF 2 REG Write 0x00000618 at 0x4d000014
[77799.080688] EMIF 2 REG Read 0x00000618 at 0x4d000014
[77799.080688] EMIF 2 REG Write 0x58016893 at 0x4d0000cc
[77799.080688] EMIF 2 REG Read 0x58016893 at 0x4d0000cc
[77799.080718] Temp polling alert enabled
[77799.080718] Refresh enabled at EMIF2
[77799.080718] [i] Starting PUF read-out
[77799.080749] [i] Single-Sided Rowhammer (SSRH)
[77799.080749] PUF Read:0xaaaa2aba at 0xa0008000
[77799.080749] PUF Read:0xaaaaaaaa at 0xa0008004
[77799.080749] PUF Read:0xaaaaaaaa at 0xa0008008
[77799.080749] PUF Read:0xa2aaaa2a at 0xa000800c
[77799.080871] PUF Read:0xaaaaaaaa at 0xa0008010
[77799.080871] PUF Read:0x8aaaabaa at 0xa0008014
[77799.080871] PUF Read:0xaaaa2aaa at 0xa0008018
[77799.080871] PUF Read:0xaaa2aaaa at 0xa000801c
[77799.080963] PUF Read:0xaaaaaaaa at 0xa0008020
[77799.080963] PUF Read:0xeaaaeaaa at 0xa0008024
[77799.081024] PUF Read:0xaaaaaaaa at 0xa0008028
[77799.081054] PUF Read:0xaaaaaaba at 0xa000802c
[77799.081054] PUF Read:0xaaaaaaa8 at 0xa0008030
[77799.081054] PUF Read:0xaeaaaaaa at 0xa0008034
[77799.081054] PUF Read:0xaaaaaaaa at 0xa0008038
[77799.081054] PUF Read:0xaaaaaaaa at 0xa000803c
[77799.081176] PUF Read:0xaaaaaaab at 0xa0008040
[77799.081207] PUF Read:0xaaaaeaaa at 0xa0008044
[77799.081207] PUF Read:0xaaaaaaaa at 0xa0008048
[77799.081207] PUF Read:0xaaaaaaa8 at 0xa000804c
[77799.081268] PUF Read:0xa2aaaaaa at 0xa0008050
[77799.081268] PUF Read:0xaaaaa8aa at 0xa0008054
[77799.081268] PUF Read:0xaaaaaa8a at 0xa0008058
[77799.081359] PUF Read:0xaaaaaaaa at 0xa000805c
[77799.081390] PUF Read:0xaaaaaaaa at 0xa0008060
[77799.081390] PUF Read:0xaaaa2aaa at 0xa0008064
[77799.081451] PUF Read:0xaaaaaaaa at 0xa0008068
[77799.081451] PUF Read:0xaaaaaaaa at 0xa000806c
[77799.081451] PUF Read:0xaaaaaaaa at 0xa0008070
[77799.081451] PUF Read:0xaaaaaaaa at 0xa0008074
[77799.081542] PUF Read:0xaaaaaaaa at 0xa0008078
[77799.081542] PUF Read:0xaaabaaaa at 0xa000807c
[77799.081542] PUF Read:0xaaabaaaa at 0xa0008080
[77799.081542] PUF Read:0xaaaaaaaa at 0xa0008084
[77799.081542] PUF Read:0xaaaaaaaa at 0xa0008088
[77799.081542] PUF Read:0xaaaaaaaa at 0xa000808c
[77799.081695] PUF Read:0xaaaa8aaa at 0xa0008090
[77799.081695] PUF Read:0xaaaaaaaa at 0xa0008094
[77799.081695] PUF Read:0x2aabaaab at 0xa0008098
[77799.081695] PUF Read:0xaaaaaaaa at 0xa000809c
[77799.081787] PUF Read:0x8aaaaa2a at 0xa00080a0
[77799.081787] PUF Read:0xaaabaaaa at 0xa00080a4
[77799.081848] PUF Read:0xaa8aaaab at 0xa00080a8
[77799.081878] PUF Read:0xaaaa8aea at 0xa00080ac
[77799.081878] PUF Read:0xaaaaaaaa at 0xa00080b0
[77799.081878] PUF Read:0x2a2aaaaa at 0xa00080b4
[77799.081939] PUF Read:0xaaaaeaaa at 0xa00080b8
[77799.081939] PUF Read:0x8aaaaaaa at 0xa00080bc
[77799.082000] PUF Read:0xaaaaaaaa at 0xa00080c0
[77799.082031] PUF Read:0xaaaaaaaa at 0xa00080c4
[77799.082031] PUF Read:0xaaa2aaaa at 0xa00080c8
[77799.082031] PUF Read:0xabaaaaaa at 0xa00080cc
[77799.082092] PUF Read:0xeaaeeaaa at 0xa00080d0
[77799.082092] PUF Read:0xaaaa2aaa at 0xa00080d4
[77799.082153] PUF Read:0xaaaa3aaa at 0xa00080d8
[77799.082183] PUF Read:0xaaaaaaaa at 0xa00080dc
[77799.082183] PUF Read:0xabaaaaaa at 0xa00080e0
[77799.082183] PUF Read:0xaaaaaaaa at 0xa00080e4
[77799.082244] PUF Read:0xaaaaaaaa at 0xa00080e8
[77799.082244] PUF Read:0xaaaaaaab at 0xa00080ec
[77799.082305] PUF Read:0x8aaaaaaa at 0xa00080f0
[77799.082336] PUF Read:0xaaaaaaaa at 0xa00080f4
[77799.082336] PUF Read:0xaaaaabaa at 0xa00080f8
[77799.082336] PUF Read:0xaa8aaaaa at 0xa00080fc
[77799.082397] PUF Read:0xaaaaaaaa at 0xa0008100
[77799.082397] PUF Read:0xaaaaaaaa at 0xa0008104
[77799.082458] PUF Read:0xaaa2aaaa at 0xa0008108
[77799.082489] PUF Read:0xaaaaaaaa at 0xa000810c
[77799.082489] PUF Read:0xaaaaaaaa at 0xa0008110
[77799.082489] PUF Read:0xaaea2aaa at 0xa0008114
[77799.082550] PUF Read:0xaaaaaaaa at 0xa0008118
[77799.082550] PUF Read:0xa8aaaaaa at 0xa000811c
[77799.082611] PUF Read:0xaaaaaaaa at 0xa0008120
[77799.082641] PUF Read:0xaaaaaeaa at 0xa0008124
[77799.082641] PUF Read:0xaaaaaaea at 0xa0008128
[77799.082641] PUF Read:0xaaaaaaaa at 0xa000812c
[77799.082702] PUF Read:0xaaaaaaaa at 0xa0008130
[77799.082702] PUF Read:0xaaaaaa2a at 0xa0008134
[77799.082763] PUF Read:0xaa8baaaa at 0xa0008138
[77799.082794] PUF Read:0xaaaaaaaa at 0xa000813c
[77799.082794] PUF Read:0xaaaaaeaa at 0xa0008140
[77799.082794] PUF Read:0xaaaaaaaa at 0xa0008144
[77799.082794] PUF Read:0xaabaaeaa at 0xa0008148
[77799.082885] PUF Read:0xaaaaaaaa at 0xa000814c
[77799.082885] PUF Read:0xaaaaaaaa at 0xa0008150
[77799.082946] PUF Read:0xaaaaaaaa at 0xa0008154
[77799.082977] PUF Read:0xaaaaaaaa at 0xa0008158
[77799.082977] PUF Read:0xaabaaaea at 0xa000815c
[77799.082977] PUF Read:0xaaaaaaaa at 0xa0008160
[77799.083038] PUF Read:0xaaaaaaaa at 0xa0008164
[77799.083038] PUF Read:0xaeaaaaaa at 0xa0008168
[77799.083099] PUF Read:0xaaeaaaaa at 0xa000816c
[77799.083129] PUF Read:0x2aaaaaaa at 0xa0008170
[77799.083129] PUF Read:0xaabaaaaa at 0xa0008174
[77799.083129] PUF Read:0xaaaaaaaa at 0xa0008178
[77799.083190] PUF Read:0xaaaaaaaa at 0xa000817c
[77799.083190] PUF Read:0xaaaa2a2a at 0xa0008180
[77799.083251] PUF Read:0xaaaaaaaa at 0xa0008184
[77799.083282] PUF Read:0xaa2eaaaa at 0xa0008188
[77799.083282] PUF Read:0xaaaaaaea at 0xa000818c
[77799.083282] PUF Read:0x2aaaaaaa at 0xa0008190
[77799.083343] PUF Read:0xeaaaaaaa at 0xa0008194
[77799.083343] PUF Read:0xaaaaaaaa at 0xa0008198
[77799.083404] PUF Read:0xaaaaaaaa at 0xa000819c
[77799.083435] PUF Read:0xaaaaaaaa at 0xa00081a0
[77799.083435] PUF Read:0xaaaaaaaa at 0xa00081a4
[77799.083435] PUF Read:0xaaa2aaaa at 0xa00081a8
[77799.083496] PUF Read:0xaaaaaaaa at 0xa00081ac
[77799.083496] PUF Read:0xaaebaaaa at 0xa00081b0
[77799.083557] PUF Read:0xaaaaaaaa at 0xa00081b4
[77799.083587] PUF Read:0xaaaaaaaa at 0xa00081b8
[77799.083587] PUF Read:0xa2aaaaaa at 0xa00081bc
[77799.083587] PUF Read:0xaaa88aaa at 0xa00081c0
[77799.083648] PUF Read:0xaaaaaaae at 0xa00081c4
[77799.083648] PUF Read:0xaaaaaaaa at 0xa00081c8
[77799.083709] PUF Read:0xaa2baaaa at 0xa00081cc
[77799.083740] PUF Read:0xbaaaaaaa at 0xa00081d0
[77799.083740] PUF Read:0xaaaaaa2a at 0xa00081d4
[77799.083740] PUF Read:0xaaaaaaaa at 0xa00081d8
[77799.083801] PUF Read:0xaaaaaaaa at 0xa00081dc
[77799.083801] PUF Read:0xaaaaaaaa at 0xa00081e0
[77799.083862] PUF Read:0xaaaaaaea at 0xa00081e4
[77799.083892] PUF Read:0xaaaaaaaa at 0xa00081e8
[77799.083892] PUF Read:0xaa2aaaaa at 0xa00081ec
[77799.083892] PUF Read:0xaaaaaaab at 0xa00081f0
[77799.083953] PUF Read:0xaaaaaeaa at 0xa00081f4
[77799.083953] PUF Read:0xaaaaaaa2 at 0xa00081f8
[77799.084014] PUF Read:0xaaaaaaaa at 0xa00081fc
[77799.084045] PUF Read:0xaaaaaaaa at 0xa0008200
[77799.084045] PUF Read:0xaaaaaaaa at 0xa0008204
[77799.084045] PUF Read:0xaaaaaaba at 0xa0008208
[77799.084106] PUF Read:0xa8aaaaaa at 0xa000820c
[77799.084106] PUF Read:0xaaaaa2a8 at 0xa0008210
[77799.084167] PUF Read:0xaaaaaaaa at 0xa0008214
[77799.084197] PUF Read:0xaaaaaeaa at 0xa0008218
[77799.084197] PUF Read:0xaaaaaaaa at 0xa000821c
[77799.084197] PUF Read:0xaaaaaaaa at 0xa0008220
[77799.084259] PUF Read:0xaabaaaaa at 0xa0008224
[77799.084259] PUF Read:0xaaaaaaaa at 0xa0008228
[77799.084320] PUF Read:0xaaaaaaaa at 0xa000822c
[77799.084350] PUF Read:0xaaaaaeaa at 0xa0008230
[77799.084350] PUF Read:0x286aaaaa at 0xa0008234
[77799.084350] PUF Read:0xaaaaaaaa at 0xa0008238
[77799.084350] PUF Read:0xaaaaaaaa at 0xa000823c
[77799.084442] PUF Read:0xaaaaaaaa at 0xa0008240
[77799.084442] PUF Read:0xaaaaaaaa at 0xa0008244
[77799.084503] PUF Read:0xaaaaaaaa at 0xa0008248
[77799.084533] PUF Read:0xaaaaaaaa at 0xa000824c
[77799.084533] PUF Read:0xaaaaaaaa at 0xa0008250
[77799.084533] PUF Read:0xaabaaaaa at 0xa0008254
[77799.084594] PUF Read:0xaaaaaaaa at 0xa0008258
[77799.084594] PUF Read:0xaaaeaaaa at 0xa000825c
[77799.084655] PUF Read:0xaaaaaaaa at 0xa0008260
[77799.084686] PUF Read:0xaaaaaaaa at 0xa0008264
[77799.084686] PUF Read:0xaaaa8caa at 0xa0008268
[77799.084686] PUF Read:0xeaaaaaaa at 0xa000826c
[77799.084747] PUF Read:0xaaaaaaaa at 0xa0008270
[77799.084747] PUF Read:0xaaaaaaaa at 0xa0008274
[77799.084808] PUF Read:0xaaaaaaea at 0xa0008278
[77799.084838] PUF Read:0xaaaaaaaa at 0xa000827c
[77799.084838] PUF Read:0xeaaaaaaa at 0xa0008280
[77799.084838] PUF Read:0xa2aaaaaa at 0xa0008284
[77799.084899] PUF Read:0xaaeaaaaa at 0xa0008288
[77799.084899] PUF Read:0xaaaaaaaa at 0xa000828c
[77799.084960] PUF Read:0xaaaaaaa8 at 0xa0008290
[77799.084991] PUF Read:0xa8aaaaaa at 0xa0008294
[77799.084991] PUF Read:0xaaaaaaaa at 0xa0008298
[77799.084991] PUF Read:0xaaaaaaaa at 0xa000829c
[77799.085052] PUF Read:0xaaaaaaaa at 0xa00082a0
[77799.085052] PUF Read:0xaaaabaaa at 0xa00082a4
[77799.085113] PUF Read:0xaaaaaaaa at 0xa00082a8
[77799.085144] PUF Read:0xaaaaaaaa at 0xa00082ac
[77799.085144] PUF Read:0xaaaaaaaa at 0xa00082b0
[77799.085144] PUF Read:0xaaaaaaaa at 0xa00082b4
[77799.085205] PUF Read:0xaaa8aaea at 0xa00082b8
[77799.085205] PUF Read:0xaaaaaaaa at 0xa00082bc
[77799.085266] PUF Read:0xaaaaaaaa at 0xa00082c0
[77799.085296] PUF Read:0xaaaaaaaa at 0xa00082c4
[77799.085296] PUF Read:0xbaaaaaaa at 0xa00082c8
[77799.085296] PUF Read:0xaaaaaaaa at 0xa00082cc
[77799.085357] PUF Read:0xaabaaaaa at 0xa00082d0
[77799.085357] PUF Read:0xaaaaaaaa at 0xa00082d4
[77799.085418] PUF Read:0xaaaaaaaa at 0xa00082d8
[77799.085449] PUF Read:0xaaaaeaaa at 0xa00082dc
[77799.085449] PUF Read:0xaaaaaaaa at 0xa00082e0
[77799.085449] PUF Read:0xaaaaaeaa at 0xa00082e4
[77799.085510] PUF Read:0xaaaaabaa at 0xa00082e8
[77799.085510] PUF Read:0xaaaaaaab at 0xa00082ec
[77799.085571] PUF Read:0xaaaaaaaa at 0xa00082f0
[77799.085601] PUF Read:0xaaaaaaaa at 0xa00082f4
[77799.085601] PUF Read:0xaaaaaaaa at 0xa00082f8
[77799.085601] PUF Read:0xaaaaaaaa at 0xa00082fc
[77799.085662] PUF Read:0xaaaaaaaa at 0xa0008300
[77799.085662] PUF Read:0xaaaaaaaa at 0xa0008304
[77799.085723] PUF Read:0xaaaa8aaa at 0xa0008308
[77799.085754] PUF Read:0xaaaaaaaa at 0xa000830c
[77799.085754] PUF Read:0xaaaaaa8a at 0xa0008310
[77799.085754] PUF Read:0xaaaaaaaa at 0xa0008314
[77799.085815] PUF Read:0x2beaaaaa at 0xa0008318
[77799.085815] PUF Read:0xbaaaaaaa at 0xa000831c
[77799.085876] PUF Read:0xaaaaaaaa at 0xa0008320
[77799.085906] PUF Read:0xaaaaaaaa at 0xa0008324
[77799.085937] PUF Read:0xaaaaaaaa at 0xa0008328
[77799.085937] PUF Read:0xaaaaaaaa at 0xa000832c
[77799.085937] PUF Read:0xaaaaaaae at 0xa0008330
[77799.085998] PUF Read:0xaaaaaaaa at 0xa0008334
[77799.085998] PUF Read:0xaaaabaaa at 0xa0008338
[77799.086059] PUF Read:0xaaaaaaaa at 0xa000833c
[77799.086090] PUF Read:0xbaaaaaaa at 0xa0008340
[77799.086090] PUF Read:0xaaaaaa2b at 0xa0008344
[77799.086090] PUF Read:0xaaaaaaaa at 0xa0008348
[77799.086151] PUF Read:0xaaaaabaa at 0xa000834c
[77799.086151] PUF Read:0xaaaa8a8a at 0xa0008350
[77799.086212] PUF Read:0x8aaaaaaa at 0xa0008354
[77799.086242] PUF Read:0xaaaaaaaa at 0xa0008358
[77799.086242] PUF Read:0xaaaaaaaa at 0xa000835c
[77799.086242] PUF Read:0xaaabaaaa at 0xa0008360
[77799.086303] PUF Read:0xaaaaaa2a at 0xa0008364
[77799.086303] PUF Read:0xaaaaaaaa at 0xa0008368
[77799.086364] PUF Read:0xaaaaaeaa at 0xa000836c
[77799.086395] PUF Read:0xaaaaaaaa at 0xa0008370
[77799.086395] PUF Read:0xaaaaaaaa at 0xa0008374
[77799.086395] PUF Read:0xeaaa8aaa at 0xa0008378
[77799.086456] PUF Read:0xaaaaaaaa at 0xa000837c
[77799.086456] PUF Read:0xaaaaaaaa at 0xa0008380
[77799.086517] PUF Read:0xaaaaaaaa at 0xa0008384
[77799.086547] PUF Read:0xaaaaaaaa at 0xa0008388
[77799.086547] PUF Read:0xaaaaaaaa at 0xa000838c
[77799.086547] PUF Read:0xaaaaaaab at 0xa0008390
[77799.086608] PUF Read:0xaaaaabaa at 0xa0008394
[77799.086608] PUF Read:0xaaaaaaaa at 0xa0008398
[77799.086669] PUF Read:0xaaa2aaaa at 0xa000839c
[77799.086700] PUF Read:0xaaaaaaaa at 0xa00083a0
[77799.086700] PUF Read:0xaaaaaaaa at 0xa00083a4
[77799.086700] PUF Read:0xaaaaaaaa at 0xa00083a8
[77799.086761] PUF Read:0xaaaabaaa at 0xa00083ac
[77799.086761] PUF Read:0xaaaaaaa2 at 0xa00083b0
[77799.086822] PUF Read:0xaaaaaaaa at 0xa00083b4
[77799.086853] PUF Read:0xaaaaaaaa at 0xa00083b8
[77799.086853] PUF Read:0xaaaaaaaa at 0xa00083bc
[77799.086853] PUF Read:0xaaaaaaaa at 0xa00083c0
[77799.086914] PUF Read:0xaeaaaaaa at 0xa00083c4
[77799.086914] PUF Read:0xaaaaaaaa at 0xa00083c8
[77799.086975] PUF Read:0xaaa2aaaa at 0xa00083cc
[77799.087005] PUF Read:0xaaaaaaaa at 0xa00083d0
[77799.087005] PUF Read:0xaaabaaaa at 0xa00083d4
[77799.087005] PUF Read:0xaa2aaaaa at 0xa00083d8
[77799.087066] PUF Read:0xaaaaaaaa at 0xa00083dc
[77799.087066] PUF Read:0xaabeaaaa at 0xa00083e0
[77799.087127] PUF Read:0xba2aa8aa at 0xa00083e4
[77799.087158] PUF Read:0xaaaaaa2a at 0xa00083e8
[77799.087158] PUF Read:0xaaaaaaaa at 0xa00083ec
[77799.087158] PUF Read:0xaaaaaeaa at 0xa00083f0
[77799.087219] PUF Read:0xaaaaaaaa at 0xa00083f4
[77799.087219] PUF Read:0xaaaaaaae at 0xa00083f8
[77799.087280] PUF Read:0x8aaeaaaa at 0xa00083fc
[77799.087310] [i] Finished PUF read-out
[77799.087310] <6>[i] Finished PUF query for decaytime: 15360
[77799.087310] End measurement:10
[77799.087341] [i] Start measurement: 11
[77799.087341] [i] Start decaytime: 60
[77799.087341] EMIF 2 REG Write 0x80000000 at 0x4d000010
[77799.087371] EMIF 2 REG Read 0x80000000 at 0x4d000010
[77799.087371] EMIF 2 REG Write 0x80000000 at 0x4d000014
[77799.087402] EMIF 2 REG Read 0x00000000 at 0x4d000014
[77799.087402] EMIF 2 REG Write 0x08016893 at 0x4d0000cc
[77799.087402] EMIF 2 REG Read 0x08016893 at 0x4d0000cc
[77799.087432] Temp polling alert disabled
[77799.087432] Refresh Disabled at EMIF2
[77799.087432] [i] Initialiting PUF & hammer rows
[77799.087463] [i] Single-Sided Rowhammer (SSRH)
[77799.095520] [i] Finished initialiting PUF & hammer rows
[77799.095520] [i]	Timer elapsed since its reset 0 sec
[77799.095550] [i] Decay: 60 sec
[77799.095550] [i]	Relative Decay: 0 msec
