[45223.861907] [i] Total hammer attempts per row: 1863345
[45223.861938] EMIF 2 REG Write 0x00000618 at 0x4d000010
[45223.861938] EMIF 2 REG Read 0x00000618 at 0x4d000010
[45223.861968] EMIF 2 REG Write 0x00000618 at 0x4d000014
[45223.861968] EMIF 2 REG Read 0x00000618 at 0x4d000014
[45223.861999] EMIF 2 REG Write 0x58016893 at 0x4d0000cc
[45223.861999] EMIF 2 REG Read 0x58016893 at 0x4d0000cc
[45223.861999] Temp polling alert enabled
[45223.862030] Refresh enabled at EMIF2
[45223.862030] [i] Starting PUF read-out
[45223.862030] [i] Single-Sided Rowhammer (SSRH)
[45223.862060] PUF Read:0xaaaaaaaa at 0xa0008000
[45223.862060] PUF Read:0xaaaaaaaa at 0xa0008004
[45223.862060] PUF Read:0xaaaaaaaa at 0xa0008008
[45223.862060] PUF Read:0xaaaaaaaa at 0xa000800c
[45223.862060] PUF Read:0xaaaaaaaa at 0xa0008010
[45223.862182] PUF Read:0xaaaaabaa at 0xa0008014
[45223.862182] PUF Read:0xaaaaaaaa at 0xa0008018
[45223.862182] PUF Read:0xaaaaaaaa at 0xa000801c
[45223.862274] PUF Read:0xaaaaaaaa at 0xa0008020
[45223.862274] PUF Read:0xaaaaaaaa at 0xa0008024
[45223.862274] PUF Read:0xaaaaaaaa at 0xa0008028
[45223.862274] PUF Read:0xaaaaaaaa at 0xa000802c
[45223.862274] PUF Read:0xaaaaaaaa at 0xa0008030
[45223.862274] PUF Read:0xaaaaaaaa at 0xa0008034
[45223.862426] PUF Read:0xaaaaaaaa at 0xa0008038
[45223.862457] PUF Read:0xaaaaaaaa at 0xa000803c
[45223.862457] PUF Read:0xaaaaaaab at 0xa0008040
[45223.862457] PUF Read:0xaaaaeaaa at 0xa0008044
[45223.862518] PUF Read:0xaaaaaaaa at 0xa0008048
[45223.862518] PUF Read:0xaaaaaaaa at 0xa000804c
[45223.862579] PUF Read:0xaaaaaaaa at 0xa0008050
[45223.862609] PUF Read:0xaaaaaaaa at 0xa0008054
[45223.862609] PUF Read:0xaaaaaaaa at 0xa0008058
[45223.862609] PUF Read:0xaaaaaaaa at 0xa000805c
[45223.862670] PUF Read:0xaaaaaaaa at 0xa0008060
[45223.862670] PUF Read:0xaaaa2aaa at 0xa0008064
[45223.862731] PUF Read:0xaaaaaaaa at 0xa0008068
[45223.862762] PUF Read:0xaaaaaaaa at 0xa000806c
[45223.862762] PUF Read:0xaaaaaaaa at 0xa0008070
[45223.862762] PUF Read:0xaaaaaaaa at 0xa0008074
[45223.862762] PUF Read:0xaaaaaaaa at 0xa0008078
[45223.862762] PUF Read:0xaaaaaaaa at 0xa000807c
[45223.862762] PUF Read:0xaaaaaaaa at 0xa0008080
[45223.862915] PUF Read:0xaaaaaaaa at 0xa0008084
[45223.862945] PUF Read:0xaaaaaaaa at 0xa0008088
[45223.862945] PUF Read:0xaaaaaaaa at 0xa000808c
[45223.862945] PUF Read:0xaaaa8aaa at 0xa0008090
[45223.863006] PUF Read:0xaaaaaaaa at 0xa0008094
[45223.863006] PUF Read:0x2aabaaaa at 0xa0008098
[45223.863067] PUF Read:0xaaaaaaaa at 0xa000809c
[45223.863098] PUF Read:0xaaaaaaaa at 0xa00080a0
[45223.863098] PUF Read:0xaaaaaaaa at 0xa00080a4
[45223.863098] PUF Read:0xaaaaaaaa at 0xa00080a8
[45223.863159] PUF Read:0xaaaaaaaa at 0xa00080ac
[45223.863159] PUF Read:0xaaaaaaaa at 0xa00080b0
[45223.863220] PUF Read:0xaa2aaaaa at 0xa00080b4
[45223.863250] PUF Read:0xaaaaaaaa at 0xa00080b8
[45223.863250] PUF Read:0x8aaaaaaa at 0xa00080bc
[45223.863250] PUF Read:0xaaaaaaaa at 0xa00080c0
[45223.863311] PUF Read:0xaaaaaaaa at 0xa00080c4
[45223.863311] PUF Read:0xaaa2aaaa at 0xa00080c8
[45223.863372] PUF Read:0xaaaaaaaa at 0xa00080cc
[45223.863403] PUF Read:0xaaaaaaaa at 0xa00080d0
[45223.863403] PUF Read:0xaaaaaaaa at 0xa00080d4
[45223.863403] PUF Read:0xaaaaaaaa at 0xa00080d8
[45223.863403] PUF Read:0xaaaaaaaa at 0xa00080dc
[45223.863403] PUF Read:0xaaaaaaaa at 0xa00080e0
[45223.863403] PUF Read:0xaaaaaaaa at 0xa00080e4
[45223.863403] PUF Read:0xaaaaaaaa at 0xa00080e8
[45223.863586] PUF Read:0xaaaaaaab at 0xa00080ec
[45223.863586] PUF Read:0x8aaaaaaa at 0xa00080f0
[45223.863586] PUF Read:0xaaaaaaaa at 0xa00080f4
[45223.863586] PUF Read:0xaaaaaaaa at 0xa00080f8
[45223.863677] PUF Read:0xaaaaaaaa at 0xa00080fc
[45223.863677] PUF Read:0xaaaaaaaa at 0xa0008100
[45223.863739] PUF Read:0xaaaaaaaa at 0xa0008104
[45223.863769] PUF Read:0xaaaaaaaa at 0xa0008108
[45223.863769] PUF Read:0xaaaaaaaa at 0xa000810c
[45223.863769] PUF Read:0xaaaaaaaa at 0xa0008110
[45223.863830] PUF Read:0xaaaaaaaa at 0xa0008114
[45223.863830] PUF Read:0xaaaaaaaa at 0xa0008118
[45223.863891] PUF Read:0xaaaaaaaa at 0xa000811c
[45223.863922] PUF Read:0xaaaaaaaa at 0xa0008120
[45223.863922] PUF Read:0xaaaaaaaa at 0xa0008124
[45223.863922] PUF Read:0xaaaaaaaa at 0xa0008128
[45223.863922] PUF Read:0xaaaaaaaa at 0xa000812c
[45223.863922] PUF Read:0xaaaaaaaa at 0xa0008130
[45223.863922] PUF Read:0xaaaaaaaa at 0xa0008134
[45223.864074] PUF Read:0xaa8aaaaa at 0xa0008138
[45223.864074] PUF Read:0xaaaaaaaa at 0xa000813c
[45223.864074] PUF Read:0xaaaaaaaa at 0xa0008140
[45223.864074] PUF Read:0xaaaaaaaa at 0xa0008144
[45223.864166] PUF Read:0xaabaaeaa at 0xa0008148
[45223.864166] PUF Read:0xaaaaaaaa at 0xa000814c
[45223.864227] PUF Read:0xaaaaaaaa at 0xa0008150
[45223.864257] PUF Read:0xaaaaaaaa at 0xa0008154
[45223.864257] PUF Read:0xaaaaaaaa at 0xa0008158
[45223.864257] PUF Read:0xaaaaaaea at 0xa000815c
[45223.864318] PUF Read:0xaaaaaaaa at 0xa0008160
[45223.864318] PUF Read:0xaaaaaaaa at 0xa0008164
[45223.864379] PUF Read:0xaaaaaaaa at 0xa0008168
[45223.864410] PUF Read:0xaaaaaaaa at 0xa000816c
[45223.864410] PUF Read:0xaaaaaaaa at 0xa0008170
[45223.864410] PUF Read:0xaaaaaaaa at 0xa0008174
[45223.864471] PUF Read:0xaaaaaaaa at 0xa0008178
[45223.864471] PUF Read:0xaaaaaaaa at 0xa000817c
[45223.864532] PUF Read:0xaaaaaa2a at 0xa0008180
[45223.864562] PUF Read:0xaaaaaaaa at 0xa0008184
[45223.864562] PUF Read:0xaaaaaaaa at 0xa0008188
[45223.864562] PUF Read:0xaaaaaaaa at 0xa000818c
[45223.864562] PUF Read:0xaaaaaaaa at 0xa0008190
[45223.864562] PUF Read:0xaaaaaaaa at 0xa0008194
[45223.864562] PUF Read:0xaaaaaaaa at 0xa0008198
[45223.864715] PUF Read:0xaaaaaaaa at 0xa000819c
[45223.864746] PUF Read:0xaaaaaaaa at 0xa00081a0
[45223.864746] PUF Read:0xaaaaaaaa at 0xa00081a4
[45223.864746] PUF Read:0xaaaaaaaa at 0xa00081a8
[45223.864807] PUF Read:0xaaaaaaaa at 0xa00081ac
[45223.864807] PUF Read:0xaaeaaaaa at 0xa00081b0
[45223.864868] PUF Read:0xaaaaaaaa at 0xa00081b4
[45223.864898] PUF Read:0xaaaaaaaa at 0xa00081b8
[45223.864898] PUF Read:0xaaaaaaaa at 0xa00081bc
[45223.864898] PUF Read:0xaaaaaaaa at 0xa00081c0
[45223.864959] PUF Read:0xaaaaaaae at 0xa00081c4
[45223.864959] PUF Read:0xaaaaaaaa at 0xa00081c8
[45223.865020] PUF Read:0xaaaaaaaa at 0xa00081cc
[45223.865051] PUF Read:0xbaaaaaaa at 0xa00081d0
[45223.865081] PUF Read:0xaaaaaaaa at 0xa00081d4
[45223.865081] PUF Read:0xaaaaaaaa at 0xa00081d8
[45223.865081] PUF Read:0xaaaaaaaa at 0xa00081dc
[45223.865142] PUF Read:0xaaaaaaaa at 0xa00081e0
[45223.865142] PUF Read:0xaaaaaaea at 0xa00081e4
[45223.865203] PUF Read:0xaaaaaaaa at 0xa00081e8
[45223.865234] PUF Read:0xaa2aaaaa at 0xa00081ec
[45223.865234] PUF Read:0xaaaaaaaa at 0xa00081f0
[45223.865234] PUF Read:0xaaaaaeaa at 0xa00081f4
[45223.865234] PUF Read:0xaaaaaaa2 at 0xa00081f8
[45223.865234] PUF Read:0xaaaaaaaa at 0xa00081fc
[45223.865234] PUF Read:0xaaaaaaaa at 0xa0008200
[45223.865386] PUF Read:0xaaaaaaaa at 0xa0008204
[45223.865386] PUF Read:0xaaaaaaaa at 0xa0008208
[45223.865386] PUF Read:0xa8aaaaaa at 0xa000820c
[45223.865386] PUF Read:0xaaaaaaaa at 0xa0008210
[45223.865478] PUF Read:0xaaaaaaaa at 0xa0008214
[45223.865478] PUF Read:0xaaaaaaaa at 0xa0008218
[45223.865539] PUF Read:0xaaaaaaaa at 0xa000821c
[45223.865570] PUF Read:0xaaaaaaaa at 0xa0008220
[45223.865570] PUF Read:0xaaaaaaaa at 0xa0008224
[45223.865570] PUF Read:0xaaaaaaaa at 0xa0008228
[45223.865631] PUF Read:0xaaaaaaaa at 0xa000822c
[45223.865631] PUF Read:0xaaaaaaaa at 0xa0008230
[45223.865692] PUF Read:0xa8aaaaaa at 0xa0008234
[45223.865722] PUF Read:0xaaaaaaaa at 0xa0008238
[45223.865722] PUF Read:0xaaaaaaaa at 0xa000823c
[45223.865722] PUF Read:0xaaaaaaaa at 0xa0008240
[45223.865783] PUF Read:0xaaaaaaaa at 0xa0008244
[45223.865783] PUF Read:0xaaaaaaaa at 0xa0008248
[45223.865844] PUF Read:0xaaaaaaaa at 0xa000824c
[45223.865875] PUF Read:0xaaaaaaaa at 0xa0008250
[45223.865875] PUF Read:0xaaaaaaaa at 0xa0008254
[45223.865875] PUF Read:0xaaaaaaaa at 0xa0008258
[45223.865875] PUF Read:0xaaaaaaaa at 0xa000825c
[45223.865875] PUF Read:0xaaaaaaaa at 0xa0008260
[45223.865875] PUF Read:0xaaaaaaaa at 0xa0008264
[45223.866027] PUF Read:0xaaaaaaaa at 0xa0008268
[45223.866027] PUF Read:0xaaaaaaaa at 0xa000826c
[45223.866027] PUF Read:0xaaaaaaaa at 0xa0008270
[45223.866027] PUF Read:0xaaaaaaaa at 0xa0008274
[45223.866119] PUF Read:0xaaaaaaaa at 0xa0008278
[45223.866119] PUF Read:0xaaaaaaaa at 0xa000827c
[45223.866180] PUF Read:0xaaaaaaaa at 0xa0008280
[45223.866210] PUF Read:0xaaaaaaaa at 0xa0008284
[45223.866210] PUF Read:0xaaaaaaaa at 0xa0008288
[45223.866210] PUF Read:0xaaaaaaaa at 0xa000828c
[45223.866271] PUF Read:0xaaaaaaaa at 0xa0008290
[45223.866271] PUF Read:0xaaaaaaaa at 0xa0008294
[45223.866333] PUF Read:0xaaaaaaaa at 0xa0008298
[45223.866363] PUF Read:0xaaaaaaaa at 0xa000829c
[45223.866363] PUF Read:0xaaaaaaaa at 0xa00082a0
[45223.866363] PUF Read:0xaaaaaaaa at 0xa00082a4
[45223.866424] PUF Read:0xaaaaaaaa at 0xa00082a8
[45223.866424] PUF Read:0xaaaaaaaa at 0xa00082ac
[45223.866485] PUF Read:0xaaaaaaaa at 0xa00082b0
[45223.866516] PUF Read:0xaaaaaaaa at 0xa00082b4
[45223.866516] PUF Read:0xaaaaaaea at 0xa00082b8
[45223.866577] PUF Read:0xaaaaaaaa at 0xa00082bc
[45223.866577] PUF Read:0xaaaaaaaa at 0xa00082c0
[45223.866607] PUF Read:0xaaaaaaaa at 0xa00082c4
[45223.866607] PUF Read:0xbaaaaaaa at 0xa00082c8
[45223.866668] PUF Read:0xaaaaaaaa at 0xa00082cc
[45223.866699] PUF Read:0xaaaaaaaa at 0xa00082d0
[45223.866699] PUF Read:0xaaaaaaaa at 0xa00082d4
[45223.866699] PUF Read:0xaaaaaaaa at 0xa00082d8
[45223.866699] PUF Read:0xaaaaaaaa at 0xa00082dc
[45223.866699] PUF Read:0xaaaaaaaa at 0xa00082e0
[45223.866699] PUF Read:0xaaaaaeaa at 0xa00082e4
[45223.866851] PUF Read:0xaaaaaaaa at 0xa00082e8
[45223.866851] PUF Read:0xaaaaaaaa at 0xa00082ec
[45223.866851] PUF Read:0xaaaaaaaa at 0xa00082f0
[45223.866851] PUF Read:0xaaaaaaaa at 0xa00082f4
[45223.866851] PUF Read:0xaaaaaaaa at 0xa00082f8
[45223.866851] PUF Read:0xaaaaaaaa at 0xa00082fc
[45223.867004] PUF Read:0xaaaaaaaa at 0xa0008300
[45223.867034] PUF Read:0xaaaaaaaa at 0xa0008304
[45223.867034] PUF Read:0xaaaaaaaa at 0xa0008308
[45223.867034] PUF Read:0xaaaaaaaa at 0xa000830c
[45223.867095] PUF Read:0xaaaaaaaa at 0xa0008310
[45223.867095] PUF Read:0xaaaaaaaa at 0xa0008314
[45223.867156] PUF Read:0xaaaaaaaa at 0xa0008318
[45223.867187] PUF Read:0xbaaaaaaa at 0xa000831c
[45223.867187] PUF Read:0xaaaaaaaa at 0xa0008320
[45223.867187] PUF Read:0xaaaaaaaa at 0xa0008324
[45223.867248] PUF Read:0xaaaaaaaa at 0xa0008328
[45223.867248] PUF Read:0xaaaaaaaa at 0xa000832c
[45223.867309] PUF Read:0xaaaaaaae at 0xa0008330
[45223.867340] PUF Read:0xaaaaaaaa at 0xa0008334
[45223.867340] PUF Read:0xaaaaaaaa at 0xa0008338
[45223.867340] PUF Read:0xaaaaaaaa at 0xa000833c
[45223.867401] PUF Read:0xaaaaaaaa at 0xa0008340
[45223.867401] PUF Read:0xaaaaaaaa at 0xa0008344
[45223.867462] PUF Read:0xaaaaaaaa at 0xa0008348
[45223.867492] PUF Read:0xaaaaaaaa at 0xa000834c
[45223.867492] PUF Read:0xaaaaaa8a at 0xa0008350
[45223.867553] PUF Read:0xaaaaaaaa at 0xa0008354
[45223.867553] PUF Read:0xaaaaaaaa at 0xa0008358
[45223.867553] PUF Read:0xaaaaaaaa at 0xa000835c
[45223.867614] PUF Read:0xaaabaaaa at 0xa0008360
[45223.867645] PUF Read:0xaaaaaaaa at 0xa0008364
[45223.867645] PUF Read:0xaaaaaaaa at 0xa0008368
[45223.867645] PUF Read:0xaaaaaaaa at 0xa000836c
[45223.867645] PUF Read:0xaaaaaaaa at 0xa0008370
[45223.867645] PUF Read:0xaaaaaaaa at 0xa0008374
[45223.867645] PUF Read:0xaaaaaaaa at 0xa0008378
[45223.867797] PUF Read:0xaaaaaaaa at 0xa000837c
[45223.867797] PUF Read:0xaaaaaaaa at 0xa0008380
[45223.867797] PUF Read:0xaaaaaaaa at 0xa0008384
[45223.867797] PUF Read:0xaaaaaaaa at 0xa0008388
[45223.867889] PUF Read:0xaaaaaaaa at 0xa000838c
[45223.867889] PUF Read:0xaaaaaaaa at 0xa0008390
[45223.867950] PUF Read:0xaaaaaaaa at 0xa0008394
[45223.867980] PUF Read:0xaaaaaaaa at 0xa0008398
[45223.867980] PUF Read:0xaaa2aaaa at 0xa000839c
[45223.867980] PUF Read:0xaaaaaaaa at 0xa00083a0
[45223.868041] PUF Read:0xaaaaaaaa at 0xa00083a4
[45223.868041] PUF Read:0xaaaaaaaa at 0xa00083a8
[45223.868103] PUF Read:0xaaaaaaaa at 0xa00083ac
[45223.868133] PUF Read:0xaaaaaaa2 at 0xa00083b0
[45223.868164] PUF Read:0xaaaaaaaa at 0xa00083b4
[45223.868164] PUF Read:0xaaaaaaaa at 0xa00083b8
[45223.868164] PUF Read:0xaaaaaaaa at 0xa00083bc
[45223.868225] PUF Read:0xaaaaaaaa at 0xa00083c0
[45223.868225] PUF Read:0xaaaaaaaa at 0xa00083c4
[45223.868286] PUF Read:0xaaaaaaaa at 0xa00083c8
[45223.868316] PUF Read:0xaaaaaaaa at 0xa00083cc
[45223.868316] PUF Read:0xaaaaaaaa at 0xa00083d0
[45223.868316] PUF Read:0xaaabaaaa at 0xa00083d4
[45223.868377] PUF Read:0xaaaaaaaa at 0xa00083d8
[45223.868377] PUF Read:0xaaaaaaaa at 0xa00083dc
[45223.868438] PUF Read:0xaaaaaaaa at 0xa00083e0
[45223.868469] PUF Read:0xaaaaaaaa at 0xa00083e4
[45223.868469] PUF Read:0xaaaaaaaa at 0xa00083e8
[45223.868469] PUF Read:0xaaaaaaaa at 0xa00083ec
[45223.868469] PUF Read:0xaaaaaaaa at 0xa00083f0
[45223.868469] PUF Read:0xaaaaaaaa at 0xa00083f4
[45223.868469] PUF Read:0xaaaaaaae at 0xa00083f8
[45223.868621] PUF Read:0xaaaeaaaa at 0xa00083fc
[45223.868621] [i] Finished PUF read-out
[45223.868652] <6>[i] Finished PUF query for decaytime: 7680
[45223.868652] [i] Start decaytime: 120
[45223.868682] EMIF 2 REG Write 0x80000000 at 0x4d000010
[45223.868682] EMIF 2 REG Read 0x80000000 at 0x4d000010
[45223.868713] EMIF 2 REG Write 0x80000000 at 0x4d000014
[45223.868713] EMIF 2 REG Read 0x00000000 at 0x4d000014
[45223.868713] EMIF 2 REG Write 0x08016893 at 0x4d0000cc
[45223.868743] EMIF 2 REG Read 0x08016893 at 0x4d0000cc
[45223.868743] Temp polling alert disabled
[45223.868743] Refresh Disabled at EMIF2
[45223.868774] [i] Initialiting PUF & hammer rows
[45223.868774] [i] Single-Sided Rowhammer (SSRH)
[45223.875518] [i] Finished initialiting PUF & hammer rows
[45223.875518] [i]	Timer elapsed since its reset 0 sec
[45223.875518] [i] Decay: 120 sec
[45223.875549] [i]	Relative Decay: 0 msec
