[ 2489.854400] [i] Total hammer attempts per row: 1863095
[ 2489.855499] EMIF 2 REG Write 0x00000618 at 0x4d000010
[ 2489.855499] EMIF 2 REG Read 0x00000618 at 0x4d000010
[ 2489.855529] EMIF 2 REG Write 0x00000618 at 0x4d000014
[ 2489.855529] EMIF 2 REG Read 0x00000618 at 0x4d000014
[ 2489.855560] EMIF 2 REG Write 0x58016893 at 0x4d0000cc
[ 2489.855560] EMIF 2 REG Read 0x58016893 at 0x4d0000cc
[ 2489.855590] Temp polling alert enabled
[ 2489.855590] Refresh enabled at EMIF2
[ 2489.855590] [i] Starting PUF read-out
[ 2489.855621] [i] Single-Sided Rowhammer (SSRH)
[ 2489.855621] PUF Read:0x00000000 at 0xa0008000
[ 2489.855621] PUF Read:0x00000000 at 0xa0008004
[ 2489.855682] PUF Read:0x00000000 at 0xa0008008
[ 2489.855712] PUF Read:0x00000000 at 0xa000800c
[ 2489.855712] PUF Read:0x00000000 at 0xa0008010
[ 2489.855712] PUF Read:0x00000100 at 0xa0008014
[ 2489.855712] PUF Read:0x00000000 at 0xa0008018
[ 2489.855712] PUF Read:0x00000000 at 0xa000801c
[ 2489.855712] PUF Read:0x00000000 at 0xa0008020
[ 2489.855865] PUF Read:0x00000000 at 0xa0008024
[ 2489.855895] PUF Read:0x00000000 at 0xa0008028
[ 2489.855895] PUF Read:0x00000000 at 0xa000802c
[ 2489.855895] PUF Read:0x00000000 at 0xa0008030
[ 2489.855957] PUF Read:0x00000000 at 0xa0008034
[ 2489.855957] PUF Read:0x00000000 at 0xa0008038
[ 2489.856018] PUF Read:0x00000000 at 0xa000803c
[ 2489.856048] PUF Read:0x00000001 at 0xa0008040
[ 2489.856048] PUF Read:0x00004000 at 0xa0008044
[ 2489.856048] PUF Read:0x00000000 at 0xa0008048
[ 2489.856109] PUF Read:0x00000000 at 0xa000804c
[ 2489.856109] PUF Read:0x00000000 at 0xa0008050
[ 2489.856170] PUF Read:0x00000000 at 0xa0008054
[ 2489.856201] PUF Read:0x00000000 at 0xa0008058
[ 2489.856201] PUF Read:0x00000000 at 0xa000805c
[ 2489.856201] PUF Read:0x00000000 at 0xa0008060
[ 2489.856262] PUF Read:0x00000000 at 0xa0008064
[ 2489.856262] PUF Read:0x00000000 at 0xa0008068
[ 2489.856323] PUF Read:0x00000000 at 0xa000806c
[ 2489.856323] PUF Read:0x00000000 at 0xa0008070
[ 2489.856323] PUF Read:0x00000000 at 0xa0008074
[ 2489.856323] PUF Read:0x00000000 at 0xa0008078
[ 2489.856323] PUF Read:0x00000000 at 0xa000807c
[ 2489.856323] PUF Read:0x00000000 at 0xa0008080
[ 2489.856475] PUF Read:0x00000000 at 0xa0008084
[ 2489.856475] PUF Read:0x00000000 at 0xa0008088
[ 2489.856475] PUF Read:0x00000000 at 0xa000808c
[ 2489.856475] PUF Read:0x00000000 at 0xa0008090
[ 2489.856475] PUF Read:0x00000000 at 0xa0008094
[ 2489.856597] PUF Read:0x00010000 at 0xa0008098
[ 2489.856628] PUF Read:0x00000000 at 0xa000809c
[ 2489.856628] PUF Read:0x00000000 at 0xa00080a0
[ 2489.856689] PUF Read:0x00000000 at 0xa00080a4
[ 2489.856689] PUF Read:0x00000000 at 0xa00080a8
[ 2489.856689] PUF Read:0x00000040 at 0xa00080ac
[ 2489.856750] PUF Read:0x00000000 at 0xa00080b0
[ 2489.856781] PUF Read:0x00000000 at 0xa00080b4
[ 2489.856781] PUF Read:0x00000000 at 0xa00080b8
[ 2489.856781] PUF Read:0x00000000 at 0xa00080bc
[ 2489.856842] PUF Read:0x00000000 at 0xa00080c0
[ 2489.856842] PUF Read:0x00000000 at 0xa00080c4
[ 2489.856903] PUF Read:0x00000000 at 0xa00080c8
[ 2489.856933] PUF Read:0x00000000 at 0xa00080cc
[ 2489.856933] PUF Read:0x40000000 at 0xa00080d0
[ 2489.856933] PUF Read:0x00000000 at 0xa00080d4
[ 2489.856933] PUF Read:0x00000000 at 0xa00080d8
[ 2489.856933] PUF Read:0x00000000 at 0xa00080dc
[ 2489.857055] PUF Read:0x01000000 at 0xa00080e0
[ 2489.857055] PUF Read:0x00000000 at 0xa00080e4
[ 2489.857055] PUF Read:0x00000000 at 0xa00080e8
[ 2489.857055] PUF Read:0x00000001 at 0xa00080ec
[ 2489.857055] PUF Read:0x00000000 at 0xa00080f0
[ 2489.857055] PUF Read:0x00000000 at 0xa00080f4
[ 2489.857208] PUF Read:0x00000000 at 0xa00080f8
[ 2489.857208] PUF Read:0x00000000 at 0xa00080fc
[ 2489.857208] PUF Read:0x00000000 at 0xa0008100
[ 2489.857208] PUF Read:0x00000000 at 0xa0008104
[ 2489.857208] PUF Read:0x00000000 at 0xa0008108
[ 2489.857208] PUF Read:0x00000000 at 0xa000810c
[ 2489.857360] PUF Read:0x00000000 at 0xa0008110
[ 2489.857360] PUF Read:0x00000000 at 0xa0008114
[ 2489.857421] PUF Read:0x00000000 at 0xa0008118
[ 2489.857421] PUF Read:0x00000000 at 0xa000811c
[ 2489.857421] PUF Read:0x00000000 at 0xa0008120
[ 2489.857482] PUF Read:0x00000000 at 0xa0008124
[ 2489.857513] PUF Read:0x00000000 at 0xa0008128
[ 2489.857513] PUF Read:0x00000000 at 0xa000812c
[ 2489.857513] PUF Read:0x00000000 at 0xa0008130
[ 2489.857574] PUF Read:0x00000000 at 0xa0008134
[ 2489.857574] PUF Read:0x00000000 at 0xa0008138
[ 2489.857635] PUF Read:0x00000000 at 0xa000813c
[ 2489.857666] PUF Read:0x00000000 at 0xa0008140
[ 2489.857666] PUF Read:0x00000000 at 0xa0008144
[ 2489.857727] PUF Read:0x00100400 at 0xa0008148
[ 2489.857727] PUF Read:0x00000000 at 0xa000814c
[ 2489.857727] PUF Read:0x00000000 at 0xa0008150
[ 2489.857727] PUF Read:0x00000000 at 0xa0008154
[ 2489.857818] PUF Read:0x00000000 at 0xa0008158
[ 2489.857818] PUF Read:0x00000040 at 0xa000815c
[ 2489.857818] PUF Read:0x00000000 at 0xa0008160
[ 2489.857818] PUF Read:0x00000000 at 0xa0008164
[ 2489.857818] PUF Read:0x00000000 at 0xa0008168
[ 2489.857818] PUF Read:0x00400000 at 0xa000816c
[ 2489.857971] PUF Read:0x00000000 at 0xa0008170
[ 2489.857971] PUF Read:0x00000000 at 0xa0008174
[ 2489.858032] PUF Read:0x00000000 at 0xa0008178
[ 2489.858032] PUF Read:0x00000000 at 0xa000817c
[ 2489.858032] PUF Read:0x00000000 at 0xa0008180
[ 2489.858093] PUF Read:0x00000000 at 0xa0008184
[ 2489.858123] PUF Read:0x00000000 at 0xa0008188
[ 2489.858123] PUF Read:0x00000000 at 0xa000818c
[ 2489.858184] PUF Read:0x00000000 at 0xa0008190
[ 2489.858184] PUF Read:0x00000000 at 0xa0008194
[ 2489.858184] PUF Read:0x00000000 at 0xa0008198
[ 2489.858245] PUF Read:0x00000000 at 0xa000819c
[ 2489.858276] PUF Read:0x00000000 at 0xa00081a0
[ 2489.858276] PUF Read:0x00000000 at 0xa00081a4
[ 2489.858337] PUF Read:0x00000000 at 0xa00081a8
[ 2489.858337] PUF Read:0x00000000 at 0xa00081ac
[ 2489.858337] PUF Read:0x00400000 at 0xa00081b0
[ 2489.858398] PUF Read:0x00000000 at 0xa00081b4
[ 2489.858428] PUF Read:0x00000000 at 0xa00081b8
[ 2489.858428] PUF Read:0x00000000 at 0xa00081bc
[ 2489.858489] PUF Read:0x00000000 at 0xa00081c0
[ 2489.858489] PUF Read:0x00000004 at 0xa00081c4
[ 2489.858489] PUF Read:0x00000000 at 0xa00081c8
[ 2489.858551] PUF Read:0x00000000 at 0xa00081cc
[ 2489.858581] PUF Read:0x10000000 at 0xa00081d0
[ 2489.858581] PUF Read:0x00000000 at 0xa00081d4
[ 2489.858642] PUF Read:0x00000000 at 0xa00081d8
[ 2489.858642] PUF Read:0x00000000 at 0xa00081dc
[ 2489.858642] PUF Read:0x00000000 at 0xa00081e0
[ 2489.858642] PUF Read:0x00000040 at 0xa00081e4
[ 2489.858734] PUF Read:0x00000000 at 0xa00081e8
[ 2489.858734] PUF Read:0x00000000 at 0xa00081ec
[ 2489.858734] PUF Read:0x00000000 at 0xa00081f0
[ 2489.858734] PUF Read:0x00000400 at 0xa00081f4
[ 2489.858734] PUF Read:0x00000000 at 0xa00081f8
[ 2489.858734] PUF Read:0x00000000 at 0xa00081fc
[ 2489.858886] PUF Read:0x00000000 at 0xa0008200
[ 2489.858886] PUF Read:0x00000000 at 0xa0008204
[ 2489.858886] PUF Read:0x00000000 at 0xa0008208
[ 2489.858886] PUF Read:0x00000000 at 0xa000820c
[ 2489.858886] PUF Read:0x00000000 at 0xa0008210
[ 2489.859008] PUF Read:0x00000000 at 0xa0008214
[ 2489.859039] PUF Read:0x00000000 at 0xa0008218
[ 2489.859039] PUF Read:0x00000000 at 0xa000821c
[ 2489.859039] PUF Read:0x00000000 at 0xa0008220
[ 2489.859100] PUF Read:0x00000000 at 0xa0008224
[ 2489.859100] PUF Read:0x00000000 at 0xa0008228
[ 2489.859161] PUF Read:0x00000000 at 0xa000822c
[ 2489.859191] PUF Read:0x00000000 at 0xa0008230
[ 2489.859191] PUF Read:0x00400000 at 0xa0008234
[ 2489.859191] PUF Read:0x00000000 at 0xa0008238
[ 2489.859191] PUF Read:0x00000000 at 0xa000823c
[ 2489.859191] PUF Read:0x00000000 at 0xa0008240
[ 2489.859191] PUF Read:0x00000000 at 0xa0008244
[ 2489.859344] PUF Read:0x00000000 at 0xa0008248
[ 2489.859375] PUF Read:0x00000000 at 0xa000824c
[ 2489.859375] PUF Read:0x00000000 at 0xa0008250
[ 2489.859375] PUF Read:0x00000000 at 0xa0008254
[ 2489.859436] PUF Read:0x00000000 at 0xa0008258
[ 2489.859436] PUF Read:0x00000000 at 0xa000825c
[ 2489.859497] PUF Read:0x00000000 at 0xa0008260
[ 2489.859497] PUF Read:0x00000000 at 0xa0008264
[ 2489.859497] PUF Read:0x00000000 at 0xa0008268
[ 2489.859497] PUF Read:0x00000000 at 0xa000826c
[ 2489.859588] PUF Read:0x00000000 at 0xa0008270
[ 2489.859588] PUF Read:0x00000000 at 0xa0008274
[ 2489.859649] PUF Read:0x00000000 at 0xa0008278
[ 2489.859649] PUF Read:0x00000000 at 0xa000827c
[ 2489.859649] PUF Read:0x00000000 at 0xa0008280
[ 2489.859649] PUF Read:0x00000000 at 0xa0008284
[ 2489.859649] PUF Read:0x00000000 at 0xa0008288
[ 2489.859771] PUF Read:0x00000000 at 0xa000828c
[ 2489.859802] PUF Read:0x00000000 at 0xa0008290
[ 2489.859802] PUF Read:0x00000000 at 0xa0008294
[ 2489.859802] PUF Read:0x00000000 at 0xa0008298
[ 2489.859863] PUF Read:0x00000000 at 0xa000829c
[ 2489.859863] PUF Read:0x00000000 at 0xa00082a0
[ 2489.859924] PUF Read:0x00000000 at 0xa00082a4
[ 2489.859954] PUF Read:0x00000000 at 0xa00082a8
[ 2489.859954] PUF Read:0x00000000 at 0xa00082ac
[ 2489.859954] PUF Read:0x00000000 at 0xa00082b0
[ 2489.860015] PUF Read:0x00000000 at 0xa00082b4
[ 2489.860015] PUF Read:0x00000040 at 0xa00082b8
[ 2489.860076] PUF Read:0x00000000 at 0xa00082bc
[ 2489.860107] PUF Read:0x00000000 at 0xa00082c0
[ 2489.860107] PUF Read:0x00000000 at 0xa00082c4
[ 2489.860107] PUF Read:0x10000000 at 0xa00082c8
[ 2489.860168] PUF Read:0x00000000 at 0xa00082cc
[ 2489.860168] PUF Read:0x00000000 at 0xa00082d0
[ 2489.860229] PUF Read:0x00000000 at 0xa00082d4
[ 2489.860260] PUF Read:0x00000000 at 0xa00082d8
[ 2489.860260] PUF Read:0x00000000 at 0xa00082dc
[ 2489.860260] PUF Read:0x00000000 at 0xa00082e0
[ 2489.860260] PUF Read:0x00000400 at 0xa00082e4
[ 2489.860260] PUF Read:0x00000000 at 0xa00082e8
[ 2489.860260] PUF Read:0x00000000 at 0xa00082ec
[ 2489.860412] PUF Read:0x00000000 at 0xa00082f0
[ 2489.860412] PUF Read:0x00000000 at 0xa00082f4
[ 2489.860473] PUF Read:0x00000000 at 0xa00082f8
[ 2489.860473] PUF Read:0x00000000 at 0xa00082fc
[ 2489.860473] PUF Read:0x00000000 at 0xa0008300
[ 2489.860473] PUF Read:0x00000000 at 0xa0008304
[ 2489.860565] PUF Read:0x00000000 at 0xa0008308
[ 2489.860565] PUF Read:0x00000000 at 0xa000830c
[ 2489.860626] PUF Read:0x00000000 at 0xa0008310
[ 2489.860626] PUF Read:0x00000000 at 0xa0008314
[ 2489.860626] PUF Read:0x00000000 at 0xa0008318
[ 2489.860687] PUF Read:0x10000000 at 0xa000831c
[ 2489.860717] PUF Read:0x00000000 at 0xa0008320
[ 2489.860717] PUF Read:0x00000000 at 0xa0008324
[ 2489.860717] PUF Read:0x00000000 at 0xa0008328
[ 2489.860717] PUF Read:0x00000000 at 0xa000832c
[ 2489.860809] PUF Read:0x00000004 at 0xa0008330
[ 2489.860809] PUF Read:0x00000000 at 0xa0008334
[ 2489.860870] PUF Read:0x00000000 at 0xa0008338
[ 2489.860900] PUF Read:0x00000000 at 0xa000833c
[ 2489.860900] PUF Read:0x00000000 at 0xa0008340
[ 2489.860900] PUF Read:0x00000000 at 0xa0008344
[ 2489.860900] PUF Read:0x00000000 at 0xa0008348
[ 2489.860900] PUF Read:0x00000000 at 0xa000834c
[ 2489.861022] PUF Read:0x00000000 at 0xa0008350
[ 2489.861053] PUF Read:0x00000000 at 0xa0008354
[ 2489.861053] PUF Read:0x00000000 at 0xa0008358
[ 2489.861053] PUF Read:0x00000000 at 0xa000835c
[ 2489.861114] PUF Read:0x00010000 at 0xa0008360
[ 2489.861114] PUF Read:0x00000000 at 0xa0008364
[ 2489.861175] PUF Read:0x00000000 at 0xa0008368
[ 2489.861206] PUF Read:0x00000000 at 0xa000836c
[ 2489.861206] PUF Read:0x00000000 at 0xa0008370
[ 2489.861206] PUF Read:0x00000000 at 0xa0008374
[ 2489.861267] PUF Read:0x00000000 at 0xa0008378
[ 2489.861267] PUF Read:0x00000000 at 0xa000837c
[ 2489.861328] PUF Read:0x00000000 at 0xa0008380
[ 2489.861358] PUF Read:0x00000000 at 0xa0008384
[ 2489.861358] PUF Read:0x00000000 at 0xa0008388
[ 2489.861358] PUF Read:0x00000000 at 0xa000838c
[ 2489.861419] PUF Read:0x00000000 at 0xa0008390
[ 2489.861419] PUF Read:0x00000000 at 0xa0008394
[ 2489.861480] PUF Read:0x00000000 at 0xa0008398
[ 2489.861511] PUF Read:0x00000000 at 0xa000839c
[ 2489.861511] PUF Read:0x00000000 at 0xa00083a0
[ 2489.861511] PUF Read:0x00000000 at 0xa00083a4
[ 2489.861572] PUF Read:0x00000000 at 0xa00083a8
[ 2489.861572] PUF Read:0x00000000 at 0xa00083ac
[ 2489.861633] PUF Read:0x00000000 at 0xa00083b0
[ 2489.861663] PUF Read:0x00000000 at 0xa00083b4
[ 2489.861663] PUF Read:0x00000000 at 0xa00083b8
[ 2489.861663] PUF Read:0x00000000 at 0xa00083bc
[ 2489.861724] PUF Read:0x00000000 at 0xa00083c0
[ 2489.861724] PUF Read:0x00000000 at 0xa00083c4
[ 2489.861785] PUF Read:0x00000000 at 0xa00083c8
[ 2489.861816] PUF Read:0x00000000 at 0xa00083cc
[ 2489.861846] PUF Read:0x00000000 at 0xa00083d0
[ 2489.861846] PUF Read:0x00010000 at 0xa00083d4
[ 2489.861846] PUF Read:0x00000000 at 0xa00083d8
[ 2489.861938] PUF Read:0x00000000 at 0xa00083dc
[ 2489.861938] PUF Read:0x00000000 at 0xa00083e0
[ 2489.861999] PUF Read:0x00000000 at 0xa00083e4
[ 2489.862030] PUF Read:0x00000000 at 0xa00083e8
[ 2489.862030] PUF Read:0x00000000 at 0xa00083ec
[ 2489.862091] PUF Read:0x00000000 at 0xa00083f0
[ 2489.862091] PUF Read:0x00000000 at 0xa00083f4
[ 2489.862091] PUF Read:0x00000004 at 0xa00083f8
[ 2489.862152] PUF Read:0x00040000 at 0xa00083fc
[ 2489.862182] [i] Finished PUF read-out
[ 2489.862182] <6>[i] Finished PUF query for decaytime: 7680
[ 2489.862182] [i] Start decaytime: 120
[ 2489.862213] EMIF 2 REG Write 0x80000000 at 0x4d000010
[ 2489.862213] EMIF 2 REG Read 0x80000000 at 0x4d000010
[ 2489.862243] EMIF 2 REG Write 0x80000000 at 0x4d000014
[ 2489.862243] EMIF 2 REG Read 0x00000000 at 0x4d000014
[ 2489.862274] EMIF 2 REG Write 0x08016893 at 0x4d0000cc
[ 2489.862274] EMIF 2 REG Read 0x08016893 at 0x4d0000cc
[ 2489.862274] Temp polling alert disabled
[ 2489.862304] Refresh Disabled at EMIF2
[ 2489.862304] [i] Initialiting PUF & hammer rows
[ 2489.862304] [i] Single-Sided Rowhammer (SSRH)
[ 2489.862304] [i] Finished initialiting PUF & hammer rows
[ 2489.862304] [i]	Timer elapsed since its reset 0 sec
[ 2489.869049] [i] Decay: 120 sec
[ 2489.869049] [i]	Relative Decay: 0 msec
