[13488.370208] [i] Total hammer attempts per row: 1863975
[13488.370239] EMIF 2 REG Write 0x00000618 at 0x4d000010
[13488.370239] EMIF 2 REG Read 0x00000618 at 0x4d000010
[13488.370269] EMIF 2 REG Write 0x00000618 at 0x4d000014
[13488.370269] EMIF 2 REG Read 0x00000618 at 0x4d000014
[13488.370300] EMIF 2 REG Write 0x58016893 at 0x4d0000cc
[13488.370300] EMIF 2 REG Read 0x58016893 at 0x4d0000cc
[13488.370330] Temp polling alert enabled
[13488.370330] Refresh enabled at EMIF2
[13488.370330] [i] Starting PUF read-out
[13488.370361] [i] Single-Sided Rowhammer (SSRH)
[13488.370361] PUF Read:0x00000000 at 0xa0008000
[13488.370361] PUF Read:0x00000000 at 0xa0008004
[13488.370361] PUF Read:0x00000000 at 0xa0008008
[13488.370452] PUF Read:0x00000000 at 0xa000800c
[13488.370452] PUF Read:0x00000000 at 0xa0008010
[13488.370452] PUF Read:0x00000100 at 0xa0008014
[13488.370452] PUF Read:0x00000000 at 0xa0008018
[13488.370544] PUF Read:0x00000000 at 0xa000801c
[13488.370544] PUF Read:0x00000000 at 0xa0008020
[13488.370605] PUF Read:0x40004000 at 0xa0008024
[13488.370635] PUF Read:0x00000000 at 0xa0008028
[13488.370635] PUF Read:0x00000000 at 0xa000802c
[13488.370635] PUF Read:0x00000000 at 0xa0008030
[13488.370635] PUF Read:0x00000000 at 0xa0008034
[13488.370635] PUF Read:0x00000000 at 0xa0008038
[13488.370635] PUF Read:0x00000000 at 0xa000803c
[13488.370788] PUF Read:0x00000001 at 0xa0008040
[13488.370788] PUF Read:0x00004000 at 0xa0008044
[13488.370788] PUF Read:0x00000000 at 0xa0008048
[13488.370788] PUF Read:0x00000000 at 0xa000804c
[13488.370880] PUF Read:0x00000000 at 0xa0008050
[13488.370880] PUF Read:0x00000000 at 0xa0008054
[13488.370941] PUF Read:0x00000000 at 0xa0008058
[13488.370941] PUF Read:0x00000000 at 0xa000805c
[13488.370941] PUF Read:0x00000000 at 0xa0008060
[13488.370941] PUF Read:0x00000000 at 0xa0008064
[13488.370941] PUF Read:0x00000000 at 0xa0008068
[13488.370941] PUF Read:0x00000000 at 0xa000806c
[13488.371093] PUF Read:0x00000000 at 0xa0008070
[13488.371093] PUF Read:0x00000000 at 0xa0008074
[13488.371093] PUF Read:0x00000000 at 0xa0008078
[13488.371093] PUF Read:0x00000000 at 0xa000807c
[13488.371093] PUF Read:0x00010000 at 0xa0008080
[13488.371215] PUF Read:0x00000000 at 0xa0008084
[13488.371246] PUF Read:0x00000000 at 0xa0008088
[13488.371246] PUF Read:0x00000000 at 0xa000808c
[13488.371307] PUF Read:0x00000000 at 0xa0008090
[13488.371307] PUF Read:0x00000000 at 0xa0008094
[13488.371307] PUF Read:0x00010001 at 0xa0008098
[13488.371368] PUF Read:0x00000000 at 0xa000809c
[13488.371398] PUF Read:0x00000000 at 0xa00080a0
[13488.371398] PUF Read:0x00000000 at 0xa00080a4
[13488.371459] PUF Read:0x00000000 at 0xa00080a8
[13488.371459] PUF Read:0x00000040 at 0xa00080ac
[13488.371459] PUF Read:0x00000000 at 0xa00080b0
[13488.371520] PUF Read:0x00000000 at 0xa00080b4
[13488.371551] PUF Read:0x00004000 at 0xa00080b8
[13488.371551] PUF Read:0x00000000 at 0xa00080bc
[13488.371551] PUF Read:0x00000000 at 0xa00080c0
[13488.371643] PUF Read:0x00000000 at 0xa00080c4
[13488.371643] PUF Read:0x00000000 at 0xa00080c8
[13488.371643] PUF Read:0x00000000 at 0xa00080cc
[13488.371643] PUF Read:0x40044000 at 0xa00080d0
[13488.371734] PUF Read:0x00000000 at 0xa00080d4
[13488.371734] PUF Read:0x00000000 at 0xa00080d8
[13488.371734] PUF Read:0x00000000 at 0xa00080dc
[13488.371734] PUF Read:0x01000000 at 0xa00080e0
[13488.371734] PUF Read:0x00000000 at 0xa00080e4
[13488.371734] PUF Read:0x00000000 at 0xa00080e8
[13488.371887] PUF Read:0x00000001 at 0xa00080ec
[13488.371887] PUF Read:0x00000000 at 0xa00080f0
[13488.371887] PUF Read:0x00000000 at 0xa00080f4
[13488.371887] PUF Read:0x00000100 at 0xa00080f8
[13488.371978] PUF Read:0x00000000 at 0xa00080fc
[13488.371978] PUF Read:0x00000000 at 0xa0008100
[13488.372039] PUF Read:0x00000000 at 0xa0008104
[13488.372070] PUF Read:0x00000000 at 0xa0008108
[13488.372070] PUF Read:0x00000000 at 0xa000810c
[13488.372070] PUF Read:0x00000000 at 0xa0008110
[13488.372131] PUF Read:0x00000000 at 0xa0008114
[13488.372131] PUF Read:0x00000000 at 0xa0008118
[13488.372192] PUF Read:0x00000000 at 0xa000811c
[13488.372222] PUF Read:0x00000000 at 0xa0008120
[13488.372222] PUF Read:0x00000400 at 0xa0008124
[13488.372222] PUF Read:0x00000040 at 0xa0008128
[13488.372283] PUF Read:0x00000000 at 0xa000812c
[13488.372283] PUF Read:0x00000000 at 0xa0008130
[13488.372344] PUF Read:0x00000000 at 0xa0008134
[13488.372375] PUF Read:0x00000000 at 0xa0008138
[13488.372375] PUF Read:0x00000000 at 0xa000813c
[13488.372375] PUF Read:0x00000400 at 0xa0008140
[13488.372436] PUF Read:0x00000000 at 0xa0008144
[13488.372436] PUF Read:0x00100400 at 0xa0008148
[13488.372497] PUF Read:0x00000000 at 0xa000814c
[13488.372528] PUF Read:0x00000000 at 0xa0008150
[13488.372528] PUF Read:0x00000000 at 0xa0008154
[13488.372528] PUF Read:0x00000000 at 0xa0008158
[13488.372589] PUF Read:0x00000040 at 0xa000815c
[13488.372589] PUF Read:0x00000000 at 0xa0008160
[13488.372650] PUF Read:0x00000000 at 0xa0008164
[13488.372680] PUF Read:0x00000000 at 0xa0008168
[13488.372680] PUF Read:0x00400000 at 0xa000816c
[13488.372680] PUF Read:0x00000000 at 0xa0008170
[13488.372741] PUF Read:0x00000000 at 0xa0008174
[13488.372741] PUF Read:0x00000000 at 0xa0008178
[13488.372802] PUF Read:0x00000000 at 0xa000817c
[13488.372833] PUF Read:0x00000000 at 0xa0008180
[13488.372833] PUF Read:0x00000000 at 0xa0008184
[13488.372833] PUF Read:0x00000000 at 0xa0008188
[13488.372894] PUF Read:0x00000000 at 0xa000818c
[13488.372894] PUF Read:0x00000000 at 0xa0008190
[13488.372955] PUF Read:0x40000000 at 0xa0008194
[13488.372985] PUF Read:0x00000000 at 0xa0008198
[13488.372985] PUF Read:0x00000000 at 0xa000819c
[13488.372985] PUF Read:0x00000000 at 0xa00081a0
[13488.373046] PUF Read:0x00000000 at 0xa00081a4
[13488.373046] PUF Read:0x00000000 at 0xa00081a8
[13488.373107] PUF Read:0x00000000 at 0xa00081ac
[13488.373138] PUF Read:0x00410000 at 0xa00081b0
[13488.373168] PUF Read:0x00000000 at 0xa00081b4
[13488.373168] PUF Read:0x00000000 at 0xa00081b8
[13488.373229] PUF Read:0x00000000 at 0xa00081bc
[13488.373229] PUF Read:0x00000000 at 0xa00081c0
[13488.373229] PUF Read:0x00000004 at 0xa00081c4
[13488.373291] PUF Read:0x00000000 at 0xa00081c8
[13488.373321] PUF Read:0x00010000 at 0xa00081cc
[13488.373321] PUF Read:0x10000000 at 0xa00081d0
[13488.373382] PUF Read:0x00000000 at 0xa00081d4
[13488.373382] PUF Read:0x00000000 at 0xa00081d8
[13488.373382] PUF Read:0x00000000 at 0xa00081dc
[13488.373443] PUF Read:0x00000000 at 0xa00081e0
[13488.373474] PUF Read:0x00000040 at 0xa00081e4
[13488.373474] PUF Read:0x00000000 at 0xa00081e8
[13488.373535] PUF Read:0x00000000 at 0xa00081ec
[13488.373535] PUF Read:0x00000000 at 0xa00081f0
[13488.373535] PUF Read:0x00000400 at 0xa00081f4
[13488.373596] PUF Read:0x00000000 at 0xa00081f8
[13488.373626] PUF Read:0x00000000 at 0xa00081fc
[13488.373626] PUF Read:0x00000000 at 0xa0008200
[13488.373687] PUF Read:0x00000000 at 0xa0008204
[13488.373687] PUF Read:0x00000000 at 0xa0008208
[13488.373687] PUF Read:0x00000000 at 0xa000820c
[13488.373748] PUF Read:0x00000000 at 0xa0008210
[13488.373779] PUF Read:0x00000000 at 0xa0008214
[13488.373779] PUF Read:0x00000000 at 0xa0008218
[13488.373779] PUF Read:0x00000000 at 0xa000821c
[13488.373840] PUF Read:0x00000000 at 0xa0008220
[13488.373840] PUF Read:0x00000000 at 0xa0008224
[13488.373901] PUF Read:0x00000000 at 0xa0008228
[13488.373931] PUF Read:0x00000000 at 0xa000822c
[13488.373931] PUF Read:0x00000000 at 0xa0008230
[13488.373931] PUF Read:0x00400000 at 0xa0008234
[13488.373992] PUF Read:0x00000000 at 0xa0008238
[13488.373992] PUF Read:0x00000000 at 0xa000823c
[13488.374053] PUF Read:0x00000000 at 0xa0008240
[13488.374084] PUF Read:0x00000000 at 0xa0008244
[13488.374084] PUF Read:0x00000000 at 0xa0008248
[13488.374084] PUF Read:0x00000000 at 0xa000824c
[13488.374145] PUF Read:0x00000000 at 0xa0008250
[13488.374145] PUF Read:0x00100000 at 0xa0008254
[13488.374206] PUF Read:0x00000000 at 0xa0008258
[13488.374237] PUF Read:0x00040000 at 0xa000825c
[13488.374237] PUF Read:0x00000000 at 0xa0008260
[13488.374298] PUF Read:0x00000000 at 0xa0008264
[13488.374298] PUF Read:0x00000000 at 0xa0008268
[13488.374298] PUF Read:0x00000000 at 0xa000826c
[13488.374359] PUF Read:0x00000000 at 0xa0008270
[13488.374389] PUF Read:0x00000000 at 0xa0008274
[13488.374389] PUF Read:0x00000000 at 0xa0008278
[13488.374389] PUF Read:0x00000000 at 0xa000827c
[13488.374450] PUF Read:0x00000000 at 0xa0008280
[13488.374450] PUF Read:0x00000000 at 0xa0008284
[13488.374511] PUF Read:0x00000000 at 0xa0008288
[13488.374542] PUF Read:0x00000000 at 0xa000828c
[13488.374542] PUF Read:0x00000000 at 0xa0008290
[13488.374542] PUF Read:0x00000000 at 0xa0008294
[13488.374603] PUF Read:0x00000000 at 0xa0008298
[13488.374603] PUF Read:0x00000000 at 0xa000829c
[13488.374603] PUF Read:0x00000000 at 0xa00082a0
[13488.374694] PUF Read:0x00001000 at 0xa00082a4
[13488.374725] PUF Read:0x00000000 at 0xa00082a8
[13488.374725] PUF Read:0x00000000 at 0xa00082ac
[13488.374725] PUF Read:0x00000000 at 0xa00082b0
[13488.374786] PUF Read:0x00000000 at 0xa00082b4
[13488.374786] PUF Read:0x00000040 at 0xa00082b8
[13488.374847] PUF Read:0x00000000 at 0xa00082bc
[13488.374877] PUF Read:0x00000000 at 0xa00082c0
[13488.374877] PUF Read:0x00000000 at 0xa00082c4
[13488.374877] PUF Read:0x10000000 at 0xa00082c8
[13488.374938] PUF Read:0x00000000 at 0xa00082cc
[13488.374938] PUF Read:0x00100000 at 0xa00082d0
[13488.375000] PUF Read:0x00000000 at 0xa00082d4
[13488.375030] PUF Read:0x00000000 at 0xa00082d8
[13488.375030] PUF Read:0x00000000 at 0xa00082dc
[13488.375030] PUF Read:0x00000000 at 0xa00082e0
[13488.375091] PUF Read:0x00000400 at 0xa00082e4
[13488.375091] PUF Read:0x00000000 at 0xa00082e8
[13488.375152] PUF Read:0x00000001 at 0xa00082ec
[13488.375183] PUF Read:0x00000000 at 0xa00082f0
[13488.375183] PUF Read:0x00000000 at 0xa00082f4
[13488.375183] PUF Read:0x00000000 at 0xa00082f8
[13488.375244] PUF Read:0x00000000 at 0xa00082fc
[13488.375244] PUF Read:0x00000000 at 0xa0008300
[13488.375305] PUF Read:0x00000000 at 0xa0008304
[13488.375335] PUF Read:0x00000000 at 0xa0008308
[13488.375335] PUF Read:0x00000000 at 0xa000830c
[13488.375335] PUF Read:0x00000000 at 0xa0008310
[13488.375396] PUF Read:0x00000000 at 0xa0008314
[13488.375396] PUF Read:0x01000000 at 0xa0008318
[13488.375457] PUF Read:0x10000000 at 0xa000831c
[13488.375488] PUF Read:0x00000000 at 0xa0008320
[13488.375488] PUF Read:0x00000000 at 0xa0008324
[13488.375549] PUF Read:0x00000000 at 0xa0008328
[13488.375549] PUF Read:0x00000000 at 0xa000832c
[13488.375549] PUF Read:0x00000004 at 0xa0008330
[13488.375610] PUF Read:0x00000000 at 0xa0008334
[13488.375640] PUF Read:0x00000000 at 0xa0008338
[13488.375640] PUF Read:0x00000000 at 0xa000833c
[13488.375701] PUF Read:0x00000000 at 0xa0008340
[13488.375701] PUF Read:0x00000000 at 0xa0008344
[13488.375701] PUF Read:0x00000000 at 0xa0008348
[13488.375762] PUF Read:0x00000000 at 0xa000834c
[13488.375793] PUF Read:0x00000000 at 0xa0008350
[13488.375793] PUF Read:0x00000000 at 0xa0008354
[13488.375793] PUF Read:0x00000000 at 0xa0008358
[13488.375793] PUF Read:0x00000000 at 0xa000835c
[13488.375793] PUF Read:0x00010000 at 0xa0008360
[13488.375793] PUF Read:0x00000000 at 0xa0008364
[13488.375946] PUF Read:0x00000000 at 0xa0008368
[13488.375946] PUF Read:0x00000000 at 0xa000836c
[13488.375946] PUF Read:0x00000000 at 0xa0008370
[13488.375946] PUF Read:0x00000000 at 0xa0008374
[13488.375946] PUF Read:0x00000000 at 0xa0008378
[13488.375946] PUF Read:0x00000000 at 0xa000837c
[13488.376098] PUF Read:0x00000000 at 0xa0008380
[13488.376098] PUF Read:0x00000000 at 0xa0008384
[13488.376098] PUF Read:0x00000000 at 0xa0008388
[13488.376098] PUF Read:0x00000000 at 0xa000838c
[13488.376098] PUF Read:0x00000001 at 0xa0008390
[13488.376098] PUF Read:0x00000100 at 0xa0008394
[13488.376098] PUF Read:0x00000000 at 0xa0008398
[13488.376281] PUF Read:0x00000000 at 0xa000839c
[13488.376281] PUF Read:0x00000000 at 0xa00083a0
[13488.376281] PUF Read:0x00000000 at 0xa00083a4
[13488.376281] PUF Read:0x00000000 at 0xa00083a8
[13488.376281] PUF Read:0x00000000 at 0xa00083ac
[13488.376281] PUF Read:0x00000000 at 0xa00083b0
[13488.376434] PUF Read:0x00000000 at 0xa00083b4
[13488.376434] PUF Read:0x00000000 at 0xa00083b8
[13488.376434] PUF Read:0x00000000 at 0xa00083bc
[13488.376434] PUF Read:0x00000000 at 0xa00083c0
[13488.376434] PUF Read:0x04000000 at 0xa00083c4
[13488.376556] PUF Read:0x00000000 at 0xa00083c8
[13488.376586] PUF Read:0x00000000 at 0xa00083cc
[13488.376586] PUF Read:0x00000000 at 0xa00083d0
[13488.376647] PUF Read:0x00010000 at 0xa00083d4
[13488.376647] PUF Read:0x00000000 at 0xa00083d8
[13488.376647] PUF Read:0x00000000 at 0xa00083dc
[13488.376708] PUF Read:0x00100004 at 0xa00083e0
[13488.376739] PUF Read:0x10000000 at 0xa00083e4
[13488.376739] PUF Read:0x00000000 at 0xa00083e8
[13488.376739] PUF Read:0x00000000 at 0xa00083ec
[13488.376800] PUF Read:0x00000000 at 0xa00083f0
[13488.376800] PUF Read:0x00000000 at 0xa00083f4
[13488.376861] PUF Read:0x00000004 at 0xa00083f8
[13488.376892] PUF Read:0x00040000 at 0xa00083fc
[13488.376892] [i] Finished PUF read-out
[13488.376922] <6>[i] Finished PUF query for decaytime: 7680
[13488.376922] [i] Start decaytime: 120
[13488.376953] EMIF 2 REG Write 0x80000000 at 0x4d000010
[13488.376953] EMIF 2 REG Read 0x80000000 at 0x4d000010
[13488.376983] EMIF 2 REG Write 0x80000000 at 0x4d000014
[13488.376983] EMIF 2 REG Read 0x00000000 at 0x4d000014
[13488.376983] EMIF 2 REG Write 0x08016893 at 0x4d0000cc
[13488.377014] EMIF 2 REG Read 0x08016893 at 0x4d0000cc
[13488.377014] Temp polling alert disabled
[13488.377014] Refresh Disabled at EMIF2
[13488.377044] [i] Initialiting PUF & hammer rows
[13488.377044] [i] Single-Sided Rowhammer (SSRH)
[13488.378356] [i] Finished initialiting PUF & hammer rows
[13488.383819] [i]	Timer elapsed since its reset 0 sec
[13488.383819] [i] Decay: 120 sec
[13488.383850] [i]	Relative Decay: 0 msec
