[ 3029.910827] [i] Total hammer attempts per row: 1862941
[ 3029.910827] EMIF 2 REG Write 0x00000618 at 0x4d000010
[ 3029.910827] EMIF 2 REG Read 0x00000618 at 0x4d000010
[ 3029.910888] EMIF 2 REG Write 0x00000618 at 0x4d000014
[ 3029.910888] EMIF 2 REG Read 0x00000618 at 0x4d000014
[ 3029.910919] EMIF 2 REG Write 0x58016893 at 0x4d0000cc
[ 3029.910919] EMIF 2 REG Read 0x58016893 at 0x4d0000cc
[ 3029.910949] Temp polling alert enabled
[ 3029.910949] Refresh enabled at EMIF2
[ 3029.910949] [i] Starting PUF read-out
[ 3029.910980] [i] Single-Sided Rowhammer (SSRH)
[ 3029.910980] PUF Read:0x00000000 at 0xa0008000
[ 3029.910980] PUF Read:0x00000000 at 0xa0008004
[ 3029.910980] PUF Read:0x00000000 at 0xa0008008
[ 3029.911071] PUF Read:0x00000000 at 0xa000800c
[ 3029.911102] PUF Read:0x00000000 at 0xa0008010
[ 3029.911102] PUF Read:0x00000100 at 0xa0008014
[ 3029.911102] PUF Read:0x00000000 at 0xa0008018
[ 3029.911163] PUF Read:0x00000000 at 0xa000801c
[ 3029.911163] PUF Read:0x00000000 at 0xa0008020
[ 3029.911224] PUF Read:0x00000000 at 0xa0008024
[ 3029.911254] PUF Read:0x00000000 at 0xa0008028
[ 3029.911254] PUF Read:0x00000000 at 0xa000802c
[ 3029.911254] PUF Read:0x00000000 at 0xa0008030
[ 3029.911315] PUF Read:0x00000000 at 0xa0008034
[ 3029.911315] PUF Read:0x00000000 at 0xa0008038
[ 3029.911376] PUF Read:0x00000000 at 0xa000803c
[ 3029.911407] PUF Read:0x00000001 at 0xa0008040
[ 3029.911407] PUF Read:0x00004000 at 0xa0008044
[ 3029.911468] PUF Read:0x00000000 at 0xa0008048
[ 3029.911468] PUF Read:0x00000000 at 0xa000804c
[ 3029.911468] PUF Read:0x00000000 at 0xa0008050
[ 3029.911529] PUF Read:0x00000000 at 0xa0008054
[ 3029.911560] PUF Read:0x00000000 at 0xa0008058
[ 3029.911560] PUF Read:0x00000000 at 0xa000805c
[ 3029.911560] PUF Read:0x00000000 at 0xa0008060
[ 3029.911621] PUF Read:0x00000000 at 0xa0008064
[ 3029.911621] PUF Read:0x00000000 at 0xa0008068
[ 3029.911621] PUF Read:0x00000000 at 0xa000806c
[ 3029.911712] PUF Read:0x00000000 at 0xa0008070
[ 3029.911743] PUF Read:0x00000000 at 0xa0008074
[ 3029.911743] PUF Read:0x00000000 at 0xa0008078
[ 3029.911743] PUF Read:0x00000000 at 0xa000807c
[ 3029.911804] PUF Read:0x00000000 at 0xa0008080
[ 3029.911804] PUF Read:0x00000000 at 0xa0008084
[ 3029.911865] PUF Read:0x00000000 at 0xa0008088
[ 3029.911895] PUF Read:0x00000000 at 0xa000808c
[ 3029.911895] PUF Read:0x00000000 at 0xa0008090
[ 3029.911895] PUF Read:0x00000000 at 0xa0008094
[ 3029.911956] PUF Read:0x00010000 at 0xa0008098
[ 3029.911956] PUF Read:0x00000000 at 0xa000809c
[ 3029.912017] PUF Read:0x00000000 at 0xa00080a0
[ 3029.912048] PUF Read:0x00000000 at 0xa00080a4
[ 3029.912048] PUF Read:0x00000000 at 0xa00080a8
[ 3029.912048] PUF Read:0x00000040 at 0xa00080ac
[ 3029.912109] PUF Read:0x00000000 at 0xa00080b0
[ 3029.912109] PUF Read:0x00000000 at 0xa00080b4
[ 3029.912170] PUF Read:0x00000000 at 0xa00080b8
[ 3029.912200] PUF Read:0x00000000 at 0xa00080bc
[ 3029.912200] PUF Read:0x00000000 at 0xa00080c0
[ 3029.912200] PUF Read:0x00000000 at 0xa00080c4
[ 3029.912261] PUF Read:0x00000000 at 0xa00080c8
[ 3029.912261] PUF Read:0x00000000 at 0xa00080cc
[ 3029.912322] PUF Read:0x40000000 at 0xa00080d0
[ 3029.912353] PUF Read:0x00000000 at 0xa00080d4
[ 3029.912353] PUF Read:0x00000000 at 0xa00080d8
[ 3029.912353] PUF Read:0x00000000 at 0xa00080dc
[ 3029.912353] PUF Read:0x01000000 at 0xa00080e0
[ 3029.912353] PUF Read:0x00000000 at 0xa00080e4
[ 3029.912475] PUF Read:0x00000000 at 0xa00080e8
[ 3029.912475] PUF Read:0x00000001 at 0xa00080ec
[ 3029.912475] PUF Read:0x00000000 at 0xa00080f0
[ 3029.912475] PUF Read:0x00000000 at 0xa00080f4
[ 3029.912475] PUF Read:0x00000000 at 0xa00080f8
[ 3029.912475] PUF Read:0x00000000 at 0xa00080fc
[ 3029.912628] PUF Read:0x00000000 at 0xa0008100
[ 3029.912628] PUF Read:0x00000000 at 0xa0008104
[ 3029.912689] PUF Read:0x00000000 at 0xa0008108
[ 3029.912689] PUF Read:0x00000000 at 0xa000810c
[ 3029.912689] PUF Read:0x00000000 at 0xa0008110
[ 3029.912750] PUF Read:0x00000000 at 0xa0008114
[ 3029.912780] PUF Read:0x00000000 at 0xa0008118
[ 3029.912780] PUF Read:0x00000000 at 0xa000811c
[ 3029.912780] PUF Read:0x00000000 at 0xa0008120
[ 3029.912841] PUF Read:0x00000000 at 0xa0008124
[ 3029.912841] PUF Read:0x00000000 at 0xa0008128
[ 3029.912902] PUF Read:0x00000000 at 0xa000812c
[ 3029.912933] PUF Read:0x00000000 at 0xa0008130
[ 3029.912933] PUF Read:0x00000000 at 0xa0008134
[ 3029.912933] PUF Read:0x00000000 at 0xa0008138
[ 3029.912994] PUF Read:0x00000000 at 0xa000813c
[ 3029.912994] PUF Read:0x00000000 at 0xa0008140
[ 3029.913055] PUF Read:0x00000000 at 0xa0008144
[ 3029.913085] PUF Read:0x00100400 at 0xa0008148
[ 3029.913085] PUF Read:0x00000000 at 0xa000814c
[ 3029.913085] PUF Read:0x00000000 at 0xa0008150
[ 3029.913146] PUF Read:0x00000000 at 0xa0008154
[ 3029.913146] PUF Read:0x00000000 at 0xa0008158
[ 3029.913146] PUF Read:0x00000040 at 0xa000815c
[ 3029.913238] PUF Read:0x00000000 at 0xa0008160
[ 3029.913238] PUF Read:0x00000000 at 0xa0008164
[ 3029.913238] PUF Read:0x00000000 at 0xa0008168
[ 3029.913238] PUF Read:0x00400000 at 0xa000816c
[ 3029.913238] PUF Read:0x00000000 at 0xa0008170
[ 3029.913238] PUF Read:0x00000000 at 0xa0008174
[ 3029.913391] PUF Read:0x00000000 at 0xa0008178
[ 3029.913391] PUF Read:0x00000000 at 0xa000817c
[ 3029.913391] PUF Read:0x00000000 at 0xa0008180
[ 3029.913391] PUF Read:0x00000000 at 0xa0008184
[ 3029.913391] PUF Read:0x00000000 at 0xa0008188
[ 3029.913513] PUF Read:0x00000000 at 0xa000818c
[ 3029.913543] PUF Read:0x00000000 at 0xa0008190
[ 3029.913543] PUF Read:0x00000000 at 0xa0008194
[ 3029.913543] PUF Read:0x00000000 at 0xa0008198
[ 3029.913604] PUF Read:0x00000000 at 0xa000819c
[ 3029.913604] PUF Read:0x00000000 at 0xa00081a0
[ 3029.913665] PUF Read:0x00000000 at 0xa00081a4
[ 3029.913696] PUF Read:0x00000000 at 0xa00081a8
[ 3029.913696] PUF Read:0x00000000 at 0xa00081ac
[ 3029.913696] PUF Read:0x00400000 at 0xa00081b0
[ 3029.913757] PUF Read:0x00000000 at 0xa00081b4
[ 3029.913757] PUF Read:0x00000000 at 0xa00081b8
[ 3029.913818] PUF Read:0x00000000 at 0xa00081bc
[ 3029.913848] PUF Read:0x00000000 at 0xa00081c0
[ 3029.913848] PUF Read:0x00000004 at 0xa00081c4
[ 3029.913848] PUF Read:0x00000000 at 0xa00081c8
[ 3029.913848] PUF Read:0x00000000 at 0xa00081cc
[ 3029.913848] PUF Read:0x10000000 at 0xa00081d0
[ 3029.913970] PUF Read:0x00000000 at 0xa00081d4
[ 3029.913970] PUF Read:0x00000000 at 0xa00081d8
[ 3029.913970] PUF Read:0x00000000 at 0xa00081dc
[ 3029.913970] PUF Read:0x00000000 at 0xa00081e0
[ 3029.913970] PUF Read:0x00000040 at 0xa00081e4
[ 3029.913970] PUF Read:0x00000000 at 0xa00081e8
[ 3029.914123] PUF Read:0x00000000 at 0xa00081ec
[ 3029.914123] PUF Read:0x00000000 at 0xa00081f0
[ 3029.914184] PUF Read:0x00000400 at 0xa00081f4
[ 3029.914184] PUF Read:0x00000000 at 0xa00081f8
[ 3029.914184] PUF Read:0x00000000 at 0xa00081fc
[ 3029.914245] PUF Read:0x00000000 at 0xa0008200
[ 3029.914276] PUF Read:0x00000000 at 0xa0008204
[ 3029.914276] PUF Read:0x00000000 at 0xa0008208
[ 3029.914276] PUF Read:0x00000000 at 0xa000820c
[ 3029.914337] PUF Read:0x00000000 at 0xa0008210
[ 3029.914337] PUF Read:0x00000000 at 0xa0008214
[ 3029.914398] PUF Read:0x00000000 at 0xa0008218
[ 3029.914428] PUF Read:0x00000000 at 0xa000821c
[ 3029.914428] PUF Read:0x00000000 at 0xa0008220
[ 3029.914428] PUF Read:0x00000000 at 0xa0008224
[ 3029.914489] PUF Read:0x00000000 at 0xa0008228
[ 3029.914489] PUF Read:0x00000000 at 0xa000822c
[ 3029.914550] PUF Read:0x00000000 at 0xa0008230
[ 3029.914550] PUF Read:0x00400000 at 0xa0008234
[ 3029.914550] PUF Read:0x00000000 at 0xa0008238
[ 3029.914550] PUF Read:0x00000000 at 0xa000823c
[ 3029.914550] PUF Read:0x00000000 at 0xa0008240
[ 3029.914550] PUF Read:0x00000000 at 0xa0008244
[ 3029.914703] PUF Read:0x00000000 at 0xa0008248
[ 3029.914733] PUF Read:0x00000000 at 0xa000824c
[ 3029.914733] PUF Read:0x00000000 at 0xa0008250
[ 3029.914794] PUF Read:0x00000000 at 0xa0008254
[ 3029.914794] PUF Read:0x00000000 at 0xa0008258
[ 3029.914794] PUF Read:0x00000000 at 0xa000825c
[ 3029.914855] PUF Read:0x00000000 at 0xa0008260
[ 3029.914886] PUF Read:0x00000000 at 0xa0008264
[ 3029.914886] PUF Read:0x00000000 at 0xa0008268
[ 3029.914886] PUF Read:0x00000000 at 0xa000826c
[ 3029.914947] PUF Read:0x00000000 at 0xa0008270
[ 3029.914947] PUF Read:0x00000000 at 0xa0008274
[ 3029.915008] PUF Read:0x00000000 at 0xa0008278
[ 3029.915039] PUF Read:0x00000000 at 0xa000827c
[ 3029.915039] PUF Read:0x00000000 at 0xa0008280
[ 3029.915039] PUF Read:0x00000000 at 0xa0008284
[ 3029.915100] PUF Read:0x00000000 at 0xa0008288
[ 3029.915100] PUF Read:0x00000000 at 0xa000828c
[ 3029.915161] PUF Read:0x00000000 at 0xa0008290
[ 3029.915161] PUF Read:0x00000000 at 0xa0008294
[ 3029.915222] PUF Read:0x00000000 at 0xa0008298
[ 3029.915222] PUF Read:0x00000000 at 0xa000829c
[ 3029.915222] PUF Read:0x00000000 at 0xa00082a0
[ 3029.915283] PUF Read:0x00000000 at 0xa00082a4
[ 3029.915313] PUF Read:0x00000000 at 0xa00082a8
[ 3029.915313] PUF Read:0x00000000 at 0xa00082ac
[ 3029.915313] PUF Read:0x00000000 at 0xa00082b0
[ 3029.915374] PUF Read:0x00000000 at 0xa00082b4
[ 3029.915374] PUF Read:0x00000040 at 0xa00082b8
[ 3029.915435] PUF Read:0x00000000 at 0xa00082bc
[ 3029.915466] PUF Read:0x00000000 at 0xa00082c0
[ 3029.915466] PUF Read:0x00000000 at 0xa00082c4
[ 3029.915466] PUF Read:0x10000000 at 0xa00082c8
[ 3029.915527] PUF Read:0x00000000 at 0xa00082cc
[ 3029.915527] PUF Read:0x00000000 at 0xa00082d0
[ 3029.915588] PUF Read:0x00000000 at 0xa00082d4
[ 3029.915618] PUF Read:0x00000000 at 0xa00082d8
[ 3029.915618] PUF Read:0x00000000 at 0xa00082dc
[ 3029.915618] PUF Read:0x00000000 at 0xa00082e0
[ 3029.915679] PUF Read:0x00000400 at 0xa00082e4
[ 3029.915679] PUF Read:0x00000000 at 0xa00082e8
[ 3029.915740] PUF Read:0x00000000 at 0xa00082ec
[ 3029.915771] PUF Read:0x00000000 at 0xa00082f0
[ 3029.915771] PUF Read:0x00000000 at 0xa00082f4
[ 3029.915771] PUF Read:0x00000000 at 0xa00082f8
[ 3029.915771] PUF Read:0x00000000 at 0xa00082fc
[ 3029.915771] PUF Read:0x00000000 at 0xa0008300
[ 3029.915893] PUF Read:0x00000000 at 0xa0008304
[ 3029.915893] PUF Read:0x00000000 at 0xa0008308
[ 3029.915893] PUF Read:0x00000000 at 0xa000830c
[ 3029.915893] PUF Read:0x00000000 at 0xa0008310
[ 3029.915893] PUF Read:0x00000000 at 0xa0008314
[ 3029.916015] PUF Read:0x00000000 at 0xa0008318
[ 3029.916046] PUF Read:0x10000000 at 0xa000831c
[ 3029.916046] PUF Read:0x00000000 at 0xa0008320
[ 3029.916046] PUF Read:0x00000000 at 0xa0008324
[ 3029.916107] PUF Read:0x00000000 at 0xa0008328
[ 3029.916107] PUF Read:0x00000000 at 0xa000832c
[ 3029.916168] PUF Read:0x00000004 at 0xa0008330
[ 3029.916198] PUF Read:0x00000000 at 0xa0008334
[ 3029.916198] PUF Read:0x00000000 at 0xa0008338
[ 3029.916198] PUF Read:0x00000000 at 0xa000833c
[ 3029.916198] PUF Read:0x00000000 at 0xa0008340
[ 3029.916198] PUF Read:0x00000000 at 0xa0008344
[ 3029.916198] PUF Read:0x00000000 at 0xa0008348
[ 3029.916351] PUF Read:0x00000000 at 0xa000834c
[ 3029.916351] PUF Read:0x00000000 at 0xa0008350
[ 3029.916351] PUF Read:0x00000000 at 0xa0008354
[ 3029.916351] PUF Read:0x00000000 at 0xa0008358
[ 3029.916351] PUF Read:0x00000000 at 0xa000835c
[ 3029.916351] PUF Read:0x00010000 at 0xa0008360
[ 3029.916503] PUF Read:0x00000000 at 0xa0008364
[ 3029.916534] PUF Read:0x00000000 at 0xa0008368
[ 3029.916534] PUF Read:0x00000000 at 0xa000836c
[ 3029.917602] PUF Read:0x00000000 at 0xa0008370
[ 3029.917633] PUF Read:0x00000000 at 0xa0008374
[ 3029.917633] PUF Read:0x00000000 at 0xa0008378
[ 3029.917633] PUF Read:0x00000000 at 0xa000837c
[ 3029.917694] PUF Read:0x00000000 at 0xa0008380
[ 3029.917694] PUF Read:0x00000000 at 0xa0008384
[ 3029.917755] PUF Read:0x00000000 at 0xa0008388
[ 3029.917785] PUF Read:0x00000000 at 0xa000838c
[ 3029.917785] PUF Read:0x00000000 at 0xa0008390
[ 3029.917785] PUF Read:0x00000000 at 0xa0008394
[ 3029.917846] PUF Read:0x00000000 at 0xa0008398
[ 3029.917846] PUF Read:0x00000000 at 0xa000839c
[ 3029.917907] PUF Read:0x00000000 at 0xa00083a0
[ 3029.917907] PUF Read:0x00000000 at 0xa00083a4
[ 3029.917907] PUF Read:0x00000000 at 0xa00083a8
[ 3029.917907] PUF Read:0x00000000 at 0xa00083ac
[ 3029.917907] PUF Read:0x00000000 at 0xa00083b0
[ 3029.917907] PUF Read:0x00000000 at 0xa00083b4
[ 3029.918060] PUF Read:0x00000000 at 0xa00083b8
[ 3029.918060] PUF Read:0x00000000 at 0xa00083bc
[ 3029.918121] PUF Read:0x00000000 at 0xa00083c0
[ 3029.918121] PUF Read:0x00000000 at 0xa00083c4
[ 3029.918121] PUF Read:0x00000000 at 0xa00083c8
[ 3029.918182] PUF Read:0x00000000 at 0xa00083cc
[ 3029.918212] PUF Read:0x00000000 at 0xa00083d0
[ 3029.918212] PUF Read:0x00010000 at 0xa00083d4
[ 3029.918273] PUF Read:0x00000000 at 0xa00083d8
[ 3029.918273] PUF Read:0x00000000 at 0xa00083dc
[ 3029.918273] PUF Read:0x00000000 at 0xa00083e0
[ 3029.918334] PUF Read:0x00000000 at 0xa00083e4
[ 3029.918365] PUF Read:0x00000000 at 0xa00083e8
[ 3029.918365] PUF Read:0x00000000 at 0xa00083ec
[ 3029.918365] PUF Read:0x00000000 at 0xa00083f0
[ 3029.918426] PUF Read:0x00000000 at 0xa00083f4
[ 3029.918426] PUF Read:0x00000004 at 0xa00083f8
[ 3029.918487] PUF Read:0x00040000 at 0xa00083fc
[ 3029.918518] [i] Finished PUF read-out
[ 3029.918518] <6>[i] Finished PUF query for decaytime: 7680
[ 3029.918518] [i] Start decaytime: 120
[ 3029.918548] EMIF 2 REG Write 0x80000000 at 0x4d000010
[ 3029.918548] EMIF 2 REG Read 0x80000000 at 0x4d000010
[ 3029.918579] EMIF 2 REG Write 0x80000000 at 0x4d000014
[ 3029.918579] EMIF 2 REG Read 0x00000000 at 0x4d000014
[ 3029.918609] EMIF 2 REG Write 0x08016893 at 0x4d0000cc
[ 3029.918609] EMIF 2 REG Read 0x08016893 at 0x4d0000cc
[ 3029.918609] Temp polling alert disabled
[ 3029.918640] Refresh Disabled at EMIF2
[ 3029.918640] [i] Initialiting PUF & hammer rows
[ 3029.918640] [i] Single-Sided Rowhammer (SSRH)
[ 3029.924346] [i] Finished initialiting PUF & hammer rows
[ 3029.925384] [i]	Timer elapsed since its reset 0 sec
[ 3029.925384] [i] Decay: 120 sec
[ 3029.925384] [i]	Relative Decay: 0 msec
