[34225.401672] [i] Total hammer attempts per row: 1864053
[34225.401672] EMIF 2 REG Write 0x00000618 at 0x4d000010
[34225.401672] EMIF 2 REG Read 0x00000618 at 0x4d000010
[34225.401733] EMIF 2 REG Write 0x00000618 at 0x4d000014
[34225.401733] EMIF 2 REG Read 0x00000618 at 0x4d000014
[34225.401733] EMIF 2 REG Write 0x58016893 at 0x4d0000cc
[34225.401763] EMIF 2 REG Read 0x58016893 at 0x4d0000cc
[34225.401763] Temp polling alert enabled
[34225.401763] Refresh enabled at EMIF2
[34225.401794] [i] Starting PUF read-out
[34225.401794] [i] Single-Sided Rowhammer (SSRH)
[34225.401824] PUF Read:0x00000000 at 0xa0008000
[34225.401824] PUF Read:0x00000000 at 0xa0008004
[34225.401824] PUF Read:0x00000000 at 0xa0008008
[34225.401824] PUF Read:0x00000000 at 0xa000800c
[34225.401916] PUF Read:0x00000000 at 0xa0008010
[34225.401916] PUF Read:0x00000100 at 0xa0008014
[34225.401916] PUF Read:0x00000000 at 0xa0008018
[34225.402008] PUF Read:0x00000000 at 0xa000801c
[34225.402038] PUF Read:0x00000000 at 0xa0008020
[34225.402038] PUF Read:0x00004000 at 0xa0008024
[34225.402038] PUF Read:0x00000000 at 0xa0008028
[34225.402099] PUF Read:0x00000000 at 0xa000802c
[34225.402099] PUF Read:0x00000000 at 0xa0008030
[34225.402160] PUF Read:0x00000000 at 0xa0008034
[34225.402191] PUF Read:0x00000000 at 0xa0008038
[34225.402191] PUF Read:0x00000000 at 0xa000803c
[34225.402191] PUF Read:0x00000001 at 0xa0008040
[34225.402191] PUF Read:0x00004000 at 0xa0008044
[34225.402282] PUF Read:0x00000000 at 0xa0008048
[34225.402282] PUF Read:0x00000000 at 0xa000804c
[34225.402343] PUF Read:0x00000000 at 0xa0008050
[34225.402374] PUF Read:0x00000000 at 0xa0008054
[34225.402374] PUF Read:0x00000000 at 0xa0008058
[34225.402374] PUF Read:0x00000000 at 0xa000805c
[34225.402435] PUF Read:0x00000000 at 0xa0008060
[34225.402435] PUF Read:0x00000000 at 0xa0008064
[34225.402496] PUF Read:0x00000000 at 0xa0008068
[34225.402526] PUF Read:0x00000000 at 0xa000806c
[34225.402526] PUF Read:0x00000000 at 0xa0008070
[34225.402526] PUF Read:0x00000000 at 0xa0008074
[34225.402587] PUF Read:0x00000000 at 0xa0008078
[34225.402587] PUF Read:0x00000000 at 0xa000807c
[34225.402648] PUF Read:0x00000000 at 0xa0008080
[34225.402648] PUF Read:0x00000000 at 0xa0008084
[34225.402648] PUF Read:0x00000000 at 0xa0008088
[34225.402648] PUF Read:0x00000000 at 0xa000808c
[34225.402648] PUF Read:0x00000000 at 0xa0008090
[34225.402648] PUF Read:0x00000000 at 0xa0008094
[34225.402801] PUF Read:0x00010000 at 0xa0008098
[34225.402801] PUF Read:0x00000000 at 0xa000809c
[34225.402801] PUF Read:0x00000000 at 0xa00080a0
[34225.402801] PUF Read:0x00000000 at 0xa00080a4
[34225.402801] PUF Read:0x00000000 at 0xa00080a8
[34225.402923] PUF Read:0x00000000 at 0xa00080ac
[34225.402954] PUF Read:0x00000000 at 0xa00080b0
[34225.402954] PUF Read:0x00000000 at 0xa00080b4
[34225.402954] PUF Read:0x00004000 at 0xa00080b8
[34225.403015] PUF Read:0x00000000 at 0xa00080bc
[34225.403015] PUF Read:0x00000000 at 0xa00080c0
[34225.403076] PUF Read:0x00000000 at 0xa00080c4
[34225.403106] PUF Read:0x00000000 at 0xa00080c8
[34225.403106] PUF Read:0x00000000 at 0xa00080cc
[34225.403106] PUF Read:0x40000000 at 0xa00080d0
[34225.403167] PUF Read:0x00000000 at 0xa00080d4
[34225.403167] PUF Read:0x00000000 at 0xa00080d8
[34225.403228] PUF Read:0x00000000 at 0xa00080dc
[34225.403259] PUF Read:0x01000000 at 0xa00080e0
[34225.403259] PUF Read:0x00000000 at 0xa00080e4
[34225.403259] PUF Read:0x00000000 at 0xa00080e8
[34225.403320] PUF Read:0x00000001 at 0xa00080ec
[34225.403320] PUF Read:0x00000000 at 0xa00080f0
[34225.403381] PUF Read:0x00000000 at 0xa00080f4
[34225.403411] PUF Read:0x00000000 at 0xa00080f8
[34225.403411] PUF Read:0x00000000 at 0xa00080fc
[34225.403411] PUF Read:0x00000000 at 0xa0008100
[34225.403472] PUF Read:0x00000000 at 0xa0008104
[34225.403472] PUF Read:0x00000000 at 0xa0008108
[34225.403533] PUF Read:0x00000000 at 0xa000810c
[34225.403564] PUF Read:0x00000000 at 0xa0008110
[34225.403564] PUF Read:0x00000000 at 0xa0008114
[34225.403564] PUF Read:0x00000000 at 0xa0008118
[34225.403564] PUF Read:0x00000000 at 0xa000811c
[34225.403564] PUF Read:0x00000000 at 0xa0008120
[34225.403686] PUF Read:0x00000000 at 0xa0008124
[34225.403686] PUF Read:0x00000000 at 0xa0008128
[34225.403686] PUF Read:0x00000000 at 0xa000812c
[34225.403686] PUF Read:0x00000000 at 0xa0008130
[34225.403686] PUF Read:0x00000000 at 0xa0008134
[34225.403686] PUF Read:0x00000000 at 0xa0008138
[34225.403686] PUF Read:0x00000000 at 0xa000813c
[34225.403869] PUF Read:0x00000000 at 0xa0008140
[34225.403869] PUF Read:0x00000000 at 0xa0008144
[34225.403930] PUF Read:0x00100400 at 0xa0008148
[34225.403930] PUF Read:0x00000000 at 0xa000814c
[34225.403930] PUF Read:0x00000000 at 0xa0008150
[34225.403991] PUF Read:0x00000000 at 0xa0008154
[34225.404022] PUF Read:0x00000000 at 0xa0008158
[34225.404022] PUF Read:0x00000040 at 0xa000815c
[34225.404022] PUF Read:0x00000000 at 0xa0008160
[34225.404083] PUF Read:0x00000000 at 0xa0008164
[34225.404083] PUF Read:0x00000000 at 0xa0008168
[34225.404144] PUF Read:0x00400000 at 0xa000816c
[34225.404174] PUF Read:0x00000000 at 0xa0008170
[34225.404174] PUF Read:0x00000000 at 0xa0008174
[34225.404174] PUF Read:0x00000000 at 0xa0008178
[34225.404235] PUF Read:0x00000000 at 0xa000817c
[34225.404235] PUF Read:0x00000000 at 0xa0008180
[34225.404296] PUF Read:0x00000000 at 0xa0008184
[34225.404327] PUF Read:0x00000000 at 0xa0008188
[34225.404327] PUF Read:0x00000000 at 0xa000818c
[34225.404327] PUF Read:0x00000000 at 0xa0008190
[34225.404388] PUF Read:0x00000000 at 0xa0008194
[34225.404388] PUF Read:0x00000000 at 0xa0008198
[34225.404449] PUF Read:0x00000000 at 0xa000819c
[34225.404479] PUF Read:0x00000000 at 0xa00081a0
[34225.404479] PUF Read:0x00000000 at 0xa00081a4
[34225.404479] PUF Read:0x00000000 at 0xa00081a8
[34225.404479] PUF Read:0x00000000 at 0xa00081ac
[34225.404479] PUF Read:0x00400000 at 0xa00081b0
[34225.404602] PUF Read:0x00000000 at 0xa00081b4
[34225.404632] PUF Read:0x00000000 at 0xa00081b8
[34225.404632] PUF Read:0x00000000 at 0xa00081bc
[34225.404632] PUF Read:0x00000000 at 0xa00081c0
[34225.404632] PUF Read:0x00000004 at 0xa00081c4
[34225.404632] PUF Read:0x00000000 at 0xa00081c8
[34225.404754] PUF Read:0x00000000 at 0xa00081cc
[34225.404754] PUF Read:0x10000000 at 0xa00081d0
[34225.404754] PUF Read:0x00000000 at 0xa00081d4
[34225.404754] PUF Read:0x00000000 at 0xa00081d8
[34225.404754] PUF Read:0x00000000 at 0xa00081dc
[34225.404876] PUF Read:0x00000000 at 0xa00081e0
[34225.404907] PUF Read:0x00000040 at 0xa00081e4
[34225.404907] PUF Read:0x00000000 at 0xa00081e8
[34225.404907] PUF Read:0x00000000 at 0xa00081ec
[34225.404968] PUF Read:0x00000000 at 0xa00081f0
[34225.404968] PUF Read:0x00000400 at 0xa00081f4
[34225.405029] PUF Read:0x00000000 at 0xa00081f8
[34225.405059] PUF Read:0x00000000 at 0xa00081fc
[34225.405059] PUF Read:0x00000000 at 0xa0008200
[34225.405059] PUF Read:0x00000000 at 0xa0008204
[34225.405120] PUF Read:0x00000000 at 0xa0008208
[34225.405120] PUF Read:0x00000000 at 0xa000820c
[34225.405181] PUF Read:0x00000000 at 0xa0008210
[34225.405212] PUF Read:0x00000000 at 0xa0008214
[34225.405212] PUF Read:0x00000000 at 0xa0008218
[34225.405212] PUF Read:0x00000000 at 0xa000821c
[34225.405212] PUF Read:0x00000000 at 0xa0008220
[34225.405303] PUF Read:0x00000000 at 0xa0008224
[34225.405303] PUF Read:0x00000000 at 0xa0008228
[34225.405364] PUF Read:0x00000000 at 0xa000822c
[34225.405364] PUF Read:0x00000000 at 0xa0008230
[34225.405364] PUF Read:0x00400000 at 0xa0008234
[34225.405364] PUF Read:0x00000000 at 0xa0008238
[34225.405456] PUF Read:0x00000000 at 0xa000823c
[34225.405456] PUF Read:0x00000000 at 0xa0008240
[34225.405517] PUF Read:0x00000000 at 0xa0008244
[34225.405517] PUF Read:0x00000000 at 0xa0008248
[34225.405517] PUF Read:0x00000000 at 0xa000824c
[34225.405517] PUF Read:0x00000000 at 0xa0008250
[34225.405517] PUF Read:0x00100000 at 0xa0008254
[34225.405517] PUF Read:0x00000000 at 0xa0008258
[34225.405670] PUF Read:0x00000000 at 0xa000825c
[34225.405670] PUF Read:0x00000000 at 0xa0008260
[34225.405670] PUF Read:0x00000000 at 0xa0008264
[34225.405670] PUF Read:0x00000000 at 0xa0008268
[34225.405670] PUF Read:0x00000000 at 0xa000826c
[34225.405792] PUF Read:0x00000000 at 0xa0008270
[34225.405822] PUF Read:0x00000000 at 0xa0008274
[34225.405822] PUF Read:0x00000000 at 0xa0008278
[34225.405883] PUF Read:0x00000000 at 0xa000827c
[34225.405883] PUF Read:0x00000000 at 0xa0008280
[34225.405883] PUF Read:0x00000000 at 0xa0008284
[34225.405944] PUF Read:0x00000000 at 0xa0008288
[34225.405975] PUF Read:0x00000000 at 0xa000828c
[34225.405975] PUF Read:0x00000000 at 0xa0008290
[34225.405975] PUF Read:0x00000000 at 0xa0008294
[34225.406036] PUF Read:0x00000000 at 0xa0008298
[34225.406036] PUF Read:0x00000000 at 0xa000829c
[34225.406097] PUF Read:0x00000000 at 0xa00082a0
[34225.406127] PUF Read:0x00000000 at 0xa00082a4
[34225.406127] PUF Read:0x00000000 at 0xa00082a8
[34225.406127] PUF Read:0x00000000 at 0xa00082ac
[34225.406127] PUF Read:0x00000000 at 0xa00082b0
[34225.406127] PUF Read:0x00000000 at 0xa00082b4
[34225.406250] PUF Read:0x00000040 at 0xa00082b8
[34225.406250] PUF Read:0x00000000 at 0xa00082bc
[34225.406250] PUF Read:0x00000000 at 0xa00082c0
[34225.406250] PUF Read:0x00000000 at 0xa00082c4
[34225.406250] PUF Read:0x10000000 at 0xa00082c8
[34225.406372] PUF Read:0x00000000 at 0xa00082cc
[34225.406402] PUF Read:0x00000000 at 0xa00082d0
[34225.406402] PUF Read:0x00000000 at 0xa00082d4
[34225.406463] PUF Read:0x00000000 at 0xa00082d8
[34225.406463] PUF Read:0x00000000 at 0xa00082dc
[34225.406463] PUF Read:0x00000000 at 0xa00082e0
[34225.406524] PUF Read:0x00000400 at 0xa00082e4
[34225.406555] PUF Read:0x00000000 at 0xa00082e8
[34225.406555] PUF Read:0x00000000 at 0xa00082ec
[34225.406555] PUF Read:0x00000000 at 0xa00082f0
[34225.406616] PUF Read:0x00000000 at 0xa00082f4
[34225.406616] PUF Read:0x00000000 at 0xa00082f8
[34225.406677] PUF Read:0x00000000 at 0xa00082fc
[34225.406677] PUF Read:0x00000000 at 0xa0008300
[34225.406677] PUF Read:0x00000000 at 0xa0008304
[34225.406677] PUF Read:0x00000000 at 0xa0008308
[34225.406677] PUF Read:0x00000000 at 0xa000830c
[34225.406677] PUF Read:0x00000000 at 0xa0008310
[34225.406677] PUF Read:0x00000000 at 0xa0008314
[34225.406860] PUF Read:0x00000000 at 0xa0008318
[34225.406860] PUF Read:0x10000000 at 0xa000831c
[34225.406860] PUF Read:0x00000000 at 0xa0008320
[34225.406860] PUF Read:0x00000000 at 0xa0008324
[34225.406860] PUF Read:0x00000000 at 0xa0008328
[34225.406860] PUF Read:0x00000000 at 0xa000832c
[34225.407012] PUF Read:0x00000004 at 0xa0008330
[34225.407012] PUF Read:0x00000000 at 0xa0008334
[34225.407012] PUF Read:0x00000000 at 0xa0008338
[34225.407012] PUF Read:0x00000000 at 0xa000833c
[34225.407012] PUF Read:0x00000000 at 0xa0008340
[34225.407135] PUF Read:0x00000000 at 0xa0008344
[34225.407165] PUF Read:0x00000000 at 0xa0008348
[34225.407165] PUF Read:0x00000000 at 0xa000834c
[34225.407165] PUF Read:0x00000000 at 0xa0008350
[34225.407226] PUF Read:0x00000000 at 0xa0008354
[34225.407226] PUF Read:0x00000000 at 0xa0008358
[34225.407287] PUF Read:0x00000000 at 0xa000835c
[34225.407318] PUF Read:0x00010000 at 0xa0008360
[34225.407318] PUF Read:0x00000000 at 0xa0008364
[34225.407318] PUF Read:0x00000000 at 0xa0008368
[34225.407379] PUF Read:0x00000000 at 0xa000836c
[34225.407379] PUF Read:0x00000000 at 0xa0008370
[34225.407440] PUF Read:0x00000000 at 0xa0008374
[34225.407470] PUF Read:0x00000000 at 0xa0008378
[34225.407470] PUF Read:0x00000000 at 0xa000837c
[34225.407470] PUF Read:0x00000000 at 0xa0008380
[34225.407531] PUF Read:0x00000000 at 0xa0008384
[34225.407531] PUF Read:0x00000000 at 0xa0008388
[34225.407592] PUF Read:0x00000000 at 0xa000838c
[34225.407623] PUF Read:0x00000000 at 0xa0008390
[34225.407623] PUF Read:0x00000000 at 0xa0008394
[34225.407623] PUF Read:0x00000000 at 0xa0008398
[34225.407684] PUF Read:0x00000000 at 0xa000839c
[34225.407684] PUF Read:0x00000000 at 0xa00083a0
[34225.407745] PUF Read:0x00000000 at 0xa00083a4
[34225.407775] PUF Read:0x00000000 at 0xa00083a8
[34225.407775] PUF Read:0x00000000 at 0xa00083ac
[34225.407775] PUF Read:0x00000000 at 0xa00083b0
[34225.407836] PUF Read:0x00000000 at 0xa00083b4
[34225.407836] PUF Read:0x00000000 at 0xa00083b8
[34225.407897] PUF Read:0x00000000 at 0xa00083bc
[34225.407928] PUF Read:0x00000000 at 0xa00083c0
[34225.407928] PUF Read:0x00000000 at 0xa00083c4
[34225.407928] PUF Read:0x00000000 at 0xa00083c8
[34225.407989] PUF Read:0x00000000 at 0xa00083cc
[34225.407989] PUF Read:0x00000000 at 0xa00083d0
[34225.408050] PUF Read:0x00010000 at 0xa00083d4
[34225.408081] PUF Read:0x00000000 at 0xa00083d8
[34225.408081] PUF Read:0x00000000 at 0xa00083dc
[34225.408081] PUF Read:0x00000000 at 0xa00083e0
[34225.408142] PUF Read:0x00000000 at 0xa00083e4
[34225.408142] PUF Read:0x00000000 at 0xa00083e8
[34225.408203] PUF Read:0x00000000 at 0xa00083ec
[34225.408233] PUF Read:0x00000000 at 0xa00083f0
[34225.408233] PUF Read:0x00000000 at 0xa00083f4
[34225.408233] PUF Read:0x00000004 at 0xa00083f8
[34225.408233] PUF Read:0x00040000 at 0xa00083fc
[34225.408325] [i] Finished PUF read-out
[34225.408325] <6>[i] Finished PUF query for decaytime: 7680
[34225.408355] [i] Start decaytime: 120
[34225.408355] EMIF 2 REG Write 0x80000000 at 0x4d000010
[34225.408386] EMIF 2 REG Read 0x80000000 at 0x4d000010
[34225.408386] EMIF 2 REG Write 0x80000000 at 0x4d000014
[34225.408386] EMIF 2 REG Read 0x00000000 at 0x4d000014
[34225.408416] EMIF 2 REG Write 0x08016893 at 0x4d0000cc
[34225.408416] EMIF 2 REG Read 0x08016893 at 0x4d0000cc
[34225.408447] Temp polling alert disabled
[34225.408447] Refresh Disabled at EMIF2
[34225.408447] [i] Initialiting PUF & hammer rows
[34225.408477] [i] Single-Sided Rowhammer (SSRH)
[34225.415191] [i] Finished initialiting PUF & hammer rows
[34225.415191] [i]	Timer elapsed since its reset 0 sec
[34225.415222] [i] Decay: 120 sec
[34225.415222] [i]	Relative Decay: 0 msec
