[57482.354064] [i] Total hammer attempts per row: 1863711
[57482.354095] EMIF 2 REG Write 0x00000618 at 0x4d000010
[57482.354095] EMIF 2 REG Read 0x00000618 at 0x4d000010
[57482.354125] EMIF 2 REG Write 0x00000618 at 0x4d000014
[57482.354125] EMIF 2 REG Read 0x00000618 at 0x4d000014
[57482.354156] EMIF 2 REG Write 0x58016893 at 0x4d0000cc
[57482.354156] EMIF 2 REG Read 0x58016893 at 0x4d0000cc
[57482.354156] Temp polling alert enabled
[57482.354187] Refresh enabled at EMIF2
[57482.354187] [i] Starting PUF read-out
[57482.354187] [i] Single-Sided Rowhammer (SSRH)
[57482.354217] PUF Read:0xaaaaaaaa at 0xa0008000
[57482.354217] PUF Read:0xaaaaaaaa at 0xa0008004
[57482.354217] PUF Read:0xaaaaaaaa at 0xa0008008
[57482.354217] PUF Read:0xaaaaaaaa at 0xa000800c
[57482.354217] PUF Read:0xaaaaaaaa at 0xa0008010
[57482.354339] PUF Read:0xaaaaabaa at 0xa0008014
[57482.354339] PUF Read:0xaaaaaaaa at 0xa0008018
[57482.354339] PUF Read:0xaaaaaaaa at 0xa000801c
[57482.354431] PUF Read:0xaaaaaaaa at 0xa0008020
[57482.354431] PUF Read:0xaaaaaaaa at 0xa0008024
[57482.354431] PUF Read:0xaaaaaaaa at 0xa0008028
[57482.354431] PUF Read:0xaaaaaaaa at 0xa000802c
[57482.354522] PUF Read:0xaaaaaaaa at 0xa0008030
[57482.354522] PUF Read:0xaaaaaaaa at 0xa0008034
[57482.354583] PUF Read:0xaaaaaaaa at 0xa0008038
[57482.354614] PUF Read:0xaaaaaaaa at 0xa000803c
[57482.354614] PUF Read:0xaaaaaaab at 0xa0008040
[57482.354614] PUF Read:0xaaaaaaaa at 0xa0008044
[57482.354614] PUF Read:0xaaaaaaaa at 0xa0008048
[57482.354614] PUF Read:0xaaaaaaaa at 0xa000804c
[57482.354614] PUF Read:0xaaaaaaaa at 0xa0008050
[57482.354766] PUF Read:0xaaaaaaaa at 0xa0008054
[57482.354797] PUF Read:0xaaaaaaaa at 0xa0008058
[57482.354797] PUF Read:0xaaaaaaaa at 0xa000805c
[57482.354797] PUF Read:0xaaaaaaaa at 0xa0008060
[57482.354858] PUF Read:0xaaaaaaaa at 0xa0008064
[57482.354858] PUF Read:0xaaaaaaaa at 0xa0008068
[57482.354858] PUF Read:0xaaaaaaaa at 0xa000806c
[57482.354949] PUF Read:0xaaaaaaaa at 0xa0008070
[57482.354980] PUF Read:0xaaaaaaaa at 0xa0008074
[57482.354980] PUF Read:0xaaaaaaaa at 0xa0008078
[57482.355041] PUF Read:0xaaaaaaaa at 0xa000807c
[57482.355041] PUF Read:0xaaaaaaaa at 0xa0008080
[57482.355041] PUF Read:0xaaaaaaaa at 0xa0008084
[57482.355041] PUF Read:0xaaaaaaaa at 0xa0008088
[57482.355133] PUF Read:0xaaaaaaaa at 0xa000808c
[57482.355133] PUF Read:0xaaaa8aaa at 0xa0008090
[57482.355133] PUF Read:0xaaaaaaaa at 0xa0008094
[57482.355133] PUF Read:0xaaabaaaa at 0xa0008098
[57482.355224] PUF Read:0xaaaaaaaa at 0xa000809c
[57482.355224] PUF Read:0xaaaaaaaa at 0xa00080a0
[57482.355285] PUF Read:0xaaaaaaaa at 0xa00080a4
[57482.355316] PUF Read:0xaaaaaaaa at 0xa00080a8
[57482.355316] PUF Read:0xaaaaaaaa at 0xa00080ac
[57482.355316] PUF Read:0xaaaaaaaa at 0xa00080b0
[57482.355377] PUF Read:0xaa2aaaaa at 0xa00080b4
[57482.355377] PUF Read:0xaaaaaaaa at 0xa00080b8
[57482.355438] PUF Read:0x8aaaaaaa at 0xa00080bc
[57482.355468] PUF Read:0xaaaaaaaa at 0xa00080c0
[57482.355468] PUF Read:0xaaaaaaaa at 0xa00080c4
[57482.355468] PUF Read:0xaaa2aaaa at 0xa00080c8
[57482.355468] PUF Read:0xaaaaaaaa at 0xa00080cc
[57482.355468] PUF Read:0xaaaaaaaa at 0xa00080d0
[57482.355468] PUF Read:0xaaaaaaaa at 0xa00080d4
[57482.355621] PUF Read:0xaaaaaaaa at 0xa00080d8
[57482.355621] PUF Read:0xaaaaaaaa at 0xa00080dc
[57482.355621] PUF Read:0xaaaaaaaa at 0xa00080e0
[57482.355621] PUF Read:0xaaaaaaaa at 0xa00080e4
[57482.355712] PUF Read:0xaaaaaaaa at 0xa00080e8
[57482.355712] PUF Read:0xaaaaaaab at 0xa00080ec
[57482.355773] PUF Read:0x8aaaaaaa at 0xa00080f0
[57482.355804] PUF Read:0xaaaaaaaa at 0xa00080f4
[57482.355804] PUF Read:0xaaaaaaaa at 0xa00080f8
[57482.355804] PUF Read:0xaaaaaaaa at 0xa00080fc
[57482.355865] PUF Read:0xaaaaaaaa at 0xa0008100
[57482.355865] PUF Read:0xaaaaaaaa at 0xa0008104
[57482.355926] PUF Read:0xaaaaaaaa at 0xa0008108
[57482.355957] PUF Read:0xaaaaaaaa at 0xa000810c
[57482.355957] PUF Read:0xaaaaaaaa at 0xa0008110
[57482.356018] PUF Read:0xaaaaaaaa at 0xa0008114
[57482.356018] PUF Read:0xaaaaaaaa at 0xa0008118
[57482.356018] PUF Read:0xaaaaaaaa at 0xa000811c
[57482.356018] PUF Read:0xaaaaaaaa at 0xa0008120
[57482.356109] PUF Read:0xaaaaaaaa at 0xa0008124
[57482.356109] PUF Read:0xaaaaaaaa at 0xa0008128
[57482.356109] PUF Read:0xaaaaaaaa at 0xa000812c
[57482.356109] PUF Read:0xaaaaaaaa at 0xa0008130
[57482.356109] PUF Read:0xaaaaaaaa at 0xa0008134
[57482.356109] PUF Read:0xaa8aaaaa at 0xa0008138
[57482.356262] PUF Read:0xaaaaaaaa at 0xa000813c
[57482.356292] PUF Read:0xaaaaaaaa at 0xa0008140
[57482.356292] PUF Read:0xaaaaaaaa at 0xa0008144
[57482.356292] PUF Read:0xaabaaeaa at 0xa0008148
[57482.356353] PUF Read:0xaaaaaaaa at 0xa000814c
[57482.356353] PUF Read:0xaaaaaaaa at 0xa0008150
[57482.356414] PUF Read:0xaaaaaaaa at 0xa0008154
[57482.356445] PUF Read:0xaaaaaaaa at 0xa0008158
[57482.356445] PUF Read:0xaaaaaaea at 0xa000815c
[57482.356445] PUF Read:0xaaaaaaaa at 0xa0008160
[57482.356445] PUF Read:0xaaaaaaaa at 0xa0008164
[57482.356536] PUF Read:0xaaaaaaaa at 0xa0008168
[57482.356536] PUF Read:0xaaaaaaaa at 0xa000816c
[57482.356597] PUF Read:0xaaaaaaaa at 0xa0008170
[57482.356628] PUF Read:0xaaaaaaaa at 0xa0008174
[57482.356628] PUF Read:0xaaaaaaaa at 0xa0008178
[57482.356689] PUF Read:0xaaaaaaaa at 0xa000817c
[57482.356689] PUF Read:0xaaaaaa2a at 0xa0008180
[57482.356689] PUF Read:0xaaaaaaaa at 0xa0008184
[57482.356750] PUF Read:0xaaaaaaaa at 0xa0008188
[57482.356781] PUF Read:0xaaaaaaaa at 0xa000818c
[57482.356781] PUF Read:0xaaaaaaaa at 0xa0008190
[57482.356781] PUF Read:0xaaaaaaaa at 0xa0008194
[57482.356781] PUF Read:0xaaaaaaaa at 0xa0008198
[57482.356781] PUF Read:0xaaaaaaaa at 0xa000819c
[57482.356781] PUF Read:0xaaaaaaaa at 0xa00081a0
[57482.356933] PUF Read:0xaaaaaaaa at 0xa00081a4
[57482.356964] PUF Read:0xaaaaaaaa at 0xa00081a8
[57482.356964] PUF Read:0xaaaaaaaa at 0xa00081ac
[57482.356964] PUF Read:0xaaeaaaaa at 0xa00081b0
[57482.357025] PUF Read:0xaaaaaaaa at 0xa00081b4
[57482.357025] PUF Read:0xaaaaaaaa at 0xa00081b8
[57482.357086] PUF Read:0xaaaaaaaa at 0xa00081bc
[57482.357116] PUF Read:0xaaaaaaaa at 0xa00081c0
[57482.357116] PUF Read:0xaaaaaaae at 0xa00081c4
[57482.357116] PUF Read:0xaaaaaaaa at 0xa00081c8
[57482.357177] PUF Read:0xaaaaaaaa at 0xa00081cc
[57482.357177] PUF Read:0xaaaaaaaa at 0xa00081d0
[57482.357177] PUF Read:0xaaaaaaaa at 0xa00081d4
[57482.357269] PUF Read:0xaaaaaaaa at 0xa00081d8
[57482.357269] PUF Read:0xaaaaaaaa at 0xa00081dc
[57482.357330] PUF Read:0xaaaaaaaa at 0xa00081e0
[57482.357330] PUF Read:0xaaaaaaaa at 0xa00081e4
[57482.357330] PUF Read:0xaaaaaaaa at 0xa00081e8
[57482.357330] PUF Read:0xaa2aaaaa at 0xa00081ec
[57482.357421] PUF Read:0xaaaaaaaa at 0xa00081f0
[57482.357421] PUF Read:0xaaaaaaaa at 0xa00081f4
[57482.357421] PUF Read:0xaaaaaaa2 at 0xa00081f8
[57482.357421] PUF Read:0xaaaaaaaa at 0xa00081fc
[57482.357421] PUF Read:0xaaaaaaaa at 0xa0008200
[57482.357421] PUF Read:0xaaaaaaaa at 0xa0008204
[57482.357574] PUF Read:0xaaaaaaaa at 0xa0008208
[57482.357574] PUF Read:0xa8aaaaaa at 0xa000820c
[57482.357574] PUF Read:0xaaaaaaaa at 0xa0008210
[57482.357574] PUF Read:0xaaaaaaaa at 0xa0008214
[57482.357574] PUF Read:0xaaaaaaaa at 0xa0008218
[57482.357574] PUF Read:0xaaaaaaaa at 0xa000821c
[57482.357727] PUF Read:0xaaaaaaaa at 0xa0008220
[57482.357757] PUF Read:0xaaaaaaaa at 0xa0008224
[57482.357757] PUF Read:0xaaaaaaaa at 0xa0008228
[57482.357757] PUF Read:0xaaaaaaaa at 0xa000822c
[57482.357818] PUF Read:0xaaaaaaaa at 0xa0008230
[57482.357818] PUF Read:0xaaaaaaaa at 0xa0008234
[57482.357879] PUF Read:0xaaaaaaaa at 0xa0008238
[57482.357910] PUF Read:0xaaaaaaaa at 0xa000823c
[57482.357910] PUF Read:0xaaaaaaaa at 0xa0008240
[57482.357910] PUF Read:0xaaaaaaaa at 0xa0008244
[57482.357971] PUF Read:0xaaaaaaaa at 0xa0008248
[57482.357971] PUF Read:0xaaaaaaaa at 0xa000824c
[57482.357971] PUF Read:0xaaaaaaaa at 0xa0008250
[57482.358062] PUF Read:0xaaaaaaaa at 0xa0008254
[57482.358093] PUF Read:0xaaaaaaaa at 0xa0008258
[57482.358093] PUF Read:0xaaaaaaaa at 0xa000825c
[57482.358093] PUF Read:0xaaaaaaaa at 0xa0008260
[57482.358093] PUF Read:0xaaaaaaaa at 0xa0008264
[57482.358093] PUF Read:0xaaaaaaaa at 0xa0008268
[57482.358093] PUF Read:0xaaaaaaaa at 0xa000826c
[57482.358245] PUF Read:0xaaaaaaaa at 0xa0008270
[57482.358276] PUF Read:0xaaaaaaaa at 0xa0008274
[57482.358276] PUF Read:0xaaaaaaaa at 0xa0008278
[57482.358276] PUF Read:0xaaaaaaaa at 0xa000827c
[57482.358337] PUF Read:0xaaaaaaaa at 0xa0008280
[57482.358337] PUF Read:0xaaaaaaaa at 0xa0008284
[57482.358398] PUF Read:0xaaaaaaaa at 0xa0008288
[57482.358428] PUF Read:0xaaaaaaaa at 0xa000828c
[57482.358428] PUF Read:0xaaaaaaaa at 0xa0008290
[57482.358489] PUF Read:0xaaaaaaaa at 0xa0008294
[57482.358489] PUF Read:0xaaaaaaaa at 0xa0008298
[57482.358489] PUF Read:0xaaaaaaaa at 0xa000829c
[57482.358489] PUF Read:0xaaaaaaaa at 0xa00082a0
[57482.358581] PUF Read:0xaaaaaaaa at 0xa00082a4
[57482.358581] PUF Read:0xaaaaaaaa at 0xa00082a8
[57482.358581] PUF Read:0xaaaaaaaa at 0xa00082ac
[57482.358581] PUF Read:0xaaaaaaaa at 0xa00082b0
[57482.358581] PUF Read:0xaaaaaaaa at 0xa00082b4
[57482.358581] PUF Read:0xaaaaaaea at 0xa00082b8
[57482.358734] PUF Read:0xaaaaaaaa at 0xa00082bc
[57482.358734] PUF Read:0xaaaaaaaa at 0xa00082c0
[57482.358734] PUF Read:0xaaaaaaaa at 0xa00082c4
[57482.358734] PUF Read:0xaaaaaaaa at 0xa00082c8
[57482.358734] PUF Read:0xaaaaaaaa at 0xa00082cc
[57482.358734] PUF Read:0xaaaaaaaa at 0xa00082d0
[57482.358886] PUF Read:0xaaaaaaaa at 0xa00082d4
[57482.358886] PUF Read:0xaaaaaaaa at 0xa00082d8
[57482.358886] PUF Read:0xaaaaaaaa at 0xa00082dc
[57482.358886] PUF Read:0xaaaaaaaa at 0xa00082e0
[57482.358886] PUF Read:0xaaaaaaaa at 0xa00082e4
[57482.358886] PUF Read:0xaaaaaaaa at 0xa00082e8
[57482.359039] PUF Read:0xaaaaaaaa at 0xa00082ec
[57482.359039] PUF Read:0xaaaaaaaa at 0xa00082f0
[57482.359039] PUF Read:0xaaaaaaaa at 0xa00082f4
[57482.359039] PUF Read:0xaaaaaaaa at 0xa00082f8
[57482.359039] PUF Read:0xaaaaaaaa at 0xa00082fc
[57482.359039] PUF Read:0xaaaaaaaa at 0xa0008300
[57482.359191] PUF Read:0xaaaaaaaa at 0xa0008304
[57482.359222] PUF Read:0xaaaaaaaa at 0xa0008308
[57482.359222] PUF Read:0xaaaaaaaa at 0xa000830c
[57482.359222] PUF Read:0xaaaaaaaa at 0xa0008310
[57482.359283] PUF Read:0xaaaaaaaa at 0xa0008314
[57482.359283] PUF Read:0xaaaaaaaa at 0xa0008318
[57482.359344] PUF Read:0xbaaaaaaa at 0xa000831c
[57482.359375] PUF Read:0xaaaaaaaa at 0xa0008320
[57482.359375] PUF Read:0xaaaaaaaa at 0xa0008324
[57482.359375] PUF Read:0xaaaaaaaa at 0xa0008328
[57482.359436] PUF Read:0xaaaaaaaa at 0xa000832c
[57482.359436] PUF Read:0xaaaaaaae at 0xa0008330
[57482.359497] PUF Read:0xaaaaaaaa at 0xa0008334
[57482.359527] PUF Read:0xaaaaaaaa at 0xa0008338
[57482.359527] PUF Read:0xaaaaaaaa at 0xa000833c
[57482.359527] PUF Read:0xaaaaaaaa at 0xa0008340
[57482.359527] PUF Read:0xaaaaaaaa at 0xa0008344
[57482.359527] PUF Read:0xaaaaaaaa at 0xa0008348
[57482.359527] PUF Read:0xaaaaaaaa at 0xa000834c
[57482.359527] PUF Read:0xaaaaaaaa at 0xa0008350
[57482.359710] PUF Read:0xaaaaaaaa at 0xa0008354
[57482.359741] PUF Read:0xaaaaaaaa at 0xa0008358
[57482.359741] PUF Read:0xaaaaaaaa at 0xa000835c
[57482.359741] PUF Read:0xaaabaaaa at 0xa0008360
[57482.359802] PUF Read:0xaaaaaaaa at 0xa0008364
[57482.359802] PUF Read:0xaaaaaaaa at 0xa0008368
[57482.359863] PUF Read:0xaaaaaaaa at 0xa000836c
[57482.359893] PUF Read:0xaaaaaaaa at 0xa0008370
[57482.359893] PUF Read:0xaaaaaaaa at 0xa0008374
[57482.359893] PUF Read:0xaaaaaaaa at 0xa0008378
[57482.359954] PUF Read:0xaaaaaaaa at 0xa000837c
[57482.359954] PUF Read:0xaaaaaaaa at 0xa0008380
[57482.360015] PUF Read:0xaaaaaaaa at 0xa0008384
[57482.360046] PUF Read:0xaaaaaaaa at 0xa0008388
[57482.360046] PUF Read:0xaaaaaaaa at 0xa000838c
[57482.360046] PUF Read:0xaaaaaaaa at 0xa0008390
[57482.360107] PUF Read:0xaaaaaaaa at 0xa0008394
[57482.360107] PUF Read:0xaaaaaaaa at 0xa0008398
[57482.360168] PUF Read:0xaaa2aaaa at 0xa000839c
[57482.360198] PUF Read:0xaaaaaaaa at 0xa00083a0
[57482.360198] PUF Read:0xaaaaaaaa at 0xa00083a4
[57482.360198] PUF Read:0xaaaaaaaa at 0xa00083a8
[57482.360260] PUF Read:0xaaaaaaaa at 0xa00083ac
[57482.360260] PUF Read:0xaaaaaaa2 at 0xa00083b0
[57482.360321] PUF Read:0xaaaaaaaa at 0xa00083b4
[57482.360351] PUF Read:0xaaaaaaaa at 0xa00083b8
[57482.360351] PUF Read:0xaaaaaaaa at 0xa00083bc
[57482.360351] PUF Read:0xaaaaaaaa at 0xa00083c0
[57482.360412] PUF Read:0xaaaaaaaa at 0xa00083c4
[57482.360412] PUF Read:0xaaaaaaaa at 0xa00083c8
[57482.360473] PUF Read:0xaaaaaaaa at 0xa00083cc
[57482.360504] PUF Read:0xaaaaaaaa at 0xa00083d0
[57482.360504] PUF Read:0xaaaaaaaa at 0xa00083d4
[57482.360504] PUF Read:0xaaaaaaaa at 0xa00083d8
[57482.360504] PUF Read:0xaaaaaaaa at 0xa00083dc
[57482.360504] PUF Read:0xaaaaaaaa at 0xa00083e0
[57482.360504] PUF Read:0xaaaaaaaa at 0xa00083e4
[57482.360656] PUF Read:0xaaaaaaaa at 0xa00083e8
[57482.360656] PUF Read:0xaaaaaaaa at 0xa00083ec
[57482.360656] PUF Read:0xaaaaaaaa at 0xa00083f0
[57482.360656] PUF Read:0xaaaaaaaa at 0xa00083f4
[57482.360656] PUF Read:0xaaaaaaae at 0xa00083f8
[57482.360656] PUF Read:0xaaaeaaaa at 0xa00083fc
[57482.360809] [i] Finished PUF read-out
[57482.360809] <6>[i] Finished PUF query for decaytime: 7680
[57482.360809] [i] Start decaytime: 120
[57482.360839] EMIF 2 REG Write 0x80000000 at 0x4d000010
[57482.360839] EMIF 2 REG Read 0x80000000 at 0x4d000010
[57482.360870] EMIF 2 REG Write 0x80000000 at 0x4d000014
[57482.360870] EMIF 2 REG Read 0x00000000 at 0x4d000014
[57482.360900] EMIF 2 REG Write 0x08016893 at 0x4d0000cc
[57482.360900] EMIF 2 REG Read 0x08016893 at 0x4d0000cc
[57482.360900] Temp polling alert disabled
[57482.360931] Refresh Disabled at EMIF2
[57482.360931] [i] Initialiting PUF & hammer rows
[57482.360931] [i] Single-Sided Rowhammer (SSRH)
[57482.367706] [i] Finished initialiting PUF & hammer rows
[57482.367706] [i]	Timer elapsed since its reset 0 sec
[57482.367706] [i] Decay: 120 sec
[57482.367736] [i]	Relative Decay: 0 msec
