[ 3209.932189] [i] Total hammer attempts per row: 1862483
[ 3209.932189] EMIF 2 REG Write 0x00000618 at 0x4d000010
[ 3209.932220] EMIF 2 REG Read 0x00000618 at 0x4d000010
[ 3209.932250] EMIF 2 REG Write 0x00000618 at 0x4d000014
[ 3209.932250] EMIF 2 REG Read 0x00000618 at 0x4d000014
[ 3209.932250] EMIF 2 REG Write 0x58016893 at 0x4d0000cc
[ 3209.932281] EMIF 2 REG Read 0x58016893 at 0x4d0000cc
[ 3209.932281] Temp polling alert enabled
[ 3209.932281] Refresh enabled at EMIF2
[ 3209.932312] [i] Starting PUF read-out
[ 3209.932312] [i] Single-Sided Rowhammer (SSRH)
[ 3209.932342] PUF Read:0x00000000 at 0xa0008000
[ 3209.932342] PUF Read:0x00000000 at 0xa0008004
[ 3209.932342] PUF Read:0x00000000 at 0xa0008008
[ 3209.932342] PUF Read:0x00000000 at 0xa000800c
[ 3209.932434] PUF Read:0x00000000 at 0xa0008010
[ 3209.932434] PUF Read:0x00000100 at 0xa0008014
[ 3209.932495] PUF Read:0x00000000 at 0xa0008018
[ 3209.932525] PUF Read:0x00000000 at 0xa000801c
[ 3209.932525] PUF Read:0x00000000 at 0xa0008020
[ 3209.932525] PUF Read:0x00000000 at 0xa0008024
[ 3209.932586] PUF Read:0x00000000 at 0xa0008028
[ 3209.932586] PUF Read:0x00000000 at 0xa000802c
[ 3209.932647] PUF Read:0x00000000 at 0xa0008030
[ 3209.932678] PUF Read:0x00000000 at 0xa0008034
[ 3209.932678] PUF Read:0x00000000 at 0xa0008038
[ 3209.932678] PUF Read:0x00000000 at 0xa000803c
[ 3209.932678] PUF Read:0x00000001 at 0xa0008040
[ 3209.932769] PUF Read:0x00004000 at 0xa0008044
[ 3209.932769] PUF Read:0x00000000 at 0xa0008048
[ 3209.932830] PUF Read:0x00000000 at 0xa000804c
[ 3209.932861] PUF Read:0x00000000 at 0xa0008050
[ 3209.932861] PUF Read:0x00000000 at 0xa0008054
[ 3209.932861] PUF Read:0x00000000 at 0xa0008058
[ 3209.932922] PUF Read:0x00000000 at 0xa000805c
[ 3209.932922] PUF Read:0x00000000 at 0xa0008060
[ 3209.932983] PUF Read:0x00000000 at 0xa0008064
[ 3209.933013] PUF Read:0x00000000 at 0xa0008068
[ 3209.933013] PUF Read:0x00000000 at 0xa000806c
[ 3209.933074] PUF Read:0x00000000 at 0xa0008070
[ 3209.933074] PUF Read:0x00000000 at 0xa0008074
[ 3209.933074] PUF Read:0x00000000 at 0xa0008078
[ 3209.933135] PUF Read:0x00000000 at 0xa000807c
[ 3209.933166] PUF Read:0x00000000 at 0xa0008080
[ 3209.933166] PUF Read:0x00000000 at 0xa0008084
[ 3209.933166] PUF Read:0x00000000 at 0xa0008088
[ 3209.933227] PUF Read:0x00000000 at 0xa000808c
[ 3209.933227] PUF Read:0x00000000 at 0xa0008090
[ 3209.933288] PUF Read:0x00000000 at 0xa0008094
[ 3209.933319] PUF Read:0x00010000 at 0xa0008098
[ 3209.933319] PUF Read:0x00000000 at 0xa000809c
[ 3209.933319] PUF Read:0x00000000 at 0xa00080a0
[ 3209.933380] PUF Read:0x00000000 at 0xa00080a4
[ 3209.933380] PUF Read:0x00000000 at 0xa00080a8
[ 3209.933441] PUF Read:0x00000040 at 0xa00080ac
[ 3209.933471] PUF Read:0x00000000 at 0xa00080b0
[ 3209.933471] PUF Read:0x00000000 at 0xa00080b4
[ 3209.933471] PUF Read:0x00000000 at 0xa00080b8
[ 3209.933532] PUF Read:0x00000000 at 0xa00080bc
[ 3209.933532] PUF Read:0x00000000 at 0xa00080c0
[ 3209.933593] PUF Read:0x00000000 at 0xa00080c4
[ 3209.933624] PUF Read:0x00000000 at 0xa00080c8
[ 3209.933624] PUF Read:0x00000000 at 0xa00080cc
[ 3209.933624] PUF Read:0x40000000 at 0xa00080d0
[ 3209.933685] PUF Read:0x00000000 at 0xa00080d4
[ 3209.933685] PUF Read:0x00000000 at 0xa00080d8
[ 3209.933746] PUF Read:0x00000000 at 0xa00080dc
[ 3209.933776] PUF Read:0x01000000 at 0xa00080e0
[ 3209.933776] PUF Read:0x00000000 at 0xa00080e4
[ 3209.933776] PUF Read:0x00000000 at 0xa00080e8
[ 3209.933837] PUF Read:0x00000001 at 0xa00080ec
[ 3209.933837] PUF Read:0x00000000 at 0xa00080f0
[ 3209.933898] PUF Read:0x00000000 at 0xa00080f4
[ 3209.933929] PUF Read:0x00000000 at 0xa00080f8
[ 3209.933929] PUF Read:0x00000000 at 0xa00080fc
[ 3209.933929] PUF Read:0x00000000 at 0xa0008100
[ 3209.933990] PUF Read:0x00000000 at 0xa0008104
[ 3209.933990] PUF Read:0x00000000 at 0xa0008108
[ 3209.934051] PUF Read:0x00000000 at 0xa000810c
[ 3209.934082] PUF Read:0x00000000 at 0xa0008110
[ 3209.934082] PUF Read:0x00000000 at 0xa0008114
[ 3209.934082] PUF Read:0x00000000 at 0xa0008118
[ 3209.934143] PUF Read:0x00000000 at 0xa000811c
[ 3209.934143] PUF Read:0x00000000 at 0xa0008120
[ 3209.934204] PUF Read:0x00000000 at 0xa0008124
[ 3209.934234] PUF Read:0x00000000 at 0xa0008128
[ 3209.934234] PUF Read:0x00000000 at 0xa000812c
[ 3209.934234] PUF Read:0x00000000 at 0xa0008130
[ 3209.934234] PUF Read:0x00000000 at 0xa0008134
[ 3209.934234] PUF Read:0x00000000 at 0xa0008138
[ 3209.934234] PUF Read:0x00000000 at 0xa000813c
[ 3209.934387] PUF Read:0x00000000 at 0xa0008140
[ 3209.934387] PUF Read:0x00000000 at 0xa0008144
[ 3209.934387] PUF Read:0x00100400 at 0xa0008148
[ 3209.934387] PUF Read:0x00000000 at 0xa000814c
[ 3209.934387] PUF Read:0x00000000 at 0xa0008150
[ 3209.934387] PUF Read:0x00000000 at 0xa0008154
[ 3209.934539] PUF Read:0x00000000 at 0xa0008158
[ 3209.934539] PUF Read:0x00000040 at 0xa000815c
[ 3209.934539] PUF Read:0x00000000 at 0xa0008160
[ 3209.934539] PUF Read:0x00000000 at 0xa0008164
[ 3209.934539] PUF Read:0x00000000 at 0xa0008168
[ 3209.934539] PUF Read:0x00400000 at 0xa000816c
[ 3209.934692] PUF Read:0x00000000 at 0xa0008170
[ 3209.934692] PUF Read:0x00000000 at 0xa0008174
[ 3209.934692] PUF Read:0x00000000 at 0xa0008178
[ 3209.934692] PUF Read:0x00000000 at 0xa000817c
[ 3209.934692] PUF Read:0x00000000 at 0xa0008180
[ 3209.934692] PUF Read:0x00000000 at 0xa0008184
[ 3209.934844] PUF Read:0x00000000 at 0xa0008188
[ 3209.934844] PUF Read:0x00000000 at 0xa000818c
[ 3209.934844] PUF Read:0x00000000 at 0xa0008190
[ 3209.934844] PUF Read:0x00000000 at 0xa0008194
[ 3209.934844] PUF Read:0x00000000 at 0xa0008198
[ 3209.934844] PUF Read:0x00000000 at 0xa000819c
[ 3209.934997] PUF Read:0x00000000 at 0xa00081a0
[ 3209.934997] PUF Read:0x00000000 at 0xa00081a4
[ 3209.934997] PUF Read:0x00000000 at 0xa00081a8
[ 3209.935058] PUF Read:0x00000000 at 0xa00081ac
[ 3209.935058] PUF Read:0x00400000 at 0xa00081b0
[ 3209.935119] PUF Read:0x00000000 at 0xa00081b4
[ 3209.935150] PUF Read:0x00000000 at 0xa00081b8
[ 3209.935150] PUF Read:0x00000000 at 0xa00081bc
[ 3209.935150] PUF Read:0x00000000 at 0xa00081c0
[ 3209.935211] PUF Read:0x00000004 at 0xa00081c4
[ 3209.935211] PUF Read:0x00000000 at 0xa00081c8
[ 3209.935272] PUF Read:0x00000000 at 0xa00081cc
[ 3209.935302] PUF Read:0x10000000 at 0xa00081d0
[ 3209.935302] PUF Read:0x00000000 at 0xa00081d4
[ 3209.935302] PUF Read:0x00000000 at 0xa00081d8
[ 3209.935363] PUF Read:0x00000000 at 0xa00081dc
[ 3209.935363] PUF Read:0x00000000 at 0xa00081e0
[ 3209.935424] PUF Read:0x00000040 at 0xa00081e4
[ 3209.935455] PUF Read:0x00000000 at 0xa00081e8
[ 3209.935455] PUF Read:0x00000000 at 0xa00081ec
[ 3209.935455] PUF Read:0x00000000 at 0xa00081f0
[ 3209.935516] PUF Read:0x00000400 at 0xa00081f4
[ 3209.935516] PUF Read:0x00000000 at 0xa00081f8
[ 3209.935577] PUF Read:0x00000000 at 0xa00081fc
[ 3209.935607] PUF Read:0x00000000 at 0xa0008200
[ 3209.935607] PUF Read:0x00000000 at 0xa0008204
[ 3209.935607] PUF Read:0x00000000 at 0xa0008208
[ 3209.935668] PUF Read:0x00000000 at 0xa000820c
[ 3209.935668] PUF Read:0x00000000 at 0xa0008210
[ 3209.935729] PUF Read:0x00000000 at 0xa0008214
[ 3209.935729] PUF Read:0x00000000 at 0xa0008218
[ 3209.935729] PUF Read:0x00000000 at 0xa000821c
[ 3209.935729] PUF Read:0x00000000 at 0xa0008220
[ 3209.935729] PUF Read:0x00000000 at 0xa0008224
[ 3209.935729] PUF Read:0x00000000 at 0xa0008228
[ 3209.935882] PUF Read:0x00000000 at 0xa000822c
[ 3209.935913] PUF Read:0x00000000 at 0xa0008230
[ 3209.935913] PUF Read:0x00400000 at 0xa0008234
[ 3209.935974] PUF Read:0x00000000 at 0xa0008238
[ 3209.935974] PUF Read:0x00000000 at 0xa000823c
[ 3209.935974] PUF Read:0x00000000 at 0xa0008240
[ 3209.936035] PUF Read:0x00000000 at 0xa0008244
[ 3209.936065] PUF Read:0x00000000 at 0xa0008248
[ 3209.936065] PUF Read:0x00000000 at 0xa000824c
[ 3209.936065] PUF Read:0x00000000 at 0xa0008250
[ 3209.936126] PUF Read:0x00000000 at 0xa0008254
[ 3209.936126] PUF Read:0x00000000 at 0xa0008258
[ 3209.936187] PUF Read:0x00000000 at 0xa000825c
[ 3209.936218] PUF Read:0x00000000 at 0xa0008260
[ 3209.936218] PUF Read:0x00000000 at 0xa0008264
[ 3209.936218] PUF Read:0x00000000 at 0xa0008268
[ 3209.936279] PUF Read:0x00000000 at 0xa000826c
[ 3209.936279] PUF Read:0x00000000 at 0xa0008270
[ 3209.936340] PUF Read:0x00000000 at 0xa0008274
[ 3209.936370] PUF Read:0x00000000 at 0xa0008278
[ 3209.936370] PUF Read:0x00000000 at 0xa000827c
[ 3209.936370] PUF Read:0x00000000 at 0xa0008280
[ 3209.936431] PUF Read:0x00000000 at 0xa0008284
[ 3209.936431] PUF Read:0x00000000 at 0xa0008288
[ 3209.936492] PUF Read:0x00000000 at 0xa000828c
[ 3209.936492] PUF Read:0x00000000 at 0xa0008290
[ 3209.936492] PUF Read:0x00000000 at 0xa0008294
[ 3209.936492] PUF Read:0x00000000 at 0xa0008298
[ 3209.936492] PUF Read:0x00000000 at 0xa000829c
[ 3209.936614] PUF Read:0x00000000 at 0xa00082a0
[ 3209.936645] PUF Read:0x00000000 at 0xa00082a4
[ 3209.936645] PUF Read:0x00000000 at 0xa00082a8
[ 3209.936645] PUF Read:0x00000000 at 0xa00082ac
[ 3209.936706] PUF Read:0x00000000 at 0xa00082b0
[ 3209.936706] PUF Read:0x00000000 at 0xa00082b4
[ 3209.936767] PUF Read:0x00000040 at 0xa00082b8
[ 3209.936798] PUF Read:0x00000000 at 0xa00082bc
[ 3209.936798] PUF Read:0x00000000 at 0xa00082c0
[ 3209.936798] PUF Read:0x00000000 at 0xa00082c4
[ 3209.936859] PUF Read:0x10000000 at 0xa00082c8
[ 3209.936859] PUF Read:0x00000000 at 0xa00082cc
[ 3209.936920] PUF Read:0x00000000 at 0xa00082d0
[ 3209.936950] PUF Read:0x00000000 at 0xa00082d4
[ 3209.936950] PUF Read:0x00000000 at 0xa00082d8
[ 3209.936950] PUF Read:0x00000000 at 0xa00082dc
[ 3209.937011] PUF Read:0x00000000 at 0xa00082e0
[ 3209.937011] PUF Read:0x00000400 at 0xa00082e4
[ 3209.937072] PUF Read:0x00000000 at 0xa00082e8
[ 3209.937103] PUF Read:0x00000000 at 0xa00082ec
[ 3209.937103] PUF Read:0x00000000 at 0xa00082f0
[ 3209.937103] PUF Read:0x00000000 at 0xa00082f4
[ 3209.937164] PUF Read:0x00000000 at 0xa00082f8
[ 3209.937164] PUF Read:0x00000000 at 0xa00082fc
[ 3209.937225] PUF Read:0x00000000 at 0xa0008300
[ 3209.937225] PUF Read:0x00000000 at 0xa0008304
[ 3209.937225] PUF Read:0x00000000 at 0xa0008308
[ 3209.937225] PUF Read:0x00000000 at 0xa000830c
[ 3209.937316] PUF Read:0x00000000 at 0xa0008310
[ 3209.937316] PUF Read:0x00000000 at 0xa0008314
[ 3209.937377] PUF Read:0x00000000 at 0xa0008318
[ 3209.937408] PUF Read:0x10000000 at 0xa000831c
[ 3209.937408] PUF Read:0x00000000 at 0xa0008320
[ 3209.937408] PUF Read:0x00000000 at 0xa0008324
[ 3209.937408] PUF Read:0x00000000 at 0xa0008328
[ 3209.937408] PUF Read:0x00000000 at 0xa000832c
[ 3209.937530] PUF Read:0x00000004 at 0xa0008330
[ 3209.937561] PUF Read:0x00000000 at 0xa0008334
[ 3209.937561] PUF Read:0x00000000 at 0xa0008338
[ 3209.937622] PUF Read:0x00000000 at 0xa000833c
[ 3209.937622] PUF Read:0x00000000 at 0xa0008340
[ 3209.937622] PUF Read:0x00000000 at 0xa0008344
[ 3209.937683] PUF Read:0x00000000 at 0xa0008348
[ 3209.937713] PUF Read:0x00000000 at 0xa000834c
[ 3209.937713] PUF Read:0x00000000 at 0xa0008350
[ 3209.937713] PUF Read:0x00000000 at 0xa0008354
[ 3209.937774] PUF Read:0x00000000 at 0xa0008358
[ 3209.937774] PUF Read:0x00000000 at 0xa000835c
[ 3209.937835] PUF Read:0x00010000 at 0xa0008360
[ 3209.937866] PUF Read:0x00000000 at 0xa0008364
[ 3209.937866] PUF Read:0x00000000 at 0xa0008368
[ 3209.937866] PUF Read:0x00000000 at 0xa000836c
[ 3209.937927] PUF Read:0x00000000 at 0xa0008370
[ 3209.937927] PUF Read:0x00000000 at 0xa0008374
[ 3209.937988] PUF Read:0x00000000 at 0xa0008378
[ 3209.938018] PUF Read:0x00000000 at 0xa000837c
[ 3209.938018] PUF Read:0x00000000 at 0xa0008380
[ 3209.938018] PUF Read:0x00000000 at 0xa0008384
[ 3209.938018] PUF Read:0x00000000 at 0xa0008388
[ 3209.938018] PUF Read:0x00000000 at 0xa000838c
[ 3209.938140] PUF Read:0x00000000 at 0xa0008390
[ 3209.938140] PUF Read:0x00000000 at 0xa0008394
[ 3209.938140] PUF Read:0x00000000 at 0xa0008398
[ 3209.938140] PUF Read:0x00000000 at 0xa000839c
[ 3209.938140] PUF Read:0x00000000 at 0xa00083a0
[ 3209.938140] PUF Read:0x00000000 at 0xa00083a4
[ 3209.938293] PUF Read:0x00000000 at 0xa00083a8
[ 3209.938293] PUF Read:0x00000000 at 0xa00083ac
[ 3209.938354] PUF Read:0x00000000 at 0xa00083b0
[ 3209.938354] PUF Read:0x00000000 at 0xa00083b4
[ 3209.938354] PUF Read:0x00000000 at 0xa00083b8
[ 3209.938415] PUF Read:0x00000000 at 0xa00083bc
[ 3209.938446] PUF Read:0x00000000 at 0xa00083c0
[ 3209.938446] PUF Read:0x00000000 at 0xa00083c4
[ 3209.938446] PUF Read:0x00000000 at 0xa00083c8
[ 3209.938507] PUF Read:0x00000000 at 0xa00083cc
[ 3209.938507] PUF Read:0x00000000 at 0xa00083d0
[ 3209.938568] PUF Read:0x00010000 at 0xa00083d4
[ 3209.938598] PUF Read:0x00000000 at 0xa00083d8
[ 3209.938598] PUF Read:0x00000000 at 0xa00083dc
[ 3209.938598] PUF Read:0x00000000 at 0xa00083e0
[ 3209.938659] PUF Read:0x00000000 at 0xa00083e4
[ 3209.938659] PUF Read:0x00000000 at 0xa00083e8
[ 3209.938720] PUF Read:0x00000000 at 0xa00083ec
[ 3209.938751] PUF Read:0x00000000 at 0xa00083f0
[ 3209.938751] PUF Read:0x00000000 at 0xa00083f4
[ 3209.938751] PUF Read:0x00000004 at 0xa00083f8
[ 3209.938812] PUF Read:0x00040000 at 0xa00083fc
[ 3209.938842] [i] Finished PUF read-out
[ 3209.938842] <6>[i] Finished PUF query for decaytime: 7680
[ 3209.938873] [i] Start decaytime: 120
[ 3209.938873] EMIF 2 REG Write 0x80000000 at 0x4d000010
[ 3209.938903] EMIF 2 REG Read 0x80000000 at 0x4d000010
[ 3209.938903] EMIF 2 REG Write 0x80000000 at 0x4d000014
[ 3209.938903] EMIF 2 REG Read 0x00000000 at 0x4d000014
[ 3209.938934] EMIF 2 REG Write 0x08016893 at 0x4d0000cc
[ 3209.938934] EMIF 2 REG Read 0x08016893 at 0x4d0000cc
[ 3209.938964] Temp polling alert disabled
[ 3209.938964] Refresh Disabled at EMIF2
[ 3209.938964] [i] Initialiting PUF & hammer rows
[ 3209.938995] [i] Single-Sided Rowhammer (SSRH)
[ 3209.942810] [i] Finished initialiting PUF & hammer rows
[ 3209.945770] [i]	Timer elapsed since its reset 0 sec
[ 3209.945770] [i] Decay: 120 sec
[ 3209.945770] [i]	Relative Decay: 0 msec
