[56762.291534] [i] Total hammer attempts per row: 1864663
[56762.292877] EMIF 2 REG Write 0x00000618 at 0x4d000010
[56762.292907] EMIF 2 REG Read 0x00000618 at 0x4d000010
[56762.292907] EMIF 2 REG Write 0x00000618 at 0x4d000014
[56762.292938] EMIF 2 REG Read 0x00000618 at 0x4d000014
[56762.292938] EMIF 2 REG Write 0x58016893 at 0x4d0000cc
[56762.292938] EMIF 2 REG Read 0x58016893 at 0x4d0000cc
[56762.292968] Temp polling alert enabled
[56762.292968] Refresh enabled at EMIF2
[56762.292968] [i] Starting PUF read-out
[56762.292999] [i] Single-Sided Rowhammer (SSRH)
[56762.292999] PUF Read:0xaaaaaaaa at 0xa0008000
[56762.292999] PUF Read:0xaaaaaaaa at 0xa0008004
[56762.292999] PUF Read:0xaaaaaaaa at 0xa0008008
[56762.292999] PUF Read:0xaaaaaaaa at 0xa000800c
[56762.292999] PUF Read:0xaaaaaaaa at 0xa0008010
[56762.293151] PUF Read:0xaaaaabaa at 0xa0008014
[56762.293151] PUF Read:0xaaaaaaaa at 0xa0008018
[56762.293151] PUF Read:0xaaaaaaaa at 0xa000801c
[56762.293151] PUF Read:0xaaaaaaaa at 0xa0008020
[56762.293243] PUF Read:0xaaaaaaaa at 0xa0008024
[56762.293243] PUF Read:0xaaaaaaaa at 0xa0008028
[56762.293304] PUF Read:0xaaaaaaaa at 0xa000802c
[56762.293334] PUF Read:0xaaaaaaaa at 0xa0008030
[56762.293334] PUF Read:0xaaaaaaaa at 0xa0008034
[56762.293334] PUF Read:0xaaaaaaaa at 0xa0008038
[56762.293334] PUF Read:0xaaaaaaaa at 0xa000803c
[56762.293334] PUF Read:0xaaaaaaab at 0xa0008040
[56762.293334] PUF Read:0xaaaaeaaa at 0xa0008044
[56762.293487] PUF Read:0xaaaaaaaa at 0xa0008048
[56762.293518] PUF Read:0xaaaaaaaa at 0xa000804c
[56762.293518] PUF Read:0xaaaaaaaa at 0xa0008050
[56762.293518] PUF Read:0xaaaaaaaa at 0xa0008054
[56762.293579] PUF Read:0xaaaaaaaa at 0xa0008058
[56762.293579] PUF Read:0xaaaaaaaa at 0xa000805c
[56762.293640] PUF Read:0xaaaaaaaa at 0xa0008060
[56762.293670] PUF Read:0xaaaaaaaa at 0xa0008064
[56762.293670] PUF Read:0xaaaaaaaa at 0xa0008068
[56762.293731] PUF Read:0xaaaaaaaa at 0xa000806c
[56762.293731] PUF Read:0xaaaaaaaa at 0xa0008070
[56762.293731] PUF Read:0xaaaaaaaa at 0xa0008074
[56762.293792] PUF Read:0xaaaaaaaa at 0xa0008078
[56762.293823] PUF Read:0xaaaaaaaa at 0xa000807c
[56762.293823] PUF Read:0xaaaaaaaa at 0xa0008080
[56762.293823] PUF Read:0xaaaaaaaa at 0xa0008084
[56762.293823] PUF Read:0xaaaaaaaa at 0xa0008088
[56762.293823] PUF Read:0xaaaaaaaa at 0xa000808c
[56762.293823] PUF Read:0xaaaa8aaa at 0xa0008090
[56762.293975] PUF Read:0xaaaaaaaa at 0xa0008094
[56762.294006] PUF Read:0x2aabaaaa at 0xa0008098
[56762.294006] PUF Read:0xaaaaaaaa at 0xa000809c
[56762.294006] PUF Read:0xaaaaaaaa at 0xa00080a0
[56762.294067] PUF Read:0xaaaaaaaa at 0xa00080a4
[56762.294067] PUF Read:0xaaaaaaaa at 0xa00080a8
[56762.294128] PUF Read:0xaaaaaaaa at 0xa00080ac
[56762.294158] PUF Read:0xaaaaaaaa at 0xa00080b0
[56762.294158] PUF Read:0xaa2aaaaa at 0xa00080b4
[56762.294219] PUF Read:0xaaaaaaaa at 0xa00080b8
[56762.294219] PUF Read:0x8aaaaaaa at 0xa00080bc
[56762.294219] PUF Read:0xaaaaaaaa at 0xa00080c0
[56762.294219] PUF Read:0xaaaaaaaa at 0xa00080c4
[56762.294311] PUF Read:0xaaa2aaaa at 0xa00080c8
[56762.294311] PUF Read:0xaaaaaaaa at 0xa00080cc
[56762.294311] PUF Read:0xaaaaaaaa at 0xa00080d0
[56762.294311] PUF Read:0xaaaaaaaa at 0xa00080d4
[56762.294403] PUF Read:0xaaaaaaaa at 0xa00080d8
[56762.294403] PUF Read:0xaaaaaaaa at 0xa00080dc
[56762.294464] PUF Read:0xaaaaaaaa at 0xa00080e0
[56762.294494] PUF Read:0xaaaaaaaa at 0xa00080e4
[56762.294494] PUF Read:0xaaaaaaaa at 0xa00080e8
[56762.294494] PUF Read:0xaaaaaaab at 0xa00080ec
[56762.294555] PUF Read:0x8aaaaaaa at 0xa00080f0
[56762.294555] PUF Read:0xaaaaaaaa at 0xa00080f4
[56762.294616] PUF Read:0xaaaaaaaa at 0xa00080f8
[56762.294647] PUF Read:0xaaaaaaaa at 0xa00080fc
[56762.294647] PUF Read:0xaaaaaaaa at 0xa0008100
[56762.294647] PUF Read:0xaaaaaaaa at 0xa0008104
[56762.294708] PUF Read:0xaaaaaaaa at 0xa0008108
[56762.294708] PUF Read:0xaaaaaaaa at 0xa000810c
[56762.294769] PUF Read:0xaaaaaaaa at 0xa0008110
[56762.294799] PUF Read:0xaaaaaaaa at 0xa0008114
[56762.294799] PUF Read:0xaaaaaaaa at 0xa0008118
[56762.294799] PUF Read:0xaaaaaaaa at 0xa000811c
[56762.294799] PUF Read:0xaaaaaaaa at 0xa0008120
[56762.294799] PUF Read:0xaaaaaaaa at 0xa0008124
[56762.294799] PUF Read:0xaaaaaaaa at 0xa0008128
[56762.294952] PUF Read:0xaaaaaaaa at 0xa000812c
[56762.294952] PUF Read:0xaaaaaaaa at 0xa0008130
[56762.294952] PUF Read:0xaaaaaaaa at 0xa0008134
[56762.294952] PUF Read:0xaa8aaaaa at 0xa0008138
[56762.295043] PUF Read:0xaaaaaaaa at 0xa000813c
[56762.295043] PUF Read:0xaaaaaaaa at 0xa0008140
[56762.295104] PUF Read:0xaaaaaaaa at 0xa0008144
[56762.295135] PUF Read:0xaabaaeaa at 0xa0008148
[56762.295135] PUF Read:0xaaaaaaaa at 0xa000814c
[56762.295135] PUF Read:0xaaaaaaaa at 0xa0008150
[56762.295196] PUF Read:0xaaaaaaaa at 0xa0008154
[56762.295196] PUF Read:0xaaaaaaaa at 0xa0008158
[56762.295257] PUF Read:0xaaaaaaea at 0xa000815c
[56762.295288] PUF Read:0xaaaaaaaa at 0xa0008160
[56762.295288] PUF Read:0xaaaaaaaa at 0xa0008164
[56762.295288] PUF Read:0xaaaaaaaa at 0xa0008168
[56762.295288] PUF Read:0xaaaaaaaa at 0xa000816c
[56762.295288] PUF Read:0xaaaaaaaa at 0xa0008170
[56762.295288] PUF Read:0xaaaaaaaa at 0xa0008174
[56762.295440] PUF Read:0xaaaaaaaa at 0xa0008178
[56762.295471] PUF Read:0xaaaaaaaa at 0xa000817c
[56762.295471] PUF Read:0xaaaaaa2a at 0xa0008180
[56762.295471] PUF Read:0xaaaaaaaa at 0xa0008184
[56762.295532] PUF Read:0xaaaaaaaa at 0xa0008188
[56762.295532] PUF Read:0xaaaaaaaa at 0xa000818c
[56762.295593] PUF Read:0xaaaaaaaa at 0xa0008190
[56762.295623] PUF Read:0xaaaaaaaa at 0xa0008194
[56762.295623] PUF Read:0xaaaaaaaa at 0xa0008198
[56762.295623] PUF Read:0xaaaaaaaa at 0xa000819c
[56762.295684] PUF Read:0xaaaaaaaa at 0xa00081a0
[56762.295684] PUF Read:0xaaaaaaaa at 0xa00081a4
[56762.295745] PUF Read:0xaaaaaaaa at 0xa00081a8
[56762.295776] PUF Read:0xaaaaaaaa at 0xa00081ac
[56762.295776] PUF Read:0xaaeaaaaa at 0xa00081b0
[56762.295776] PUF Read:0xaaaaaaaa at 0xa00081b4
[56762.295776] PUF Read:0xaaaaaaaa at 0xa00081b8
[56762.295776] PUF Read:0xaaaaaaaa at 0xa00081bc
[56762.295776] PUF Read:0xaaaaaaaa at 0xa00081c0
[56762.295928] PUF Read:0xaaaaaaae at 0xa00081c4
[56762.295928] PUF Read:0xaaaaaaaa at 0xa00081c8
[56762.295928] PUF Read:0xaaaaaaaa at 0xa00081cc
[56762.295928] PUF Read:0xaaaaaaaa at 0xa00081d0
[56762.295928] PUF Read:0xaaaaaaaa at 0xa00081d4
[56762.295928] PUF Read:0xaaaaaaaa at 0xa00081d8
[56762.296081] PUF Read:0xaaaaaaaa at 0xa00081dc
[56762.296112] PUF Read:0xaaaaaaaa at 0xa00081e0
[56762.296112] PUF Read:0xaaaaaaaa at 0xa00081e4
[56762.296173] PUF Read:0xaaaaaaaa at 0xa00081e8
[56762.296173] PUF Read:0xaa2aaaaa at 0xa00081ec
[56762.296173] PUF Read:0xaaaaaaaa at 0xa00081f0
[56762.296173] PUF Read:0xaaaaaaaa at 0xa00081f4
[56762.296264] PUF Read:0xaaaaaaa2 at 0xa00081f8
[56762.296264] PUF Read:0xaaaaaaaa at 0xa00081fc
[56762.296264] PUF Read:0xaaaaaaaa at 0xa0008200
[56762.296264] PUF Read:0xaaaaaaaa at 0xa0008204
[56762.296356] PUF Read:0xaaaaaaaa at 0xa0008208
[56762.296356] PUF Read:0xa8aaaaaa at 0xa000820c
[56762.296417] PUF Read:0xaaaaaaaa at 0xa0008210
[56762.296447] PUF Read:0xaaaaaaaa at 0xa0008214
[56762.296447] PUF Read:0xaaaaaaaa at 0xa0008218
[56762.296447] PUF Read:0xaaaaaaaa at 0xa000821c
[56762.296508] PUF Read:0xaaaaaaaa at 0xa0008220
[56762.296508] PUF Read:0xaaaaaaaa at 0xa0008224
[56762.296569] PUF Read:0xaaaaaaaa at 0xa0008228
[56762.296600] PUF Read:0xaaaaaaaa at 0xa000822c
[56762.296600] PUF Read:0xaaaaaaaa at 0xa0008230
[56762.296600] PUF Read:0xaaaaaaaa at 0xa0008234
[56762.296600] PUF Read:0xaaaaaaaa at 0xa0008238
[56762.296600] PUF Read:0xaaaaaaaa at 0xa000823c
[56762.296600] PUF Read:0xaaaaaaaa at 0xa0008240
[56762.296752] PUF Read:0xaaaaaaaa at 0xa0008244
[56762.296752] PUF Read:0xaaaaaaaa at 0xa0008248
[56762.296752] PUF Read:0xaaaaaaaa at 0xa000824c
[56762.296752] PUF Read:0xaaaaaaaa at 0xa0008250
[56762.296844] PUF Read:0xaaaaaaaa at 0xa0008254
[56762.296844] PUF Read:0xaaaaaaaa at 0xa0008258
[56762.296905] PUF Read:0xaaaaaaaa at 0xa000825c
[56762.296936] PUF Read:0xaaaaaaaa at 0xa0008260
[56762.296936] PUF Read:0xaaaaaaaa at 0xa0008264
[56762.296997] PUF Read:0xaaaaaaaa at 0xa0008268
[56762.296997] PUF Read:0xaaaaaaaa at 0xa000826c
[56762.296997] PUF Read:0xaaaaaaaa at 0xa0008270
[56762.296997] PUF Read:0xaaaaaaaa at 0xa0008274
[56762.297088] PUF Read:0xaaaaaaaa at 0xa0008278
[56762.297088] PUF Read:0xaaaaaaaa at 0xa000827c
[56762.297088] PUF Read:0xaaaaaaaa at 0xa0008280
[56762.297088] PUF Read:0xaaaaaaaa at 0xa0008284
[56762.297180] PUF Read:0xaaaaaaaa at 0xa0008288
[56762.297180] PUF Read:0xaaaaaaaa at 0xa000828c
[56762.297241] PUF Read:0xaaaaaaaa at 0xa0008290
[56762.297271] PUF Read:0xaaaaaaaa at 0xa0008294
[56762.297271] PUF Read:0xaaaaaaaa at 0xa0008298
[56762.297271] PUF Read:0xaaaaaaaa at 0xa000829c
[56762.297332] PUF Read:0xaaaaaaaa at 0xa00082a0
[56762.297332] PUF Read:0xaaaaaaaa at 0xa00082a4
[56762.297393] PUF Read:0xaaaaaaaa at 0xa00082a8
[56762.297424] PUF Read:0xaaaaaaaa at 0xa00082ac
[56762.297424] PUF Read:0xaaaaaaaa at 0xa00082b0
[56762.297485] PUF Read:0xaaaaaaaa at 0xa00082b4
[56762.297485] PUF Read:0xaaaaaaea at 0xa00082b8
[56762.297485] PUF Read:0xaaaaaaaa at 0xa00082bc
[56762.297485] PUF Read:0xaaaaaaaa at 0xa00082c0
[56762.297576] PUF Read:0xaaaaaaaa at 0xa00082c4
[56762.297576] PUF Read:0xaaaaaaaa at 0xa00082c8
[56762.297576] PUF Read:0xaaaaaaaa at 0xa00082cc
[56762.297576] PUF Read:0xaaaaaaaa at 0xa00082d0
[56762.297668] PUF Read:0xaaaaaaaa at 0xa00082d4
[56762.297668] PUF Read:0xaaaaaaaa at 0xa00082d8
[56762.297729] PUF Read:0xaaaaaaaa at 0xa00082dc
[56762.297760] PUF Read:0xaaaaaaaa at 0xa00082e0
[56762.297760] PUF Read:0xaaaaaaaa at 0xa00082e4
[56762.297821] PUF Read:0xaaaaaaaa at 0xa00082e8
[56762.297821] PUF Read:0xaaaaaaaa at 0xa00082ec
[56762.297821] PUF Read:0xaaaaaaaa at 0xa00082f0
[56762.297821] PUF Read:0xaaaaaaaa at 0xa00082f4
[56762.297912] PUF Read:0xaaaaaaaa at 0xa00082f8
[56762.297912] PUF Read:0xaaaaaaaa at 0xa00082fc
[56762.297912] PUF Read:0xaaaaaaaa at 0xa0008300
[56762.297912] PUF Read:0xaaaaaaaa at 0xa0008304
[56762.298004] PUF Read:0xaaaaaaaa at 0xa0008308
[56762.298004] PUF Read:0xaaaaaaaa at 0xa000830c
[56762.298065] PUF Read:0xaaaaaaaa at 0xa0008310
[56762.298095] PUF Read:0xaaaaaaaa at 0xa0008314
[56762.298095] PUF Read:0xaaaaaaaa at 0xa0008318
[56762.298095] PUF Read:0xbaaaaaaa at 0xa000831c
[56762.298156] PUF Read:0xaaaaaaaa at 0xa0008320
[56762.298156] PUF Read:0xaaaaaaaa at 0xa0008324
[56762.298217] PUF Read:0xaaaaaaaa at 0xa0008328
[56762.298248] PUF Read:0xaaaaaaaa at 0xa000832c
[56762.298248] PUF Read:0xaaaaaaae at 0xa0008330
[56762.298309] PUF Read:0xaaaaaaaa at 0xa0008334
[56762.298309] PUF Read:0xaaaaaaaa at 0xa0008338
[56762.298309] PUF Read:0xaaaaaaaa at 0xa000833c
[56762.298309] PUF Read:0xaaaaaaaa at 0xa0008340
[56762.298400] PUF Read:0xaaaaaaaa at 0xa0008344
[56762.298400] PUF Read:0xaaaaaaaa at 0xa0008348
[56762.298400] PUF Read:0xaaaaaaaa at 0xa000834c
[56762.298400] PUF Read:0xaaaaaaaa at 0xa0008350
[56762.298492] PUF Read:0xaaaaaaaa at 0xa0008354
[56762.298492] PUF Read:0xaaaaaaaa at 0xa0008358
[56762.298553] PUF Read:0xaaaaaaaa at 0xa000835c
[56762.298583] PUF Read:0xaaabaaaa at 0xa0008360
[56762.298583] PUF Read:0xaaaaaaaa at 0xa0008364
[56762.298583] PUF Read:0xaaaaaaaa at 0xa0008368
[56762.298645] PUF Read:0xaaaaaaaa at 0xa000836c
[56762.298645] PUF Read:0xaaaaaaaa at 0xa0008370
[56762.298706] PUF Read:0xaaaaaaaa at 0xa0008374
[56762.298736] PUF Read:0xaaaaaaaa at 0xa0008378
[56762.298736] PUF Read:0xaaaaaaaa at 0xa000837c
[56762.298736] PUF Read:0xaaaaaaaa at 0xa0008380
[56762.298797] PUF Read:0xaaaaaaaa at 0xa0008384
[56762.298797] PUF Read:0xaaaaaaaa at 0xa0008388
[56762.298858] PUF Read:0xaaaaaaaa at 0xa000838c
[56762.298889] PUF Read:0xaaaaaaaa at 0xa0008390
[56762.298889] PUF Read:0xaaaaaaaa at 0xa0008394
[56762.298889] PUF Read:0xaaaaaaaa at 0xa0008398
[56762.298950] PUF Read:0xaaa2aaaa at 0xa000839c
[56762.298950] PUF Read:0xaaaaaaaa at 0xa00083a0
[56762.299011] PUF Read:0xaaaaaaaa at 0xa00083a4
[56762.299041] PUF Read:0xaaaaaaaa at 0xa00083a8
[56762.299041] PUF Read:0xaaaaaaaa at 0xa00083ac
[56762.299102] PUF Read:0xaaaaaaa2 at 0xa00083b0
[56762.299102] PUF Read:0xaaaaaaaa at 0xa00083b4
[56762.299102] PUF Read:0xaaaaaaaa at 0xa00083b8
[56762.299102] PUF Read:0xaaaaaaaa at 0xa00083bc
[56762.299194] PUF Read:0xaaaaaaaa at 0xa00083c0
[56762.299224] PUF Read:0xaaaaaaaa at 0xa00083c4
[56762.299224] PUF Read:0xaaaaaaaa at 0xa00083c8
[56762.299224] PUF Read:0xaaaaaaaa at 0xa00083cc
[56762.299285] PUF Read:0xaaaaaaaa at 0xa00083d0
[56762.299316] PUF Read:0xaaabaaaa at 0xa00083d4
[56762.299316] PUF Read:0xaaaaaaaa at 0xa00083d8
[56762.299316] PUF Read:0xaaaaaaaa at 0xa00083dc
[56762.299316] PUF Read:0xaaaaaaaa at 0xa00083e0
[56762.299468] PUF Read:0xaaaaaaaa at 0xa00083e4
[56762.299468] PUF Read:0xaaaaaaaa at 0xa00083e8
[56762.299468] PUF Read:0xaaaaaaaa at 0xa00083ec
[56762.299468] PUF Read:0xaaaaaaaa at 0xa00083f0
[56762.299560] PUF Read:0xaaaaaaaa at 0xa00083f4
[56762.299560] PUF Read:0xaaaaaaae at 0xa00083f8
[56762.299621] PUF Read:0xaaaeaaaa at 0xa00083fc
[56762.299652] [i] Finished PUF read-out
[56762.299652] <6>[i] Finished PUF query for decaytime: 7680
[56762.299652] [i] Start decaytime: 120
[56762.299682] EMIF 2 REG Write 0x80000000 at 0x4d000010
[56762.299682] EMIF 2 REG Read 0x80000000 at 0x4d000010
[56762.299713] EMIF 2 REG Write 0x80000000 at 0x4d000014
[56762.299713] EMIF 2 REG Read 0x00000000 at 0x4d000014
[56762.299743] EMIF 2 REG Write 0x08016893 at 0x4d0000cc
[56762.299743] EMIF 2 REG Read 0x08016893 at 0x4d0000cc
[56762.299743] Temp polling alert disabled
[56762.299774] Refresh Disabled at EMIF2
[56762.299774] [i] Initialiting PUF & hammer rows
[56762.299774] [i] Single-Sided Rowhammer (SSRH)
[56762.299774] [i] Finished initialiting PUF & hammer rows
[56762.306457] [i]	Timer elapsed since its reset 0 sec
[56762.306457] [i] Decay: 120 sec
[56762.306457] [i]	Relative Decay: 0 msec
