[ 1769.783752] [i] Total hammer attempts per row: 1862751
[ 1769.783813] EMIF 2 REG Write 0x00000618 at 0x4d000010
[ 1769.783843] EMIF 2 REG Read 0x00000618 at 0x4d000010
[ 1769.783843] EMIF 2 REG Write 0x00000618 at 0x4d000014
[ 1769.783874] EMIF 2 REG Read 0x00000618 at 0x4d000014
[ 1769.783874] EMIF 2 REG Write 0x58016893 at 0x4d0000cc
[ 1769.783874] EMIF 2 REG Read 0x58016893 at 0x4d0000cc
[ 1769.783905] Temp polling alert enabled
[ 1769.783905] Refresh enabled at EMIF2
[ 1769.783905] [i] Starting PUF read-out
[ 1769.783935] [i] Single-Sided Rowhammer (SSRH)
[ 1769.783935] PUF Read:0x00000000 at 0xa0008000
[ 1769.783935] PUF Read:0x00000000 at 0xa0008004
[ 1769.783935] PUF Read:0x00000000 at 0xa0008008
[ 1769.783935] PUF Read:0x00000000 at 0xa000800c
[ 1769.784057] PUF Read:0x00000000 at 0xa0008010
[ 1769.784057] PUF Read:0x00000100 at 0xa0008014
[ 1769.784057] PUF Read:0x00000000 at 0xa0008018
[ 1769.784057] PUF Read:0x00000000 at 0xa000801c
[ 1769.784149] PUF Read:0x00000000 at 0xa0008020
[ 1769.784149] PUF Read:0x00000000 at 0xa0008024
[ 1769.784210] PUF Read:0x00000000 at 0xa0008028
[ 1769.784240] PUF Read:0x00000000 at 0xa000802c
[ 1769.784240] PUF Read:0x00000000 at 0xa0008030
[ 1769.784240] PUF Read:0x00000000 at 0xa0008034
[ 1769.784301] PUF Read:0x00000000 at 0xa0008038
[ 1769.784301] PUF Read:0x00000000 at 0xa000803c
[ 1769.784362] PUF Read:0x00000001 at 0xa0008040
[ 1769.784362] PUF Read:0x00004000 at 0xa0008044
[ 1769.784362] PUF Read:0x00000000 at 0xa0008048
[ 1769.784362] PUF Read:0x00000000 at 0xa000804c
[ 1769.784454] PUF Read:0x00000000 at 0xa0008050
[ 1769.784454] PUF Read:0x00000000 at 0xa0008054
[ 1769.784515] PUF Read:0x00000000 at 0xa0008058
[ 1769.784545] PUF Read:0x00000000 at 0xa000805c
[ 1769.784545] PUF Read:0x00000000 at 0xa0008060
[ 1769.784545] PUF Read:0x00000000 at 0xa0008064
[ 1769.784606] PUF Read:0x00000000 at 0xa0008068
[ 1769.784606] PUF Read:0x00000000 at 0xa000806c
[ 1769.784667] PUF Read:0x00000000 at 0xa0008070
[ 1769.784667] PUF Read:0x00000000 at 0xa0008074
[ 1769.784667] PUF Read:0x00000000 at 0xa0008078
[ 1769.784667] PUF Read:0x00000000 at 0xa000807c
[ 1769.784667] PUF Read:0x00000000 at 0xa0008080
[ 1769.784667] PUF Read:0x00000000 at 0xa0008084
[ 1769.784820] PUF Read:0x00000000 at 0xa0008088
[ 1769.784820] PUF Read:0x00000000 at 0xa000808c
[ 1769.784881] PUF Read:0x00000000 at 0xa0008090
[ 1769.784881] PUF Read:0x00000000 at 0xa0008094
[ 1769.784881] PUF Read:0x00010000 at 0xa0008098
[ 1769.784942] PUF Read:0x00000000 at 0xa000809c
[ 1769.784973] PUF Read:0x00000000 at 0xa00080a0
[ 1769.784973] PUF Read:0x00000000 at 0xa00080a4
[ 1769.784973] PUF Read:0x00000000 at 0xa00080a8
[ 1769.785034] PUF Read:0x00000040 at 0xa00080ac
[ 1769.785034] PUF Read:0x00000000 at 0xa00080b0
[ 1769.785095] PUF Read:0x00000000 at 0xa00080b4
[ 1769.785125] PUF Read:0x00000000 at 0xa00080b8
[ 1769.785125] PUF Read:0x00000000 at 0xa00080bc
[ 1769.785125] PUF Read:0x00000000 at 0xa00080c0
[ 1769.785186] PUF Read:0x00000000 at 0xa00080c4
[ 1769.785186] PUF Read:0x00000000 at 0xa00080c8
[ 1769.785247] PUF Read:0x00000000 at 0xa00080cc
[ 1769.785278] PUF Read:0x40000000 at 0xa00080d0
[ 1769.785278] PUF Read:0x00000000 at 0xa00080d4
[ 1769.785278] PUF Read:0x00000000 at 0xa00080d8
[ 1769.785339] PUF Read:0x00000000 at 0xa00080dc
[ 1769.785339] PUF Read:0x01000000 at 0xa00080e0
[ 1769.785400] PUF Read:0x00000000 at 0xa00080e4
[ 1769.785430] PUF Read:0x00000000 at 0xa00080e8
[ 1769.785430] PUF Read:0x00000001 at 0xa00080ec
[ 1769.785430] PUF Read:0x00000000 at 0xa00080f0
[ 1769.785430] PUF Read:0x00000000 at 0xa00080f4
[ 1769.785430] PUF Read:0x00000000 at 0xa00080f8
[ 1769.785430] PUF Read:0x00000000 at 0xa00080fc
[ 1769.785583] PUF Read:0x00000000 at 0xa0008100
[ 1769.785583] PUF Read:0x00000000 at 0xa0008104
[ 1769.785583] PUF Read:0x00000000 at 0xa0008108
[ 1769.785583] PUF Read:0x00000000 at 0xa000810c
[ 1769.785583] PUF Read:0x00000000 at 0xa0008110
[ 1769.785705] PUF Read:0x00000000 at 0xa0008114
[ 1769.785736] PUF Read:0x00000000 at 0xa0008118
[ 1769.785736] PUF Read:0x00000000 at 0xa000811c
[ 1769.785736] PUF Read:0x00000000 at 0xa0008120
[ 1769.785797] PUF Read:0x00000000 at 0xa0008124
[ 1769.785797] PUF Read:0x00000000 at 0xa0008128
[ 1769.785858] PUF Read:0x00000000 at 0xa000812c
[ 1769.785888] PUF Read:0x00000000 at 0xa0008130
[ 1769.785888] PUF Read:0x00000000 at 0xa0008134
[ 1769.785888] PUF Read:0x00000000 at 0xa0008138
[ 1769.785949] PUF Read:0x00000000 at 0xa000813c
[ 1769.785949] PUF Read:0x00000000 at 0xa0008140
[ 1769.786010] PUF Read:0x00000000 at 0xa0008144
[ 1769.786041] PUF Read:0x00100400 at 0xa0008148
[ 1769.786041] PUF Read:0x00000000 at 0xa000814c
[ 1769.786041] PUF Read:0x00000000 at 0xa0008150
[ 1769.786102] PUF Read:0x00000000 at 0xa0008154
[ 1769.786102] PUF Read:0x00000000 at 0xa0008158
[ 1769.786163] PUF Read:0x00000040 at 0xa000815c
[ 1769.786193] PUF Read:0x00000000 at 0xa0008160
[ 1769.786193] PUF Read:0x00000000 at 0xa0008164
[ 1769.786193] PUF Read:0x00000000 at 0xa0008168
[ 1769.786254] PUF Read:0x00400000 at 0xa000816c
[ 1769.786254] PUF Read:0x00000000 at 0xa0008170
[ 1769.786315] PUF Read:0x00000000 at 0xa0008174
[ 1769.786346] PUF Read:0x00000000 at 0xa0008178
[ 1769.786346] PUF Read:0x00000000 at 0xa000817c
[ 1769.786346] PUF Read:0x00000000 at 0xa0008180
[ 1769.786346] PUF Read:0x00000000 at 0xa0008184
[ 1769.786346] PUF Read:0x00000000 at 0xa0008188
[ 1769.786468] PUF Read:0x00000000 at 0xa000818c
[ 1769.786468] PUF Read:0x00000000 at 0xa0008190
[ 1769.786468] PUF Read:0x00000000 at 0xa0008194
[ 1769.786468] PUF Read:0x00000000 at 0xa0008198
[ 1769.786468] PUF Read:0x00000000 at 0xa000819c
[ 1769.786468] PUF Read:0x00000000 at 0xa00081a0
[ 1769.786621] PUF Read:0x00000000 at 0xa00081a4
[ 1769.786621] PUF Read:0x00000000 at 0xa00081a8
[ 1769.786682] PUF Read:0x00000000 at 0xa00081ac
[ 1769.786682] PUF Read:0x00400000 at 0xa00081b0
[ 1769.786682] PUF Read:0x00000000 at 0xa00081b4
[ 1769.786743] PUF Read:0x00000000 at 0xa00081b8
[ 1769.786773] PUF Read:0x00000000 at 0xa00081bc
[ 1769.786773] PUF Read:0x00000000 at 0xa00081c0
[ 1769.786773] PUF Read:0x00000004 at 0xa00081c4
[ 1769.786834] PUF Read:0x00000000 at 0xa00081c8
[ 1769.786834] PUF Read:0x00000000 at 0xa00081cc
[ 1769.786834] PUF Read:0x10000000 at 0xa00081d0
[ 1769.786926] PUF Read:0x00000000 at 0xa00081d4
[ 1769.786956] PUF Read:0x00000000 at 0xa00081d8
[ 1769.786956] PUF Read:0x00000000 at 0xa00081dc
[ 1769.786956] PUF Read:0x00000000 at 0xa00081e0
[ 1769.787017] PUF Read:0x00000040 at 0xa00081e4
[ 1769.787017] PUF Read:0x00000000 at 0xa00081e8
[ 1769.787078] PUF Read:0x00000000 at 0xa00081ec
[ 1769.787109] PUF Read:0x00000000 at 0xa00081f0
[ 1769.787109] PUF Read:0x00000400 at 0xa00081f4
[ 1769.787109] PUF Read:0x00000000 at 0xa00081f8
[ 1769.787170] PUF Read:0x00000000 at 0xa00081fc
[ 1769.787170] PUF Read:0x00000000 at 0xa0008200
[ 1769.787231] PUF Read:0x00000000 at 0xa0008204
[ 1769.787261] PUF Read:0x00000000 at 0xa0008208
[ 1769.787261] PUF Read:0x00000000 at 0xa000820c
[ 1769.787261] PUF Read:0x00000000 at 0xa0008210
[ 1769.787322] PUF Read:0x00000000 at 0xa0008214
[ 1769.787322] PUF Read:0x00000000 at 0xa0008218
[ 1769.787384] PUF Read:0x00000000 at 0xa000821c
[ 1769.787414] PUF Read:0x00000000 at 0xa0008220
[ 1769.787414] PUF Read:0x00000000 at 0xa0008224
[ 1769.787414] PUF Read:0x00000000 at 0xa0008228
[ 1769.787475] PUF Read:0x00000000 at 0xa000822c
[ 1769.787475] PUF Read:0x00000000 at 0xa0008230
[ 1769.787536] PUF Read:0x00400000 at 0xa0008234
[ 1769.787567] PUF Read:0x00000000 at 0xa0008238
[ 1769.787567] PUF Read:0x00000000 at 0xa000823c
[ 1769.787567] PUF Read:0x00000000 at 0xa0008240
[ 1769.787628] PUF Read:0x00000000 at 0xa0008244
[ 1769.787628] PUF Read:0x00000000 at 0xa0008248
[ 1769.787689] PUF Read:0x00000000 at 0xa000824c
[ 1769.787689] PUF Read:0x00000000 at 0xa0008250
[ 1769.787689] PUF Read:0x00000000 at 0xa0008254
[ 1769.787689] PUF Read:0x00000000 at 0xa0008258
[ 1769.787689] PUF Read:0x00000000 at 0xa000825c
[ 1769.787689] PUF Read:0x00000000 at 0xa0008260
[ 1769.787841] PUF Read:0x00000000 at 0xa0008264
[ 1769.787841] PUF Read:0x00000000 at 0xa0008268
[ 1769.787902] PUF Read:0x00000000 at 0xa000826c
[ 1769.787902] PUF Read:0x00000000 at 0xa0008270
[ 1769.787902] PUF Read:0x00000000 at 0xa0008274
[ 1769.787963] PUF Read:0x00000000 at 0xa0008278
[ 1769.787994] PUF Read:0x00000000 at 0xa000827c
[ 1769.787994] PUF Read:0x00000000 at 0xa0008280
[ 1769.787994] PUF Read:0x00000000 at 0xa0008284
[ 1769.787994] PUF Read:0x00000000 at 0xa0008288
[ 1769.787994] PUF Read:0x00000000 at 0xa000828c
[ 1769.788116] PUF Read:0x00000000 at 0xa0008290
[ 1769.788146] PUF Read:0x00000000 at 0xa0008294
[ 1769.788146] PUF Read:0x00000000 at 0xa0008298
[ 1769.788146] PUF Read:0x00000000 at 0xa000829c
[ 1769.788208] PUF Read:0x00000000 at 0xa00082a0
[ 1769.788208] PUF Read:0x00000000 at 0xa00082a4
[ 1769.788269] PUF Read:0x00000000 at 0xa00082a8
[ 1769.788299] PUF Read:0x00000000 at 0xa00082ac
[ 1769.788299] PUF Read:0x00000000 at 0xa00082b0
[ 1769.788299] PUF Read:0x00000000 at 0xa00082b4
[ 1769.788299] PUF Read:0x00000040 at 0xa00082b8
[ 1769.788299] PUF Read:0x00000000 at 0xa00082bc
[ 1769.788299] PUF Read:0x00000000 at 0xa00082c0
[ 1769.788452] PUF Read:0x00000000 at 0xa00082c4
[ 1769.788452] PUF Read:0x10000000 at 0xa00082c8
[ 1769.788452] PUF Read:0x00000000 at 0xa00082cc
[ 1769.788452] PUF Read:0x00000000 at 0xa00082d0
[ 1769.788452] PUF Read:0x00000000 at 0xa00082d4
[ 1769.788452] PUF Read:0x00000000 at 0xa00082d8
[ 1769.788604] PUF Read:0x00000000 at 0xa00082dc
[ 1769.788604] PUF Read:0x00000000 at 0xa00082e0
[ 1769.788604] PUF Read:0x00000400 at 0xa00082e4
[ 1769.788604] PUF Read:0x00000000 at 0xa00082e8
[ 1769.788604] PUF Read:0x00000000 at 0xa00082ec
[ 1769.788604] PUF Read:0x00000000 at 0xa00082f0
[ 1769.788757] PUF Read:0x00000000 at 0xa00082f4
[ 1769.788757] PUF Read:0x00000000 at 0xa00082f8
[ 1769.788818] PUF Read:0x00000000 at 0xa00082fc
[ 1769.788818] PUF Read:0x00000000 at 0xa0008300
[ 1769.788818] PUF Read:0x00000000 at 0xa0008304
[ 1769.788879] PUF Read:0x00000000 at 0xa0008308
[ 1769.788909] PUF Read:0x00000000 at 0xa000830c
[ 1769.788909] PUF Read:0x00000000 at 0xa0008310
[ 1769.788970] PUF Read:0x00000000 at 0xa0008314
[ 1769.788970] PUF Read:0x00000000 at 0xa0008318
[ 1769.788970] PUF Read:0x10000000 at 0xa000831c
[ 1769.789031] PUF Read:0x00000000 at 0xa0008320
[ 1769.789062] PUF Read:0x00000000 at 0xa0008324
[ 1769.789062] PUF Read:0x00000000 at 0xa0008328
[ 1769.789062] PUF Read:0x00000000 at 0xa000832c
[ 1769.789123] PUF Read:0x00000004 at 0xa0008330
[ 1769.789123] PUF Read:0x00000000 at 0xa0008334
[ 1769.789184] PUF Read:0x00000000 at 0xa0008338
[ 1769.789215] PUF Read:0x00000000 at 0xa000833c
[ 1769.789215] PUF Read:0x00000000 at 0xa0008340
[ 1769.789215] PUF Read:0x00000000 at 0xa0008344
[ 1769.789276] PUF Read:0x00000000 at 0xa0008348
[ 1769.789276] PUF Read:0x00000000 at 0xa000834c
[ 1769.789337] PUF Read:0x00000000 at 0xa0008350
[ 1769.789367] PUF Read:0x00000000 at 0xa0008354
[ 1769.789367] PUF Read:0x00000000 at 0xa0008358
[ 1769.789367] PUF Read:0x00000000 at 0xa000835c
[ 1769.789428] PUF Read:0x00010000 at 0xa0008360
[ 1769.789428] PUF Read:0x00000000 at 0xa0008364
[ 1769.789489] PUF Read:0x00000000 at 0xa0008368
[ 1769.789520] PUF Read:0x00000000 at 0xa000836c
[ 1769.789520] PUF Read:0x00000000 at 0xa0008370
[ 1769.789520] PUF Read:0x00000000 at 0xa0008374
[ 1769.789581] PUF Read:0x00000000 at 0xa0008378
[ 1769.789581] PUF Read:0x00000000 at 0xa000837c
[ 1769.789642] PUF Read:0x00000000 at 0xa0008380
[ 1769.789672] PUF Read:0x00000000 at 0xa0008384
[ 1769.789672] PUF Read:0x00000000 at 0xa0008388
[ 1769.789672] PUF Read:0x00000000 at 0xa000838c
[ 1769.789733] PUF Read:0x00000000 at 0xa0008390
[ 1769.789733] PUF Read:0x00000000 at 0xa0008394
[ 1769.789794] PUF Read:0x00000000 at 0xa0008398
[ 1769.789825] PUF Read:0x00000000 at 0xa000839c
[ 1769.789825] PUF Read:0x00000000 at 0xa00083a0
[ 1769.789825] PUF Read:0x00000000 at 0xa00083a4
[ 1769.789886] PUF Read:0x00000000 at 0xa00083a8
[ 1769.789886] PUF Read:0x00000000 at 0xa00083ac
[ 1769.789886] PUF Read:0x00000000 at 0xa00083b0
[ 1769.789978] PUF Read:0x00000000 at 0xa00083b4
[ 1769.789978] PUF Read:0x00000000 at 0xa00083b8
[ 1769.789978] PUF Read:0x00000000 at 0xa00083bc
[ 1769.789978] PUF Read:0x00000000 at 0xa00083c0
[ 1769.789978] PUF Read:0x00000000 at 0xa00083c4
[ 1769.789978] PUF Read:0x00000000 at 0xa00083c8
[ 1769.790130] PUF Read:0x00000000 at 0xa00083cc
[ 1769.790130] PUF Read:0x00000000 at 0xa00083d0
[ 1769.790130] PUF Read:0x00010000 at 0xa00083d4
[ 1769.790130] PUF Read:0x00000000 at 0xa00083d8
[ 1769.790130] PUF Read:0x00000000 at 0xa00083dc
[ 1769.790252] PUF Read:0x00000000 at 0xa00083e0
[ 1769.790283] PUF Read:0x00000000 at 0xa00083e4
[ 1769.790283] PUF Read:0x00000000 at 0xa00083e8
[ 1769.790344] PUF Read:0x00000000 at 0xa00083ec
[ 1769.790344] PUF Read:0x00000000 at 0xa00083f0
[ 1769.790344] PUF Read:0x00000000 at 0xa00083f4
[ 1769.790405] PUF Read:0x00000004 at 0xa00083f8
[ 1769.790435] PUF Read:0x00040000 at 0xa00083fc
[ 1769.790435] [i] Finished PUF read-out
[ 1769.790466] <6>[i] Finished PUF query for decaytime: 7680
[ 1769.790466] [i] Start decaytime: 120
[ 1769.790496] EMIF 2 REG Write 0x80000000 at 0x4d000010
[ 1769.790496] EMIF 2 REG Read 0x80000000 at 0x4d000010
[ 1769.790527] EMIF 2 REG Write 0x80000000 at 0x4d000014
[ 1769.790527] EMIF 2 REG Read 0x00000000 at 0x4d000014
[ 1769.790527] EMIF 2 REG Write 0x08016893 at 0x4d0000cc
[ 1769.790557] EMIF 2 REG Read 0x08016893 at 0x4d0000cc
[ 1769.790557] Temp polling alert disabled
[ 1769.790557] Refresh Disabled at EMIF2
[ 1769.790588] [i] Initialiting PUF & hammer rows
[ 1769.790588] [i] Single-Sided Rowhammer (SSRH)
[ 1769.791534] [i] Finished initialiting PUF & hammer rows
[ 1769.791534] [i]	Timer elapsed since its reset 0 sec
[ 1769.797363] [i] Decay: 120 sec
[ 1769.797363] [i]	Relative Decay: 0 msec
