[23586.822875] [i] Total hammer attempts per row: 1863511
[23586.822875] EMIF 2 REG Write 0x00000618 at 0x4d000010
[23586.822906] EMIF 2 REG Read 0x00000618 at 0x4d000010
[23586.822906] EMIF 2 REG Write 0x00000618 at 0x4d000014
[23586.822937] EMIF 2 REG Read 0x00000618 at 0x4d000014
[23586.822937] EMIF 2 REG Write 0x58016893 at 0x4d0000cc
[23586.822967] EMIF 2 REG Read 0x58016893 at 0x4d0000cc
[23586.822967] Temp polling alert enabled
[23586.822967] Refresh enabled at EMIF2
[23586.822998] [i] Starting PUF read-out
[23586.822998] [i] Single-Sided Rowhammer (SSRH)
[23586.823028] PUF Read:0x00000000 at 0xa0008000
[23586.823028] PUF Read:0x00000000 at 0xa0008004
[23586.823028] PUF Read:0x00000000 at 0xa0008008
[23586.823028] PUF Read:0x00000000 at 0xa000800c
[23586.823028] PUF Read:0x00000000 at 0xa0008010
[23586.823028] PUF Read:0x00000100 at 0xa0008014
[23586.823181] PUF Read:0x00000000 at 0xa0008018
[23586.823211] PUF Read:0x00000000 at 0xa000801c
[23586.823211] PUF Read:0x00000000 at 0xa0008020
[23586.823272] PUF Read:0x40004000 at 0xa0008024
[23586.823272] PUF Read:0x00000000 at 0xa0008028
[23586.823272] PUF Read:0x00000000 at 0xa000802c
[23586.823333] PUF Read:0x00000000 at 0xa0008030
[23586.823364] PUF Read:0x00000000 at 0xa0008034
[23586.823364] PUF Read:0x00000000 at 0xa0008038
[23586.823364] PUF Read:0x00000000 at 0xa000803c
[23586.823425] PUF Read:0x00000001 at 0xa0008040
[23586.823425] PUF Read:0x00004000 at 0xa0008044
[23586.823486] PUF Read:0x00000000 at 0xa0008048
[23586.823516] PUF Read:0x00000000 at 0xa000804c
[23586.823516] PUF Read:0x00000000 at 0xa0008050
[23586.823516] PUF Read:0x00000000 at 0xa0008054
[23586.823577] PUF Read:0x00000000 at 0xa0008058
[23586.823577] PUF Read:0x00000000 at 0xa000805c
[23586.823638] PUF Read:0x00000000 at 0xa0008060
[23586.823669] PUF Read:0x00000000 at 0xa0008064
[23586.823669] PUF Read:0x00000000 at 0xa0008068
[23586.823669] PUF Read:0x00000000 at 0xa000806c
[23586.823730] PUF Read:0x00000000 at 0xa0008070
[23586.823730] PUF Read:0x00000000 at 0xa0008074
[23586.823791] PUF Read:0x00000000 at 0xa0008078
[23586.823822] PUF Read:0x00000000 at 0xa000807c
[23586.823822] PUF Read:0x00000000 at 0xa0008080
[23586.823822] PUF Read:0x00000000 at 0xa0008084
[23586.823883] PUF Read:0x00000000 at 0xa0008088
[23586.823883] PUF Read:0x00000000 at 0xa000808c
[23586.823944] PUF Read:0x00000000 at 0xa0008090
[23586.823974] PUF Read:0x00000000 at 0xa0008094
[23586.823974] PUF Read:0x00010000 at 0xa0008098
[23586.823974] PUF Read:0x00000000 at 0xa000809c
[23586.824035] PUF Read:0x00000000 at 0xa00080a0
[23586.824035] PUF Read:0x00000000 at 0xa00080a4
[23586.824096] PUF Read:0x00000000 at 0xa00080a8
[23586.824127] PUF Read:0x00000040 at 0xa00080ac
[23586.824127] PUF Read:0x00000000 at 0xa00080b0
[23586.824127] PUF Read:0x00000000 at 0xa00080b4
[23586.824188] PUF Read:0x00004000 at 0xa00080b8
[23586.824188] PUF Read:0x00000000 at 0xa00080bc
[23586.824249] PUF Read:0x00000000 at 0xa00080c0
[23586.824279] PUF Read:0x00000000 at 0xa00080c4
[23586.824279] PUF Read:0x00000000 at 0xa00080c8
[23586.824279] PUF Read:0x00000000 at 0xa00080cc
[23586.824340] PUF Read:0x40004000 at 0xa00080d0
[23586.824340] PUF Read:0x00000000 at 0xa00080d4
[23586.824340] PUF Read:0x00000000 at 0xa00080d8
[23586.824432] PUF Read:0x00000000 at 0xa00080dc
[23586.824462] PUF Read:0x01000000 at 0xa00080e0
[23586.824462] PUF Read:0x00000000 at 0xa00080e4
[23586.824462] PUF Read:0x00000000 at 0xa00080e8
[23586.824523] PUF Read:0x00000001 at 0xa00080ec
[23586.824523] PUF Read:0x00000000 at 0xa00080f0
[23586.824584] PUF Read:0x00000000 at 0xa00080f4
[23586.824615] PUF Read:0x00000000 at 0xa00080f8
[23586.824615] PUF Read:0x00000000 at 0xa00080fc
[23586.824615] PUF Read:0x00000000 at 0xa0008100
[23586.824676] PUF Read:0x00000000 at 0xa0008104
[23586.824676] PUF Read:0x00000000 at 0xa0008108
[23586.824737] PUF Read:0x00000000 at 0xa000810c
[23586.824768] PUF Read:0x00000000 at 0xa0008110
[23586.824768] PUF Read:0x00000000 at 0xa0008114
[23586.824768] PUF Read:0x00000000 at 0xa0008118
[23586.824829] PUF Read:0x00000000 at 0xa000811c
[23586.824829] PUF Read:0x00000000 at 0xa0008120
[23586.824890] PUF Read:0x00000400 at 0xa0008124
[23586.824920] PUF Read:0x00000000 at 0xa0008128
[23586.824920] PUF Read:0x00000000 at 0xa000812c
[23586.824981] PUF Read:0x00000000 at 0xa0008130
[23586.824981] PUF Read:0x00000000 at 0xa0008134
[23586.824981] PUF Read:0x00010000 at 0xa0008138
[23586.824981] PUF Read:0x00000000 at 0xa000813c
[23586.825073] PUF Read:0x00000400 at 0xa0008140
[23586.825073] PUF Read:0x00000000 at 0xa0008144
[23586.825073] PUF Read:0x00100400 at 0xa0008148
[23586.825073] PUF Read:0x00000000 at 0xa000814c
[23586.825073] PUF Read:0x00000000 at 0xa0008150
[23586.825073] PUF Read:0x00000000 at 0xa0008154
[23586.825225] PUF Read:0x00000000 at 0xa0008158
[23586.825225] PUF Read:0x00000040 at 0xa000815c
[23586.825225] PUF Read:0x00000000 at 0xa0008160
[23586.825225] PUF Read:0x00000000 at 0xa0008164
[23586.825225] PUF Read:0x00000000 at 0xa0008168
[23586.825225] PUF Read:0x00400000 at 0xa000816c
[23586.825378] PUF Read:0x00000000 at 0xa0008170
[23586.825408] PUF Read:0x00000000 at 0xa0008174
[23586.825408] PUF Read:0x00000000 at 0xa0008178
[23586.825408] PUF Read:0x00000000 at 0xa000817c
[23586.825469] PUF Read:0x00000000 at 0xa0008180
[23586.825469] PUF Read:0x00000000 at 0xa0008184
[23586.825531] PUF Read:0x00000000 at 0xa0008188
[23586.825561] PUF Read:0x00000000 at 0xa000818c
[23586.825561] PUF Read:0x00000000 at 0xa0008190
[23586.825561] PUF Read:0x40000000 at 0xa0008194
[23586.825622] PUF Read:0x00000000 at 0xa0008198
[23586.825622] PUF Read:0x00000000 at 0xa000819c
[23586.825683] PUF Read:0x00000000 at 0xa00081a0
[23586.825714] PUF Read:0x00000000 at 0xa00081a4
[23586.825714] PUF Read:0x00000000 at 0xa00081a8
[23586.825714] PUF Read:0x00000000 at 0xa00081ac
[23586.825775] PUF Read:0x00400000 at 0xa00081b0
[23586.825775] PUF Read:0x00000000 at 0xa00081b4
[23586.825836] PUF Read:0x00000000 at 0xa00081b8
[23586.825866] PUF Read:0x00000000 at 0xa00081bc
[23586.825866] PUF Read:0x00000000 at 0xa00081c0
[23586.825866] PUF Read:0x00000004 at 0xa00081c4
[23586.825866] PUF Read:0x00000000 at 0xa00081c8
[23586.825958] PUF Read:0x00000000 at 0xa00081cc
[23586.825958] PUF Read:0x10000000 at 0xa00081d0
[23586.826019] PUF Read:0x00000000 at 0xa00081d4
[23586.826049] PUF Read:0x00000000 at 0xa00081d8
[23586.826049] PUF Read:0x00000000 at 0xa00081dc
[23586.826049] PUF Read:0x00000000 at 0xa00081e0
[23586.826110] PUF Read:0x00000040 at 0xa00081e4
[23586.826110] PUF Read:0x00000000 at 0xa00081e8
[23586.826171] PUF Read:0x00000000 at 0xa00081ec
[23586.826202] PUF Read:0x00000000 at 0xa00081f0
[23586.826202] PUF Read:0x00000400 at 0xa00081f4
[23586.826202] PUF Read:0x00000000 at 0xa00081f8
[23586.826263] PUF Read:0x00000000 at 0xa00081fc
[23586.826263] PUF Read:0x00000000 at 0xa0008200
[23586.826324] PUF Read:0x00000000 at 0xa0008204
[23586.826354] PUF Read:0x00000000 at 0xa0008208
[23586.826354] PUF Read:0x00000000 at 0xa000820c
[23586.826416] PUF Read:0x00000000 at 0xa0008210
[23586.826416] PUF Read:0x00000000 at 0xa0008214
[23586.826416] PUF Read:0x00000000 at 0xa0008218
[23586.826477] PUF Read:0x00000000 at 0xa000821c
[23586.826507] PUF Read:0x00000000 at 0xa0008220
[23586.826507] PUF Read:0x00000000 at 0xa0008224
[23586.826568] PUF Read:0x00000000 at 0xa0008228
[23586.826568] PUF Read:0x00000000 at 0xa000822c
[23586.826568] PUF Read:0x00000000 at 0xa0008230
[23586.826568] PUF Read:0x00400000 at 0xa0008234
[23586.826660] PUF Read:0x00000000 at 0xa0008238
[23586.826660] PUF Read:0x00000000 at 0xa000823c
[23586.826660] PUF Read:0x00000000 at 0xa0008240
[23586.826660] PUF Read:0x00000000 at 0xa0008244
[23586.826660] PUF Read:0x00000000 at 0xa0008248
[23586.826660] PUF Read:0x00000000 at 0xa000824c
[23586.826812] PUF Read:0x00000000 at 0xa0008250
[23586.826812] PUF Read:0x00100000 at 0xa0008254
[23586.826812] PUF Read:0x00000000 at 0xa0008258
[23586.826812] PUF Read:0x00040000 at 0xa000825c
[23586.826812] PUF Read:0x00000000 at 0xa0008260
[23586.826812] PUF Read:0x00000000 at 0xa0008264
[23586.826965] PUF Read:0x00000000 at 0xa0008268
[23586.826995] PUF Read:0x00000000 at 0xa000826c
[23586.826995] PUF Read:0x00000000 at 0xa0008270
[23586.826995] PUF Read:0x00000000 at 0xa0008274
[23586.827056] PUF Read:0x00000040 at 0xa0008278
[23586.827056] PUF Read:0x00000000 at 0xa000827c
[23586.827117] PUF Read:0x00000000 at 0xa0008280
[23586.827148] PUF Read:0x00000000 at 0xa0008284
[23586.827148] PUF Read:0x00000000 at 0xa0008288
[23586.827148] PUF Read:0x00000000 at 0xa000828c
[23586.827209] PUF Read:0x00000000 at 0xa0008290
[23586.827209] PUF Read:0x00000000 at 0xa0008294
[23586.827270] PUF Read:0x00000000 at 0xa0008298
[23586.827301] PUF Read:0x00000000 at 0xa000829c
[23586.827301] PUF Read:0x00000000 at 0xa00082a0
[23586.827301] PUF Read:0x00001000 at 0xa00082a4
[23586.827362] PUF Read:0x00000000 at 0xa00082a8
[23586.827362] PUF Read:0x00000000 at 0xa00082ac
[23586.827423] PUF Read:0x00000000 at 0xa00082b0
[23586.827453] PUF Read:0x00000000 at 0xa00082b4
[23586.827453] PUF Read:0x00000040 at 0xa00082b8
[23586.827453] PUF Read:0x00000000 at 0xa00082bc
[23586.827453] PUF Read:0x00000000 at 0xa00082c0
[23586.827545] PUF Read:0x00000000 at 0xa00082c4
[23586.827545] PUF Read:0x10000000 at 0xa00082c8
[23586.827606] PUF Read:0x00000000 at 0xa00082cc
[23586.827636] PUF Read:0x00100000 at 0xa00082d0
[23586.827636] PUF Read:0x00000000 at 0xa00082d4
[23586.827636] PUF Read:0x00000000 at 0xa00082d8
[23586.827697] PUF Read:0x00000000 at 0xa00082dc
[23586.827697] PUF Read:0x00000000 at 0xa00082e0
[23586.827758] PUF Read:0x00000400 at 0xa00082e4
[23586.827789] PUF Read:0x00000000 at 0xa00082e8
[23586.827789] PUF Read:0x00000001 at 0xa00082ec
[23586.827789] PUF Read:0x00000000 at 0xa00082f0
[23586.827850] PUF Read:0x00000000 at 0xa00082f4
[23586.827850] PUF Read:0x00000000 at 0xa00082f8
[23586.827911] PUF Read:0x00000000 at 0xa00082fc
[23586.827941] PUF Read:0x00000000 at 0xa0008300
[23586.827941] PUF Read:0x00000000 at 0xa0008304
[23586.827941] PUF Read:0x00000000 at 0xa0008308
[23586.828002] PUF Read:0x00000000 at 0xa000830c
[23586.828002] PUF Read:0x00000000 at 0xa0008310
[23586.828063] PUF Read:0x00000000 at 0xa0008314
[23586.828094] PUF Read:0x01000000 at 0xa0008318
[23586.828094] PUF Read:0x10000000 at 0xa000831c
[23586.828094] PUF Read:0x00000000 at 0xa0008320
[23586.828155] PUF Read:0x00000000 at 0xa0008324
[23586.828155] PUF Read:0x00000000 at 0xa0008328
[23586.828216] PUF Read:0x00000000 at 0xa000832c
[23586.828247] PUF Read:0x00000004 at 0xa0008330
[23586.828247] PUF Read:0x00000000 at 0xa0008334
[23586.828247] PUF Read:0x00000000 at 0xa0008338
[23586.828308] PUF Read:0x00000000 at 0xa000833c
[23586.828308] PUF Read:0x00000000 at 0xa0008340
[23586.828369] PUF Read:0x00000000 at 0xa0008344
[23586.828399] PUF Read:0x00000000 at 0xa0008348
[23586.828399] PUF Read:0x00000000 at 0xa000834c
[23586.828399] PUF Read:0x00000000 at 0xa0008350
[23586.828460] PUF Read:0x00000000 at 0xa0008354
[23586.828460] PUF Read:0x00000000 at 0xa0008358
[23586.828521] PUF Read:0x00000000 at 0xa000835c
[23586.828552] PUF Read:0x00010000 at 0xa0008360
[23586.828552] PUF Read:0x00000000 at 0xa0008364
[23586.828552] PUF Read:0x00000000 at 0xa0008368
[23586.828613] PUF Read:0x00000000 at 0xa000836c
[23586.828613] PUF Read:0x00000000 at 0xa0008370
[23586.828674] PUF Read:0x00000000 at 0xa0008374
[23586.828704] PUF Read:0x00000000 at 0xa0008378
[23586.828704] PUF Read:0x00000000 at 0xa000837c
[23586.828765] PUF Read:0x00000000 at 0xa0008380
[23586.828765] PUF Read:0x00000000 at 0xa0008384
[23586.828765] PUF Read:0x00000000 at 0xa0008388
[23586.828826] PUF Read:0x00000000 at 0xa000838c
[23586.828857] PUF Read:0x00000001 at 0xa0008390
[23586.828857] PUF Read:0x00000000 at 0xa0008394
[23586.828857] PUF Read:0x00000000 at 0xa0008398
[23586.828918] PUF Read:0x00000000 at 0xa000839c
[23586.828918] PUF Read:0x00000000 at 0xa00083a0
[23586.828918] PUF Read:0x00000000 at 0xa00083a4
[23586.829010] PUF Read:0x00000000 at 0xa00083a8
[23586.829040] PUF Read:0x00000000 at 0xa00083ac
[23586.829040] PUF Read:0x00000000 at 0xa00083b0
[23586.829040] PUF Read:0x00000000 at 0xa00083b4
[23586.829101] PUF Read:0x00000000 at 0xa00083b8
[23586.829101] PUF Read:0x00000000 at 0xa00083bc
[23586.829162] PUF Read:0x00000000 at 0xa00083c0
[23586.829193] PUF Read:0x04000000 at 0xa00083c4
[23586.829193] PUF Read:0x00000000 at 0xa00083c8
[23586.829193] PUF Read:0x00000000 at 0xa00083cc
[23586.829254] PUF Read:0x00000000 at 0xa00083d0
[23586.829254] PUF Read:0x00010000 at 0xa00083d4
[23586.829315] PUF Read:0x00000000 at 0xa00083d8
[23586.829345] PUF Read:0x00000000 at 0xa00083dc
[23586.829345] PUF Read:0x00100000 at 0xa00083e0
[23586.829345] PUF Read:0x10000000 at 0xa00083e4
[23586.829406] PUF Read:0x00000000 at 0xa00083e8
[23586.829406] PUF Read:0x00000000 at 0xa00083ec
[23586.829467] PUF Read:0x00000000 at 0xa00083f0
[23586.829498] PUF Read:0x00000000 at 0xa00083f4
[23586.829498] PUF Read:0x00000004 at 0xa00083f8
[23586.829498] PUF Read:0x00040000 at 0xa00083fc
[23586.829559] [i] Finished PUF read-out
[23586.829559] <6>[i] Finished PUF query for decaytime: 7680
[23586.829589] [i] Start decaytime: 120
[23586.829589] EMIF 2 REG Write 0x80000000 at 0x4d000010
[23586.829620] EMIF 2 REG Read 0x80000000 at 0x4d000010
[23586.829620] EMIF 2 REG Write 0x80000000 at 0x4d000014
[23586.829650] EMIF 2 REG Read 0x00000000 at 0x4d000014
[23586.829650] EMIF 2 REG Write 0x08016893 at 0x4d0000cc
[23586.829650] EMIF 2 REG Read 0x08016893 at 0x4d0000cc
[23586.829681] Temp polling alert disabled
[23586.829681] Refresh Disabled at EMIF2
[23586.829681] [i] Initialiting PUF & hammer rows
[23586.829711] [i] Single-Sided Rowhammer (SSRH)
[23586.836456] [i] Finished initialiting PUF & hammer rows
[23586.836456] [i]	Timer elapsed since its reset 0 sec
[23586.836486] [i] Decay: 120 sec
[23586.836486] [i]	Relative Decay: 0 msec
