[ 2309.838867] [i] Total hammer attempts per row: 1862203
[ 2309.838897] EMIF 2 REG Write 0x00000618 at 0x4d000010
[ 2309.838897] EMIF 2 REG Read 0x00000618 at 0x4d000010
[ 2309.838928] EMIF 2 REG Write 0x00000618 at 0x4d000014
[ 2309.838928] EMIF 2 REG Read 0x00000618 at 0x4d000014
[ 2309.838958] EMIF 2 REG Write 0x58016893 at 0x4d0000cc
[ 2309.838958] EMIF 2 REG Read 0x58016893 at 0x4d0000cc
[ 2309.838958] Temp polling alert enabled
[ 2309.838989] Refresh enabled at EMIF2
[ 2309.838989] [i] Starting PUF read-out
[ 2309.838989] [i] Single-Sided Rowhammer (SSRH)
[ 2309.839019] PUF Read:0x00000000 at 0xa0008000
[ 2309.839050] PUF Read:0x00000000 at 0xa0008004
[ 2309.839050] PUF Read:0x00000000 at 0xa0008008
[ 2309.839050] PUF Read:0x00000000 at 0xa000800c
[ 2309.839050] PUF Read:0x00000000 at 0xa0008010
[ 2309.839141] PUF Read:0x00000100 at 0xa0008014
[ 2309.839141] PUF Read:0x00000000 at 0xa0008018
[ 2309.839141] PUF Read:0x00000000 at 0xa000801c
[ 2309.839233] PUF Read:0x00000000 at 0xa0008020
[ 2309.839233] PUF Read:0x00000000 at 0xa0008024
[ 2309.839233] PUF Read:0x00000000 at 0xa0008028
[ 2309.839233] PUF Read:0x00000000 at 0xa000802c
[ 2309.839233] PUF Read:0x00000000 at 0xa0008030
[ 2309.839233] PUF Read:0x00000000 at 0xa0008034
[ 2309.839385] PUF Read:0x00000000 at 0xa0008038
[ 2309.839385] PUF Read:0x00000000 at 0xa000803c
[ 2309.839385] PUF Read:0x00000001 at 0xa0008040
[ 2309.839385] PUF Read:0x00004000 at 0xa0008044
[ 2309.839477] PUF Read:0x00000000 at 0xa0008048
[ 2309.839477] PUF Read:0x00000000 at 0xa000804c
[ 2309.839477] PUF Read:0x00000000 at 0xa0008050
[ 2309.839569] PUF Read:0x00000000 at 0xa0008054
[ 2309.839599] PUF Read:0x00000000 at 0xa0008058
[ 2309.839599] PUF Read:0x00000000 at 0xa000805c
[ 2309.839599] PUF Read:0x00000000 at 0xa0008060
[ 2309.839660] PUF Read:0x00000000 at 0xa0008064
[ 2309.839660] PUF Read:0x00000000 at 0xa0008068
[ 2309.839721] PUF Read:0x00000000 at 0xa000806c
[ 2309.839752] PUF Read:0x00000000 at 0xa0008070
[ 2309.839752] PUF Read:0x00000000 at 0xa0008074
[ 2309.839752] PUF Read:0x00000000 at 0xa0008078
[ 2309.839813] PUF Read:0x00000000 at 0xa000807c
[ 2309.839813] PUF Read:0x00000000 at 0xa0008080
[ 2309.839874] PUF Read:0x00000000 at 0xa0008084
[ 2309.839904] PUF Read:0x00000000 at 0xa0008088
[ 2309.839904] PUF Read:0x00000000 at 0xa000808c
[ 2309.839904] PUF Read:0x00000000 at 0xa0008090
[ 2309.839965] PUF Read:0x00000000 at 0xa0008094
[ 2309.839965] PUF Read:0x00010000 at 0xa0008098
[ 2309.840026] PUF Read:0x00000000 at 0xa000809c
[ 2309.840057] PUF Read:0x00000000 at 0xa00080a0
[ 2309.840057] PUF Read:0x00000000 at 0xa00080a4
[ 2309.840057] PUF Read:0x00000000 at 0xa00080a8
[ 2309.840118] PUF Read:0x00000040 at 0xa00080ac
[ 2309.840118] PUF Read:0x00000000 at 0xa00080b0
[ 2309.840179] PUF Read:0x00000000 at 0xa00080b4
[ 2309.840209] PUF Read:0x00000000 at 0xa00080b8
[ 2309.840209] PUF Read:0x00000000 at 0xa00080bc
[ 2309.840209] PUF Read:0x00000000 at 0xa00080c0
[ 2309.840270] PUF Read:0x00000000 at 0xa00080c4
[ 2309.840270] PUF Read:0x00000000 at 0xa00080c8
[ 2309.840332] PUF Read:0x00000000 at 0xa00080cc
[ 2309.840362] PUF Read:0x40000000 at 0xa00080d0
[ 2309.840362] PUF Read:0x00000000 at 0xa00080d4
[ 2309.840362] PUF Read:0x00000000 at 0xa00080d8
[ 2309.840362] PUF Read:0x00000000 at 0xa00080dc
[ 2309.840362] PUF Read:0x01000000 at 0xa00080e0
[ 2309.840484] PUF Read:0x00000000 at 0xa00080e4
[ 2309.840484] PUF Read:0x00000000 at 0xa00080e8
[ 2309.840484] PUF Read:0x00000001 at 0xa00080ec
[ 2309.840484] PUF Read:0x00000000 at 0xa00080f0
[ 2309.840484] PUF Read:0x00000000 at 0xa00080f4
[ 2309.840484] PUF Read:0x00000000 at 0xa00080f8
[ 2309.840637] PUF Read:0x00000000 at 0xa00080fc
[ 2309.840637] PUF Read:0x00000000 at 0xa0008100
[ 2309.840637] PUF Read:0x00000000 at 0xa0008104
[ 2309.840637] PUF Read:0x00000000 at 0xa0008108
[ 2309.840637] PUF Read:0x00000000 at 0xa000810c
[ 2309.840637] PUF Read:0x00000000 at 0xa0008110
[ 2309.840789] PUF Read:0x00000000 at 0xa0008114
[ 2309.840789] PUF Read:0x00000000 at 0xa0008118
[ 2309.840850] PUF Read:0x00000000 at 0xa000811c
[ 2309.840850] PUF Read:0x00000000 at 0xa0008120
[ 2309.840850] PUF Read:0x00000000 at 0xa0008124
[ 2309.840911] PUF Read:0x00000000 at 0xa0008128
[ 2309.840942] PUF Read:0x00000000 at 0xa000812c
[ 2309.840942] PUF Read:0x00000000 at 0xa0008130
[ 2309.840942] PUF Read:0x00000000 at 0xa0008134
[ 2309.841003] PUF Read:0x00000000 at 0xa0008138
[ 2309.841033] PUF Read:0x00000000 at 0xa000813c
[ 2309.841033] PUF Read:0x00000000 at 0xa0008140
[ 2309.841094] PUF Read:0x00000000 at 0xa0008144
[ 2309.841125] PUF Read:0x00100400 at 0xa0008148
[ 2309.841125] PUF Read:0x00000000 at 0xa000814c
[ 2309.841125] PUF Read:0x00000000 at 0xa0008150
[ 2309.841186] PUF Read:0x00000000 at 0xa0008154
[ 2309.841186] PUF Read:0x00000000 at 0xa0008158
[ 2309.841247] PUF Read:0x00000040 at 0xa000815c
[ 2309.841247] PUF Read:0x00000000 at 0xa0008160
[ 2309.841247] PUF Read:0x00000000 at 0xa0008164
[ 2309.841247] PUF Read:0x00000000 at 0xa0008168
[ 2309.841247] PUF Read:0x00400000 at 0xa000816c
[ 2309.841247] PUF Read:0x00000000 at 0xa0008170
[ 2309.841400] PUF Read:0x00000000 at 0xa0008174
[ 2309.841400] PUF Read:0x00000000 at 0xa0008178
[ 2309.841400] PUF Read:0x00000000 at 0xa000817c
[ 2309.841400] PUF Read:0x00000000 at 0xa0008180
[ 2309.841400] PUF Read:0x00000000 at 0xa0008184
[ 2309.841400] PUF Read:0x00000000 at 0xa0008188
[ 2309.841552] PUF Read:0x00000000 at 0xa000818c
[ 2309.841552] PUF Read:0x00000000 at 0xa0008190
[ 2309.841552] PUF Read:0x00000000 at 0xa0008194
[ 2309.841552] PUF Read:0x00000000 at 0xa0008198
[ 2309.841552] PUF Read:0x00000000 at 0xa000819c
[ 2309.841552] PUF Read:0x00000000 at 0xa00081a0
[ 2309.841705] PUF Read:0x00000000 at 0xa00081a4
[ 2309.841705] PUF Read:0x00000000 at 0xa00081a8
[ 2309.841705] PUF Read:0x00000000 at 0xa00081ac
[ 2309.841705] PUF Read:0x00400000 at 0xa00081b0
[ 2309.841705] PUF Read:0x00000000 at 0xa00081b4
[ 2309.841705] PUF Read:0x00000000 at 0xa00081b8
[ 2309.841857] PUF Read:0x00000000 at 0xa00081bc
[ 2309.841857] PUF Read:0x00000000 at 0xa00081c0
[ 2309.841857] PUF Read:0x00000004 at 0xa00081c4
[ 2309.841857] PUF Read:0x00000000 at 0xa00081c8
[ 2309.841949] PUF Read:0x00000000 at 0xa00081cc
[ 2309.841949] PUF Read:0x10000000 at 0xa00081d0
[ 2309.842010] PUF Read:0x00000000 at 0xa00081d4
[ 2309.842041] PUF Read:0x00000000 at 0xa00081d8
[ 2309.842041] PUF Read:0x00000000 at 0xa00081dc
[ 2309.842041] PUF Read:0x00000000 at 0xa00081e0
[ 2309.842102] PUF Read:0x00000040 at 0xa00081e4
[ 2309.842102] PUF Read:0x00000000 at 0xa00081e8
[ 2309.842163] PUF Read:0x00000000 at 0xa00081ec
[ 2309.842163] PUF Read:0x00000000 at 0xa00081f0
[ 2309.842163] PUF Read:0x00000400 at 0xa00081f4
[ 2309.842163] PUF Read:0x00000000 at 0xa00081f8
[ 2309.842254] PUF Read:0x00000000 at 0xa00081fc
[ 2309.842254] PUF Read:0x00000000 at 0xa0008200
[ 2309.842315] PUF Read:0x00000000 at 0xa0008204
[ 2309.842346] PUF Read:0x00000000 at 0xa0008208
[ 2309.842346] PUF Read:0x00000000 at 0xa000820c
[ 2309.842346] PUF Read:0x00000000 at 0xa0008210
[ 2309.842346] PUF Read:0x00000000 at 0xa0008214
[ 2309.842346] PUF Read:0x00000000 at 0xa0008218
[ 2309.842468] PUF Read:0x00000000 at 0xa000821c
[ 2309.842468] PUF Read:0x00000000 at 0xa0008220
[ 2309.842468] PUF Read:0x00000000 at 0xa0008224
[ 2309.842559] PUF Read:0x00000000 at 0xa0008228
[ 2309.842559] PUF Read:0x00000000 at 0xa000822c
[ 2309.842559] PUF Read:0x00000000 at 0xa0008230
[ 2309.842559] PUF Read:0x00400000 at 0xa0008234
[ 2309.842651] PUF Read:0x00000000 at 0xa0008238
[ 2309.842651] PUF Read:0x00000000 at 0xa000823c
[ 2309.842651] PUF Read:0x00000000 at 0xa0008240
[ 2309.842651] PUF Read:0x00000000 at 0xa0008244
[ 2309.842651] PUF Read:0x00000000 at 0xa0008248
[ 2309.842773] PUF Read:0x00000000 at 0xa000824c
[ 2309.842803] PUF Read:0x00000000 at 0xa0008250
[ 2309.842803] PUF Read:0x00100000 at 0xa0008254
[ 2309.842803] PUF Read:0x00000000 at 0xa0008258
[ 2309.842864] PUF Read:0x00000000 at 0xa000825c
[ 2309.842864] PUF Read:0x00000000 at 0xa0008260
[ 2309.842926] PUF Read:0x00000000 at 0xa0008264
[ 2309.842956] PUF Read:0x00000000 at 0xa0008268
[ 2309.842956] PUF Read:0x00000000 at 0xa000826c
[ 2309.842956] PUF Read:0x00000000 at 0xa0008270
[ 2309.843017] PUF Read:0x00000000 at 0xa0008274
[ 2309.843017] PUF Read:0x00000000 at 0xa0008278
[ 2309.843078] PUF Read:0x00000000 at 0xa000827c
[ 2309.843109] PUF Read:0x00000000 at 0xa0008280
[ 2309.843109] PUF Read:0x00000000 at 0xa0008284
[ 2309.843109] PUF Read:0x00000000 at 0xa0008288
[ 2309.843170] PUF Read:0x00000000 at 0xa000828c
[ 2309.843170] PUF Read:0x00000000 at 0xa0008290
[ 2309.843231] PUF Read:0x00000000 at 0xa0008294
[ 2309.843261] PUF Read:0x00000000 at 0xa0008298
[ 2309.843261] PUF Read:0x00000000 at 0xa000829c
[ 2309.843261] PUF Read:0x00000000 at 0xa00082a0
[ 2309.843322] PUF Read:0x00000000 at 0xa00082a4
[ 2309.843322] PUF Read:0x00000000 at 0xa00082a8
[ 2309.843383] PUF Read:0x00000000 at 0xa00082ac
[ 2309.843414] PUF Read:0x00000000 at 0xa00082b0
[ 2309.843414] PUF Read:0x00000000 at 0xa00082b4
[ 2309.843414] PUF Read:0x00000040 at 0xa00082b8
[ 2309.843414] PUF Read:0x00000000 at 0xa00082bc
[ 2309.843414] PUF Read:0x00000000 at 0xa00082c0
[ 2309.843536] PUF Read:0x00000000 at 0xa00082c4
[ 2309.843536] PUF Read:0x10000000 at 0xa00082c8
[ 2309.843536] PUF Read:0x00000000 at 0xa00082cc
[ 2309.843536] PUF Read:0x00000000 at 0xa00082d0
[ 2309.843536] PUF Read:0x00000000 at 0xa00082d4
[ 2309.843536] PUF Read:0x00000000 at 0xa00082d8
[ 2309.843688] PUF Read:0x00000000 at 0xa00082dc
[ 2309.843688] PUF Read:0x00000000 at 0xa00082e0
[ 2309.843688] PUF Read:0x00000400 at 0xa00082e4
[ 2309.843688] PUF Read:0x00000000 at 0xa00082e8
[ 2309.843688] PUF Read:0x00000000 at 0xa00082ec
[ 2309.843688] PUF Read:0x00000000 at 0xa00082f0
[ 2309.843841] PUF Read:0x00000000 at 0xa00082f4
[ 2309.843841] PUF Read:0x00000000 at 0xa00082f8
[ 2309.843841] PUF Read:0x00000000 at 0xa00082fc
[ 2309.843841] PUF Read:0x00000000 at 0xa0008300
[ 2309.843841] PUF Read:0x00000000 at 0xa0008304
[ 2309.843963] PUF Read:0x00000000 at 0xa0008308
[ 2309.843994] PUF Read:0x00000000 at 0xa000830c
[ 2309.843994] PUF Read:0x00000000 at 0xa0008310
[ 2309.843994] PUF Read:0x00000000 at 0xa0008314
[ 2309.843994] PUF Read:0x00000000 at 0xa0008318
[ 2309.844085] PUF Read:0x10000000 at 0xa000831c
[ 2309.844085] PUF Read:0x00000000 at 0xa0008320
[ 2309.844085] PUF Read:0x00000000 at 0xa0008324
[ 2309.844177] PUF Read:0x00000000 at 0xa0008328
[ 2309.844177] PUF Read:0x00000000 at 0xa000832c
[ 2309.844238] PUF Read:0x00000004 at 0xa0008330
[ 2309.844238] PUF Read:0x00000000 at 0xa0008334
[ 2309.844238] PUF Read:0x00000000 at 0xa0008338
[ 2309.844299] PUF Read:0x00000000 at 0xa000833c
[ 2309.844329] PUF Read:0x00000000 at 0xa0008340
[ 2309.844329] PUF Read:0x00000000 at 0xa0008344
[ 2309.844329] PUF Read:0x00000000 at 0xa0008348
[ 2309.844329] PUF Read:0x00000000 at 0xa000834c
[ 2309.844329] PUF Read:0x00000000 at 0xa0008350
[ 2309.844451] PUF Read:0x00000000 at 0xa0008354
[ 2309.844482] PUF Read:0x00000000 at 0xa0008358
[ 2309.844482] PUF Read:0x00000000 at 0xa000835c
[ 2309.844543] PUF Read:0x00010000 at 0xa0008360
[ 2309.844543] PUF Read:0x00000000 at 0xa0008364
[ 2309.844543] PUF Read:0x00000000 at 0xa0008368
[ 2309.844604] PUF Read:0x00000000 at 0xa000836c
[ 2309.844635] PUF Read:0x00000000 at 0xa0008370
[ 2309.844635] PUF Read:0x00000000 at 0xa0008374
[ 2309.844696] PUF Read:0x00000000 at 0xa0008378
[ 2309.844696] PUF Read:0x00000000 at 0xa000837c
[ 2309.844696] PUF Read:0x00000000 at 0xa0008380
[ 2309.844757] PUF Read:0x00000000 at 0xa0008384
[ 2309.844787] PUF Read:0x00000000 at 0xa0008388
[ 2309.844787] PUF Read:0x00000000 at 0xa000838c
[ 2309.844787] PUF Read:0x00000000 at 0xa0008390
[ 2309.844848] PUF Read:0x00000000 at 0xa0008394
[ 2309.844848] PUF Read:0x00000000 at 0xa0008398
[ 2309.844909] PUF Read:0x00000000 at 0xa000839c
[ 2309.844940] PUF Read:0x00000000 at 0xa00083a0
[ 2309.844940] PUF Read:0x00000000 at 0xa00083a4
[ 2309.844940] PUF Read:0x00000000 at 0xa00083a8
[ 2309.845001] PUF Read:0x00000000 at 0xa00083ac
[ 2309.845001] PUF Read:0x00000000 at 0xa00083b0
[ 2309.845062] PUF Read:0x00000000 at 0xa00083b4
[ 2309.845092] PUF Read:0x00000000 at 0xa00083b8
[ 2309.845092] PUF Read:0x00000000 at 0xa00083bc
[ 2309.845092] PUF Read:0x00000000 at 0xa00083c0
[ 2309.845153] PUF Read:0x00000000 at 0xa00083c4
[ 2309.845153] PUF Read:0x00000000 at 0xa00083c8
[ 2309.845214] PUF Read:0x00000000 at 0xa00083cc
[ 2309.845245] PUF Read:0x00000000 at 0xa00083d0
[ 2309.845245] PUF Read:0x00010000 at 0xa00083d4
[ 2309.845245] PUF Read:0x00000000 at 0xa00083d8
[ 2309.845306] PUF Read:0x00000000 at 0xa00083dc
[ 2309.845306] PUF Read:0x00000000 at 0xa00083e0
[ 2309.845367] PUF Read:0x00000000 at 0xa00083e4
[ 2309.845397] PUF Read:0x00000000 at 0xa00083e8
[ 2309.845397] PUF Read:0x00000000 at 0xa00083ec
[ 2309.845397] PUF Read:0x00000000 at 0xa00083f0
[ 2309.845458] PUF Read:0x00000000 at 0xa00083f4
[ 2309.845458] PUF Read:0x00000004 at 0xa00083f8
[ 2309.845520] PUF Read:0x00040000 at 0xa00083fc
[ 2309.845550] [i] Finished PUF read-out
[ 2309.845550] <6>[i] Finished PUF query for decaytime: 7680
[ 2309.845550] [i] Start decaytime: 120
[ 2309.845581] EMIF 2 REG Write 0x80000000 at 0x4d000010
[ 2309.845581] EMIF 2 REG Read 0x80000000 at 0x4d000010
[ 2309.845611] EMIF 2 REG Write 0x80000000 at 0x4d000014
[ 2309.845611] EMIF 2 REG Read 0x00000000 at 0x4d000014
[ 2309.845642] EMIF 2 REG Write 0x08016893 at 0x4d0000cc
[ 2309.845642] EMIF 2 REG Read 0x08016893 at 0x4d0000cc
[ 2309.845642] Temp polling alert disabled
[ 2309.845642] Refresh Disabled at EMIF2
[ 2309.845672] [i] Initialiting PUF & hammer rows
[ 2309.845672] [i] Single-Sided Rowhammer (SSRH)
[ 2309.852416] [i] Finished initialiting PUF & hammer rows
[ 2309.852416] [i]	Timer elapsed since its reset 0 sec
[ 2309.852416] [i] Decay: 120 sec
[ 2309.852447] [i]	Relative Decay: 0 msec
