[35845.541534] [i] Total hammer attempts per row: 1864182
[35845.542755] EMIF 2 REG Write 0x00000618 at 0x4d000010
[35845.542755] EMIF 2 REG Read 0x00000618 at 0x4d000010
[35845.542785] EMIF 2 REG Write 0x00000618 at 0x4d000014
[35845.542785] EMIF 2 REG Read 0x00000618 at 0x4d000014
[35845.542816] EMIF 2 REG Write 0x58016893 at 0x4d0000cc
[35845.542816] EMIF 2 REG Read 0x58016893 at 0x4d0000cc
[35845.542846] Temp polling alert enabled
[35845.542846] Refresh enabled at EMIF2
[35845.542846] [i] Starting PUF read-out
[35845.542877] [i] Single-Sided Rowhammer (SSRH)
[35845.542877] PUF Read:0x00000000 at 0xa0008000
[35845.542877] PUF Read:0x00000000 at 0xa0008004
[35845.542938] PUF Read:0x00000000 at 0xa0008008
[35845.542968] PUF Read:0x00000000 at 0xa000800c
[35845.542968] PUF Read:0x00000000 at 0xa0008010
[35845.542968] PUF Read:0x00000100 at 0xa0008014
[35845.542968] PUF Read:0x00000000 at 0xa0008018
[35845.543060] PUF Read:0x00000000 at 0xa000801c
[35845.543060] PUF Read:0x00000000 at 0xa0008020
[35845.543121] PUF Read:0x00000000 at 0xa0008024
[35845.543151] PUF Read:0x00000000 at 0xa0008028
[35845.543151] PUF Read:0x00000000 at 0xa000802c
[35845.543151] PUF Read:0x00000000 at 0xa0008030
[35845.543212] PUF Read:0x00000000 at 0xa0008034
[35845.543212] PUF Read:0x00000000 at 0xa0008038
[35845.543273] PUF Read:0x00000000 at 0xa000803c
[35845.543304] PUF Read:0x00000001 at 0xa0008040
[35845.543304] PUF Read:0x00004000 at 0xa0008044
[35845.543304] PUF Read:0x00000000 at 0xa0008048
[35845.543365] PUF Read:0x00000000 at 0xa000804c
[35845.543365] PUF Read:0x00000000 at 0xa0008050
[35845.543426] PUF Read:0x00000000 at 0xa0008054
[35845.543457] PUF Read:0x00000000 at 0xa0008058
[35845.543457] PUF Read:0x00000000 at 0xa000805c
[35845.543457] PUF Read:0x00000000 at 0xa0008060
[35845.543518] PUF Read:0x00000000 at 0xa0008064
[35845.543518] PUF Read:0x00000000 at 0xa0008068
[35845.543579] PUF Read:0x00000000 at 0xa000806c
[35845.543609] PUF Read:0x00000000 at 0xa0008070
[35845.543609] PUF Read:0x00000000 at 0xa0008074
[35845.543609] PUF Read:0x00000000 at 0xa0008078
[35845.543670] PUF Read:0x00000000 at 0xa000807c
[35845.543670] PUF Read:0x00000000 at 0xa0008080
[35845.543731] PUF Read:0x00000000 at 0xa0008084
[35845.543762] PUF Read:0x00000000 at 0xa0008088
[35845.543762] PUF Read:0x00000000 at 0xa000808c
[35845.543762] PUF Read:0x00000000 at 0xa0008090
[35845.543823] PUF Read:0x00000000 at 0xa0008094
[35845.543823] PUF Read:0x00010000 at 0xa0008098
[35845.543884] PUF Read:0x00000000 at 0xa000809c
[35845.543914] PUF Read:0x00000000 at 0xa00080a0
[35845.543914] PUF Read:0x00000000 at 0xa00080a4
[35845.543914] PUF Read:0x00000000 at 0xa00080a8
[35845.543975] PUF Read:0x00000000 at 0xa00080ac
[35845.543975] PUF Read:0x00000000 at 0xa00080b0
[35845.544036] PUF Read:0x00000000 at 0xa00080b4
[35845.544067] PUF Read:0x00004000 at 0xa00080b8
[35845.544067] PUF Read:0x00000000 at 0xa00080bc
[35845.544067] PUF Read:0x00000000 at 0xa00080c0
[35845.544128] PUF Read:0x00000000 at 0xa00080c4
[35845.544128] PUF Read:0x00000000 at 0xa00080c8
[35845.544189] PUF Read:0x00000000 at 0xa00080cc
[35845.544219] PUF Read:0x40000000 at 0xa00080d0
[35845.544219] PUF Read:0x00000000 at 0xa00080d4
[35845.544219] PUF Read:0x00000000 at 0xa00080d8
[35845.544281] PUF Read:0x00000000 at 0xa00080dc
[35845.544281] PUF Read:0x01000000 at 0xa00080e0
[35845.544342] PUF Read:0x00000000 at 0xa00080e4
[35845.544372] PUF Read:0x00000000 at 0xa00080e8
[35845.544372] PUF Read:0x00000001 at 0xa00080ec
[35845.544372] PUF Read:0x00000000 at 0xa00080f0
[35845.544433] PUF Read:0x00000000 at 0xa00080f4
[35845.544433] PUF Read:0x00000000 at 0xa00080f8
[35845.544494] PUF Read:0x00000000 at 0xa00080fc
[35845.544525] PUF Read:0x00000000 at 0xa0008100
[35845.544525] PUF Read:0x00000000 at 0xa0008104
[35845.544525] PUF Read:0x00000000 at 0xa0008108
[35845.544586] PUF Read:0x00000000 at 0xa000810c
[35845.544586] PUF Read:0x00000000 at 0xa0008110
[35845.544647] PUF Read:0x00000000 at 0xa0008114
[35845.544647] PUF Read:0x00000000 at 0xa0008118
[35845.544647] PUF Read:0x00000000 at 0xa000811c
[35845.544647] PUF Read:0x00000000 at 0xa0008120
[35845.544647] PUF Read:0x00000000 at 0xa0008124
[35845.544647] PUF Read:0x00000000 at 0xa0008128
[35845.544799] PUF Read:0x00000000 at 0xa000812c
[35845.544799] PUF Read:0x00000000 at 0xa0008130
[35845.544799] PUF Read:0x00000000 at 0xa0008134
[35845.544799] PUF Read:0x00000000 at 0xa0008138
[35845.544799] PUF Read:0x00000000 at 0xa000813c
[35845.544799] PUF Read:0x00000000 at 0xa0008140
[35845.544952] PUF Read:0x00000000 at 0xa0008144
[35845.544982] PUF Read:0x00100400 at 0xa0008148
[35845.544982] PUF Read:0x00000000 at 0xa000814c
[35845.545043] PUF Read:0x00000000 at 0xa0008150
[35845.545043] PUF Read:0x00000000 at 0xa0008154
[35845.545043] PUF Read:0x00000000 at 0xa0008158
[35845.545043] PUF Read:0x00000040 at 0xa000815c
[35845.545135] PUF Read:0x00000000 at 0xa0008160
[35845.545135] PUF Read:0x00000000 at 0xa0008164
[35845.545135] PUF Read:0x00000000 at 0xa0008168
[35845.545135] PUF Read:0x00000000 at 0xa000816c
[35845.545135] PUF Read:0x00000000 at 0xa0008170
[35845.545135] PUF Read:0x00000000 at 0xa0008174
[35845.545288] PUF Read:0x00000000 at 0xa0008178
[35845.545288] PUF Read:0x00000000 at 0xa000817c
[35845.545288] PUF Read:0x00000000 at 0xa0008180
[35845.545288] PUF Read:0x00000000 at 0xa0008184
[35845.545379] PUF Read:0x00000000 at 0xa0008188
[35845.545379] PUF Read:0x00000000 at 0xa000818c
[35845.545440] PUF Read:0x00000000 at 0xa0008190
[35845.545440] PUF Read:0x00000000 at 0xa0008194
[35845.545440] PUF Read:0x00000000 at 0xa0008198
[35845.545440] PUF Read:0x00000000 at 0xa000819c
[35845.545440] PUF Read:0x00000000 at 0xa00081a0
[35845.545440] PUF Read:0x00000000 at 0xa00081a4
[35845.545593] PUF Read:0x00000000 at 0xa00081a8
[35845.545593] PUF Read:0x00000000 at 0xa00081ac
[35845.545593] PUF Read:0x00400000 at 0xa00081b0
[35845.545593] PUF Read:0x00000000 at 0xa00081b4
[35845.545593] PUF Read:0x00000000 at 0xa00081b8
[35845.545593] PUF Read:0x00000000 at 0xa00081bc
[35845.545745] PUF Read:0x00000000 at 0xa00081c0
[35845.545776] PUF Read:0x00000004 at 0xa00081c4
[35845.545776] PUF Read:0x00000000 at 0xa00081c8
[35845.545776] PUF Read:0x00000000 at 0xa00081cc
[35845.545837] PUF Read:0x10000000 at 0xa00081d0
[35845.545837] PUF Read:0x00000000 at 0xa00081d4
[35845.545898] PUF Read:0x00000000 at 0xa00081d8
[35845.545928] PUF Read:0x00000000 at 0xa00081dc
[35845.545928] PUF Read:0x00000000 at 0xa00081e0
[35845.545928] PUF Read:0x00000040 at 0xa00081e4
[35845.545989] PUF Read:0x00000000 at 0xa00081e8
[35845.545989] PUF Read:0x00000000 at 0xa00081ec
[35845.546051] PUF Read:0x00000000 at 0xa00081f0
[35845.546081] PUF Read:0x00000400 at 0xa00081f4
[35845.546081] PUF Read:0x00000000 at 0xa00081f8
[35845.546081] PUF Read:0x00000000 at 0xa00081fc
[35845.546142] PUF Read:0x00000000 at 0xa0008200
[35845.546142] PUF Read:0x00000000 at 0xa0008204
[35845.546203] PUF Read:0x00000000 at 0xa0008208
[35845.546234] PUF Read:0x00000000 at 0xa000820c
[35845.546234] PUF Read:0x00000000 at 0xa0008210
[35845.546295] PUF Read:0x00000000 at 0xa0008214
[35845.546295] PUF Read:0x00000000 at 0xa0008218
[35845.546295] PUF Read:0x00000000 at 0xa000821c
[35845.546356] PUF Read:0x00000000 at 0xa0008220
[35845.546386] PUF Read:0x00000000 at 0xa0008224
[35845.546386] PUF Read:0x00000000 at 0xa0008228
[35845.546447] PUF Read:0x00000000 at 0xa000822c
[35845.546447] PUF Read:0x00000000 at 0xa0008230
[35845.546478] PUF Read:0x00400000 at 0xa0008234
[35845.546478] PUF Read:0x00000000 at 0xa0008238
[35845.546539] PUF Read:0x00000000 at 0xa000823c
[35845.546569] PUF Read:0x00000000 at 0xa0008240
[35845.546569] PUF Read:0x00000000 at 0xa0008244
[35845.546569] PUF Read:0x00000000 at 0xa0008248
[35845.546630] PUF Read:0x00000000 at 0xa000824c
[35845.546630] PUF Read:0x00000000 at 0xa0008250
[35845.546691] PUF Read:0x00000000 at 0xa0008254
[35845.546722] PUF Read:0x00000000 at 0xa0008258
[35845.546722] PUF Read:0x00000000 at 0xa000825c
[35845.546722] PUF Read:0x00000000 at 0xa0008260
[35845.546783] PUF Read:0x00000000 at 0xa0008264
[35845.546783] PUF Read:0x00000000 at 0xa0008268
[35845.546844] PUF Read:0x00000000 at 0xa000826c
[35845.546875] PUF Read:0x00000000 at 0xa0008270
[35845.546875] PUF Read:0x00000000 at 0xa0008274
[35845.546875] PUF Read:0x00000000 at 0xa0008278
[35845.546936] PUF Read:0x00000000 at 0xa000827c
[35845.546936] PUF Read:0x00000000 at 0xa0008280
[35845.546997] PUF Read:0x00000000 at 0xa0008284
[35845.547027] PUF Read:0x00000000 at 0xa0008288
[35845.547027] PUF Read:0x00000000 at 0xa000828c
[35845.547027] PUF Read:0x00000000 at 0xa0008290
[35845.547088] PUF Read:0x00000000 at 0xa0008294
[35845.547088] PUF Read:0x00000000 at 0xa0008298
[35845.547149] PUF Read:0x00000000 at 0xa000829c
[35845.547180] PUF Read:0x00000000 at 0xa00082a0
[35845.547180] PUF Read:0x00000000 at 0xa00082a4
[35845.547180] PUF Read:0x00000000 at 0xa00082a8
[35845.547241] PUF Read:0x00000000 at 0xa00082ac
[35845.547241] PUF Read:0x00000000 at 0xa00082b0
[35845.547302] PUF Read:0x00000000 at 0xa00082b4
[35845.547332] PUF Read:0x00000040 at 0xa00082b8
[35845.547332] PUF Read:0x00000000 at 0xa00082bc
[35845.547332] PUF Read:0x00000000 at 0xa00082c0
[35845.547393] PUF Read:0x00000000 at 0xa00082c4
[35845.547393] PUF Read:0x10000000 at 0xa00082c8
[35845.547393] PUF Read:0x00000000 at 0xa00082cc
[35845.547485] PUF Read:0x00000000 at 0xa00082d0
[35845.547485] PUF Read:0x00000000 at 0xa00082d4
[35845.547485] PUF Read:0x00000000 at 0xa00082d8
[35845.547485] PUF Read:0x00000000 at 0xa00082dc
[35845.547485] PUF Read:0x00000000 at 0xa00082e0
[35845.547485] PUF Read:0x00000400 at 0xa00082e4
[35845.547637] PUF Read:0x00000000 at 0xa00082e8
[35845.547637] PUF Read:0x00000000 at 0xa00082ec
[35845.547637] PUF Read:0x00000000 at 0xa00082f0
[35845.547637] PUF Read:0x00000000 at 0xa00082f4
[35845.547637] PUF Read:0x00000000 at 0xa00082f8
[35845.547637] PUF Read:0x00000000 at 0xa00082fc
[35845.547790] PUF Read:0x00000000 at 0xa0008300
[35845.547790] PUF Read:0x00000000 at 0xa0008304
[35845.547790] PUF Read:0x00000000 at 0xa0008308
[35845.547790] PUF Read:0x00000000 at 0xa000830c
[35845.547882] PUF Read:0x00000000 at 0xa0008310
[35845.547882] PUF Read:0x00000000 at 0xa0008314
[35845.547943] PUF Read:0x00000000 at 0xa0008318
[35845.547973] PUF Read:0x10000000 at 0xa000831c
[35845.547973] PUF Read:0x00000000 at 0xa0008320
[35845.547973] PUF Read:0x00000000 at 0xa0008324
[35845.548034] PUF Read:0x00000000 at 0xa0008328
[35845.548034] PUF Read:0x00000000 at 0xa000832c
[35845.548095] PUF Read:0x00000004 at 0xa0008330
[35845.548126] PUF Read:0x00000000 at 0xa0008334
[35845.548126] PUF Read:0x00000000 at 0xa0008338
[35845.548126] PUF Read:0x00000000 at 0xa000833c
[35845.548187] PUF Read:0x00000000 at 0xa0008340
[35845.548187] PUF Read:0x00000000 at 0xa0008344
[35845.548248] PUF Read:0x00000000 at 0xa0008348
[35845.548278] PUF Read:0x00000000 at 0xa000834c
[35845.548278] PUF Read:0x00000000 at 0xa0008350
[35845.548278] PUF Read:0x00000000 at 0xa0008354
[35845.548339] PUF Read:0x00000000 at 0xa0008358
[35845.548339] PUF Read:0x00000000 at 0xa000835c
[35845.548339] PUF Read:0x00010000 at 0xa0008360
[35845.548431] PUF Read:0x00000000 at 0xa0008364
[35845.548431] PUF Read:0x00000000 at 0xa0008368
[35845.548431] PUF Read:0x00000000 at 0xa000836c
[35845.548431] PUF Read:0x00000000 at 0xa0008370
[35845.548431] PUF Read:0x00000000 at 0xa0008374
[35845.548431] PUF Read:0x00000000 at 0xa0008378
[35845.548583] PUF Read:0x00000000 at 0xa000837c
[35845.548614] PUF Read:0x00000000 at 0xa0008380
[35845.548614] PUF Read:0x00000000 at 0xa0008384
[35845.548614] PUF Read:0x00000000 at 0xa0008388
[35845.548675] PUF Read:0x00000000 at 0xa000838c
[35845.548675] PUF Read:0x00000000 at 0xa0008390
[35845.548736] PUF Read:0x00000000 at 0xa0008394
[35845.548767] PUF Read:0x00000000 at 0xa0008398
[35845.548767] PUF Read:0x00000000 at 0xa000839c
[35845.548767] PUF Read:0x00000000 at 0xa00083a0
[35845.548828] PUF Read:0x00000000 at 0xa00083a4
[35845.548828] PUF Read:0x00000000 at 0xa00083a8
[35845.548889] PUF Read:0x00000000 at 0xa00083ac
[35845.548919] PUF Read:0x00000000 at 0xa00083b0
[35845.548919] PUF Read:0x00000000 at 0xa00083b4
[35845.548919] PUF Read:0x00000000 at 0xa00083b8
[35845.548980] PUF Read:0x00000000 at 0xa00083bc
[35845.548980] PUF Read:0x00000000 at 0xa00083c0
[35845.549041] PUF Read:0x00000000 at 0xa00083c4
[35845.549072] PUF Read:0x00000000 at 0xa00083c8
[35845.549072] PUF Read:0x00000000 at 0xa00083cc
[35845.549072] PUF Read:0x00000000 at 0xa00083d0
[35845.549133] PUF Read:0x00010000 at 0xa00083d4
[35845.549133] PUF Read:0x00000000 at 0xa00083d8
[35845.549133] PUF Read:0x00000000 at 0xa00083dc
[35845.549224] PUF Read:0x00000000 at 0xa00083e0
[35845.549224] PUF Read:0x00000000 at 0xa00083e4
[35845.549224] PUF Read:0x00000000 at 0xa00083e8
[35845.549224] PUF Read:0x00000000 at 0xa00083ec
[35845.549346] PUF Read:0x00000000 at 0xa00083f0
[35845.549346] PUF Read:0x00000000 at 0xa00083f4
[35845.549346] PUF Read:0x00000004 at 0xa00083f8
[35845.549346] PUF Read:0x00040000 at 0xa00083fc
[35845.549468] [i] Finished PUF read-out
[35845.549468] <6>[i] Finished PUF query for decaytime: 7680
[35845.549468] [i] Start decaytime: 120
[35845.549499] EMIF 2 REG Write 0x80000000 at 0x4d000010
[35845.549499] EMIF 2 REG Read 0x80000000 at 0x4d000010
[35845.549530] EMIF 2 REG Write 0x80000000 at 0x4d000014
[35845.549530] EMIF 2 REG Read 0x00000000 at 0x4d000014
[35845.549560] EMIF 2 REG Write 0x08016893 at 0x4d0000cc
[35845.549560] EMIF 2 REG Read 0x08016893 at 0x4d0000cc
[35845.549560] Temp polling alert disabled
[35845.549591] Refresh Disabled at EMIF2
[35845.549591] [i] Initialiting PUF & hammer rows
[35845.549591] [i] Single-Sided Rowhammer (SSRH)
[35845.549591] [i] Finished initialiting PUF & hammer rows
[35845.556274] [i]	Timer elapsed since its reset 0 sec
[35845.556274] [i] Decay: 120 sec
[35845.556274] [i]	Relative Decay: 0 msec
