[ 3389.949645] [i] Total hammer attempts per row: 1862546
[ 3389.949645] EMIF 2 REG Write 0x00000618 at 0x4d000010
[ 3389.949645] EMIF 2 REG Read 0x00000618 at 0x4d000010
[ 3389.949707] EMIF 2 REG Write 0x00000618 at 0x4d000014
[ 3389.949707] EMIF 2 REG Read 0x00000618 at 0x4d000014
[ 3389.949707] EMIF 2 REG Write 0x58016893 at 0x4d0000cc
[ 3389.949737] EMIF 2 REG Read 0x58016893 at 0x4d0000cc
[ 3389.949737] Temp polling alert enabled
[ 3389.949737] Refresh enabled at EMIF2
[ 3389.949768] [i] Starting PUF read-out
[ 3389.949768] [i] Single-Sided Rowhammer (SSRH)
[ 3389.949798] PUF Read:0x00000000 at 0xa0008000
[ 3389.949798] PUF Read:0x00000000 at 0xa0008004
[ 3389.949798] PUF Read:0x00000000 at 0xa0008008
[ 3389.949798] PUF Read:0x00000000 at 0xa000800c
[ 3389.949890] PUF Read:0x00000000 at 0xa0008010
[ 3389.949890] PUF Read:0x00000100 at 0xa0008014
[ 3389.949951] PUF Read:0x00000000 at 0xa0008018
[ 3389.949981] PUF Read:0x00000000 at 0xa000801c
[ 3389.949981] PUF Read:0x00000000 at 0xa0008020
[ 3389.950042] PUF Read:0x00000000 at 0xa0008024
[ 3389.950042] PUF Read:0x00000000 at 0xa0008028
[ 3389.950042] PUF Read:0x00000000 at 0xa000802c
[ 3389.950103] PUF Read:0x00000000 at 0xa0008030
[ 3389.950134] PUF Read:0x00000000 at 0xa0008034
[ 3389.950134] PUF Read:0x00000000 at 0xa0008038
[ 3389.950134] PUF Read:0x00000000 at 0xa000803c
[ 3389.950195] PUF Read:0x00000001 at 0xa0008040
[ 3389.950195] PUF Read:0x00004000 at 0xa0008044
[ 3389.950256] PUF Read:0x00000000 at 0xa0008048
[ 3389.950286] PUF Read:0x00000000 at 0xa000804c
[ 3389.950286] PUF Read:0x00000000 at 0xa0008050
[ 3389.950286] PUF Read:0x00000000 at 0xa0008054
[ 3389.950347] PUF Read:0x00000000 at 0xa0008058
[ 3389.950347] PUF Read:0x00000000 at 0xa000805c
[ 3389.950408] PUF Read:0x00000000 at 0xa0008060
[ 3389.950439] PUF Read:0x00000000 at 0xa0008064
[ 3389.950439] PUF Read:0x00000000 at 0xa0008068
[ 3389.950439] PUF Read:0x00000000 at 0xa000806c
[ 3389.950500] PUF Read:0x00000000 at 0xa0008070
[ 3389.950500] PUF Read:0x00000000 at 0xa0008074
[ 3389.950561] PUF Read:0x00000000 at 0xa0008078
[ 3389.950592] PUF Read:0x00000000 at 0xa000807c
[ 3389.950592] PUF Read:0x00000000 at 0xa0008080
[ 3389.950592] PUF Read:0x00000000 at 0xa0008084
[ 3389.950653] PUF Read:0x00000000 at 0xa0008088
[ 3389.950653] PUF Read:0x00000000 at 0xa000808c
[ 3389.950714] PUF Read:0x00000000 at 0xa0008090
[ 3389.950714] PUF Read:0x00000000 at 0xa0008094
[ 3389.950714] PUF Read:0x00010000 at 0xa0008098
[ 3389.950714] PUF Read:0x00000000 at 0xa000809c
[ 3389.950714] PUF Read:0x00000000 at 0xa00080a0
[ 3389.950836] PUF Read:0x00000000 at 0xa00080a4
[ 3389.950866] PUF Read:0x00000000 at 0xa00080a8
[ 3389.950866] PUF Read:0x00000040 at 0xa00080ac
[ 3389.950866] PUF Read:0x00000000 at 0xa00080b0
[ 3389.950927] PUF Read:0x00000000 at 0xa00080b4
[ 3389.950927] PUF Read:0x00000000 at 0xa00080b8
[ 3389.950988] PUF Read:0x00000000 at 0xa00080bc
[ 3389.951019] PUF Read:0x00000000 at 0xa00080c0
[ 3389.951019] PUF Read:0x00000000 at 0xa00080c4
[ 3389.951019] PUF Read:0x00000000 at 0xa00080c8
[ 3389.951019] PUF Read:0x00000000 at 0xa00080cc
[ 3389.951019] PUF Read:0x40000000 at 0xa00080d0
[ 3389.951141] PUF Read:0x00000000 at 0xa00080d4
[ 3389.951141] PUF Read:0x00000000 at 0xa00080d8
[ 3389.951141] PUF Read:0x00000000 at 0xa00080dc
[ 3389.951141] PUF Read:0x01000000 at 0xa00080e0
[ 3389.951141] PUF Read:0x00000000 at 0xa00080e4
[ 3389.951263] PUF Read:0x00000000 at 0xa00080e8
[ 3389.951293] PUF Read:0x00000001 at 0xa00080ec
[ 3389.951293] PUF Read:0x00000000 at 0xa00080f0
[ 3389.951293] PUF Read:0x00000000 at 0xa00080f4
[ 3389.951354] PUF Read:0x00000000 at 0xa00080f8
[ 3389.951354] PUF Read:0x00000000 at 0xa00080fc
[ 3389.951416] PUF Read:0x00000000 at 0xa0008100
[ 3389.951446] PUF Read:0x00000000 at 0xa0008104
[ 3389.951446] PUF Read:0x00000000 at 0xa0008108
[ 3389.951446] PUF Read:0x00000000 at 0xa000810c
[ 3389.951446] PUF Read:0x00000000 at 0xa0008110
[ 3389.951446] PUF Read:0x00000000 at 0xa0008114
[ 3389.951446] PUF Read:0x00000000 at 0xa0008118
[ 3389.951599] PUF Read:0x00000000 at 0xa000811c
[ 3389.951599] PUF Read:0x00000000 at 0xa0008120
[ 3389.951599] PUF Read:0x00000000 at 0xa0008124
[ 3389.951599] PUF Read:0x00000000 at 0xa0008128
[ 3389.951599] PUF Read:0x00000000 at 0xa000812c
[ 3389.951599] PUF Read:0x00000000 at 0xa0008130
[ 3389.951751] PUF Read:0x00000000 at 0xa0008134
[ 3389.951751] PUF Read:0x00000000 at 0xa0008138
[ 3389.951812] PUF Read:0x00000000 at 0xa000813c
[ 3389.951812] PUF Read:0x00000000 at 0xa0008140
[ 3389.951812] PUF Read:0x00000000 at 0xa0008144
[ 3389.951873] PUF Read:0x00100400 at 0xa0008148
[ 3389.951904] PUF Read:0x00000000 at 0xa000814c
[ 3389.951904] PUF Read:0x00000000 at 0xa0008150
[ 3389.951904] PUF Read:0x00000000 at 0xa0008154
[ 3389.951965] PUF Read:0x00000000 at 0xa0008158
[ 3389.951965] PUF Read:0x00000040 at 0xa000815c
[ 3389.952026] PUF Read:0x00000000 at 0xa0008160
[ 3389.952056] PUF Read:0x00000000 at 0xa0008164
[ 3389.952056] PUF Read:0x00000000 at 0xa0008168
[ 3389.952056] PUF Read:0x00400000 at 0xa000816c
[ 3389.952117] PUF Read:0x00000000 at 0xa0008170
[ 3389.952117] PUF Read:0x00000000 at 0xa0008174
[ 3389.952178] PUF Read:0x00000000 at 0xa0008178
[ 3389.952178] PUF Read:0x00000000 at 0xa000817c
[ 3389.952178] PUF Read:0x00000000 at 0xa0008180
[ 3389.952178] PUF Read:0x00000000 at 0xa0008184
[ 3389.952178] PUF Read:0x00000000 at 0xa0008188
[ 3389.952301] PUF Read:0x00000000 at 0xa000818c
[ 3389.952331] PUF Read:0x00000000 at 0xa0008190
[ 3389.952331] PUF Read:0x00000000 at 0xa0008194
[ 3389.952331] PUF Read:0x00000000 at 0xa0008198
[ 3389.952392] PUF Read:0x00000000 at 0xa000819c
[ 3389.952392] PUF Read:0x00000000 at 0xa00081a0
[ 3389.952453] PUF Read:0x00000000 at 0xa00081a4
[ 3389.952484] PUF Read:0x00000000 at 0xa00081a8
[ 3389.952484] PUF Read:0x00000000 at 0xa00081ac
[ 3389.952484] PUF Read:0x00400000 at 0xa00081b0
[ 3389.952545] PUF Read:0x00000000 at 0xa00081b4
[ 3389.952545] PUF Read:0x00000000 at 0xa00081b8
[ 3389.952606] PUF Read:0x00000000 at 0xa00081bc
[ 3389.952636] PUF Read:0x00000000 at 0xa00081c0
[ 3389.952636] PUF Read:0x00000004 at 0xa00081c4
[ 3389.952636] PUF Read:0x00000000 at 0xa00081c8
[ 3389.952697] PUF Read:0x00000000 at 0xa00081cc
[ 3389.952697] PUF Read:0x10000000 at 0xa00081d0
[ 3389.952758] PUF Read:0x00000000 at 0xa00081d4
[ 3389.952758] PUF Read:0x00000000 at 0xa00081d8
[ 3389.952758] PUF Read:0x00000000 at 0xa00081dc
[ 3389.952758] PUF Read:0x00000000 at 0xa00081e0
[ 3389.952758] PUF Read:0x00000040 at 0xa00081e4
[ 3389.952758] PUF Read:0x00000000 at 0xa00081e8
[ 3389.952911] PUF Read:0x00000000 at 0xa00081ec
[ 3389.952911] PUF Read:0x00000000 at 0xa00081f0
[ 3389.952911] PUF Read:0x00000400 at 0xa00081f4
[ 3389.952911] PUF Read:0x00000000 at 0xa00081f8
[ 3389.953002] PUF Read:0x00000000 at 0xa00081fc
[ 3389.953002] PUF Read:0x00000000 at 0xa0008200
[ 3389.953063] PUF Read:0x00000000 at 0xa0008204
[ 3389.953063] PUF Read:0x00000000 at 0xa0008208
[ 3389.953063] PUF Read:0x00000000 at 0xa000820c
[ 3389.953063] PUF Read:0x00000000 at 0xa0008210
[ 3389.953063] PUF Read:0x00000000 at 0xa0008214
[ 3389.953063] PUF Read:0x00000000 at 0xa0008218
[ 3389.953216] PUF Read:0x00000000 at 0xa000821c
[ 3389.953216] PUF Read:0x00000000 at 0xa0008220
[ 3389.953277] PUF Read:0x00000000 at 0xa0008224
[ 3389.953277] PUF Read:0x00000000 at 0xa0008228
[ 3389.953277] PUF Read:0x00000000 at 0xa000822c
[ 3389.953338] PUF Read:0x00000000 at 0xa0008230
[ 3389.953369] PUF Read:0x00400000 at 0xa0008234
[ 3389.953369] PUF Read:0x00000000 at 0xa0008238
[ 3389.953369] PUF Read:0x00000000 at 0xa000823c
[ 3389.953430] PUF Read:0x00000000 at 0xa0008240
[ 3389.953430] PUF Read:0x00000000 at 0xa0008244
[ 3389.953491] PUF Read:0x00000000 at 0xa0008248
[ 3389.953521] PUF Read:0x00000000 at 0xa000824c
[ 3389.953521] PUF Read:0x00000000 at 0xa0008250
[ 3389.953521] PUF Read:0x00000000 at 0xa0008254
[ 3389.953582] PUF Read:0x00000000 at 0xa0008258
[ 3389.953582] PUF Read:0x00000000 at 0xa000825c
[ 3389.953643] PUF Read:0x00000000 at 0xa0008260
[ 3389.953643] PUF Read:0x00000000 at 0xa0008264
[ 3389.953643] PUF Read:0x00000000 at 0xa0008268
[ 3389.953643] PUF Read:0x00000000 at 0xa000826c
[ 3389.953643] PUF Read:0x00000000 at 0xa0008270
[ 3389.953765] PUF Read:0x00000000 at 0xa0008274
[ 3389.953796] PUF Read:0x00000000 at 0xa0008278
[ 3389.953796] PUF Read:0x00000000 at 0xa000827c
[ 3389.953796] PUF Read:0x00000000 at 0xa0008280
[ 3389.953857] PUF Read:0x00000000 at 0xa0008284
[ 3389.953857] PUF Read:0x00000000 at 0xa0008288
[ 3389.953918] PUF Read:0x00000000 at 0xa000828c
[ 3389.953948] PUF Read:0x00000000 at 0xa0008290
[ 3389.953948] PUF Read:0x00000000 at 0xa0008294
[ 3389.953948] PUF Read:0x00000000 at 0xa0008298
[ 3389.954010] PUF Read:0x00000000 at 0xa000829c
[ 3389.954010] PUF Read:0x00000000 at 0xa00082a0
[ 3389.954071] PUF Read:0x00000000 at 0xa00082a4
[ 3389.954071] PUF Read:0x00000000 at 0xa00082a8
[ 3389.954071] PUF Read:0x00000000 at 0xa00082ac
[ 3389.954071] PUF Read:0x00000000 at 0xa00082b0
[ 3389.954071] PUF Read:0x00000000 at 0xa00082b4
[ 3389.954071] PUF Read:0x00000040 at 0xa00082b8
[ 3389.954223] PUF Read:0x00000000 at 0xa00082bc
[ 3389.954223] PUF Read:0x00000000 at 0xa00082c0
[ 3389.954223] PUF Read:0x00000000 at 0xa00082c4
[ 3389.954223] PUF Read:0x10000000 at 0xa00082c8
[ 3389.954223] PUF Read:0x00000000 at 0xa00082cc
[ 3389.954223] PUF Read:0x00000000 at 0xa00082d0
[ 3389.954376] PUF Read:0x00000000 at 0xa00082d4
[ 3389.954376] PUF Read:0x00000000 at 0xa00082d8
[ 3389.954376] PUF Read:0x00000000 at 0xa00082dc
[ 3389.954376] PUF Read:0x00000000 at 0xa00082e0
[ 3389.954376] PUF Read:0x00000400 at 0xa00082e4
[ 3389.954376] PUF Read:0x00000000 at 0xa00082e8
[ 3389.954528] PUF Read:0x00000000 at 0xa00082ec
[ 3389.954528] PUF Read:0x00000000 at 0xa00082f0
[ 3389.954528] PUF Read:0x00000000 at 0xa00082f4
[ 3389.954528] PUF Read:0x00000000 at 0xa00082f8
[ 3389.954528] PUF Read:0x00000000 at 0xa00082fc
[ 3389.954528] PUF Read:0x00000000 at 0xa0008300
[ 3389.954681] PUF Read:0x00000000 at 0xa0008304
[ 3389.954681] PUF Read:0x00000000 at 0xa0008308
[ 3389.954681] PUF Read:0x00000000 at 0xa000830c
[ 3389.954681] PUF Read:0x00000000 at 0xa0008310
[ 3389.954681] PUF Read:0x00000000 at 0xa0008314
[ 3389.954803] PUF Read:0x00000000 at 0xa0008318
[ 3389.954833] PUF Read:0x10000000 at 0xa000831c
[ 3389.954833] PUF Read:0x00000000 at 0xa0008320
[ 3389.954895] PUF Read:0x00000000 at 0xa0008324
[ 3389.954895] PUF Read:0x00000000 at 0xa0008328
[ 3389.954895] PUF Read:0x00000000 at 0xa000832c
[ 3389.954956] PUF Read:0x00000004 at 0xa0008330
[ 3389.954986] PUF Read:0x00000000 at 0xa0008334
[ 3389.954986] PUF Read:0x00000000 at 0xa0008338
[ 3389.954986] PUF Read:0x00000000 at 0xa000833c
[ 3389.955047] PUF Read:0x00000000 at 0xa0008340
[ 3389.955047] PUF Read:0x00000000 at 0xa0008344
[ 3389.955108] PUF Read:0x00000000 at 0xa0008348
[ 3389.955139] PUF Read:0x00000000 at 0xa000834c
[ 3389.955139] PUF Read:0x00000000 at 0xa0008350
[ 3389.955139] PUF Read:0x00000000 at 0xa0008354
[ 3389.955200] PUF Read:0x00000000 at 0xa0008358
[ 3389.955200] PUF Read:0x00000000 at 0xa000835c
[ 3389.955261] PUF Read:0x00010000 at 0xa0008360
[ 3389.955291] PUF Read:0x00000000 at 0xa0008364
[ 3389.955291] PUF Read:0x00000000 at 0xa0008368
[ 3389.955291] PUF Read:0x00000000 at 0xa000836c
[ 3389.955352] PUF Read:0x00000000 at 0xa0008370
[ 3389.955352] PUF Read:0x00000000 at 0xa0008374
[ 3389.955413] PUF Read:0x00000000 at 0xa0008378
[ 3389.955444] PUF Read:0x00000000 at 0xa000837c
[ 3389.955444] PUF Read:0x00000000 at 0xa0008380
[ 3389.955444] PUF Read:0x00000000 at 0xa0008384
[ 3389.955505] PUF Read:0x00000000 at 0xa0008388
[ 3389.955505] PUF Read:0x00000000 at 0xa000838c
[ 3389.955596] PUF Read:0x00000000 at 0xa0008390
[ 3389.955627] PUF Read:0x00000000 at 0xa0008394
[ 3389.955657] PUF Read:0x00000000 at 0xa0008398
[ 3389.955657] PUF Read:0x00000000 at 0xa000839c
[ 3389.955718] PUF Read:0x00000000 at 0xa00083a0
[ 3389.955718] PUF Read:0x00000000 at 0xa00083a4
[ 3389.955718] PUF Read:0x00000000 at 0xa00083a8
[ 3389.955780] PUF Read:0x00000000 at 0xa00083ac
[ 3389.955810] PUF Read:0x00000000 at 0xa00083b0
[ 3389.955810] PUF Read:0x00000000 at 0xa00083b4
[ 3389.955810] PUF Read:0x00000000 at 0xa00083b8
[ 3389.955871] PUF Read:0x00000000 at 0xa00083bc
[ 3389.955871] PUF Read:0x00000000 at 0xa00083c0
[ 3389.955932] PUF Read:0x00000000 at 0xa00083c4
[ 3389.955963] PUF Read:0x00000000 at 0xa00083c8
[ 3389.955963] PUF Read:0x00000000 at 0xa00083cc
[ 3389.955963] PUF Read:0x00000000 at 0xa00083d0
[ 3389.955963] PUF Read:0x00010000 at 0xa00083d4
[ 3389.955963] PUF Read:0x00000000 at 0xa00083d8
[ 3389.956085] PUF Read:0x00000000 at 0xa00083dc
[ 3389.956115] PUF Read:0x00000000 at 0xa00083e0
[ 3389.956115] PUF Read:0x00000000 at 0xa00083e4
[ 3389.956115] PUF Read:0x00000000 at 0xa00083e8
[ 3389.956176] PUF Read:0x00000000 at 0xa00083ec
[ 3389.956176] PUF Read:0x00000000 at 0xa00083f0
[ 3389.956237] PUF Read:0x00000000 at 0xa00083f4
[ 3389.956268] PUF Read:0x00000004 at 0xa00083f8
[ 3389.956268] PUF Read:0x00040000 at 0xa00083fc
[ 3389.956268] [i] Finished PUF read-out
[ 3389.956329] <6>[i] Finished PUF query for decaytime: 7680
[ 3389.956329] [i] Start decaytime: 120
[ 3389.956329] EMIF 2 REG Write 0x80000000 at 0x4d000010
[ 3389.956359] EMIF 2 REG Read 0x80000000 at 0x4d000010
[ 3389.956359] EMIF 2 REG Write 0x80000000 at 0x4d000014
[ 3389.956390] EMIF 2 REG Read 0x00000000 at 0x4d000014
[ 3389.956390] EMIF 2 REG Write 0x08016893 at 0x4d0000cc
[ 3389.956420] EMIF 2 REG Read 0x08016893 at 0x4d0000cc
[ 3389.956420] Temp polling alert disabled
[ 3389.956420] Refresh Disabled at EMIF2
[ 3389.956451] [i] Initialiting PUF & hammer rows
[ 3389.956451] [i] Single-Sided Rowhammer (SSRH)
[ 3389.956451] [i] Finished initialiting PUF & hammer rows
[ 3389.956451] [i]	Timer elapsed since its reset 0 sec
[ 3389.963134] [i] Decay: 120 sec
[ 3389.963134] [i]	Relative Decay: 0 msec
