[14028.416534] [i] Total hammer attempts per row: 1863024
[14028.416534] EMIF 2 REG Write 0x00000618 at 0x4d000010
[14028.416625] EMIF 2 REG Read 0x00000618 at 0x4d000010
[14028.416625] EMIF 2 REG Write 0x00000618 at 0x4d000014
[14028.416656] EMIF 2 REG Read 0x00000618 at 0x4d000014
[14028.416656] EMIF 2 REG Write 0x58016893 at 0x4d0000cc
[14028.416656] EMIF 2 REG Read 0x58016893 at 0x4d0000cc
[14028.416687] Temp polling alert enabled
[14028.416687] Refresh enabled at EMIF2
[14028.416687] [i] Starting PUF read-out
[14028.416717] [i] Single-Sided Rowhammer (SSRH)
[14028.416717] PUF Read:0x00000000 at 0xa0008000
[14028.416717] PUF Read:0x00000000 at 0xa0008004
[14028.416717] PUF Read:0x00000000 at 0xa0008008
[14028.416717] PUF Read:0x00000000 at 0xa000800c
[14028.416839] PUF Read:0x00000000 at 0xa0008010
[14028.416870] PUF Read:0x00000100 at 0xa0008014
[14028.416870] PUF Read:0x00000000 at 0xa0008018
[14028.416870] PUF Read:0x00000000 at 0xa000801c
[14028.416931] PUF Read:0x00000000 at 0xa0008020
[14028.416931] PUF Read:0x40004000 at 0xa0008024
[14028.416992] PUF Read:0x00000000 at 0xa0008028
[14028.417022] PUF Read:0x00000000 at 0xa000802c
[14028.417022] PUF Read:0x00000000 at 0xa0008030
[14028.417022] PUF Read:0x00000000 at 0xa0008034
[14028.417022] PUF Read:0x00000000 at 0xa0008038
[14028.417022] PUF Read:0x00000000 at 0xa000803c
[14028.417022] PUF Read:0x00000001 at 0xa0008040
[14028.417175] PUF Read:0x00004000 at 0xa0008044
[14028.417175] PUF Read:0x00000000 at 0xa0008048
[14028.417175] PUF Read:0x00000000 at 0xa000804c
[14028.417175] PUF Read:0x00000000 at 0xa0008050
[14028.417175] PUF Read:0x00000000 at 0xa0008054
[14028.417175] PUF Read:0x00000000 at 0xa0008058
[14028.417327] PUF Read:0x00000000 at 0xa000805c
[14028.417327] PUF Read:0x00000000 at 0xa0008060
[14028.417388] PUF Read:0x00000000 at 0xa0008064
[14028.417388] PUF Read:0x00000000 at 0xa0008068
[14028.417388] PUF Read:0x00000000 at 0xa000806c
[14028.417449] PUF Read:0x00000000 at 0xa0008070
[14028.417480] PUF Read:0x00000000 at 0xa0008074
[14028.417480] PUF Read:0x00000000 at 0xa0008078
[14028.417480] PUF Read:0x00000000 at 0xa000807c
[14028.417541] PUF Read:0x00010000 at 0xa0008080
[14028.417541] PUF Read:0x00000000 at 0xa0008084
[14028.417602] PUF Read:0x00000000 at 0xa0008088
[14028.417633] PUF Read:0x00000000 at 0xa000808c
[14028.417633] PUF Read:0x00000000 at 0xa0008090
[14028.417633] PUF Read:0x00000000 at 0xa0008094
[14028.417694] PUF Read:0x00010000 at 0xa0008098
[14028.417694] PUF Read:0x00000000 at 0xa000809c
[14028.417755] PUF Read:0x00000000 at 0xa00080a0
[14028.417785] PUF Read:0x00000000 at 0xa00080a4
[14028.417785] PUF Read:0x00000000 at 0xa00080a8
[14028.417785] PUF Read:0x00000040 at 0xa00080ac
[14028.417846] PUF Read:0x00000000 at 0xa00080b0
[14028.417846] PUF Read:0x00000000 at 0xa00080b4
[14028.417846] PUF Read:0x00004000 at 0xa00080b8
[14028.417938] PUF Read:0x00000000 at 0xa00080bc
[14028.417968] PUF Read:0x00000000 at 0xa00080c0
[14028.417968] PUF Read:0x00000000 at 0xa00080c4
[14028.417968] PUF Read:0x00000000 at 0xa00080c8
[14028.417968] PUF Read:0x00000000 at 0xa00080cc
[14028.417968] PUF Read:0x40044000 at 0xa00080d0
[14028.417968] PUF Read:0x00000000 at 0xa00080d4
[14028.418121] PUF Read:0x00000000 at 0xa00080d8
[14028.418121] PUF Read:0x00000000 at 0xa00080dc
[14028.418121] PUF Read:0x01000000 at 0xa00080e0
[14028.418121] PUF Read:0x00000000 at 0xa00080e4
[14028.418212] PUF Read:0x00000000 at 0xa00080e8
[14028.418212] PUF Read:0x00000001 at 0xa00080ec
[14028.418273] PUF Read:0x00000000 at 0xa00080f0
[14028.418304] PUF Read:0x00000000 at 0xa00080f4
[14028.418304] PUF Read:0x00000100 at 0xa00080f8
[14028.418304] PUF Read:0x00000000 at 0xa00080fc
[14028.418365] PUF Read:0x00000000 at 0xa0008100
[14028.418365] PUF Read:0x00000000 at 0xa0008104
[14028.418426] PUF Read:0x00000000 at 0xa0008108
[14028.418457] PUF Read:0x00000000 at 0xa000810c
[14028.418457] PUF Read:0x00000000 at 0xa0008110
[14028.418457] PUF Read:0x00000000 at 0xa0008114
[14028.418518] PUF Read:0x00000000 at 0xa0008118
[14028.418518] PUF Read:0x00000000 at 0xa000811c
[14028.418579] PUF Read:0x00000000 at 0xa0008120
[14028.418609] PUF Read:0x00000400 at 0xa0008124
[14028.418609] PUF Read:0x00000040 at 0xa0008128
[14028.418609] PUF Read:0x00000000 at 0xa000812c
[14028.418670] PUF Read:0x00000000 at 0xa0008130
[14028.418670] PUF Read:0x00000000 at 0xa0008134
[14028.418731] PUF Read:0x00000000 at 0xa0008138
[14028.418762] PUF Read:0x00000000 at 0xa000813c
[14028.418762] PUF Read:0x00000400 at 0xa0008140
[14028.418762] PUF Read:0x00000000 at 0xa0008144
[14028.418823] PUF Read:0x00100400 at 0xa0008148
[14028.418823] PUF Read:0x00000000 at 0xa000814c
[14028.418884] PUF Read:0x00000000 at 0xa0008150
[14028.418914] PUF Read:0x00000000 at 0xa0008154
[14028.418914] PUF Read:0x00000000 at 0xa0008158
[14028.418914] PUF Read:0x00000040 at 0xa000815c
[14028.418975] PUF Read:0x00000000 at 0xa0008160
[14028.418975] PUF Read:0x00000000 at 0xa0008164
[14028.419036] PUF Read:0x00000000 at 0xa0008168
[14028.419067] PUF Read:0x00400000 at 0xa000816c
[14028.419067] PUF Read:0x00000000 at 0xa0008170
[14028.419128] PUF Read:0x00000000 at 0xa0008174
[14028.419128] PUF Read:0x00000000 at 0xa0008178
[14028.419128] PUF Read:0x00000000 at 0xa000817c
[14028.419128] PUF Read:0x00000000 at 0xa0008180
[14028.419219] PUF Read:0x00000000 at 0xa0008184
[14028.419219] PUF Read:0x00000000 at 0xa0008188
[14028.419219] PUF Read:0x00000000 at 0xa000818c
[14028.419219] PUF Read:0x00000000 at 0xa0008190
[14028.419219] PUF Read:0x40000000 at 0xa0008194
[14028.419219] PUF Read:0x00000000 at 0xa0008198
[14028.419372] PUF Read:0x00000000 at 0xa000819c
[14028.419372] PUF Read:0x00000000 at 0xa00081a0
[14028.419372] PUF Read:0x00000000 at 0xa00081a4
[14028.419372] PUF Read:0x00000000 at 0xa00081a8
[14028.419372] PUF Read:0x00000000 at 0xa00081ac
[14028.419372] PUF Read:0x00410000 at 0xa00081b0
[14028.419372] PUF Read:0x00000000 at 0xa00081b4
[14028.419555] PUF Read:0x00000000 at 0xa00081b8
[14028.419555] PUF Read:0x00000000 at 0xa00081bc
[14028.419555] PUF Read:0x00000000 at 0xa00081c0
[14028.419555] PUF Read:0x00000004 at 0xa00081c4
[14028.419647] PUF Read:0x00000000 at 0xa00081c8
[14028.419647] PUF Read:0x00000000 at 0xa00081cc
[14028.419708] PUF Read:0x10000000 at 0xa00081d0
[14028.419738] PUF Read:0x00000000 at 0xa00081d4
[14028.419738] PUF Read:0x00000000 at 0xa00081d8
[14028.419738] PUF Read:0x00000000 at 0xa00081dc
[14028.419799] PUF Read:0x00000000 at 0xa00081e0
[14028.419799] PUF Read:0x00000040 at 0xa00081e4
[14028.419860] PUF Read:0x00000000 at 0xa00081e8
[14028.419891] PUF Read:0x00000000 at 0xa00081ec
[14028.419891] PUF Read:0x00000000 at 0xa00081f0
[14028.419891] PUF Read:0x00000400 at 0xa00081f4
[14028.419952] PUF Read:0x00000000 at 0xa00081f8
[14028.419952] PUF Read:0x00000000 at 0xa00081fc
[14028.420013] PUF Read:0x00000000 at 0xa0008200
[14028.420043] PUF Read:0x00000000 at 0xa0008204
[14028.420043] PUF Read:0x00000000 at 0xa0008208
[14028.420043] PUF Read:0x00000000 at 0xa000820c
[14028.420104] PUF Read:0x00000000 at 0xa0008210
[14028.420104] PUF Read:0x00000000 at 0xa0008214
[14028.420166] PUF Read:0x00000000 at 0xa0008218
[14028.420196] PUF Read:0x00000000 at 0xa000821c
[14028.420196] PUF Read:0x00000000 at 0xa0008220
[14028.420196] PUF Read:0x00000000 at 0xa0008224
[14028.420257] PUF Read:0x00000000 at 0xa0008228
[14028.420257] PUF Read:0x00000000 at 0xa000822c
[14028.420318] PUF Read:0x00000000 at 0xa0008230
[14028.420349] PUF Read:0x00400000 at 0xa0008234
[14028.420349] PUF Read:0x00000000 at 0xa0008238
[14028.420349] PUF Read:0x00000000 at 0xa000823c
[14028.420410] PUF Read:0x00000000 at 0xa0008240
[14028.420410] PUF Read:0x00000000 at 0xa0008244
[14028.420471] PUF Read:0x00000000 at 0xa0008248
[14028.420501] PUF Read:0x00000000 at 0xa000824c
[14028.420501] PUF Read:0x00000000 at 0xa0008250
[14028.420501] PUF Read:0x00100000 at 0xa0008254
[14028.420562] PUF Read:0x00000000 at 0xa0008258
[14028.420562] PUF Read:0x00040000 at 0xa000825c
[14028.420623] PUF Read:0x00000000 at 0xa0008260
[14028.420654] PUF Read:0x00000000 at 0xa0008264
[14028.420654] PUF Read:0x00000000 at 0xa0008268
[14028.420654] PUF Read:0x00000000 at 0xa000826c
[14028.420715] PUF Read:0x00000000 at 0xa0008270
[14028.420715] PUF Read:0x00000000 at 0xa0008274
[14028.420776] PUF Read:0x00000000 at 0xa0008278
[14028.420806] PUF Read:0x00000000 at 0xa000827c
[14028.420806] PUF Read:0x00000000 at 0xa0008280
[14028.420806] PUF Read:0x00000000 at 0xa0008284
[14028.420867] PUF Read:0x00000000 at 0xa0008288
[14028.420867] PUF Read:0x00000000 at 0xa000828c
[14028.420928] PUF Read:0x00000000 at 0xa0008290
[14028.420959] PUF Read:0x00000000 at 0xa0008294
[14028.420959] PUF Read:0x00000000 at 0xa0008298
[14028.420959] PUF Read:0x00000000 at 0xa000829c
[14028.420959] PUF Read:0x00000000 at 0xa00082a0
[14028.421051] PUF Read:0x00001000 at 0xa00082a4
[14028.421051] PUF Read:0x00000000 at 0xa00082a8
[14028.421112] PUF Read:0x00000000 at 0xa00082ac
[14028.421142] PUF Read:0x00000000 at 0xa00082b0
[14028.421142] PUF Read:0x00000000 at 0xa00082b4
[14028.421142] PUF Read:0x00000040 at 0xa00082b8
[14028.421203] PUF Read:0x00000000 at 0xa00082bc
[14028.421203] PUF Read:0x00000000 at 0xa00082c0
[14028.421264] PUF Read:0x00000000 at 0xa00082c4
[14028.421295] PUF Read:0x10000000 at 0xa00082c8
[14028.421295] PUF Read:0x00000000 at 0xa00082cc
[14028.421295] PUF Read:0x00100000 at 0xa00082d0
[14028.421356] PUF Read:0x00000000 at 0xa00082d4
[14028.421356] PUF Read:0x00000000 at 0xa00082d8
[14028.421417] PUF Read:0x00000000 at 0xa00082dc
[14028.421447] PUF Read:0x00000000 at 0xa00082e0
[14028.421447] PUF Read:0x00000400 at 0xa00082e4
[14028.421447] PUF Read:0x00000000 at 0xa00082e8
[14028.421508] PUF Read:0x00000001 at 0xa00082ec
[14028.421508] PUF Read:0x00000000 at 0xa00082f0
[14028.421569] PUF Read:0x00000000 at 0xa00082f4
[14028.421600] PUF Read:0x00000000 at 0xa00082f8
[14028.421600] PUF Read:0x00000000 at 0xa00082fc
[14028.421600] PUF Read:0x00000000 at 0xa0008300
[14028.421661] PUF Read:0x00000000 at 0xa0008304
[14028.421661] PUF Read:0x00000000 at 0xa0008308
[14028.421722] PUF Read:0x00000000 at 0xa000830c
[14028.421752] PUF Read:0x00000000 at 0xa0008310
[14028.421752] PUF Read:0x00000000 at 0xa0008314
[14028.421752] PUF Read:0x01000000 at 0xa0008318
[14028.421813] PUF Read:0x10000000 at 0xa000831c
[14028.421813] PUF Read:0x00000000 at 0xa0008320
[14028.421875] PUF Read:0x00000000 at 0xa0008324
[14028.421905] PUF Read:0x00000000 at 0xa0008328
[14028.421905] PUF Read:0x00000000 at 0xa000832c
[14028.421966] PUF Read:0x00000004 at 0xa0008330
[14028.421966] PUF Read:0x00000000 at 0xa0008334
[14028.421966] PUF Read:0x00000000 at 0xa0008338
[14028.421966] PUF Read:0x00000000 at 0xa000833c
[14028.422058] PUF Read:0x00000000 at 0xa0008340
[14028.422058] PUF Read:0x00000000 at 0xa0008344
[14028.422119] PUF Read:0x00000000 at 0xa0008348
[14028.422119] PUF Read:0x00000000 at 0xa000834c
[14028.422119] PUF Read:0x00000000 at 0xa0008350
[14028.422119] PUF Read:0x00000000 at 0xa0008354
[14028.422210] PUF Read:0x00000000 at 0xa0008358
[14028.422210] PUF Read:0x00000000 at 0xa000835c
[14028.422210] PUF Read:0x00010000 at 0xa0008360
[14028.422210] PUF Read:0x00000000 at 0xa0008364
[14028.422210] PUF Read:0x00000000 at 0xa0008368
[14028.422332] PUF Read:0x00000000 at 0xa000836c
[14028.422363] PUF Read:0x00000000 at 0xa0008370
[14028.422363] PUF Read:0x00000000 at 0xa0008374
[14028.422424] PUF Read:0x00000000 at 0xa0008378
[14028.422424] PUF Read:0x00000000 at 0xa000837c
[14028.422424] PUF Read:0x00000000 at 0xa0008380
[14028.422424] PUF Read:0x00000000 at 0xa0008384
[14028.422424] PUF Read:0x00000000 at 0xa0008388
[14028.422546] PUF Read:0x00000000 at 0xa000838c
[14028.422546] PUF Read:0x00000001 at 0xa0008390
[14028.422546] PUF Read:0x00000100 at 0xa0008394
[14028.422546] PUF Read:0x00000000 at 0xa0008398
[14028.422546] PUF Read:0x00000000 at 0xa000839c
[14028.422546] PUF Read:0x00000000 at 0xa00083a0
[14028.422698] PUF Read:0x00000000 at 0xa00083a4
[14028.422698] PUF Read:0x00000000 at 0xa00083a8
[14028.422698] PUF Read:0x00000000 at 0xa00083ac
[14028.422698] PUF Read:0x00000000 at 0xa00083b0
[14028.422698] PUF Read:0x00000000 at 0xa00083b4
[14028.422698] PUF Read:0x00000000 at 0xa00083b8
[14028.422851] PUF Read:0x00000000 at 0xa00083bc
[14028.422851] PUF Read:0x00000000 at 0xa00083c0
[14028.422851] PUF Read:0x04000000 at 0xa00083c4
[14028.422851] PUF Read:0x00000000 at 0xa00083c8
[14028.422851] PUF Read:0x00000000 at 0xa00083cc
[14028.422851] PUF Read:0x00000000 at 0xa00083d0
[14028.423004] PUF Read:0x00010000 at 0xa00083d4
[14028.423004] PUF Read:0x00000000 at 0xa00083d8
[14028.423004] PUF Read:0x00000000 at 0xa00083dc
[14028.423004] PUF Read:0x00100000 at 0xa00083e0
[14028.423004] PUF Read:0x10000000 at 0xa00083e4
[14028.423004] PUF Read:0x00000000 at 0xa00083e8
[14028.423156] PUF Read:0x00000000 at 0xa00083ec
[14028.423187] PUF Read:0x00000000 at 0xa00083f0
[14028.423187] PUF Read:0x00000000 at 0xa00083f4
[14028.423187] PUF Read:0x00000004 at 0xa00083f8
[14028.423248] PUF Read:0x00040000 at 0xa00083fc
[14028.423278] [i] Finished PUF read-out
[14028.423278] <6>[i] Finished PUF query for decaytime: 7680
[14028.423309] [i] Start decaytime: 120
[14028.423309] EMIF 2 REG Write 0x80000000 at 0x4d000010
[14028.423309] EMIF 2 REG Read 0x80000000 at 0x4d000010
[14028.423339] EMIF 2 REG Write 0x80000000 at 0x4d000014
[14028.423339] EMIF 2 REG Read 0x00000000 at 0x4d000014
[14028.423370] EMIF 2 REG Write 0x08016893 at 0x4d0000cc
[14028.423370] EMIF 2 REG Read 0x08016893 at 0x4d0000cc
[14028.423400] Temp polling alert disabled
[14028.423400] Refresh Disabled at EMIF2
[14028.423400] [i] Initialiting PUF & hammer rows
[14028.423431] [i] Single-Sided Rowhammer (SSRH)
[14028.425231] [i] Finished initialiting PUF & hammer rows
[14028.430175] [i]	Timer elapsed since its reset 0 sec
[14028.430175] [i] Decay: 120 sec
[14028.430175] [i]	Relative Decay: 0 msec
