[46303.955993] [i] Total hammer attempts per row: 1863562
[46303.955993] EMIF 2 REG Write 0x00000618 at 0x4d000010
[46303.956024] EMIF 2 REG Read 0x00000618 at 0x4d000010
[46303.956054] EMIF 2 REG Write 0x00000618 at 0x4d000014
[46303.956054] EMIF 2 REG Read 0x00000618 at 0x4d000014
[46303.956054] EMIF 2 REG Write 0x58016893 at 0x4d0000cc
[46303.956085] EMIF 2 REG Read 0x58016893 at 0x4d0000cc
[46303.956085] Temp polling alert enabled
[46303.956085] Refresh enabled at EMIF2
[46303.956115] [i] Starting PUF read-out
[46303.956115] [i] Single-Sided Rowhammer (SSRH)
[46303.956146] PUF Read:0xaaaaaaaa at 0xa0008000
[46303.956146] PUF Read:0xaaaaaaaa at 0xa0008004
[46303.956146] PUF Read:0xaaaaaaaa at 0xa0008008
[46303.956146] PUF Read:0xaaaaaaaa at 0xa000800c
[46303.956237] PUF Read:0xaaaaaaaa at 0xa0008010
[46303.956237] PUF Read:0xaaaaabaa at 0xa0008014
[46303.956237] PUF Read:0xaaaaaaaa at 0xa0008018
[46303.956237] PUF Read:0xaaaaaaaa at 0xa000801c
[46303.956359] PUF Read:0xaaaaaaaa at 0xa0008020
[46303.956390] PUF Read:0xaaaaaaaa at 0xa0008024
[46303.956390] PUF Read:0xaaaaaaaa at 0xa0008028
[46303.956390] PUF Read:0xaaaaaaaa at 0xa000802c
[46303.956390] PUF Read:0xaaaaaaaa at 0xa0008030
[46303.956390] PUF Read:0xaaaaaaaa at 0xa0008034
[46303.956390] PUF Read:0xaaaaaaaa at 0xa0008038
[46303.956542] PUF Read:0xaaaaaaaa at 0xa000803c
[46303.956542] PUF Read:0xaaaaaaab at 0xa0008040
[46303.956542] PUF Read:0xaaaaeaaa at 0xa0008044
[46303.956542] PUF Read:0xaaaaaaaa at 0xa0008048
[46303.956634] PUF Read:0xaaaaaaaa at 0xa000804c
[46303.956634] PUF Read:0xaaaaaaaa at 0xa0008050
[46303.956695] PUF Read:0xaaaaaaaa at 0xa0008054
[46303.956726] PUF Read:0xaaaaaaaa at 0xa0008058
[46303.956726] PUF Read:0xaaaaaaaa at 0xa000805c
[46303.956726] PUF Read:0xaaaaaaaa at 0xa0008060
[46303.956726] PUF Read:0xaaaa2aaa at 0xa0008064
[46303.956726] PUF Read:0xaaaaaaaa at 0xa0008068
[46303.956726] PUF Read:0xaaaaaaaa at 0xa000806c
[46303.956878] PUF Read:0xaaaaaaaa at 0xa0008070
[46303.956909] PUF Read:0xaaaaaaaa at 0xa0008074
[46303.956909] PUF Read:0xaaaaaaaa at 0xa0008078
[46303.956909] PUF Read:0xaaaaaaaa at 0xa000807c
[46303.956970] PUF Read:0xaaaaaaaa at 0xa0008080
[46303.956970] PUF Read:0xaaaaaaaa at 0xa0008084
[46303.957031] PUF Read:0xaaaaaaaa at 0xa0008088
[46303.957061] PUF Read:0xaaaaaaaa at 0xa000808c
[46303.957061] PUF Read:0xaaaa8aaa at 0xa0008090
[46303.957061] PUF Read:0xaaaaaaaa at 0xa0008094
[46303.957122] PUF Read:0x2aabaaaa at 0xa0008098
[46303.957122] PUF Read:0xaaaaaaaa at 0xa000809c
[46303.957183] PUF Read:0xaaaaaaaa at 0xa00080a0
[46303.957214] PUF Read:0xaaaaaaaa at 0xa00080a4
[46303.957214] PUF Read:0xaaaaaaaa at 0xa00080a8
[46303.957275] PUF Read:0xaaaaaaaa at 0xa00080ac
[46303.957275] PUF Read:0xaaaaaaaa at 0xa00080b0
[46303.957275] PUF Read:0xaa2aaaaa at 0xa00080b4
[46303.957336] PUF Read:0xaaaaaaaa at 0xa00080b8
[46303.957366] PUF Read:0x8aaaaaaa at 0xa00080bc
[46303.957366] PUF Read:0xaaaaaaaa at 0xa00080c0
[46303.957366] PUF Read:0xaaaaaaaa at 0xa00080c4
[46303.957366] PUF Read:0xaaa2aaaa at 0xa00080c8
[46303.957366] PUF Read:0xaaaaaaaa at 0xa00080cc
[46303.957366] PUF Read:0xaaaaaaaa at 0xa00080d0
[46303.957519] PUF Read:0xaaaaaaaa at 0xa00080d4
[46303.957550] PUF Read:0xaaaaaaaa at 0xa00080d8
[46303.957550] PUF Read:0xaaaaaaaa at 0xa00080dc
[46303.957550] PUF Read:0xaaaaaaaa at 0xa00080e0
[46303.957611] PUF Read:0xaaaaaaaa at 0xa00080e4
[46303.957611] PUF Read:0xaaaaaaaa at 0xa00080e8
[46303.957672] PUF Read:0xaaaaaaab at 0xa00080ec
[46303.957702] PUF Read:0x8aaaaaaa at 0xa00080f0
[46303.957702] PUF Read:0xaaaaaaaa at 0xa00080f4
[46303.957702] PUF Read:0xaaaaaaaa at 0xa00080f8
[46303.957702] PUF Read:0xaaaaaaaa at 0xa00080fc
[46303.957702] PUF Read:0xaaaaaaaa at 0xa0008100
[46303.957702] PUF Read:0xaaaaaaaa at 0xa0008104
[46303.957855] PUF Read:0xaaaaaaaa at 0xa0008108
[46303.957885] PUF Read:0xaaaaaaaa at 0xa000810c
[46303.957885] PUF Read:0xaaaaaaaa at 0xa0008110
[46303.957885] PUF Read:0xaaaaaaaa at 0xa0008114
[46303.957885] PUF Read:0xaaaaaaaa at 0xa0008118
[46303.957885] PUF Read:0xaaaaaaaa at 0xa000811c
[46303.957885] PUF Read:0xaaaaaaaa at 0xa0008120
[46303.958038] PUF Read:0xaaaaaaaa at 0xa0008124
[46303.958038] PUF Read:0xaaaaaaaa at 0xa0008128
[46303.958038] PUF Read:0xaaaaaaaa at 0xa000812c
[46303.958038] PUF Read:0xaaaaaaaa at 0xa0008130
[46303.958129] PUF Read:0xaaaaaaaa at 0xa0008134
[46303.958129] PUF Read:0xaa8aaaaa at 0xa0008138
[46303.958190] PUF Read:0xaaaaaaaa at 0xa000813c
[46303.958221] PUF Read:0xaaaaaaaa at 0xa0008140
[46303.958221] PUF Read:0xaaaaaaaa at 0xa0008144
[46303.958221] PUF Read:0xaabaaeaa at 0xa0008148
[46303.958282] PUF Read:0xaaaaaaaa at 0xa000814c
[46303.958282] PUF Read:0xaaaaaaaa at 0xa0008150
[46303.958343] PUF Read:0xaaaaaaaa at 0xa0008154
[46303.958374] PUF Read:0xaaaaaaaa at 0xa0008158
[46303.958374] PUF Read:0xaaaaaaea at 0xa000815c
[46303.958374] PUF Read:0xaaaaaaaa at 0xa0008160
[46303.958435] PUF Read:0xaaaaaaaa at 0xa0008164
[46303.958435] PUF Read:0xaaaaaaaa at 0xa0008168
[46303.958496] PUF Read:0xaaaaaaaa at 0xa000816c
[46303.958526] PUF Read:0xaaaaaaaa at 0xa0008170
[46303.958526] PUF Read:0xaaaaaaaa at 0xa0008174
[46303.958587] PUF Read:0xaaaaaaaa at 0xa0008178
[46303.958587] PUF Read:0xaaaaaaaa at 0xa000817c
[46303.958587] PUF Read:0xaaaaaa2a at 0xa0008180
[46303.958587] PUF Read:0xaaaaaaaa at 0xa0008184
[46303.958679] PUF Read:0xaaaaaaaa at 0xa0008188
[46303.958679] PUF Read:0xaaaaaaaa at 0xa000818c
[46303.958679] PUF Read:0xaaaaaaaa at 0xa0008190
[46303.958679] PUF Read:0xaaaaaaaa at 0xa0008194
[46303.958679] PUF Read:0xaaaaaaaa at 0xa0008198
[46303.958679] PUF Read:0xaaaaaaaa at 0xa000819c
[46303.958831] PUF Read:0xaaaaaaaa at 0xa00081a0
[46303.958862] PUF Read:0xaaaaaaaa at 0xa00081a4
[46303.958862] PUF Read:0xaaaaaaaa at 0xa00081a8
[46303.958862] PUF Read:0xaaaaaaaa at 0xa00081ac
[46303.958923] PUF Read:0xaaeaaaaa at 0xa00081b0
[46303.958923] PUF Read:0xaaaaaaaa at 0xa00081b4
[46303.958984] PUF Read:0xaaaaaaaa at 0xa00081b8
[46303.959014] PUF Read:0xaaaaaaaa at 0xa00081bc
[46303.959014] PUF Read:0xaaaaaaaa at 0xa00081c0
[46303.959014] PUF Read:0xaaaaaaae at 0xa00081c4
[46303.959075] PUF Read:0xaaaaaaaa at 0xa00081c8
[46303.959075] PUF Read:0xaaaaaaaa at 0xa00081cc
[46303.959136] PUF Read:0xbaaaaaaa at 0xa00081d0
[46303.959167] PUF Read:0xaaaaaaaa at 0xa00081d4
[46303.959167] PUF Read:0xaaaaaaaa at 0xa00081d8
[46303.959228] PUF Read:0xaaaaaaaa at 0xa00081dc
[46303.959228] PUF Read:0xaaaaaaaa at 0xa00081e0
[46303.959228] PUF Read:0xaaaaaaaa at 0xa00081e4
[46303.959228] PUF Read:0xaaaaaaaa at 0xa00081e8
[46303.959320] PUF Read:0xaa2aaaaa at 0xa00081ec
[46303.959320] PUF Read:0xaaaaaaaa at 0xa00081f0
[46303.959320] PUF Read:0xaaaaaaaa at 0xa00081f4
[46303.959320] PUF Read:0xaaaaaaa2 at 0xa00081f8
[46303.959320] PUF Read:0xaaaaaaaa at 0xa00081fc
[46303.959320] PUF Read:0xaaaaaaaa at 0xa0008200
[46303.959320] PUF Read:0xaaaaaaaa at 0xa0008204
[46303.959503] PUF Read:0xaaaaaaaa at 0xa0008208
[46303.959503] PUF Read:0xa8aaaaaa at 0xa000820c
[46303.959503] PUF Read:0xaaaaaaaa at 0xa0008210
[46303.959503] PUF Read:0xaaaaaaaa at 0xa0008214
[46303.959594] PUF Read:0xaaaaaaaa at 0xa0008218
[46303.959594] PUF Read:0xaaaaaaaa at 0xa000821c
[46303.959655] PUF Read:0xaaaaaaaa at 0xa0008220
[46303.959686] PUF Read:0xaaaaaaaa at 0xa0008224
[46303.959686] PUF Read:0xaaaaaaaa at 0xa0008228
[46303.959686] PUF Read:0xaaaaaaaa at 0xa000822c
[46303.959747] PUF Read:0xaaaaaaaa at 0xa0008230
[46303.959747] PUF Read:0xa8aaaaaa at 0xa0008234
[46303.959808] PUF Read:0xaaaaaaaa at 0xa0008238
[46303.959838] PUF Read:0xaaaaaaaa at 0xa000823c
[46303.959838] PUF Read:0xaaaaaaaa at 0xa0008240
[46303.959838] PUF Read:0xaaaaaaaa at 0xa0008244
[46303.959838] PUF Read:0xaaaaaaaa at 0xa0008248
[46303.959838] PUF Read:0xaaaaaaaa at 0xa000824c
[46303.959838] PUF Read:0xaaaaaaaa at 0xa0008250
[46303.959991] PUF Read:0xaaaaaaaa at 0xa0008254
[46303.959991] PUF Read:0xaaaaaaaa at 0xa0008258
[46303.959991] PUF Read:0xaaaaaaaa at 0xa000825c
[46303.959991] PUF Read:0xaaaaaaaa at 0xa0008260
[46303.959991] PUF Read:0xaaaaaaaa at 0xa0008264
[46303.959991] PUF Read:0xaaaaaaaa at 0xa0008268
[46303.960144] PUF Read:0xaaaaaaaa at 0xa000826c
[46303.960174] PUF Read:0xaaaaaaaa at 0xa0008270
[46303.960174] PUF Read:0xaaaaaaaa at 0xa0008274
[46303.960174] PUF Read:0xaaaaaaaa at 0xa0008278
[46303.960235] PUF Read:0xaaaaaaaa at 0xa000827c
[46303.960235] PUF Read:0xaaaaaaaa at 0xa0008280
[46303.960296] PUF Read:0xaaaaaaaa at 0xa0008284
[46303.960327] PUF Read:0xaaaaaaaa at 0xa0008288
[46303.960327] PUF Read:0xaaaaaaaa at 0xa000828c
[46303.960327] PUF Read:0xaaaaaaaa at 0xa0008290
[46303.960388] PUF Read:0xaaaaaaaa at 0xa0008294
[46303.960388] PUF Read:0xaaaaaaaa at 0xa0008298
[46303.960449] PUF Read:0xaaaaaaaa at 0xa000829c
[46303.960479] PUF Read:0xaaaaaaaa at 0xa00082a0
[46303.960479] PUF Read:0xaaaaaaaa at 0xa00082a4
[46303.960479] PUF Read:0xaaaaaaaa at 0xa00082a8
[46303.960540] PUF Read:0xaaaaaaaa at 0xa00082ac
[46303.960540] PUF Read:0xaaaaaaaa at 0xa00082b0
[46303.960601] PUF Read:0xaaaaaaaa at 0xa00082b4
[46303.960632] PUF Read:0xaaaaaaea at 0xa00082b8
[46303.960632] PUF Read:0xaaaaaaaa at 0xa00082bc
[46303.960693] PUF Read:0xaaaaaaaa at 0xa00082c0
[46303.960693] PUF Read:0xaaaaaaaa at 0xa00082c4
[46303.960693] PUF Read:0xbaaaaaaa at 0xa00082c8
[46303.960693] PUF Read:0xaaaaaaaa at 0xa00082cc
[46303.960784] PUF Read:0xaaaaaaaa at 0xa00082d0
[46303.960784] PUF Read:0xaaaaaaaa at 0xa00082d4
[46303.960784] PUF Read:0xaaaaaaaa at 0xa00082d8
[46303.960784] PUF Read:0xaaaaaaaa at 0xa00082dc
[46303.960876] PUF Read:0xaaaaaaaa at 0xa00082e0
[46303.960876] PUF Read:0xaaaaaeaa at 0xa00082e4
[46303.960876] PUF Read:0xaaaaaaaa at 0xa00082e8
[46303.960968] PUF Read:0xaaaaaaaa at 0xa00082ec
[46303.960998] PUF Read:0xaaaaaaaa at 0xa00082f0
[46303.960998] PUF Read:0xaaaaaaaa at 0xa00082f4
[46303.960998] PUF Read:0xaaaaaaaa at 0xa00082f8
[46303.961059] PUF Read:0xaaaaaaaa at 0xa00082fc
[46303.961059] PUF Read:0xaaaaaaaa at 0xa0008300
[46303.961120] PUF Read:0xaaaaaaaa at 0xa0008304
[46303.961151] PUF Read:0xaaaaaaaa at 0xa0008308
[46303.961151] PUF Read:0xaaaaaaaa at 0xa000830c
[46303.961151] PUF Read:0xaaaaaaaa at 0xa0008310
[46303.961212] PUF Read:0xaaaaaaaa at 0xa0008314
[46303.961212] PUF Read:0xaaaaaaaa at 0xa0008318
[46303.961273] PUF Read:0xbaaaaaaa at 0xa000831c
[46303.961303] PUF Read:0xaaaaaaaa at 0xa0008320
[46303.961303] PUF Read:0xaaaaaaaa at 0xa0008324
[46303.961364] PUF Read:0xaaaaaaaa at 0xa0008328
[46303.961364] PUF Read:0xaaaaaaaa at 0xa000832c
[46303.961364] PUF Read:0xaaaaaaae at 0xa0008330
[46303.961364] PUF Read:0xaaaaaaaa at 0xa0008334
[46303.961456] PUF Read:0xaaaaaaaa at 0xa0008338
[46303.961456] PUF Read:0xaaaaaaaa at 0xa000833c
[46303.961456] PUF Read:0xaaaaaaaa at 0xa0008340
[46303.961456] PUF Read:0xaaaaaaaa at 0xa0008344
[46303.961547] PUF Read:0xaaaaaaaa at 0xa0008348
[46303.961547] PUF Read:0xaaaaaaaa at 0xa000834c
[46303.961608] PUF Read:0xaaaaaa8a at 0xa0008350
[46303.961639] PUF Read:0xaaaaaaaa at 0xa0008354
[46303.961639] PUF Read:0xaaaaaaaa at 0xa0008358
[46303.961639] PUF Read:0xaaaaaaaa at 0xa000835c
[46303.961700] PUF Read:0xaaabaaaa at 0xa0008360
[46303.961700] PUF Read:0xaaaaaaaa at 0xa0008364
[46303.961761] PUF Read:0xaaaaaaaa at 0xa0008368
[46303.961791] PUF Read:0xaaaaaaaa at 0xa000836c
[46303.961791] PUF Read:0xaaaaaaaa at 0xa0008370
[46303.961791] PUF Read:0xaaaaaaaa at 0xa0008374
[46303.961791] PUF Read:0xaaaaaaaa at 0xa0008378
[46303.961791] PUF Read:0xaaaaaaaa at 0xa000837c
[46303.961791] PUF Read:0xaaaaaaaa at 0xa0008380
[46303.961944] PUF Read:0xaaaaaaaa at 0xa0008384
[46303.961944] PUF Read:0xaaaaaaaa at 0xa0008388
[46303.961944] PUF Read:0xaaaaaaaa at 0xa000838c
[46303.961944] PUF Read:0xaaaaaaaa at 0xa0008390
[46303.962036] PUF Read:0xaaaaaaaa at 0xa0008394
[46303.962036] PUF Read:0xaaaaaaaa at 0xa0008398
[46303.962097] PUF Read:0xaaa2aaaa at 0xa000839c
[46303.962127] PUF Read:0xaaaaaaaa at 0xa00083a0
[46303.962127] PUF Read:0xaaaaaaaa at 0xa00083a4
[46303.962127] PUF Read:0xaaaaaaaa at 0xa00083a8
[46303.962188] PUF Read:0xaaaaaaaa at 0xa00083ac
[46303.962188] PUF Read:0xaaaaaaa2 at 0xa00083b0
[46303.962249] PUF Read:0xaaaaaaaa at 0xa00083b4
[46303.962280] PUF Read:0xaaaaaaaa at 0xa00083b8
[46303.962280] PUF Read:0xaaaaaaaa at 0xa00083bc
[46303.962341] PUF Read:0xaaaaaaaa at 0xa00083c0
[46303.962341] PUF Read:0xaaaaaaaa at 0xa00083c4
[46303.962341] PUF Read:0xaaaaaaaa at 0xa00083c8
[46303.962402] PUF Read:0xaaaaaaaa at 0xa00083cc
[46303.962432] PUF Read:0xaaaaaaaa at 0xa00083d0
[46303.962432] PUF Read:0xaaabaaaa at 0xa00083d4
[46303.962432] PUF Read:0xaaaaaaaa at 0xa00083d8
[46303.962524] PUF Read:0xaaaaaaaa at 0xa00083dc
[46303.962524] PUF Read:0xaaaaaaaa at 0xa00083e0
[46303.962524] PUF Read:0xaaaaaaaa at 0xa00083e4
[46303.962524] PUF Read:0xaaaaaaaa at 0xa00083e8
[46303.962615] PUF Read:0xaaaaaaaa at 0xa00083ec
[46303.962615] PUF Read:0xaaaaaaaa at 0xa00083f0
[46303.962615] PUF Read:0xaaaaaaaa at 0xa00083f4
[46303.962615] PUF Read:0xaaaaaaae at 0xa00083f8
[46303.962615] PUF Read:0xaaaeaaaa at 0xa00083fc
[46303.962738] [i] Finished PUF read-out
[46303.962738] <6>[i] Finished PUF query for decaytime: 7680
[46303.962768] [i] Start decaytime: 120
[46303.962768] EMIF 2 REG Write 0x80000000 at 0x4d000010
[46303.962768] EMIF 2 REG Read 0x80000000 at 0x4d000010
[46303.962799] EMIF 2 REG Write 0x80000000 at 0x4d000014
[46303.962799] EMIF 2 REG Read 0x00000000 at 0x4d000014
[46303.962829] EMIF 2 REG Write 0x08016893 at 0x4d0000cc
[46303.962829] EMIF 2 REG Read 0x08016893 at 0x4d0000cc
[46303.962829] Temp polling alert disabled
[46303.962860] Refresh Disabled at EMIF2
[46303.962860] [i] Initialiting PUF & hammer rows
[46303.962860] [i] Single-Sided Rowhammer (SSRH)
[46303.970764] [i] Finished initialiting PUF & hammer rows
[46303.970764] [i]	Timer elapsed since its reset 0 sec
[46303.970764] [i] Decay: 120 sec
[46303.970794] [i]	Relative Decay: 0 msec
