[24486.910400] [i] Total hammer attempts per row: 1863887
[24486.910430] EMIF 2 REG Write 0x00000618 at 0x4d000010
[24486.910430] EMIF 2 REG Read 0x00000618 at 0x4d000010
[24486.910461] EMIF 2 REG Write 0x00000618 at 0x4d000014
[24486.910461] EMIF 2 REG Read 0x00000618 at 0x4d000014
[24486.910491] EMIF 2 REG Write 0x58016893 at 0x4d0000cc
[24486.910491] EMIF 2 REG Read 0x58016893 at 0x4d0000cc
[24486.910522] Temp polling alert enabled
[24486.910522] Refresh enabled at EMIF2
[24486.910522] [i] Starting PUF read-out
[24486.910552] [i] Single-Sided Rowhammer (SSRH)
[24486.910552] PUF Read:0x00000000 at 0xa0008000
[24486.910552] PUF Read:0x00000000 at 0xa0008004
[24486.910552] PUF Read:0x00000000 at 0xa0008008
[24486.910644] PUF Read:0x00000000 at 0xa000800c
[24486.910675] PUF Read:0x00000000 at 0xa0008010
[24486.910675] PUF Read:0x00000100 at 0xa0008014
[24486.910675] PUF Read:0x00000000 at 0xa0008018
[24486.910736] PUF Read:0x00000000 at 0xa000801c
[24486.910736] PUF Read:0x00000000 at 0xa0008020
[24486.910736] PUF Read:0x40004000 at 0xa0008024
[24486.910827] PUF Read:0x00000000 at 0xa0008028
[24486.910827] PUF Read:0x00000000 at 0xa000802c
[24486.910827] PUF Read:0x00000000 at 0xa0008030
[24486.910827] PUF Read:0x00000000 at 0xa0008034
[24486.910827] PUF Read:0x00000000 at 0xa0008038
[24486.910827] PUF Read:0x00000000 at 0xa000803c
[24486.910980] PUF Read:0x00000001 at 0xa0008040
[24486.911010] PUF Read:0x00004000 at 0xa0008044
[24486.911010] PUF Read:0x00000000 at 0xa0008048
[24486.911010] PUF Read:0x00000000 at 0xa000804c
[24486.911071] PUF Read:0x00000000 at 0xa0008050
[24486.911071] PUF Read:0x00000000 at 0xa0008054
[24486.911132] PUF Read:0x00000000 at 0xa0008058
[24486.911163] PUF Read:0x00000000 at 0xa000805c
[24486.911163] PUF Read:0x00000000 at 0xa0008060
[24486.911163] PUF Read:0x00000000 at 0xa0008064
[24486.911224] PUF Read:0x00000000 at 0xa0008068
[24486.911224] PUF Read:0x00000000 at 0xa000806c
[24486.911285] PUF Read:0x00000000 at 0xa0008070
[24486.911315] PUF Read:0x00000000 at 0xa0008074
[24486.911315] PUF Read:0x00000000 at 0xa0008078
[24486.911315] PUF Read:0x00000000 at 0xa000807c
[24486.911376] PUF Read:0x00000000 at 0xa0008080
[24486.911376] PUF Read:0x00000000 at 0xa0008084
[24486.911376] PUF Read:0x00000000 at 0xa0008088
[24486.911468] PUF Read:0x00000000 at 0xa000808c
[24486.911499] PUF Read:0x00000000 at 0xa0008090
[24486.911499] PUF Read:0x00000000 at 0xa0008094
[24486.911499] PUF Read:0x00010000 at 0xa0008098
[24486.911499] PUF Read:0x00000000 at 0xa000809c
[24486.911499] PUF Read:0x00000000 at 0xa00080a0
[24486.911499] PUF Read:0x00000000 at 0xa00080a4
[24486.911651] PUF Read:0x00000000 at 0xa00080a8
[24486.911651] PUF Read:0x00000040 at 0xa00080ac
[24486.911651] PUF Read:0x00000000 at 0xa00080b0
[24486.911651] PUF Read:0x00000000 at 0xa00080b4
[24486.911651] PUF Read:0x00000000 at 0xa00080b8
[24486.911651] PUF Read:0x00000000 at 0xa00080bc
[24486.911804] PUF Read:0x00000000 at 0xa00080c0
[24486.911804] PUF Read:0x00000000 at 0xa00080c4
[24486.911804] PUF Read:0x00000000 at 0xa00080c8
[24486.911804] PUF Read:0x00000000 at 0xa00080cc
[24486.911804] PUF Read:0x40004000 at 0xa00080d0
[24486.911804] PUF Read:0x00000000 at 0xa00080d4
[24486.911956] PUF Read:0x00000000 at 0xa00080d8
[24486.911956] PUF Read:0x00000000 at 0xa00080dc
[24486.911956] PUF Read:0x01000000 at 0xa00080e0
[24486.911956] PUF Read:0x00000000 at 0xa00080e4
[24486.912048] PUF Read:0x00000000 at 0xa00080e8
[24486.912048] PUF Read:0x00000001 at 0xa00080ec
[24486.912109] PUF Read:0x00000000 at 0xa00080f0
[24486.912139] PUF Read:0x00000000 at 0xa00080f4
[24486.912139] PUF Read:0x00000000 at 0xa00080f8
[24486.912139] PUF Read:0x00000000 at 0xa00080fc
[24486.912200] PUF Read:0x00000000 at 0xa0008100
[24486.912200] PUF Read:0x00000000 at 0xa0008104
[24486.912261] PUF Read:0x00000000 at 0xa0008108
[24486.912292] PUF Read:0x00000000 at 0xa000810c
[24486.912292] PUF Read:0x00000000 at 0xa0008110
[24486.912292] PUF Read:0x00000000 at 0xa0008114
[24486.912353] PUF Read:0x00000000 at 0xa0008118
[24486.912353] PUF Read:0x00000000 at 0xa000811c
[24486.912414] PUF Read:0x00000000 at 0xa0008120
[24486.912445] PUF Read:0x00000000 at 0xa0008124
[24486.912445] PUF Read:0x00000000 at 0xa0008128
[24486.912506] PUF Read:0x00000000 at 0xa000812c
[24486.912506] PUF Read:0x00000000 at 0xa0008130
[24486.912506] PUF Read:0x00000000 at 0xa0008134
[24486.912567] PUF Read:0x00000000 at 0xa0008138
[24486.912597] PUF Read:0x00000000 at 0xa000813c
[24486.912597] PUF Read:0x00000400 at 0xa0008140
[24486.912658] PUF Read:0x00000000 at 0xa0008144
[24486.912658] PUF Read:0x00100400 at 0xa0008148
[24486.912658] PUF Read:0x00000000 at 0xa000814c
[24486.912658] PUF Read:0x00000000 at 0xa0008150
[24486.912750] PUF Read:0x00000000 at 0xa0008154
[24486.912750] PUF Read:0x00000000 at 0xa0008158
[24486.912750] PUF Read:0x00000040 at 0xa000815c
[24486.912750] PUF Read:0x00000000 at 0xa0008160
[24486.912750] PUF Read:0x00000000 at 0xa0008164
[24486.912750] PUF Read:0x00000000 at 0xa0008168
[24486.912902] PUF Read:0x00400000 at 0xa000816c
[24486.912902] PUF Read:0x00000000 at 0xa0008170
[24486.912902] PUF Read:0x00000000 at 0xa0008174
[24486.912902] PUF Read:0x00000000 at 0xa0008178
[24486.912902] PUF Read:0x00000000 at 0xa000817c
[24486.912902] PUF Read:0x00000000 at 0xa0008180
[24486.912902] PUF Read:0x00000000 at 0xa0008184
[24486.913085] PUF Read:0x00000000 at 0xa0008188
[24486.913085] PUF Read:0x00000000 at 0xa000818c
[24486.913085] PUF Read:0x00000000 at 0xa0008190
[24486.913085] PUF Read:0x40000000 at 0xa0008194
[24486.913177] PUF Read:0x00000000 at 0xa0008198
[24486.913177] PUF Read:0x00000000 at 0xa000819c
[24486.913238] PUF Read:0x00000000 at 0xa00081a0
[24486.913269] PUF Read:0x00000000 at 0xa00081a4
[24486.913269] PUF Read:0x00000000 at 0xa00081a8
[24486.913269] PUF Read:0x00000000 at 0xa00081ac
[24486.913330] PUF Read:0x00400000 at 0xa00081b0
[24486.913330] PUF Read:0x00000000 at 0xa00081b4
[24486.913391] PUF Read:0x00000000 at 0xa00081b8
[24486.913421] PUF Read:0x00000000 at 0xa00081bc
[24486.913421] PUF Read:0x00000000 at 0xa00081c0
[24486.913421] PUF Read:0x00000004 at 0xa00081c4
[24486.913482] PUF Read:0x00000000 at 0xa00081c8
[24486.913482] PUF Read:0x00000000 at 0xa00081cc
[24486.913543] PUF Read:0x10000000 at 0xa00081d0
[24486.913574] PUF Read:0x00000000 at 0xa00081d4
[24486.913574] PUF Read:0x00000000 at 0xa00081d8
[24486.913574] PUF Read:0x00000000 at 0xa00081dc
[24486.913635] PUF Read:0x00000000 at 0xa00081e0
[24486.913635] PUF Read:0x00000040 at 0xa00081e4
[24486.913696] PUF Read:0x00000000 at 0xa00081e8
[24486.913726] PUF Read:0x00000000 at 0xa00081ec
[24486.913726] PUF Read:0x00000000 at 0xa00081f0
[24486.913787] PUF Read:0x00000400 at 0xa00081f4
[24486.913787] PUF Read:0x00000000 at 0xa00081f8
[24486.913787] PUF Read:0x00000000 at 0xa00081fc
[24486.913848] PUF Read:0x00000000 at 0xa0008200
[24486.913879] PUF Read:0x00000000 at 0xa0008204
[24486.913879] PUF Read:0x00000000 at 0xa0008208
[24486.913879] PUF Read:0x00000000 at 0xa000820c
[24486.913879] PUF Read:0x00000000 at 0xa0008210
[24486.913879] PUF Read:0x00000000 at 0xa0008214
[24486.913879] PUF Read:0x00000000 at 0xa0008218
[24486.914031] PUF Read:0x00000000 at 0xa000821c
[24486.914031] PUF Read:0x00000000 at 0xa0008220
[24486.914031] PUF Read:0x00000000 at 0xa0008224
[24486.914031] PUF Read:0x00000000 at 0xa0008228
[24486.914031] PUF Read:0x00000000 at 0xa000822c
[24486.914031] PUF Read:0x00000000 at 0xa0008230
[24486.914184] PUF Read:0x00400000 at 0xa0008234
[24486.914215] PUF Read:0x00000000 at 0xa0008238
[24486.914215] PUF Read:0x00000000 at 0xa000823c
[24486.914215] PUF Read:0x00000000 at 0xa0008240
[24486.914215] PUF Read:0x00000000 at 0xa0008244
[24486.914215] PUF Read:0x00000000 at 0xa0008248
[24486.914337] PUF Read:0x00000000 at 0xa000824c
[24486.914367] PUF Read:0x00000000 at 0xa0008250
[24486.914367] PUF Read:0x00100000 at 0xa0008254
[24486.914367] PUF Read:0x00000000 at 0xa0008258
[24486.914428] PUF Read:0x00040000 at 0xa000825c
[24486.914428] PUF Read:0x00000000 at 0xa0008260
[24486.914489] PUF Read:0x00000000 at 0xa0008264
[24486.914520] PUF Read:0x00000000 at 0xa0008268
[24486.914520] PUF Read:0x00000000 at 0xa000826c
[24486.914520] PUF Read:0x00000000 at 0xa0008270
[24486.914520] PUF Read:0x00000000 at 0xa0008274
[24486.914520] PUF Read:0x00000040 at 0xa0008278
[24486.914520] PUF Read:0x00000000 at 0xa000827c
[24486.914672] PUF Read:0x00000000 at 0xa0008280
[24486.914672] PUF Read:0x00000000 at 0xa0008284
[24486.914672] PUF Read:0x00000000 at 0xa0008288
[24486.914672] PUF Read:0x00000000 at 0xa000828c
[24486.914764] PUF Read:0x00000000 at 0xa0008290
[24486.914764] PUF Read:0x00000000 at 0xa0008294
[24486.914825] PUF Read:0x00000000 at 0xa0008298
[24486.914825] PUF Read:0x00000000 at 0xa000829c
[24486.914825] PUF Read:0x00000000 at 0xa00082a0
[24486.914825] PUF Read:0x00001000 at 0xa00082a4
[24486.914825] PUF Read:0x00000000 at 0xa00082a8
[24486.914825] PUF Read:0x00000000 at 0xa00082ac
[24486.914978] PUF Read:0x00000000 at 0xa00082b0
[24486.914978] PUF Read:0x00000000 at 0xa00082b4
[24486.914978] PUF Read:0x00000040 at 0xa00082b8
[24486.914978] PUF Read:0x00000000 at 0xa00082bc
[24486.914978] PUF Read:0x00000000 at 0xa00082c0
[24486.914978] PUF Read:0x00000000 at 0xa00082c4
[24486.915130] PUF Read:0x10000000 at 0xa00082c8
[24486.915130] PUF Read:0x00000000 at 0xa00082cc
[24486.915130] PUF Read:0x00100000 at 0xa00082d0
[24486.915130] PUF Read:0x00000000 at 0xa00082d4
[24486.915130] PUF Read:0x00000000 at 0xa00082d8
[24486.915130] PUF Read:0x00000000 at 0xa00082dc
[24486.915283] PUF Read:0x00000000 at 0xa00082e0
[24486.915283] PUF Read:0x00000400 at 0xa00082e4
[24486.915283] PUF Read:0x00000000 at 0xa00082e8
[24486.915283] PUF Read:0x00000001 at 0xa00082ec
[24486.915283] PUF Read:0x00000000 at 0xa00082f0
[24486.915283] PUF Read:0x00000000 at 0xa00082f4
[24486.915435] PUF Read:0x00000000 at 0xa00082f8
[24486.915435] PUF Read:0x00000000 at 0xa00082fc
[24486.915435] PUF Read:0x00000000 at 0xa0008300
[24486.915435] PUF Read:0x00000000 at 0xa0008304
[24486.915435] PUF Read:0x00000000 at 0xa0008308
[24486.915435] PUF Read:0x00000000 at 0xa000830c
[24486.915588] PUF Read:0x00000000 at 0xa0008310
[24486.915588] PUF Read:0x00000000 at 0xa0008314
[24486.915588] PUF Read:0x01000000 at 0xa0008318
[24486.915588] PUF Read:0x10000000 at 0xa000831c
[24486.915679] PUF Read:0x00000000 at 0xa0008320
[24486.915679] PUF Read:0x00000000 at 0xa0008324
[24486.915740] PUF Read:0x00000000 at 0xa0008328
[24486.915771] PUF Read:0x00000000 at 0xa000832c
[24486.915771] PUF Read:0x00000004 at 0xa0008330
[24486.915771] PUF Read:0x00000000 at 0xa0008334
[24486.915832] PUF Read:0x00000000 at 0xa0008338
[24486.915832] PUF Read:0x00000000 at 0xa000833c
[24486.915893] PUF Read:0x00000000 at 0xa0008340
[24486.915924] PUF Read:0x00000000 at 0xa0008344
[24486.915924] PUF Read:0x00000000 at 0xa0008348
[24486.915924] PUF Read:0x00000000 at 0xa000834c
[24486.915985] PUF Read:0x00000000 at 0xa0008350
[24486.915985] PUF Read:0x00000000 at 0xa0008354
[24486.915985] PUF Read:0x00000000 at 0xa0008358
[24486.916076] PUF Read:0x00000000 at 0xa000835c
[24486.916107] PUF Read:0x00010000 at 0xa0008360
[24486.916107] PUF Read:0x00000000 at 0xa0008364
[24486.916107] PUF Read:0x00000000 at 0xa0008368
[24486.916168] PUF Read:0x00000000 at 0xa000836c
[24486.916168] PUF Read:0x00000000 at 0xa0008370
[24486.916229] PUF Read:0x00000000 at 0xa0008374
[24486.916229] PUF Read:0x00000000 at 0xa0008378
[24486.916229] PUF Read:0x00000000 at 0xa000837c
[24486.916229] PUF Read:0x00000000 at 0xa0008380
[24486.916320] PUF Read:0x00000000 at 0xa0008384
[24486.916320] PUF Read:0x00000000 at 0xa0008388
[24486.916381] PUF Read:0x00000000 at 0xa000838c
[24486.916412] PUF Read:0x00000000 at 0xa0008390
[24486.916412] PUF Read:0x00000000 at 0xa0008394
[24486.916412] PUF Read:0x00000000 at 0xa0008398
[24486.916473] PUF Read:0x00000000 at 0xa000839c
[24486.916473] PUF Read:0x00000000 at 0xa00083a0
[24486.916534] PUF Read:0x00000000 at 0xa00083a4
[24486.916534] PUF Read:0x00000000 at 0xa00083a8
[24486.916534] PUF Read:0x00000000 at 0xa00083ac
[24486.917633] PUF Read:0x00000000 at 0xa00083b0
[24486.917663] PUF Read:0x00000000 at 0xa00083b4
[24486.917663] PUF Read:0x00000000 at 0xa00083b8
[24486.917663] PUF Read:0x00000000 at 0xa00083bc
[24486.917724] PUF Read:0x00000000 at 0xa00083c0
[24486.917724] PUF Read:0x04000000 at 0xa00083c4
[24486.917785] PUF Read:0x00000000 at 0xa00083c8
[24486.917816] PUF Read:0x00000000 at 0xa00083cc
[24486.917816] PUF Read:0x00000000 at 0xa00083d0
[24486.917816] PUF Read:0x00010000 at 0xa00083d4
[24486.917877] PUF Read:0x00000000 at 0xa00083d8
[24486.917877] PUF Read:0x00000000 at 0xa00083dc
[24486.917938] PUF Read:0x00100000 at 0xa00083e0
[24486.917968] PUF Read:0x10000000 at 0xa00083e4
[24486.917968] PUF Read:0x00000000 at 0xa00083e8
[24486.918029] PUF Read:0x00000000 at 0xa00083ec
[24486.918029] PUF Read:0x00000000 at 0xa00083f0
[24486.918029] PUF Read:0x00000000 at 0xa00083f4
[24486.918090] PUF Read:0x00000004 at 0xa00083f8
[24486.918121] PUF Read:0x00040000 at 0xa00083fc
[24486.918121] [i] Finished PUF read-out
[24486.918151] <6>[i] Finished PUF query for decaytime: 7680
[24486.918151] [i] Start decaytime: 120
[24486.918182] EMIF 2 REG Write 0x80000000 at 0x4d000010
[24486.918182] EMIF 2 REG Read 0x80000000 at 0x4d000010
[24486.918212] EMIF 2 REG Write 0x80000000 at 0x4d000014
[24486.918212] EMIF 2 REG Read 0x00000000 at 0x4d000014
[24486.918212] EMIF 2 REG Write 0x08016893 at 0x4d0000cc
[24486.918243] EMIF 2 REG Read 0x08016893 at 0x4d0000cc
[24486.918243] Temp polling alert disabled
[24486.918243] Refresh Disabled at EMIF2
[24486.918273] [i] Initialiting PUF & hammer rows
[24486.918273] [i] Single-Sided Rowhammer (SSRH)
[24486.924957] [i] Finished initialiting PUF & hammer rows
[24486.924957] [i]	Timer elapsed since its reset 0 sec
[24486.924987] [i] Decay: 120 sec
[24486.924987] [i]	Relative Decay: 0 msec
