[34585.432159] [i] Total hammer attempts per row: 1863842
[34585.432159] EMIF 2 REG Write 0x00000618 at 0x4d000010
[34585.432159] EMIF 2 REG Read 0x00000618 at 0x4d000010
[34585.433532] EMIF 2 REG Write 0x00000618 at 0x4d000014
[34585.433532] EMIF 2 REG Read 0x00000618 at 0x4d000014
[34585.433563] EMIF 2 REG Write 0x58016893 at 0x4d0000cc
[34585.433563] EMIF 2 REG Read 0x58016893 at 0x4d0000cc
[34585.433593] Temp polling alert enabled
[34585.433593] Refresh enabled at EMIF2
[34585.433593] [i] Starting PUF read-out
[34585.433624] [i] Single-Sided Rowhammer (SSRH)
[34585.433624] PUF Read:0x00000000 at 0xa0008000
[34585.433624] PUF Read:0x00000000 at 0xa0008004
[34585.433624] PUF Read:0x00000000 at 0xa0008008
[34585.433624] PUF Read:0x00000000 at 0xa000800c
[34585.433746] PUF Read:0x00000000 at 0xa0008010
[34585.433776] PUF Read:0x00000100 at 0xa0008014
[34585.433776] PUF Read:0x00000000 at 0xa0008018
[34585.433776] PUF Read:0x00000000 at 0xa000801c
[34585.433837] PUF Read:0x00000000 at 0xa0008020
[34585.433837] PUF Read:0x00004000 at 0xa0008024
[34585.433898] PUF Read:0x00000000 at 0xa0008028
[34585.433929] PUF Read:0x00000000 at 0xa000802c
[34585.433929] PUF Read:0x00000000 at 0xa0008030
[34585.433990] PUF Read:0x00000000 at 0xa0008034
[34585.433990] PUF Read:0x00000000 at 0xa0008038
[34585.433990] PUF Read:0x00000000 at 0xa000803c
[34585.433990] PUF Read:0x00000001 at 0xa0008040
[34585.434082] PUF Read:0x00004000 at 0xa0008044
[34585.434082] PUF Read:0x00000000 at 0xa0008048
[34585.434082] PUF Read:0x00000000 at 0xa000804c
[34585.434082] PUF Read:0x00000000 at 0xa0008050
[34585.434082] PUF Read:0x00000000 at 0xa0008054
[34585.434082] PUF Read:0x00000000 at 0xa0008058
[34585.434234] PUF Read:0x00000000 at 0xa000805c
[34585.434234] PUF Read:0x00000000 at 0xa0008060
[34585.434234] PUF Read:0x00000000 at 0xa0008064
[34585.434234] PUF Read:0x00000000 at 0xa0008068
[34585.434234] PUF Read:0x00000000 at 0xa000806c
[34585.434234] PUF Read:0x00000000 at 0xa0008070
[34585.434387] PUF Read:0x00000000 at 0xa0008074
[34585.434387] PUF Read:0x00000000 at 0xa0008078
[34585.434387] PUF Read:0x00000000 at 0xa000807c
[34585.434387] PUF Read:0x00000000 at 0xa0008080
[34585.434387] PUF Read:0x00000000 at 0xa0008084
[34585.434387] PUF Read:0x00000000 at 0xa0008088
[34585.434539] PUF Read:0x00000000 at 0xa000808c
[34585.434539] PUF Read:0x00000000 at 0xa0008090
[34585.434539] PUF Read:0x00000000 at 0xa0008094
[34585.434539] PUF Read:0x00010000 at 0xa0008098
[34585.434631] PUF Read:0x00000000 at 0xa000809c
[34585.434631] PUF Read:0x00000000 at 0xa00080a0
[34585.434692] PUF Read:0x00000000 at 0xa00080a4
[34585.434722] PUF Read:0x00000000 at 0xa00080a8
[34585.434722] PUF Read:0x00000000 at 0xa00080ac
[34585.434722] PUF Read:0x00000000 at 0xa00080b0
[34585.434722] PUF Read:0x00000000 at 0xa00080b4
[34585.434722] PUF Read:0x00004000 at 0xa00080b8
[34585.434844] PUF Read:0x00000000 at 0xa00080bc
[34585.434875] PUF Read:0x00000000 at 0xa00080c0
[34585.434875] PUF Read:0x00000000 at 0xa00080c4
[34585.434875] PUF Read:0x00000000 at 0xa00080c8
[34585.434936] PUF Read:0x00000000 at 0xa00080cc
[34585.434936] PUF Read:0x40000000 at 0xa00080d0
[34585.434997] PUF Read:0x00000000 at 0xa00080d4
[34585.435028] PUF Read:0x00000000 at 0xa00080d8
[34585.435028] PUF Read:0x00000000 at 0xa00080dc
[34585.435028] PUF Read:0x01000000 at 0xa00080e0
[34585.435089] PUF Read:0x00000000 at 0xa00080e4
[34585.435089] PUF Read:0x00000000 at 0xa00080e8
[34585.435150] PUF Read:0x00000001 at 0xa00080ec
[34585.435180] PUF Read:0x00000000 at 0xa00080f0
[34585.435180] PUF Read:0x00000000 at 0xa00080f4
[34585.435180] PUF Read:0x00000000 at 0xa00080f8
[34585.435241] PUF Read:0x00000000 at 0xa00080fc
[34585.435241] PUF Read:0x00000000 at 0xa0008100
[34585.435302] PUF Read:0x00000000 at 0xa0008104
[34585.435333] PUF Read:0x00000000 at 0xa0008108
[34585.435333] PUF Read:0x00000000 at 0xa000810c
[34585.435333] PUF Read:0x00000000 at 0xa0008110
[34585.435333] PUF Read:0x00000000 at 0xa0008114
[34585.435333] PUF Read:0x00000000 at 0xa0008118
[34585.435455] PUF Read:0x00000000 at 0xa000811c
[34585.435455] PUF Read:0x00000000 at 0xa0008120
[34585.435455] PUF Read:0x00000000 at 0xa0008124
[34585.435455] PUF Read:0x00000000 at 0xa0008128
[34585.435455] PUF Read:0x00000000 at 0xa000812c
[34585.435455] PUF Read:0x00000000 at 0xa0008130
[34585.435607] PUF Read:0x00000000 at 0xa0008134
[34585.435638] PUF Read:0x00000000 at 0xa0008138
[34585.435638] PUF Read:0x00000000 at 0xa000813c
[34585.435638] PUF Read:0x00000000 at 0xa0008140
[34585.435638] PUF Read:0x00000000 at 0xa0008144
[34585.435638] PUF Read:0x00100400 at 0xa0008148
[34585.435760] PUF Read:0x00000000 at 0xa000814c
[34585.435760] PUF Read:0x00000000 at 0xa0008150
[34585.435760] PUF Read:0x00000000 at 0xa0008154
[34585.435760] PUF Read:0x00000000 at 0xa0008158
[34585.435760] PUF Read:0x00000040 at 0xa000815c
[34585.435760] PUF Read:0x00000000 at 0xa0008160
[34585.435913] PUF Read:0x00000000 at 0xa0008164
[34585.435913] PUF Read:0x00000000 at 0xa0008168
[34585.435913] PUF Read:0x00400000 at 0xa000816c
[34585.435913] PUF Read:0x00000000 at 0xa0008170
[34585.436004] PUF Read:0x00000000 at 0xa0008174
[34585.436004] PUF Read:0x00000000 at 0xa0008178
[34585.436065] PUF Read:0x00000000 at 0xa000817c
[34585.436096] PUF Read:0x00000000 at 0xa0008180
[34585.436096] PUF Read:0x00000000 at 0xa0008184
[34585.436096] PUF Read:0x00000000 at 0xa0008188
[34585.436157] PUF Read:0x00000000 at 0xa000818c
[34585.436157] PUF Read:0x00000000 at 0xa0008190
[34585.436218] PUF Read:0x00000000 at 0xa0008194
[34585.436248] PUF Read:0x00000000 at 0xa0008198
[34585.436248] PUF Read:0x00000000 at 0xa000819c
[34585.436248] PUF Read:0x00000000 at 0xa00081a0
[34585.436309] PUF Read:0x00000000 at 0xa00081a4
[34585.436309] PUF Read:0x00000000 at 0xa00081a8
[34585.436370] PUF Read:0x00000000 at 0xa00081ac
[34585.436401] PUF Read:0x00400000 at 0xa00081b0
[34585.436401] PUF Read:0x00000000 at 0xa00081b4
[34585.436401] PUF Read:0x00000000 at 0xa00081b8
[34585.436401] PUF Read:0x00000000 at 0xa00081bc
[34585.436401] PUF Read:0x00000000 at 0xa00081c0
[34585.436401] PUF Read:0x00000004 at 0xa00081c4
[34585.436553] PUF Read:0x00000000 at 0xa00081c8
[34585.436553] PUF Read:0x00000000 at 0xa00081cc
[34585.436614] PUF Read:0x10000000 at 0xa00081d0
[34585.436614] PUF Read:0x00000000 at 0xa00081d4
[34585.436614] PUF Read:0x00000000 at 0xa00081d8
[34585.436676] PUF Read:0x00000000 at 0xa00081dc
[34585.436706] PUF Read:0x00000000 at 0xa00081e0
[34585.436706] PUF Read:0x00000040 at 0xa00081e4
[34585.436706] PUF Read:0x00000000 at 0xa00081e8
[34585.436706] PUF Read:0x00000000 at 0xa00081ec
[34585.436706] PUF Read:0x00000000 at 0xa00081f0
[34585.436706] PUF Read:0x00000400 at 0xa00081f4
[34585.436859] PUF Read:0x00000000 at 0xa00081f8
[34585.436859] PUF Read:0x00000000 at 0xa00081fc
[34585.436859] PUF Read:0x00000000 at 0xa0008200
[34585.436859] PUF Read:0x00000000 at 0xa0008204
[34585.436859] PUF Read:0x00000000 at 0xa0008208
[34585.436859] PUF Read:0x00000000 at 0xa000820c
[34585.437011] PUF Read:0x00000000 at 0xa0008210
[34585.437011] PUF Read:0x00000000 at 0xa0008214
[34585.437011] PUF Read:0x00000000 at 0xa0008218
[34585.437011] PUF Read:0x00000000 at 0xa000821c
[34585.437103] PUF Read:0x00000000 at 0xa0008220
[34585.437103] PUF Read:0x00000000 at 0xa0008224
[34585.437164] PUF Read:0x00000000 at 0xa0008228
[34585.437194] PUF Read:0x00000000 at 0xa000822c
[34585.437194] PUF Read:0x00000000 at 0xa0008230
[34585.437194] PUF Read:0x00400000 at 0xa0008234
[34585.437255] PUF Read:0x00000000 at 0xa0008238
[34585.437255] PUF Read:0x00000000 at 0xa000823c
[34585.437316] PUF Read:0x00000000 at 0xa0008240
[34585.437347] PUF Read:0x00000000 at 0xa0008244
[34585.437347] PUF Read:0x00000000 at 0xa0008248
[34585.437347] PUF Read:0x00000000 at 0xa000824c
[34585.437408] PUF Read:0x00000000 at 0xa0008250
[34585.437408] PUF Read:0x00000000 at 0xa0008254
[34585.437469] PUF Read:0x00000000 at 0xa0008258
[34585.437500] PUF Read:0x00000000 at 0xa000825c
[34585.437500] PUF Read:0x00000000 at 0xa0008260
[34585.437561] PUF Read:0x00000000 at 0xa0008264
[34585.437561] PUF Read:0x00000000 at 0xa0008268
[34585.437561] PUF Read:0x00000000 at 0xa000826c
[34585.437622] PUF Read:0x00000000 at 0xa0008270
[34585.437652] PUF Read:0x00000000 at 0xa0008274
[34585.437652] PUF Read:0x00000000 at 0xa0008278
[34585.437652] PUF Read:0x00000000 at 0xa000827c
[34585.437652] PUF Read:0x00000000 at 0xa0008280
[34585.437652] PUF Read:0x00000000 at 0xa0008284
[34585.437774] PUF Read:0x00000000 at 0xa0008288
[34585.437805] PUF Read:0x00000000 at 0xa000828c
[34585.437805] PUF Read:0x00000000 at 0xa0008290
[34585.437866] PUF Read:0x00000000 at 0xa0008294
[34585.437866] PUF Read:0x00000000 at 0xa0008298
[34585.437866] PUF Read:0x00000000 at 0xa000829c
[34585.437927] PUF Read:0x00000000 at 0xa00082a0
[34585.437957] PUF Read:0x00000000 at 0xa00082a4
[34585.437957] PUF Read:0x00000000 at 0xa00082a8
[34585.437957] PUF Read:0x00000000 at 0xa00082ac
[34585.438018] PUF Read:0x00000000 at 0xa00082b0
[34585.438018] PUF Read:0x00000000 at 0xa00082b4
[34585.438079] PUF Read:0x00000040 at 0xa00082b8
[34585.438110] PUF Read:0x00000000 at 0xa00082bc
[34585.438110] PUF Read:0x00000000 at 0xa00082c0
[34585.438110] PUF Read:0x00000000 at 0xa00082c4
[34585.438171] PUF Read:0x10000000 at 0xa00082c8
[34585.438171] PUF Read:0x00000000 at 0xa00082cc
[34585.438232] PUF Read:0x00000000 at 0xa00082d0
[34585.438262] PUF Read:0x00000000 at 0xa00082d4
[34585.438262] PUF Read:0x00000000 at 0xa00082d8
[34585.438323] PUF Read:0x00000000 at 0xa00082dc
[34585.438323] PUF Read:0x00000000 at 0xa00082e0
[34585.438323] PUF Read:0x00000400 at 0xa00082e4
[34585.438385] PUF Read:0x00000000 at 0xa00082e8
[34585.438415] PUF Read:0x00000000 at 0xa00082ec
[34585.438415] PUF Read:0x00000000 at 0xa00082f0
[34585.438415] PUF Read:0x00000000 at 0xa00082f4
[34585.438476] PUF Read:0x00000000 at 0xa00082f8
[34585.438476] PUF Read:0x00000000 at 0xa00082fc
[34585.438537] PUF Read:0x00000000 at 0xa0008300
[34585.438568] PUF Read:0x00000000 at 0xa0008304
[34585.438568] PUF Read:0x00000000 at 0xa0008308
[34585.438568] PUF Read:0x00000000 at 0xa000830c
[34585.438629] PUF Read:0x00000000 at 0xa0008310
[34585.438629] PUF Read:0x00000000 at 0xa0008314
[34585.438690] PUF Read:0x00000000 at 0xa0008318
[34585.438720] PUF Read:0x10000000 at 0xa000831c
[34585.438720] PUF Read:0x00000000 at 0xa0008320
[34585.438720] PUF Read:0x00000000 at 0xa0008324
[34585.438781] PUF Read:0x00000000 at 0xa0008328
[34585.438781] PUF Read:0x00000000 at 0xa000832c
[34585.438842] PUF Read:0x00000004 at 0xa0008330
[34585.438873] PUF Read:0x00000000 at 0xa0008334
[34585.438873] PUF Read:0x00000000 at 0xa0008338
[34585.438873] PUF Read:0x00000000 at 0xa000833c
[34585.438934] PUF Read:0x00000000 at 0xa0008340
[34585.438934] PUF Read:0x00000000 at 0xa0008344
[34585.438934] PUF Read:0x00000000 at 0xa0008348
[34585.439025] PUF Read:0x00000000 at 0xa000834c
[34585.439025] PUF Read:0x00000000 at 0xa0008350
[34585.439025] PUF Read:0x00000000 at 0xa0008354
[34585.439025] PUF Read:0x00000000 at 0xa0008358
[34585.439025] PUF Read:0x00000000 at 0xa000835c
[34585.439025] PUF Read:0x00010000 at 0xa0008360
[34585.439178] PUF Read:0x00000000 at 0xa0008364
[34585.439178] PUF Read:0x00000000 at 0xa0008368
[34585.439178] PUF Read:0x00000000 at 0xa000836c
[34585.439178] PUF Read:0x00000000 at 0xa0008370
[34585.439178] PUF Read:0x00000000 at 0xa0008374
[34585.439178] PUF Read:0x00000000 at 0xa0008378
[34585.439331] PUF Read:0x00000000 at 0xa000837c
[34585.439361] PUF Read:0x00000000 at 0xa0008380
[34585.439361] PUF Read:0x00000000 at 0xa0008384
[34585.439361] PUF Read:0x00000000 at 0xa0008388
[34585.439422] PUF Read:0x00000000 at 0xa000838c
[34585.439422] PUF Read:0x00000000 at 0xa0008390
[34585.439483] PUF Read:0x00000000 at 0xa0008394
[34585.439483] PUF Read:0x00000000 at 0xa0008398
[34585.439483] PUF Read:0x00000000 at 0xa000839c
[34585.439483] PUF Read:0x00000000 at 0xa00083a0
[34585.439483] PUF Read:0x00000000 at 0xa00083a4
[34585.439483] PUF Read:0x00000000 at 0xa00083a8
[34585.439636] PUF Read:0x00000000 at 0xa00083ac
[34585.439666] PUF Read:0x00000000 at 0xa00083b0
[34585.439666] PUF Read:0x00000000 at 0xa00083b4
[34585.439666] PUF Read:0x00000000 at 0xa00083b8
[34585.439666] PUF Read:0x00000000 at 0xa00083bc
[34585.439666] PUF Read:0x00000000 at 0xa00083c0
[34585.439788] PUF Read:0x00000000 at 0xa00083c4
[34585.439788] PUF Read:0x00000000 at 0xa00083c8
[34585.439788] PUF Read:0x00000000 at 0xa00083cc
[34585.439788] PUF Read:0x00000000 at 0xa00083d0
[34585.439788] PUF Read:0x00010000 at 0xa00083d4
[34585.439788] PUF Read:0x00000000 at 0xa00083d8
[34585.439971] PUF Read:0x00000000 at 0xa00083dc
[34585.440002] PUF Read:0x00000000 at 0xa00083e0
[34585.440032] PUF Read:0x00000000 at 0xa00083e4
[34585.440032] PUF Read:0x00000000 at 0xa00083e8
[34585.440032] PUF Read:0x00000000 at 0xa00083ec
[34585.440032] PUF Read:0x00000000 at 0xa00083f0
[34585.440032] PUF Read:0x00000000 at 0xa00083f4
[34585.440155] PUF Read:0x00000004 at 0xa00083f8
[34585.440185] PUF Read:0x00040000 at 0xa00083fc
[34585.440185] [i] Finished PUF read-out
[34585.440216] <6>[i] Finished PUF query for decaytime: 7680
[34585.440216] [i] Start decaytime: 120
[34585.440246] EMIF 2 REG Write 0x80000000 at 0x4d000010
[34585.440246] EMIF 2 REG Read 0x80000000 at 0x4d000010
[34585.440277] EMIF 2 REG Write 0x80000000 at 0x4d000014
[34585.440277] EMIF 2 REG Read 0x00000000 at 0x4d000014
[34585.440277] EMIF 2 REG Write 0x08016893 at 0x4d0000cc
[34585.440307] EMIF 2 REG Read 0x08016893 at 0x4d0000cc
[34585.440307] Temp polling alert disabled
[34585.440307] Refresh Disabled at EMIF2
[34585.440338] [i] Initialiting PUF & hammer rows
[34585.440338] [i] Single-Sided Rowhammer (SSRH)
[34585.440338] [i] Finished initialiting PUF & hammer rows
[34585.447021] [i]	Timer elapsed since its reset 0 sec
[34585.447021] [i] Decay: 120 sec
[34585.447021] [i]	Relative Decay: 0 msec
