[79059.190002] [i] Total hammer attempts per row: 3728838
[79059.190032] EMIF 2 REG Write 0x00000618 at 0x4d000010
[79059.190032] EMIF 2 REG Read 0x00000618 at 0x4d000010
[79059.190063] EMIF 2 REG Write 0x00000618 at 0x4d000014
[79059.190063] EMIF 2 REG Read 0x00000618 at 0x4d000014
[79059.190063] EMIF 2 REG Write 0x58016893 at 0x4d0000cc
[79059.190093] EMIF 2 REG Read 0x58016893 at 0x4d0000cc
[79059.190093] Temp polling alert enabled
[79059.190093] Refresh enabled at EMIF2
[79059.190124] [i] Starting PUF read-out
[79059.190124] [i] Single-Sided Rowhammer (SSRH)
[79059.190155] PUF Read:0xaaaa2aba at 0xa0008000
[79059.190155] PUF Read:0xaaaaaeaa at 0xa0008004
[79059.190155] PUF Read:0xaaaaaaaa at 0xa0008008
[79059.190155] PUF Read:0xa2aaaa2a at 0xa000800c
[79059.190246] PUF Read:0xaaaaaaaa at 0xa0008010
[79059.190246] PUF Read:0x8aaaabaa at 0xa0008014
[79059.190246] PUF Read:0xaaaa2aaa at 0xa0008018
[79059.190338] PUF Read:0xbaa0aaaa at 0xa000801c
[79059.190338] PUF Read:0xa8aaaaaa at 0xa0008020
[79059.190338] PUF Read:0xeaaaeaaa at 0xa0008024
[79059.190338] PUF Read:0xaaaaeaaa at 0xa0008028
[79059.190429] PUF Read:0xaaaaaaba at 0xa000802c
[79059.190429] PUF Read:0xeaaaaaa8 at 0xa0008030
[79059.190490] PUF Read:0xaeaaaaaa at 0xa0008034
[79059.190521] PUF Read:0xaaaaeaaa at 0xa0008038
[79059.190521] PUF Read:0xaaaaaaaa at 0xa000803c
[79059.190521] PUF Read:0xaaaaaaab at 0xa0008040
[79059.190521] PUF Read:0xaaaaeaaa at 0xa0008044
[79059.190521] PUF Read:0xaaaaaaaa at 0xa0008048
[79059.190521] PUF Read:0xaaaaaaa9 at 0xa000804c
[79059.190673] PUF Read:0xa2aaaaaa at 0xa0008050
[79059.190704] PUF Read:0xaaaaa8aa at 0xa0008054
[79059.190704] PUF Read:0xaaaaaa8a at 0xa0008058
[79059.190704] PUF Read:0xaaaaaaaa at 0xa000805c
[79059.190765] PUF Read:0xaaaaaaaa at 0xa0008060
[79059.190765] PUF Read:0xaaaa2aaa at 0xa0008064
[79059.190826] PUF Read:0xaaaaaaaa at 0xa0008068
[79059.190856] PUF Read:0xaaaaaaaa at 0xa000806c
[79059.190856] PUF Read:0xaaaaaaaa at 0xa0008070
[79059.190917] PUF Read:0xaaaaaaaa at 0xa0008074
[79059.190917] PUF Read:0xaaaaaaaa at 0xa0008078
[79059.190917] PUF Read:0xaaabaaaa at 0xa000807c
[79059.190979] PUF Read:0xaaabaaaa at 0xa0008080
[79059.191009] PUF Read:0xaaaaaaaa at 0xa0008084
[79059.191009] PUF Read:0xaaaaaaaa at 0xa0008088
[79059.191009] PUF Read:0xaaaaaaaa at 0xa000808c
[79059.191009] PUF Read:0xaaaa8aaa at 0xa0008090
[79059.191101] PUF Read:0xbaaaaaaa at 0xa0008094
[79059.191101] PUF Read:0x2aebaaab at 0xa0008098
[79059.191162] PUF Read:0xaaaaaaaa at 0xa000809c
[79059.191192] PUF Read:0x8aaaaa2a at 0xa00080a0
[79059.191192] PUF Read:0xaaabaaaa at 0xa00080a4
[79059.191253] PUF Read:0xaa8aaaab at 0xa00080a8
[79059.191253] PUF Read:0xaaaa8aeb at 0xa00080ac
[79059.191253] PUF Read:0xaaaaaaaa at 0xa00080b0
[79059.191253] PUF Read:0x2a2aaaaa at 0xa00080b4
[79059.191345] PUF Read:0xaaaaeaaa at 0xa00080b8
[79059.191345] PUF Read:0x8aaaaaaa at 0xa00080bc
[79059.191345] PUF Read:0xaaaaaeaa at 0xa00080c0
[79059.191345] PUF Read:0xaaaaaaaa at 0xa00080c4
[79059.191345] PUF Read:0xbaa2aaaa at 0xa00080c8
[79059.191345] PUF Read:0xabaaaaaa at 0xa00080cc
[79059.191497] PUF Read:0xeaaeeaaa at 0xa00080d0
[79059.191528] PUF Read:0xaaaa2aa8 at 0xa00080d4
[79059.191528] PUF Read:0xaaaa3aaa at 0xa00080d8
[79059.191528] PUF Read:0xaaaaaaaa at 0xa00080dc
[79059.191589] PUF Read:0xabaaaaaa at 0xa00080e0
[79059.191589] PUF Read:0xaaaaaaaa at 0xa00080e4
[79059.191650] PUF Read:0xaaaaaaaa at 0xa00080e8
[79059.191680] PUF Read:0xaaaaaaab at 0xa00080ec
[79059.191680] PUF Read:0x8aaaaaaa at 0xa00080f0
[79059.191680] PUF Read:0xaaaaaaaa at 0xa00080f4
[79059.191741] PUF Read:0xaaaaabaa at 0xa00080f8
[79059.191741] PUF Read:0xaa8aaaaa at 0xa00080fc
[79059.191802] PUF Read:0xaaaaaaaa at 0xa0008100
[79059.191833] PUF Read:0xaaaaaaaa at 0xa0008104
[79059.191833] PUF Read:0xaaa2aaaa at 0xa0008108
[79059.191833] PUF Read:0xaaaaaaaa at 0xa000810c
[79059.191894] PUF Read:0xaaaaaaaa at 0xa0008110
[79059.191894] PUF Read:0xa8ea2aaa at 0xa0008114
[79059.191955] PUF Read:0xaaaaaaaa at 0xa0008118
[79059.191986] PUF Read:0xa8aa2aaa at 0xa000811c
[79059.191986] PUF Read:0xaaaaaaaa at 0xa0008120
[79059.191986] PUF Read:0xaaaaaeaa at 0xa0008124
[79059.191986] PUF Read:0xaaaaaaea at 0xa0008128
[79059.191986] PUF Read:0xaaaaaaaa at 0xa000812c
[79059.191986] PUF Read:0xaaaaaaaa at 0xa0008130
[79059.192138] PUF Read:0xaaaaaa2a at 0xa0008134
[79059.192138] PUF Read:0xaa8baaaa at 0xa0008138
[79059.192138] PUF Read:0xaaaaaaaa at 0xa000813c
[79059.192138] PUF Read:0xeaaaaeaa at 0xa0008140
[79059.192138] PUF Read:0xaaaaaaaa at 0xa0008144
[79059.192138] PUF Read:0xaabaaeaa at 0xa0008148
[79059.192291] PUF Read:0xaaaaaaaa at 0xa000814c
[79059.192321] PUF Read:0xaaaaaaaa at 0xa0008150
[79059.192321] PUF Read:0xaaaaaaaa at 0xa0008154
[79059.192321] PUF Read:0xaaaaaaaa at 0xa0008158
[79059.192382] PUF Read:0xaabaaaea at 0xa000815c
[79059.192382] PUF Read:0xaaaabaaa at 0xa0008160
[79059.192443] PUF Read:0xaaaaaaaa at 0xa0008164
[79059.192474] PUF Read:0xaeaaaaaa at 0xa0008168
[79059.192474] PUF Read:0xaaeaaaaa at 0xa000816c
[79059.192535] PUF Read:0x2aaaaaaa at 0xa0008170
[79059.192535] PUF Read:0xaabaaaaa at 0xa0008174
[79059.192535] PUF Read:0xaaaaaaaa at 0xa0008178
[79059.192535] PUF Read:0xaaaaaaaa at 0xa000817c
[79059.192626] PUF Read:0xaaaa2a2a at 0xa0008180
[79059.192657] PUF Read:0xaaaaaaaa at 0xa0008184
[79059.192657] PUF Read:0xaa2eaaaa at 0xa0008188
[79059.192657] PUF Read:0xaaaaaaea at 0xa000818c
[79059.192718] PUF Read:0x2aaaaaaa at 0xa0008190
[79059.192718] PUF Read:0xeaaaaaaa at 0xa0008194
[79059.192779] PUF Read:0xaaaaaaaa at 0xa0008198
[79059.192810] PUF Read:0xaaaaaaaa at 0xa000819c
[79059.192810] PUF Read:0xaaaaaaaa at 0xa00081a0
[79059.192810] PUF Read:0xaaaaaaaa at 0xa00081a4
[79059.192810] PUF Read:0xa2a2aaaa at 0xa00081a8
[79059.192810] PUF Read:0xaaaaaaaa at 0xa00081ac
[79059.192810] PUF Read:0xaaebaaaa at 0xa00081b0
[79059.192962] PUF Read:0xaaaaaaaa at 0xa00081b4
[79059.192993] PUF Read:0xaaaaaaaa at 0xa00081b8
[79059.192993] PUF Read:0xa2baaaaa at 0xa00081bc
[79059.192993] PUF Read:0xaaa88aaa at 0xa00081c0
[79059.193054] PUF Read:0xaaaaaaae at 0xa00081c4
[79059.193054] PUF Read:0xaaaaaaaa at 0xa00081c8
[79059.193115] PUF Read:0xaa2baaaa at 0xa00081cc
[79059.193145] PUF Read:0xbaaaaaaa at 0xa00081d0
[79059.193145] PUF Read:0xaaaaaa2a at 0xa00081d4
[79059.193145] PUF Read:0xbaaaaaaa at 0xa00081d8
[79059.193206] PUF Read:0xaaaaaaaa at 0xa00081dc
[79059.193206] PUF Read:0xaaaaaaaa at 0xa00081e0
[79059.193267] PUF Read:0xaaaaaaea at 0xa00081e4
[79059.193298] PUF Read:0xaaaaaaaa at 0xa00081e8
[79059.193298] PUF Read:0xaa2aaaaa at 0xa00081ec
[79059.193298] PUF Read:0xaa8aaaab at 0xa00081f0
[79059.193359] PUF Read:0xaaaaaeaa at 0xa00081f4
[79059.193359] PUF Read:0xaaaaaaa2 at 0xa00081f8
[79059.193420] PUF Read:0xaaaaaaea at 0xa00081fc
[79059.193450] PUF Read:0xaaaaaaaa at 0xa0008200
[79059.193450] PUF Read:0xaaaaaaaa at 0xa0008204
[79059.193450] PUF Read:0xaaaaaaba at 0xa0008208
[79059.193450] PUF Read:0xa8aaaaaa at 0xa000820c
[79059.193450] PUF Read:0xaaaaa2a8 at 0xa0008210
[79059.193450] PUF Read:0xaaaaaaaa at 0xa0008214
[79059.193603] PUF Read:0xaaaaaeaa at 0xa0008218
[79059.193603] PUF Read:0xaaaaaaaa at 0xa000821c
[79059.193603] PUF Read:0xaaaaaaaa at 0xa0008220
[79059.193603] PUF Read:0xaabaaaaa at 0xa0008224
[79059.193603] PUF Read:0xaaaaaaaa at 0xa0008228
[79059.193603] PUF Read:0xaaaaaaaa at 0xa000822c
[79059.193756] PUF Read:0xaaaaafaa at 0xa0008230
[79059.193786] PUF Read:0x286aaaaa at 0xa0008234
[79059.193786] PUF Read:0xaaaaaaaa at 0xa0008238
[79059.193786] PUF Read:0xaaaaaaaa at 0xa000823c
[79059.193847] PUF Read:0xaaaaaaaa at 0xa0008240
[79059.193847] PUF Read:0xaaaaaaaa at 0xa0008244
[79059.193908] PUF Read:0xaaaaaaaa at 0xa0008248
[79059.193939] PUF Read:0xaaaaaaaa at 0xa000824c
[79059.193939] PUF Read:0xaeaaaaaa at 0xa0008250
[79059.193939] PUF Read:0xaabaaaaa at 0xa0008254
[79059.194000] PUF Read:0xaaaaaaaa at 0xa0008258
[79059.194000] PUF Read:0xaeaeaaaa at 0xa000825c
[79059.194061] PUF Read:0xaaaaaaaa at 0xa0008260
[79059.194091] PUF Read:0xaaaaaaaa at 0xa0008264
[79059.194091] PUF Read:0xaaaa8caa at 0xa0008268
[79059.194091] PUF Read:0xaaaabaaa at 0xa000826c
[79059.194091] PUF Read:0xaaaaaaaa at 0xa0008270
[79059.194091] PUF Read:0xaaaaaaaa at 0xa0008274
[79059.194091] PUF Read:0xaaaaaaea at 0xa0008278
[79059.194091] PUF Read:0xaabaaaaa at 0xa000827c
[79059.194274] PUF Read:0xeaaaaaaa at 0xa0008280
[79059.194274] PUF Read:0xa2aaaaaa at 0xa0008284
[79059.194274] PUF Read:0xaaeaaaaa at 0xa0008288
[79059.194274] PUF Read:0xaaaaaaaa at 0xa000828c
[79059.194366] PUF Read:0xaaaaaaa8 at 0xa0008290
[79059.194366] PUF Read:0x28aaaaaa at 0xa0008294
[79059.194427] PUF Read:0xaaaaaaaa at 0xa0008298
[79059.194458] PUF Read:0xaaaaaaaa at 0xa000829c
[79059.194458] PUF Read:0xaaaaaaaa at 0xa00082a0
[79059.194458] PUF Read:0xaaaabaaa at 0xa00082a4
[79059.194519] PUF Read:0xaaaaaaaa at 0xa00082a8
[79059.194519] PUF Read:0xaaaaaaaa at 0xa00082ac
[79059.194580] PUF Read:0xaaaaaaaa at 0xa00082b0
[79059.194610] PUF Read:0xaaaaaaaa at 0xa00082b4
[79059.194610] PUF Read:0xaaa8aaea at 0xa00082b8
[79059.194671] PUF Read:0xaaaaaaaa at 0xa00082bc
[79059.194671] PUF Read:0xaaaaaaaa at 0xa00082c0
[79059.194671] PUF Read:0xaaaaaaaa at 0xa00082c4
[79059.194671] PUF Read:0xbaaaaaaa at 0xa00082c8
[79059.194763] PUF Read:0xaaaaaaaa at 0xa00082cc
[79059.194763] PUF Read:0xaabaaaaa at 0xa00082d0
[79059.194763] PUF Read:0xaaaaaaaa at 0xa00082d4
[79059.194763] PUF Read:0xeaaaaaaa at 0xa00082d8
[79059.194763] PUF Read:0xaaaaeaaa at 0xa00082dc
[79059.194763] PUF Read:0xaaaaaaaa at 0xa00082e0
[79059.194915] PUF Read:0xaaaaaeaa at 0xa00082e4
[79059.194915] PUF Read:0xaaaaabaa at 0xa00082e8
[79059.194915] PUF Read:0xaaaaaaab at 0xa00082ec
[79059.194915] PUF Read:0xaaaaaaab at 0xa00082f0
[79059.194915] PUF Read:0xaaaaaaaa at 0xa00082f4
[79059.194915] PUF Read:0xaaaaaaaa at 0xa00082f8
[79059.195068] PUF Read:0xaaaaaaaa at 0xa00082fc
[79059.195098] PUF Read:0xaaaaaaaa at 0xa0008300
[79059.195098] PUF Read:0xaaaaaaaa at 0xa0008304
[79059.195098] PUF Read:0xaaaa8aaa at 0xa0008308
[79059.195159] PUF Read:0xaaaaaaaa at 0xa000830c
[79059.195159] PUF Read:0xaaaaaa8a at 0xa0008310
[79059.195220] PUF Read:0xaaaaaaaa at 0xa0008314
[79059.195251] PUF Read:0x2bfaaaaa at 0xa0008318
[79059.195251] PUF Read:0xbaaaaaaa at 0xa000831c
[79059.195251] PUF Read:0xaaaa8aaa at 0xa0008320
[79059.195312] PUF Read:0xaaaaabaa at 0xa0008324
[79059.195312] PUF Read:0xaaaaaaaa at 0xa0008328
[79059.195373] PUF Read:0xaaabaaa8 at 0xa000832c
[79059.195404] PUF Read:0xaaaaaaae at 0xa0008330
[79059.195404] PUF Read:0xaaaaaaaa at 0xa0008334
[79059.195404] PUF Read:0xaaaabaaa at 0xa0008338
[79059.195465] PUF Read:0xaaaaaaaa at 0xa000833c
[79059.195465] PUF Read:0xbaaaabaa at 0xa0008340
[79059.195526] PUF Read:0xaaaaaa2b at 0xa0008344
[79059.195556] PUF Read:0xaaaaaaaa at 0xa0008348
[79059.195556] PUF Read:0xaaaaabaa at 0xa000834c
[79059.195556] PUF Read:0xaaaa8a8a at 0xa0008350
[79059.195556] PUF Read:0x8aaaaaaa at 0xa0008354
[79059.195556] PUF Read:0xaaaaaaaa at 0xa0008358
[79059.195556] PUF Read:0xaaaaaaaa at 0xa000835c
[79059.195556] PUF Read:0xaaabeaaa at 0xa0008360
[79059.195739] PUF Read:0xaaaaaa2a at 0xa0008364
[79059.195739] PUF Read:0xaaaaaaaa at 0xa0008368
[79059.195739] PUF Read:0xaaaaaeaa at 0xa000836c
[79059.195739] PUF Read:0xaaaaaaaa at 0xa0008370
[79059.195739] PUF Read:0xaaaaaaaa at 0xa0008374
[79059.195739] PUF Read:0xeaaa8aaa at 0xa0008378
[79059.195892] PUF Read:0xaaaaaaaa at 0xa000837c
[79059.195892] PUF Read:0xaaaaaaa8 at 0xa0008380
[79059.195892] PUF Read:0xaaaaaaaa at 0xa0008384
[79059.195892] PUF Read:0xaaaaaaaa at 0xa0008388
[79059.195983] PUF Read:0xaaaaaaaa at 0xa000838c
[79059.195983] PUF Read:0xaaaaaaab at 0xa0008390
[79059.196044] PUF Read:0xaaaaabaa at 0xa0008394
[79059.196075] PUF Read:0xaaaaaaaa at 0xa0008398
[79059.196075] PUF Read:0xaaa2aaaa at 0xa000839c
[79059.196075] PUF Read:0xaaaaaaaa at 0xa00083a0
[79059.196136] PUF Read:0xaaaaaaaa at 0xa00083a4
[79059.196136] PUF Read:0xaaaaaaaa at 0xa00083a8
[79059.196197] PUF Read:0xaaaabaaa at 0xa00083ac
[79059.196228] PUF Read:0xaaaaaaa2 at 0xa00083b0
[79059.196228] PUF Read:0xaaaaaaaa at 0xa00083b4
[79059.196228] PUF Read:0xaaaaaaaa at 0xa00083b8
[79059.196289] PUF Read:0xaaaaaaaa at 0xa00083bc
[79059.196289] PUF Read:0xaaaaaaea at 0xa00083c0
[79059.196350] PUF Read:0xaeaaaaaa at 0xa00083c4
[79059.196380] PUF Read:0xaaaaaaaa at 0xa00083c8
[79059.196380] PUF Read:0xaaa2aaaa at 0xa00083cc
[79059.196380] PUF Read:0xaaaaaaaa at 0xa00083d0
[79059.196380] PUF Read:0xaaabaaaa at 0xa00083d4
[79059.196380] PUF Read:0xaa2aaaaa at 0xa00083d8
[79059.196380] PUF Read:0xaaaaaaaa at 0xa00083dc
[79059.196533] PUF Read:0xaabeaaae at 0xa00083e0
[79059.196563] PUF Read:0xb22aa8aa at 0xa00083e4
[79059.196563] PUF Read:0xaaaaaa2a at 0xa00083e8
[79059.196563] PUF Read:0xaaaaaaaa at 0xa00083ec
[79059.196624] PUF Read:0xaaa8aeaa at 0xa00083f0
[79059.196624] PUF Read:0xaeaaaaaa at 0xa00083f4
[79059.196685] PUF Read:0xaaaaaaae at 0xa00083f8
[79059.196716] PUF Read:0x8aaeaaaa at 0xa00083fc
[79059.196716] [i] Finished PUF read-out
[79059.196746] <6>[i] Finished PUF query for decaytime: 15360
[79059.196746] End measurement:17
[79059.196746] [i] Start measurement: 18
[79059.196777] [i] Start decaytime: 60
[79059.196777] EMIF 2 REG Write 0x80000000 at 0x4d000010
[79059.196777] EMIF 2 REG Read 0x80000000 at 0x4d000010
[79059.196807] EMIF 2 REG Write 0x80000000 at 0x4d000014
[79059.196807] EMIF 2 REG Read 0x00000000 at 0x4d000014
[79059.196838] EMIF 2 REG Write 0x08016893 at 0x4d0000cc
[79059.196838] EMIF 2 REG Read 0x08016893 at 0x4d0000cc
[79059.196868] Temp polling alert disabled
[79059.196868] Refresh Disabled at EMIF2
[79059.196868] [i] Initialiting PUF & hammer rows
[79059.196899] [i] Single-Sided Rowhammer (SSRH)
[79059.198638] [i] Finished initialiting PUF & hammer rows
[79059.203674] [i]	Timer elapsed since its reset 0 sec
[79059.203674] [i] Decay: 60 sec
[79059.203674] [i]	Relative Decay: 0 msec
