[25206.971435] [i] Total hammer attempts per row: 1864254
[25206.971435] EMIF 2 REG Write 0x00000618 at 0x4d000010
[25206.971435] EMIF 2 REG Read 0x00000618 at 0x4d000010
[25206.971496] EMIF 2 REG Write 0x00000618 at 0x4d000014
[25206.971496] EMIF 2 REG Read 0x00000618 at 0x4d000014
[25206.971527] EMIF 2 REG Write 0x58016893 at 0x4d0000cc
[25206.971527] EMIF 2 REG Read 0x58016893 at 0x4d0000cc
[25206.971527] Temp polling alert enabled
[25206.971557] Refresh enabled at EMIF2
[25206.971557] [i] Starting PUF read-out
[25206.971557] [i] Single-Sided Rowhammer (SSRH)
[25206.971588] PUF Read:0x00000000 at 0xa0008000
[25206.971588] PUF Read:0x00000000 at 0xa0008004
[25206.971588] PUF Read:0x00000000 at 0xa0008008
[25206.971588] PUF Read:0x00000000 at 0xa000800c
[25206.971588] PUF Read:0x00000000 at 0xa0008010
[25206.971710] PUF Read:0x00000100 at 0xa0008014
[25206.971710] PUF Read:0x00000000 at 0xa0008018
[25206.971771] PUF Read:0x00000000 at 0xa000801c
[25206.971801] PUF Read:0x00000000 at 0xa0008020
[25206.971801] PUF Read:0x40004000 at 0xa0008024
[25206.971801] PUF Read:0x00000000 at 0xa0008028
[25206.971801] PUF Read:0x00000000 at 0xa000802c
[25206.971893] PUF Read:0x00000000 at 0xa0008030
[25206.971893] PUF Read:0x00000000 at 0xa0008034
[25206.971954] PUF Read:0x00000000 at 0xa0008038
[25206.971954] PUF Read:0x00000000 at 0xa000803c
[25206.971954] PUF Read:0x00000001 at 0xa0008040
[25206.971954] PUF Read:0x00004000 at 0xa0008044
[25206.972045] PUF Read:0x00000000 at 0xa0008048
[25206.972045] PUF Read:0x00000000 at 0xa000804c
[25206.972106] PUF Read:0x00000000 at 0xa0008050
[25206.972137] PUF Read:0x00000000 at 0xa0008054
[25206.972137] PUF Read:0x00000000 at 0xa0008058
[25206.972137] PUF Read:0x00000000 at 0xa000805c
[25206.972198] PUF Read:0x00000000 at 0xa0008060
[25206.972198] PUF Read:0x00000000 at 0xa0008064
[25206.972259] PUF Read:0x00000000 at 0xa0008068
[25206.972290] PUF Read:0x00000000 at 0xa000806c
[25206.972290] PUF Read:0x00000000 at 0xa0008070
[25206.972290] PUF Read:0x00000000 at 0xa0008074
[25206.972351] PUF Read:0x00000000 at 0xa0008078
[25206.972351] PUF Read:0x00000000 at 0xa000807c
[25206.972412] PUF Read:0x00000000 at 0xa0008080
[25206.972442] PUF Read:0x00000000 at 0xa0008084
[25206.972442] PUF Read:0x00000000 at 0xa0008088
[25206.972442] PUF Read:0x00000000 at 0xa000808c
[25206.972503] PUF Read:0x00000000 at 0xa0008090
[25206.972503] PUF Read:0x00000000 at 0xa0008094
[25206.972564] PUF Read:0x00010000 at 0xa0008098
[25206.972595] PUF Read:0x00000000 at 0xa000809c
[25206.972595] PUF Read:0x00000000 at 0xa00080a0
[25206.972595] PUF Read:0x00000000 at 0xa00080a4
[25206.972595] PUF Read:0x00000000 at 0xa00080a8
[25206.972595] PUF Read:0x00000040 at 0xa00080ac
[25206.972717] PUF Read:0x00000000 at 0xa00080b0
[25206.972717] PUF Read:0x00000000 at 0xa00080b4
[25206.972717] PUF Read:0x00000000 at 0xa00080b8
[25206.972717] PUF Read:0x00000000 at 0xa00080bc
[25206.972717] PUF Read:0x00000000 at 0xa00080c0
[25206.972717] PUF Read:0x00000000 at 0xa00080c4
[25206.972869] PUF Read:0x00000000 at 0xa00080c8
[25206.972869] PUF Read:0x00000000 at 0xa00080cc
[25206.972869] PUF Read:0x40004000 at 0xa00080d0
[25206.972869] PUF Read:0x00000000 at 0xa00080d4
[25206.972961] PUF Read:0x00000000 at 0xa00080d8
[25206.972961] PUF Read:0x00000000 at 0xa00080dc
[25206.972961] PUF Read:0x01000000 at 0xa00080e0
[25206.973052] PUF Read:0x00000000 at 0xa00080e4
[25206.973052] PUF Read:0x00000000 at 0xa00080e8
[25206.973052] PUF Read:0x00000001 at 0xa00080ec
[25206.973052] PUF Read:0x00000000 at 0xa00080f0
[25206.973052] PUF Read:0x00000000 at 0xa00080f4
[25206.973052] PUF Read:0x00000000 at 0xa00080f8
[25206.973205] PUF Read:0x00000000 at 0xa00080fc
[25206.973205] PUF Read:0x00000000 at 0xa0008100
[25206.973205] PUF Read:0x00000000 at 0xa0008104
[25206.973205] PUF Read:0x00000000 at 0xa0008108
[25206.973205] PUF Read:0x00000000 at 0xa000810c
[25206.973205] PUF Read:0x00000000 at 0xa0008110
[25206.973358] PUF Read:0x00000000 at 0xa0008114
[25206.973358] PUF Read:0x00000000 at 0xa0008118
[25206.973358] PUF Read:0x00000000 at 0xa000811c
[25206.973358] PUF Read:0x00000000 at 0xa0008120
[25206.973358] PUF Read:0x00000000 at 0xa0008124
[25206.973358] PUF Read:0x00000000 at 0xa0008128
[25206.973510] PUF Read:0x00000000 at 0xa000812c
[25206.973510] PUF Read:0x00000000 at 0xa0008130
[25206.973510] PUF Read:0x00000000 at 0xa0008134
[25206.973510] PUF Read:0x00000000 at 0xa0008138
[25206.973510] PUF Read:0x00000000 at 0xa000813c
[25206.973510] PUF Read:0x00000400 at 0xa0008140
[25206.973663] PUF Read:0x00000000 at 0xa0008144
[25206.973693] PUF Read:0x00100400 at 0xa0008148
[25206.973693] PUF Read:0x00000000 at 0xa000814c
[25206.973693] PUF Read:0x00000000 at 0xa0008150
[25206.973754] PUF Read:0x00000000 at 0xa0008154
[25206.973754] PUF Read:0x00000000 at 0xa0008158
[25206.973815] PUF Read:0x00000040 at 0xa000815c
[25206.973846] PUF Read:0x00000000 at 0xa0008160
[25206.973846] PUF Read:0x00000000 at 0xa0008164
[25206.973846] PUF Read:0x00000000 at 0xa0008168
[25206.973846] PUF Read:0x00400000 at 0xa000816c
[25206.973846] PUF Read:0x00000000 at 0xa0008170
[25206.973968] PUF Read:0x00000000 at 0xa0008174
[25206.973968] PUF Read:0x00000000 at 0xa0008178
[25206.973968] PUF Read:0x00000000 at 0xa000817c
[25206.973968] PUF Read:0x00000000 at 0xa0008180
[25206.973968] PUF Read:0x00000000 at 0xa0008184
[25206.973968] PUF Read:0x00000000 at 0xa0008188
[25206.974121] PUF Read:0x00000000 at 0xa000818c
[25206.974121] PUF Read:0x00000000 at 0xa0008190
[25206.974121] PUF Read:0x40000000 at 0xa0008194
[25206.974121] PUF Read:0x00000000 at 0xa0008198
[25206.974121] PUF Read:0x00000000 at 0xa000819c
[25206.974121] PUF Read:0x00000000 at 0xa00081a0
[25206.974273] PUF Read:0x00000000 at 0xa00081a4
[25206.974273] PUF Read:0x00000000 at 0xa00081a8
[25206.974334] PUF Read:0x00000000 at 0xa00081ac
[25206.974334] PUF Read:0x00400000 at 0xa00081b0
[25206.974334] PUF Read:0x00000000 at 0xa00081b4
[25206.974395] PUF Read:0x00000000 at 0xa00081b8
[25206.974426] PUF Read:0x00000000 at 0xa00081bc
[25206.974426] PUF Read:0x00000000 at 0xa00081c0
[25206.974426] PUF Read:0x00000004 at 0xa00081c4
[25206.974517] PUF Read:0x00000000 at 0xa00081c8
[25206.974517] PUF Read:0x00000000 at 0xa00081cc
[25206.974517] PUF Read:0x10000000 at 0xa00081d0
[25206.974517] PUF Read:0x00000000 at 0xa00081d4
[25206.974609] PUF Read:0x00000000 at 0xa00081d8
[25206.974609] PUF Read:0x00000000 at 0xa00081dc
[25206.974609] PUF Read:0x00000000 at 0xa00081e0
[25206.974609] PUF Read:0x00000040 at 0xa00081e4
[25206.974609] PUF Read:0x00000000 at 0xa00081e8
[25206.974609] PUF Read:0x00000000 at 0xa00081ec
[25206.974761] PUF Read:0x00000000 at 0xa00081f0
[25206.974761] PUF Read:0x00000400 at 0xa00081f4
[25206.974761] PUF Read:0x00000000 at 0xa00081f8
[25206.974761] PUF Read:0x00000000 at 0xa00081fc
[25206.974761] PUF Read:0x00000000 at 0xa0008200
[25206.974761] PUF Read:0x00000000 at 0xa0008204
[25206.974914] PUF Read:0x00000000 at 0xa0008208
[25206.974914] PUF Read:0x00000000 at 0xa000820c
[25206.974914] PUF Read:0x00000000 at 0xa0008210
[25206.974914] PUF Read:0x00000000 at 0xa0008214
[25206.974914] PUF Read:0x00000000 at 0xa0008218
[25206.974914] PUF Read:0x00000000 at 0xa000821c
[25206.975067] PUF Read:0x00000000 at 0xa0008220
[25206.975067] PUF Read:0x00000000 at 0xa0008224
[25206.975067] PUF Read:0x00000000 at 0xa0008228
[25206.975067] PUF Read:0x00000000 at 0xa000822c
[25206.975067] PUF Read:0x00000000 at 0xa0008230
[25206.975067] PUF Read:0x00400000 at 0xa0008234
[25206.975219] PUF Read:0x00000000 at 0xa0008238
[25206.975219] PUF Read:0x00000000 at 0xa000823c
[25206.975219] PUF Read:0x00000000 at 0xa0008240
[25206.975219] PUF Read:0x00000000 at 0xa0008244
[25206.975219] PUF Read:0x00000000 at 0xa0008248
[25206.975219] PUF Read:0x00000000 at 0xa000824c
[25206.975372] PUF Read:0x00000000 at 0xa0008250
[25206.975372] PUF Read:0x00100000 at 0xa0008254
[25206.975372] PUF Read:0x00000000 at 0xa0008258
[25206.975372] PUF Read:0x00040000 at 0xa000825c
[25206.975372] PUF Read:0x00000000 at 0xa0008260
[25206.975372] PUF Read:0x00000000 at 0xa0008264
[25206.975524] PUF Read:0x00000000 at 0xa0008268
[25206.975524] PUF Read:0x00000000 at 0xa000826c
[25206.975524] PUF Read:0x00000000 at 0xa0008270
[25206.975524] PUF Read:0x00000000 at 0xa0008274
[25206.975524] PUF Read:0x00000040 at 0xa0008278
[25206.975524] PUF Read:0x00000000 at 0xa000827c
[25206.975677] PUF Read:0x00000000 at 0xa0008280
[25206.975677] PUF Read:0x00000000 at 0xa0008284
[25206.975677] PUF Read:0x00000000 at 0xa0008288
[25206.975677] PUF Read:0x00000000 at 0xa000828c
[25206.975677] PUF Read:0x00000000 at 0xa0008290
[25206.975677] PUF Read:0x00000000 at 0xa0008294
[25206.975830] PUF Read:0x00000000 at 0xa0008298
[25206.975830] PUF Read:0x00000000 at 0xa000829c
[25206.975830] PUF Read:0x00000000 at 0xa00082a0
[25206.975830] PUF Read:0x00001000 at 0xa00082a4
[25206.975921] PUF Read:0x00000000 at 0xa00082a8
[25206.975921] PUF Read:0x00000000 at 0xa00082ac
[25206.975982] PUF Read:0x00000000 at 0xa00082b0
[25206.976013] PUF Read:0x00000000 at 0xa00082b4
[25206.976013] PUF Read:0x00000040 at 0xa00082b8
[25206.976013] PUF Read:0x00000000 at 0xa00082bc
[25206.976013] PUF Read:0x00000000 at 0xa00082c0
[25206.976013] PUF Read:0x00000000 at 0xa00082c4
[25206.976013] PUF Read:0x10000000 at 0xa00082c8
[25206.976165] PUF Read:0x00000000 at 0xa00082cc
[25206.976196] PUF Read:0x00100000 at 0xa00082d0
[25206.976196] PUF Read:0x00000000 at 0xa00082d4
[25206.976196] PUF Read:0x00000000 at 0xa00082d8
[25206.976257] PUF Read:0x00000000 at 0xa00082dc
[25206.976257] PUF Read:0x00000000 at 0xa00082e0
[25206.976318] PUF Read:0x00000400 at 0xa00082e4
[25206.976348] PUF Read:0x00000000 at 0xa00082e8
[25206.976348] PUF Read:0x00000001 at 0xa00082ec
[25206.976348] PUF Read:0x00000000 at 0xa00082f0
[25206.976409] PUF Read:0x00000000 at 0xa00082f4
[25206.976409] PUF Read:0x00000000 at 0xa00082f8
[25206.976470] PUF Read:0x00000000 at 0xa00082fc
[25206.976501] PUF Read:0x00000000 at 0xa0008300
[25206.976501] PUF Read:0x00000000 at 0xa0008304
[25206.976501] PUF Read:0x00000000 at 0xa0008308
[25206.976562] PUF Read:0x00000000 at 0xa000830c
[25206.976562] PUF Read:0x00000000 at 0xa0008310
[25206.976623] PUF Read:0x00000000 at 0xa0008314
[25206.976654] PUF Read:0x01000000 at 0xa0008318
[25206.976654] PUF Read:0x10000000 at 0xa000831c
[25206.976654] PUF Read:0x00000000 at 0xa0008320
[25206.976715] PUF Read:0x00000000 at 0xa0008324
[25206.976715] PUF Read:0x00000000 at 0xa0008328
[25206.976776] PUF Read:0x00000000 at 0xa000832c
[25206.976806] PUF Read:0x00000004 at 0xa0008330
[25206.976806] PUF Read:0x00000000 at 0xa0008334
[25206.976806] PUF Read:0x00000000 at 0xa0008338
[25206.976867] PUF Read:0x00000000 at 0xa000833c
[25206.976867] PUF Read:0x00000000 at 0xa0008340
[25206.976928] PUF Read:0x00000000 at 0xa0008344
[25206.976959] PUF Read:0x00000000 at 0xa0008348
[25206.976959] PUF Read:0x00000000 at 0xa000834c
[25206.976959] PUF Read:0x00000000 at 0xa0008350
[25206.977020] PUF Read:0x00000000 at 0xa0008354
[25206.977020] PUF Read:0x00000000 at 0xa0008358
[25206.977081] PUF Read:0x00000000 at 0xa000835c
[25206.977111] PUF Read:0x00010000 at 0xa0008360
[25206.977111] PUF Read:0x00000000 at 0xa0008364
[25206.977111] PUF Read:0x00000000 at 0xa0008368
[25206.977172] PUF Read:0x00000000 at 0xa000836c
[25206.977172] PUF Read:0x00000000 at 0xa0008370
[25206.977233] PUF Read:0x00000000 at 0xa0008374
[25206.977264] PUF Read:0x00000000 at 0xa0008378
[25206.977264] PUF Read:0x00000000 at 0xa000837c
[25206.977264] PUF Read:0x00000000 at 0xa0008380
[25206.977325] PUF Read:0x00000000 at 0xa0008384
[25206.977325] PUF Read:0x00000000 at 0xa0008388
[25206.977386] PUF Read:0x00000000 at 0xa000838c
[25206.977416] PUF Read:0x00000000 at 0xa0008390
[25206.977416] PUF Read:0x00000000 at 0xa0008394
[25206.977416] PUF Read:0x00000000 at 0xa0008398
[25206.977478] PUF Read:0x00000000 at 0xa000839c
[25206.977478] PUF Read:0x00000000 at 0xa00083a0
[25206.977478] PUF Read:0x00000000 at 0xa00083a4
[25206.977569] PUF Read:0x00000000 at 0xa00083a8
[25206.977569] PUF Read:0x00000000 at 0xa00083ac
[25206.977569] PUF Read:0x00000000 at 0xa00083b0
[25206.977569] PUF Read:0x00000000 at 0xa00083b4
[25206.977569] PUF Read:0x00000000 at 0xa00083b8
[25206.977569] PUF Read:0x00000000 at 0xa00083bc
[25206.977722] PUF Read:0x00000000 at 0xa00083c0
[25206.977722] PUF Read:0x00000000 at 0xa00083c4
[25206.977722] PUF Read:0x00000000 at 0xa00083c8
[25206.977722] PUF Read:0x00000000 at 0xa00083cc
[25206.977722] PUF Read:0x00000000 at 0xa00083d0
[25206.977722] PUF Read:0x00010000 at 0xa00083d4
[25206.977874] PUF Read:0x00000000 at 0xa00083d8
[25206.977874] PUF Read:0x00000000 at 0xa00083dc
[25206.977874] PUF Read:0x00100000 at 0xa00083e0
[25206.977874] PUF Read:0x10000000 at 0xa00083e4
[25206.977874] PUF Read:0x00000000 at 0xa00083e8
[25206.977874] PUF Read:0x00000000 at 0xa00083ec
[25206.978027] PUF Read:0x00000000 at 0xa00083f0
[25206.978027] PUF Read:0x00000000 at 0xa00083f4
[25206.978027] PUF Read:0x00000004 at 0xa00083f8
[25206.978027] PUF Read:0x00040000 at 0xa00083fc
[25206.978118] [i] Finished PUF read-out
[25206.978118] <6>[i] Finished PUF query for decaytime: 7680
[25206.978149] [i] Start decaytime: 120
[25206.978149] EMIF 2 REG Write 0x80000000 at 0x4d000010
[25206.978179] EMIF 2 REG Read 0x80000000 at 0x4d000010
[25206.978179] EMIF 2 REG Write 0x80000000 at 0x4d000014
[25206.978179] EMIF 2 REG Read 0x00000000 at 0x4d000014
[25206.978210] EMIF 2 REG Write 0x08016893 at 0x4d0000cc
[25206.978210] EMIF 2 REG Read 0x08016893 at 0x4d0000cc
[25206.978240] Temp polling alert disabled
[25206.978240] Refresh Disabled at EMIF2
[25206.978240] [i] Initialiting PUF & hammer rows
[25206.978271] [i] Single-Sided Rowhammer (SSRH)
[25206.985015] [i] Finished initialiting PUF & hammer rows
[25206.985015] [i]	Timer elapsed since its reset 0 sec
[25206.985046] [i] Decay: 120 sec
[25206.985046] [i]	Relative Decay: 0 msec
