[65360.502929] [i] Total hammer attempts per row: 3723251
[65360.502960] EMIF 2 REG Write 0x00000618 at 0x4d000010
[65360.502990] EMIF 2 REG Read 0x00000618 at 0x4d000010
[65360.502990] EMIF 2 REG Write 0x00000618 at 0x4d000014
[65360.503021] EMIF 2 REG Read 0x00000618 at 0x4d000014
[65360.503021] EMIF 2 REG Write 0x58016893 at 0x4d0000cc
[65360.503021] EMIF 2 REG Read 0x58016893 at 0x4d0000cc
[65360.503051] Temp polling alert enabled
[65360.503051] Refresh enabled at EMIF2
[65360.503051] [i] Starting PUF read-out
[65360.503082] [i] Single-Sided Rowhammer (SSRH)
[65360.503082] PUF Read:0xaaaa2aaa at 0xa0008000
[65360.503082] PUF Read:0xaaaaaaaa at 0xa0008004
[65360.503082] PUF Read:0xaaaaaaaa at 0xa0008008
[65360.503082] PUF Read:0xa2aaaa2a at 0xa000800c
[65360.503204] PUF Read:0xaaaaaaaa at 0xa0008010
[65360.503234] PUF Read:0x8aaaabaa at 0xa0008014
[65360.503265] PUF Read:0xaaaa2aaa at 0xa0008018
[65360.503295] PUF Read:0xaaa2aaaa at 0xa000801c
[65360.503295] PUF Read:0xaaaaaaaa at 0xa0008020
[65360.503295] PUF Read:0xeaaaeaaa at 0xa0008024
[65360.503295] PUF Read:0xaaaaaaaa at 0xa0008028
[65360.503387] PUF Read:0xaaaaaaba at 0xa000802c
[65360.503387] PUF Read:0xaaaaaaa8 at 0xa0008030
[65360.503387] PUF Read:0xaaaaaaaa at 0xa0008034
[65360.503387] PUF Read:0xaaaaaaaa at 0xa0008038
[65360.503479] PUF Read:0xaaaaaaaa at 0xa000803c
[65360.503479] PUF Read:0xaaaaaaab at 0xa0008040
[65360.503540] PUF Read:0xaaaaeaaa at 0xa0008044
[65360.503570] PUF Read:0xaaaaaaaa at 0xa0008048
[65360.503570] PUF Read:0xaaaaaaa8 at 0xa000804c
[65360.503570] PUF Read:0xa2aaaaaa at 0xa0008050
[65360.503631] PUF Read:0xaaaaa8aa at 0xa0008054
[65360.503631] PUF Read:0xaaaaaa8a at 0xa0008058
[65360.503692] PUF Read:0xaaaaaaaa at 0xa000805c
[65360.503723] PUF Read:0xaaaaaaaa at 0xa0008060
[65360.503723] PUF Read:0xaaaa2aaa at 0xa0008064
[65360.503723] PUF Read:0xaaaaaaaa at 0xa0008068
[65360.503723] PUF Read:0xaaaaaaaa at 0xa000806c
[65360.503814] PUF Read:0xaaaaaaaa at 0xa0008070
[65360.503814] PUF Read:0xaaaaaaaa at 0xa0008074
[65360.503875] PUF Read:0xaaaaaaaa at 0xa0008078
[65360.503906] PUF Read:0xaaabaaaa at 0xa000807c
[65360.503906] PUF Read:0xaaabaaaa at 0xa0008080
[65360.503906] PUF Read:0xaaaaaaaa at 0xa0008084
[65360.503906] PUF Read:0xaaaaaaaa at 0xa0008088
[65360.503906] PUF Read:0xaaaaaaaa at 0xa000808c
[65360.503906] PUF Read:0xaaaa8aaa at 0xa0008090
[65360.504058] PUF Read:0xaaaaaaaa at 0xa0008094
[65360.504058] PUF Read:0x2aabaaab at 0xa0008098
[65360.504058] PUF Read:0xaaaaaaaa at 0xa000809c
[65360.504058] PUF Read:0x8aaaaa2a at 0xa00080a0
[65360.504058] PUF Read:0xaaabaaaa at 0xa00080a4
[65360.504058] PUF Read:0xaa8aaaab at 0xa00080a8
[65360.504211] PUF Read:0xaaaa8aea at 0xa00080ac
[65360.504241] PUF Read:0xaaaaaaaa at 0xa00080b0
[65360.504241] PUF Read:0x2a2aaaaa at 0xa00080b4
[65360.504241] PUF Read:0xaaaaeaaa at 0xa00080b8
[65360.504302] PUF Read:0x8aaaaaaa at 0xa00080bc
[65360.504302] PUF Read:0xaaaaaaaa at 0xa00080c0
[65360.504364] PUF Read:0xaaaaaaaa at 0xa00080c4
[65360.504394] PUF Read:0xaaa2aaaa at 0xa00080c8
[65360.504394] PUF Read:0xabaaaaaa at 0xa00080cc
[65360.504394] PUF Read:0xeaaeeaaa at 0xa00080d0
[65360.504455] PUF Read:0xaaaa2aaa at 0xa00080d4
[65360.504455] PUF Read:0xaaaa3aaa at 0xa00080d8
[65360.504516] PUF Read:0xaaaaaaaa at 0xa00080dc
[65360.504547] PUF Read:0xabaaaaaa at 0xa00080e0
[65360.504547] PUF Read:0xaaaaaaaa at 0xa00080e4
[65360.504547] PUF Read:0xaaaaaaaa at 0xa00080e8
[65360.504608] PUF Read:0xaaaaaaab at 0xa00080ec
[65360.504608] PUF Read:0x8aaaaaaa at 0xa00080f0
[65360.504669] PUF Read:0xaaaaaaaa at 0xa00080f4
[65360.504699] PUF Read:0xaaaaabaa at 0xa00080f8
[65360.504699] PUF Read:0xaa8aaaaa at 0xa00080fc
[65360.504699] PUF Read:0xaaaaaaaa at 0xa0008100
[65360.504699] PUF Read:0xaaaaaaaa at 0xa0008104
[65360.504699] PUF Read:0xaaa2aaaa at 0xa0008108
[65360.504699] PUF Read:0xaaaaaaaa at 0xa000810c
[65360.504852] PUF Read:0xaaaaaaaa at 0xa0008110
[65360.504852] PUF Read:0xaaea2aaa at 0xa0008114
[65360.504852] PUF Read:0xaaaaaaaa at 0xa0008118
[65360.504852] PUF Read:0xaaaaaaaa at 0xa000811c
[65360.504852] PUF Read:0xaaaaaaaa at 0xa0008120
[65360.504852] PUF Read:0xaaaaaeaa at 0xa0008124
[65360.505004] PUF Read:0xaaaaaaaa at 0xa0008128
[65360.505004] PUF Read:0xaaaaaaaa at 0xa000812c
[65360.505004] PUF Read:0xaaaaaaaa at 0xa0008130
[65360.505004] PUF Read:0xaaaaaa2a at 0xa0008134
[65360.505096] PUF Read:0xaa8baaaa at 0xa0008138
[65360.505096] PUF Read:0xaaaaaaaa at 0xa000813c
[65360.505157] PUF Read:0xaaaaaeaa at 0xa0008140
[65360.505187] PUF Read:0xaaaaaaaa at 0xa0008144
[65360.505187] PUF Read:0xaabaaeaa at 0xa0008148
[65360.505187] PUF Read:0xaaaaaaaa at 0xa000814c
[65360.505249] PUF Read:0xaaaaaaaa at 0xa0008150
[65360.505249] PUF Read:0xaaaaaaaa at 0xa0008154
[65360.505249] PUF Read:0xaaaaaaaa at 0xa0008158
[65360.505340] PUF Read:0xaaaaaaea at 0xa000815c
[65360.505340] PUF Read:0xaaaaaaaa at 0xa0008160
[65360.505340] PUF Read:0xaaaaaaaa at 0xa0008164
[65360.505340] PUF Read:0xaeaaaaaa at 0xa0008168
[65360.505340] PUF Read:0xaaeaaaaa at 0xa000816c
[65360.505340] PUF Read:0x2aaaaaaa at 0xa0008170
[65360.505493] PUF Read:0xaabaaaaa at 0xa0008174
[65360.505523] PUF Read:0xaaaaaaaa at 0xa0008178
[65360.505523] PUF Read:0xaaaaaaaa at 0xa000817c
[65360.505523] PUF Read:0xaaaa2a2a at 0xa0008180
[65360.505584] PUF Read:0xaaaaaaaa at 0xa0008184
[65360.505584] PUF Read:0xaa2aaaaa at 0xa0008188
[65360.505645] PUF Read:0xaaaaaaea at 0xa000818c
[65360.505676] PUF Read:0x2aaaaaaa at 0xa0008190
[65360.505676] PUF Read:0xeaaaaaaa at 0xa0008194
[65360.505676] PUF Read:0xaaaaaaaa at 0xa0008198
[65360.505737] PUF Read:0xaaaaaaaa at 0xa000819c
[65360.505737] PUF Read:0xaaaaaaaa at 0xa00081a0
[65360.505798] PUF Read:0xaaaaaaaa at 0xa00081a4
[65360.505828] PUF Read:0xaaa2aaaa at 0xa00081a8
[65360.505828] PUF Read:0xaaaaaaaa at 0xa00081ac
[65360.505828] PUF Read:0xaaebaaaa at 0xa00081b0
[65360.505889] PUF Read:0xaaaaaaaa at 0xa00081b4
[65360.505889] PUF Read:0xaaaaaaaa at 0xa00081b8
[65360.505950] PUF Read:0xa2baaaaa at 0xa00081bc
[65360.505981] PUF Read:0xaaa88aaa at 0xa00081c0
[65360.505981] PUF Read:0xaaaaaaae at 0xa00081c4
[65360.505981] PUF Read:0xaaaaaaaa at 0xa00081c8
[65360.505981] PUF Read:0xaa2baaaa at 0xa00081cc
[65360.505981] PUF Read:0xbaaaaaaa at 0xa00081d0
[65360.505981] PUF Read:0xaaaaaa2a at 0xa00081d4
[65360.506134] PUF Read:0xaaaaaaaa at 0xa00081d8
[65360.506164] PUF Read:0xaaaaaaaa at 0xa00081dc
[65360.506164] PUF Read:0xaaaaaaaa at 0xa00081e0
[65360.506164] PUF Read:0xaaaaaaea at 0xa00081e4
[65360.506225] PUF Read:0xaaaaaaaa at 0xa00081e8
[65360.506225] PUF Read:0xaa2aaaaa at 0xa00081ec
[65360.506286] PUF Read:0xaaaaaaab at 0xa00081f0
[65360.506317] PUF Read:0xaaaaaeaa at 0xa00081f4
[65360.506317] PUF Read:0xaaaaaaa2 at 0xa00081f8
[65360.506317] PUF Read:0xaaaaaaaa at 0xa00081fc
[65360.506378] PUF Read:0xaaaaaaaa at 0xa0008200
[65360.506378] PUF Read:0xaaaaaaaa at 0xa0008204
[65360.506439] PUF Read:0xaaaaaaba at 0xa0008208
[65360.506469] PUF Read:0xa8aaaaaa at 0xa000820c
[65360.506469] PUF Read:0xaaaaa2a8 at 0xa0008210
[65360.506530] PUF Read:0xaaaaaaaa at 0xa0008214
[65360.506530] PUF Read:0xaaaaaeaa at 0xa0008218
[65360.506530] PUF Read:0xaaaaaaaa at 0xa000821c
[65360.506591] PUF Read:0xaaaaaaaa at 0xa0008220
[65360.506622] PUF Read:0xaabaaaaa at 0xa0008224
[65360.506622] PUF Read:0xaaaaaaaa at 0xa0008228
[65360.506622] PUF Read:0xaaaaaaaa at 0xa000822c
[65360.506622] PUF Read:0xaaaaaeaa at 0xa0008230
[65360.506622] PUF Read:0x286aaaaa at 0xa0008234
[65360.506622] PUF Read:0xaaaaaaaa at 0xa0008238
[65360.506774] PUF Read:0xaaaaaaaa at 0xa000823c
[65360.506774] PUF Read:0xaaaaaaaa at 0xa0008240
[65360.506774] PUF Read:0xaaaaaaaa at 0xa0008244
[65360.506774] PUF Read:0xaaaaaaaa at 0xa0008248
[65360.506774] PUF Read:0xaaaaaaaa at 0xa000824c
[65360.506774] PUF Read:0xaaaaaaaa at 0xa0008250
[65360.506774] PUF Read:0xaabaaaaa at 0xa0008254
[65360.506958] PUF Read:0xaaaaaaaa at 0xa0008258
[65360.506958] PUF Read:0xaaaeaaaa at 0xa000825c
[65360.506958] PUF Read:0xaaaaaaaa at 0xa0008260
[65360.506958] PUF Read:0xaaaaaaaa at 0xa0008264
[65360.507049] PUF Read:0xaaaa8caa at 0xa0008268
[65360.507049] PUF Read:0xaaaaaaaa at 0xa000826c
[65360.507110] PUF Read:0xaaaaaaaa at 0xa0008270
[65360.507141] PUF Read:0xaaaaaaaa at 0xa0008274
[65360.507141] PUF Read:0xaaaaaaea at 0xa0008278
[65360.507141] PUF Read:0xaaaaaaaa at 0xa000827c
[65360.507202] PUF Read:0xeaaaaaaa at 0xa0008280
[65360.507202] PUF Read:0xa2aaaaaa at 0xa0008284
[65360.507263] PUF Read:0xaaeaaaaa at 0xa0008288
[65360.507293] PUF Read:0xaaaaaaaa at 0xa000828c
[65360.507293] PUF Read:0xaaaaaaa8 at 0xa0008290
[65360.507293] PUF Read:0xa8aaaaaa at 0xa0008294
[65360.507354] PUF Read:0xaaaaaaaa at 0xa0008298
[65360.507354] PUF Read:0xaaaaaaaa at 0xa000829c
[65360.507415] PUF Read:0xaaaaaaaa at 0xa00082a0
[65360.507446] PUF Read:0xaaaabaaa at 0xa00082a4
[65360.507446] PUF Read:0xaaaaaaaa at 0xa00082a8
[65360.507446] PUF Read:0xaaaaaaaa at 0xa00082ac
[65360.507507] PUF Read:0xaaaaaaaa at 0xa00082b0
[65360.507507] PUF Read:0xaaaaaaaa at 0xa00082b4
[65360.507568] PUF Read:0xaaaaaaea at 0xa00082b8
[65360.507598] PUF Read:0xaaaaaaaa at 0xa00082bc
[65360.507598] PUF Read:0xaaaaaaaa at 0xa00082c0
[65360.507598] PUF Read:0xaaaaaaaa at 0xa00082c4
[65360.507598] PUF Read:0xbaaaaaaa at 0xa00082c8
[65360.507598] PUF Read:0xaaaaaaaa at 0xa00082cc
[65360.507598] PUF Read:0xaabaaaaa at 0xa00082d0
[65360.507751] PUF Read:0xaaaaaaaa at 0xa00082d4
[65360.507751] PUF Read:0xaaaaaaaa at 0xa00082d8
[65360.507751] PUF Read:0xaaaaeaaa at 0xa00082dc
[65360.507751] PUF Read:0xaaaaaaaa at 0xa00082e0
[65360.507751] PUF Read:0xaaaaaeaa at 0xa00082e4
[65360.507751] PUF Read:0xaaaaaaaa at 0xa00082e8
[65360.507904] PUF Read:0xaaaaaaab at 0xa00082ec
[65360.507934] PUF Read:0xaaaaaaaa at 0xa00082f0
[65360.507934] PUF Read:0xaaa8aaaa at 0xa00082f4
[65360.507934] PUF Read:0xaaaaaaaa at 0xa00082f8
[65360.507995] PUF Read:0xaaaaaaaa at 0xa00082fc
[65360.507995] PUF Read:0xaaaaaaaa at 0xa0008300
[65360.508056] PUF Read:0xaaaaaaaa at 0xa0008304
[65360.508087] PUF Read:0xaaaa8aaa at 0xa0008308
[65360.508087] PUF Read:0xaaaaaaaa at 0xa000830c
[65360.508087] PUF Read:0xaaaaaa8a at 0xa0008310
[65360.508148] PUF Read:0xaaaaaaaa at 0xa0008314
[65360.508148] PUF Read:0x2baaaaaa at 0xa0008318
[65360.508209] PUF Read:0xbaaaaaaa at 0xa000831c
[65360.508239] PUF Read:0xaaaaaaaa at 0xa0008320
[65360.508239] PUF Read:0xaaaaaaaa at 0xa0008324
[65360.508239] PUF Read:0xaaaaaaaa at 0xa0008328
[65360.508300] PUF Read:0xaaaaaaaa at 0xa000832c
[65360.508300] PUF Read:0xaaaaaaae at 0xa0008330
[65360.508300] PUF Read:0xaaaaaaaa at 0xa0008334
[65360.508392] PUF Read:0xaaaabaaa at 0xa0008338
[65360.508422] PUF Read:0xaaaaaaaa at 0xa000833c
[65360.508422] PUF Read:0xaaaaaaaa at 0xa0008340
[65360.508422] PUF Read:0xaaaaaa2b at 0xa0008344
[65360.508483] PUF Read:0xaaaaaaaa at 0xa0008348
[65360.508483] PUF Read:0xaaaaabaa at 0xa000834c
[65360.508544] PUF Read:0xaaaa8a8a at 0xa0008350
[65360.508575] PUF Read:0x8aaaaaaa at 0xa0008354
[65360.508575] PUF Read:0xaaaaaaaa at 0xa0008358
[65360.508636] PUF Read:0xaaaaaaaa at 0xa000835c
[65360.508636] PUF Read:0xaaabaaaa at 0xa0008360
[65360.508636] PUF Read:0xaaaaaa2a at 0xa0008364
[65360.508697] PUF Read:0xaaaaaaaa at 0xa0008368
[65360.508728] PUF Read:0xaaaaaeaa at 0xa000836c
[65360.508728] PUF Read:0xaaaaaaaa at 0xa0008370
[65360.508728] PUF Read:0xaaaaaaaa at 0xa0008374
[65360.508728] PUF Read:0xaaaa8aaa at 0xa0008378
[65360.508728] PUF Read:0xaaaaaaaa at 0xa000837c
[65360.508728] PUF Read:0xaaaaaaaa at 0xa0008380
[65360.508880] PUF Read:0xaaaaaaaa at 0xa0008384
[65360.508880] PUF Read:0xaaaaaaaa at 0xa0008388
[65360.508880] PUF Read:0xaaaaaaaa at 0xa000838c
[65360.508880] PUF Read:0xaaaaaaab at 0xa0008390
[65360.508880] PUF Read:0xaaaaabaa at 0xa0008394
[65360.508880] PUF Read:0xaaaaaaaa at 0xa0008398
[65360.509033] PUF Read:0xaaa2aaaa at 0xa000839c
[65360.509063] PUF Read:0xaaaaaaaa at 0xa00083a0
[65360.509063] PUF Read:0xaaaaaaaa at 0xa00083a4
[65360.509063] PUF Read:0xaaaaaaaa at 0xa00083a8
[65360.509124] PUF Read:0xaaaabaaa at 0xa00083ac
[65360.509124] PUF Read:0xaaaaaaa2 at 0xa00083b0
[65360.509185] PUF Read:0xaaaaaaaa at 0xa00083b4
[65360.509216] PUF Read:0xaaaaaaaa at 0xa00083b8
[65360.509216] PUF Read:0xaaaaaaaa at 0xa00083bc
[65360.509216] PUF Read:0xaaaaaaaa at 0xa00083c0
[65360.509277] PUF Read:0xaeaaaaaa at 0xa00083c4
[65360.509277] PUF Read:0xaaaaaaaa at 0xa00083c8
[65360.509338] PUF Read:0xaaa2aaaa at 0xa00083cc
[65360.509368] PUF Read:0xaaaaaaaa at 0xa00083d0
[65360.509368] PUF Read:0xaaabaaaa at 0xa00083d4
[65360.509368] PUF Read:0xaaaaaaaa at 0xa00083d8
[65360.509429] PUF Read:0xaaaaaaaa at 0xa00083dc
[65360.509429] PUF Read:0xaabeaaaa at 0xa00083e0
[65360.509490] PUF Read:0xba2aa8aa at 0xa00083e4
[65360.509521] PUF Read:0xaaaaaa2a at 0xa00083e8
[65360.509521] PUF Read:0xaaaaaaaa at 0xa00083ec
[65360.509521] PUF Read:0xaaaaaeaa at 0xa00083f0
[65360.509582] PUF Read:0xaaaaaaaa at 0xa00083f4
[65360.509582] PUF Read:0xaaaaaaae at 0xa00083f8
[65360.509643] PUF Read:0x8aaeaaaa at 0xa00083fc
[65360.509674] [i] Finished PUF read-out
[65360.509674] <6>[i] Finished PUF query for decaytime: 15360
[65360.509674] End measurement:1
[65360.509704] [i] Start measurement: 2
[65360.509704] [i] Start decaytime: 60
[65360.509704] EMIF 2 REG Write 0x80000000 at 0x4d000010
[65360.509735] EMIF 2 REG Read 0x80000000 at 0x4d000010
[65360.509735] EMIF 2 REG Write 0x80000000 at 0x4d000014
[65360.509765] EMIF 2 REG Read 0x00000000 at 0x4d000014
[65360.509765] EMIF 2 REG Write 0x08016893 at 0x4d0000cc
[65360.509765] EMIF 2 REG Read 0x08016893 at 0x4d0000cc
[65360.509796] Temp polling alert disabled
[65360.509796] Refresh Disabled at EMIF2
[65360.509796] [i] Initialiting PUF & hammer rows
[65360.509826] [i] Single-Sided Rowhammer (SSRH)
[65360.516601] [i] Finished initialiting PUF & hammer rows
[65360.516601] [i]	Timer elapsed since its reset 0 sec
[65360.516632] [i] Decay: 60 sec
[65360.516632] [i]	Relative Decay: 0 msec
