[76178.941162] [i] Total hammer attempts per row: 3729174
[76178.941162] EMIF 2 REG Write 0x00000618 at 0x4d000010
[76178.941192] EMIF 2 REG Read 0x00000618 at 0x4d000010
[76178.941223] EMIF 2 REG Write 0x00000618 at 0x4d000014
[76178.941223] EMIF 2 REG Read 0x00000618 at 0x4d000014
[76178.941223] EMIF 2 REG Write 0x58016893 at 0x4d0000cc
[76178.941253] EMIF 2 REG Read 0x58016893 at 0x4d0000cc
[76178.941253] Temp polling alert enabled
[76178.941253] Refresh enabled at EMIF2
[76178.941284] [i] Starting PUF read-out
[76178.941284] [i] Single-Sided Rowhammer (SSRH)
[76178.941314] PUF Read:0xaaaa2aba at 0xa0008000
[76178.941314] PUF Read:0xaaaaaaaa at 0xa0008004
[76178.941314] PUF Read:0xaaaaaaaa at 0xa0008008
[76178.941314] PUF Read:0xa2aaaa2a at 0xa000800c
[76178.941406] PUF Read:0xaaaaaaaa at 0xa0008010
[76178.941406] PUF Read:0x8aaaabaa at 0xa0008014
[76178.941467] PUF Read:0xaaaa2aaa at 0xa0008018
[76178.941497] PUF Read:0xaaa2aaaa at 0xa000801c
[76178.941497] PUF Read:0xaaaaaaaa at 0xa0008020
[76178.941497] PUF Read:0xeaaaeaaa at 0xa0008024
[76178.941497] PUF Read:0xaaaaaaaa at 0xa0008028
[76178.941589] PUF Read:0xaaaaaaba at 0xa000802c
[76178.941589] PUF Read:0xeaaaaaa8 at 0xa0008030
[76178.941589] PUF Read:0xaeaaaaaa at 0xa0008034
[76178.941680] PUF Read:0xaaaaaaaa at 0xa0008038
[76178.941680] PUF Read:0xaaaaaaaa at 0xa000803c
[76178.941680] PUF Read:0xaaaaaaab at 0xa0008040
[76178.941680] PUF Read:0xaaaaeaaa at 0xa0008044
[76178.941772] PUF Read:0xaaaaaaaa at 0xa0008048
[76178.941772] PUF Read:0xaaaaaaa9 at 0xa000804c
[76178.941833] PUF Read:0xa2aaaaaa at 0xa0008050
[76178.941864] PUF Read:0xaaaaa8aa at 0xa0008054
[76178.941864] PUF Read:0xaaaaaa8a at 0xa0008058
[76178.941925] PUF Read:0xaaaaaaaa at 0xa000805c
[76178.941925] PUF Read:0xaaaaaaaa at 0xa0008060
[76178.941925] PUF Read:0xaaaa2aaa at 0xa0008064
[76178.941986] PUF Read:0xaaaaaaaa at 0xa0008068
[76178.942016] PUF Read:0xaaaaaaaa at 0xa000806c
[76178.942016] PUF Read:0xaaaaaaaa at 0xa0008070
[76178.942077] PUF Read:0xaaaaaaaa at 0xa0008074
[76178.942077] PUF Read:0xaaaaaaaa at 0xa0008078
[76178.942077] PUF Read:0xaaabaaaa at 0xa000807c
[76178.942077] PUF Read:0xaaabaaaa at 0xa0008080
[76178.942169] PUF Read:0xaaaaaaaa at 0xa0008084
[76178.942169] PUF Read:0xaaaaaaaa at 0xa0008088
[76178.942169] PUF Read:0xaaaaaaaa at 0xa000808c
[76178.942169] PUF Read:0xaaaa8aaa at 0xa0008090
[76178.942260] PUF Read:0xbaaaaaaa at 0xa0008094
[76178.942260] PUF Read:0x2aabaaab at 0xa0008098
[76178.942321] PUF Read:0xaaaaaaaa at 0xa000809c
[76178.942352] PUF Read:0x8aaaaa2a at 0xa00080a0
[76178.942352] PUF Read:0xaaabaaaa at 0xa00080a4
[76178.942352] PUF Read:0xaa8aaaab at 0xa00080a8
[76178.942413] PUF Read:0xaaaa8aeb at 0xa00080ac
[76178.942413] PUF Read:0xaaaaaaaa at 0xa00080b0
[76178.942474] PUF Read:0x2a2aaaaa at 0xa00080b4
[76178.942504] PUF Read:0xaaaaeaaa at 0xa00080b8
[76178.942504] PUF Read:0x8aaaaaaa at 0xa00080bc
[76178.942504] PUF Read:0xaaaaaeaa at 0xa00080c0
[76178.942565] PUF Read:0xaaaaaaaa at 0xa00080c4
[76178.942565] PUF Read:0xaaa2aaaa at 0xa00080c8
[76178.942626] PUF Read:0xabaaaaaa at 0xa00080cc
[76178.942657] PUF Read:0xeaaeeaaa at 0xa00080d0
[76178.942657] PUF Read:0xaaaa2aa8 at 0xa00080d4
[76178.942718] PUF Read:0xaaaa3aaa at 0xa00080d8
[76178.942718] PUF Read:0xaaaaaaaa at 0xa00080dc
[76178.942718] PUF Read:0xabaaaaaa at 0xa00080e0
[76178.942718] PUF Read:0xaaaaaaaa at 0xa00080e4
[76178.942810] PUF Read:0xaaaaaaaa at 0xa00080e8
[76178.942810] PUF Read:0xaaaaaaab at 0xa00080ec
[76178.942810] PUF Read:0x8aaaaaaa at 0xa00080f0
[76178.942810] PUF Read:0xaaaaaaaa at 0xa00080f4
[76178.942901] PUF Read:0xaaaaabaa at 0xa00080f8
[76178.942901] PUF Read:0xaa8aaaaa at 0xa00080fc
[76178.942962] PUF Read:0xaaaaaaaa at 0xa0008100
[76178.942993] PUF Read:0xaaaaaaaa at 0xa0008104
[76178.942993] PUF Read:0xaaa2aaaa at 0xa0008108
[76178.942993] PUF Read:0xaaaaaaaa at 0xa000810c
[76178.943054] PUF Read:0xaaaaaaaa at 0xa0008110
[76178.943084] PUF Read:0xa8ea2aaa at 0xa0008114
[76178.943084] PUF Read:0xaaaaaaaa at 0xa0008118
[76178.943145] PUF Read:0xa8aaaaaa at 0xa000811c
[76178.943176] PUF Read:0xaaaaaaaa at 0xa0008120
[76178.943176] PUF Read:0xaaaaaeaa at 0xa0008124
[76178.943176] PUF Read:0xaaaaaaea at 0xa0008128
[76178.943176] PUF Read:0xaaaaaaaa at 0xa000812c
[76178.943176] PUF Read:0xaaaaaaaa at 0xa0008130
[76178.943176] PUF Read:0xaaaaaa2a at 0xa0008134
[76178.943328] PUF Read:0xaa8baaaa at 0xa0008138
[76178.943328] PUF Read:0xaaaaaaaa at 0xa000813c
[76178.943328] PUF Read:0xaaaaaeaa at 0xa0008140
[76178.943328] PUF Read:0xaaaaaaaa at 0xa0008144
[76178.943420] PUF Read:0xaabaaeaa at 0xa0008148
[76178.943420] PUF Read:0xaaaaaaaa at 0xa000814c
[76178.943481] PUF Read:0xaaaaaaaa at 0xa0008150
[76178.943511] PUF Read:0xaaaaaaaa at 0xa0008154
[76178.943511] PUF Read:0xaaaaaaaa at 0xa0008158
[76178.943511] PUF Read:0xaabaaaea at 0xa000815c
[76178.943572] PUF Read:0xaaaabaaa at 0xa0008160
[76178.943572] PUF Read:0xaaaaaaaa at 0xa0008164
[76178.943634] PUF Read:0xaeaaaaaa at 0xa0008168
[76178.943664] PUF Read:0xaaeaaaaa at 0xa000816c
[76178.943664] PUF Read:0x2aaaaaaa at 0xa0008170
[76178.943725] PUF Read:0xaabaaaaa at 0xa0008174
[76178.943725] PUF Read:0xaaaaaaaa at 0xa0008178
[76178.943725] PUF Read:0xaaaaaaaa at 0xa000817c
[76178.943725] PUF Read:0xaaaa2a2a at 0xa0008180
[76178.943817] PUF Read:0xaaaaaaaa at 0xa0008184
[76178.943817] PUF Read:0xaa2eaaaa at 0xa0008188
[76178.943817] PUF Read:0xaaaaaaea at 0xa000818c
[76178.943817] PUF Read:0x2aaaaaaa at 0xa0008190
[76178.943817] PUF Read:0xeaaaaaaa at 0xa0008194
[76178.943817] PUF Read:0xaaaaaaaa at 0xa0008198
[76178.943969] PUF Read:0xaaaaaaaa at 0xa000819c
[76178.943969] PUF Read:0xaaaaaaaa at 0xa00081a0
[76178.943969] PUF Read:0xaaaaaaaa at 0xa00081a4
[76178.943969] PUF Read:0xaaa2aaaa at 0xa00081a8
[76178.944061] PUF Read:0xaaaaaaaa at 0xa00081ac
[76178.944061] PUF Read:0xaaebaaaa at 0xa00081b0
[76178.944122] PUF Read:0xaaaaaaaa at 0xa00081b4
[76178.944152] PUF Read:0xaaaaaaaa at 0xa00081b8
[76178.944152] PUF Read:0xa2baaaaa at 0xa00081bc
[76178.944152] PUF Read:0xaaa88aaa at 0xa00081c0
[76178.944213] PUF Read:0xaaaaaaae at 0xa00081c4
[76178.944213] PUF Read:0xaaaaaaaa at 0xa00081c8
[76178.944274] PUF Read:0xaa2baaaa at 0xa00081cc
[76178.944305] PUF Read:0xbaaaaaaa at 0xa00081d0
[76178.944305] PUF Read:0xaaaaaa2a at 0xa00081d4
[76178.944366] PUF Read:0xaaaaaaaa at 0xa00081d8
[76178.944366] PUF Read:0xaaaaaaaa at 0xa00081dc
[76178.944366] PUF Read:0xaaaaaaaa at 0xa00081e0
[76178.944366] PUF Read:0xaaaaaaea at 0xa00081e4
[76178.944458] PUF Read:0xaaaaaaaa at 0xa00081e8
[76178.944458] PUF Read:0xaa2aaaaa at 0xa00081ec
[76178.944458] PUF Read:0xaaaaaaab at 0xa00081f0
[76178.944458] PUF Read:0xaaaaaeaa at 0xa00081f4
[76178.944458] PUF Read:0xaaaaaaa2 at 0xa00081f8
[76178.944458] PUF Read:0xaaaaaaea at 0xa00081fc
[76178.944458] PUF Read:0xaaaaaaaa at 0xa0008200
[76178.944641] PUF Read:0xaaaaaaaa at 0xa0008204
[76178.944641] PUF Read:0xaaaaaaba at 0xa0008208
[76178.944641] PUF Read:0xa8aaaaaa at 0xa000820c
[76178.944641] PUF Read:0xaaaaa2a8 at 0xa0008210
[76178.944732] PUF Read:0xaaaaaaaa at 0xa0008214
[76178.944732] PUF Read:0xaaaaaeaa at 0xa0008218
[76178.944793] PUF Read:0xaaaaaaaa at 0xa000821c
[76178.944824] PUF Read:0xaaaaaaaa at 0xa0008220
[76178.944824] PUF Read:0xaabaaaaa at 0xa0008224
[76178.944824] PUF Read:0xaaaaaaaa at 0xa0008228
[76178.944885] PUF Read:0xaaaaaaaa at 0xa000822c
[76178.944885] PUF Read:0xaaaaafaa at 0xa0008230
[76178.944946] PUF Read:0x286aaaaa at 0xa0008234
[76178.944976] PUF Read:0xaaaaaaaa at 0xa0008238
[76178.944976] PUF Read:0xaaaaaaaa at 0xa000823c
[76178.944976] PUF Read:0xaaaaaaaa at 0xa0008240
[76178.944976] PUF Read:0xaaaaaaaa at 0xa0008244
[76178.944976] PUF Read:0xaaaaaaaa at 0xa0008248
[76178.944976] PUF Read:0xaaaaaaaa at 0xa000824c
[76178.945129] PUF Read:0xaaaaaaaa at 0xa0008250
[76178.945159] PUF Read:0xaabaaaaa at 0xa0008254
[76178.945159] PUF Read:0xaaaaaaaa at 0xa0008258
[76178.945159] PUF Read:0xaeaeaaaa at 0xa000825c
[76178.945220] PUF Read:0xaaaaaaaa at 0xa0008260
[76178.945220] PUF Read:0xaaaaaaaa at 0xa0008264
[76178.945281] PUF Read:0xaaaa8caa at 0xa0008268
[76178.945312] PUF Read:0xaaaaaaaa at 0xa000826c
[76178.945312] PUF Read:0xaaaaaaaa at 0xa0008270
[76178.945312] PUF Read:0xaaaaaaaa at 0xa0008274
[76178.945373] PUF Read:0xaaaaaaea at 0xa0008278
[76178.945373] PUF Read:0xaaaaaaaa at 0xa000827c
[76178.945434] PUF Read:0xeaaaaaaa at 0xa0008280
[76178.945465] PUF Read:0xa2aaaaaa at 0xa0008284
[76178.945465] PUF Read:0xaaeaaaaa at 0xa0008288
[76178.945526] PUF Read:0xaaaaaaaa at 0xa000828c
[76178.945526] PUF Read:0xaaaaaaa8 at 0xa0008290
[76178.945526] PUF Read:0xa8aaaaaa at 0xa0008294
[76178.945526] PUF Read:0xaaaaaaaa at 0xa0008298
[76178.945617] PUF Read:0xaaaaaaaa at 0xa000829c
[76178.945617] PUF Read:0xaaaaaaaa at 0xa00082a0
[76178.945617] PUF Read:0xaaaabaaa at 0xa00082a4
[76178.945617] PUF Read:0xaaaaaaaa at 0xa00082a8
[76178.945617] PUF Read:0xaaaaaaaa at 0xa00082ac
[76178.945617] PUF Read:0xaaaaaaaa at 0xa00082b0
[76178.945770] PUF Read:0xaaaaaaaa at 0xa00082b4
[76178.945800] PUF Read:0xaaa8aaea at 0xa00082b8
[76178.945800] PUF Read:0xaaaaaaaa at 0xa00082bc
[76178.945800] PUF Read:0xaaaaaaaa at 0xa00082c0
[76178.945861] PUF Read:0xaaaaaaaa at 0xa00082c4
[76178.945861] PUF Read:0xbaaaaaaa at 0xa00082c8
[76178.945922] PUF Read:0xaaaaaaaa at 0xa00082cc
[76178.945953] PUF Read:0xaabaaaaa at 0xa00082d0
[76178.945953] PUF Read:0xaaaaaaaa at 0xa00082d4
[76178.945953] PUF Read:0xaaaaaaaa at 0xa00082d8
[76178.946014] PUF Read:0xaaaaeaaa at 0xa00082dc
[76178.946014] PUF Read:0xaaaaaaaa at 0xa00082e0
[76178.946075] PUF Read:0xaaaaaeaa at 0xa00082e4
[76178.946105] PUF Read:0xaaaaabaa at 0xa00082e8
[76178.946105] PUF Read:0xaaaaaaab at 0xa00082ec
[76178.946105] PUF Read:0xaaaaaaab at 0xa00082f0
[76178.946105] PUF Read:0xaaaaaaaa at 0xa00082f4
[76178.946197] PUF Read:0xaaaaaaaa at 0xa00082f8
[76178.946197] PUF Read:0xaaaaaaaa at 0xa00082fc
[76178.946258] PUF Read:0xaaaaaaaa at 0xa0008300
[76178.946289] PUF Read:0xaaaaaaaa at 0xa0008304
[76178.946289] PUF Read:0xaaaa8aaa at 0xa0008308
[76178.946289] PUF Read:0xaaaaaaaa at 0xa000830c
[76178.946289] PUF Read:0xaaaaaa8a at 0xa0008310
[76178.946289] PUF Read:0xaaaaaaaa at 0xa0008314
[76178.946289] PUF Read:0x2bfaaaaa at 0xa0008318
[76178.946441] PUF Read:0xbaaaaaaa at 0xa000831c
[76178.946441] PUF Read:0xaaaaaaaa at 0xa0008320
[76178.946441] PUF Read:0xaaaaaaaa at 0xa0008324
[76178.946441] PUF Read:0xaaaaaaaa at 0xa0008328
[76178.946533] PUF Read:0xaaabaaaa at 0xa000832c
[76178.946533] PUF Read:0xaaaaaaae at 0xa0008330
[76178.946594] PUF Read:0xaaaaaaaa at 0xa0008334
[76178.946624] PUF Read:0xaaaabaaa at 0xa0008338
[76178.946624] PUF Read:0xaaaaaaaa at 0xa000833c
[76178.946624] PUF Read:0xbaaaabaa at 0xa0008340
[76178.946685] PUF Read:0xaaaaaa2b at 0xa0008344
[76178.946685] PUF Read:0xaaaaaaaa at 0xa0008348
[76178.946746] PUF Read:0xaaaaabaa at 0xa000834c
[76178.946777] PUF Read:0xaaaa8a8a at 0xa0008350
[76178.946777] PUF Read:0x8aaaaaaa at 0xa0008354
[76178.946838] PUF Read:0xaaaaaaaa at 0xa0008358
[76178.946838] PUF Read:0xaaaaaaaa at 0xa000835c
[76178.946838] PUF Read:0xaaabaaaa at 0xa0008360
[76178.946838] PUF Read:0xaaaaaa2a at 0xa0008364
[76178.946929] PUF Read:0xaaaaaaaa at 0xa0008368
[76178.946929] PUF Read:0xaaaaaeaa at 0xa000836c
[76178.946929] PUF Read:0xaaaaaaaa at 0xa0008370
[76178.946929] PUF Read:0xaaaaaaaa at 0xa0008374
[76178.947021] PUF Read:0xeaaa8aaa at 0xa0008378
[76178.947021] PUF Read:0xaaaaaaaa at 0xa000837c
[76178.947082] PUF Read:0xaaaaaaaa at 0xa0008380
[76178.947113] PUF Read:0xaaaaaaaa at 0xa0008384
[76178.947113] PUF Read:0xaaaaaaaa at 0xa0008388
[76178.947113] PUF Read:0xaaaaaaaa at 0xa000838c
[76178.947174] PUF Read:0xaaaaaaab at 0xa0008390
[76178.947174] PUF Read:0xaaaaabaa at 0xa0008394
[76178.947235] PUF Read:0xaaaaaaaa at 0xa0008398
[76178.947265] PUF Read:0xaaa2aaaa at 0xa000839c
[76178.947265] PUF Read:0xaaaaaaaa at 0xa00083a0
[76178.947265] PUF Read:0xaaaaaaaa at 0xa00083a4
[76178.947326] PUF Read:0xaaaaaaaa at 0xa00083a8
[76178.947326] PUF Read:0xaaaabaaa at 0xa00083ac
[76178.947387] PUF Read:0xaaaaaaa2 at 0xa00083b0
[76178.947418] PUF Read:0xaaaaaaaa at 0xa00083b4
[76178.947418] PUF Read:0xaaaaaaaa at 0xa00083b8
[76178.947479] PUF Read:0xaaaaaaaa at 0xa00083bc
[76178.947479] PUF Read:0xaaaaaaea at 0xa00083c0
[76178.947479] PUF Read:0xaeaaaaaa at 0xa00083c4
[76178.947540] PUF Read:0xaaaaaaaa at 0xa00083c8
[76178.947570] PUF Read:0xaaa2aaaa at 0xa00083cc
[76178.947570] PUF Read:0xaaaaaaaa at 0xa00083d0
[76178.947570] PUF Read:0xaaabaaaa at 0xa00083d4
[76178.947570] PUF Read:0xaa2aaaaa at 0xa00083d8
[76178.947570] PUF Read:0xaaaaaaaa at 0xa00083dc
[76178.947570] PUF Read:0xaabeaaaa at 0xa00083e0
[76178.947570] PUF Read:0xba2aa8aa at 0xa00083e4
[76178.947753] PUF Read:0xaaaaaa2a at 0xa00083e8
[76178.947784] PUF Read:0xaaaaaaaa at 0xa00083ec
[76178.947784] PUF Read:0xaaa8aeaa at 0xa00083f0
[76178.947784] PUF Read:0xaeaaaaaa at 0xa00083f4
[76178.947784] PUF Read:0xaaaaaaae at 0xa00083f8
[76178.947906] PUF Read:0x8aaeaaaa at 0xa00083fc
[76178.947937] [i] Finished PUF read-out
[76178.947937] <6>[i] Finished PUF query for decaytime: 15360
[76178.947967] End measurement:1
[76178.947967] [i] Start measurement: 2
[76178.947967] [i] Start decaytime: 60
[76178.947998] EMIF 2 REG Write 0x80000000 at 0x4d000010
[76178.947998] EMIF 2 REG Read 0x80000000 at 0x4d000010
[76178.948028] EMIF 2 REG Write 0x80000000 at 0x4d000014
[76178.948028] EMIF 2 REG Read 0x00000000 at 0x4d000014
[76178.948028] EMIF 2 REG Write 0x08016893 at 0x4d0000cc
[76178.948059] EMIF 2 REG Read 0x08016893 at 0x4d0000cc
[76178.948059] Temp polling alert disabled
[76178.948059] Refresh Disabled at EMIF2
[76178.948089] [i] Initialiting PUF & hammer rows
[76178.948089] [i] Single-Sided Rowhammer (SSRH)
[76178.948089] [i] Finished initialiting PUF & hammer rows
[76178.954772] [i]	Timer elapsed since its reset 0 sec
[76178.954772] [i] Decay: 60 sec
[76178.954772] [i]	Relative Decay: 0 msec
