[ 3569.963439] [i] Total hammer attempts per row: 1862855
[ 3569.963439] EMIF 2 REG Write 0x00000618 at 0x4d000010
[ 3569.963470] EMIF 2 REG Read 0x00000618 at 0x4d000010
[ 3569.963470] EMIF 2 REG Write 0x00000618 at 0x4d000014
[ 3569.963500] EMIF 2 REG Read 0x00000618 at 0x4d000014
[ 3569.963500] EMIF 2 REG Write 0x58016893 at 0x4d0000cc
[ 3569.963531] EMIF 2 REG Read 0x58016893 at 0x4d0000cc
[ 3569.963531] Temp polling alert enabled
[ 3569.963531] Refresh enabled at EMIF2
[ 3569.963531] [i] Starting PUF read-out
[ 3569.963562] [i] Single-Sided Rowhammer (SSRH)
[ 3569.963562] PUF Read:0x00000000 at 0xa0008000
[ 3569.963592] PUF Read:0x00000000 at 0xa0008004
[ 3569.963592] PUF Read:0x00000000 at 0xa0008008
[ 3569.963592] PUF Read:0x00000000 at 0xa000800c
[ 3569.963592] PUF Read:0x00000000 at 0xa0008010
[ 3569.963714] PUF Read:0x00000100 at 0xa0008014
[ 3569.963745] PUF Read:0x00000000 at 0xa0008018
[ 3569.963745] PUF Read:0x00000000 at 0xa000801c
[ 3569.963806] PUF Read:0x00000000 at 0xa0008020
[ 3569.963806] PUF Read:0x00000000 at 0xa0008024
[ 3569.963806] PUF Read:0x00000000 at 0xa0008028
[ 3569.963867] PUF Read:0x00000000 at 0xa000802c
[ 3569.963897] PUF Read:0x00000000 at 0xa0008030
[ 3569.963897] PUF Read:0x00000000 at 0xa0008034
[ 3569.963897] PUF Read:0x00000000 at 0xa0008038
[ 3569.963897] PUF Read:0x00000000 at 0xa000803c
[ 3569.963897] PUF Read:0x00000001 at 0xa0008040
[ 3569.963897] PUF Read:0x00004000 at 0xa0008044
[ 3569.964050] PUF Read:0x00000000 at 0xa0008048
[ 3569.964050] PUF Read:0x00000000 at 0xa000804c
[ 3569.964111] PUF Read:0x00000000 at 0xa0008050
[ 3569.964111] PUF Read:0x00000000 at 0xa0008054
[ 3569.964111] PUF Read:0x00000000 at 0xa0008058
[ 3569.964111] PUF Read:0x00000000 at 0xa000805c
[ 3569.964202] PUF Read:0x00000000 at 0xa0008060
[ 3569.964202] PUF Read:0x00000000 at 0xa0008064
[ 3569.964202] PUF Read:0x00000000 at 0xa0008068
[ 3569.964202] PUF Read:0x00000000 at 0xa000806c
[ 3569.964202] PUF Read:0x00000000 at 0xa0008070
[ 3569.964202] PUF Read:0x00000000 at 0xa0008074
[ 3569.964355] PUF Read:0x00000000 at 0xa0008078
[ 3569.964355] PUF Read:0x00000000 at 0xa000807c
[ 3569.964355] PUF Read:0x00000000 at 0xa0008080
[ 3569.964355] PUF Read:0x00000000 at 0xa0008084
[ 3569.964355] PUF Read:0x00000000 at 0xa0008088
[ 3569.964355] PUF Read:0x00000000 at 0xa000808c
[ 3569.964508] PUF Read:0x00000000 at 0xa0008090
[ 3569.964508] PUF Read:0x00000000 at 0xa0008094
[ 3569.964508] PUF Read:0x00010000 at 0xa0008098
[ 3569.964508] PUF Read:0x00000000 at 0xa000809c
[ 3569.964508] PUF Read:0x00000000 at 0xa00080a0
[ 3569.964630] PUF Read:0x00000000 at 0xa00080a4
[ 3569.964660] PUF Read:0x00000000 at 0xa00080a8
[ 3569.964660] PUF Read:0x00000040 at 0xa00080ac
[ 3569.964660] PUF Read:0x00000000 at 0xa00080b0
[ 3569.964660] PUF Read:0x00000000 at 0xa00080b4
[ 3569.964660] PUF Read:0x00000000 at 0xa00080b8
[ 3569.964660] PUF Read:0x00000000 at 0xa00080bc
[ 3569.964813] PUF Read:0x00000000 at 0xa00080c0
[ 3569.964813] PUF Read:0x00000000 at 0xa00080c4
[ 3569.964813] PUF Read:0x00000000 at 0xa00080c8
[ 3569.964874] PUF Read:0x00000000 at 0xa00080cc
[ 3569.964874] PUF Read:0x40000000 at 0xa00080d0
[ 3569.964935] PUF Read:0x00000000 at 0xa00080d4
[ 3569.964965] PUF Read:0x00000000 at 0xa00080d8
[ 3569.964965] PUF Read:0x00000000 at 0xa00080dc
[ 3569.965026] PUF Read:0x01000000 at 0xa00080e0
[ 3569.965026] PUF Read:0x00000000 at 0xa00080e4
[ 3569.965026] PUF Read:0x00000000 at 0xa00080e8
[ 3569.965087] PUF Read:0x00000001 at 0xa00080ec
[ 3569.965118] PUF Read:0x00000000 at 0xa00080f0
[ 3569.965118] PUF Read:0x00000000 at 0xa00080f4
[ 3569.965118] PUF Read:0x00000000 at 0xa00080f8
[ 3569.965118] PUF Read:0x00000000 at 0xa00080fc
[ 3569.965209] PUF Read:0x00000000 at 0xa0008100
[ 3569.965209] PUF Read:0x00000000 at 0xa0008104
[ 3569.965270] PUF Read:0x00000000 at 0xa0008108
[ 3569.965301] PUF Read:0x00000000 at 0xa000810c
[ 3569.965301] PUF Read:0x00000000 at 0xa0008110
[ 3569.965301] PUF Read:0x00000000 at 0xa0008114
[ 3569.965362] PUF Read:0x00000000 at 0xa0008118
[ 3569.965362] PUF Read:0x00000000 at 0xa000811c
[ 3569.965423] PUF Read:0x00000000 at 0xa0008120
[ 3569.965454] PUF Read:0x00000000 at 0xa0008124
[ 3569.965454] PUF Read:0x00000000 at 0xa0008128
[ 3569.965454] PUF Read:0x00000000 at 0xa000812c
[ 3569.965515] PUF Read:0x00000000 at 0xa0008130
[ 3569.965515] PUF Read:0x00000000 at 0xa0008134
[ 3569.965576] PUF Read:0x00000000 at 0xa0008138
[ 3569.965606] PUF Read:0x00000000 at 0xa000813c
[ 3569.965606] PUF Read:0x00000000 at 0xa0008140
[ 3569.965606] PUF Read:0x00000000 at 0xa0008144
[ 3569.965667] PUF Read:0x00100400 at 0xa0008148
[ 3569.965667] PUF Read:0x00000000 at 0xa000814c
[ 3569.965728] PUF Read:0x00000000 at 0xa0008150
[ 3569.965759] PUF Read:0x00000000 at 0xa0008154
[ 3569.965759] PUF Read:0x00000000 at 0xa0008158
[ 3569.965759] PUF Read:0x00000040 at 0xa000815c
[ 3569.965820] PUF Read:0x00000000 at 0xa0008160
[ 3569.965820] PUF Read:0x00000000 at 0xa0008164
[ 3569.965881] PUF Read:0x00000000 at 0xa0008168
[ 3569.965911] PUF Read:0x00400000 at 0xa000816c
[ 3569.965911] PUF Read:0x00000000 at 0xa0008170
[ 3569.965911] PUF Read:0x00000000 at 0xa0008174
[ 3569.965972] PUF Read:0x00000000 at 0xa0008178
[ 3569.965972] PUF Read:0x00000000 at 0xa000817c
[ 3569.966033] PUF Read:0x00000000 at 0xa0008180
[ 3569.966064] PUF Read:0x00000000 at 0xa0008184
[ 3569.966064] PUF Read:0x00000000 at 0xa0008188
[ 3569.966064] PUF Read:0x00000000 at 0xa000818c
[ 3569.966064] PUF Read:0x00000000 at 0xa0008190
[ 3569.966064] PUF Read:0x00000000 at 0xa0008194
[ 3569.966186] PUF Read:0x00000000 at 0xa0008198
[ 3569.966186] PUF Read:0x00000000 at 0xa000819c
[ 3569.966186] PUF Read:0x00000000 at 0xa00081a0
[ 3569.966186] PUF Read:0x00000000 at 0xa00081a4
[ 3569.966186] PUF Read:0x00000000 at 0xa00081a8
[ 3569.966308] PUF Read:0x00000000 at 0xa00081ac
[ 3569.966339] PUF Read:0x00400000 at 0xa00081b0
[ 3569.966339] PUF Read:0x00000000 at 0xa00081b4
[ 3569.966339] PUF Read:0x00000000 at 0xa00081b8
[ 3569.966339] PUF Read:0x00000000 at 0xa00081bc
[ 3569.966339] PUF Read:0x00000000 at 0xa00081c0
[ 3569.966461] PUF Read:0x00000004 at 0xa00081c4
[ 3569.966491] PUF Read:0x00000000 at 0xa00081c8
[ 3569.966491] PUF Read:0x00000000 at 0xa00081cc
[ 3569.966552] PUF Read:0x10000000 at 0xa00081d0
[ 3569.966552] PUF Read:0x00000000 at 0xa00081d4
[ 3569.966552] PUF Read:0x00000000 at 0xa00081d8
[ 3569.966613] PUF Read:0x00000000 at 0xa00081dc
[ 3569.966644] PUF Read:0x00000000 at 0xa00081e0
[ 3569.966644] PUF Read:0x00000040 at 0xa00081e4
[ 3569.966644] PUF Read:0x00000000 at 0xa00081e8
[ 3569.966644] PUF Read:0x00000000 at 0xa00081ec
[ 3569.966735] PUF Read:0x00000000 at 0xa00081f0
[ 3569.966735] PUF Read:0x00000400 at 0xa00081f4
[ 3569.966796] PUF Read:0x00000000 at 0xa00081f8
[ 3569.966827] PUF Read:0x00000000 at 0xa00081fc
[ 3569.966827] PUF Read:0x00000000 at 0xa0008200
[ 3569.966827] PUF Read:0x00000000 at 0xa0008204
[ 3569.966888] PUF Read:0x00000000 at 0xa0008208
[ 3569.966888] PUF Read:0x00000000 at 0xa000820c
[ 3569.966949] PUF Read:0x00000000 at 0xa0008210
[ 3569.966979] PUF Read:0x00000000 at 0xa0008214
[ 3569.966979] PUF Read:0x00000000 at 0xa0008218
[ 3569.966979] PUF Read:0x00000000 at 0xa000821c
[ 3569.966979] PUF Read:0x00000000 at 0xa0008220
[ 3569.966979] PUF Read:0x00000000 at 0xa0008224
[ 3569.967102] PUF Read:0x00000000 at 0xa0008228
[ 3569.967102] PUF Read:0x00000000 at 0xa000822c
[ 3569.967102] PUF Read:0x00000000 at 0xa0008230
[ 3569.967102] PUF Read:0x00400000 at 0xa0008234
[ 3569.967102] PUF Read:0x00000000 at 0xa0008238
[ 3569.967102] PUF Read:0x00000000 at 0xa000823c
[ 3569.967254] PUF Read:0x00000000 at 0xa0008240
[ 3569.967254] PUF Read:0x00000000 at 0xa0008244
[ 3569.967315] PUF Read:0x00000000 at 0xa0008248
[ 3569.967315] PUF Read:0x00000000 at 0xa000824c
[ 3569.967315] PUF Read:0x00000000 at 0xa0008250
[ 3569.967376] PUF Read:0x00000000 at 0xa0008254
[ 3569.967407] PUF Read:0x00000000 at 0xa0008258
[ 3569.967407] PUF Read:0x00000000 at 0xa000825c
[ 3569.967407] PUF Read:0x00000000 at 0xa0008260
[ 3569.967468] PUF Read:0x00000000 at 0xa0008264
[ 3569.967468] PUF Read:0x00000000 at 0xa0008268
[ 3569.967529] PUF Read:0x00000000 at 0xa000826c
[ 3569.967559] PUF Read:0x00000000 at 0xa0008270
[ 3569.967559] PUF Read:0x00000000 at 0xa0008274
[ 3569.967559] PUF Read:0x00000000 at 0xa0008278
[ 3569.967620] PUF Read:0x00000000 at 0xa000827c
[ 3569.967620] PUF Read:0x00000000 at 0xa0008280
[ 3569.967681] PUF Read:0x00000000 at 0xa0008284
[ 3569.967712] PUF Read:0x00000000 at 0xa0008288
[ 3569.967712] PUF Read:0x00000000 at 0xa000828c
[ 3569.967712] PUF Read:0x00000000 at 0xa0008290
[ 3569.967773] PUF Read:0x00000000 at 0xa0008294
[ 3569.967773] PUF Read:0x00000000 at 0xa0008298
[ 3569.967834] PUF Read:0x00000000 at 0xa000829c
[ 3569.967834] PUF Read:0x00000000 at 0xa00082a0
[ 3569.967834] PUF Read:0x00000000 at 0xa00082a4
[ 3569.967834] PUF Read:0x00000000 at 0xa00082a8
[ 3569.967834] PUF Read:0x00000000 at 0xa00082ac
[ 3569.967834] PUF Read:0x00000000 at 0xa00082b0
[ 3569.967987] PUF Read:0x00000000 at 0xa00082b4
[ 3569.967987] PUF Read:0x00000040 at 0xa00082b8
[ 3569.967987] PUF Read:0x00000000 at 0xa00082bc
[ 3569.967987] PUF Read:0x00000000 at 0xa00082c0
[ 3569.967987] PUF Read:0x00000000 at 0xa00082c4
[ 3569.967987] PUF Read:0x10000000 at 0xa00082c8
[ 3569.968139] PUF Read:0x00000000 at 0xa00082cc
[ 3569.968139] PUF Read:0x00000000 at 0xa00082d0
[ 3569.968200] PUF Read:0x00000000 at 0xa00082d4
[ 3569.968200] PUF Read:0x00000000 at 0xa00082d8
[ 3569.968231] PUF Read:0x00000000 at 0xa00082dc
[ 3569.968231] PUF Read:0x00000000 at 0xa00082e0
[ 3569.968292] PUF Read:0x00000400 at 0xa00082e4
[ 3569.968322] PUF Read:0x00000000 at 0xa00082e8
[ 3569.968322] PUF Read:0x00000000 at 0xa00082ec
[ 3569.968322] PUF Read:0x00000000 at 0xa00082f0
[ 3569.968383] PUF Read:0x00000000 at 0xa00082f4
[ 3569.968383] PUF Read:0x00000000 at 0xa00082f8
[ 3569.968444] PUF Read:0x00000000 at 0xa00082fc
[ 3569.968475] PUF Read:0x00000000 at 0xa0008300
[ 3569.968475] PUF Read:0x00000000 at 0xa0008304
[ 3569.968475] PUF Read:0x00000000 at 0xa0008308
[ 3569.968536] PUF Read:0x00000000 at 0xa000830c
[ 3569.968536] PUF Read:0x00000000 at 0xa0008310
[ 3569.968597] PUF Read:0x00000000 at 0xa0008314
[ 3569.968627] PUF Read:0x00000000 at 0xa0008318
[ 3569.968627] PUF Read:0x10000000 at 0xa000831c
[ 3569.968627] PUF Read:0x00000000 at 0xa0008320
[ 3569.968688] PUF Read:0x00000000 at 0xa0008324
[ 3569.968688] PUF Read:0x00000000 at 0xa0008328
[ 3569.968750] PUF Read:0x00000000 at 0xa000832c
[ 3569.968780] PUF Read:0x00000004 at 0xa0008330
[ 3569.968780] PUF Read:0x00000000 at 0xa0008334
[ 3569.968780] PUF Read:0x00000000 at 0xa0008338
[ 3569.968780] PUF Read:0x00000000 at 0xa000833c
[ 3569.968780] PUF Read:0x00000000 at 0xa0008340
[ 3569.968902] PUF Read:0x00000000 at 0xa0008344
[ 3569.968933] PUF Read:0x00000000 at 0xa0008348
[ 3569.968933] PUF Read:0x00000000 at 0xa000834c
[ 3569.968933] PUF Read:0x00000000 at 0xa0008350
[ 3569.968994] PUF Read:0x00000000 at 0xa0008354
[ 3569.968994] PUF Read:0x00000000 at 0xa0008358
[ 3569.969055] PUF Read:0x00000000 at 0xa000835c
[ 3569.969055] PUF Read:0x00010000 at 0xa0008360
[ 3569.969055] PUF Read:0x00000000 at 0xa0008364
[ 3569.969055] PUF Read:0x00000000 at 0xa0008368
[ 3569.969146] PUF Read:0x00000000 at 0xa000836c
[ 3569.969146] PUF Read:0x00000000 at 0xa0008370
[ 3569.969207] PUF Read:0x00000000 at 0xa0008374
[ 3569.969207] PUF Read:0x00000000 at 0xa0008378
[ 3569.969207] PUF Read:0x00000000 at 0xa000837c
[ 3569.969207] PUF Read:0x00000000 at 0xa0008380
[ 3569.969207] PUF Read:0x00000000 at 0xa0008384
[ 3569.969207] PUF Read:0x00000000 at 0xa0008388
[ 3569.969360] PUF Read:0x00000000 at 0xa000838c
[ 3569.969360] PUF Read:0x00000000 at 0xa0008390
[ 3569.969360] PUF Read:0x00000000 at 0xa0008394
[ 3569.969360] PUF Read:0x00000000 at 0xa0008398
[ 3569.969360] PUF Read:0x00000000 at 0xa000839c
[ 3569.969360] PUF Read:0x00000000 at 0xa00083a0
[ 3569.969512] PUF Read:0x00000000 at 0xa00083a4
[ 3569.969512] PUF Read:0x00000000 at 0xa00083a8
[ 3569.969512] PUF Read:0x00000000 at 0xa00083ac
[ 3569.969512] PUF Read:0x00000000 at 0xa00083b0
[ 3569.969512] PUF Read:0x00000000 at 0xa00083b4
[ 3569.969635] PUF Read:0x00000000 at 0xa00083b8
[ 3569.969665] PUF Read:0x00000000 at 0xa00083bc
[ 3569.969665] PUF Read:0x00000000 at 0xa00083c0
[ 3569.969665] PUF Read:0x00000000 at 0xa00083c4
[ 3569.969726] PUF Read:0x00000000 at 0xa00083c8
[ 3569.969757] PUF Read:0x00000000 at 0xa00083cc
[ 3569.969757] PUF Read:0x00000000 at 0xa00083d0
[ 3569.969818] PUF Read:0x00010000 at 0xa00083d4
[ 3569.969848] PUF Read:0x00000000 at 0xa00083d8
[ 3569.969848] PUF Read:0x00000000 at 0xa00083dc
[ 3569.969848] PUF Read:0x00000000 at 0xa00083e0
[ 3569.969909] PUF Read:0x00000000 at 0xa00083e4
[ 3569.969909] PUF Read:0x00000000 at 0xa00083e8
[ 3569.969970] PUF Read:0x00000000 at 0xa00083ec
[ 3569.970001] PUF Read:0x00000000 at 0xa00083f0
[ 3569.970001] PUF Read:0x00000000 at 0xa00083f4
[ 3569.970001] PUF Read:0x00000004 at 0xa00083f8
[ 3569.970062] PUF Read:0x00040000 at 0xa00083fc
[ 3569.970092] [i] Finished PUF read-out
[ 3569.970092] <6>[i] Finished PUF query for decaytime: 7680
[ 3569.970123] [i] Start decaytime: 120
[ 3569.970123] EMIF 2 REG Write 0x80000000 at 0x4d000010
[ 3569.970123] EMIF 2 REG Read 0x80000000 at 0x4d000010
[ 3569.970153] EMIF 2 REG Write 0x80000000 at 0x4d000014
[ 3569.970153] EMIF 2 REG Read 0x00000000 at 0x4d000014
[ 3569.970184] EMIF 2 REG Write 0x08016893 at 0x4d0000cc
[ 3569.970184] EMIF 2 REG Read 0x08016893 at 0x4d0000cc
[ 3569.970214] Temp polling alert disabled
[ 3569.970214] Refresh Disabled at EMIF2
[ 3569.970214] [i] Initialiting PUF & hammer rows
[ 3569.970214] [i] Single-Sided Rowhammer (SSRH)
[ 3569.976989] [i] Finished initialiting PUF & hammer rows
[ 3569.976989] [i]	Timer elapsed since its reset 0 sec
[ 3569.976989] [i] Decay: 120 sec
[ 3569.977020] [i]	Relative Decay: 0 msec
