[57662.371246] [i] Total hammer attempts per row: 1864390
[57662.371246] EMIF 2 REG Write 0x00000618 at 0x4d000010
[57662.371246] EMIF 2 REG Read 0x00000618 at 0x4d000010
[57662.372314] EMIF 2 REG Write 0x00000618 at 0x4d000014
[57662.372314] EMIF 2 REG Read 0x00000618 at 0x4d000014
[57662.372344] EMIF 2 REG Write 0x58016893 at 0x4d0000cc
[57662.372344] EMIF 2 REG Read 0x58016893 at 0x4d0000cc
[57662.372375] Temp polling alert enabled
[57662.372375] Refresh enabled at EMIF2
[57662.372375] [i] Starting PUF read-out
[57662.372406] [i] Single-Sided Rowhammer (SSRH)
[57662.372406] PUF Read:0xaaaaaaaa at 0xa0008000
[57662.372406] PUF Read:0xaaaaaaaa at 0xa0008004
[57662.372406] PUF Read:0xaaaaaaaa at 0xa0008008
[57662.372497] PUF Read:0xaaaaaaaa at 0xa000800c
[57662.372497] PUF Read:0xaaaaaaaa at 0xa0008010
[57662.372497] PUF Read:0xaaaaabaa at 0xa0008014
[57662.372497] PUF Read:0xaaaaaaaa at 0xa0008018
[57662.372589] PUF Read:0xaaaaaaaa at 0xa000801c
[57662.372589] PUF Read:0xaaaaaaaa at 0xa0008020
[57662.372650] PUF Read:0xaaaaaaaa at 0xa0008024
[57662.372680] PUF Read:0xaaaaaaaa at 0xa0008028
[57662.372680] PUF Read:0xaaaaaaaa at 0xa000802c
[57662.372680] PUF Read:0xaaaaaaaa at 0xa0008030
[57662.372680] PUF Read:0xaaaaaaaa at 0xa0008034
[57662.372680] PUF Read:0xaaaaaaaa at 0xa0008038
[57662.372680] PUF Read:0xaaaaaaaa at 0xa000803c
[57662.372833] PUF Read:0xaaaaaaab at 0xa0008040
[57662.372863] PUF Read:0xaaaaeaaa at 0xa0008044
[57662.372863] PUF Read:0xaaaaaaaa at 0xa0008048
[57662.372863] PUF Read:0xaaaaaaaa at 0xa000804c
[57662.372924] PUF Read:0xaaaaaaaa at 0xa0008050
[57662.372924] PUF Read:0xaaaaaaaa at 0xa0008054
[57662.372985] PUF Read:0xaaaaaaaa at 0xa0008058
[57662.373016] PUF Read:0xaaaaaaaa at 0xa000805c
[57662.373016] PUF Read:0xaaaaaaaa at 0xa0008060
[57662.373016] PUF Read:0xaaaaaaaa at 0xa0008064
[57662.373077] PUF Read:0xaaaaaaaa at 0xa0008068
[57662.373077] PUF Read:0xaaaaaaaa at 0xa000806c
[57662.373138] PUF Read:0xaaaaaaaa at 0xa0008070
[57662.373168] PUF Read:0xaaaaaaaa at 0xa0008074
[57662.373168] PUF Read:0xaaaaaaaa at 0xa0008078
[57662.373168] PUF Read:0xaaaaaaaa at 0xa000807c
[57662.373229] PUF Read:0xaaaaaaaa at 0xa0008080
[57662.373229] PUF Read:0xaaaaaaaa at 0xa0008084
[57662.373291] PUF Read:0xaaaaaaaa at 0xa0008088
[57662.373321] PUF Read:0xaaaaaaaa at 0xa000808c
[57662.373321] PUF Read:0xaaaa8aaa at 0xa0008090
[57662.373321] PUF Read:0xaaaaaaaa at 0xa0008094
[57662.373321] PUF Read:0xaaabaaaa at 0xa0008098
[57662.373321] PUF Read:0xaaaaaaaa at 0xa000809c
[57662.373321] PUF Read:0xaaaaaaaa at 0xa00080a0
[57662.373474] PUF Read:0xaaaaaaaa at 0xa00080a4
[57662.373474] PUF Read:0xaaaaaaaa at 0xa00080a8
[57662.373474] PUF Read:0xaaaaaaaa at 0xa00080ac
[57662.373474] PUF Read:0xaaaaaaaa at 0xa00080b0
[57662.373474] PUF Read:0xaa2aaaaa at 0xa00080b4
[57662.373474] PUF Read:0xaaaaaaaa at 0xa00080b8
[57662.373626] PUF Read:0x8aaaaaaa at 0xa00080bc
[57662.373626] PUF Read:0xaaaaaaaa at 0xa00080c0
[57662.373626] PUF Read:0xaaaaaaaa at 0xa00080c4
[57662.373626] PUF Read:0xaaa2aaaa at 0xa00080c8
[57662.373626] PUF Read:0xaaaaaaaa at 0xa00080cc
[57662.373626] PUF Read:0xaaaaaaaa at 0xa00080d0
[57662.373779] PUF Read:0xaaaaaaaa at 0xa00080d4
[57662.373779] PUF Read:0xaaaaaaaa at 0xa00080d8
[57662.373779] PUF Read:0xaaaaaaaa at 0xa00080dc
[57662.373779] PUF Read:0xaaaaaaaa at 0xa00080e0
[57662.373870] PUF Read:0xaaaaaaaa at 0xa00080e4
[57662.373870] PUF Read:0xaaaaaaaa at 0xa00080e8
[57662.373931] PUF Read:0xaaaaaaab at 0xa00080ec
[57662.373962] PUF Read:0x8aaaaaaa at 0xa00080f0
[57662.373962] PUF Read:0xaaaaaaaa at 0xa00080f4
[57662.373962] PUF Read:0xaaaaaaaa at 0xa00080f8
[57662.374023] PUF Read:0xaaaaaaaa at 0xa00080fc
[57662.374023] PUF Read:0xaaaaaaaa at 0xa0008100
[57662.374023] PUF Read:0xaaaaaaaa at 0xa0008104
[57662.374114] PUF Read:0xaaaaaaaa at 0xa0008108
[57662.374145] PUF Read:0xaaaaaaaa at 0xa000810c
[57662.374145] PUF Read:0xaaaaaaaa at 0xa0008110
[57662.374145] PUF Read:0xaaaaaaaa at 0xa0008114
[57662.374206] PUF Read:0xaaaaaaaa at 0xa0008118
[57662.374206] PUF Read:0xaaaaaaaa at 0xa000811c
[57662.374267] PUF Read:0xaaaaaaaa at 0xa0008120
[57662.374298] PUF Read:0xaaaaaaaa at 0xa0008124
[57662.374298] PUF Read:0xaaaaaaaa at 0xa0008128
[57662.374298] PUF Read:0xaaaaaaaa at 0xa000812c
[57662.374359] PUF Read:0xaaaaaaaa at 0xa0008130
[57662.374359] PUF Read:0xaaaaaaaa at 0xa0008134
[57662.374420] PUF Read:0xaa8aaaaa at 0xa0008138
[57662.374450] PUF Read:0xaaaaaaaa at 0xa000813c
[57662.374450] PUF Read:0xaaaaaaaa at 0xa0008140
[57662.374450] PUF Read:0xaaaaaaaa at 0xa0008144
[57662.374511] PUF Read:0xaabaaeaa at 0xa0008148
[57662.374511] PUF Read:0xaaaaaaaa at 0xa000814c
[57662.374511] PUF Read:0xaaaaaaaa at 0xa0008150
[57662.374603] PUF Read:0xaaaaaaaa at 0xa0008154
[57662.374603] PUF Read:0xaaaaaaaa at 0xa0008158
[57662.374603] PUF Read:0xaaaaaaea at 0xa000815c
[57662.374603] PUF Read:0xaaaaaaaa at 0xa0008160
[57662.374603] PUF Read:0xaaaaaaaa at 0xa0008164
[57662.374603] PUF Read:0xaaaaaaaa at 0xa0008168
[57662.374755] PUF Read:0xaaaaaaaa at 0xa000816c
[57662.374755] PUF Read:0xaaaaaaaa at 0xa0008170
[57662.374755] PUF Read:0xaaaaaaaa at 0xa0008174
[57662.374755] PUF Read:0xaaaaaaaa at 0xa0008178
[57662.374847] PUF Read:0xaaaaaaaa at 0xa000817c
[57662.374847] PUF Read:0xaaaaaa2a at 0xa0008180
[57662.374908] PUF Read:0xaaaaaaaa at 0xa0008184
[57662.374938] PUF Read:0xaaaaaaaa at 0xa0008188
[57662.374938] PUF Read:0xaaaaaaaa at 0xa000818c
[57662.374938] PUF Read:0xaaaaaaaa at 0xa0008190
[57662.375000] PUF Read:0xaaaaaaaa at 0xa0008194
[57662.375000] PUF Read:0xaaaaaaaa at 0xa0008198
[57662.375061] PUF Read:0xaaaaaaaa at 0xa000819c
[57662.375091] PUF Read:0xaaaaaaaa at 0xa00081a0
[57662.375091] PUF Read:0xaaaaaaaa at 0xa00081a4
[57662.375091] PUF Read:0xaaaaaaaa at 0xa00081a8
[57662.375152] PUF Read:0xaaaaaaaa at 0xa00081ac
[57662.375152] PUF Read:0xaaeaaaaa at 0xa00081b0
[57662.375213] PUF Read:0xaaaaaaaa at 0xa00081b4
[57662.375244] PUF Read:0xaaaaaaaa at 0xa00081b8
[57662.375244] PUF Read:0xaaaaaaaa at 0xa00081bc
[57662.375244] PUF Read:0xaaaaaaaa at 0xa00081c0
[57662.375244] PUF Read:0xaaaaaaae at 0xa00081c4
[57662.375244] PUF Read:0xaaaaaaaa at 0xa00081c8
[57662.375244] PUF Read:0xaaaaaaaa at 0xa00081cc
[57662.375396] PUF Read:0xaaaaaaaa at 0xa00081d0
[57662.375396] PUF Read:0xaaaaaaaa at 0xa00081d4
[57662.375396] PUF Read:0xaaaaaaaa at 0xa00081d8
[57662.375396] PUF Read:0xaaaaaaaa at 0xa00081dc
[57662.375396] PUF Read:0xaaaaaaaa at 0xa00081e0
[57662.375396] PUF Read:0xaaaaaaaa at 0xa00081e4
[57662.375549] PUF Read:0xaaaaaaaa at 0xa00081e8
[57662.375579] PUF Read:0xaa2aaaaa at 0xa00081ec
[57662.375579] PUF Read:0xaaaaaaaa at 0xa00081f0
[57662.375579] PUF Read:0xaaaaaaaa at 0xa00081f4
[57662.375640] PUF Read:0xaaaaaaa2 at 0xa00081f8
[57662.375640] PUF Read:0xaaaaaaaa at 0xa00081fc
[57662.375701] PUF Read:0xaaaaaaaa at 0xa0008200
[57662.375732] PUF Read:0xaaaaaaaa at 0xa0008204
[57662.375732] PUF Read:0xaaaaaaaa at 0xa0008208
[57662.375732] PUF Read:0xa8aaaaaa at 0xa000820c
[57662.375793] PUF Read:0xaaaaaaaa at 0xa0008210
[57662.375793] PUF Read:0xaaaaaaaa at 0xa0008214
[57662.375793] PUF Read:0xaaaaaaaa at 0xa0008218
[57662.375885] PUF Read:0xaaaaaaaa at 0xa000821c
[57662.375885] PUF Read:0xaaaaaaaa at 0xa0008220
[57662.375885] PUF Read:0xaaaaaaaa at 0xa0008224
[57662.375885] PUF Read:0xaaaaaaaa at 0xa0008228
[57662.375885] PUF Read:0xaaaaaaaa at 0xa000822c
[57662.375885] PUF Read:0xaaaaaaaa at 0xa0008230
[57662.376037] PUF Read:0xaaaaaaaa at 0xa0008234
[57662.376068] PUF Read:0xaaaaaaaa at 0xa0008238
[57662.376068] PUF Read:0xaaaaaaaa at 0xa000823c
[57662.376068] PUF Read:0xaaaaaaaa at 0xa0008240
[57662.376129] PUF Read:0xaaaaaaaa at 0xa0008244
[57662.376129] PUF Read:0xaaaaaaaa at 0xa0008248
[57662.376190] PUF Read:0xaaaaaaaa at 0xa000824c
[57662.376220] PUF Read:0xaaaaaaaa at 0xa0008250
[57662.376220] PUF Read:0xaaaaaaaa at 0xa0008254
[57662.376220] PUF Read:0xaaaaaaaa at 0xa0008258
[57662.376281] PUF Read:0xaaaaaaaa at 0xa000825c
[57662.376281] PUF Read:0xaaaaaaaa at 0xa0008260
[57662.376342] PUF Read:0xaaaaaaaa at 0xa0008264
[57662.376373] PUF Read:0xaaaaaaaa at 0xa0008268
[57662.376373] PUF Read:0xaaaaaaaa at 0xa000826c
[57662.376373] PUF Read:0xaaaaaaaa at 0xa0008270
[57662.376434] PUF Read:0xaaaaaaaa at 0xa0008274
[57662.376434] PUF Read:0xaaaaaaaa at 0xa0008278
[57662.376495] PUF Read:0xaaaaaaaa at 0xa000827c
[57662.376525] PUF Read:0xaaaaaaaa at 0xa0008280
[57662.376525] PUF Read:0xaaaaaaaa at 0xa0008284
[57662.376525] PUF Read:0xaaaaaaaa at 0xa0008288
[57662.376525] PUF Read:0xaaaaaaaa at 0xa000828c
[57662.376525] PUF Read:0xaaaaaaaa at 0xa0008290
[57662.376525] PUF Read:0xaaaaaaaa at 0xa0008294
[57662.376678] PUF Read:0xaaaaaaaa at 0xa0008298
[57662.376678] PUF Read:0xaaaaaaaa at 0xa000829c
[57662.376678] PUF Read:0xaaaaaaaa at 0xa00082a0
[57662.376678] PUF Read:0xaaaaaaaa at 0xa00082a4
[57662.376770] PUF Read:0xaaaaaaaa at 0xa00082a8
[57662.376770] PUF Read:0xaaaaaaaa at 0xa00082ac
[57662.376831] PUF Read:0xaaaaaaaa at 0xa00082b0
[57662.376861] PUF Read:0xaaaaaaaa at 0xa00082b4
[57662.376861] PUF Read:0xaaaaaaea at 0xa00082b8
[57662.376861] PUF Read:0xaaaaaaaa at 0xa00082bc
[57662.376922] PUF Read:0xaaaaaaaa at 0xa00082c0
[57662.376922] PUF Read:0xaaaaaaaa at 0xa00082c4
[57662.376983] PUF Read:0xaaaaaaaa at 0xa00082c8
[57662.377014] PUF Read:0xaaaaaaaa at 0xa00082cc
[57662.377014] PUF Read:0xaaaaaaaa at 0xa00082d0
[57662.377014] PUF Read:0xaaaaaaaa at 0xa00082d4
[57662.377075] PUF Read:0xaaaaaaaa at 0xa00082d8
[57662.377075] PUF Read:0xaaaaaaaa at 0xa00082dc
[57662.377075] PUF Read:0xaaaaaaaa at 0xa00082e0
[57662.377166] PUF Read:0xaaaaaaaa at 0xa00082e4
[57662.377166] PUF Read:0xaaaaaaaa at 0xa00082e8
[57662.377166] PUF Read:0xaaaaaaaa at 0xa00082ec
[57662.377166] PUF Read:0xaaaaaaaa at 0xa00082f0
[57662.377166] PUF Read:0xaaaaaaaa at 0xa00082f4
[57662.377166] PUF Read:0xaaaaaaaa at 0xa00082f8
[57662.377319] PUF Read:0xaaaaaaaa at 0xa00082fc
[57662.377319] PUF Read:0xaaaaaaaa at 0xa0008300
[57662.377319] PUF Read:0xaaaaaaaa at 0xa0008304
[57662.377319] PUF Read:0xaaaaaaaa at 0xa0008308
[57662.377410] PUF Read:0xaaaaaaaa at 0xa000830c
[57662.377471] PUF Read:0xaaaaaaaa at 0xa0008310
[57662.377471] PUF Read:0xaaaaaaaa at 0xa0008314
[57662.377471] PUF Read:0xaaaaaaaa at 0xa0008318
[57662.377563] PUF Read:0xbaaaaaaa at 0xa000831c
[57662.377593] PUF Read:0xaaaaaaaa at 0xa0008320
[57662.377593] PUF Read:0xaaaaaaaa at 0xa0008324
[57662.377593] PUF Read:0xaaaaaaaa at 0xa0008328
[57662.377655] PUF Read:0xaaaaaaaa at 0xa000832c
[57662.377655] PUF Read:0xaaaaaaae at 0xa0008330
[57662.377716] PUF Read:0xaaaaaaaa at 0xa0008334
[57662.377746] PUF Read:0xaaaaaaaa at 0xa0008338
[57662.377746] PUF Read:0xaaaaaaaa at 0xa000833c
[57662.377746] PUF Read:0xaaaaaaaa at 0xa0008340
[57662.377807] PUF Read:0xaaaaaaaa at 0xa0008344
[57662.377807] PUF Read:0xaaaaaaaa at 0xa0008348
[57662.377868] PUF Read:0xaaaaaaaa at 0xa000834c
[57662.377899] PUF Read:0xaaaaaaaa at 0xa0008350
[57662.377899] PUF Read:0xaaaaaaaa at 0xa0008354
[57662.377899] PUF Read:0xaaaaaaaa at 0xa0008358
[57662.377960] PUF Read:0xaaaaaaaa at 0xa000835c
[57662.377960] PUF Read:0xaaabaaaa at 0xa0008360
[57662.378021] PUF Read:0xaaaaaaaa at 0xa0008364
[57662.378051] PUF Read:0xaaaaaaaa at 0xa0008368
[57662.378051] PUF Read:0xaaaaaaaa at 0xa000836c
[57662.378051] PUF Read:0xaaaaaaaa at 0xa0008370
[57662.378112] PUF Read:0xaaaaaaaa at 0xa0008374
[57662.378112] PUF Read:0xaaaaaaaa at 0xa0008378
[57662.378173] PUF Read:0xaaaaaaaa at 0xa000837c
[57662.378204] PUF Read:0xaaaaaaaa at 0xa0008380
[57662.378204] PUF Read:0xaaaaaaaa at 0xa0008384
[57662.378204] PUF Read:0xaaaaaaaa at 0xa0008388
[57662.378265] PUF Read:0xaaaaaaaa at 0xa000838c
[57662.378265] PUF Read:0xaaaaaaaa at 0xa0008390
[57662.378326] PUF Read:0xaaaaaaaa at 0xa0008394
[57662.378356] PUF Read:0xaaaaaaaa at 0xa0008398
[57662.378356] PUF Read:0xaaa2aaaa at 0xa000839c
[57662.378356] PUF Read:0xaaaaaaaa at 0xa00083a0
[57662.378417] PUF Read:0xaaaaaaaa at 0xa00083a4
[57662.378417] PUF Read:0xaaaaaaaa at 0xa00083a8
[57662.378479] PUF Read:0xaaaaaaaa at 0xa00083ac
[57662.378509] PUF Read:0xaaaaaaa2 at 0xa00083b0
[57662.378509] PUF Read:0xaaaaaaaa at 0xa00083b4
[57662.378509] PUF Read:0xaaaaaaaa at 0xa00083b8
[57662.378570] PUF Read:0xaaaaaaaa at 0xa00083bc
[57662.378570] PUF Read:0xaaaaaaaa at 0xa00083c0
[57662.378631] PUF Read:0xaaaaaaaa at 0xa00083c4
[57662.378662] PUF Read:0xaaaaaaaa at 0xa00083c8
[57662.378662] PUF Read:0xaaaaaaaa at 0xa00083cc
[57662.378723] PUF Read:0xaaaaaaaa at 0xa00083d0
[57662.378723] PUF Read:0xaaabaaaa at 0xa00083d4
[57662.378723] PUF Read:0xaaaaaaaa at 0xa00083d8
[57662.378723] PUF Read:0xaaaaaaaa at 0xa00083dc
[57662.378814] PUF Read:0xaaaaaaaa at 0xa00083e0
[57662.378814] PUF Read:0xaaaaaaaa at 0xa00083e4
[57662.378814] PUF Read:0xaaaaaaaa at 0xa00083e8
[57662.378814] PUF Read:0xaaaaaaaa at 0xa00083ec
[57662.378906] PUF Read:0xaaaaaaaa at 0xa00083f0
[57662.378906] PUF Read:0xaaaaaaaa at 0xa00083f4
[57662.378967] PUF Read:0xaaaaaaae at 0xa00083f8
[57662.378997] PUF Read:0xaaaeaaaa at 0xa00083fc
[57662.378997] [i] Finished PUF read-out
[57662.379028] <6>[i] Finished PUF query for decaytime: 7680
[57662.379028] [i] Start decaytime: 120
[57662.379058] EMIF 2 REG Write 0x80000000 at 0x4d000010
[57662.379058] EMIF 2 REG Read 0x80000000 at 0x4d000010
[57662.379058] EMIF 2 REG Write 0x80000000 at 0x4d000014
[57662.379089] EMIF 2 REG Read 0x00000000 at 0x4d000014
[57662.379089] EMIF 2 REG Write 0x08016893 at 0x4d0000cc
[57662.379119] EMIF 2 REG Read 0x08016893 at 0x4d0000cc
[57662.379119] Temp polling alert disabled
[57662.379119] Refresh Disabled at EMIF2
[57662.379150] [i] Initialiting PUF & hammer rows
[57662.379150] [i] Single-Sided Rowhammer (SSRH)
[57662.385833] [i] Finished initialiting PUF & hammer rows
[57662.385833] [i]	Timer elapsed since its reset 0 sec
[57662.385864] [i] Decay: 120 sec
[57662.385864] [i]	Relative Decay: 0 msec
