[14388.448486] [i] Total hammer attempts per row: 1863125
[14388.448486] EMIF 2 REG Write 0x00000618 at 0x4d000010
[14388.448516] EMIF 2 REG Read 0x00000618 at 0x4d000010
[14388.448516] EMIF 2 REG Write 0x00000618 at 0x4d000014
[14388.448547] EMIF 2 REG Read 0x00000618 at 0x4d000014
[14388.448547] EMIF 2 REG Write 0x58016893 at 0x4d0000cc
[14388.448577] EMIF 2 REG Read 0x58016893 at 0x4d0000cc
[14388.448577] Temp polling alert enabled
[14388.448577] Refresh enabled at EMIF2
[14388.448608] [i] Starting PUF read-out
[14388.448608] [i] Single-Sided Rowhammer (SSRH)
[14388.448638] PUF Read:0x00000000 at 0xa0008000
[14388.448638] PUF Read:0x00000000 at 0xa0008004
[14388.448638] PUF Read:0x00000000 at 0xa0008008
[14388.448699] PUF Read:0x00000000 at 0xa000800c
[14388.448699] PUF Read:0x00000000 at 0xa0008010
[14388.448699] PUF Read:0x00000100 at 0xa0008014
[14388.448791] PUF Read:0x00000000 at 0xa0008018
[14388.448791] PUF Read:0x00000000 at 0xa000801c
[14388.448791] PUF Read:0x00000000 at 0xa0008020
[14388.448791] PUF Read:0x40004000 at 0xa0008024
[14388.448883] PUF Read:0x00000000 at 0xa0008028
[14388.448883] PUF Read:0x00000000 at 0xa000802c
[14388.448944] PUF Read:0x00000000 at 0xa0008030
[14388.448974] PUF Read:0x00000000 at 0xa0008034
[14388.448974] PUF Read:0x00000000 at 0xa0008038
[14388.448974] PUF Read:0x00000000 at 0xa000803c
[14388.449035] PUF Read:0x00000001 at 0xa0008040
[14388.449035] PUF Read:0x00004000 at 0xa0008044
[14388.449096] PUF Read:0x00000000 at 0xa0008048
[14388.449127] PUF Read:0x00000000 at 0xa000804c
[14388.449127] PUF Read:0x00000000 at 0xa0008050
[14388.449188] PUF Read:0x00000000 at 0xa0008054
[14388.449188] PUF Read:0x00000000 at 0xa0008058
[14388.449188] PUF Read:0x00000000 at 0xa000805c
[14388.449249] PUF Read:0x00000000 at 0xa0008060
[14388.449279] PUF Read:0x00000000 at 0xa0008064
[14388.449279] PUF Read:0x00000000 at 0xa0008068
[14388.449340] PUF Read:0x00000000 at 0xa000806c
[14388.449340] PUF Read:0x00000000 at 0xa0008070
[14388.449340] PUF Read:0x00000000 at 0xa0008074
[14388.449401] PUF Read:0x00000000 at 0xa0008078
[14388.449432] PUF Read:0x00000000 at 0xa000807c
[14388.449462] PUF Read:0x00000000 at 0xa0008080
[14388.449462] PUF Read:0x00000000 at 0xa0008084
[14388.449462] PUF Read:0x00000000 at 0xa0008088
[14388.449462] PUF Read:0x00000000 at 0xa000808c
[14388.449462] PUF Read:0x00000000 at 0xa0008090
[14388.449462] PUF Read:0x00000000 at 0xa0008094
[14388.449615] PUF Read:0x00010000 at 0xa0008098
[14388.449615] PUF Read:0x00000000 at 0xa000809c
[14388.449615] PUF Read:0x00000000 at 0xa00080a0
[14388.449615] PUF Read:0x00000000 at 0xa00080a4
[14388.449615] PUF Read:0x00000000 at 0xa00080a8
[14388.449737] PUF Read:0x00000040 at 0xa00080ac
[14388.449768] PUF Read:0x00000000 at 0xa00080b0
[14388.449768] PUF Read:0x00000000 at 0xa00080b4
[14388.449829] PUF Read:0x00004000 at 0xa00080b8
[14388.449829] PUF Read:0x00000000 at 0xa00080bc
[14388.449829] PUF Read:0x00000000 at 0xa00080c0
[14388.449890] PUF Read:0x00000000 at 0xa00080c4
[14388.449920] PUF Read:0x00000000 at 0xa00080c8
[14388.449920] PUF Read:0x00000000 at 0xa00080cc
[14388.449920] PUF Read:0x40044000 at 0xa00080d0
[14388.449981] PUF Read:0x00000000 at 0xa00080d4
[14388.449981] PUF Read:0x00000000 at 0xa00080d8
[14388.450042] PUF Read:0x00000000 at 0xa00080dc
[14388.450073] PUF Read:0x01000000 at 0xa00080e0
[14388.450073] PUF Read:0x00000000 at 0xa00080e4
[14388.450073] PUF Read:0x00000000 at 0xa00080e8
[14388.450134] PUF Read:0x00000001 at 0xa00080ec
[14388.450134] PUF Read:0x00000000 at 0xa00080f0
[14388.450195] PUF Read:0x00000000 at 0xa00080f4
[14388.450225] PUF Read:0x00000100 at 0xa00080f8
[14388.450225] PUF Read:0x00000000 at 0xa00080fc
[14388.450286] PUF Read:0x00000000 at 0xa0008100
[14388.450286] PUF Read:0x00000000 at 0xa0008104
[14388.450286] PUF Read:0x00000000 at 0xa0008108
[14388.450347] PUF Read:0x00000000 at 0xa000810c
[14388.450378] PUF Read:0x00000000 at 0xa0008110
[14388.450378] PUF Read:0x00000000 at 0xa0008114
[14388.450378] PUF Read:0x00000000 at 0xa0008118
[14388.450439] PUF Read:0x00000000 at 0xa000811c
[14388.450439] PUF Read:0x00000000 at 0xa0008120
[14388.450500] PUF Read:0x00000400 at 0xa0008124
[14388.450531] PUF Read:0x00000040 at 0xa0008128
[14388.450531] PUF Read:0x00000000 at 0xa000812c
[14388.450531] PUF Read:0x00000000 at 0xa0008130
[14388.450592] PUF Read:0x00000000 at 0xa0008134
[14388.450592] PUF Read:0x00000000 at 0xa0008138
[14388.450653] PUF Read:0x00000000 at 0xa000813c
[14388.450683] PUF Read:0x00000400 at 0xa0008140
[14388.450683] PUF Read:0x00000000 at 0xa0008144
[14388.450683] PUF Read:0x00100400 at 0xa0008148
[14388.450744] PUF Read:0x00000000 at 0xa000814c
[14388.450744] PUF Read:0x00000000 at 0xa0008150
[14388.450805] PUF Read:0x00000000 at 0xa0008154
[14388.450836] PUF Read:0x00000000 at 0xa0008158
[14388.450836] PUF Read:0x00000040 at 0xa000815c
[14388.450836] PUF Read:0x00000000 at 0xa0008160
[14388.450897] PUF Read:0x00000000 at 0xa0008164
[14388.450897] PUF Read:0x00000000 at 0xa0008168
[14388.450897] PUF Read:0x00400000 at 0xa000816c
[14388.450988] PUF Read:0x00000000 at 0xa0008170
[14388.451019] PUF Read:0x00000000 at 0xa0008174
[14388.451019] PUF Read:0x00000000 at 0xa0008178
[14388.451019] PUF Read:0x00000000 at 0xa000817c
[14388.451080] PUF Read:0x00000000 at 0xa0008180
[14388.451080] PUF Read:0x00000000 at 0xa0008184
[14388.451141] PUF Read:0x00000000 at 0xa0008188
[14388.451171] PUF Read:0x00000000 at 0xa000818c
[14388.451171] PUF Read:0x00000000 at 0xa0008190
[14388.451171] PUF Read:0x40000000 at 0xa0008194
[14388.451232] PUF Read:0x00000000 at 0xa0008198
[14388.451232] PUF Read:0x00000000 at 0xa000819c
[14388.451293] PUF Read:0x00000000 at 0xa00081a0
[14388.451324] PUF Read:0x00000000 at 0xa00081a4
[14388.451324] PUF Read:0x00000000 at 0xa00081a8
[14388.451324] PUF Read:0x00000000 at 0xa00081ac
[14388.451385] PUF Read:0x00410000 at 0xa00081b0
[14388.451385] PUF Read:0x00000000 at 0xa00081b4
[14388.451446] PUF Read:0x00000000 at 0xa00081b8
[14388.451477] PUF Read:0x00000000 at 0xa00081bc
[14388.451477] PUF Read:0x00000000 at 0xa00081c0
[14388.451477] PUF Read:0x00000004 at 0xa00081c4
[14388.451538] PUF Read:0x00000000 at 0xa00081c8
[14388.451538] PUF Read:0x00000000 at 0xa00081cc
[14388.451599] PUF Read:0x10000000 at 0xa00081d0
[14388.451629] PUF Read:0x00000000 at 0xa00081d4
[14388.451629] PUF Read:0x00000000 at 0xa00081d8
[14388.451629] PUF Read:0x00000000 at 0xa00081dc
[14388.451690] PUF Read:0x00000000 at 0xa00081e0
[14388.451690] PUF Read:0x00000040 at 0xa00081e4
[14388.451751] PUF Read:0x00000000 at 0xa00081e8
[14388.451782] PUF Read:0x00000000 at 0xa00081ec
[14388.451782] PUF Read:0x00000000 at 0xa00081f0
[14388.451782] PUF Read:0x00000400 at 0xa00081f4
[14388.451843] PUF Read:0x00000000 at 0xa00081f8
[14388.451843] PUF Read:0x00000000 at 0xa00081fc
[14388.451904] PUF Read:0x00000000 at 0xa0008200
[14388.451904] PUF Read:0x00000000 at 0xa0008204
[14388.451904] PUF Read:0x00000000 at 0xa0008208
[14388.451904] PUF Read:0x00000000 at 0xa000820c
[14388.451904] PUF Read:0x00000000 at 0xa0008210
[14388.451904] PUF Read:0x00000000 at 0xa0008214
[14388.452056] PUF Read:0x00000000 at 0xa0008218
[14388.452056] PUF Read:0x00000000 at 0xa000821c
[14388.452056] PUF Read:0x00000000 at 0xa0008220
[14388.452056] PUF Read:0x00000000 at 0xa0008224
[14388.452056] PUF Read:0x00000000 at 0xa0008228
[14388.452178] PUF Read:0x00000000 at 0xa000822c
[14388.452209] PUF Read:0x00000000 at 0xa0008230
[14388.452209] PUF Read:0x00400000 at 0xa0008234
[14388.452209] PUF Read:0x00000000 at 0xa0008238
[14388.452209] PUF Read:0x00000000 at 0xa000823c
[14388.452209] PUF Read:0x00000000 at 0xa0008240
[14388.452209] PUF Read:0x00000000 at 0xa0008244
[14388.452362] PUF Read:0x00000000 at 0xa0008248
[14388.452362] PUF Read:0x00000000 at 0xa000824c
[14388.452423] PUF Read:0x00000000 at 0xa0008250
[14388.452423] PUF Read:0x00100000 at 0xa0008254
[14388.452423] PUF Read:0x00000000 at 0xa0008258
[14388.452423] PUF Read:0x00040000 at 0xa000825c
[14388.452514] PUF Read:0x00000000 at 0xa0008260
[14388.452545] PUF Read:0x00000000 at 0xa0008264
[14388.452545] PUF Read:0x00000000 at 0xa0008268
[14388.452545] PUF Read:0x00000000 at 0xa000826c
[14388.452606] PUF Read:0x00000000 at 0xa0008270
[14388.452606] PUF Read:0x00000000 at 0xa0008274
[14388.452667] PUF Read:0x00000000 at 0xa0008278
[14388.452697] PUF Read:0x00000000 at 0xa000827c
[14388.452697] PUF Read:0x00000000 at 0xa0008280
[14388.452697] PUF Read:0x00000000 at 0xa0008284
[14388.452758] PUF Read:0x00000000 at 0xa0008288
[14388.452758] PUF Read:0x00000000 at 0xa000828c
[14388.452819] PUF Read:0x00000000 at 0xa0008290
[14388.452850] PUF Read:0x00000000 at 0xa0008294
[14388.452850] PUF Read:0x00000000 at 0xa0008298
[14388.452850] PUF Read:0x00000000 at 0xa000829c
[14388.452911] PUF Read:0x00000000 at 0xa00082a0
[14388.452911] PUF Read:0x00001000 at 0xa00082a4
[14388.452972] PUF Read:0x00000000 at 0xa00082a8
[14388.453002] PUF Read:0x00000000 at 0xa00082ac
[14388.453002] PUF Read:0x00000000 at 0xa00082b0
[14388.453002] PUF Read:0x00000000 at 0xa00082b4
[14388.453063] PUF Read:0x00000040 at 0xa00082b8
[14388.453063] PUF Read:0x00000000 at 0xa00082bc
[14388.453125] PUF Read:0x00000000 at 0xa00082c0
[14388.453125] PUF Read:0x00000000 at 0xa00082c4
[14388.453125] PUF Read:0x10000000 at 0xa00082c8
[14388.453125] PUF Read:0x00000000 at 0xa00082cc
[14388.453125] PUF Read:0x00100000 at 0xa00082d0
[14388.453125] PUF Read:0x00000000 at 0xa00082d4
[14388.453277] PUF Read:0x00000000 at 0xa00082d8
[14388.453308] PUF Read:0x00000000 at 0xa00082dc
[14388.453308] PUF Read:0x00000000 at 0xa00082e0
[14388.453308] PUF Read:0x00000400 at 0xa00082e4
[14388.453369] PUF Read:0x00000000 at 0xa00082e8
[14388.453369] PUF Read:0x00000001 at 0xa00082ec
[14388.453430] PUF Read:0x00000000 at 0xa00082f0
[14388.453460] PUF Read:0x00000000 at 0xa00082f4
[14388.453460] PUF Read:0x00000000 at 0xa00082f8
[14388.453460] PUF Read:0x00000000 at 0xa00082fc
[14388.453521] PUF Read:0x00000000 at 0xa0008300
[14388.453521] PUF Read:0x00000000 at 0xa0008304
[14388.453582] PUF Read:0x00000000 at 0xa0008308
[14388.453613] PUF Read:0x00000000 at 0xa000830c
[14388.453613] PUF Read:0x00000000 at 0xa0008310
[14388.453613] PUF Read:0x00000000 at 0xa0008314
[14388.453613] PUF Read:0x01000000 at 0xa0008318
[14388.453613] PUF Read:0x10000000 at 0xa000831c
[14388.453735] PUF Read:0x00000000 at 0xa0008320
[14388.453735] PUF Read:0x00000000 at 0xa0008324
[14388.453735] PUF Read:0x00000000 at 0xa0008328
[14388.453735] PUF Read:0x00000000 at 0xa000832c
[14388.453735] PUF Read:0x00000004 at 0xa0008330
[14388.453735] PUF Read:0x00000000 at 0xa0008334
[14388.453887] PUF Read:0x00000000 at 0xa0008338
[14388.453887] PUF Read:0x00000000 at 0xa000833c
[14388.453887] PUF Read:0x00000000 at 0xa0008340
[14388.453887] PUF Read:0x00000000 at 0xa0008344
[14388.453887] PUF Read:0x00000000 at 0xa0008348
[14388.453887] PUF Read:0x00000000 at 0xa000834c
[14388.454040] PUF Read:0x00000000 at 0xa0008350
[14388.454071] PUF Read:0x00000000 at 0xa0008354
[14388.454071] PUF Read:0x00000000 at 0xa0008358
[14388.454071] PUF Read:0x00000000 at 0xa000835c
[14388.454132] PUF Read:0x00010000 at 0xa0008360
[14388.454132] PUF Read:0x00000000 at 0xa0008364
[14388.454193] PUF Read:0x00000000 at 0xa0008368
[14388.454223] PUF Read:0x00000000 at 0xa000836c
[14388.454223] PUF Read:0x00000000 at 0xa0008370
[14388.454223] PUF Read:0x00000000 at 0xa0008374
[14388.454284] PUF Read:0x00000000 at 0xa0008378
[14388.454284] PUF Read:0x00000000 at 0xa000837c
[14388.454345] PUF Read:0x00000000 at 0xa0008380
[14388.454376] PUF Read:0x00000000 at 0xa0008384
[14388.454376] PUF Read:0x00000000 at 0xa0008388
[14388.454376] PUF Read:0x00000000 at 0xa000838c
[14388.454437] PUF Read:0x00000001 at 0xa0008390
[14388.454437] PUF Read:0x00000100 at 0xa0008394
[14388.454498] PUF Read:0x00000000 at 0xa0008398
[14388.454528] PUF Read:0x00000000 at 0xa000839c
[14388.454528] PUF Read:0x00000000 at 0xa00083a0
[14388.454528] PUF Read:0x00000000 at 0xa00083a4
[14388.454589] PUF Read:0x00000000 at 0xa00083a8
[14388.454589] PUF Read:0x00000000 at 0xa00083ac
[14388.454650] PUF Read:0x00000000 at 0xa00083b0
[14388.454681] PUF Read:0x00000000 at 0xa00083b4
[14388.454681] PUF Read:0x00000000 at 0xa00083b8
[14388.454681] PUF Read:0x00000000 at 0xa00083bc
[14388.454742] PUF Read:0x00000000 at 0xa00083c0
[14388.454742] PUF Read:0x04000000 at 0xa00083c4
[14388.454803] PUF Read:0x00000000 at 0xa00083c8
[14388.454803] PUF Read:0x00000000 at 0xa00083cc
[14388.454803] PUF Read:0x00000000 at 0xa00083d0
[14388.454803] PUF Read:0x00010000 at 0xa00083d4
[14388.454803] PUF Read:0x00000000 at 0xa00083d8
[14388.454803] PUF Read:0x00000000 at 0xa00083dc
[14388.454956] PUF Read:0x00100004 at 0xa00083e0
[14388.454956] PUF Read:0x10000000 at 0xa00083e4
[14388.454956] PUF Read:0x00000000 at 0xa00083e8
[14388.454956] PUF Read:0x00000000 at 0xa00083ec
[14388.454956] PUF Read:0x00000000 at 0xa00083f0
[14388.454956] PUF Read:0x00000000 at 0xa00083f4
[14388.455108] PUF Read:0x00000004 at 0xa00083f8
[14388.455108] PUF Read:0x00040000 at 0xa00083fc
[14388.455108] [i] Finished PUF read-out
[14388.455169] <6>[i] Finished PUF query for decaytime: 7680
[14388.455169] [i] Start decaytime: 120
[14388.455169] EMIF 2 REG Write 0x80000000 at 0x4d000010
[14388.455200] EMIF 2 REG Read 0x80000000 at 0x4d000010
[14388.455200] EMIF 2 REG Write 0x80000000 at 0x4d000014
[14388.455230] EMIF 2 REG Read 0x00000000 at 0x4d000014
[14388.455230] EMIF 2 REG Write 0x08016893 at 0x4d0000cc
[14388.455261] EMIF 2 REG Read 0x08016893 at 0x4d0000cc
[14388.455261] Temp polling alert disabled
[14388.455261] Refresh Disabled at EMIF2
[14388.455291] [i] Initialiting PUF & hammer rows
[14388.455291] [i] Single-Sided Rowhammer (SSRH)
[14388.455596] [i] Finished initialiting PUF & hammer rows
[14388.462036] [i]	Timer elapsed since its reset 0 sec
[14388.462036] [i] Decay: 120 sec
[14388.462066] [i]	Relative Decay: 0 msec
