[  509.674377] [i] Total hammer attempts per row: 1862650
[  509.674377] EMIF 2 REG Write 0x00000618 at 0x4d000010
[  509.674407] EMIF 2 REG Read 0x00000618 at 0x4d000010
[  509.674407] EMIF 2 REG Write 0x00000618 at 0x4d000014
[  509.674438] EMIF 2 REG Read 0x00000618 at 0x4d000014
[  509.674438] EMIF 2 REG Write 0x58016893 at 0x4d0000cc
[  509.674468] EMIF 2 REG Read 0x58016893 at 0x4d0000cc
[  509.674468] Temp polling alert enabled
[  509.674468] Refresh enabled at EMIF2
[  509.674499] [i] Starting PUF read-out
[  509.674499] [i] Single-Sided Rowhammer (SSRH)
[  509.674530] PUF Read:0x00000000 at 0xa0008000
[  509.674560] PUF Read:0x00000000 at 0xa0008004
[  509.674560] PUF Read:0x00000000 at 0xa0008008
[  509.674560] PUF Read:0x00000000 at 0xa000800c
[  509.674560] PUF Read:0x00000000 at 0xa0008010
[  509.674652] PUF Read:0x00000100 at 0xa0008014
[  509.674682] PUF Read:0x00000000 at 0xa0008018
[  509.674682] PUF Read:0x00000000 at 0xa000801c
[  509.674743] PUF Read:0x00000000 at 0xa0008020
[  509.674743] PUF Read:0x00000000 at 0xa0008024
[  509.674743] PUF Read:0x00000000 at 0xa0008028
[  509.674743] PUF Read:0x00000000 at 0xa000802c
[  509.674835] PUF Read:0x00000000 at 0xa0008030
[  509.674835] PUF Read:0x00000000 at 0xa0008034
[  509.674835] PUF Read:0x00000000 at 0xa0008038
[  509.674835] PUF Read:0x00000000 at 0xa000803c
[  509.674835] PUF Read:0x00000001 at 0xa0008040
[  509.674835] PUF Read:0x00004000 at 0xa0008044
[  509.674987] PUF Read:0x00000000 at 0xa0008048
[  509.674987] PUF Read:0x00000000 at 0xa000804c
[  509.674987] PUF Read:0x00000000 at 0xa0008050
[  509.674987] PUF Read:0x00000000 at 0xa0008054
[  509.674987] PUF Read:0x00000000 at 0xa0008058
[  509.674987] PUF Read:0x00000000 at 0xa000805c
[  509.675140] PUF Read:0x00000000 at 0xa0008060
[  509.675140] PUF Read:0x00000000 at 0xa0008064
[  509.675140] PUF Read:0x00000000 at 0xa0008068
[  509.675140] PUF Read:0x00000000 at 0xa000806c
[  509.675140] PUF Read:0x00000000 at 0xa0008070
[  509.675140] PUF Read:0x00000000 at 0xa0008074
[  509.675292] PUF Read:0x00000000 at 0xa0008078
[  509.675292] PUF Read:0x00000000 at 0xa000807c
[  509.675354] PUF Read:0x00000000 at 0xa0008080
[  509.675354] PUF Read:0x00000000 at 0xa0008084
[  509.675354] PUF Read:0x00000000 at 0xa0008088
[  509.675415] PUF Read:0x00000000 at 0xa000808c
[  509.675445] PUF Read:0x00000000 at 0xa0008090
[  509.675445] PUF Read:0x00000000 at 0xa0008094
[  509.675445] PUF Read:0x00010000 at 0xa0008098
[  509.675506] PUF Read:0x00000000 at 0xa000809c
[  509.675506] PUF Read:0x00000000 at 0xa00080a0
[  509.675567] PUF Read:0x00000000 at 0xa00080a4
[  509.675598] PUF Read:0x00000000 at 0xa00080a8
[  509.675598] PUF Read:0x00000000 at 0xa00080ac
[  509.675598] PUF Read:0x00000000 at 0xa00080b0
[  509.675659] PUF Read:0x00000000 at 0xa00080b4
[  509.675659] PUF Read:0x00000000 at 0xa00080b8
[  509.675720] PUF Read:0x00000000 at 0xa00080bc
[  509.675750] PUF Read:0x00000000 at 0xa00080c0
[  509.675750] PUF Read:0x00000000 at 0xa00080c4
[  509.675750] PUF Read:0x00000000 at 0xa00080c8
[  509.675811] PUF Read:0x00000000 at 0xa00080cc
[  509.675811] PUF Read:0x00000000 at 0xa00080d0
[  509.675872] PUF Read:0x00000000 at 0xa00080d4
[  509.675872] PUF Read:0x00000000 at 0xa00080d8
[  509.675872] PUF Read:0x00000000 at 0xa00080dc
[  509.675872] PUF Read:0x00000000 at 0xa00080e0
[  509.675872] PUF Read:0x00000000 at 0xa00080e4
[  509.675872] PUF Read:0x00000000 at 0xa00080e8
[  509.676025] PUF Read:0x00000001 at 0xa00080ec
[  509.676055] PUF Read:0x00000000 at 0xa00080f0
[  509.676055] PUF Read:0x00000000 at 0xa00080f4
[  509.676055] PUF Read:0x00000000 at 0xa00080f8
[  509.676116] PUF Read:0x00000000 at 0xa00080fc
[  509.676116] PUF Read:0x00000000 at 0xa0008100
[  509.676177] PUF Read:0x00000000 at 0xa0008104
[  509.676177] PUF Read:0x00000000 at 0xa0008108
[  509.676177] PUF Read:0x00000000 at 0xa000810c
[  509.676177] PUF Read:0x00000000 at 0xa0008110
[  509.676177] PUF Read:0x00000000 at 0xa0008114
[  509.676177] PUF Read:0x00000000 at 0xa0008118
[  509.676330] PUF Read:0x00000000 at 0xa000811c
[  509.676330] PUF Read:0x00000000 at 0xa0008120
[  509.676391] PUF Read:0x00000000 at 0xa0008124
[  509.676391] PUF Read:0x00000000 at 0xa0008128
[  509.676391] PUF Read:0x00000000 at 0xa000812c
[  509.676452] PUF Read:0x00000000 at 0xa0008130
[  509.676483] PUF Read:0x00000000 at 0xa0008134
[  509.676483] PUF Read:0x00000000 at 0xa0008138
[  509.676483] PUF Read:0x00000000 at 0xa000813c
[  509.676544] PUF Read:0x00000000 at 0xa0008140
[  509.676544] PUF Read:0x00000000 at 0xa0008144
[  509.676605] PUF Read:0x00100400 at 0xa0008148
[  509.676635] PUF Read:0x00000000 at 0xa000814c
[  509.676635] PUF Read:0x00000000 at 0xa0008150
[  509.676635] PUF Read:0x00000000 at 0xa0008154
[  509.676696] PUF Read:0x00000000 at 0xa0008158
[  509.676696] PUF Read:0x00000040 at 0xa000815c
[  509.676757] PUF Read:0x00000000 at 0xa0008160
[  509.676788] PUF Read:0x00000000 at 0xa0008164
[  509.676788] PUF Read:0x00000000 at 0xa0008168
[  509.676788] PUF Read:0x00000000 at 0xa000816c
[  509.676849] PUF Read:0x00000000 at 0xa0008170
[  509.676849] PUF Read:0x00000000 at 0xa0008174
[  509.676910] PUF Read:0x00000000 at 0xa0008178
[  509.676910] PUF Read:0x00000000 at 0xa000817c
[  509.676910] PUF Read:0x00000000 at 0xa0008180
[  509.676910] PUF Read:0x00000000 at 0xa0008184
[  509.676910] PUF Read:0x00000000 at 0xa0008188
[  509.676910] PUF Read:0x00000000 at 0xa000818c
[  509.677062] PUF Read:0x00000000 at 0xa0008190
[  509.677062] PUF Read:0x00000000 at 0xa0008194
[  509.677124] PUF Read:0x00000000 at 0xa0008198
[  509.677124] PUF Read:0x00000000 at 0xa000819c
[  509.677124] PUF Read:0x00000000 at 0xa00081a0
[  509.677185] PUF Read:0x00000000 at 0xa00081a4
[  509.677215] PUF Read:0x00000000 at 0xa00081a8
[  509.677215] PUF Read:0x00000000 at 0xa00081ac
[  509.677215] PUF Read:0x00400000 at 0xa00081b0
[  509.677276] PUF Read:0x00000000 at 0xa00081b4
[  509.677276] PUF Read:0x00000000 at 0xa00081b8
[  509.677337] PUF Read:0x00000000 at 0xa00081bc
[  509.677368] PUF Read:0x00000000 at 0xa00081c0
[  509.677368] PUF Read:0x00000004 at 0xa00081c4
[  509.677368] PUF Read:0x00000000 at 0xa00081c8
[  509.677429] PUF Read:0x00000000 at 0xa00081cc
[  509.677429] PUF Read:0x10000000 at 0xa00081d0
[  509.677490] PUF Read:0x00000000 at 0xa00081d4
[  509.677520] PUF Read:0x00000000 at 0xa00081d8
[  509.677520] PUF Read:0x00000000 at 0xa00081dc
[  509.677520] PUF Read:0x00000000 at 0xa00081e0
[  509.677520] PUF Read:0x00000040 at 0xa00081e4
[  509.677520] PUF Read:0x00000000 at 0xa00081e8
[  509.677520] PUF Read:0x00000000 at 0xa00081ec
[  509.677673] PUF Read:0x00000000 at 0xa00081f0
[  509.677673] PUF Read:0x00000400 at 0xa00081f4
[  509.677673] PUF Read:0x00000000 at 0xa00081f8
[  509.677673] PUF Read:0x00000000 at 0xa00081fc
[  509.677673] PUF Read:0x00000000 at 0xa0008200
[  509.677673] PUF Read:0x00000000 at 0xa0008204
[  509.677825] PUF Read:0x00000000 at 0xa0008208
[  509.677825] PUF Read:0x00000000 at 0xa000820c
[  509.677825] PUF Read:0x00000000 at 0xa0008210
[  509.677825] PUF Read:0x00000000 at 0xa0008214
[  509.677825] PUF Read:0x00000000 at 0xa0008218
[  509.677825] PUF Read:0x00000000 at 0xa000821c
[  509.677978] PUF Read:0x00000000 at 0xa0008220
[  509.677978] PUF Read:0x00000000 at 0xa0008224
[  509.677978] PUF Read:0x00000000 at 0xa0008228
[  509.677978] PUF Read:0x00000000 at 0xa000822c
[  509.677978] PUF Read:0x00000000 at 0xa0008230
[  509.678100] PUF Read:0x00000000 at 0xa0008234
[  509.678131] PUF Read:0x00000000 at 0xa0008238
[  509.678131] PUF Read:0x00000000 at 0xa000823c
[  509.678192] PUF Read:0x00000000 at 0xa0008240
[  509.678192] PUF Read:0x00000000 at 0xa0008244
[  509.678192] PUF Read:0x00000000 at 0xa0008248
[  509.678253] PUF Read:0x00000000 at 0xa000824c
[  509.678283] PUF Read:0x00000000 at 0xa0008250
[  509.678283] PUF Read:0x00000000 at 0xa0008254
[  509.678283] PUF Read:0x00000000 at 0xa0008258
[  509.678344] PUF Read:0x00000000 at 0xa000825c
[  509.678344] PUF Read:0x00000000 at 0xa0008260
[  509.678405] PUF Read:0x00000000 at 0xa0008264
[  509.678436] PUF Read:0x00000000 at 0xa0008268
[  509.678436] PUF Read:0x00000000 at 0xa000826c
[  509.678436] PUF Read:0x00000000 at 0xa0008270
[  509.678497] PUF Read:0x00000000 at 0xa0008274
[  509.678497] PUF Read:0x00000000 at 0xa0008278
[  509.678558] PUF Read:0x00000000 at 0xa000827c
[  509.678558] PUF Read:0x00000000 at 0xa0008280
[  509.678558] PUF Read:0x00000000 at 0xa0008284
[  509.678558] PUF Read:0x00000000 at 0xa0008288
[  509.678558] PUF Read:0x00000000 at 0xa000828c
[  509.678680] PUF Read:0x00000000 at 0xa0008290
[  509.678710] PUF Read:0x00000000 at 0xa0008294
[  509.678710] PUF Read:0x00000000 at 0xa0008298
[  509.678710] PUF Read:0x00000000 at 0xa000829c
[  509.678771] PUF Read:0x00000000 at 0xa00082a0
[  509.678771] PUF Read:0x00000000 at 0xa00082a4
[  509.678833] PUF Read:0x00000000 at 0xa00082a8
[  509.678863] PUF Read:0x00000000 at 0xa00082ac
[  509.678863] PUF Read:0x00000000 at 0xa00082b0
[  509.678863] PUF Read:0x00000000 at 0xa00082b4
[  509.678924] PUF Read:0x00000040 at 0xa00082b8
[  509.678924] PUF Read:0x00000000 at 0xa00082bc
[  509.678985] PUF Read:0x00000000 at 0xa00082c0
[  509.679016] PUF Read:0x00000000 at 0xa00082c4
[  509.679016] PUF Read:0x10000000 at 0xa00082c8
[  509.679016] PUF Read:0x00000000 at 0xa00082cc
[  509.679016] PUF Read:0x00000000 at 0xa00082d0
[  509.679107] PUF Read:0x00000000 at 0xa00082d4
[  509.679107] PUF Read:0x00000000 at 0xa00082d8
[  509.679168] PUF Read:0x00000000 at 0xa00082dc
[  509.679168] PUF Read:0x00000000 at 0xa00082e0
[  509.679168] PUF Read:0x00000400 at 0xa00082e4
[  509.679168] PUF Read:0x00000000 at 0xa00082e8
[  509.679168] PUF Read:0x00000000 at 0xa00082ec
[  509.679168] PUF Read:0x00000000 at 0xa00082f0
[  509.679321] PUF Read:0x00000000 at 0xa00082f4
[  509.679321] PUF Read:0x00000000 at 0xa00082f8
[  509.679382] PUF Read:0x00000000 at 0xa00082fc
[  509.679382] PUF Read:0x00000000 at 0xa0008300
[  509.679382] PUF Read:0x00000000 at 0xa0008304
[  509.679443] PUF Read:0x00000000 at 0xa0008308
[  509.679473] PUF Read:0x00000000 at 0xa000830c
[  509.679473] PUF Read:0x00000000 at 0xa0008310
[  509.679473] PUF Read:0x00000000 at 0xa0008314
[  509.679534] PUF Read:0x00000000 at 0xa0008318
[  509.679534] PUF Read:0x10000000 at 0xa000831c
[  509.679595] PUF Read:0x00000000 at 0xa0008320
[  509.679626] PUF Read:0x00000000 at 0xa0008324
[  509.679626] PUF Read:0x00000000 at 0xa0008328
[  509.679626] PUF Read:0x00000000 at 0xa000832c
[  509.679687] PUF Read:0x00000004 at 0xa0008330
[  509.679687] PUF Read:0x00000000 at 0xa0008334
[  509.679748] PUF Read:0x00000000 at 0xa0008338
[  509.679779] PUF Read:0x00000000 at 0xa000833c
[  509.679779] PUF Read:0x00000000 at 0xa0008340
[  509.679779] PUF Read:0x00000000 at 0xa0008344
[  509.679779] PUF Read:0x00000000 at 0xa0008348
[  509.679779] PUF Read:0x00000000 at 0xa000834c
[  509.679901] PUF Read:0x00000000 at 0xa0008350
[  509.679901] PUF Read:0x00000000 at 0xa0008354
[  509.679962] PUF Read:0x00000000 at 0xa0008358
[  509.679962] PUF Read:0x00000000 at 0xa000835c
[  509.679962] PUF Read:0x00010000 at 0xa0008360
[  509.680023] PUF Read:0x00000000 at 0xa0008364
[  509.680053] PUF Read:0x00000000 at 0xa0008368
[  509.680053] PUF Read:0x00000000 at 0xa000836c
[  509.680053] PUF Read:0x00000000 at 0xa0008370
[  509.680114] PUF Read:0x00000000 at 0xa0008374
[  509.680114] PUF Read:0x00000000 at 0xa0008378
[  509.680175] PUF Read:0x00000000 at 0xa000837c
[  509.680206] PUF Read:0x00000000 at 0xa0008380
[  509.680206] PUF Read:0x00000000 at 0xa0008384
[  509.680206] PUF Read:0x00000000 at 0xa0008388
[  509.680267] PUF Read:0x00000000 at 0xa000838c
[  509.680267] PUF Read:0x00000000 at 0xa0008390
[  509.680328] PUF Read:0x00000000 at 0xa0008394
[  509.680358] PUF Read:0x00000000 at 0xa0008398
[  509.680358] PUF Read:0x00000000 at 0xa000839c
[  509.680358] PUF Read:0x00000000 at 0xa00083a0
[  509.680419] PUF Read:0x00000000 at 0xa00083a4
[  509.680419] PUF Read:0x00000000 at 0xa00083a8
[  509.680480] PUF Read:0x00000000 at 0xa00083ac
[  509.680480] PUF Read:0x00000000 at 0xa00083b0
[  509.680480] PUF Read:0x00000000 at 0xa00083b4
[  509.680480] PUF Read:0x00000000 at 0xa00083b8
[  509.680572] PUF Read:0x00000000 at 0xa00083bc
[  509.680572] PUF Read:0x00000000 at 0xa00083c0
[  509.680633] PUF Read:0x00000000 at 0xa00083c4
[  509.680664] PUF Read:0x00000000 at 0xa00083c8
[  509.680664] PUF Read:0x00000000 at 0xa00083cc
[  509.680664] PUF Read:0x00000000 at 0xa00083d0
[  509.680725] PUF Read:0x00010000 at 0xa00083d4
[  509.680725] PUF Read:0x00000000 at 0xa00083d8
[  509.680786] PUF Read:0x00000000 at 0xa00083dc
[  509.680816] PUF Read:0x00000000 at 0xa00083e0
[  509.680816] PUF Read:0x00000000 at 0xa00083e4
[  509.680816] PUF Read:0x00000000 at 0xa00083e8
[  509.680816] PUF Read:0x00000000 at 0xa00083ec
[  509.680816] PUF Read:0x00000000 at 0xa00083f0
[  509.680938] PUF Read:0x00000000 at 0xa00083f4
[  509.680938] PUF Read:0x00000004 at 0xa00083f8
[  509.680999] PUF Read:0x00040000 at 0xa00083fc
[  509.680999] [i] Finished PUF read-out
[  509.680999] <6>[i] Finished PUF query for decaytime: 7680
[  509.681030] [i] Start decaytime: 120
[  509.681030] EMIF 2 REG Write 0x80000000 at 0x4d000010
[  509.681060] EMIF 2 REG Read 0x80000000 at 0x4d000010
[  509.681060] EMIF 2 REG Write 0x80000000 at 0x4d000014
[  509.681091] EMIF 2 REG Read 0x00000000 at 0x4d000014
[  509.681091] EMIF 2 REG Write 0x08016893 at 0x4d0000cc
[  509.681091] EMIF 2 REG Read 0x08016893 at 0x4d0000cc
[  509.681121] Temp polling alert disabled
[  509.681121] Refresh Disabled at EMIF2
[  509.681121] [i] Initialiting PUF & hammer rows
[  509.681152] [i] Single-Sided Rowhammer (SSRH)
[  509.687866] [i] Finished initialiting PUF & hammer rows
[  509.687866] [i]	Timer elapsed since its reset 0 sec
[  509.687896] [i] Decay: 120 sec
[  509.687896] [i]	Relative Decay: 0 msec
