[65540.518096] [i] Total hammer attempts per row: 3729012
[65540.518127] EMIF 2 REG Write 0x00000618 at 0x4d000010
[65540.518157] EMIF 2 REG Read 0x00000618 at 0x4d000010
[65540.518157] EMIF 2 REG Write 0x00000618 at 0x4d000014
[65540.518188] EMIF 2 REG Read 0x00000618 at 0x4d000014
[65540.518188] EMIF 2 REG Write 0x58016893 at 0x4d0000cc
[65540.518188] EMIF 2 REG Read 0x58016893 at 0x4d0000cc
[65540.518218] Temp polling alert enabled
[65540.518218] Refresh enabled at EMIF2
[65540.518218] [i] Starting PUF read-out
[65540.518249] [i] Single-Sided Rowhammer (SSRH)
[65540.518249] PUF Read:0xaaaa2aaa at 0xa0008000
[65540.518280] PUF Read:0xaaaaaaaa at 0xa0008004
[65540.518280] PUF Read:0xaaaaaaaa at 0xa0008008
[65540.518280] PUF Read:0xa2aaaa2a at 0xa000800c
[65540.518280] PUF Read:0xaaaaaaaa at 0xa0008010
[65540.518402] PUF Read:0x8aaaabaa at 0xa0008014
[65540.518402] PUF Read:0xaaaa2aaa at 0xa0008018
[65540.518402] PUF Read:0xaaa2aaaa at 0xa000801c
[65540.518402] PUF Read:0xaaaaaaaa at 0xa0008020
[65540.518493] PUF Read:0xeaaaeaaa at 0xa0008024
[65540.518493] PUF Read:0xaaaaaaaa at 0xa0008028
[65540.518554] PUF Read:0xaaaaaaba at 0xa000802c
[65540.518585] PUF Read:0xaaaaaaa8 at 0xa0008030
[65540.518585] PUF Read:0xaaaaaaaa at 0xa0008034
[65540.518585] PUF Read:0xaaaaaaaa at 0xa0008038
[65540.518585] PUF Read:0xaaaaaaaa at 0xa000803c
[65540.518585] PUF Read:0xaaaaaaab at 0xa0008040
[65540.518585] PUF Read:0xaaaaeaaa at 0xa0008044
[65540.518737] PUF Read:0xaaaaaaaa at 0xa0008048
[65540.518768] PUF Read:0xaaaaaaa8 at 0xa000804c
[65540.518768] PUF Read:0xa2aaaaaa at 0xa0008050
[65540.518768] PUF Read:0xaaaaa8aa at 0xa0008054
[65540.518829] PUF Read:0xaaaaaa8a at 0xa0008058
[65540.518829] PUF Read:0xaaaaaaaa at 0xa000805c
[65540.518890] PUF Read:0xaaaaaaaa at 0xa0008060
[65540.518920] PUF Read:0xaaaa2aaa at 0xa0008064
[65540.518920] PUF Read:0xaaaaaaaa at 0xa0008068
[65540.518920] PUF Read:0xaaaaaaaa at 0xa000806c
[65540.518920] PUF Read:0xaaaaaaaa at 0xa0008070
[65540.518920] PUF Read:0xaaaaaaaa at 0xa0008074
[65540.518920] PUF Read:0xaaaaaaaa at 0xa0008078
[65540.519073] PUF Read:0xaaabaaaa at 0xa000807c
[65540.519104] PUF Read:0xaaabaaaa at 0xa0008080
[65540.519104] PUF Read:0xaaaaaaaa at 0xa0008084
[65540.519104] PUF Read:0xaaaaaaaa at 0xa0008088
[65540.519165] PUF Read:0xaaaaaaaa at 0xa000808c
[65540.519165] PUF Read:0xaaaa8aaa at 0xa0008090
[65540.519226] PUF Read:0xaaaaaaaa at 0xa0008094
[65540.519256] PUF Read:0x2aabaaab at 0xa0008098
[65540.519256] PUF Read:0xaaaaaaaa at 0xa000809c
[65540.519256] PUF Read:0x8aaaaa2a at 0xa00080a0
[65540.519256] PUF Read:0xaaabaaaa at 0xa00080a4
[65540.519256] PUF Read:0xaa8aaaab at 0xa00080a8
[65540.519256] PUF Read:0xaaaa8aea at 0xa00080ac
[65540.519409] PUF Read:0xaaaaaaaa at 0xa00080b0
[65540.519439] PUF Read:0x2a2aaaaa at 0xa00080b4
[65540.519439] PUF Read:0xaaaaeaaa at 0xa00080b8
[65540.519439] PUF Read:0x8aaaaaaa at 0xa00080bc
[65540.519439] PUF Read:0xaaaaaaaa at 0xa00080c0
[65540.519439] PUF Read:0xaaaaaaaa at 0xa00080c4
[65540.519439] PUF Read:0xaaa2aaaa at 0xa00080c8
[65540.519592] PUF Read:0xabaaaaaa at 0xa00080cc
[65540.519622] PUF Read:0xeaaeeaaa at 0xa00080d0
[65540.519622] PUF Read:0xaaaa2aaa at 0xa00080d4
[65540.519622] PUF Read:0xaaaa3aaa at 0xa00080d8
[65540.519683] PUF Read:0xaaaaaaaa at 0xa00080dc
[65540.519683] PUF Read:0xabaaaaaa at 0xa00080e0
[65540.519744] PUF Read:0xaaaaaaaa at 0xa00080e4
[65540.519775] PUF Read:0xaaaaaaaa at 0xa00080e8
[65540.519775] PUF Read:0xaaaaaaab at 0xa00080ec
[65540.519775] PUF Read:0x8aaaaaaa at 0xa00080f0
[65540.519836] PUF Read:0xaaaaaaaa at 0xa00080f4
[65540.519836] PUF Read:0xaaaaabaa at 0xa00080f8
[65540.519897] PUF Read:0xaa8aaaaa at 0xa00080fc
[65540.519927] PUF Read:0xaaaaaaaa at 0xa0008100
[65540.519927] PUF Read:0xaaaaaaaa at 0xa0008104
[65540.519927] PUF Read:0xaaa2aaaa at 0xa0008108
[65540.519927] PUF Read:0xaaaaaaaa at 0xa000810c
[65540.519927] PUF Read:0xaaaaaaaa at 0xa0008110
[65540.519927] PUF Read:0xaaea2aaa at 0xa0008114
[65540.520080] PUF Read:0xaaaaaaaa at 0xa0008118
[65540.520080] PUF Read:0xa8aaaaaa at 0xa000811c
[65540.520080] PUF Read:0xaaaaaaaa at 0xa0008120
[65540.520080] PUF Read:0xaaaaaeaa at 0xa0008124
[65540.520172] PUF Read:0xaaaaaaaa at 0xa0008128
[65540.520172] PUF Read:0xaaaaaaaa at 0xa000812c
[65540.520233] PUF Read:0xaaaaaaaa at 0xa0008130
[65540.520263] PUF Read:0xaaaaaa2a at 0xa0008134
[65540.520263] PUF Read:0xaa8baaaa at 0xa0008138
[65540.520263] PUF Read:0xaaaaaaaa at 0xa000813c
[65540.520324] PUF Read:0xaaaaaeaa at 0xa0008140
[65540.520324] PUF Read:0xaaaaaaaa at 0xa0008144
[65540.520385] PUF Read:0xaabaaeaa at 0xa0008148
[65540.520416] PUF Read:0xaaaaaaaa at 0xa000814c
[65540.520416] PUF Read:0xaaaaaaaa at 0xa0008150
[65540.520477] PUF Read:0xaaaaaaaa at 0xa0008154
[65540.520477] PUF Read:0xaaaaaaaa at 0xa0008158
[65540.520477] PUF Read:0xaaaaaaea at 0xa000815c
[65540.520477] PUF Read:0xaaaaaaaa at 0xa0008160
[65540.520568] PUF Read:0xaaaaaaaa at 0xa0008164
[65540.520568] PUF Read:0xaeaaaaaa at 0xa0008168
[65540.520568] PUF Read:0xaaeaaaaa at 0xa000816c
[65540.520568] PUF Read:0x2aaaaaaa at 0xa0008170
[65540.520660] PUF Read:0xaabaaaaa at 0xa0008174
[65540.520660] PUF Read:0xaaaaaaaa at 0xa0008178
[65540.520721] PUF Read:0xaaaaaaaa at 0xa000817c
[65540.520751] PUF Read:0xaaaa2a2a at 0xa0008180
[65540.520751] PUF Read:0xaaaaaaaa at 0xa0008184
[65540.520751] PUF Read:0xaa2aaaaa at 0xa0008188
[65540.520812] PUF Read:0xaaaaaaea at 0xa000818c
[65540.520812] PUF Read:0x2aaaaaaa at 0xa0008190
[65540.520812] PUF Read:0xeaaaaaaa at 0xa0008194
[65540.520904] PUF Read:0xaaaaaaaa at 0xa0008198
[65540.520904] PUF Read:0xaaaaaaaa at 0xa000819c
[65540.520904] PUF Read:0xaaaaaaaa at 0xa00081a0
[65540.520904] PUF Read:0xaaaaaaaa at 0xa00081a4
[65540.520904] PUF Read:0xaaa2aaaa at 0xa00081a8
[65540.521026] PUF Read:0xaaaaaaaa at 0xa00081ac
[65540.521026] PUF Read:0xaaebaaaa at 0xa00081b0
[65540.521087] PUF Read:0xaaaaaaaa at 0xa00081b4
[65540.521118] PUF Read:0xaaaaaaaa at 0xa00081b8
[65540.521118] PUF Read:0xa2baaaaa at 0xa00081bc
[65540.521118] PUF Read:0xaaa88aaa at 0xa00081c0
[65540.521179] PUF Read:0xaaaaaaae at 0xa00081c4
[65540.521179] PUF Read:0xaaaaaaaa at 0xa00081c8
[65540.521240] PUF Read:0xaa2baaaa at 0xa00081cc
[65540.521270] PUF Read:0xbaaaaaaa at 0xa00081d0
[65540.521270] PUF Read:0xaaaaaa2a at 0xa00081d4
[65540.521270] PUF Read:0xaaaaaaaa at 0xa00081d8
[65540.521331] PUF Read:0xaaaaaaaa at 0xa00081dc
[65540.521331] PUF Read:0xaaaaaaaa at 0xa00081e0
[65540.521392] PUF Read:0xaaaaaaea at 0xa00081e4
[65540.521423] PUF Read:0xaaaaaaaa at 0xa00081e8
[65540.521423] PUF Read:0xaa2aaaaa at 0xa00081ec
[65540.521484] PUF Read:0xaaaaaaab at 0xa00081f0
[65540.521484] PUF Read:0xaaaaaeaa at 0xa00081f4
[65540.521484] PUF Read:0xaaaaaaa2 at 0xa00081f8
[65540.521545] PUF Read:0xaaaaaaaa at 0xa00081fc
[65540.521575] PUF Read:0xaaaaaaaa at 0xa0008200
[65540.521575] PUF Read:0xaaaaaaaa at 0xa0008204
[65540.521636] PUF Read:0xaaaaaaba at 0xa0008208
[65540.521636] PUF Read:0xa8aaaaaa at 0xa000820c
[65540.521636] PUF Read:0xaaaaa2a8 at 0xa0008210
[65540.521697] PUF Read:0xaaaaaaaa at 0xa0008214
[65540.521728] PUF Read:0xaaaaaeaa at 0xa0008218
[65540.521728] PUF Read:0xaaaaaaaa at 0xa000821c
[65540.521728] PUF Read:0xaaaaaaaa at 0xa0008220
[65540.521728] PUF Read:0xaabaaaaa at 0xa0008224
[65540.521728] PUF Read:0xaaaaaaaa at 0xa0008228
[65540.521728] PUF Read:0xaaaaaaaa at 0xa000822c
[65540.521881] PUF Read:0xaaaaaeaa at 0xa0008230
[65540.521881] PUF Read:0x286aaaaa at 0xa0008234
[65540.521881] PUF Read:0xaaaaaaaa at 0xa0008238
[65540.521881] PUF Read:0xaaaaaaaa at 0xa000823c
[65540.521881] PUF Read:0xaaaaaaaa at 0xa0008240
[65540.521881] PUF Read:0xaaaaaaaa at 0xa0008244
[65540.522033] PUF Read:0xaaaaaaaa at 0xa0008248
[65540.522033] PUF Read:0xaaaaaaaa at 0xa000824c
[65540.522033] PUF Read:0xaaaaaaaa at 0xa0008250
[65540.522033] PUF Read:0xaabaaaaa at 0xa0008254
[65540.522125] PUF Read:0xaaaaaaaa at 0xa0008258
[65540.522125] PUF Read:0xaaaeaaaa at 0xa000825c
[65540.522186] PUF Read:0xaaaaaaaa at 0xa0008260
[65540.522216] PUF Read:0xaaaaaaaa at 0xa0008264
[65540.522216] PUF Read:0xaaaa8caa at 0xa0008268
[65540.522216] PUF Read:0xaaaaaaaa at 0xa000826c
[65540.522277] PUF Read:0xaaaaaaaa at 0xa0008270
[65540.522277] PUF Read:0xaaaaaaaa at 0xa0008274
[65540.522338] PUF Read:0xaaaaaaea at 0xa0008278
[65540.522369] PUF Read:0xaaaaaaaa at 0xa000827c
[65540.522369] PUF Read:0xeaaaaaaa at 0xa0008280
[65540.522369] PUF Read:0xa2aaaaaa at 0xa0008284
[65540.522430] PUF Read:0xaaeaaaaa at 0xa0008288
[65540.522430] PUF Read:0xaaaaaaaa at 0xa000828c
[65540.522430] PUF Read:0xaaaaaaa8 at 0xa0008290
[65540.522521] PUF Read:0xa8aaaaaa at 0xa0008294
[65540.522552] PUF Read:0xaaaaaaaa at 0xa0008298
[65540.522552] PUF Read:0xaaaaaaaa at 0xa000829c
[65540.522552] PUF Read:0xaaaaaaaa at 0xa00082a0
[65540.522613] PUF Read:0xaaaabaaa at 0xa00082a4
[65540.522613] PUF Read:0xaaaaaaaa at 0xa00082a8
[65540.522674] PUF Read:0xaaaaaaaa at 0xa00082ac
[65540.522705] PUF Read:0xaaaaaaaa at 0xa00082b0
[65540.522705] PUF Read:0xaaaaaaaa at 0xa00082b4
[65540.522705] PUF Read:0xaaaaaaea at 0xa00082b8
[65540.522766] PUF Read:0xaaaaaaaa at 0xa00082bc
[65540.522766] PUF Read:0xaaaaaaaa at 0xa00082c0
[65540.522827] PUF Read:0xaaaaaaaa at 0xa00082c4
[65540.522857] PUF Read:0xbaaaaaaa at 0xa00082c8
[65540.522857] PUF Read:0xaaaaaaaa at 0xa00082cc
[65540.522857] PUF Read:0xaabaaaaa at 0xa00082d0
[65540.522918] PUF Read:0xaaaaaaaa at 0xa00082d4
[65540.522918] PUF Read:0xaaaaaaaa at 0xa00082d8
[65540.522979] PUF Read:0xaaaaeaaa at 0xa00082dc
[65540.523010] PUF Read:0xaaaaaaaa at 0xa00082e0
[65540.523010] PUF Read:0xaaaaaeaa at 0xa00082e4
[65540.523010] PUF Read:0xaaaaaaaa at 0xa00082e8
[65540.523071] PUF Read:0xaaaaaaab at 0xa00082ec
[65540.523071] PUF Read:0xaaaaaaaa at 0xa00082f0
[65540.523132] PUF Read:0xaaaaaaaa at 0xa00082f4
[65540.523162] PUF Read:0xaaaaaaaa at 0xa00082f8
[65540.523162] PUF Read:0xaaaaaaaa at 0xa00082fc
[65540.523223] PUF Read:0xaaaaaaaa at 0xa0008300
[65540.523223] PUF Read:0xaaaaaaaa at 0xa0008304
[65540.523223] PUF Read:0xaaaa8aaa at 0xa0008308
[65540.523284] PUF Read:0xaaaaaaaa at 0xa000830c
[65540.523315] PUF Read:0xaaaaaa8a at 0xa0008310
[65540.523315] PUF Read:0xaaaaaaaa at 0xa0008314
[65540.523315] PUF Read:0x2baaaaaa at 0xa0008318
[65540.523376] PUF Read:0xbaaaaaaa at 0xa000831c
[65540.523376] PUF Read:0xaaaaaaaa at 0xa0008320
[65540.523437] PUF Read:0xaaaaaaaa at 0xa0008324
[65540.523468] PUF Read:0xaaaaaaaa at 0xa0008328
[65540.523468] PUF Read:0xaaabaaaa at 0xa000832c
[65540.523468] PUF Read:0xaaaaaaae at 0xa0008330
[65540.523529] PUF Read:0xaaaaaaaa at 0xa0008334
[65540.523529] PUF Read:0xaaaabaaa at 0xa0008338
[65540.523590] PUF Read:0xaaaaaaaa at 0xa000833c
[65540.523620] PUF Read:0xaaaaaaaa at 0xa0008340
[65540.523620] PUF Read:0xaaaaaa2b at 0xa0008344
[65540.523681] PUF Read:0xaaaaaaaa at 0xa0008348
[65540.523681] PUF Read:0xaaaaabaa at 0xa000834c
[65540.523681] PUF Read:0xaaaa8a8a at 0xa0008350
[65540.523742] PUF Read:0x8aaaaaaa at 0xa0008354
[65540.523773] PUF Read:0xaaaaaaaa at 0xa0008358
[65540.523773] PUF Read:0xaaaaaaaa at 0xa000835c
[65540.523773] PUF Read:0xaaabaaaa at 0xa0008360
[65540.523773] PUF Read:0xaaaaaa2a at 0xa0008364
[65540.523773] PUF Read:0xaaaaaaaa at 0xa0008368
[65540.523773] PUF Read:0xaaaaaeaa at 0xa000836c
[65540.523925] PUF Read:0xaaaaaaaa at 0xa0008370
[65540.523925] PUF Read:0xaaaaaaaa at 0xa0008374
[65540.523925] PUF Read:0xaaaa8aaa at 0xa0008378
[65540.523925] PUF Read:0xaaaaaaaa at 0xa000837c
[65540.523925] PUF Read:0xaaaaaaaa at 0xa0008380
[65540.523925] PUF Read:0xaaaaaaaa at 0xa0008384
[65540.523925] PUF Read:0xaaaaaaaa at 0xa0008388
[65540.524108] PUF Read:0xaaaaaaaa at 0xa000838c
[65540.524108] PUF Read:0xaaaaaaab at 0xa0008390
[65540.524108] PUF Read:0xaaaaabaa at 0xa0008394
[65540.524108] PUF Read:0xaaaaaaaa at 0xa0008398
[65540.524108] PUF Read:0xaaa2aaaa at 0xa000839c
[65540.524108] PUF Read:0xaaaaaaaa at 0xa00083a0
[65540.524261] PUF Read:0xaaaaaaaa at 0xa00083a4
[65540.524261] PUF Read:0xaaaaaaaa at 0xa00083a8
[65540.524261] PUF Read:0xaaaabaaa at 0xa00083ac
[65540.524261] PUF Read:0xaaaaaaa2 at 0xa00083b0
[65540.524353] PUF Read:0xaaaaaaaa at 0xa00083b4
[65540.524353] PUF Read:0xaaaaaaaa at 0xa00083b8
[65540.524414] PUF Read:0xaaaaaaaa at 0xa00083bc
[65540.524444] PUF Read:0xaaaaaaaa at 0xa00083c0
[65540.524444] PUF Read:0xaeaaaaaa at 0xa00083c4
[65540.524444] PUF Read:0xaaaaaaaa at 0xa00083c8
[65540.524505] PUF Read:0xaaa2aaaa at 0xa00083cc
[65540.524505] PUF Read:0xaaaaaaaa at 0xa00083d0
[65540.524566] PUF Read:0xaaabaaaa at 0xa00083d4
[65540.524597] PUF Read:0xaa2aaaaa at 0xa00083d8
[65540.524597] PUF Read:0xaaaaaaaa at 0xa00083dc
[65540.524597] PUF Read:0xaabeaaaa at 0xa00083e0
[65540.524658] PUF Read:0xba2aa8aa at 0xa00083e4
[65540.524658] PUF Read:0xaaaaaa2a at 0xa00083e8
[65540.524719] PUF Read:0xaaaaaaaa at 0xa00083ec
[65540.524749] PUF Read:0xaaaaaeaa at 0xa00083f0
[65540.524749] PUF Read:0xaaaaaaaa at 0xa00083f4
[65540.524749] PUF Read:0xaaaaaaae at 0xa00083f8
[65540.524810] PUF Read:0x8aaeaaaa at 0xa00083fc
[65540.524841] [i] Finished PUF read-out
[65540.524841] <6>[i] Finished PUF query for decaytime: 15360
[65540.524871] End measurement:2
[65540.524871] [i] Start measurement: 3
[65540.524871] [i] Start decaytime: 60
[65540.524902] EMIF 2 REG Write 0x80000000 at 0x4d000010
[65540.524902] EMIF 2 REG Read 0x80000000 at 0x4d000010
[65540.524932] EMIF 2 REG Write 0x80000000 at 0x4d000014
[65540.524932] EMIF 2 REG Read 0x00000000 at 0x4d000014
[65540.524932] EMIF 2 REG Write 0x08016893 at 0x4d0000cc
[65540.524963] EMIF 2 REG Read 0x08016893 at 0x4d0000cc
[65540.524963] Temp polling alert disabled
[65540.524963] Refresh Disabled at EMIF2
[65540.524993] [i] Initialiting PUF & hammer rows
[65540.524993] [i] Single-Sided Rowhammer (SSRH)
[65540.525909] [i] Finished initialiting PUF & hammer rows
[65540.531738] [i]	Timer elapsed since its reset 0 sec
[65540.531738] [i] Decay: 60 sec
[65540.531768] [i]	Relative Decay: 0 msec
