[22146.698364] [i] Total hammer attempts per row: 1863990
[22146.698394] EMIF 2 REG Write 0x00000618 at 0x4d000010
[22146.698394] EMIF 2 REG Read 0x00000618 at 0x4d000010
[22146.698425] EMIF 2 REG Write 0x00000618 at 0x4d000014
[22146.698425] EMIF 2 REG Read 0x00000618 at 0x4d000014
[22146.698455] EMIF 2 REG Write 0x58016893 at 0x4d0000cc
[22146.698455] EMIF 2 REG Read 0x58016893 at 0x4d0000cc
[22146.698455] Temp polling alert enabled
[22146.698486] Refresh enabled at EMIF2
[22146.698486] [i] Starting PUF read-out
[22146.698486] [i] Single-Sided Rowhammer (SSRH)
[22146.698516] PUF Read:0x00000000 at 0xa0008000
[22146.698547] PUF Read:0x00000000 at 0xa0008004
[22146.698577] PUF Read:0x00000000 at 0xa0008008
[22146.698577] PUF Read:0x00000000 at 0xa000800c
[22146.698577] PUF Read:0x00000000 at 0xa0008010
[22146.698669] PUF Read:0x00000100 at 0xa0008014
[22146.698669] PUF Read:0x00000000 at 0xa0008018
[22146.698669] PUF Read:0x00000000 at 0xa000801c
[22146.698669] PUF Read:0x00000000 at 0xa0008020
[22146.698760] PUF Read:0x00000000 at 0xa0008024
[22146.698791] PUF Read:0x00000000 at 0xa0008028
[22146.698791] PUF Read:0x00000000 at 0xa000802c
[22146.698791] PUF Read:0x00000000 at 0xa0008030
[22146.698852] PUF Read:0x00000000 at 0xa0008034
[22146.698852] PUF Read:0x00000000 at 0xa0008038
[22146.698913] PUF Read:0x00000000 at 0xa000803c
[22146.698944] PUF Read:0x00000001 at 0xa0008040
[22146.698944] PUF Read:0x00004000 at 0xa0008044
[22146.698944] PUF Read:0x00000000 at 0xa0008048
[22146.698944] PUF Read:0x00000000 at 0xa000804c
[22146.699035] PUF Read:0x00000000 at 0xa0008050
[22146.699035] PUF Read:0x00000000 at 0xa0008054
[22146.699096] PUF Read:0x00000000 at 0xa0008058
[22146.699127] PUF Read:0x00000000 at 0xa000805c
[22146.699127] PUF Read:0x00000000 at 0xa0008060
[22146.699127] PUF Read:0x00000000 at 0xa0008064
[22146.699188] PUF Read:0x00000000 at 0xa0008068
[22146.699188] PUF Read:0x00000000 at 0xa000806c
[22146.699249] PUF Read:0x00000000 at 0xa0008070
[22146.699279] PUF Read:0x00000000 at 0xa0008074
[22146.699279] PUF Read:0x00000000 at 0xa0008078
[22146.699279] PUF Read:0x00000000 at 0xa000807c
[22146.699340] PUF Read:0x00000000 at 0xa0008080
[22146.699340] PUF Read:0x00000000 at 0xa0008084
[22146.699401] PUF Read:0x00000000 at 0xa0008088
[22146.699432] PUF Read:0x00000000 at 0xa000808c
[22146.699432] PUF Read:0x00000000 at 0xa0008090
[22146.699432] PUF Read:0x00000000 at 0xa0008094
[22146.699432] PUF Read:0x00010000 at 0xa0008098
[22146.699523] PUF Read:0x00000000 at 0xa000809c
[22146.699523] PUF Read:0x00000000 at 0xa00080a0
[22146.699584] PUF Read:0x00000000 at 0xa00080a4
[22146.699615] PUF Read:0x00000000 at 0xa00080a8
[22146.699615] PUF Read:0x00000000 at 0xa00080ac
[22146.699615] PUF Read:0x00000000 at 0xa00080b0
[22146.699676] PUF Read:0x00000000 at 0xa00080b4
[22146.699676] PUF Read:0x00000000 at 0xa00080b8
[22146.699737] PUF Read:0x00000000 at 0xa00080bc
[22146.699768] PUF Read:0x00000000 at 0xa00080c0
[22146.699768] PUF Read:0x00000000 at 0xa00080c4
[22146.699768] PUF Read:0x00000000 at 0xa00080c8
[22146.699829] PUF Read:0x00000000 at 0xa00080cc
[22146.699829] PUF Read:0x00000000 at 0xa00080d0
[22146.699890] PUF Read:0x00000000 at 0xa00080d4
[22146.699920] PUF Read:0x00000000 at 0xa00080d8
[22146.699920] PUF Read:0x00000000 at 0xa00080dc
[22146.699920] PUF Read:0x00000000 at 0xa00080e0
[22146.699981] PUF Read:0x00000000 at 0xa00080e4
[22146.699981] PUF Read:0x00000000 at 0xa00080e8
[22146.700042] PUF Read:0x00000001 at 0xa00080ec
[22146.700073] PUF Read:0x00000000 at 0xa00080f0
[22146.700073] PUF Read:0x00000000 at 0xa00080f4
[22146.700134] PUF Read:0x00000000 at 0xa00080f8
[22146.700134] PUF Read:0x00000000 at 0xa00080fc
[22146.700134] PUF Read:0x00000000 at 0xa0008100
[22146.700134] PUF Read:0x00000000 at 0xa0008104
[22146.700225] PUF Read:0x00000000 at 0xa0008108
[22146.700225] PUF Read:0x00000000 at 0xa000810c
[22146.700225] PUF Read:0x00000000 at 0xa0008110
[22146.700225] PUF Read:0x00000000 at 0xa0008114
[22146.700225] PUF Read:0x00000000 at 0xa0008118
[22146.700225] PUF Read:0x00000000 at 0xa000811c
[22146.700378] PUF Read:0x00000000 at 0xa0008120
[22146.700378] PUF Read:0x00000000 at 0xa0008124
[22146.700378] PUF Read:0x00000000 at 0xa0008128
[22146.700378] PUF Read:0x00000000 at 0xa000812c
[22146.700378] PUF Read:0x00000000 at 0xa0008130
[22146.700378] PUF Read:0x00000000 at 0xa0008134
[22146.700531] PUF Read:0x00000000 at 0xa0008138
[22146.700561] PUF Read:0x00000000 at 0xa000813c
[22146.700561] PUF Read:0x00000000 at 0xa0008140
[22146.700561] PUF Read:0x00000000 at 0xa0008144
[22146.700622] PUF Read:0x00100400 at 0xa0008148
[22146.700622] PUF Read:0x00000000 at 0xa000814c
[22146.700683] PUF Read:0x00000000 at 0xa0008150
[22146.700714] PUF Read:0x00000000 at 0xa0008154
[22146.700714] PUF Read:0x00000000 at 0xa0008158
[22146.700714] PUF Read:0x00000040 at 0xa000815c
[22146.700775] PUF Read:0x00000000 at 0xa0008160
[22146.700775] PUF Read:0x00000000 at 0xa0008164
[22146.700836] PUF Read:0x00000000 at 0xa0008168
[22146.700866] PUF Read:0x00000000 at 0xa000816c
[22146.700866] PUF Read:0x00000000 at 0xa0008170
[22146.700866] PUF Read:0x00000000 at 0xa0008174
[22146.700927] PUF Read:0x00000000 at 0xa0008178
[22146.700927] PUF Read:0x00000000 at 0xa000817c
[22146.700988] PUF Read:0x00000000 at 0xa0008180
[22146.701019] PUF Read:0x00000000 at 0xa0008184
[22146.701019] PUF Read:0x00000000 at 0xa0008188
[22146.701019] PUF Read:0x00000000 at 0xa000818c
[22146.701019] PUF Read:0x00000000 at 0xa0008190
[22146.701019] PUF Read:0x00000000 at 0xa0008194
[22146.701019] PUF Read:0x00000000 at 0xa0008198
[22146.701171] PUF Read:0x00000000 at 0xa000819c
[22146.701171] PUF Read:0x00000000 at 0xa00081a0
[22146.701171] PUF Read:0x00000000 at 0xa00081a4
[22146.701171] PUF Read:0x00000000 at 0xa00081a8
[22146.701171] PUF Read:0x00000000 at 0xa00081ac
[22146.701171] PUF Read:0x00400000 at 0xa00081b0
[22146.701324] PUF Read:0x00000000 at 0xa00081b4
[22146.701324] PUF Read:0x00000000 at 0xa00081b8
[22146.701324] PUF Read:0x00000000 at 0xa00081bc
[22146.701324] PUF Read:0x00000000 at 0xa00081c0
[22146.701416] PUF Read:0x00000004 at 0xa00081c4
[22146.701416] PUF Read:0x00000000 at 0xa00081c8
[22146.701477] PUF Read:0x00000000 at 0xa00081cc
[22146.701507] PUF Read:0x10000000 at 0xa00081d0
[22146.701507] PUF Read:0x00000000 at 0xa00081d4
[22146.701507] PUF Read:0x00000000 at 0xa00081d8
[22146.701568] PUF Read:0x00000000 at 0xa00081dc
[22146.701568] PUF Read:0x00000000 at 0xa00081e0
[22146.701629] PUF Read:0x00000040 at 0xa00081e4
[22146.701660] PUF Read:0x00000000 at 0xa00081e8
[22146.701660] PUF Read:0x00000000 at 0xa00081ec
[22146.701660] PUF Read:0x00000000 at 0xa00081f0
[22146.701721] PUF Read:0x00000400 at 0xa00081f4
[22146.701721] PUF Read:0x00000000 at 0xa00081f8
[22146.701782] PUF Read:0x00000000 at 0xa00081fc
[22146.701812] PUF Read:0x00000000 at 0xa0008200
[22146.701812] PUF Read:0x00000000 at 0xa0008204
[22146.701812] PUF Read:0x00000000 at 0xa0008208
[22146.701873] PUF Read:0x00000000 at 0xa000820c
[22146.701873] PUF Read:0x00000000 at 0xa0008210
[22146.701934] PUF Read:0x00000000 at 0xa0008214
[22146.701965] PUF Read:0x00000000 at 0xa0008218
[22146.701965] PUF Read:0x00000000 at 0xa000821c
[22146.701965] PUF Read:0x00000000 at 0xa0008220
[22146.702026] PUF Read:0x00000000 at 0xa0008224
[22146.702026] PUF Read:0x00000000 at 0xa0008228
[22146.702087] PUF Read:0x00000000 at 0xa000822c
[22146.702117] PUF Read:0x00000000 at 0xa0008230
[22146.702117] PUF Read:0x00000000 at 0xa0008234
[22146.702178] PUF Read:0x00000000 at 0xa0008238
[22146.702178] PUF Read:0x00000000 at 0xa000823c
[22146.702178] PUF Read:0x00000000 at 0xa0008240
[22146.702239] PUF Read:0x00000000 at 0xa0008244
[22146.702270] PUF Read:0x00000000 at 0xa0008248
[22146.702270] PUF Read:0x00000000 at 0xa000824c
[22146.702331] PUF Read:0x00000000 at 0xa0008250
[22146.702331] PUF Read:0x00000000 at 0xa0008254
[22146.702331] PUF Read:0x00000000 at 0xa0008258
[22146.702392] PUF Read:0x00000000 at 0xa000825c
[22146.702423] PUF Read:0x00000000 at 0xa0008260
[22146.702423] PUF Read:0x00000000 at 0xa0008264
[22146.702484] PUF Read:0x00000000 at 0xa0008268
[22146.702484] PUF Read:0x00000000 at 0xa000826c
[22146.702484] PUF Read:0x00000000 at 0xa0008270
[22146.702484] PUF Read:0x00000000 at 0xa0008274
[22146.702575] PUF Read:0x00000000 at 0xa0008278
[22146.702606] PUF Read:0x00000000 at 0xa000827c
[22146.702606] PUF Read:0x00000000 at 0xa0008280
[22146.702606] PUF Read:0x00000000 at 0xa0008284
[22146.702606] PUF Read:0x00000000 at 0xa0008288
[22146.702606] PUF Read:0x00000000 at 0xa000828c
[22146.702606] PUF Read:0x00000000 at 0xa0008290
[22146.702758] PUF Read:0x00000000 at 0xa0008294
[22146.702758] PUF Read:0x00000000 at 0xa0008298
[22146.702758] PUF Read:0x00000000 at 0xa000829c
[22146.702758] PUF Read:0x00000000 at 0xa00082a0
[22146.702758] PUF Read:0x00000000 at 0xa00082a4
[22146.702758] PUF Read:0x00000000 at 0xa00082a8
[22146.702911] PUF Read:0x00000000 at 0xa00082ac
[22146.702911] PUF Read:0x00000000 at 0xa00082b0
[22146.702911] PUF Read:0x00000000 at 0xa00082b4
[22146.702911] PUF Read:0x00000040 at 0xa00082b8
[22146.702911] PUF Read:0x00000000 at 0xa00082bc
[22146.702911] PUF Read:0x00000000 at 0xa00082c0
[22146.703063] PUF Read:0x00000000 at 0xa00082c4
[22146.703063] PUF Read:0x10000000 at 0xa00082c8
[22146.703063] PUF Read:0x00000000 at 0xa00082cc
[22146.703063] PUF Read:0x00000000 at 0xa00082d0
[22146.703155] PUF Read:0x00000000 at 0xa00082d4
[22146.703155] PUF Read:0x00000000 at 0xa00082d8
[22146.703216] PUF Read:0x00000000 at 0xa00082dc
[22146.703247] PUF Read:0x00000000 at 0xa00082e0
[22146.703247] PUF Read:0x00000400 at 0xa00082e4
[22146.703247] PUF Read:0x00000000 at 0xa00082e8
[22146.703308] PUF Read:0x00000000 at 0xa00082ec
[22146.703308] PUF Read:0x00000000 at 0xa00082f0
[22146.703369] PUF Read:0x00000000 at 0xa00082f4
[22146.703399] PUF Read:0x00000000 at 0xa00082f8
[22146.703399] PUF Read:0x00000000 at 0xa00082fc
[22146.703399] PUF Read:0x00000000 at 0xa0008300
[22146.703460] PUF Read:0x00000000 at 0xa0008304
[22146.703460] PUF Read:0x00000000 at 0xa0008308
[22146.703521] PUF Read:0x00000000 at 0xa000830c
[22146.703552] PUF Read:0x00000000 at 0xa0008310
[22146.703552] PUF Read:0x00000000 at 0xa0008314
[22146.703552] PUF Read:0x00000000 at 0xa0008318
[22146.703613] PUF Read:0x10000000 at 0xa000831c
[22146.703613] PUF Read:0x00000000 at 0xa0008320
[22146.703674] PUF Read:0x00000000 at 0xa0008324
[22146.703704] PUF Read:0x00000000 at 0xa0008328
[22146.703704] PUF Read:0x00000000 at 0xa000832c
[22146.703704] PUF Read:0x00000004 at 0xa0008330
[22146.703765] PUF Read:0x00000000 at 0xa0008334
[22146.703765] PUF Read:0x00000000 at 0xa0008338
[22146.703826] PUF Read:0x00000000 at 0xa000833c
[22146.703857] PUF Read:0x00000000 at 0xa0008340
[22146.703857] PUF Read:0x00000000 at 0xa0008344
[22146.703857] PUF Read:0x00000000 at 0xa0008348
[22146.703918] PUF Read:0x00000000 at 0xa000834c
[22146.703918] PUF Read:0x00000000 at 0xa0008350
[22146.703979] PUF Read:0x00000000 at 0xa0008354
[22146.704010] PUF Read:0x00000000 at 0xa0008358
[22146.704010] PUF Read:0x00000000 at 0xa000835c
[22146.704010] PUF Read:0x00010000 at 0xa0008360
[22146.704071] PUF Read:0x00000000 at 0xa0008364
[22146.704071] PUF Read:0x00000000 at 0xa0008368
[22146.704071] PUF Read:0x00000000 at 0xa000836c
[22146.704162] PUF Read:0x00000000 at 0xa0008370
[22146.704162] PUF Read:0x00000000 at 0xa0008374
[22146.704162] PUF Read:0x00000000 at 0xa0008378
[22146.704162] PUF Read:0x00000000 at 0xa000837c
[22146.704162] PUF Read:0x00000000 at 0xa0008380
[22146.704162] PUF Read:0x00000000 at 0xa0008384
[22146.704315] PUF Read:0x00000000 at 0xa0008388
[22146.704315] PUF Read:0x00000000 at 0xa000838c
[22146.704315] PUF Read:0x00000000 at 0xa0008390
[22146.704315] PUF Read:0x00000000 at 0xa0008394
[22146.704315] PUF Read:0x00000000 at 0xa0008398
[22146.704315] PUF Read:0x00000000 at 0xa000839c
[22146.704467] PUF Read:0x00000000 at 0xa00083a0
[22146.704498] PUF Read:0x00000000 at 0xa00083a4
[22146.704498] PUF Read:0x00000000 at 0xa00083a8
[22146.704498] PUF Read:0x00000000 at 0xa00083ac
[22146.704498] PUF Read:0x00000000 at 0xa00083b0
[22146.704498] PUF Read:0x00000000 at 0xa00083b4
[22146.704620] PUF Read:0x00000000 at 0xa00083b8
[22146.704620] PUF Read:0x00000000 at 0xa00083bc
[22146.704620] PUF Read:0x00000000 at 0xa00083c0
[22146.704620] PUF Read:0x00000000 at 0xa00083c4
[22146.704620] PUF Read:0x00000000 at 0xa00083c8
[22146.704620] PUF Read:0x00000000 at 0xa00083cc
[22146.704772] PUF Read:0x00000000 at 0xa00083d0
[22146.704772] PUF Read:0x00010000 at 0xa00083d4
[22146.704772] PUF Read:0x00000000 at 0xa00083d8
[22146.704772] PUF Read:0x00000000 at 0xa00083dc
[22146.704772] PUF Read:0x00000000 at 0xa00083e0
[22146.704772] PUF Read:0x00000000 at 0xa00083e4
[22146.704925] PUF Read:0x00000000 at 0xa00083e8
[22146.704925] PUF Read:0x00000000 at 0xa00083ec
[22146.704925] PUF Read:0x00000000 at 0xa00083f0
[22146.704925] PUF Read:0x00000000 at 0xa00083f4
[22146.705017] PUF Read:0x00000004 at 0xa00083f8
[22146.705017] PUF Read:0x00040000 at 0xa00083fc
[22146.705078] [i] Finished PUF read-out
[22146.705078] <6>[i] Finished PUF query for decaytime: 7680
[22146.705078] [i] Start decaytime: 120
[22146.705108] EMIF 2 REG Write 0x80000000 at 0x4d000010
[22146.705108] EMIF 2 REG Read 0x80000000 at 0x4d000010
[22146.705139] EMIF 2 REG Write 0x80000000 at 0x4d000014
[22146.705139] EMIF 2 REG Read 0x00000000 at 0x4d000014
[22146.705169] EMIF 2 REG Write 0x08016893 at 0x4d0000cc
[22146.705169] EMIF 2 REG Read 0x08016893 at 0x4d0000cc
[22146.705169] Temp polling alert disabled
[22146.705200] Refresh Disabled at EMIF2
[22146.705200] [i] Initialiting PUF & hammer rows
[22146.705200] [i] Single-Sided Rowhammer (SSRH)
[22146.706329] [i] Finished initialiting PUF & hammer rows
[22146.706329] [i]	Timer elapsed since its reset 0 sec
[22146.712005] [i] Decay: 120 sec
[22146.712005] [i]	Relative Decay: 0 msec
