[22326.715179] [i] Total hammer attempts per row: 1863850
[22326.715179] EMIF 2 REG Write 0x00000618 at 0x4d000010
[22326.715179] EMIF 2 REG Read 0x00000618 at 0x4d000010
[22326.715240] EMIF 2 REG Write 0x00000618 at 0x4d000014
[22326.715240] EMIF 2 REG Read 0x00000618 at 0x4d000014
[22326.715240] EMIF 2 REG Write 0x58016893 at 0x4d0000cc
[22326.715270] EMIF 2 REG Read 0x58016893 at 0x4d0000cc
[22326.715270] Temp polling alert enabled
[22326.715270] Refresh enabled at EMIF2
[22326.715301] [i] Starting PUF read-out
[22326.715301] [i] Single-Sided Rowhammer (SSRH)
[22326.715332] PUF Read:0x00000000 at 0xa0008000
[22326.715332] PUF Read:0x00000000 at 0xa0008004
[22326.715332] PUF Read:0x00000000 at 0xa0008008
[22326.715332] PUF Read:0x00000000 at 0xa000800c
[22326.715423] PUF Read:0x00000000 at 0xa0008010
[22326.715423] PUF Read:0x00000100 at 0xa0008014
[22326.715484] PUF Read:0x00000000 at 0xa0008018
[22326.715515] PUF Read:0x00000000 at 0xa000801c
[22326.715515] PUF Read:0x00000000 at 0xa0008020
[22326.715515] PUF Read:0x00000000 at 0xa0008024
[22326.715515] PUF Read:0x00000000 at 0xa0008028
[22326.715515] PUF Read:0x00000000 at 0xa000802c
[22326.715515] PUF Read:0x00000000 at 0xa0008030
[22326.715667] PUF Read:0x00000000 at 0xa0008034
[22326.715667] PUF Read:0x00000000 at 0xa0008038
[22326.715667] PUF Read:0x00000000 at 0xa000803c
[22326.715667] PUF Read:0x00000001 at 0xa0008040
[22326.715667] PUF Read:0x00004000 at 0xa0008044
[22326.715667] PUF Read:0x00000000 at 0xa0008048
[22326.715820] PUF Read:0x00000000 at 0xa000804c
[22326.715850] PUF Read:0x00000000 at 0xa0008050
[22326.715850] PUF Read:0x00000000 at 0xa0008054
[22326.715850] PUF Read:0x00000000 at 0xa0008058
[22326.715911] PUF Read:0x00000000 at 0xa000805c
[22326.715911] PUF Read:0x00000000 at 0xa0008060
[22326.715972] PUF Read:0x00000000 at 0xa0008064
[22326.716003] PUF Read:0x00000000 at 0xa0008068
[22326.716003] PUF Read:0x00000000 at 0xa000806c
[22326.716003] PUF Read:0x00000000 at 0xa0008070
[22326.716064] PUF Read:0x00000000 at 0xa0008074
[22326.716064] PUF Read:0x00000000 at 0xa0008078
[22326.716125] PUF Read:0x00000000 at 0xa000807c
[22326.716156] PUF Read:0x00000000 at 0xa0008080
[22326.716156] PUF Read:0x00000000 at 0xa0008084
[22326.716156] PUF Read:0x00000000 at 0xa0008088
[22326.716217] PUF Read:0x00000000 at 0xa000808c
[22326.716217] PUF Read:0x00000000 at 0xa0008090
[22326.716278] PUF Read:0x00000000 at 0xa0008094
[22326.716308] PUF Read:0x00010000 at 0xa0008098
[22326.716308] PUF Read:0x00000000 at 0xa000809c
[22326.716308] PUF Read:0x00000000 at 0xa00080a0
[22326.716369] PUF Read:0x00000000 at 0xa00080a4
[22326.716369] PUF Read:0x00000000 at 0xa00080a8
[22326.716430] PUF Read:0x00000000 at 0xa00080ac
[22326.716461] PUF Read:0x00000000 at 0xa00080b0
[22326.716461] PUF Read:0x00000000 at 0xa00080b4
[22326.716461] PUF Read:0x00000000 at 0xa00080b8
[22326.716461] PUF Read:0x00000000 at 0xa00080bc
[22326.716461] PUF Read:0x00000000 at 0xa00080c0
[22326.716583] PUF Read:0x00000000 at 0xa00080c4
[22326.716583] PUF Read:0x00000000 at 0xa00080c8
[22326.716644] PUF Read:0x00000000 at 0xa00080cc
[22326.716644] PUF Read:0x00000000 at 0xa00080d0
[22326.716644] PUF Read:0x00000000 at 0xa00080d4
[22326.716705] PUF Read:0x00000000 at 0xa00080d8
[22326.716735] PUF Read:0x00000000 at 0xa00080dc
[22326.716735] PUF Read:0x01000000 at 0xa00080e0
[22326.716796] PUF Read:0x00000000 at 0xa00080e4
[22326.716796] PUF Read:0x00000000 at 0xa00080e8
[22326.716796] PUF Read:0x00000001 at 0xa00080ec
[22326.716857] PUF Read:0x00000000 at 0xa00080f0
[22326.716888] PUF Read:0x00000000 at 0xa00080f4
[22326.716888] PUF Read:0x00000000 at 0xa00080f8
[22326.716949] PUF Read:0x00000000 at 0xa00080fc
[22326.716949] PUF Read:0x00000000 at 0xa0008100
[22326.716949] PUF Read:0x00000000 at 0xa0008104
[22326.717010] PUF Read:0x00000000 at 0xa0008108
[22326.717041] PUF Read:0x00000000 at 0xa000810c
[22326.717041] PUF Read:0x00000000 at 0xa0008110
[22326.717041] PUF Read:0x00000000 at 0xa0008114
[22326.717102] PUF Read:0x00000000 at 0xa0008118
[22326.717102] PUF Read:0x00000000 at 0xa000811c
[22326.717163] PUF Read:0x00000000 at 0xa0008120
[22326.717193] PUF Read:0x00000000 at 0xa0008124
[22326.717193] PUF Read:0x00000000 at 0xa0008128
[22326.717193] PUF Read:0x00000000 at 0xa000812c
[22326.717254] PUF Read:0x00000000 at 0xa0008130
[22326.717254] PUF Read:0x00000000 at 0xa0008134
[22326.717315] PUF Read:0x00000000 at 0xa0008138
[22326.717346] PUF Read:0x00000000 at 0xa000813c
[22326.717346] PUF Read:0x00000000 at 0xa0008140
[22326.717346] PUF Read:0x00000000 at 0xa0008144
[22326.717407] PUF Read:0x00100400 at 0xa0008148
[22326.717407] PUF Read:0x00000000 at 0xa000814c
[22326.717407] PUF Read:0x00000000 at 0xa0008150
[22326.717498] PUF Read:0x00000000 at 0xa0008154
[22326.717498] PUF Read:0x00000000 at 0xa0008158
[22326.717498] PUF Read:0x00000040 at 0xa000815c
[22326.717498] PUF Read:0x00000000 at 0xa0008160
[22326.717590] PUF Read:0x00000000 at 0xa0008164
[22326.717590] PUF Read:0x00000000 at 0xa0008168
[22326.717651] PUF Read:0x00400000 at 0xa000816c
[22326.717681] PUF Read:0x00000000 at 0xa0008170
[22326.717681] PUF Read:0x00000000 at 0xa0008174
[22326.717681] PUF Read:0x00000000 at 0xa0008178
[22326.717742] PUF Read:0x00000000 at 0xa000817c
[22326.717742] PUF Read:0x00000000 at 0xa0008180
[22326.717803] PUF Read:0x00000000 at 0xa0008184
[22326.717834] PUF Read:0x00000000 at 0xa0008188
[22326.717834] PUF Read:0x00000000 at 0xa000818c
[22326.717834] PUF Read:0x00000000 at 0xa0008190
[22326.717895] PUF Read:0x00000000 at 0xa0008194
[22326.717895] PUF Read:0x00000000 at 0xa0008198
[22326.717956] PUF Read:0x00000000 at 0xa000819c
[22326.717956] PUF Read:0x00000000 at 0xa00081a0
[22326.717956] PUF Read:0x00000000 at 0xa00081a4
[22326.717956] PUF Read:0x00000000 at 0xa00081a8
[22326.718048] PUF Read:0x00000000 at 0xa00081ac
[22326.718048] PUF Read:0x00400000 at 0xa00081b0
[22326.718109] PUF Read:0x00000000 at 0xa00081b4
[22326.718139] PUF Read:0x00000000 at 0xa00081b8
[22326.718139] PUF Read:0x00000000 at 0xa00081bc
[22326.718139] PUF Read:0x00000000 at 0xa00081c0
[22326.718200] PUF Read:0x00000004 at 0xa00081c4
[22326.718200] PUF Read:0x00000000 at 0xa00081c8
[22326.718261] PUF Read:0x00000000 at 0xa00081cc
[22326.718261] PUF Read:0x10000000 at 0xa00081d0
[22326.718261] PUF Read:0x00000000 at 0xa00081d4
[22326.718261] PUF Read:0x00000000 at 0xa00081d8
[22326.718353] PUF Read:0x00000000 at 0xa00081dc
[22326.718353] PUF Read:0x00000000 at 0xa00081e0
[22326.718414] PUF Read:0x00000040 at 0xa00081e4
[22326.718444] PUF Read:0x00000000 at 0xa00081e8
[22326.718444] PUF Read:0x00000000 at 0xa00081ec
[22326.718444] PUF Read:0x00000000 at 0xa00081f0
[22326.718505] PUF Read:0x00000400 at 0xa00081f4
[22326.718505] PUF Read:0x00000000 at 0xa00081f8
[22326.718566] PUF Read:0x00000000 at 0xa00081fc
[22326.718597] PUF Read:0x00000000 at 0xa0008200
[22326.718597] PUF Read:0x00000000 at 0xa0008204
[22326.718597] PUF Read:0x00000000 at 0xa0008208
[22326.718658] PUF Read:0x00000000 at 0xa000820c
[22326.718658] PUF Read:0x00000000 at 0xa0008210
[22326.718719] PUF Read:0x00000000 at 0xa0008214
[22326.718750] PUF Read:0x00000000 at 0xa0008218
[22326.718750] PUF Read:0x00000000 at 0xa000821c
[22326.718750] PUF Read:0x00000000 at 0xa0008220
[22326.718811] PUF Read:0x00000000 at 0xa0008224
[22326.718811] PUF Read:0x00000000 at 0xa0008228
[22326.718872] PUF Read:0x00000000 at 0xa000822c
[22326.718902] PUF Read:0x00000000 at 0xa0008230
[22326.718902] PUF Read:0x00400000 at 0xa0008234
[22326.718902] PUF Read:0x00000000 at 0xa0008238
[22326.718963] PUF Read:0x00000000 at 0xa000823c
[22326.718963] PUF Read:0x00000000 at 0xa0008240
[22326.718963] PUF Read:0x00000000 at 0xa0008244
[22326.719055] PUF Read:0x00000000 at 0xa0008248
[22326.719055] PUF Read:0x00000000 at 0xa000824c
[22326.719055] PUF Read:0x00000000 at 0xa0008250
[22326.719055] PUF Read:0x00000000 at 0xa0008254
[22326.719146] PUF Read:0x00000000 at 0xa0008258
[22326.719146] PUF Read:0x00000000 at 0xa000825c
[22326.719207] PUF Read:0x00000000 at 0xa0008260
[22326.719238] PUF Read:0x00000000 at 0xa0008264
[22326.719238] PUF Read:0x00000000 at 0xa0008268
[22326.719238] PUF Read:0x00000000 at 0xa000826c
[22326.719299] PUF Read:0x00000000 at 0xa0008270
[22326.719299] PUF Read:0x00000000 at 0xa0008274
[22326.719360] PUF Read:0x00000000 at 0xa0008278
[22326.719360] PUF Read:0x00000000 at 0xa000827c
[22326.719360] PUF Read:0x00000000 at 0xa0008280
[22326.719360] PUF Read:0x00000000 at 0xa0008284
[22326.719360] PUF Read:0x00000000 at 0xa0008288
[22326.719360] PUF Read:0x00000000 at 0xa000828c
[22326.719512] PUF Read:0x00000000 at 0xa0008290
[22326.719512] PUF Read:0x00000000 at 0xa0008294
[22326.719512] PUF Read:0x00000000 at 0xa0008298
[22326.719512] PUF Read:0x00000000 at 0xa000829c
[22326.719512] PUF Read:0x00000000 at 0xa00082a0
[22326.719635] PUF Read:0x00000000 at 0xa00082a4
[22326.719665] PUF Read:0x00000000 at 0xa00082a8
[22326.719665] PUF Read:0x00000000 at 0xa00082ac
[22326.719726] PUF Read:0x00000000 at 0xa00082b0
[22326.719726] PUF Read:0x00000000 at 0xa00082b4
[22326.719726] PUF Read:0x00000040 at 0xa00082b8
[22326.719787] PUF Read:0x00000000 at 0xa00082bc
[22326.719818] PUF Read:0x00000000 at 0xa00082c0
[22326.719818] PUF Read:0x00000000 at 0xa00082c4
[22326.719879] PUF Read:0x10000000 at 0xa00082c8
[22326.719879] PUF Read:0x00000000 at 0xa00082cc
[22326.719879] PUF Read:0x00000000 at 0xa00082d0
[22326.719940] PUF Read:0x00000000 at 0xa00082d4
[22326.719970] PUF Read:0x00000000 at 0xa00082d8
[22326.719970] PUF Read:0x00000000 at 0xa00082dc
[22326.719970] PUF Read:0x00000000 at 0xa00082e0
[22326.720031] PUF Read:0x00000400 at 0xa00082e4
[22326.720031] PUF Read:0x00000000 at 0xa00082e8
[22326.720092] PUF Read:0x00000000 at 0xa00082ec
[22326.720123] PUF Read:0x00000000 at 0xa00082f0
[22326.720123] PUF Read:0x00000000 at 0xa00082f4
[22326.720123] PUF Read:0x00000000 at 0xa00082f8
[22326.720184] PUF Read:0x00000000 at 0xa00082fc
[22326.720184] PUF Read:0x00000000 at 0xa0008300
[22326.720245] PUF Read:0x00000000 at 0xa0008304
[22326.720275] PUF Read:0x00000000 at 0xa0008308
[22326.720275] PUF Read:0x00000000 at 0xa000830c
[22326.720275] PUF Read:0x00000000 at 0xa0008310
[22326.720336] PUF Read:0x00000000 at 0xa0008314
[22326.720336] PUF Read:0x00000000 at 0xa0008318
[22326.720397] PUF Read:0x10000000 at 0xa000831c
[22326.720428] PUF Read:0x00000000 at 0xa0008320
[22326.720428] PUF Read:0x00000000 at 0xa0008324
[22326.720428] PUF Read:0x00000000 at 0xa0008328
[22326.720489] PUF Read:0x00000000 at 0xa000832c
[22326.720489] PUF Read:0x00000004 at 0xa0008330
[22326.720489] PUF Read:0x00000000 at 0xa0008334
[22326.720581] PUF Read:0x00000000 at 0xa0008338
[22326.720581] PUF Read:0x00000000 at 0xa000833c
[22326.720581] PUF Read:0x00000000 at 0xa0008340
[22326.720581] PUF Read:0x00000000 at 0xa0008344
[22326.720581] PUF Read:0x00000000 at 0xa0008348
[22326.720581] PUF Read:0x00000000 at 0xa000834c
[22326.720733] PUF Read:0x00000000 at 0xa0008350
[22326.720733] PUF Read:0x00000000 at 0xa0008354
[22326.720733] PUF Read:0x00000000 at 0xa0008358
[22326.720733] PUF Read:0x00000000 at 0xa000835c
[22326.720825] PUF Read:0x00010000 at 0xa0008360
[22326.720825] PUF Read:0x00000000 at 0xa0008364
[22326.720886] PUF Read:0x00000000 at 0xa0008368
[22326.720886] PUF Read:0x00000000 at 0xa000836c
[22326.720886] PUF Read:0x00000000 at 0xa0008370
[22326.720886] PUF Read:0x00000000 at 0xa0008374
[22326.720886] PUF Read:0x00000000 at 0xa0008378
[22326.720886] PUF Read:0x00000000 at 0xa000837c
[22326.721038] PUF Read:0x00000000 at 0xa0008380
[22326.721038] PUF Read:0x00000000 at 0xa0008384
[22326.721038] PUF Read:0x00000000 at 0xa0008388
[22326.721038] PUF Read:0x00000000 at 0xa000838c
[22326.721038] PUF Read:0x00000000 at 0xa0008390
[22326.721038] PUF Read:0x00000000 at 0xa0008394
[22326.721221] PUF Read:0x00000000 at 0xa0008398
[22326.721252] PUF Read:0x00000000 at 0xa000839c
[22326.721282] PUF Read:0x00000000 at 0xa00083a0
[22326.721282] PUF Read:0x00000000 at 0xa00083a4
[22326.721282] PUF Read:0x00000000 at 0xa00083a8
[22326.721343] PUF Read:0x00000000 at 0xa00083ac
[22326.721343] PUF Read:0x00000000 at 0xa00083b0
[22326.721405] PUF Read:0x00000000 at 0xa00083b4
[22326.721435] PUF Read:0x00000000 at 0xa00083b8
[22326.721435] PUF Read:0x00000000 at 0xa00083bc
[22326.721496] PUF Read:0x00000000 at 0xa00083c0
[22326.721496] PUF Read:0x00000000 at 0xa00083c4
[22326.721496] PUF Read:0x00000000 at 0xa00083c8
[22326.721557] PUF Read:0x00000000 at 0xa00083cc
[22326.721588] PUF Read:0x00000000 at 0xa00083d0
[22326.721588] PUF Read:0x00010000 at 0xa00083d4
[22326.721649] PUF Read:0x00000000 at 0xa00083d8
[22326.721649] PUF Read:0x00000000 at 0xa00083dc
[22326.721649] PUF Read:0x00000000 at 0xa00083e0
[22326.721710] PUF Read:0x00000000 at 0xa00083e4
[22326.721740] PUF Read:0x00000000 at 0xa00083e8
[22326.721740] PUF Read:0x00000000 at 0xa00083ec
[22326.721740] PUF Read:0x00000000 at 0xa00083f0
[22326.721801] PUF Read:0x00000000 at 0xa00083f4
[22326.721801] PUF Read:0x00000004 at 0xa00083f8
[22326.721862] PUF Read:0x00040000 at 0xa00083fc
[22326.721893] [i] Finished PUF read-out
[22326.721893] <6>[i] Finished PUF query for decaytime: 7680
[22326.721893] [i] Start decaytime: 120
[22326.721923] EMIF 2 REG Write 0x80000000 at 0x4d000010
[22326.721923] EMIF 2 REG Read 0x80000000 at 0x4d000010
[22326.721954] EMIF 2 REG Write 0x80000000 at 0x4d000014
[22326.721954] EMIF 2 REG Read 0x00000000 at 0x4d000014
[22326.721984] EMIF 2 REG Write 0x08016893 at 0x4d0000cc
[22326.721984] EMIF 2 REG Read 0x08016893 at 0x4d0000cc
[22326.721984] Temp polling alert disabled
[22326.722015] Refresh Disabled at EMIF2
[22326.722015] [i] Initialiting PUF & hammer rows
[22326.722015] [i] Single-Sided Rowhammer (SSRH)
[22326.728698] [i] Finished initialiting PUF & hammer rows
[22326.728698] [i]	Timer elapsed since its reset 0 sec
[22326.728698] [i] Decay: 120 sec
[22326.728729] [i]	Relative Decay: 0 msec
