[65720.533752] [i] Total hammer attempts per row: 3728022
[65720.533782] EMIF 2 REG Write 0x00000618 at 0x4d000010
[65720.533782] EMIF 2 REG Read 0x00000618 at 0x4d000010
[65720.533813] EMIF 2 REG Write 0x00000618 at 0x4d000014
[65720.533813] EMIF 2 REG Read 0x00000618 at 0x4d000014
[65720.533843] EMIF 2 REG Write 0x58016893 at 0x4d0000cc
[65720.533843] EMIF 2 REG Read 0x58016893 at 0x4d0000cc
[65720.533843] Temp polling alert enabled
[65720.533874] Refresh enabled at EMIF2
[65720.533874] [i] Starting PUF read-out
[65720.533874] [i] Single-Sided Rowhammer (SSRH)
[65720.533905] PUF Read:0xaaaa2aaa at 0xa0008000
[65720.533905] PUF Read:0xaaaaaaaa at 0xa0008004
[65720.533905] PUF Read:0xaaaaaaaa at 0xa0008008
[65720.533905] PUF Read:0xa2aaaa2a at 0xa000800c
[65720.533905] PUF Read:0xaaaaaaaa at 0xa0008010
[65720.534027] PUF Read:0x8aaaabaa at 0xa0008014
[65720.534027] PUF Read:0xaaaa2aaa at 0xa0008018
[65720.534088] PUF Read:0xaaa2aaaa at 0xa000801c
[65720.534118] PUF Read:0xaaaaaaaa at 0xa0008020
[65720.534118] PUF Read:0xeaaaeaaa at 0xa0008024
[65720.534118] PUF Read:0xaaaaaaaa at 0xa0008028
[65720.534118] PUF Read:0xaaaaaaba at 0xa000802c
[65720.534118] PUF Read:0xaaaaaaa8 at 0xa0008030
[65720.534118] PUF Read:0xaaaaaaaa at 0xa0008034
[65720.534271] PUF Read:0xaaaaaaaa at 0xa0008038
[65720.534301] PUF Read:0xaaaaaaaa at 0xa000803c
[65720.534301] PUF Read:0xaaaaaaab at 0xa0008040
[65720.534301] PUF Read:0xaaaaeaaa at 0xa0008044
[65720.534362] PUF Read:0xaaaaaaaa at 0xa0008048
[65720.534362] PUF Read:0xaaaaaaa8 at 0xa000804c
[65720.534423] PUF Read:0xa2aaaaaa at 0xa0008050
[65720.534454] PUF Read:0xaaaaa8aa at 0xa0008054
[65720.534454] PUF Read:0xaaaaaa8a at 0xa0008058
[65720.534454] PUF Read:0xaaaaaaaa at 0xa000805c
[65720.534515] PUF Read:0xaaaaaaaa at 0xa0008060
[65720.534515] PUF Read:0xaaaa2aaa at 0xa0008064
[65720.534576] PUF Read:0xaaaaaaaa at 0xa0008068
[65720.534606] PUF Read:0xaaaaaaaa at 0xa000806c
[65720.534606] PUF Read:0xaaaaaaaa at 0xa0008070
[65720.534606] PUF Read:0xaaaaaaaa at 0xa0008074
[65720.534606] PUF Read:0xaaaaaaaa at 0xa0008078
[65720.534606] PUF Read:0xaaabaaaa at 0xa000807c
[65720.534606] PUF Read:0xaaabaaaa at 0xa0008080
[65720.534759] PUF Read:0xaaaaaaaa at 0xa0008084
[65720.534759] PUF Read:0xaaaaaaaa at 0xa0008088
[65720.534759] PUF Read:0xaaaaaaaa at 0xa000808c
[65720.534759] PUF Read:0xaaaa8aaa at 0xa0008090
[65720.534759] PUF Read:0xaaaaaaaa at 0xa0008094
[65720.534759] PUF Read:0x2aabaaab at 0xa0008098
[65720.534912] PUF Read:0xaaaaaaaa at 0xa000809c
[65720.534942] PUF Read:0x8aaaaa2a at 0xa00080a0
[65720.534942] PUF Read:0xaaabaaaa at 0xa00080a4
[65720.534942] PUF Read:0xaa8aaaab at 0xa00080a8
[65720.535003] PUF Read:0xaaaa8aea at 0xa00080ac
[65720.535003] PUF Read:0xaaaaaaaa at 0xa00080b0
[65720.535064] PUF Read:0x2a2aaaaa at 0xa00080b4
[65720.535095] PUF Read:0xaaaaeaaa at 0xa00080b8
[65720.535095] PUF Read:0x8aaaaaaa at 0xa00080bc
[65720.535095] PUF Read:0xaaaaaaaa at 0xa00080c0
[65720.535156] PUF Read:0xaaaaaaaa at 0xa00080c4
[65720.535156] PUF Read:0xaaa2aaaa at 0xa00080c8
[65720.535217] PUF Read:0xabaaaaaa at 0xa00080cc
[65720.535247] PUF Read:0xeaaeeaaa at 0xa00080d0
[65720.535247] PUF Read:0xaaaa2aaa at 0xa00080d4
[65720.535247] PUF Read:0xaaaa3aaa at 0xa00080d8
[65720.535308] PUF Read:0xaaaaaaaa at 0xa00080dc
[65720.535308] PUF Read:0xabaaaaaa at 0xa00080e0
[65720.535369] PUF Read:0xaaaaaaaa at 0xa00080e4
[65720.535400] PUF Read:0xaaaaaaaa at 0xa00080e8
[65720.535400] PUF Read:0xaaaaaaab at 0xa00080ec
[65720.535400] PUF Read:0x8aaaaaaa at 0xa00080f0
[65720.535400] PUF Read:0xaaaaaaaa at 0xa00080f4
[65720.535491] PUF Read:0xaaaaabaa at 0xa00080f8
[65720.535491] PUF Read:0xaa8aaaaa at 0xa00080fc
[65720.535552] PUF Read:0xaaaaaaaa at 0xa0008100
[65720.535583] PUF Read:0xaaaaaaaa at 0xa0008104
[65720.535583] PUF Read:0xaaa2aaaa at 0xa0008108
[65720.535583] PUF Read:0xaaaaaaaa at 0xa000810c
[65720.535644] PUF Read:0xaaaaaaaa at 0xa0008110
[65720.535644] PUF Read:0xaaea2aaa at 0xa0008114
[65720.535705] PUF Read:0xaaaaaaaa at 0xa0008118
[65720.535736] PUF Read:0xa8aaaaaa at 0xa000811c
[65720.535736] PUF Read:0xaaaaaaaa at 0xa0008120
[65720.535736] PUF Read:0xaaaaaeaa at 0xa0008124
[65720.535797] PUF Read:0xaaaaaaaa at 0xa0008128
[65720.535797] PUF Read:0xaaaaaaaa at 0xa000812c
[65720.535858] PUF Read:0xaaaaaaaa at 0xa0008130
[65720.535888] PUF Read:0xaaaaaa2a at 0xa0008134
[65720.535888] PUF Read:0xaa8baaaa at 0xa0008138
[65720.535888] PUF Read:0xaaaaaaaa at 0xa000813c
[65720.535949] PUF Read:0xaaaaaeaa at 0xa0008140
[65720.535949] PUF Read:0xaaaaaaaa at 0xa0008144
[65720.536010] PUF Read:0xaabaaeaa at 0xa0008148
[65720.536041] PUF Read:0xaaaaaaaa at 0xa000814c
[65720.536041] PUF Read:0xaaaaaaaa at 0xa0008150
[65720.536102] PUF Read:0xaaaaaaaa at 0xa0008154
[65720.536102] PUF Read:0xaaaaaaaa at 0xa0008158
[65720.536102] PUF Read:0xaaaaaaea at 0xa000815c
[65720.536163] PUF Read:0xaaaaaaaa at 0xa0008160
[65720.536193] PUF Read:0xaaaaaaaa at 0xa0008164
[65720.536193] PUF Read:0xaeaaaaaa at 0xa0008168
[65720.536193] PUF Read:0xaaeaaaaa at 0xa000816c
[65720.536193] PUF Read:0x2aaaaaaa at 0xa0008170
[65720.536193] PUF Read:0xaabaaaaa at 0xa0008174
[65720.536193] PUF Read:0xaaaaaaaa at 0xa0008178
[65720.536346] PUF Read:0xaaaaaaaa at 0xa000817c
[65720.536346] PUF Read:0xaaaa2a2a at 0xa0008180
[65720.536346] PUF Read:0xaaaaaaaa at 0xa0008184
[65720.536346] PUF Read:0xaa2aaaaa at 0xa0008188
[65720.536346] PUF Read:0xaaaaaaea at 0xa000818c
[65720.536346] PUF Read:0x2aaaaaaa at 0xa0008190
[65720.536499] PUF Read:0xeaaaaaaa at 0xa0008194
[65720.536499] PUF Read:0xaaaaaaaa at 0xa0008198
[65720.536499] PUF Read:0xaaaaaaaa at 0xa000819c
[65720.536499] PUF Read:0xaaaaaaaa at 0xa00081a0
[65720.536499] PUF Read:0xaaaaaaaa at 0xa00081a4
[65720.536499] PUF Read:0xaaa2aaaa at 0xa00081a8
[65720.536651] PUF Read:0xaaaaaaaa at 0xa00081ac
[65720.536651] PUF Read:0xaaebaaaa at 0xa00081b0
[65720.536651] PUF Read:0xaaaaaaaa at 0xa00081b4
[65720.536651] PUF Read:0xaaaaaaaa at 0xa00081b8
[65720.536651] PUF Read:0xa2baaaaa at 0xa00081bc
[65720.536651] PUF Read:0xaaa88aaa at 0xa00081c0
[65720.536804] PUF Read:0xaaaaaaae at 0xa00081c4
[65720.536804] PUF Read:0xaaaaaaaa at 0xa00081c8
[65720.536804] PUF Read:0xaa2baaaa at 0xa00081cc
[65720.536804] PUF Read:0xbaaaaaaa at 0xa00081d0
[65720.536895] PUF Read:0xaaaaaa2a at 0xa00081d4
[65720.536895] PUF Read:0xaaaaaaaa at 0xa00081d8
[65720.536956] PUF Read:0xaaaaaaaa at 0xa00081dc
[65720.536987] PUF Read:0xaaaaaaaa at 0xa00081e0
[65720.536987] PUF Read:0xaaaaaaea at 0xa00081e4
[65720.537048] PUF Read:0xaaaaaaaa at 0xa00081e8
[65720.537048] PUF Read:0xaa2aaaaa at 0xa00081ec
[65720.537048] PUF Read:0xaaaaaaab at 0xa00081f0
[65720.537048] PUF Read:0xaaaaaeaa at 0xa00081f4
[65720.537139] PUF Read:0xaaaaaaa2 at 0xa00081f8
[65720.537139] PUF Read:0xaaaaaaaa at 0xa00081fc
[65720.537139] PUF Read:0xaaaaaaaa at 0xa0008200
[65720.537139] PUF Read:0xaaaaaaaa at 0xa0008204
[65720.537139] PUF Read:0xaaaaaaba at 0xa0008208
[65720.537139] PUF Read:0xa8aaaaaa at 0xa000820c
[65720.537292] PUF Read:0xaaaaa2a8 at 0xa0008210
[65720.537292] PUF Read:0xaaaaaaaa at 0xa0008214
[65720.537292] PUF Read:0xaaaaaeaa at 0xa0008218
[65720.537292] PUF Read:0xaaaaaaaa at 0xa000821c
[65720.537384] PUF Read:0xaaaaaaaa at 0xa0008220
[65720.537384] PUF Read:0xaabaaaaa at 0xa0008224
[65720.537445] PUF Read:0xaaaaaaaa at 0xa0008228
[65720.537475] PUF Read:0xaaaaaaaa at 0xa000822c
[65720.537475] PUF Read:0xaaaaaeaa at 0xa0008230
[65720.537475] PUF Read:0x286aaaaa at 0xa0008234
[65720.537536] PUF Read:0xaaaaaaaa at 0xa0008238
[65720.537536] PUF Read:0xaaaaaaaa at 0xa000823c
[65720.537597] PUF Read:0xaaaaaaaa at 0xa0008240
[65720.537628] PUF Read:0xaaaaaaaa at 0xa0008244
[65720.537628] PUF Read:0xaaaaaaaa at 0xa0008248
[65720.537689] PUF Read:0xaaaaaaaa at 0xa000824c
[65720.537689] PUF Read:0xaaaaaaaa at 0xa0008250
[65720.537689] PUF Read:0xaabaaaaa at 0xa0008254
[65720.537689] PUF Read:0xaaaaaaaa at 0xa0008258
[65720.537780] PUF Read:0xaaaeaaaa at 0xa000825c
[65720.537780] PUF Read:0xaaaaaaaa at 0xa0008260
[65720.537780] PUF Read:0xaaaaaaaa at 0xa0008264
[65720.537780] PUF Read:0xaaaa8caa at 0xa0008268
[65720.537872] PUF Read:0xaaaaaaaa at 0xa000826c
[65720.537872] PUF Read:0xaaaaaaaa at 0xa0008270
[65720.537933] PUF Read:0xaaaaaaaa at 0xa0008274
[65720.537963] PUF Read:0xaaaaaaea at 0xa0008278
[65720.537963] PUF Read:0xaaaaaaaa at 0xa000827c
[65720.537963] PUF Read:0xeaaaaaaa at 0xa0008280
[65720.538024] PUF Read:0xa2aaaaaa at 0xa0008284
[65720.538024] PUF Read:0xaaeaaaaa at 0xa0008288
[65720.538085] PUF Read:0xaaaaaaaa at 0xa000828c
[65720.538116] PUF Read:0xaaaaaaa8 at 0xa0008290
[65720.538116] PUF Read:0xa8aaaaaa at 0xa0008294
[65720.538116] PUF Read:0xaaaaaaaa at 0xa0008298
[65720.538177] PUF Read:0xaaaaaaaa at 0xa000829c
[65720.538177] PUF Read:0xaaaaaaaa at 0xa00082a0
[65720.538238] PUF Read:0xaaaabaaa at 0xa00082a4
[65720.538269] PUF Read:0xaaaaaaaa at 0xa00082a8
[65720.538269] PUF Read:0xaaaaaaaa at 0xa00082ac
[65720.538269] PUF Read:0xaaaaaaaa at 0xa00082b0
[65720.538330] PUF Read:0xaaaaaaaa at 0xa00082b4
[65720.538330] PUF Read:0xaaa8aaea at 0xa00082b8
[65720.538391] PUF Read:0xaaaaaaaa at 0xa00082bc
[65720.538421] PUF Read:0xaaaaaaaa at 0xa00082c0
[65720.538421] PUF Read:0xaaaaaaaa at 0xa00082c4
[65720.538482] PUF Read:0xbaaaaaaa at 0xa00082c8
[65720.538482] PUF Read:0xaaaaaaaa at 0xa00082cc
[65720.538482] PUF Read:0xaabaaaaa at 0xa00082d0
[65720.538482] PUF Read:0xaaaaaaaa at 0xa00082d4
[65720.538482] PUF Read:0xaaaaaaaa at 0xa00082d8
[65720.538604] PUF Read:0xaaaaeaaa at 0xa00082dc
[65720.538604] PUF Read:0xaaaaaaaa at 0xa00082e0
[65720.538604] PUF Read:0xaaaaaeaa at 0xa00082e4
[65720.538604] PUF Read:0xaaaaaaaa at 0xa00082e8
[65720.538604] PUF Read:0xaaaaaaab at 0xa00082ec
[65720.538604] PUF Read:0xaaaaaaaa at 0xa00082f0
[65720.538757] PUF Read:0xaaaaaaaa at 0xa00082f4
[65720.538787] PUF Read:0xaaaaaaaa at 0xa00082f8
[65720.538787] PUF Read:0xaaaaaaaa at 0xa00082fc
[65720.538787] PUF Read:0xaaaaaaaa at 0xa0008300
[65720.538848] PUF Read:0xaaaaaaaa at 0xa0008304
[65720.538848] PUF Read:0xaaaa8aaa at 0xa0008308
[65720.538909] PUF Read:0xaaaaaaaa at 0xa000830c
[65720.538940] PUF Read:0xaaaaaa8a at 0xa0008310
[65720.538940] PUF Read:0xaaaaaaaa at 0xa0008314
[65720.538940] PUF Read:0x2baaaaaa at 0xa0008318
[65720.539001] PUF Read:0xbaaaaaaa at 0xa000831c
[65720.539001] PUF Read:0xaaaaaaaa at 0xa0008320
[65720.539062] PUF Read:0xaaaaaaaa at 0xa0008324
[65720.539093] PUF Read:0xaaaaaaaa at 0xa0008328
[65720.539093] PUF Read:0xaaabaaaa at 0xa000832c
[65720.539093] PUF Read:0xaaaaaaae at 0xa0008330
[65720.539093] PUF Read:0xaaaaaaaa at 0xa0008334
[65720.539093] PUF Read:0xaaaabaaa at 0xa0008338
[65720.539093] PUF Read:0xaaaaaaaa at 0xa000833c
[65720.539245] PUF Read:0xbaaaaaaa at 0xa0008340
[65720.539245] PUF Read:0xaaaaaa2b at 0xa0008344
[65720.539245] PUF Read:0xaaaaaaaa at 0xa0008348
[65720.539245] PUF Read:0xaaaaabaa at 0xa000834c
[65720.539245] PUF Read:0xaaaa8a8a at 0xa0008350
[65720.539245] PUF Read:0x8aaaaaaa at 0xa0008354
[65720.539398] PUF Read:0xaaaaaaaa at 0xa0008358
[65720.539428] PUF Read:0xaaaaaaaa at 0xa000835c
[65720.539428] PUF Read:0xaaabaaaa at 0xa0008360
[65720.539428] PUF Read:0xaaaaaa2a at 0xa0008364
[65720.539489] PUF Read:0xaaaaaaaa at 0xa0008368
[65720.539489] PUF Read:0xaaaaaeaa at 0xa000836c
[65720.539550] PUF Read:0xaaaaaaaa at 0xa0008370
[65720.539581] PUF Read:0xaaaaaaaa at 0xa0008374
[65720.539581] PUF Read:0xaaaa8aaa at 0xa0008378
[65720.539581] PUF Read:0xaaaaaaaa at 0xa000837c
[65720.539642] PUF Read:0xaaaaaaaa at 0xa0008380
[65720.539642] PUF Read:0xaaaaaaaa at 0xa0008384
[65720.539703] PUF Read:0xaaaaaaaa at 0xa0008388
[65720.539733] PUF Read:0xaaaaaaaa at 0xa000838c
[65720.539733] PUF Read:0xaaaaaaab at 0xa0008390
[65720.539733] PUF Read:0xaaaaabaa at 0xa0008394
[65720.539733] PUF Read:0xaaaaaaaa at 0xa0008398
[65720.539825] PUF Read:0xaaa2aaaa at 0xa000839c
[65720.539825] PUF Read:0xaaaaaaaa at 0xa00083a0
[65720.539886] PUF Read:0xaaaaaaaa at 0xa00083a4
[65720.539916] PUF Read:0xaaaaaaaa at 0xa00083a8
[65720.539916] PUF Read:0xaaaabaaa at 0xa00083ac
[65720.539916] PUF Read:0xaaaaaaa2 at 0xa00083b0
[65720.539978] PUF Read:0xaaaaaaaa at 0xa00083b4
[65720.539978] PUF Read:0xaaaaaaaa at 0xa00083b8
[65720.540039] PUF Read:0xaaaaaaaa at 0xa00083bc
[65720.540069] PUF Read:0xaaaaaaaa at 0xa00083c0
[65720.540100] PUF Read:0xaeaaaaaa at 0xa00083c4
[65720.540100] PUF Read:0xaaaaaaaa at 0xa00083c8
[65720.540100] PUF Read:0xaaa2aaaa at 0xa00083cc
[65720.540161] PUF Read:0xaaaaaaaa at 0xa00083d0
[65720.540161] PUF Read:0xaaabaaaa at 0xa00083d4
[65720.540222] PUF Read:0xaa2aaaaa at 0xa00083d8
[65720.540252] PUF Read:0xaaaaaaaa at 0xa00083dc
[65720.540252] PUF Read:0xaabeaaaa at 0xa00083e0
[65720.540252] PUF Read:0xba2aa8aa at 0xa00083e4
[65720.540313] PUF Read:0xaaaaaa2a at 0xa00083e8
[65720.540313] PUF Read:0xaaaaaaaa at 0xa00083ec
[65720.540374] PUF Read:0xaaa8aeaa at 0xa00083f0
[65720.540405] PUF Read:0xaaaaaaaa at 0xa00083f4
[65720.540405] PUF Read:0xaaaaaaae at 0xa00083f8
[65720.540466] PUF Read:0x8aaeaaaa at 0xa00083fc
[65720.540466] [i] Finished PUF read-out
[65720.540466] <6>[i] Finished PUF query for decaytime: 15360
[65720.540496] End measurement:3
[65720.540496] [i] Start measurement: 4
[65720.540496] [i] Start decaytime: 60
[65720.540527] EMIF 2 REG Write 0x80000000 at 0x4d000010
[65720.540527] EMIF 2 REG Read 0x80000000 at 0x4d000010
[65720.540557] EMIF 2 REG Write 0x80000000 at 0x4d000014
[65720.540557] EMIF 2 REG Read 0x00000000 at 0x4d000014
[65720.540588] EMIF 2 REG Write 0x08016893 at 0x4d0000cc
[65720.540588] EMIF 2 REG Read 0x08016893 at 0x4d0000cc
[65720.540588] Temp polling alert disabled
[65720.540618] Refresh Disabled at EMIF2
[65720.540618] [i] Initialiting PUF & hammer rows
[65720.540618] [i] Single-Sided Rowhammer (SSRH)
[65720.541503] [i] Finished initialiting PUF & hammer rows
[65720.547393] [i]	Timer elapsed since its reset 0 sec
[65720.547393] [i] Decay: 60 sec
[65720.547393] [i]	Relative Decay: 0 msec
