[33145.299804] [i] Total hammer attempts per row: 1864059
[33145.299865] EMIF 2 REG Write 0x00000618 at 0x4d000010
[33145.299865] EMIF 2 REG Read 0x00000618 at 0x4d000010
[33145.299896] EMIF 2 REG Write 0x00000618 at 0x4d000014
[33145.299896] EMIF 2 REG Read 0x00000618 at 0x4d000014
[33145.299926] EMIF 2 REG Write 0x58016893 at 0x4d0000cc
[33145.299926] EMIF 2 REG Read 0x58016893 at 0x4d0000cc
[33145.299926] Temp polling alert enabled
[33145.299957] Refresh enabled at EMIF2
[33145.299957] [i] Starting PUF read-out
[33145.299957] [i] Single-Sided Rowhammer (SSRH)
[33145.299987] PUF Read:0x00000000 at 0xa0008000
[33145.300018] PUF Read:0x00000000 at 0xa0008004
[33145.300048] PUF Read:0x00000000 at 0xa0008008
[33145.300048] PUF Read:0x00000000 at 0xa000800c
[33145.300048] PUF Read:0x00000000 at 0xa0008010
[33145.300048] PUF Read:0x00000100 at 0xa0008014
[33145.300048] PUF Read:0x00000000 at 0xa0008018
[33145.300048] PUF Read:0x00000000 at 0xa000801c
[33145.300201] PUF Read:0x00000000 at 0xa0008020
[33145.300231] PUF Read:0x00004000 at 0xa0008024
[33145.300231] PUF Read:0x00000000 at 0xa0008028
[33145.300231] PUF Read:0x00000000 at 0xa000802c
[33145.300292] PUF Read:0x00000000 at 0xa0008030
[33145.300292] PUF Read:0x00000000 at 0xa0008034
[33145.300354] PUF Read:0x00000000 at 0xa0008038
[33145.300384] PUF Read:0x00000000 at 0xa000803c
[33145.300415] PUF Read:0x00000001 at 0xa0008040
[33145.300415] PUF Read:0x00004000 at 0xa0008044
[33145.300415] PUF Read:0x00000000 at 0xa0008048
[33145.300415] PUF Read:0x00000000 at 0xa000804c
[33145.300415] PUF Read:0x00000000 at 0xa0008050
[33145.300415] PUF Read:0x00000000 at 0xa0008054
[33145.300567] PUF Read:0x00000000 at 0xa0008058
[33145.300567] PUF Read:0x00000000 at 0xa000805c
[33145.300567] PUF Read:0x00000000 at 0xa0008060
[33145.300567] PUF Read:0x00000000 at 0xa0008064
[33145.300567] PUF Read:0x00000000 at 0xa0008068
[33145.300567] PUF Read:0x00000000 at 0xa000806c
[33145.300720] PUF Read:0x00000000 at 0xa0008070
[33145.300750] PUF Read:0x00000000 at 0xa0008074
[33145.300750] PUF Read:0x00000000 at 0xa0008078
[33145.300750] PUF Read:0x00000000 at 0xa000807c
[33145.300811] PUF Read:0x00000000 at 0xa0008080
[33145.300811] PUF Read:0x00000000 at 0xa0008084
[33145.300872] PUF Read:0x00000000 at 0xa0008088
[33145.300903] PUF Read:0x00000000 at 0xa000808c
[33145.300903] PUF Read:0x00000000 at 0xa0008090
[33145.300903] PUF Read:0x00000000 at 0xa0008094
[33145.300964] PUF Read:0x00010000 at 0xa0008098
[33145.300964] PUF Read:0x00000000 at 0xa000809c
[33145.301025] PUF Read:0x00000000 at 0xa00080a0
[33145.301055] PUF Read:0x00000000 at 0xa00080a4
[33145.301055] PUF Read:0x00000000 at 0xa00080a8
[33145.301055] PUF Read:0x00000000 at 0xa00080ac
[33145.301116] PUF Read:0x00000000 at 0xa00080b0
[33145.301116] PUF Read:0x00000000 at 0xa00080b4
[33145.301177] PUF Read:0x00004000 at 0xa00080b8
[33145.301208] PUF Read:0x00000000 at 0xa00080bc
[33145.301208] PUF Read:0x00000000 at 0xa00080c0
[33145.301208] PUF Read:0x00000000 at 0xa00080c4
[33145.301269] PUF Read:0x00000000 at 0xa00080c8
[33145.301269] PUF Read:0x00000000 at 0xa00080cc
[33145.301330] PUF Read:0x40000000 at 0xa00080d0
[33145.301361] PUF Read:0x00000000 at 0xa00080d4
[33145.301361] PUF Read:0x00000000 at 0xa00080d8
[33145.301361] PUF Read:0x00000000 at 0xa00080dc
[33145.301361] PUF Read:0x01000000 at 0xa00080e0
[33145.301361] PUF Read:0x00000000 at 0xa00080e4
[33145.301361] PUF Read:0x00000000 at 0xa00080e8
[33145.301513] PUF Read:0x00000001 at 0xa00080ec
[33145.301513] PUF Read:0x00000000 at 0xa00080f0
[33145.301513] PUF Read:0x00000000 at 0xa00080f4
[33145.301513] PUF Read:0x00000100 at 0xa00080f8
[33145.301513] PUF Read:0x00000000 at 0xa00080fc
[33145.301635] PUF Read:0x00000000 at 0xa0008100
[33145.301666] PUF Read:0x00000000 at 0xa0008104
[33145.301666] PUF Read:0x00000000 at 0xa0008108
[33145.301727] PUF Read:0x00000000 at 0xa000810c
[33145.301727] PUF Read:0x00000000 at 0xa0008110
[33145.301727] PUF Read:0x00000000 at 0xa0008114
[33145.301788] PUF Read:0x00000000 at 0xa0008118
[33145.301818] PUF Read:0x00000000 at 0xa000811c
[33145.301818] PUF Read:0x00000000 at 0xa0008120
[33145.301818] PUF Read:0x00000000 at 0xa0008124
[33145.301879] PUF Read:0x00000000 at 0xa0008128
[33145.301879] PUF Read:0x00000000 at 0xa000812c
[33145.301879] PUF Read:0x00000000 at 0xa0008130
[33145.301971] PUF Read:0x00000000 at 0xa0008134
[33145.302001] PUF Read:0x00000000 at 0xa0008138
[33145.302001] PUF Read:0x00000000 at 0xa000813c
[33145.302001] PUF Read:0x00000000 at 0xa0008140
[33145.302062] PUF Read:0x00000000 at 0xa0008144
[33145.302062] PUF Read:0x00100400 at 0xa0008148
[33145.302124] PUF Read:0x00000000 at 0xa000814c
[33145.302154] PUF Read:0x00000000 at 0xa0008150
[33145.302154] PUF Read:0x00000000 at 0xa0008154
[33145.302154] PUF Read:0x00000000 at 0xa0008158
[33145.302215] PUF Read:0x00000040 at 0xa000815c
[33145.302215] PUF Read:0x00000000 at 0xa0008160
[33145.302276] PUF Read:0x00000000 at 0xa0008164
[33145.302307] PUF Read:0x00000000 at 0xa0008168
[33145.302307] PUF Read:0x00400000 at 0xa000816c
[33145.302307] PUF Read:0x00000000 at 0xa0008170
[33145.302368] PUF Read:0x00000000 at 0xa0008174
[33145.302368] PUF Read:0x00000000 at 0xa0008178
[33145.302429] PUF Read:0x00000000 at 0xa000817c
[33145.302459] PUF Read:0x00000000 at 0xa0008180
[33145.302459] PUF Read:0x00000000 at 0xa0008184
[33145.302459] PUF Read:0x00000000 at 0xa0008188
[33145.302520] PUF Read:0x00000000 at 0xa000818c
[33145.302520] PUF Read:0x00000000 at 0xa0008190
[33145.302581] PUF Read:0x00000000 at 0xa0008194
[33145.302612] PUF Read:0x00000000 at 0xa0008198
[33145.302612] PUF Read:0x00000000 at 0xa000819c
[33145.302612] PUF Read:0x00000000 at 0xa00081a0
[33145.302673] PUF Read:0x00000000 at 0xa00081a4
[33145.302673] PUF Read:0x00000000 at 0xa00081a8
[33145.302734] PUF Read:0x00000000 at 0xa00081ac
[33145.302734] PUF Read:0x00400000 at 0xa00081b0
[33145.302734] PUF Read:0x00000000 at 0xa00081b4
[33145.302734] PUF Read:0x00000000 at 0xa00081b8
[33145.302734] PUF Read:0x00000000 at 0xa00081bc
[33145.302734] PUF Read:0x00000000 at 0xa00081c0
[33145.302886] PUF Read:0x00000004 at 0xa00081c4
[33145.302886] PUF Read:0x00000000 at 0xa00081c8
[33145.302886] PUF Read:0x00000000 at 0xa00081cc
[33145.302886] PUF Read:0x10000000 at 0xa00081d0
[33145.302886] PUF Read:0x00000000 at 0xa00081d4
[33145.302886] PUF Read:0x00000000 at 0xa00081d8
[33145.303039] PUF Read:0x00000000 at 0xa00081dc
[33145.303039] PUF Read:0x00000000 at 0xa00081e0
[33145.303039] PUF Read:0x00000040 at 0xa00081e4
[33145.303039] PUF Read:0x00000000 at 0xa00081e8
[33145.303039] PUF Read:0x00000000 at 0xa00081ec
[33145.303039] PUF Read:0x00000000 at 0xa00081f0
[33145.303192] PUF Read:0x00000400 at 0xa00081f4
[33145.303192] PUF Read:0x00000000 at 0xa00081f8
[33145.303192] PUF Read:0x00000000 at 0xa00081fc
[33145.303192] PUF Read:0x00000000 at 0xa0008200
[33145.303192] PUF Read:0x00000000 at 0xa0008204
[33145.303192] PUF Read:0x00000000 at 0xa0008208
[33145.303344] PUF Read:0x00000000 at 0xa000820c
[33145.303344] PUF Read:0x00000000 at 0xa0008210
[33145.303344] PUF Read:0x00000000 at 0xa0008214
[33145.303344] PUF Read:0x00000000 at 0xa0008218
[33145.303344] PUF Read:0x00000000 at 0xa000821c
[33145.303344] PUF Read:0x00000000 at 0xa0008220
[33145.303497] PUF Read:0x00000000 at 0xa0008224
[33145.303527] PUF Read:0x00000000 at 0xa0008228
[33145.303527] PUF Read:0x00000000 at 0xa000822c
[33145.303527] PUF Read:0x00000000 at 0xa0008230
[33145.303588] PUF Read:0x00400000 at 0xa0008234
[33145.303588] PUF Read:0x00000000 at 0xa0008238
[33145.303649] PUF Read:0x00000000 at 0xa000823c
[33145.303680] PUF Read:0x00000000 at 0xa0008240
[33145.303680] PUF Read:0x00000000 at 0xa0008244
[33145.303680] PUF Read:0x00000000 at 0xa0008248
[33145.303741] PUF Read:0x00000000 at 0xa000824c
[33145.303741] PUF Read:0x00000000 at 0xa0008250
[33145.303802] PUF Read:0x00100000 at 0xa0008254
[33145.303833] PUF Read:0x00000000 at 0xa0008258
[33145.303833] PUF Read:0x00000000 at 0xa000825c
[33145.303833] PUF Read:0x00000000 at 0xa0008260
[33145.303894] PUF Read:0x00000000 at 0xa0008264
[33145.303894] PUF Read:0x00000000 at 0xa0008268
[33145.303955] PUF Read:0x00000000 at 0xa000826c
[33145.303985] PUF Read:0x00000000 at 0xa0008270
[33145.303985] PUF Read:0x00000000 at 0xa0008274
[33145.303985] PUF Read:0x00000000 at 0xa0008278
[33145.304046] PUF Read:0x00000000 at 0xa000827c
[33145.304046] PUF Read:0x00000000 at 0xa0008280
[33145.304107] PUF Read:0x00000000 at 0xa0008284
[33145.304138] PUF Read:0x00000000 at 0xa0008288
[33145.304138] PUF Read:0x00000000 at 0xa000828c
[33145.304138] PUF Read:0x00000000 at 0xa0008290
[33145.304199] PUF Read:0x00000000 at 0xa0008294
[33145.304199] PUF Read:0x00000000 at 0xa0008298
[33145.304260] PUF Read:0x00000000 at 0xa000829c
[33145.304290] PUF Read:0x00000000 at 0xa00082a0
[33145.304290] PUF Read:0x00000000 at 0xa00082a4
[33145.304290] PUF Read:0x00000000 at 0xa00082a8
[33145.304351] PUF Read:0x00000000 at 0xa00082ac
[33145.304351] PUF Read:0x00000000 at 0xa00082b0
[33145.304412] PUF Read:0x00000000 at 0xa00082b4
[33145.304443] PUF Read:0x00000040 at 0xa00082b8
[33145.304443] PUF Read:0x00000000 at 0xa00082bc
[33145.304443] PUF Read:0x00000000 at 0xa00082c0
[33145.304504] PUF Read:0x00000000 at 0xa00082c4
[33145.304504] PUF Read:0x10000000 at 0xa00082c8
[33145.304565] PUF Read:0x00000000 at 0xa00082cc
[33145.304565] PUF Read:0x00000000 at 0xa00082d0
[33145.304565] PUF Read:0x00000000 at 0xa00082d4
[33145.304565] PUF Read:0x00000000 at 0xa00082d8
[33145.304565] PUF Read:0x00000000 at 0xa00082dc
[33145.304565] PUF Read:0x00000000 at 0xa00082e0
[33145.304718] PUF Read:0x00000400 at 0xa00082e4
[33145.304718] PUF Read:0x00000000 at 0xa00082e8
[33145.304718] PUF Read:0x00000000 at 0xa00082ec
[33145.304718] PUF Read:0x00000000 at 0xa00082f0
[33145.304718] PUF Read:0x00000000 at 0xa00082f4
[33145.304718] PUF Read:0x00000000 at 0xa00082f8
[33145.304870] PUF Read:0x00000000 at 0xa00082fc
[33145.304870] PUF Read:0x00000000 at 0xa0008300
[33145.304870] PUF Read:0x00000000 at 0xa0008304
[33145.304870] PUF Read:0x00000000 at 0xa0008308
[33145.304870] PUF Read:0x00000000 at 0xa000830c
[33145.304870] PUF Read:0x00000000 at 0xa0008310
[33145.305023] PUF Read:0x00000000 at 0xa0008314
[33145.305053] PUF Read:0x00000000 at 0xa0008318
[33145.305053] PUF Read:0x10000000 at 0xa000831c
[33145.305114] PUF Read:0x00000000 at 0xa0008320
[33145.305114] PUF Read:0x00000000 at 0xa0008324
[33145.305114] PUF Read:0x00000000 at 0xa0008328
[33145.305175] PUF Read:0x00000000 at 0xa000832c
[33145.305206] PUF Read:0x00000004 at 0xa0008330
[33145.305206] PUF Read:0x00000000 at 0xa0008334
[33145.305206] PUF Read:0x00000000 at 0xa0008338
[33145.305267] PUF Read:0x00000000 at 0xa000833c
[33145.305267] PUF Read:0x00000000 at 0xa0008340
[33145.305328] PUF Read:0x00000000 at 0xa0008344
[33145.305358] PUF Read:0x00000000 at 0xa0008348
[33145.305358] PUF Read:0x00000000 at 0xa000834c
[33145.305358] PUF Read:0x00000000 at 0xa0008350
[33145.305419] PUF Read:0x00000000 at 0xa0008354
[33145.305419] PUF Read:0x00000000 at 0xa0008358
[33145.305480] PUF Read:0x00000000 at 0xa000835c
[33145.305511] PUF Read:0x00010000 at 0xa0008360
[33145.305511] PUF Read:0x00000000 at 0xa0008364
[33145.305511] PUF Read:0x00000000 at 0xa0008368
[33145.305511] PUF Read:0x00000000 at 0xa000836c
[33145.305511] PUF Read:0x00000000 at 0xa0008370
[33145.305633] PUF Read:0x00000000 at 0xa0008374
[33145.305633] PUF Read:0x00000000 at 0xa0008378
[33145.305633] PUF Read:0x00000000 at 0xa000837c
[33145.305633] PUF Read:0x00000000 at 0xa0008380
[33145.305633] PUF Read:0x00000000 at 0xa0008384
[33145.305633] PUF Read:0x00000000 at 0xa0008388
[33145.305786] PUF Read:0x00000000 at 0xa000838c
[33145.305786] PUF Read:0x00000000 at 0xa0008390
[33145.305786] PUF Read:0x00000000 at 0xa0008394
[33145.305786] PUF Read:0x00000000 at 0xa0008398
[33145.305786] PUF Read:0x00000000 at 0xa000839c
[33145.305786] PUF Read:0x00000000 at 0xa00083a0
[33145.305938] PUF Read:0x00000000 at 0xa00083a4
[33145.305938] PUF Read:0x00000000 at 0xa00083a8
[33145.305999] PUF Read:0x00000000 at 0xa00083ac
[33145.305999] PUF Read:0x00000000 at 0xa00083b0
[33145.305999] PUF Read:0x00000000 at 0xa00083b4
[33145.306060] PUF Read:0x00000000 at 0xa00083b8
[33145.306091] PUF Read:0x00000000 at 0xa00083bc
[33145.306091] PUF Read:0x00000000 at 0xa00083c0
[33145.306091] PUF Read:0x00000000 at 0xa00083c4
[33145.306152] PUF Read:0x00000000 at 0xa00083c8
[33145.306152] PUF Read:0x00000000 at 0xa00083cc
[33145.306213] PUF Read:0x00000000 at 0xa00083d0
[33145.306243] PUF Read:0x00010000 at 0xa00083d4
[33145.306243] PUF Read:0x00000000 at 0xa00083d8
[33145.306243] PUF Read:0x00000000 at 0xa00083dc
[33145.306304] PUF Read:0x00000000 at 0xa00083e0
[33145.306304] PUF Read:0x00000000 at 0xa00083e4
[33145.306365] PUF Read:0x00000000 at 0xa00083e8
[33145.306396] PUF Read:0x00000000 at 0xa00083ec
[33145.306396] PUF Read:0x00000000 at 0xa00083f0
[33145.306396] PUF Read:0x00000000 at 0xa00083f4
[33145.306457] PUF Read:0x00000004 at 0xa00083f8
[33145.306457] PUF Read:0x00040000 at 0xa00083fc
[33145.306518] [i] Finished PUF read-out
[33145.306518] <6>[i] Finished PUF query for decaytime: 7680
[33145.306549] [i] Start decaytime: 120
[33145.306549] EMIF 2 REG Write 0x80000000 at 0x4d000010
[33145.306549] EMIF 2 REG Read 0x80000000 at 0x4d000010
[33145.306579] EMIF 2 REG Write 0x80000000 at 0x4d000014
[33145.306579] EMIF 2 REG Read 0x00000000 at 0x4d000014
[33145.306610] EMIF 2 REG Write 0x08016893 at 0x4d0000cc
[33145.306610] EMIF 2 REG Read 0x08016893 at 0x4d0000cc
[33145.306640] Temp polling alert disabled
[33145.306640] Refresh Disabled at EMIF2
[33145.306640] [i] Initialiting PUF & hammer rows
[33145.306640] [i] Single-Sided Rowhammer (SSRH)
[33145.308532] [i] Finished initialiting PUF & hammer rows
[33145.314575] [i]	Timer elapsed since its reset 0 sec
[33145.314575] [i] Decay: 120 sec
[33145.314575] [i]	Relative Decay: 0 msec
