[43963.752655] [i] Total hammer attempts per row: 1863521
[43963.752685] EMIF 2 REG Write 0x00000618 at 0x4d000010
[43963.752685] EMIF 2 REG Read 0x00000618 at 0x4d000010
[43963.752716] EMIF 2 REG Write 0x00000618 at 0x4d000014
[43963.752716] EMIF 2 REG Read 0x00000618 at 0x4d000014
[43963.752746] EMIF 2 REG Write 0x58016893 at 0x4d0000cc
[43963.752746] EMIF 2 REG Read 0x58016893 at 0x4d0000cc
[43963.752746] Temp polling alert enabled
[43963.752777] Refresh enabled at EMIF2
[43963.752777] [i] Starting PUF read-out
[43963.752777] [i] Single-Sided Rowhammer (SSRH)
[43963.752777] PUF Read:0xaaaaaaaa at 0xa0008000
[43963.752838] PUF Read:0xaaaaaaaa at 0xa0008004
[43963.752868] PUF Read:0xaaaaaaaa at 0xa0008008
[43963.752868] PUF Read:0xaaaaaaaa at 0xa000800c
[43963.752868] PUF Read:0xaaaaaaaa at 0xa0008010
[43963.752868] PUF Read:0xaaaaabaa at 0xa0008014
[43963.752960] PUF Read:0xaaaaaaaa at 0xa0008018
[43963.752960] PUF Read:0xaaaaaaaa at 0xa000801c
[43963.753021] PUF Read:0xaaaaaaaa at 0xa0008020
[43963.753051] PUF Read:0xaaaaaaaa at 0xa0008024
[43963.753051] PUF Read:0xaaaaaaaa at 0xa0008028
[43963.753051] PUF Read:0xaaaaaaaa at 0xa000802c
[43963.753051] PUF Read:0xaaaaaaaa at 0xa0008030
[43963.753051] PUF Read:0xaaaaaaaa at 0xa0008034
[43963.753051] PUF Read:0xaaaaaaaa at 0xa0008038
[43963.753051] PUF Read:0xaaaaaaaa at 0xa000803c
[43963.753051] PUF Read:0xaaaaaaab at 0xa0008040
[43963.753265] PUF Read:0xaaaaeaaa at 0xa0008044
[43963.753295] PUF Read:0xaaaaaaaa at 0xa0008048
[43963.753295] PUF Read:0xaaaaaaaa at 0xa000804c
[43963.753356] PUF Read:0xaaaaaaaa at 0xa0008050
[43963.753356] PUF Read:0xaaaaaaaa at 0xa0008054
[43963.753356] PUF Read:0xaaaaaaaa at 0xa0008058
[43963.753417] PUF Read:0xaaaaaaaa at 0xa000805c
[43963.753448] PUF Read:0xaaaaaaaa at 0xa0008060
[43963.753448] PUF Read:0xaaaa2aaa at 0xa0008064
[43963.753448] PUF Read:0xaaaaaaaa at 0xa0008068
[43963.753448] PUF Read:0xaaaaaaaa at 0xa000806c
[43963.753448] PUF Read:0xaaaaaaaa at 0xa0008070
[43963.753448] PUF Read:0xaaaaaaaa at 0xa0008074
[43963.753601] PUF Read:0xaaaaaaaa at 0xa0008078
[43963.753601] PUF Read:0xaaaaaaaa at 0xa000807c
[43963.753601] PUF Read:0xaaaaaaaa at 0xa0008080
[43963.753601] PUF Read:0xaaaaaaaa at 0xa0008084
[43963.753601] PUF Read:0xaaaaaaaa at 0xa0008088
[43963.753601] PUF Read:0xaaaaaaaa at 0xa000808c
[43963.753753] PUF Read:0xaaaa8aaa at 0xa0008090
[43963.753784] PUF Read:0xaaaaaaaa at 0xa0008094
[43963.753784] PUF Read:0x2aabaaaa at 0xa0008098
[43963.753784] PUF Read:0xaaaaaaaa at 0xa000809c
[43963.753845] PUF Read:0xaaaaaaaa at 0xa00080a0
[43963.753845] PUF Read:0xaaaaaaaa at 0xa00080a4
[43963.753906] PUF Read:0xaaaaaaaa at 0xa00080a8
[43963.753936] PUF Read:0xaaaaaaaa at 0xa00080ac
[43963.753936] PUF Read:0xaaaaaaaa at 0xa00080b0
[43963.753936] PUF Read:0xaa2aaaaa at 0xa00080b4
[43963.753997] PUF Read:0xaaaaaaaa at 0xa00080b8
[43963.753997] PUF Read:0x8aaaaaaa at 0xa00080bc
[43963.754058] PUF Read:0xaaaaaaaa at 0xa00080c0
[43963.754089] PUF Read:0xaaaaaaaa at 0xa00080c4
[43963.754089] PUF Read:0xaaa2aaaa at 0xa00080c8
[43963.754089] PUF Read:0xaaaaaaaa at 0xa00080cc
[43963.754150] PUF Read:0xaaaaaaaa at 0xa00080d0
[43963.754150] PUF Read:0xaaaaaaaa at 0xa00080d4
[43963.754211] PUF Read:0xaaaaaaaa at 0xa00080d8
[43963.754241] PUF Read:0xaaaaaaaa at 0xa00080dc
[43963.754241] PUF Read:0xaaaaaaaa at 0xa00080e0
[43963.754241] PUF Read:0xaaaaaaaa at 0xa00080e4
[43963.754302] PUF Read:0xaaaaaaaa at 0xa00080e8
[43963.754302] PUF Read:0xaaaaaaab at 0xa00080ec
[43963.754364] PUF Read:0x8aaaaaaa at 0xa00080f0
[43963.754394] PUF Read:0xaaaaaaaa at 0xa00080f4
[43963.754394] PUF Read:0xaaaaaaaa at 0xa00080f8
[43963.754394] PUF Read:0xaaaaaaaa at 0xa00080fc
[43963.754455] PUF Read:0xaaaaaaaa at 0xa0008100
[43963.754455] PUF Read:0xaaaaaaaa at 0xa0008104
[43963.754516] PUF Read:0xaaaaaaaa at 0xa0008108
[43963.754547] PUF Read:0xaaaaaaaa at 0xa000810c
[43963.754547] PUF Read:0xaaaaaaaa at 0xa0008110
[43963.754547] PUF Read:0xaaaaaaaa at 0xa0008114
[43963.754608] PUF Read:0xaaaaaaaa at 0xa0008118
[43963.754608] PUF Read:0xaaaaaaaa at 0xa000811c
[43963.754608] PUF Read:0xaaaaaaaa at 0xa0008120
[43963.754608] PUF Read:0xaaaaaaaa at 0xa0008124
[43963.754608] PUF Read:0xaaaaaaaa at 0xa0008128
[43963.754760] PUF Read:0xaaaaaaaa at 0xa000812c
[43963.754791] PUF Read:0xaaaaaaaa at 0xa0008130
[43963.754791] PUF Read:0xaaaaaaaa at 0xa0008134
[43963.754791] PUF Read:0xaa8aaaaa at 0xa0008138
[43963.754852] PUF Read:0xaaaaaaaa at 0xa000813c
[43963.754852] PUF Read:0xaaaaaaaa at 0xa0008140
[43963.754852] PUF Read:0xaaaaaaaa at 0xa0008144
[43963.754943] PUF Read:0xaabaaeaa at 0xa0008148
[43963.754943] PUF Read:0xaaaaaaaa at 0xa000814c
[43963.754943] PUF Read:0xaaaaaaaa at 0xa0008150
[43963.754943] PUF Read:0xaaaaaaaa at 0xa0008154
[43963.754943] PUF Read:0xaaaaaaaa at 0xa0008158
[43963.754943] PUF Read:0xaaaaaaea at 0xa000815c
[43963.755096] PUF Read:0xaaaaaaaa at 0xa0008160
[43963.755096] PUF Read:0xaaaaaaaa at 0xa0008164
[43963.755096] PUF Read:0xaaaaaaaa at 0xa0008168
[43963.755096] PUF Read:0xaaaaaaaa at 0xa000816c
[43963.755187] PUF Read:0xaaaaaaaa at 0xa0008170
[43963.755187] PUF Read:0xaaaaaaaa at 0xa0008174
[43963.755249] PUF Read:0xaaaaaaaa at 0xa0008178
[43963.755279] PUF Read:0xaaaaaaaa at 0xa000817c
[43963.755279] PUF Read:0xaaaa2a2a at 0xa0008180
[43963.755279] PUF Read:0xaaaaaaaa at 0xa0008184
[43963.755340] PUF Read:0xaaaaaaaa at 0xa0008188
[43963.755340] PUF Read:0xaaaaaaaa at 0xa000818c
[43963.755401] PUF Read:0xaaaaaaaa at 0xa0008190
[43963.755432] PUF Read:0xaaaaaaaa at 0xa0008194
[43963.755432] PUF Read:0xaaaaaaaa at 0xa0008198
[43963.755432] PUF Read:0xaaaaaaaa at 0xa000819c
[43963.755493] PUF Read:0xaaaaaaaa at 0xa00081a0
[43963.755493] PUF Read:0xaaaaaaaa at 0xa00081a4
[43963.755554] PUF Read:0xaaaaaaaa at 0xa00081a8
[43963.755584] PUF Read:0xaaaaaaaa at 0xa00081ac
[43963.755584] PUF Read:0xaaeaaaaa at 0xa00081b0
[43963.755584] PUF Read:0xaaaaaaaa at 0xa00081b4
[43963.755645] PUF Read:0xaaaaaaaa at 0xa00081b8
[43963.755645] PUF Read:0xaaaaaaaa at 0xa00081bc
[43963.755706] PUF Read:0xaaaaaaaa at 0xa00081c0
[43963.755737] PUF Read:0xaaaaaaae at 0xa00081c4
[43963.755737] PUF Read:0xaaaaaaaa at 0xa00081c8
[43963.755737] PUF Read:0xaaaaaaaa at 0xa00081cc
[43963.755798] PUF Read:0xbaaaaaaa at 0xa00081d0
[43963.755798] PUF Read:0xaaaaaaaa at 0xa00081d4
[43963.755859] PUF Read:0xaaaaaaaa at 0xa00081d8
[43963.755889] PUF Read:0xaaaaaaaa at 0xa00081dc
[43963.755889] PUF Read:0xaaaaaaaa at 0xa00081e0
[43963.755950] PUF Read:0xaaaaaaea at 0xa00081e4
[43963.755950] PUF Read:0xaaaaaaaa at 0xa00081e8
[43963.755950] PUF Read:0xaa2aaaaa at 0xa00081ec
[43963.755950] PUF Read:0xaaaaaaaa at 0xa00081f0
[43963.756042] PUF Read:0xaaaaaeaa at 0xa00081f4
[43963.756042] PUF Read:0xaaaaaaa2 at 0xa00081f8
[43963.756042] PUF Read:0xaaaaaaaa at 0xa00081fc
[43963.756042] PUF Read:0xaaaaaaaa at 0xa0008200
[43963.756042] PUF Read:0xaaaaaaaa at 0xa0008204
[43963.756042] PUF Read:0xaaaaaaaa at 0xa0008208
[43963.756195] PUF Read:0xa8aaaaaa at 0xa000820c
[43963.756195] PUF Read:0xaaaaaaaa at 0xa0008210
[43963.756256] PUF Read:0xaaaaaaaa at 0xa0008214
[43963.756286] PUF Read:0xaaaaaaaa at 0xa0008218
[43963.756286] PUF Read:0xaaaaaaaa at 0xa000821c
[43963.756286] PUF Read:0xaaaaaaaa at 0xa0008220
[43963.756347] PUF Read:0xaaaaaaaa at 0xa0008224
[43963.756347] PUF Read:0xaaaaaaaa at 0xa0008228
[43963.756408] PUF Read:0xaaaaaaaa at 0xa000822c
[43963.756439] PUF Read:0xaaaaaaaa at 0xa0008230
[43963.756439] PUF Read:0xa8aaaaaa at 0xa0008234
[43963.756439] PUF Read:0xaaaaaaaa at 0xa0008238
[43963.756500] PUF Read:0xaaaaaaaa at 0xa000823c
[43963.756500] PUF Read:0xaaaaaaaa at 0xa0008240
[43963.756561] PUF Read:0xaaaaaaaa at 0xa0008244
[43963.756591] PUF Read:0xaaaaaaaa at 0xa0008248
[43963.756591] PUF Read:0xaaaaaaaa at 0xa000824c
[43963.756652] PUF Read:0xaaaaaaaa at 0xa0008250
[43963.756652] PUF Read:0xaaaaaaaa at 0xa0008254
[43963.756652] PUF Read:0xaaaaaaaa at 0xa0008258
[43963.756652] PUF Read:0xaaaaaaaa at 0xa000825c
[43963.756744] PUF Read:0xaaaaaaaa at 0xa0008260
[43963.756744] PUF Read:0xaaaaaaaa at 0xa0008264
[43963.756744] PUF Read:0xaaaaaaaa at 0xa0008268
[43963.756744] PUF Read:0xaaaaaaaa at 0xa000826c
[43963.756744] PUF Read:0xaaaaaaaa at 0xa0008270
[43963.756744] PUF Read:0xaaaaaaaa at 0xa0008274
[43963.756896] PUF Read:0xaaaaaaaa at 0xa0008278
[43963.756896] PUF Read:0xaaaaaaaa at 0xa000827c
[43963.756896] PUF Read:0xaaaaaaaa at 0xa0008280
[43963.756896] PUF Read:0xaaaaaaaa at 0xa0008284
[43963.756988] PUF Read:0xaaaaaaaa at 0xa0008288
[43963.756988] PUF Read:0xaaaaaaaa at 0xa000828c
[43963.757049] PUF Read:0xaaaaaaaa at 0xa0008290
[43963.757080] PUF Read:0xaaaaaaaa at 0xa0008294
[43963.757080] PUF Read:0xaaaaaaaa at 0xa0008298
[43963.757080] PUF Read:0xaaaaaaaa at 0xa000829c
[43963.757141] PUF Read:0xaaaaaaaa at 0xa00082a0
[43963.757141] PUF Read:0xaaaaaaaa at 0xa00082a4
[43963.757202] PUF Read:0xaaaaaaaa at 0xa00082a8
[43963.757232] PUF Read:0xaaaaaaaa at 0xa00082ac
[43963.757232] PUF Read:0xaaaaaaaa at 0xa00082b0
[43963.757293] PUF Read:0xaaaaaaaa at 0xa00082b4
[43963.757293] PUF Read:0xaaaaaaea at 0xa00082b8
[43963.757293] PUF Read:0xaaaaaaaa at 0xa00082bc
[43963.757354] PUF Read:0xaaaaaaaa at 0xa00082c0
[43963.757385] PUF Read:0xaaaaaaaa at 0xa00082c4
[43963.757385] PUF Read:0xbaaaaaaa at 0xa00082c8
[43963.757385] PUF Read:0xaaaaaaaa at 0xa00082cc
[43963.757385] PUF Read:0xaaaaaaaa at 0xa00082d0
[43963.757385] PUF Read:0xaaaaaaaa at 0xa00082d4
[43963.757385] PUF Read:0xaaaaaaaa at 0xa00082d8
[43963.757537] PUF Read:0xaaaaaaaa at 0xa00082dc
[43963.757537] PUF Read:0xaaaaaaaa at 0xa00082e0
[43963.757537] PUF Read:0xaaaaaeaa at 0xa00082e4
[43963.757537] PUF Read:0xaaaaaaaa at 0xa00082e8
[43963.757629] PUF Read:0xaaaaaaaa at 0xa00082ec
[43963.757629] PUF Read:0xaaaaaaaa at 0xa00082f0
[43963.757690] PUF Read:0xaaaaaaaa at 0xa00082f4
[43963.757720] PUF Read:0xaaaaaaaa at 0xa00082f8
[43963.757720] PUF Read:0xaaaaaaaa at 0xa00082fc
[43963.757720] PUF Read:0xaaaaaaaa at 0xa0008300
[43963.757720] PUF Read:0xaaaaaaaa at 0xa0008304
[43963.757720] PUF Read:0xaaaaaaaa at 0xa0008308
[43963.757843] PUF Read:0xaaaaaaaa at 0xa000830c
[43963.757843] PUF Read:0xaaaaaaaa at 0xa0008310
[43963.757904] PUF Read:0xaaaaaaaa at 0xa0008314
[43963.757934] PUF Read:0xaaaaaaaa at 0xa0008318
[43963.757934] PUF Read:0xbaaaaaaa at 0xa000831c
[43963.757934] PUF Read:0xaaaaaaaa at 0xa0008320
[43963.757995] PUF Read:0xaaaaaaaa at 0xa0008324
[43963.757995] PUF Read:0xaaaaaaaa at 0xa0008328
[43963.758056] PUF Read:0xaaaaaaaa at 0xa000832c
[43963.758087] PUF Read:0xaaaaaaae at 0xa0008330
[43963.758087] PUF Read:0xaaaaaaaa at 0xa0008334
[43963.758087] PUF Read:0xaaaaaaaa at 0xa0008338
[43963.758148] PUF Read:0xaaaaaaaa at 0xa000833c
[43963.758148] PUF Read:0xaaaaaaaa at 0xa0008340
[43963.758209] PUF Read:0xaaaaaaaa at 0xa0008344
[43963.758239] PUF Read:0xaaaaaaaa at 0xa0008348
[43963.758239] PUF Read:0xaaaaaaaa at 0xa000834c
[43963.758239] PUF Read:0xaaaaaa8a at 0xa0008350
[43963.758239] PUF Read:0xaaaaaaaa at 0xa0008354
[43963.758239] PUF Read:0xaaaaaaaa at 0xa0008358
[43963.758239] PUF Read:0xaaaaaaaa at 0xa000835c
[43963.758392] PUF Read:0xaaabaaaa at 0xa0008360
[43963.758392] PUF Read:0xaaaaaaaa at 0xa0008364
[43963.758392] PUF Read:0xaaaaaaaa at 0xa0008368
[43963.758392] PUF Read:0xaaaaaaaa at 0xa000836c
[43963.758483] PUF Read:0xaaaaaaaa at 0xa0008370
[43963.758483] PUF Read:0xaaaaaaaa at 0xa0008374
[43963.758544] PUF Read:0xaaaaaaaa at 0xa0008378
[43963.758544] PUF Read:0xaaaaaaaa at 0xa000837c
[43963.758544] PUF Read:0xaaaaaaaa at 0xa0008380
[43963.758544] PUF Read:0xaaaaaaaa at 0xa0008384
[43963.758636] PUF Read:0xaaaaaaaa at 0xa0008388
[43963.758636] PUF Read:0xaaaaaaaa at 0xa000838c
[43963.758697] PUF Read:0xaaaaaaaa at 0xa0008390
[43963.758728] PUF Read:0xaaaaaaaa at 0xa0008394
[43963.758728] PUF Read:0xaaaaaaaa at 0xa0008398
[43963.758728] PUF Read:0xaaa2aaaa at 0xa000839c
[43963.758789] PUF Read:0xaaaaaaaa at 0xa00083a0
[43963.758789] PUF Read:0xaaaaaaaa at 0xa00083a4
[43963.758850] PUF Read:0xaaaaaaaa at 0xa00083a8
[43963.758880] PUF Read:0xaaaaaaaa at 0xa00083ac
[43963.758880] PUF Read:0xaaaaaaa2 at 0xa00083b0
[43963.758880] PUF Read:0xaaaaaaaa at 0xa00083b4
[43963.758941] PUF Read:0xaaaaaaaa at 0xa00083b8
[43963.758941] PUF Read:0xaaaaaaaa at 0xa00083bc
[43963.759002] PUF Read:0xaaaaaaaa at 0xa00083c0
[43963.759033] PUF Read:0xaaaaaaaa at 0xa00083c4
[43963.759033] PUF Read:0xaaaaaaaa at 0xa00083c8
[43963.759033] PUF Read:0xaaaaaaaa at 0xa00083cc
[43963.759094] PUF Read:0xaaaaaaaa at 0xa00083d0
[43963.759094] PUF Read:0xaaabaaaa at 0xa00083d4
[43963.759155] PUF Read:0xaaaaaaaa at 0xa00083d8
[43963.759185] PUF Read:0xaaaaaaaa at 0xa00083dc
[43963.759185] PUF Read:0xaaaaaaaa at 0xa00083e0
[43963.759185] PUF Read:0xaaaaaaaa at 0xa00083e4
[43963.759246] PUF Read:0xaaaaaaaa at 0xa00083e8
[43963.759246] PUF Read:0xaaaaaaaa at 0xa00083ec
[43963.759307] PUF Read:0xaaaaaaaa at 0xa00083f0
[43963.759307] PUF Read:0xaaaaaaaa at 0xa00083f4
[43963.759368] PUF Read:0xaaaaaaae at 0xa00083f8
[43963.759399] PUF Read:0xaaaeaaaa at 0xa00083fc
[43963.759399] [i] Finished PUF read-out
[43963.759429] <6>[i] Finished PUF query for decaytime: 7680
[43963.759429] [i] Start decaytime: 120
[43963.759460] EMIF 2 REG Write 0x80000000 at 0x4d000010
[43963.759460] EMIF 2 REG Read 0x80000000 at 0x4d000010
[43963.759490] EMIF 2 REG Write 0x80000000 at 0x4d000014
[43963.759490] EMIF 2 REG Read 0x00000000 at 0x4d000014
[43963.759490] EMIF 2 REG Write 0x08016893 at 0x4d0000cc
[43963.759521] EMIF 2 REG Read 0x08016893 at 0x4d0000cc
[43963.759521] Temp polling alert disabled
[43963.759521] Refresh Disabled at EMIF2
[43963.759552] [i] Initialiting PUF & hammer rows
[43963.759552] [i] Single-Sided Rowhammer (SSRH)
[43963.767242] [i] Finished initialiting PUF & hammer rows
[43963.767242] [i]	Timer elapsed since its reset 0 sec
[43963.767242] [i] Decay: 120 sec
[43963.767272] [i]	Relative Decay: 0 msec
