[22506.729064] [i] Total hammer attempts per row: 1863655
[22506.729064] EMIF 2 REG Write 0x00000618 at 0x4d000010
[22506.729095] EMIF 2 REG Read 0x00000618 at 0x4d000010
[22506.729095] EMIF 2 REG Write 0x00000618 at 0x4d000014
[22506.729125] EMIF 2 REG Read 0x00000618 at 0x4d000014
[22506.729125] EMIF 2 REG Write 0x58016893 at 0x4d0000cc
[22506.729156] EMIF 2 REG Read 0x58016893 at 0x4d0000cc
[22506.729156] Temp polling alert enabled
[22506.729156] Refresh enabled at EMIF2
[22506.729187] [i] Starting PUF read-out
[22506.729187] [i] Single-Sided Rowhammer (SSRH)
[22506.729217] PUF Read:0x00000000 at 0xa0008000
[22506.729217] PUF Read:0x00000000 at 0xa0008004
[22506.729217] PUF Read:0x00000000 at 0xa0008008
[22506.729278] PUF Read:0x00000000 at 0xa000800c
[22506.729278] PUF Read:0x00000000 at 0xa0008010
[22506.729278] PUF Read:0x00000100 at 0xa0008014
[22506.729370] PUF Read:0x00000000 at 0xa0008018
[22506.729400] PUF Read:0x00000000 at 0xa000801c
[22506.729400] PUF Read:0x00000000 at 0xa0008020
[22506.729400] PUF Read:0x00000000 at 0xa0008024
[22506.729461] PUF Read:0x00000000 at 0xa0008028
[22506.729461] PUF Read:0x00000000 at 0xa000802c
[22506.729522] PUF Read:0x00000000 at 0xa0008030
[22506.729553] PUF Read:0x00000000 at 0xa0008034
[22506.729553] PUF Read:0x00000000 at 0xa0008038
[22506.729553] PUF Read:0x00000000 at 0xa000803c
[22506.729614] PUF Read:0x00000001 at 0xa0008040
[22506.729614] PUF Read:0x00004000 at 0xa0008044
[22506.729675] PUF Read:0x00000000 at 0xa0008048
[22506.729705] PUF Read:0x00000000 at 0xa000804c
[22506.729705] PUF Read:0x00000000 at 0xa0008050
[22506.729705] PUF Read:0x00000000 at 0xa0008054
[22506.729797] PUF Read:0x00000000 at 0xa0008058
[22506.729797] PUF Read:0x00000000 at 0xa000805c
[22506.729797] PUF Read:0x00000000 at 0xa0008060
[22506.729797] PUF Read:0x00000000 at 0xa0008064
[22506.729888] PUF Read:0x00000000 at 0xa0008068
[22506.729888] PUF Read:0x00000000 at 0xa000806c
[22506.729888] PUF Read:0x00000000 at 0xa0008070
[22506.729888] PUF Read:0x00000000 at 0xa0008074
[22506.729888] PUF Read:0x00000000 at 0xa0008078
[22506.729888] PUF Read:0x00000000 at 0xa000807c
[22506.730041] PUF Read:0x00000000 at 0xa0008080
[22506.730072] PUF Read:0x00000000 at 0xa0008084
[22506.730072] PUF Read:0x00000000 at 0xa0008088
[22506.730072] PUF Read:0x00000000 at 0xa000808c
[22506.730133] PUF Read:0x00000000 at 0xa0008090
[22506.730133] PUF Read:0x00000000 at 0xa0008094
[22506.730194] PUF Read:0x00010000 at 0xa0008098
[22506.730224] PUF Read:0x00000000 at 0xa000809c
[22506.730224] PUF Read:0x00000000 at 0xa00080a0
[22506.730224] PUF Read:0x00000000 at 0xa00080a4
[22506.730285] PUF Read:0x00000000 at 0xa00080a8
[22506.730285] PUF Read:0x00000000 at 0xa00080ac
[22506.730346] PUF Read:0x00000000 at 0xa00080b0
[22506.730377] PUF Read:0x00000000 at 0xa00080b4
[22506.730377] PUF Read:0x00000000 at 0xa00080b8
[22506.730377] PUF Read:0x00000000 at 0xa00080bc
[22506.730438] PUF Read:0x00000000 at 0xa00080c0
[22506.730438] PUF Read:0x00000000 at 0xa00080c4
[22506.730499] PUF Read:0x00000000 at 0xa00080c8
[22506.730529] PUF Read:0x00000000 at 0xa00080cc
[22506.730529] PUF Read:0x40000000 at 0xa00080d0
[22506.730529] PUF Read:0x00000000 at 0xa00080d4
[22506.730590] PUF Read:0x00000000 at 0xa00080d8
[22506.730590] PUF Read:0x00000000 at 0xa00080dc
[22506.730651] PUF Read:0x01000000 at 0xa00080e0
[22506.730682] PUF Read:0x00000000 at 0xa00080e4
[22506.730682] PUF Read:0x00000000 at 0xa00080e8
[22506.730682] PUF Read:0x00000001 at 0xa00080ec
[22506.730743] PUF Read:0x00000000 at 0xa00080f0
[22506.730743] PUF Read:0x00000000 at 0xa00080f4
[22506.730804] PUF Read:0x00000000 at 0xa00080f8
[22506.730834] PUF Read:0x00000000 at 0xa00080fc
[22506.730834] PUF Read:0x00000000 at 0xa0008100
[22506.730834] PUF Read:0x00000000 at 0xa0008104
[22506.730895] PUF Read:0x00000000 at 0xa0008108
[22506.730895] PUF Read:0x00000000 at 0xa000810c
[22506.730957] PUF Read:0x00000000 at 0xa0008110
[22506.730987] PUF Read:0x00000000 at 0xa0008114
[22506.730987] PUF Read:0x00000000 at 0xa0008118
[22506.730987] PUF Read:0x00000000 at 0xa000811c
[22506.731048] PUF Read:0x00000000 at 0xa0008120
[22506.731048] PUF Read:0x00000000 at 0xa0008124
[22506.731109] PUF Read:0x00000000 at 0xa0008128
[22506.731140] PUF Read:0x00000000 at 0xa000812c
[22506.731140] PUF Read:0x00000000 at 0xa0008130
[22506.731140] PUF Read:0x00000000 at 0xa0008134
[22506.731201] PUF Read:0x00000000 at 0xa0008138
[22506.731201] PUF Read:0x00000000 at 0xa000813c
[22506.731262] PUF Read:0x00000000 at 0xa0008140
[22506.731292] PUF Read:0x00000000 at 0xa0008144
[22506.731323] PUF Read:0x00100400 at 0xa0008148
[22506.731323] PUF Read:0x00000000 at 0xa000814c
[22506.731323] PUF Read:0x00000000 at 0xa0008150
[22506.731384] PUF Read:0x00000000 at 0xa0008154
[22506.731384] PUF Read:0x00000000 at 0xa0008158
[22506.731445] PUF Read:0x00000040 at 0xa000815c
[22506.731475] PUF Read:0x00000000 at 0xa0008160
[22506.731475] PUF Read:0x00000000 at 0xa0008164
[22506.731475] PUF Read:0x00000000 at 0xa0008168
[22506.731536] PUF Read:0x00400000 at 0xa000816c
[22506.731536] PUF Read:0x00000000 at 0xa0008170
[22506.731597] PUF Read:0x00000000 at 0xa0008174
[22506.731628] PUF Read:0x00000000 at 0xa0008178
[22506.731628] PUF Read:0x00000000 at 0xa000817c
[22506.731628] PUF Read:0x00000000 at 0xa0008180
[22506.731689] PUF Read:0x00000000 at 0xa0008184
[22506.731689] PUF Read:0x00000000 at 0xa0008188
[22506.731750] PUF Read:0x00000000 at 0xa000818c
[22506.731781] PUF Read:0x00000000 at 0xa0008190
[22506.731781] PUF Read:0x00000000 at 0xa0008194
[22506.731781] PUF Read:0x00000000 at 0xa0008198
[22506.731842] PUF Read:0x00000000 at 0xa000819c
[22506.731842] PUF Read:0x00000000 at 0xa00081a0
[22506.731903] PUF Read:0x00000000 at 0xa00081a4
[22506.731933] PUF Read:0x00000000 at 0xa00081a8
[22506.731933] PUF Read:0x00000000 at 0xa00081ac
[22506.731933] PUF Read:0x00400000 at 0xa00081b0
[22506.731994] PUF Read:0x00000000 at 0xa00081b4
[22506.731994] PUF Read:0x00000000 at 0xa00081b8
[22506.732055] PUF Read:0x00000000 at 0xa00081bc
[22506.732086] PUF Read:0x00000000 at 0xa00081c0
[22506.732086] PUF Read:0x00000004 at 0xa00081c4
[22506.732086] PUF Read:0x00000000 at 0xa00081c8
[22506.732147] PUF Read:0x00000000 at 0xa00081cc
[22506.732147] PUF Read:0x10000000 at 0xa00081d0
[22506.732208] PUF Read:0x00000000 at 0xa00081d4
[22506.732238] PUF Read:0x00000000 at 0xa00081d8
[22506.732238] PUF Read:0x00000000 at 0xa00081dc
[22506.732238] PUF Read:0x00000000 at 0xa00081e0
[22506.732299] PUF Read:0x00000040 at 0xa00081e4
[22506.732299] PUF Read:0x00000000 at 0xa00081e8
[22506.732360] PUF Read:0x00000000 at 0xa00081ec
[22506.732391] PUF Read:0x00000000 at 0xa00081f0
[22506.732391] PUF Read:0x00000400 at 0xa00081f4
[22506.732391] PUF Read:0x00000000 at 0xa00081f8
[22506.732452] PUF Read:0x00000000 at 0xa00081fc
[22506.732452] PUF Read:0x00000000 at 0xa0008200
[22506.732513] PUF Read:0x00000000 at 0xa0008204
[22506.732513] PUF Read:0x00000000 at 0xa0008208
[22506.732513] PUF Read:0x00000000 at 0xa000820c
[22506.732513] PUF Read:0x00000000 at 0xa0008210
[22506.732604] PUF Read:0x00000000 at 0xa0008214
[22506.732604] PUF Read:0x00000000 at 0xa0008218
[22506.732666] PUF Read:0x00000000 at 0xa000821c
[22506.732696] PUF Read:0x00000000 at 0xa0008220
[22506.732696] PUF Read:0x00000000 at 0xa0008224
[22506.732696] PUF Read:0x00000000 at 0xa0008228
[22506.732757] PUF Read:0x00000000 at 0xa000822c
[22506.732757] PUF Read:0x00000000 at 0xa0008230
[22506.732757] PUF Read:0x00400000 at 0xa0008234
[22506.732849] PUF Read:0x00000000 at 0xa0008238
[22506.732879] PUF Read:0x00000000 at 0xa000823c
[22506.732879] PUF Read:0x00000000 at 0xa0008240
[22506.732879] PUF Read:0x00000000 at 0xa0008244
[22506.732940] PUF Read:0x00000000 at 0xa0008248
[22506.732940] PUF Read:0x00000000 at 0xa000824c
[22506.733001] PUF Read:0x00000000 at 0xa0008250
[22506.733032] PUF Read:0x00000000 at 0xa0008254
[22506.733032] PUF Read:0x00000000 at 0xa0008258
[22506.733032] PUF Read:0x00000000 at 0xa000825c
[22506.733093] PUF Read:0x00000000 at 0xa0008260
[22506.733093] PUF Read:0x00000000 at 0xa0008264
[22506.733154] PUF Read:0x00000000 at 0xa0008268
[22506.733184] PUF Read:0x00000000 at 0xa000826c
[22506.733184] PUF Read:0x00000000 at 0xa0008270
[22506.733184] PUF Read:0x00000000 at 0xa0008274
[22506.733245] PUF Read:0x00000000 at 0xa0008278
[22506.733245] PUF Read:0x00000000 at 0xa000827c
[22506.733306] PUF Read:0x00000000 at 0xa0008280
[22506.733306] PUF Read:0x00000000 at 0xa0008284
[22506.733306] PUF Read:0x00000000 at 0xa0008288
[22506.733306] PUF Read:0x00000000 at 0xa000828c
[22506.733306] PUF Read:0x00000000 at 0xa0008290
[22506.733306] PUF Read:0x00000000 at 0xa0008294
[22506.733459] PUF Read:0x00000000 at 0xa0008298
[22506.733459] PUF Read:0x00000000 at 0xa000829c
[22506.733459] PUF Read:0x00000000 at 0xa00082a0
[22506.733459] PUF Read:0x00000000 at 0xa00082a4
[22506.733459] PUF Read:0x00000000 at 0xa00082a8
[22506.733459] PUF Read:0x00000000 at 0xa00082ac
[22506.733612] PUF Read:0x00000000 at 0xa00082b0
[22506.733612] PUF Read:0x00000000 at 0xa00082b4
[22506.733612] PUF Read:0x00000040 at 0xa00082b8
[22506.733612] PUF Read:0x00000000 at 0xa00082bc
[22506.733612] PUF Read:0x00000000 at 0xa00082c0
[22506.733612] PUF Read:0x00000000 at 0xa00082c4
[22506.733764] PUF Read:0x10000000 at 0xa00082c8
[22506.733764] PUF Read:0x00000000 at 0xa00082cc
[22506.733764] PUF Read:0x00000000 at 0xa00082d0
[22506.733764] PUF Read:0x00000000 at 0xa00082d4
[22506.733764] PUF Read:0x00000000 at 0xa00082d8
[22506.733886] PUF Read:0x00000000 at 0xa00082dc
[22506.733917] PUF Read:0x00000000 at 0xa00082e0
[22506.733917] PUF Read:0x00000400 at 0xa00082e4
[22506.733978] PUF Read:0x00000000 at 0xa00082e8
[22506.733978] PUF Read:0x00000000 at 0xa00082ec
[22506.733978] PUF Read:0x00000000 at 0xa00082f0
[22506.734039] PUF Read:0x00000000 at 0xa00082f4
[22506.734069] PUF Read:0x00000000 at 0xa00082f8
[22506.734069] PUF Read:0x00000000 at 0xa00082fc
[22506.734130] PUF Read:0x00000000 at 0xa0008300
[22506.734130] PUF Read:0x00000000 at 0xa0008304
[22506.734130] PUF Read:0x00000000 at 0xa0008308
[22506.734191] PUF Read:0x00000000 at 0xa000830c
[22506.734222] PUF Read:0x00000000 at 0xa0008310
[22506.734222] PUF Read:0x00000000 at 0xa0008314
[22506.734283] PUF Read:0x00000000 at 0xa0008318
[22506.734283] PUF Read:0x10000000 at 0xa000831c
[22506.734283] PUF Read:0x00000000 at 0xa0008320
[22506.734283] PUF Read:0x00000000 at 0xa0008324
[22506.734375] PUF Read:0x00000000 at 0xa0008328
[22506.734405] PUF Read:0x00000000 at 0xa000832c
[22506.734405] PUF Read:0x00000004 at 0xa0008330
[22506.734405] PUF Read:0x00000000 at 0xa0008334
[22506.734405] PUF Read:0x00000000 at 0xa0008338
[22506.734405] PUF Read:0x00000000 at 0xa000833c
[22506.734405] PUF Read:0x00000000 at 0xa0008340
[22506.734558] PUF Read:0x00000000 at 0xa0008344
[22506.734558] PUF Read:0x00000000 at 0xa0008348
[22506.734558] PUF Read:0x00000000 at 0xa000834c
[22506.734558] PUF Read:0x00000000 at 0xa0008350
[22506.734558] PUF Read:0x00000000 at 0xa0008354
[22506.734558] PUF Read:0x00000000 at 0xa0008358
[22506.734710] PUF Read:0x00000000 at 0xa000835c
[22506.734710] PUF Read:0x00010000 at 0xa0008360
[22506.734710] PUF Read:0x00000000 at 0xa0008364
[22506.734710] PUF Read:0x00000000 at 0xa0008368
[22506.734710] PUF Read:0x00000000 at 0xa000836c
[22506.734832] PUF Read:0x00000000 at 0xa0008370
[22506.734863] PUF Read:0x00000000 at 0xa0008374
[22506.734863] PUF Read:0x00000000 at 0xa0008378
[22506.734924] PUF Read:0x00000000 at 0xa000837c
[22506.734924] PUF Read:0x00000000 at 0xa0008380
[22506.734924] PUF Read:0x00000000 at 0xa0008384
[22506.734985] PUF Read:0x00000000 at 0xa0008388
[22506.735015] PUF Read:0x00000000 at 0xa000838c
[22506.735015] PUF Read:0x00000000 at 0xa0008390
[22506.735076] PUF Read:0x00000000 at 0xa0008394
[22506.735076] PUF Read:0x00000000 at 0xa0008398
[22506.735076] PUF Read:0x00000000 at 0xa000839c
[22506.735137] PUF Read:0x00000000 at 0xa00083a0
[22506.735168] PUF Read:0x00000000 at 0xa00083a4
[22506.735168] PUF Read:0x00000000 at 0xa00083a8
[22506.735168] PUF Read:0x00000000 at 0xa00083ac
[22506.735229] PUF Read:0x00000000 at 0xa00083b0
[22506.735229] PUF Read:0x00000000 at 0xa00083b4
[22506.735290] PUF Read:0x00000000 at 0xa00083b8
[22506.735321] PUF Read:0x00000000 at 0xa00083bc
[22506.735321] PUF Read:0x00000000 at 0xa00083c0
[22506.735321] PUF Read:0x00000000 at 0xa00083c4
[22506.735382] PUF Read:0x00000000 at 0xa00083c8
[22506.735382] PUF Read:0x00000000 at 0xa00083cc
[22506.735443] PUF Read:0x00000000 at 0xa00083d0
[22506.735473] PUF Read:0x00010000 at 0xa00083d4
[22506.735473] PUF Read:0x00000000 at 0xa00083d8
[22506.735473] PUF Read:0x00000000 at 0xa00083dc
[22506.735534] PUF Read:0x00000000 at 0xa00083e0
[22506.735534] PUF Read:0x00000000 at 0xa00083e4
[22506.735595] PUF Read:0x00000000 at 0xa00083e8
[22506.735626] PUF Read:0x00000000 at 0xa00083ec
[22506.735626] PUF Read:0x00000000 at 0xa00083f0
[22506.735626] PUF Read:0x00000000 at 0xa00083f4
[22506.735687] PUF Read:0x00000004 at 0xa00083f8
[22506.735687] PUF Read:0x00040000 at 0xa00083fc
[22506.735748] [i] Finished PUF read-out
[22506.735748] <6>[i] Finished PUF query for decaytime: 7680
[22506.735748] [i] Start decaytime: 120
[22506.735778] EMIF 2 REG Write 0x80000000 at 0x4d000010
[22506.735778] EMIF 2 REG Read 0x80000000 at 0x4d000010
[22506.735809] EMIF 2 REG Write 0x80000000 at 0x4d000014
[22506.735809] EMIF 2 REG Read 0x00000000 at 0x4d000014
[22506.735839] EMIF 2 REG Write 0x08016893 at 0x4d0000cc
[22506.735839] EMIF 2 REG Read 0x08016893 at 0x4d0000cc
[22506.735839] Temp polling alert disabled
[22506.735870] Refresh Disabled at EMIF2
[22506.735870] [i] Initialiting PUF & hammer rows
[22506.735870] [i] Single-Sided Rowhammer (SSRH)
[22506.736846] [i] Finished initialiting PUF & hammer rows
[22506.742645] [i]	Timer elapsed since its reset 0 sec
[22506.742645] [i] Decay: 120 sec
[22506.742645] [i]	Relative Decay: 0 msec
