[  869.706634] [i] Total hammer attempts per row: 1862581
[  869.706665] EMIF 2 REG Write 0x00000618 at 0x4d000010
[  869.706695] EMIF 2 REG Read 0x00000618 at 0x4d000010
[  869.706695] EMIF 2 REG Write 0x00000618 at 0x4d000014
[  869.706726] EMIF 2 REG Read 0x00000618 at 0x4d000014
[  869.706726] EMIF 2 REG Write 0x58016893 at 0x4d0000cc
[  869.706726] EMIF 2 REG Read 0x58016893 at 0x4d0000cc
[  869.706756] Temp polling alert enabled
[  869.706756] Refresh enabled at EMIF2
[  869.706756] [i] Starting PUF read-out
[  869.706787] [i] Single-Sided Rowhammer (SSRH)
[  869.706787] PUF Read:0x00000000 at 0xa0008000
[  869.706787] PUF Read:0x00000000 at 0xa0008004
[  869.706787] PUF Read:0x00000000 at 0xa0008008
[  869.706787] PUF Read:0x00000000 at 0xa000800c
[  869.706909] PUF Read:0x00000000 at 0xa0008010
[  869.706939] PUF Read:0x00000100 at 0xa0008014
[  869.706939] PUF Read:0x00000000 at 0xa0008018
[  869.706939] PUF Read:0x00000000 at 0xa000801c
[  869.707000] PUF Read:0x00000000 at 0xa0008020
[  869.707000] PUF Read:0x00000000 at 0xa0008024
[  869.707061] PUF Read:0x00000000 at 0xa0008028
[  869.707092] PUF Read:0x00000000 at 0xa000802c
[  869.707092] PUF Read:0x00000000 at 0xa0008030
[  869.707092] PUF Read:0x00000000 at 0xa0008034
[  869.707153] PUF Read:0x00000000 at 0xa0008038
[  869.707153] PUF Read:0x00000000 at 0xa000803c
[  869.707214] PUF Read:0x00000001 at 0xa0008040
[  869.707244] PUF Read:0x00004000 at 0xa0008044
[  869.707244] PUF Read:0x00000000 at 0xa0008048
[  869.707244] PUF Read:0x00000000 at 0xa000804c
[  869.707305] PUF Read:0x00000000 at 0xa0008050
[  869.707305] PUF Read:0x00000000 at 0xa0008054
[  869.707366] PUF Read:0x00000000 at 0xa0008058
[  869.707397] PUF Read:0x00000000 at 0xa000805c
[  869.707397] PUF Read:0x00000000 at 0xa0008060
[  869.707397] PUF Read:0x00000000 at 0xa0008064
[  869.707458] PUF Read:0x00000000 at 0xa0008068
[  869.707458] PUF Read:0x00000000 at 0xa000806c
[  869.707519] PUF Read:0x00000000 at 0xa0008070
[  869.707550] PUF Read:0x00000000 at 0xa0008074
[  869.707550] PUF Read:0x00000000 at 0xa0008078
[  869.707550] PUF Read:0x00000000 at 0xa000807c
[  869.707611] PUF Read:0x00000000 at 0xa0008080
[  869.707611] PUF Read:0x00000000 at 0xa0008084
[  869.707672] PUF Read:0x00000000 at 0xa0008088
[  869.707702] PUF Read:0x00000000 at 0xa000808c
[  869.707702] PUF Read:0x00000000 at 0xa0008090
[  869.707702] PUF Read:0x00000000 at 0xa0008094
[  869.707702] PUF Read:0x00010000 at 0xa0008098
[  869.707702] PUF Read:0x00000000 at 0xa000809c
[  869.707824] PUF Read:0x00000000 at 0xa00080a0
[  869.707824] PUF Read:0x00000000 at 0xa00080a4
[  869.707885] PUF Read:0x00000000 at 0xa00080a8
[  869.707885] PUF Read:0x00000000 at 0xa00080ac
[  869.707885] PUF Read:0x00000000 at 0xa00080b0
[  869.707946] PUF Read:0x00000000 at 0xa00080b4
[  869.707977] PUF Read:0x00000000 at 0xa00080b8
[  869.707977] PUF Read:0x00000000 at 0xa00080bc
[  869.707977] PUF Read:0x00000000 at 0xa00080c0
[  869.708038] PUF Read:0x00000000 at 0xa00080c4
[  869.708038] PUF Read:0x00000000 at 0xa00080c8
[  869.708099] PUF Read:0x00000000 at 0xa00080cc
[  869.708129] PUF Read:0x00000000 at 0xa00080d0
[  869.708129] PUF Read:0x00000000 at 0xa00080d4
[  869.708129] PUF Read:0x00000000 at 0xa00080d8
[  869.708190] PUF Read:0x00000000 at 0xa00080dc
[  869.708190] PUF Read:0x01000000 at 0xa00080e0
[  869.708251] PUF Read:0x00000000 at 0xa00080e4
[  869.708282] PUF Read:0x00000000 at 0xa00080e8
[  869.708282] PUF Read:0x00000001 at 0xa00080ec
[  869.708282] PUF Read:0x00000000 at 0xa00080f0
[  869.708343] PUF Read:0x00000000 at 0xa00080f4
[  869.708343] PUF Read:0x00000000 at 0xa00080f8
[  869.708404] PUF Read:0x00000000 at 0xa00080fc
[  869.708435] PUF Read:0x00000000 at 0xa0008100
[  869.708435] PUF Read:0x00000000 at 0xa0008104
[  869.708435] PUF Read:0x00000000 at 0xa0008108
[  869.708435] PUF Read:0x00000000 at 0xa000810c
[  869.708435] PUF Read:0x00000000 at 0xa0008110
[  869.708557] PUF Read:0x00000000 at 0xa0008114
[  869.708557] PUF Read:0x00000000 at 0xa0008118
[  869.708557] PUF Read:0x00000000 at 0xa000811c
[  869.708557] PUF Read:0x00000000 at 0xa0008120
[  869.708648] PUF Read:0x00000000 at 0xa0008124
[  869.708648] PUF Read:0x00000000 at 0xa0008128
[  869.708709] PUF Read:0x00000000 at 0xa000812c
[  869.708740] PUF Read:0x00000000 at 0xa0008130
[  869.708740] PUF Read:0x00000000 at 0xa0008134
[  869.708740] PUF Read:0x00000000 at 0xa0008138
[  869.708801] PUF Read:0x00000000 at 0xa000813c
[  869.708801] PUF Read:0x00000000 at 0xa0008140
[  869.708862] PUF Read:0x00000000 at 0xa0008144
[  869.708892] PUF Read:0x00100400 at 0xa0008148
[  869.708892] PUF Read:0x00000000 at 0xa000814c
[  869.708892] PUF Read:0x00000000 at 0xa0008150
[  869.708953] PUF Read:0x00000000 at 0xa0008154
[  869.708953] PUF Read:0x00000000 at 0xa0008158
[  869.709014] PUF Read:0x00000040 at 0xa000815c
[  869.709045] PUF Read:0x00000000 at 0xa0008160
[  869.709045] PUF Read:0x00000000 at 0xa0008164
[  869.709045] PUF Read:0x00000000 at 0xa0008168
[  869.709106] PUF Read:0x00000000 at 0xa000816c
[  869.709106] PUF Read:0x00000000 at 0xa0008170
[  869.709167] PUF Read:0x00000000 at 0xa0008174
[  869.709197] PUF Read:0x00000000 at 0xa0008178
[  869.709197] PUF Read:0x00000000 at 0xa000817c
[  869.709197] PUF Read:0x00000000 at 0xa0008180
[  869.709259] PUF Read:0x00000000 at 0xa0008184
[  869.709259] PUF Read:0x00000000 at 0xa0008188
[  869.709320] PUF Read:0x00000000 at 0xa000818c
[  869.709350] PUF Read:0x00000000 at 0xa0008190
[  869.709350] PUF Read:0x00000000 at 0xa0008194
[  869.709350] PUF Read:0x00000000 at 0xa0008198
[  869.709411] PUF Read:0x00000000 at 0xa000819c
[  869.709411] PUF Read:0x00000000 at 0xa00081a0
[  869.709472] PUF Read:0x00000000 at 0xa00081a4
[  869.709472] PUF Read:0x00000000 at 0xa00081a8
[  869.709472] PUF Read:0x00000000 at 0xa00081ac
[  869.709472] PUF Read:0x00400000 at 0xa00081b0
[  869.709472] PUF Read:0x00000000 at 0xa00081b4
[  869.709472] PUF Read:0x00000000 at 0xa00081b8
[  869.709625] PUF Read:0x00000000 at 0xa00081bc
[  869.709625] PUF Read:0x00000000 at 0xa00081c0
[  869.709625] PUF Read:0x00000004 at 0xa00081c4
[  869.709625] PUF Read:0x00000000 at 0xa00081c8
[  869.709625] PUF Read:0x00000000 at 0xa00081cc
[  869.709625] PUF Read:0x10000000 at 0xa00081d0
[  869.709777] PUF Read:0x00000000 at 0xa00081d4
[  869.709777] PUF Read:0x00000000 at 0xa00081d8
[  869.709777] PUF Read:0x00000000 at 0xa00081dc
[  869.709838] PUF Read:0x00000000 at 0xa00081e0
[  869.709838] PUF Read:0x00000040 at 0xa00081e4
[  869.709899] PUF Read:0x00000000 at 0xa00081e8
[  869.709930] PUF Read:0x00000000 at 0xa00081ec
[  869.709930] PUF Read:0x00000000 at 0xa00081f0
[  869.709930] PUF Read:0x00000400 at 0xa00081f4
[  869.709991] PUF Read:0x00000000 at 0xa00081f8
[  869.709991] PUF Read:0x00000000 at 0xa00081fc
[  869.710052] PUF Read:0x00000000 at 0xa0008200
[  869.710083] PUF Read:0x00000000 at 0xa0008204
[  869.710083] PUF Read:0x00000000 at 0xa0008208
[  869.710083] PUF Read:0x00000000 at 0xa000820c
[  869.710144] PUF Read:0x00000000 at 0xa0008210
[  869.710144] PUF Read:0x00000000 at 0xa0008214
[  869.710205] PUF Read:0x00000000 at 0xa0008218
[  869.710235] PUF Read:0x00000000 at 0xa000821c
[  869.710235] PUF Read:0x00000000 at 0xa0008220
[  869.710235] PUF Read:0x00000000 at 0xa0008224
[  869.710296] PUF Read:0x00000000 at 0xa0008228
[  869.710296] PUF Read:0x00000000 at 0xa000822c
[  869.710357] PUF Read:0x00000000 at 0xa0008230
[  869.710388] PUF Read:0x00400000 at 0xa0008234
[  869.710388] PUF Read:0x00000000 at 0xa0008238
[  869.710388] PUF Read:0x00000000 at 0xa000823c
[  869.710449] PUF Read:0x00000000 at 0xa0008240
[  869.710449] PUF Read:0x00000000 at 0xa0008244
[  869.710510] PUF Read:0x00000000 at 0xa0008248
[  869.710540] PUF Read:0x00000000 at 0xa000824c
[  869.710540] PUF Read:0x00000000 at 0xa0008250
[  869.710540] PUF Read:0x00000000 at 0xa0008254
[  869.710601] PUF Read:0x00000000 at 0xa0008258
[  869.710601] PUF Read:0x00000000 at 0xa000825c
[  869.710662] PUF Read:0x00000000 at 0xa0008260
[  869.710662] PUF Read:0x00000000 at 0xa0008264
[  869.710662] PUF Read:0x00000000 at 0xa0008268
[  869.710662] PUF Read:0x00000000 at 0xa000826c
[  869.710662] PUF Read:0x00000000 at 0xa0008270
[  869.710662] PUF Read:0x00000000 at 0xa0008274
[  869.710815] PUF Read:0x00000000 at 0xa0008278
[  869.710815] PUF Read:0x00000000 at 0xa000827c
[  869.710876] PUF Read:0x00000000 at 0xa0008280
[  869.710876] PUF Read:0x00000000 at 0xa0008284
[  869.710876] PUF Read:0x00000000 at 0xa0008288
[  869.710937] PUF Read:0x00000000 at 0xa000828c
[  869.710968] PUF Read:0x00000000 at 0xa0008290
[  869.710968] PUF Read:0x00000000 at 0xa0008294
[  869.710968] PUF Read:0x00000000 at 0xa0008298
[  869.711029] PUF Read:0x00000000 at 0xa000829c
[  869.711029] PUF Read:0x00000000 at 0xa00082a0
[  869.711090] PUF Read:0x00000000 at 0xa00082a4
[  869.711120] PUF Read:0x00000000 at 0xa00082a8
[  869.711120] PUF Read:0x00000000 at 0xa00082ac
[  869.711120] PUF Read:0x00000000 at 0xa00082b0
[  869.711181] PUF Read:0x00000000 at 0xa00082b4
[  869.711181] PUF Read:0x00000040 at 0xa00082b8
[  869.711242] PUF Read:0x00000000 at 0xa00082bc
[  869.711273] PUF Read:0x00000000 at 0xa00082c0
[  869.711273] PUF Read:0x00000000 at 0xa00082c4
[  869.711273] PUF Read:0x10000000 at 0xa00082c8
[  869.711334] PUF Read:0x00000000 at 0xa00082cc
[  869.711334] PUF Read:0x00000000 at 0xa00082d0
[  869.711395] PUF Read:0x00000000 at 0xa00082d4
[  869.711425] PUF Read:0x00000000 at 0xa00082d8
[  869.711425] PUF Read:0x00000000 at 0xa00082dc
[  869.711425] PUF Read:0x00000000 at 0xa00082e0
[  869.711486] PUF Read:0x00000400 at 0xa00082e4
[  869.711486] PUF Read:0x00000000 at 0xa00082e8
[  869.711547] PUF Read:0x00000000 at 0xa00082ec
[  869.711547] PUF Read:0x00000000 at 0xa00082f0
[  869.711547] PUF Read:0x00000000 at 0xa00082f4
[  869.711547] PUF Read:0x00000000 at 0xa00082f8
[  869.711547] PUF Read:0x00000000 at 0xa00082fc
[  869.711547] PUF Read:0x00000000 at 0xa0008300
[  869.711700] PUF Read:0x00000000 at 0xa0008304
[  869.711730] PUF Read:0x00000000 at 0xa0008308
[  869.711730] PUF Read:0x00000000 at 0xa000830c
[  869.711730] PUF Read:0x00000000 at 0xa0008310
[  869.711791] PUF Read:0x00000000 at 0xa0008314
[  869.711791] PUF Read:0x00000000 at 0xa0008318
[  869.711853] PUF Read:0x10000000 at 0xa000831c
[  869.711883] PUF Read:0x00000000 at 0xa0008320
[  869.711883] PUF Read:0x00000000 at 0xa0008324
[  869.711883] PUF Read:0x00000000 at 0xa0008328
[  869.711883] PUF Read:0x00000000 at 0xa000832c
[  869.711883] PUF Read:0x00000004 at 0xa0008330
[  869.712005] PUF Read:0x00000000 at 0xa0008334
[  869.712005] PUF Read:0x00000000 at 0xa0008338
[  869.712005] PUF Read:0x00000000 at 0xa000833c
[  869.712005] PUF Read:0x00000000 at 0xa0008340
[  869.712005] PUF Read:0x00000000 at 0xa0008344
[  869.712005] PUF Read:0x00000000 at 0xa0008348
[  869.712158] PUF Read:0x00000000 at 0xa000834c
[  869.712158] PUF Read:0x00000000 at 0xa0008350
[  869.712158] PUF Read:0x00000000 at 0xa0008354
[  869.712158] PUF Read:0x00000000 at 0xa0008358
[  869.712158] PUF Read:0x00000000 at 0xa000835c
[  869.712158] PUF Read:0x00010000 at 0xa0008360
[  869.712310] PUF Read:0x00000000 at 0xa0008364
[  869.712310] PUF Read:0x00000000 at 0xa0008368
[  869.712310] PUF Read:0x00000000 at 0xa000836c
[  869.712310] PUF Read:0x00000000 at 0xa0008370
[  869.712310] PUF Read:0x00000000 at 0xa0008374
[  869.712432] PUF Read:0x00000000 at 0xa0008378
[  869.712463] PUF Read:0x00000000 at 0xa000837c
[  869.712463] PUF Read:0x00000000 at 0xa0008380
[  869.712463] PUF Read:0x00000000 at 0xa0008384
[  869.712524] PUF Read:0x00000000 at 0xa0008388
[  869.712524] PUF Read:0x00000000 at 0xa000838c
[  869.712585] PUF Read:0x00000000 at 0xa0008390
[  869.712615] PUF Read:0x00000000 at 0xa0008394
[  869.712615] PUF Read:0x00000000 at 0xa0008398
[  869.712615] PUF Read:0x00000000 at 0xa000839c
[  869.712677] PUF Read:0x00000000 at 0xa00083a0
[  869.712677] PUF Read:0x00000000 at 0xa00083a4
[  869.712738] PUF Read:0x00000000 at 0xa00083a8
[  869.712768] PUF Read:0x00000000 at 0xa00083ac
[  869.712768] PUF Read:0x00000000 at 0xa00083b0
[  869.712768] PUF Read:0x00000000 at 0xa00083b4
[  869.712829] PUF Read:0x00000000 at 0xa00083b8
[  869.712829] PUF Read:0x00000000 at 0xa00083bc
[  869.712890] PUF Read:0x00000000 at 0xa00083c0
[  869.712921] PUF Read:0x00000000 at 0xa00083c4
[  869.712921] PUF Read:0x00000000 at 0xa00083c8
[  869.712921] PUF Read:0x00000000 at 0xa00083cc
[  869.712982] PUF Read:0x00000000 at 0xa00083d0
[  869.712982] PUF Read:0x00010000 at 0xa00083d4
[  869.713043] PUF Read:0x00000000 at 0xa00083d8
[  869.713073] PUF Read:0x00000000 at 0xa00083dc
[  869.713073] PUF Read:0x00000000 at 0xa00083e0
[  869.713073] PUF Read:0x00000000 at 0xa00083e4
[  869.713134] PUF Read:0x00000000 at 0xa00083e8
[  869.713134] PUF Read:0x00000000 at 0xa00083ec
[  869.713195] PUF Read:0x00000000 at 0xa00083f0
[  869.713226] PUF Read:0x00000000 at 0xa00083f4
[  869.713226] PUF Read:0x00000004 at 0xa00083f8
[  869.713226] PUF Read:0x00040000 at 0xa00083fc
[  869.713287] [i] Finished PUF read-out
[  869.713287] <6>[i] Finished PUF query for decaytime: 7680
[  869.713317] [i] Start decaytime: 120
[  869.713317] EMIF 2 REG Write 0x80000000 at 0x4d000010
[  869.713348] EMIF 2 REG Read 0x80000000 at 0x4d000010
[  869.713348] EMIF 2 REG Write 0x80000000 at 0x4d000014
[  869.713378] EMIF 2 REG Read 0x00000000 at 0x4d000014
[  869.713378] EMIF 2 REG Write 0x08016893 at 0x4d0000cc
[  869.713409] EMIF 2 REG Read 0x08016893 at 0x4d0000cc
[  869.713439] Temp polling alert disabled
[  869.713439] Refresh Disabled at EMIF2
[  869.713439] [i] Initialiting PUF & hammer rows
[  869.713470] [i] Single-Sided Rowhammer (SSRH)
[  869.713470] [i] Finished initialiting PUF & hammer rows
[  869.713470] [i]	Timer elapsed since its reset 0 sec
[  869.713470] [i] Decay: 120 sec
[  869.720214] [i]	Relative Decay: 0 msec
