[33325.315002] [i] Total hammer attempts per row: 1864659
[33325.315002] EMIF 2 REG Write 0x00000618 at 0x4d000010
[33325.315032] EMIF 2 REG Read 0x00000618 at 0x4d000010
[33325.315032] EMIF 2 REG Write 0x00000618 at 0x4d000014
[33325.315063] EMIF 2 REG Read 0x00000618 at 0x4d000014
[33325.315063] EMIF 2 REG Write 0x58016893 at 0x4d0000cc
[33325.315093] EMIF 2 REG Read 0x58016893 at 0x4d0000cc
[33325.315093] Temp polling alert enabled
[33325.315093] Refresh enabled at EMIF2
[33325.315124] [i] Starting PUF read-out
[33325.315124] [i] Single-Sided Rowhammer (SSRH)
[33325.315124] PUF Read:0x00000000 at 0xa0008000
[33325.315155] PUF Read:0x00000000 at 0xa0008004
[33325.315185] PUF Read:0x00000000 at 0xa0008008
[33325.315185] PUF Read:0x00000000 at 0xa000800c
[33325.315185] PUF Read:0x00000000 at 0xa0008010
[33325.315277] PUF Read:0x00000100 at 0xa0008014
[33325.315277] PUF Read:0x00000000 at 0xa0008018
[33325.315277] PUF Read:0x00000000 at 0xa000801c
[33325.315277] PUF Read:0x00000000 at 0xa0008020
[33325.315277] PUF Read:0x00004000 at 0xa0008024
[33325.315277] PUF Read:0x00000000 at 0xa0008028
[33325.315277] PUF Read:0x00000000 at 0xa000802c
[33325.315460] PUF Read:0x00000000 at 0xa0008030
[33325.315490] PUF Read:0x00000000 at 0xa0008034
[33325.315490] PUF Read:0x00000000 at 0xa0008038
[33325.315490] PUF Read:0x00000000 at 0xa000803c
[33325.315551] PUF Read:0x00000001 at 0xa0008040
[33325.315551] PUF Read:0x00004000 at 0xa0008044
[33325.315551] PUF Read:0x00000000 at 0xa0008048
[33325.315643] PUF Read:0x00000000 at 0xa000804c
[33325.315643] PUF Read:0x00000000 at 0xa0008050
[33325.315643] PUF Read:0x00000000 at 0xa0008054
[33325.315643] PUF Read:0x00000000 at 0xa0008058
[33325.315734] PUF Read:0x00000000 at 0xa000805c
[33325.315734] PUF Read:0x00000000 at 0xa0008060
[33325.315795] PUF Read:0x00000000 at 0xa0008064
[33325.315826] PUF Read:0x00000000 at 0xa0008068
[33325.315826] PUF Read:0x00000000 at 0xa000806c
[33325.315826] PUF Read:0x00000000 at 0xa0008070
[33325.315887] PUF Read:0x00000000 at 0xa0008074
[33325.315887] PUF Read:0x00000000 at 0xa0008078
[33325.315948] PUF Read:0x00000000 at 0xa000807c
[33325.315979] PUF Read:0x00000000 at 0xa0008080
[33325.315979] PUF Read:0x00000000 at 0xa0008084
[33325.315979] PUF Read:0x00000000 at 0xa0008088
[33325.316040] PUF Read:0x00000000 at 0xa000808c
[33325.316040] PUF Read:0x00000000 at 0xa0008090
[33325.316101] PUF Read:0x00000000 at 0xa0008094
[33325.316131] PUF Read:0x00010000 at 0xa0008098
[33325.316131] PUF Read:0x00000000 at 0xa000809c
[33325.316192] PUF Read:0x00000000 at 0xa00080a0
[33325.316192] PUF Read:0x00000000 at 0xa00080a4
[33325.316192] PUF Read:0x00000000 at 0xa00080a8
[33325.316253] PUF Read:0x00000040 at 0xa00080ac
[33325.316284] PUF Read:0x00000000 at 0xa00080b0
[33325.316284] PUF Read:0x00000000 at 0xa00080b4
[33325.316284] PUF Read:0x00004000 at 0xa00080b8
[33325.316284] PUF Read:0x00000000 at 0xa00080bc
[33325.316284] PUF Read:0x00000000 at 0xa00080c0
[33325.316284] PUF Read:0x00000000 at 0xa00080c4
[33325.316436] PUF Read:0x00000000 at 0xa00080c8
[33325.316436] PUF Read:0x00000000 at 0xa00080cc
[33325.316436] PUF Read:0x40000000 at 0xa00080d0
[33325.316436] PUF Read:0x00000000 at 0xa00080d4
[33325.316436] PUF Read:0x00000000 at 0xa00080d8
[33325.316436] PUF Read:0x00000000 at 0xa00080dc
[33325.316589] PUF Read:0x01000000 at 0xa00080e0
[33325.316589] PUF Read:0x00000000 at 0xa00080e4
[33325.316589] PUF Read:0x00000000 at 0xa00080e8
[33325.316589] PUF Read:0x00000001 at 0xa00080ec
[33325.316589] PUF Read:0x00000000 at 0xa00080f0
[33325.316589] PUF Read:0x00000000 at 0xa00080f4
[33325.316741] PUF Read:0x00000100 at 0xa00080f8
[33325.316772] PUF Read:0x00000000 at 0xa00080fc
[33325.316772] PUF Read:0x00000000 at 0xa0008100
[33325.316772] PUF Read:0x00000000 at 0xa0008104
[33325.316833] PUF Read:0x00000000 at 0xa0008108
[33325.316833] PUF Read:0x00000000 at 0xa000810c
[33325.316894] PUF Read:0x00000000 at 0xa0008110
[33325.316925] PUF Read:0x00000000 at 0xa0008114
[33325.316925] PUF Read:0x00000000 at 0xa0008118
[33325.316925] PUF Read:0x00000000 at 0xa000811c
[33325.316925] PUF Read:0x00000000 at 0xa0008120
[33325.316925] PUF Read:0x00000000 at 0xa0008124
[33325.316925] PUF Read:0x00000000 at 0xa0008128
[33325.317077] PUF Read:0x00000000 at 0xa000812c
[33325.317077] PUF Read:0x00000000 at 0xa0008130
[33325.317077] PUF Read:0x00000000 at 0xa0008134
[33325.317077] PUF Read:0x00000000 at 0xa0008138
[33325.317077] PUF Read:0x00000000 at 0xa000813c
[33325.317077] PUF Read:0x00000000 at 0xa0008140
[33325.317230] PUF Read:0x00000000 at 0xa0008144
[33325.317260] PUF Read:0x00100400 at 0xa0008148
[33325.317260] PUF Read:0x00000000 at 0xa000814c
[33325.317260] PUF Read:0x00000000 at 0xa0008150
[33325.317321] PUF Read:0x00000000 at 0xa0008154
[33325.317321] PUF Read:0x00000000 at 0xa0008158
[33325.317382] PUF Read:0x00000040 at 0xa000815c
[33325.317413] PUF Read:0x00000000 at 0xa0008160
[33325.317413] PUF Read:0x00000000 at 0xa0008164
[33325.317413] PUF Read:0x00000000 at 0xa0008168
[33325.317474] PUF Read:0x00400000 at 0xa000816c
[33325.317474] PUF Read:0x00000000 at 0xa0008170
[33325.317535] PUF Read:0x00000000 at 0xa0008174
[33325.317565] PUF Read:0x00000000 at 0xa0008178
[33325.317565] PUF Read:0x00000000 at 0xa000817c
[33325.317565] PUF Read:0x00000000 at 0xa0008180
[33325.317626] PUF Read:0x00000000 at 0xa0008184
[33325.317626] PUF Read:0x00000000 at 0xa0008188
[33325.317687] PUF Read:0x00000000 at 0xa000818c
[33325.317718] PUF Read:0x00000000 at 0xa0008190
[33325.317718] PUF Read:0x00000000 at 0xa0008194
[33325.317718] PUF Read:0x00000000 at 0xa0008198
[33325.317779] PUF Read:0x00000000 at 0xa000819c
[33325.317779] PUF Read:0x00000000 at 0xa00081a0
[33325.317840] PUF Read:0x00000000 at 0xa00081a4
[33325.317871] PUF Read:0x00000000 at 0xa00081a8
[33325.317871] PUF Read:0x00000000 at 0xa00081ac
[33325.317871] PUF Read:0x00400000 at 0xa00081b0
[33325.317932] PUF Read:0x00000000 at 0xa00081b4
[33325.317932] PUF Read:0x00000000 at 0xa00081b8
[33325.317993] PUF Read:0x00000000 at 0xa00081bc
[33325.318023] PUF Read:0x00000000 at 0xa00081c0
[33325.318023] PUF Read:0x00000004 at 0xa00081c4
[33325.318023] PUF Read:0x00000000 at 0xa00081c8
[33325.318084] PUF Read:0x00000000 at 0xa00081cc
[33325.318084] PUF Read:0x10000000 at 0xa00081d0
[33325.318145] PUF Read:0x00000000 at 0xa00081d4
[33325.318176] PUF Read:0x00000000 at 0xa00081d8
[33325.318176] PUF Read:0x00000000 at 0xa00081dc
[33325.318237] PUF Read:0x00000000 at 0xa00081e0
[33325.318237] PUF Read:0x00000040 at 0xa00081e4
[33325.318237] PUF Read:0x00000000 at 0xa00081e8
[33325.318237] PUF Read:0x00000000 at 0xa00081ec
[33325.318328] PUF Read:0x00000000 at 0xa00081f0
[33325.318328] PUF Read:0x00000400 at 0xa00081f4
[33325.318328] PUF Read:0x00000000 at 0xa00081f8
[33325.318420] PUF Read:0x00000000 at 0xa00081fc
[33325.318420] PUF Read:0x00000000 at 0xa0008200
[33325.318420] PUF Read:0x00000000 at 0xa0008204
[33325.318481] PUF Read:0x00000000 at 0xa0008208
[33325.318511] PUF Read:0x00000000 at 0xa000820c
[33325.318511] PUF Read:0x00000000 at 0xa0008210
[33325.318511] PUF Read:0x00000000 at 0xa0008214
[33325.318572] PUF Read:0x00000000 at 0xa0008218
[33325.318572] PUF Read:0x00000000 at 0xa000821c
[33325.318634] PUF Read:0x00000000 at 0xa0008220
[33325.318664] PUF Read:0x00000000 at 0xa0008224
[33325.318664] PUF Read:0x00000000 at 0xa0008228
[33325.318725] PUF Read:0x00000000 at 0xa000822c
[33325.318725] PUF Read:0x00000000 at 0xa0008230
[33325.318725] PUF Read:0x00400000 at 0xa0008234
[33325.318786] PUF Read:0x00000000 at 0xa0008238
[33325.318817] PUF Read:0x00000000 at 0xa000823c
[33325.318817] PUF Read:0x00000000 at 0xa0008240
[33325.318878] PUF Read:0x00000000 at 0xa0008244
[33325.318878] PUF Read:0x00000000 at 0xa0008248
[33325.318878] PUF Read:0x00000000 at 0xa000824c
[33325.318939] PUF Read:0x00000000 at 0xa0008250
[33325.318969] PUF Read:0x00100000 at 0xa0008254
[33325.318969] PUF Read:0x00000000 at 0xa0008258
[33325.319030] PUF Read:0x00000000 at 0xa000825c
[33325.319030] PUF Read:0x00000000 at 0xa0008260
[33325.319030] PUF Read:0x00000000 at 0xa0008264
[33325.319091] PUF Read:0x00000000 at 0xa0008268
[33325.319122] PUF Read:0x00000000 at 0xa000826c
[33325.319122] PUF Read:0x00000000 at 0xa0008270
[33325.319122] PUF Read:0x00000000 at 0xa0008274
[33325.319122] PUF Read:0x00000000 at 0xa0008278
[33325.319122] PUF Read:0x00000000 at 0xa000827c
[33325.319122] PUF Read:0x00000000 at 0xa0008280
[33325.319274] PUF Read:0x00000000 at 0xa0008284
[33325.319274] PUF Read:0x00000000 at 0xa0008288
[33325.319274] PUF Read:0x00000000 at 0xa000828c
[33325.319274] PUF Read:0x00000000 at 0xa0008290
[33325.319274] PUF Read:0x00000000 at 0xa0008294
[33325.319274] PUF Read:0x00000000 at 0xa0008298
[33325.319427] PUF Read:0x00000000 at 0xa000829c
[33325.319427] PUF Read:0x00000000 at 0xa00082a0
[33325.319427] PUF Read:0x00000000 at 0xa00082a4
[33325.319427] PUF Read:0x00000000 at 0xa00082a8
[33325.319519] PUF Read:0x00000000 at 0xa00082ac
[33325.319519] PUF Read:0x00000000 at 0xa00082b0
[33325.319580] PUF Read:0x00000000 at 0xa00082b4
[33325.319610] PUF Read:0x00000040 at 0xa00082b8
[33325.319610] PUF Read:0x00000000 at 0xa00082bc
[33325.319610] PUF Read:0x00000000 at 0xa00082c0
[33325.319671] PUF Read:0x00000000 at 0xa00082c4
[33325.319671] PUF Read:0x10000000 at 0xa00082c8
[33325.319732] PUF Read:0x00000000 at 0xa00082cc
[33325.319763] PUF Read:0x00000000 at 0xa00082d0
[33325.319763] PUF Read:0x00000000 at 0xa00082d4
[33325.319763] PUF Read:0x00000000 at 0xa00082d8
[33325.319824] PUF Read:0x00000000 at 0xa00082dc
[33325.319824] PUF Read:0x00000000 at 0xa00082e0
[33325.319885] PUF Read:0x00000400 at 0xa00082e4
[33325.319915] PUF Read:0x00000000 at 0xa00082e8
[33325.319946] PUF Read:0x00000000 at 0xa00082ec
[33325.319946] PUF Read:0x00000000 at 0xa00082f0
[33325.319946] PUF Read:0x00000000 at 0xa00082f4
[33325.320007] PUF Read:0x00000000 at 0xa00082f8
[33325.320007] PUF Read:0x00000000 at 0xa00082fc
[33325.320068] PUF Read:0x00000000 at 0xa0008300
[33325.320098] PUF Read:0x00000000 at 0xa0008304
[33325.320098] PUF Read:0x00000000 at 0xa0008308
[33325.320098] PUF Read:0x00000000 at 0xa000830c
[33325.320159] PUF Read:0x00000000 at 0xa0008310
[33325.320159] PUF Read:0x00000000 at 0xa0008314
[33325.320220] PUF Read:0x00000000 at 0xa0008318
[33325.320251] PUF Read:0x10000000 at 0xa000831c
[33325.320251] PUF Read:0x00000000 at 0xa0008320
[33325.320251] PUF Read:0x00000000 at 0xa0008324
[33325.320312] PUF Read:0x00000000 at 0xa0008328
[33325.320312] PUF Read:0x00000000 at 0xa000832c
[33325.320373] PUF Read:0x00000004 at 0xa0008330
[33325.320404] PUF Read:0x00000000 at 0xa0008334
[33325.320404] PUF Read:0x00000000 at 0xa0008338
[33325.320404] PUF Read:0x00000000 at 0xa000833c
[33325.320465] PUF Read:0x00000000 at 0xa0008340
[33325.320465] PUF Read:0x00000000 at 0xa0008344
[33325.320526] PUF Read:0x00000000 at 0xa0008348
[33325.320556] PUF Read:0x00000000 at 0xa000834c
[33325.320556] PUF Read:0x00000000 at 0xa0008350
[33325.320556] PUF Read:0x00000000 at 0xa0008354
[33325.320617] PUF Read:0x00000000 at 0xa0008358
[33325.320617] PUF Read:0x00000000 at 0xa000835c
[33325.320678] PUF Read:0x00010000 at 0xa0008360
[33325.320709] PUF Read:0x00000000 at 0xa0008364
[33325.320709] PUF Read:0x00000000 at 0xa0008368
[33325.320709] PUF Read:0x00000000 at 0xa000836c
[33325.320770] PUF Read:0x00000000 at 0xa0008370
[33325.320770] PUF Read:0x00000000 at 0xa0008374
[33325.320831] PUF Read:0x00000000 at 0xa0008378
[33325.320861] PUF Read:0x00000000 at 0xa000837c
[33325.320861] PUF Read:0x00000000 at 0xa0008380
[33325.320861] PUF Read:0x00000000 at 0xa0008384
[33325.320922] PUF Read:0x00000000 at 0xa0008388
[33325.320922] PUF Read:0x00000000 at 0xa000838c
[33325.320983] PUF Read:0x00000000 at 0xa0008390
[33325.321014] PUF Read:0x00000000 at 0xa0008394
[33325.321014] PUF Read:0x00000000 at 0xa0008398
[33325.321014] PUF Read:0x00000000 at 0xa000839c
[33325.321075] PUF Read:0x00000000 at 0xa00083a0
[33325.321075] PUF Read:0x00000000 at 0xa00083a4
[33325.321136] PUF Read:0x00000000 at 0xa00083a8
[33325.321166] PUF Read:0x00000000 at 0xa00083ac
[33325.321166] PUF Read:0x00000000 at 0xa00083b0
[33325.321166] PUF Read:0x00000000 at 0xa00083b4
[33325.321228] PUF Read:0x00000000 at 0xa00083b8
[33325.321228] PUF Read:0x00000000 at 0xa00083bc
[33325.321289] PUF Read:0x00000000 at 0xa00083c0
[33325.321319] PUF Read:0x00000000 at 0xa00083c4
[33325.321319] PUF Read:0x00000000 at 0xa00083c8
[33325.321319] PUF Read:0x00000000 at 0xa00083cc
[33325.321380] PUF Read:0x00000000 at 0xa00083d0
[33325.321380] PUF Read:0x00010000 at 0xa00083d4
[33325.321380] PUF Read:0x00000000 at 0xa00083d8
[33325.321472] PUF Read:0x00000000 at 0xa00083dc
[33325.321472] PUF Read:0x00000000 at 0xa00083e0
[33325.321472] PUF Read:0x00000000 at 0xa00083e4
[33325.321472] PUF Read:0x00000000 at 0xa00083e8
[33325.321472] PUF Read:0x00000000 at 0xa00083ec
[33325.321472] PUF Read:0x00000000 at 0xa00083f0
[33325.321624] PUF Read:0x00000000 at 0xa00083f4
[33325.321624] PUF Read:0x00000004 at 0xa00083f8
[33325.321624] PUF Read:0x00040000 at 0xa00083fc
[33325.321624] [i] Finished PUF read-out
[33325.321716] <6>[i] Finished PUF query for decaytime: 7680
[33325.321716] [i] Start decaytime: 120
[33325.321716] EMIF 2 REG Write 0x80000000 at 0x4d000010
[33325.321746] EMIF 2 REG Read 0x80000000 at 0x4d000010
[33325.321746] EMIF 2 REG Write 0x80000000 at 0x4d000014
[33325.321777] EMIF 2 REG Read 0x00000000 at 0x4d000014
[33325.321777] EMIF 2 REG Write 0x08016893 at 0x4d0000cc
[33325.321807] EMIF 2 REG Read 0x08016893 at 0x4d0000cc
[33325.321807] Temp polling alert disabled
[33325.321807] Refresh Disabled at EMIF2
[33325.321838] [i] Initialiting PUF & hammer rows
[33325.321838] [i] Single-Sided Rowhammer (SSRH)
[33325.324005] [i] Finished initialiting PUF & hammer rows
[33325.328582] [i]	Timer elapsed since its reset 0 sec
[33325.328582] [i] Decay: 120 sec
[33325.328582] [i]	Relative Decay: 0 msec
