[65900.549682] [i] Total hammer attempts per row: 3728134
[65900.549682] EMIF 2 REG Write 0x00000618 at 0x4d000010
[65900.549682] EMIF 2 REG Read 0x00000618 at 0x4d000010
[65900.549743] EMIF 2 REG Write 0x00000618 at 0x4d000014
[65900.549743] EMIF 2 REG Read 0x00000618 at 0x4d000014
[65900.549774] EMIF 2 REG Write 0x58016893 at 0x4d0000cc
[65900.549774] EMIF 2 REG Read 0x58016893 at 0x4d0000cc
[65900.549774] Temp polling alert enabled
[65900.549804] Refresh enabled at EMIF2
[65900.549804] [i] Starting PUF read-out
[65900.549804] [i] Single-Sided Rowhammer (SSRH)
[65900.549835] PUF Read:0xaaaa2aaa at 0xa0008000
[65900.549835] PUF Read:0xaaaaaaaa at 0xa0008004
[65900.549835] PUF Read:0xaaaaaaaa at 0xa0008008
[65900.549835] PUF Read:0xa2aaaa2a at 0xa000800c
[65900.549835] PUF Read:0xaaaaaaaa at 0xa0008010
[65900.549957] PUF Read:0x8aaaabaa at 0xa0008014
[65900.549957] PUF Read:0xaaaa2aaa at 0xa0008018
[65900.549957] PUF Read:0xaaa2aaaa at 0xa000801c
[65900.550048] PUF Read:0xaaaaaaaa at 0xa0008020
[65900.550079] PUF Read:0xeaaaeaaa at 0xa0008024
[65900.550079] PUF Read:0xaaaaaaaa at 0xa0008028
[65900.550079] PUF Read:0xaaaaaaba at 0xa000802c
[65900.550140] PUF Read:0xaaaaaaa8 at 0xa0008030
[65900.550140] PUF Read:0xaaaaaaaa at 0xa0008034
[65900.550140] PUF Read:0xaaaaaaaa at 0xa0008038
[65900.550231] PUF Read:0xaaaaaaaa at 0xa000803c
[65900.550231] PUF Read:0xaaaaaaab at 0xa0008040
[65900.550231] PUF Read:0xaaaaeaaa at 0xa0008044
[65900.550231] PUF Read:0xaaaaaaaa at 0xa0008048
[65900.550323] PUF Read:0xaaaaaaa8 at 0xa000804c
[65900.550323] PUF Read:0xa2aaaaaa at 0xa0008050
[65900.550384] PUF Read:0xaaaaa8aa at 0xa0008054
[65900.550415] PUF Read:0xaaaaaa8a at 0xa0008058
[65900.550415] PUF Read:0xaaaaaaaa at 0xa000805c
[65900.550415] PUF Read:0xaaaaaaaa at 0xa0008060
[65900.550476] PUF Read:0xaaaa2aaa at 0xa0008064
[65900.550476] PUF Read:0xaaaaaaaa at 0xa0008068
[65900.550537] PUF Read:0xaaaaaaaa at 0xa000806c
[65900.550567] PUF Read:0xaaaaaaaa at 0xa0008070
[65900.550567] PUF Read:0xaaaaaaaa at 0xa0008074
[65900.550567] PUF Read:0xaaaaaaaa at 0xa0008078
[65900.550567] PUF Read:0xaaabaaaa at 0xa000807c
[65900.550567] PUF Read:0xaaabaaaa at 0xa0008080
[65900.550567] PUF Read:0xaaaaaaaa at 0xa0008084
[65900.550720] PUF Read:0xaaaaaaaa at 0xa0008088
[65900.550720] PUF Read:0xaaaaaaaa at 0xa000808c
[65900.550720] PUF Read:0xaaaa8aaa at 0xa0008090
[65900.550720] PUF Read:0xaaaaaaaa at 0xa0008094
[65900.550811] PUF Read:0x2aabaaab at 0xa0008098
[65900.550811] PUF Read:0xaaaaaaaa at 0xa000809c
[65900.550872] PUF Read:0x8aaaaa2a at 0xa00080a0
[65900.550903] PUF Read:0xaaabaaaa at 0xa00080a4
[65900.550903] PUF Read:0xaa8aaaab at 0xa00080a8
[65900.550903] PUF Read:0xaaaa8aea at 0xa00080ac
[65900.550964] PUF Read:0xaaaaaaaa at 0xa00080b0
[65900.550964] PUF Read:0x2a2aaaaa at 0xa00080b4
[65900.550964] PUF Read:0xaaaaeaaa at 0xa00080b8
[65900.551055] PUF Read:0x8aaaaaaa at 0xa00080bc
[65900.551055] PUF Read:0xaaaaaaaa at 0xa00080c0
[65900.551055] PUF Read:0xaaaaaaaa at 0xa00080c4
[65900.551055] PUF Read:0xaaa2aaaa at 0xa00080c8
[65900.551147] PUF Read:0xabaaaaaa at 0xa00080cc
[65900.551147] PUF Read:0xeaaeeaaa at 0xa00080d0
[65900.551208] PUF Read:0xaaaa2aaa at 0xa00080d4
[65900.551239] PUF Read:0xaaaa3aaa at 0xa00080d8
[65900.551239] PUF Read:0xaaaaaaaa at 0xa00080dc
[65900.551239] PUF Read:0xabaaaaaa at 0xa00080e0
[65900.551300] PUF Read:0xaaaaaaaa at 0xa00080e4
[65900.551300] PUF Read:0xaaaaaaaa at 0xa00080e8
[65900.551361] PUF Read:0xaaaaaaab at 0xa00080ec
[65900.551391] PUF Read:0x8aaaaaaa at 0xa00080f0
[65900.551391] PUF Read:0xaaaaaaaa at 0xa00080f4
[65900.551452] PUF Read:0xaaaaabaa at 0xa00080f8
[65900.551452] PUF Read:0xaa8aaaaa at 0xa00080fc
[65900.551452] PUF Read:0xaaaaaaaa at 0xa0008100
[65900.551452] PUF Read:0xaaaaaaaa at 0xa0008104
[65900.551544] PUF Read:0xaaa2aaaa at 0xa0008108
[65900.551574] PUF Read:0xaaaaaaaa at 0xa000810c
[65900.551574] PUF Read:0xaaaaaaaa at 0xa0008110
[65900.551574] PUF Read:0xaaea2aaa at 0xa0008114
[65900.551574] PUF Read:0xaaaaaaaa at 0xa0008118
[65900.551574] PUF Read:0xaaaaaaaa at 0xa000811c
[65900.551574] PUF Read:0xaaaaaaaa at 0xa0008120
[65900.551727] PUF Read:0xaaaaaeaa at 0xa0008124
[65900.551727] PUF Read:0xaaaaaaaa at 0xa0008128
[65900.551727] PUF Read:0xaaaaaaaa at 0xa000812c
[65900.551727] PUF Read:0xaaaaaaaa at 0xa0008130
[65900.551818] PUF Read:0xaaaaaa2a at 0xa0008134
[65900.551818] PUF Read:0xaa8baaaa at 0xa0008138
[65900.551879] PUF Read:0xaaaaaaaa at 0xa000813c
[65900.551910] PUF Read:0xaaaaaeaa at 0xa0008140
[65900.551910] PUF Read:0xaaaaaaaa at 0xa0008144
[65900.551910] PUF Read:0xaabaaeaa at 0xa0008148
[65900.551971] PUF Read:0xaaaaaaaa at 0xa000814c
[65900.551971] PUF Read:0xaaaaaaaa at 0xa0008150
[65900.552032] PUF Read:0xaaaaaaaa at 0xa0008154
[65900.552062] PUF Read:0xaaaaaaaa at 0xa0008158
[65900.552062] PUF Read:0xaaaaaaea at 0xa000815c
[65900.552062] PUF Read:0xaaaaaaaa at 0xa0008160
[65900.552124] PUF Read:0xaaaaaaaa at 0xa0008164
[65900.552124] PUF Read:0xaeaaaaaa at 0xa0008168
[65900.552185] PUF Read:0xaaeaaaaa at 0xa000816c
[65900.552215] PUF Read:0x2aaaaaaa at 0xa0008170
[65900.552215] PUF Read:0xaabaaaaa at 0xa0008174
[65900.552215] PUF Read:0xaaaaaaaa at 0xa0008178
[65900.552215] PUF Read:0xaaaaaaaa at 0xa000817c
[65900.552215] PUF Read:0xaaaa2a2a at 0xa0008180
[65900.552215] PUF Read:0xaaaaaaaa at 0xa0008184
[65900.552368] PUF Read:0xaa2aaaaa at 0xa0008188
[65900.552368] PUF Read:0xaaaaaaea at 0xa000818c
[65900.552368] PUF Read:0x2aaaaaaa at 0xa0008190
[65900.552368] PUF Read:0xeaaaaaaa at 0xa0008194
[65900.552459] PUF Read:0xaaaaaaaa at 0xa0008198
[65900.552459] PUF Read:0xaaaaaaaa at 0xa000819c
[65900.552520] PUF Read:0xaaaaaaaa at 0xa00081a0
[65900.552551] PUF Read:0xaaaaaaaa at 0xa00081a4
[65900.552551] PUF Read:0xaaa2aaaa at 0xa00081a8
[65900.552551] PUF Read:0xaaaaaaaa at 0xa00081ac
[65900.552612] PUF Read:0xaaebaaaa at 0xa00081b0
[65900.552612] PUF Read:0xaaaaaaaa at 0xa00081b4
[65900.552673] PUF Read:0xaaaaaaaa at 0xa00081b8
[65900.552703] PUF Read:0xa2baaaaa at 0xa00081bc
[65900.552703] PUF Read:0xaaa88aaa at 0xa00081c0
[65900.552764] PUF Read:0xaaaaaaae at 0xa00081c4
[65900.552764] PUF Read:0xaaaaaaaa at 0xa00081c8
[65900.552764] PUF Read:0xaa2baaaa at 0xa00081cc
[65900.552764] PUF Read:0xbaaaaaaa at 0xa00081d0
[65900.552856] PUF Read:0xaaaaaa2a at 0xa00081d4
[65900.552856] PUF Read:0xaaaaaaaa at 0xa00081d8
[65900.552856] PUF Read:0xaaaaaaaa at 0xa00081dc
[65900.552856] PUF Read:0xaaaaaaaa at 0xa00081e0
[65900.552856] PUF Read:0xaaaaaaea at 0xa00081e4
[65900.552856] PUF Read:0xaaaaaaaa at 0xa00081e8
[65900.553009] PUF Read:0xaa2aaaaa at 0xa00081ec
[65900.553039] PUF Read:0xaaaaaaab at 0xa00081f0
[65900.553039] PUF Read:0xaaaaaeaa at 0xa00081f4
[65900.553039] PUF Read:0xaaaaaaa2 at 0xa00081f8
[65900.553039] PUF Read:0xaaaaaaaa at 0xa00081fc
[65900.553039] PUF Read:0xaaaaaaaa at 0xa0008200
[65900.553039] PUF Read:0xaaaaaaaa at 0xa0008204
[65900.553192] PUF Read:0xaaaaaaba at 0xa0008208
[65900.553192] PUF Read:0xa8aaaaaa at 0xa000820c
[65900.553192] PUF Read:0xaaaaa2a8 at 0xa0008210
[65900.553192] PUF Read:0xaaaaaaaa at 0xa0008214
[65900.553192] PUF Read:0xaaaaaeaa at 0xa0008218
[65900.553192] PUF Read:0xaaaaaaaa at 0xa000821c
[65900.553344] PUF Read:0xaaaaaaaa at 0xa0008220
[65900.553375] PUF Read:0xaabaaaaa at 0xa0008224
[65900.553375] PUF Read:0xaaaaaaaa at 0xa0008228
[65900.553375] PUF Read:0xaaaaaaaa at 0xa000822c
[65900.553436] PUF Read:0xaaaaaeaa at 0xa0008230
[65900.553436] PUF Read:0x286aaaaa at 0xa0008234
[65900.553497] PUF Read:0xaaaaaaaa at 0xa0008238
[65900.553527] PUF Read:0xaaaaaaaa at 0xa000823c
[65900.553527] PUF Read:0xaaaaaaaa at 0xa0008240
[65900.553527] PUF Read:0xaaaaaaaa at 0xa0008244
[65900.553588] PUF Read:0xaaaaaaaa at 0xa0008248
[65900.553588] PUF Read:0xaaaaaaaa at 0xa000824c
[65900.553649] PUF Read:0xaaaaaaaa at 0xa0008250
[65900.553680] PUF Read:0xaabaaaaa at 0xa0008254
[65900.553680] PUF Read:0xaaaaaaaa at 0xa0008258
[65900.553741] PUF Read:0xaaaeaaaa at 0xa000825c
[65900.553741] PUF Read:0xaaaaaaaa at 0xa0008260
[65900.553741] PUF Read:0xaaaaaaaa at 0xa0008264
[65900.553802] PUF Read:0xaaaa8caa at 0xa0008268
[65900.553833] PUF Read:0xaaaaaaaa at 0xa000826c
[65900.553833] PUF Read:0xaaaaaaaa at 0xa0008270
[65900.553833] PUF Read:0xaaaaaaaa at 0xa0008274
[65900.553833] PUF Read:0xaaaaaaea at 0xa0008278
[65900.553833] PUF Read:0xaaaaaaaa at 0xa000827c
[65900.553833] PUF Read:0xeaaaaaaa at 0xa0008280
[65900.553985] PUF Read:0xa2aaaaaa at 0xa0008284
[65900.553985] PUF Read:0xaaeaaaaa at 0xa0008288
[65900.553985] PUF Read:0xaaaaaaaa at 0xa000828c
[65900.553985] PUF Read:0xaaaaaaa8 at 0xa0008290
[65900.554077] PUF Read:0xa8aaaaaa at 0xa0008294
[65900.554077] PUF Read:0xaaaaaaaa at 0xa0008298
[65900.554138] PUF Read:0xaaaaaaaa at 0xa000829c
[65900.554168] PUF Read:0xaaaaaaaa at 0xa00082a0
[65900.554168] PUF Read:0xaaaabaaa at 0xa00082a4
[65900.554168] PUF Read:0xaaaaaaaa at 0xa00082a8
[65900.554229] PUF Read:0xaaaaaaaa at 0xa00082ac
[65900.554229] PUF Read:0xaaaaaaaa at 0xa00082b0
[65900.554290] PUF Read:0xaaaaaaaa at 0xa00082b4
[65900.554321] PUF Read:0xaaa8aaea at 0xa00082b8
[65900.554321] PUF Read:0xaaaaaaaa at 0xa00082bc
[65900.554321] PUF Read:0xaaaaaaaa at 0xa00082c0
[65900.554382] PUF Read:0xaaaaaaaa at 0xa00082c4
[65900.554382] PUF Read:0xbaaaaaaa at 0xa00082c8
[65900.554443] PUF Read:0xaaaaaaaa at 0xa00082cc
[65900.554473] PUF Read:0xaabaaaaa at 0xa00082d0
[65900.554473] PUF Read:0xaaaaaaaa at 0xa00082d4
[65900.554534] PUF Read:0xaaaaaaaa at 0xa00082d8
[65900.554534] PUF Read:0xaaaaeaaa at 0xa00082dc
[65900.554534] PUF Read:0xaaaaaaaa at 0xa00082e0
[65900.554534] PUF Read:0xaaaaaeaa at 0xa00082e4
[65900.554626] PUF Read:0xaaaaaaaa at 0xa00082e8
[65900.554656] PUF Read:0xaaaaaaab at 0xa00082ec
[65900.554656] PUF Read:0xaaaaaaaa at 0xa00082f0
[65900.554656] PUF Read:0xaaa8aaaa at 0xa00082f4
[65900.554656] PUF Read:0xaaaaaaaa at 0xa00082f8
[65900.554656] PUF Read:0xaaaaaaaa at 0xa00082fc
[65900.554656] PUF Read:0xaaaaaaaa at 0xa0008300
[65900.554809] PUF Read:0xaaaaaaaa at 0xa0008304
[65900.554809] PUF Read:0xaaaa8aaa at 0xa0008308
[65900.554809] PUF Read:0xaaaaaaaa at 0xa000830c
[65900.554809] PUF Read:0xaaaaaa8a at 0xa0008310
[65900.554901] PUF Read:0xaaaaaaaa at 0xa0008314
[65900.554901] PUF Read:0x2baaaaaa at 0xa0008318
[65900.554962] PUF Read:0xbaaaaaaa at 0xa000831c
[65900.554992] PUF Read:0xaaaaaaaa at 0xa0008320
[65900.554992] PUF Read:0xaaaaaaaa at 0xa0008324
[65900.554992] PUF Read:0xaaaaaaaa at 0xa0008328
[65900.555053] PUF Read:0xaaabaaaa at 0xa000832c
[65900.555053] PUF Read:0xaaaaaaae at 0xa0008330
[65900.555114] PUF Read:0xaaaaaaaa at 0xa0008334
[65900.555145] PUF Read:0xaaaabaaa at 0xa0008338
[65900.555145] PUF Read:0xaaaaaaaa at 0xa000833c
[65900.555145] PUF Read:0xbaaaaaaa at 0xa0008340
[65900.555206] PUF Read:0xaaaaaa2b at 0xa0008344
[65900.555206] PUF Read:0xaaaaaaaa at 0xa0008348
[65900.555267] PUF Read:0xaaaaabaa at 0xa000834c
[65900.555297] PUF Read:0xaaaa8a8a at 0xa0008350
[65900.555297] PUF Read:0x8aaaaaaa at 0xa0008354
[65900.555297] PUF Read:0xaaaaaaaa at 0xa0008358
[65900.555358] PUF Read:0xaaaaaaaa at 0xa000835c
[65900.555358] PUF Read:0xaaabaaaa at 0xa0008360
[65900.555419] PUF Read:0xaaaaaa2a at 0xa0008364
[65900.555450] PUF Read:0xaaaaaaaa at 0xa0008368
[65900.555450] PUF Read:0xaaaaaeaa at 0xa000836c
[65900.555450] PUF Read:0xaaaaaaaa at 0xa0008370
[65900.555450] PUF Read:0xaaaaaaaa at 0xa0008374
[65900.555450] PUF Read:0xaaaa8aaa at 0xa0008378
[65900.555450] PUF Read:0xaaaaaaaa at 0xa000837c
[65900.555603] PUF Read:0xaaaaaaaa at 0xa0008380
[65900.555603] PUF Read:0xaaaaaaaa at 0xa0008384
[65900.555603] PUF Read:0xaaaaaaaa at 0xa0008388
[65900.555603] PUF Read:0xaaaaaaaa at 0xa000838c
[65900.555603] PUF Read:0xaaaaaaab at 0xa0008390
[65900.555603] PUF Read:0xaaaaabaa at 0xa0008394
[65900.555755] PUF Read:0xaaaaaaaa at 0xa0008398
[65900.555755] PUF Read:0xaaa2aaaa at 0xa000839c
[65900.555755] PUF Read:0xaaaaaaaa at 0xa00083a0
[65900.555755] PUF Read:0xaaaaaaaa at 0xa00083a4
[65900.555755] PUF Read:0xaaaaaaaa at 0xa00083a8
[65900.555755] PUF Read:0xaaaabaaa at 0xa00083ac
[65900.555908] PUF Read:0xaaaaaaa2 at 0xa00083b0
[65900.555908] PUF Read:0xaaaaaaaa at 0xa00083b4
[65900.555908] PUF Read:0xaaaaaaaa at 0xa00083b8
[65900.555908] PUF Read:0xaaaaaaaa at 0xa00083bc
[65900.555999] PUF Read:0xaaaaaaaa at 0xa00083c0
[65900.555999] PUF Read:0xaeaaaaaa at 0xa00083c4
[65900.556060] PUF Read:0xaaaaaaaa at 0xa00083c8
[65900.556091] PUF Read:0xaaa2aaaa at 0xa00083cc
[65900.556091] PUF Read:0xaaaaaaaa at 0xa00083d0
[65900.556091] PUF Read:0xaaabaaaa at 0xa00083d4
[65900.556152] PUF Read:0xaa2aaaaa at 0xa00083d8
[65900.556152] PUF Read:0xaaaaaaaa at 0xa00083dc
[65900.556152] PUF Read:0xaabeaaaa at 0xa00083e0
[65900.556243] PUF Read:0xba2aa8aa at 0xa00083e4
[65900.556274] PUF Read:0xaaaaaa2a at 0xa00083e8
[65900.556274] PUF Read:0xaaaaaaaa at 0xa00083ec
[65900.556274] PUF Read:0xaaaaaeaa at 0xa00083f0
[65900.556335] PUF Read:0xaaaaaaaa at 0xa00083f4
[65900.556335] PUF Read:0xaaaaaaae at 0xa00083f8
[65900.556396] PUF Read:0x8aaeaaaa at 0xa00083fc
[65900.556427] [i] Finished PUF read-out
[65900.556427] <6>[i] Finished PUF query for decaytime: 15360
[65900.556427] End measurement:4
[65900.556457] [i] Start measurement: 5
[65900.556457] [i] Start decaytime: 60
[65900.556457] EMIF 2 REG Write 0x80000000 at 0x4d000010
[65900.556488] EMIF 2 REG Read 0x80000000 at 0x4d000010
[65900.556488] EMIF 2 REG Write 0x80000000 at 0x4d000014
[65900.556518] EMIF 2 REG Read 0x00000000 at 0x4d000014
[65900.556518] EMIF 2 REG Write 0x08016893 at 0x4d0000cc
[65900.556549] EMIF 2 REG Read 0x08016893 at 0x4d0000cc
[65900.556549] Temp polling alert disabled
[65900.556549] Refresh Disabled at EMIF2
[65900.556579] [i] Initialiting PUF & hammer rows
[65900.556579] [i] Single-Sided Rowhammer (SSRH)
[65900.558258] [i] Finished initialiting PUF & hammer rows
[65900.564544] [i]	Timer elapsed since its reset 0 sec
[65900.564544] [i] Decay: 60 sec
[65900.564575] [i]	Relative Decay: 0 msec
