[11868.229095] [i] Total hammer attempts per row: 1863410
[11868.229095] EMIF 2 REG Write 0x00000618 at 0x4d000010
[11868.229125] EMIF 2 REG Read 0x00000618 at 0x4d000010
[11868.229125] EMIF 2 REG Write 0x00000618 at 0x4d000014
[11868.229156] EMIF 2 REG Read 0x00000618 at 0x4d000014
[11868.229156] EMIF 2 REG Write 0x58016893 at 0x4d0000cc
[11868.229187] EMIF 2 REG Read 0x58016893 at 0x4d0000cc
[11868.229187] Temp polling alert enabled
[11868.229187] Refresh enabled at EMIF2
[11868.229217] [i] Starting PUF read-out
[11868.229217] [i] Single-Sided Rowhammer (SSRH)
[11868.229248] PUF Read:0x00000000 at 0xa0008000
[11868.229278] PUF Read:0x00000000 at 0xa0008004
[11868.229278] PUF Read:0x00000000 at 0xa0008008
[11868.229278] PUF Read:0x00000000 at 0xa000800c
[11868.229278] PUF Read:0x00000000 at 0xa0008010
[11868.229370] PUF Read:0x00000100 at 0xa0008014
[11868.229400] PUF Read:0x00000000 at 0xa0008018
[11868.229400] PUF Read:0x00000000 at 0xa000801c
[11868.229400] PUF Read:0x00000000 at 0xa0008020
[11868.229400] PUF Read:0x40004000 at 0xa0008024
[11868.229492] PUF Read:0x00000000 at 0xa0008028
[11868.229492] PUF Read:0x00000000 at 0xa000802c
[11868.229553] PUF Read:0x00000000 at 0xa0008030
[11868.229583] PUF Read:0x00000000 at 0xa0008034
[11868.229583] PUF Read:0x00000000 at 0xa0008038
[11868.229583] PUF Read:0x00000000 at 0xa000803c
[11868.229644] PUF Read:0x00000001 at 0xa0008040
[11868.229644] PUF Read:0x00004000 at 0xa0008044
[11868.229705] PUF Read:0x00000000 at 0xa0008048
[11868.229736] PUF Read:0x00000000 at 0xa000804c
[11868.229736] PUF Read:0x00000000 at 0xa0008050
[11868.229797] PUF Read:0x00000000 at 0xa0008054
[11868.229797] PUF Read:0x00000000 at 0xa0008058
[11868.229797] PUF Read:0x00000000 at 0xa000805c
[11868.229858] PUF Read:0x00000000 at 0xa0008060
[11868.229888] PUF Read:0x00000000 at 0xa0008064
[11868.229888] PUF Read:0x00000000 at 0xa0008068
[11868.229949] PUF Read:0x00000000 at 0xa000806c
[11868.229949] PUF Read:0x00000000 at 0xa0008070
[11868.229949] PUF Read:0x00000000 at 0xa0008074
[11868.229949] PUF Read:0x00000000 at 0xa0008078
[11868.230041] PUF Read:0x00000000 at 0xa000807c
[11868.230072] PUF Read:0x00000000 at 0xa0008080
[11868.230072] PUF Read:0x00000000 at 0xa0008084
[11868.230133] PUF Read:0x00000000 at 0xa0008088
[11868.230133] PUF Read:0x00000000 at 0xa000808c
[11868.230133] PUF Read:0x00000000 at 0xa0008090
[11868.230194] PUF Read:0x00000000 at 0xa0008094
[11868.230224] PUF Read:0x00010000 at 0xa0008098
[11868.230224] PUF Read:0x00000000 at 0xa000809c
[11868.230224] PUF Read:0x00000000 at 0xa00080a0
[11868.230224] PUF Read:0x00000000 at 0xa00080a4
[11868.230224] PUF Read:0x00000000 at 0xa00080a8
[11868.230224] PUF Read:0x00000040 at 0xa00080ac
[11868.230377] PUF Read:0x00000000 at 0xa00080b0
[11868.230377] PUF Read:0x00000000 at 0xa00080b4
[11868.230377] PUF Read:0x00004000 at 0xa00080b8
[11868.230377] PUF Read:0x00000000 at 0xa00080bc
[11868.230377] PUF Read:0x00000000 at 0xa00080c0
[11868.230377] PUF Read:0x00000000 at 0xa00080c4
[11868.230529] PUF Read:0x00000000 at 0xa00080c8
[11868.230529] PUF Read:0x00000000 at 0xa00080cc
[11868.230529] PUF Read:0x40044000 at 0xa00080d0
[11868.230529] PUF Read:0x00000000 at 0xa00080d4
[11868.230621] PUF Read:0x00000000 at 0xa00080d8
[11868.230621] PUF Read:0x00000000 at 0xa00080dc
[11868.230682] PUF Read:0x01000000 at 0xa00080e0
[11868.230712] PUF Read:0x00000000 at 0xa00080e4
[11868.230712] PUF Read:0x00000000 at 0xa00080e8
[11868.230712] PUF Read:0x00000001 at 0xa00080ec
[11868.230773] PUF Read:0x00000000 at 0xa00080f0
[11868.230773] PUF Read:0x00000000 at 0xa00080f4
[11868.230834] PUF Read:0x00000100 at 0xa00080f8
[11868.230865] PUF Read:0x00000000 at 0xa00080fc
[11868.230865] PUF Read:0x00000000 at 0xa0008100
[11868.230865] PUF Read:0x00000000 at 0xa0008104
[11868.230926] PUF Read:0x00000000 at 0xa0008108
[11868.230926] PUF Read:0x00000000 at 0xa000810c
[11868.230987] PUF Read:0x00000000 at 0xa0008110
[11868.231018] PUF Read:0x00000000 at 0xa0008114
[11868.231018] PUF Read:0x00000000 at 0xa0008118
[11868.231018] PUF Read:0x00000000 at 0xa000811c
[11868.231079] PUF Read:0x00000000 at 0xa0008120
[11868.231079] PUF Read:0x00000000 at 0xa0008124
[11868.231140] PUF Read:0x00000040 at 0xa0008128
[11868.231170] PUF Read:0x00000000 at 0xa000812c
[11868.231170] PUF Read:0x00000000 at 0xa0008130
[11868.231170] PUF Read:0x00000000 at 0xa0008134
[11868.231231] PUF Read:0x00000000 at 0xa0008138
[11868.231231] PUF Read:0x00000000 at 0xa000813c
[11868.231292] PUF Read:0x00000400 at 0xa0008140
[11868.231323] PUF Read:0x00000000 at 0xa0008144
[11868.231323] PUF Read:0x00100400 at 0xa0008148
[11868.231323] PUF Read:0x00000000 at 0xa000814c
[11868.231384] PUF Read:0x00000000 at 0xa0008150
[11868.231384] PUF Read:0x00000000 at 0xa0008154
[11868.231445] PUF Read:0x00000000 at 0xa0008158
[11868.231475] PUF Read:0x00000000 at 0xa000815c
[11868.231475] PUF Read:0x00000000 at 0xa0008160
[11868.231475] PUF Read:0x00000000 at 0xa0008164
[11868.231475] PUF Read:0x00000000 at 0xa0008168
[11868.231567] PUF Read:0x00400000 at 0xa000816c
[11868.231567] PUF Read:0x00000000 at 0xa0008170
[11868.231628] PUF Read:0x00000000 at 0xa0008174
[11868.231658] PUF Read:0x00000000 at 0xa0008178
[11868.231658] PUF Read:0x00000000 at 0xa000817c
[11868.231658] PUF Read:0x00000000 at 0xa0008180
[11868.231719] PUF Read:0x00000000 at 0xa0008184
[11868.231719] PUF Read:0x00000000 at 0xa0008188
[11868.231781] PUF Read:0x00000000 at 0xa000818c
[11868.231811] PUF Read:0x00000000 at 0xa0008190
[11868.231811] PUF Read:0x40000000 at 0xa0008194
[11868.231811] PUF Read:0x00000000 at 0xa0008198
[11868.231872] PUF Read:0x00000000 at 0xa000819c
[11868.231872] PUF Read:0x00000000 at 0xa00081a0
[11868.231933] PUF Read:0x00000000 at 0xa00081a4
[11868.231964] PUF Read:0x00000000 at 0xa00081a8
[11868.231964] PUF Read:0x00000000 at 0xa00081ac
[11868.232025] PUF Read:0x00410000 at 0xa00081b0
[11868.232025] PUF Read:0x00000000 at 0xa00081b4
[11868.232025] PUF Read:0x00000000 at 0xa00081b8
[11868.232086] PUF Read:0x00000000 at 0xa00081bc
[11868.232116] PUF Read:0x00000000 at 0xa00081c0
[11868.232116] PUF Read:0x00000004 at 0xa00081c4
[11868.232177] PUF Read:0x00000000 at 0xa00081c8
[11868.232177] PUF Read:0x00000000 at 0xa00081cc
[11868.232177] PUF Read:0x10000000 at 0xa00081d0
[11868.232177] PUF Read:0x00000000 at 0xa00081d4
[11868.232269] PUF Read:0x00000000 at 0xa00081d8
[11868.232269] PUF Read:0x00000000 at 0xa00081dc
[11868.232269] PUF Read:0x00000000 at 0xa00081e0
[11868.232269] PUF Read:0x00000040 at 0xa00081e4
[11868.232269] PUF Read:0x00000000 at 0xa00081e8
[11868.232269] PUF Read:0x00000000 at 0xa00081ec
[11868.232421] PUF Read:0x00000000 at 0xa00081f0
[11868.232421] PUF Read:0x00000400 at 0xa00081f4
[11868.232421] PUF Read:0x00000000 at 0xa00081f8
[11868.232421] PUF Read:0x00000000 at 0xa00081fc
[11868.232421] PUF Read:0x00000000 at 0xa0008200
[11868.232543] PUF Read:0x00000000 at 0xa0008204
[11868.232574] PUF Read:0x00000000 at 0xa0008208
[11868.232574] PUF Read:0x00000000 at 0xa000820c
[11868.232574] PUF Read:0x00000000 at 0xa0008210
[11868.232574] PUF Read:0x00000000 at 0xa0008214
[11868.232574] PUF Read:0x00000000 at 0xa0008218
[11868.232696] PUF Read:0x00000000 at 0xa000821c
[11868.232727] PUF Read:0x00000000 at 0xa0008220
[11868.232727] PUF Read:0x00000000 at 0xa0008224
[11868.232788] PUF Read:0x00000000 at 0xa0008228
[11868.232788] PUF Read:0x00000000 at 0xa000822c
[11868.232788] PUF Read:0x00000000 at 0xa0008230
[11868.232788] PUF Read:0x00400000 at 0xa0008234
[11868.232879] PUF Read:0x00000000 at 0xa0008238
[11868.232879] PUF Read:0x00000000 at 0xa000823c
[11868.232879] PUF Read:0x00000000 at 0xa0008240
[11868.232879] PUF Read:0x00000000 at 0xa0008244
[11868.232879] PUF Read:0x00000000 at 0xa0008248
[11868.232879] PUF Read:0x00000000 at 0xa000824c
[11868.233032] PUF Read:0x00000000 at 0xa0008250
[11868.233032] PUF Read:0x00100000 at 0xa0008254
[11868.233032] PUF Read:0x00000000 at 0xa0008258
[11868.233123] PUF Read:0x00040000 at 0xa000825c
[11868.233123] PUF Read:0x00000000 at 0xa0008260
[11868.233123] PUF Read:0x00000000 at 0xa0008264
[11868.233184] PUF Read:0x00000000 at 0xa0008268
[11868.233215] PUF Read:0x00000000 at 0xa000826c
[11868.233215] PUF Read:0x00000000 at 0xa0008270
[11868.233276] PUF Read:0x00000000 at 0xa0008274
[11868.233276] PUF Read:0x00000000 at 0xa0008278
[11868.233276] PUF Read:0x00000000 at 0xa000827c
[11868.233337] PUF Read:0x00000000 at 0xa0008280
[11868.233367] PUF Read:0x00000000 at 0xa0008284
[11868.233367] PUF Read:0x00000000 at 0xa0008288
[11868.233428] PUF Read:0x00000000 at 0xa000828c
[11868.233428] PUF Read:0x00000000 at 0xa0008290
[11868.233428] PUF Read:0x00000000 at 0xa0008294
[11868.233489] PUF Read:0x00000000 at 0xa0008298
[11868.233520] PUF Read:0x00000000 at 0xa000829c
[11868.233520] PUF Read:0x00000000 at 0xa00082a0
[11868.233520] PUF Read:0x00001000 at 0xa00082a4
[11868.233581] PUF Read:0x00000000 at 0xa00082a8
[11868.233581] PUF Read:0x00000000 at 0xa00082ac
[11868.233642] PUF Read:0x00000000 at 0xa00082b0
[11868.233673] PUF Read:0x00000000 at 0xa00082b4
[11868.233673] PUF Read:0x00000040 at 0xa00082b8
[11868.233734] PUF Read:0x00000000 at 0xa00082bc
[11868.233734] PUF Read:0x00000000 at 0xa00082c0
[11868.233734] PUF Read:0x00000000 at 0xa00082c4
[11868.233734] PUF Read:0x10000000 at 0xa00082c8
[11868.233825] PUF Read:0x00000000 at 0xa00082cc
[11868.233825] PUF Read:0x00100000 at 0xa00082d0
[11868.233825] PUF Read:0x00000000 at 0xa00082d4
[11868.233825] PUF Read:0x00000000 at 0xa00082d8
[11868.233825] PUF Read:0x00000000 at 0xa00082dc
[11868.233825] PUF Read:0x00000000 at 0xa00082e0
[11868.233978] PUF Read:0x00000400 at 0xa00082e4
[11868.233978] PUF Read:0x00000000 at 0xa00082e8
[11868.233978] PUF Read:0x00000001 at 0xa00082ec
[11868.233978] PUF Read:0x00000000 at 0xa00082f0
[11868.233978] PUF Read:0x00000000 at 0xa00082f4
[11868.233978] PUF Read:0x00000000 at 0xa00082f8
[11868.234130] PUF Read:0x00000000 at 0xa00082fc
[11868.234130] PUF Read:0x00000000 at 0xa0008300
[11868.234130] PUF Read:0x00000000 at 0xa0008304
[11868.234130] PUF Read:0x00000000 at 0xa0008308
[11868.234130] PUF Read:0x00000000 at 0xa000830c
[11868.234130] PUF Read:0x00000000 at 0xa0008310
[11868.234283] PUF Read:0x00000000 at 0xa0008314
[11868.234283] PUF Read:0x01000000 at 0xa0008318
[11868.234283] PUF Read:0x10000000 at 0xa000831c
[11868.234283] PUF Read:0x00000000 at 0xa0008320
[11868.234283] PUF Read:0x00000000 at 0xa0008324
[11868.234283] PUF Read:0x00000000 at 0xa0008328
[11868.234436] PUF Read:0x00000000 at 0xa000832c
[11868.234436] PUF Read:0x00000004 at 0xa0008330
[11868.234436] PUF Read:0x00000000 at 0xa0008334
[11868.234436] PUF Read:0x00000000 at 0xa0008338
[11868.234436] PUF Read:0x00000000 at 0xa000833c
[11868.234436] PUF Read:0x00000000 at 0xa0008340
[11868.234588] PUF Read:0x00000000 at 0xa0008344
[11868.234619] PUF Read:0x00000000 at 0xa0008348
[11868.234619] PUF Read:0x00000000 at 0xa000834c
[11868.234619] PUF Read:0x00000000 at 0xa0008350
[11868.234619] PUF Read:0x00000000 at 0xa0008354
[11868.234619] PUF Read:0x00000000 at 0xa0008358
[11868.234619] PUF Read:0x00000000 at 0xa000835c
[11868.234771] PUF Read:0x00010000 at 0xa0008360
[11868.234771] PUF Read:0x00000000 at 0xa0008364
[11868.234771] PUF Read:0x00000000 at 0xa0008368
[11868.234771] PUF Read:0x00000000 at 0xa000836c
[11868.234771] PUF Read:0x00000000 at 0xa0008370
[11868.234893] PUF Read:0x00000000 at 0xa0008374
[11868.234924] PUF Read:0x00000000 at 0xa0008378
[11868.234924] PUF Read:0x00000000 at 0xa000837c
[11868.234985] PUF Read:0x00000000 at 0xa0008380
[11868.234985] PUF Read:0x00000000 at 0xa0008384
[11868.234985] PUF Read:0x00000000 at 0xa0008388
[11868.235046] PUF Read:0x00000000 at 0xa000838c
[11868.235076] PUF Read:0x00000001 at 0xa0008390
[11868.235076] PUF Read:0x00000100 at 0xa0008394
[11868.235076] PUF Read:0x00000000 at 0xa0008398
[11868.235076] PUF Read:0x00000000 at 0xa000839c
[11868.235076] PUF Read:0x00000000 at 0xa00083a0
[11868.235076] PUF Read:0x00000000 at 0xa00083a4
[11868.235229] PUF Read:0x00000000 at 0xa00083a8
[11868.235229] PUF Read:0x00000000 at 0xa00083ac
[11868.235290] PUF Read:0x00000000 at 0xa00083b0
[11868.235290] PUF Read:0x00000000 at 0xa00083b4
[11868.235290] PUF Read:0x00000000 at 0xa00083b8
[11868.235351] PUF Read:0x00000000 at 0xa00083bc
[11868.235382] PUF Read:0x00000000 at 0xa00083c0
[11868.235382] PUF Read:0x04000000 at 0xa00083c4
[11868.235443] PUF Read:0x00000000 at 0xa00083c8
[11868.235443] PUF Read:0x00000000 at 0xa00083cc
[11868.235443] PUF Read:0x00000000 at 0xa00083d0
[11868.235443] PUF Read:0x00010000 at 0xa00083d4
[11868.235534] PUF Read:0x00000000 at 0xa00083d8
[11868.235534] PUF Read:0x00000000 at 0xa00083dc
[11868.235534] PUF Read:0x00100000 at 0xa00083e0
[11868.235534] PUF Read:0x10000000 at 0xa00083e4
[11868.235534] PUF Read:0x00000000 at 0xa00083e8
[11868.235534] PUF Read:0x00000000 at 0xa00083ec
[11868.235687] PUF Read:0x00000000 at 0xa00083f0
[11868.235687] PUF Read:0x00000000 at 0xa00083f4
[11868.235687] PUF Read:0x00000004 at 0xa00083f8
[11868.235687] PUF Read:0x00040000 at 0xa00083fc
[11868.235778] [i] Finished PUF read-out
[11868.235778] <6>[i] Finished PUF query for decaytime: 7680
[11868.235809] [i] Start decaytime: 120
[11868.235809] EMIF 2 REG Write 0x80000000 at 0x4d000010
[11868.235839] EMIF 2 REG Read 0x80000000 at 0x4d000010
[11868.235839] EMIF 2 REG Write 0x80000000 at 0x4d000014
[11868.235839] EMIF 2 REG Read 0x00000000 at 0x4d000014
[11868.235870] EMIF 2 REG Write 0x08016893 at 0x4d0000cc
[11868.235870] EMIF 2 REG Read 0x08016893 at 0x4d0000cc
[11868.235900] Temp polling alert disabled
[11868.235900] Refresh Disabled at EMIF2
[11868.235900] [i] Initialiting PUF & hammer rows
[11868.235931] [i] Single-Sided Rowhammer (SSRH)
[11868.242675] [i] Finished initialiting PUF & hammer rows
[11868.242675] [i]	Timer elapsed since its reset 0 sec
[11868.242706] [i] Decay: 120 sec
[11868.242706] [i]	Relative Decay: 0 msec
