[66080.565765] [i] Total hammer attempts per row: 3728004
[66080.565765] EMIF 2 REG Write 0x00000618 at 0x4d000010
[66080.565765] EMIF 2 REG Read 0x00000618 at 0x4d000010
[66080.565826] EMIF 2 REG Write 0x00000618 at 0x4d000014
[66080.565826] EMIF 2 REG Read 0x00000618 at 0x4d000014
[66080.565856] EMIF 2 REG Write 0x58016893 at 0x4d0000cc
[66080.565856] EMIF 2 REG Read 0x58016893 at 0x4d0000cc
[66080.565856] Temp polling alert enabled
[66080.565887] Refresh enabled at EMIF2
[66080.565887] [i] Starting PUF read-out
[66080.565887] [i] Single-Sided Rowhammer (SSRH)
[66080.565917] PUF Read:0xaaaa2aaa at 0xa0008000
[66080.565917] PUF Read:0xaaaaaaaa at 0xa0008004
[66080.565917] PUF Read:0xaaaaaaaa at 0xa0008008
[66080.565917] PUF Read:0xa2aaaa2a at 0xa000800c
[66080.565917] PUF Read:0xaaaaaaaa at 0xa0008010
[66080.566040] PUF Read:0x8aaaabaa at 0xa0008014
[66080.566040] PUF Read:0xaaaa2aaa at 0xa0008018
[66080.566040] PUF Read:0xaaa2aaaa at 0xa000801c
[66080.566131] PUF Read:0xaaaaaaaa at 0xa0008020
[66080.566162] PUF Read:0xeaaaeaaa at 0xa0008024
[66080.566162] PUF Read:0xaaaaaaaa at 0xa0008028
[66080.566162] PUF Read:0xaaaaaaba at 0xa000802c
[66080.566223] PUF Read:0xaaaaaaa8 at 0xa0008030
[66080.566223] PUF Read:0xaaaaaaaa at 0xa0008034
[66080.566284] PUF Read:0xaaaaaaaa at 0xa0008038
[66080.566314] PUF Read:0xaaaaaaaa at 0xa000803c
[66080.566314] PUF Read:0xaaaaaaab at 0xa0008040
[66080.566375] PUF Read:0xaaaaeaaa at 0xa0008044
[66080.566375] PUF Read:0xaaaaaaaa at 0xa0008048
[66080.566375] PUF Read:0xaaaaaaa8 at 0xa000804c
[66080.566375] PUF Read:0xa2aaaaaa at 0xa0008050
[66080.566467] PUF Read:0xaaaaa8aa at 0xa0008054
[66080.566467] PUF Read:0xaaaaaa8a at 0xa0008058
[66080.566467] PUF Read:0xaaaaaaaa at 0xa000805c
[66080.566467] PUF Read:0xaaaaaaaa at 0xa0008060
[66080.566467] PUF Read:0xaaaa2aaa at 0xa0008064
[66080.566467] PUF Read:0xaaaaaaaa at 0xa0008068
[66080.566619] PUF Read:0xaaaaaaaa at 0xa000806c
[66080.566650] PUF Read:0xaaaaaaaa at 0xa0008070
[66080.566650] PUF Read:0xaaaaaaaa at 0xa0008074
[66080.566650] PUF Read:0xaaaaaaaa at 0xa0008078
[66080.566711] PUF Read:0xaaabaaaa at 0xa000807c
[66080.566711] PUF Read:0xaaabaaaa at 0xa0008080
[66080.566772] PUF Read:0xaaaaaaaa at 0xa0008084
[66080.566802] PUF Read:0xaaaaaaaa at 0xa0008088
[66080.566802] PUF Read:0xaaaaaaaa at 0xa000808c
[66080.566802] PUF Read:0xaaaa8aaa at 0xa0008090
[66080.566864] PUF Read:0xaaaaaaaa at 0xa0008094
[66080.566864] PUF Read:0x2aabaaab at 0xa0008098
[66080.566925] PUF Read:0xaaaaaaaa at 0xa000809c
[66080.566955] PUF Read:0x8aaaaa2a at 0xa00080a0
[66080.566955] PUF Read:0xaaabaaaa at 0xa00080a4
[66080.567016] PUF Read:0xaa8aaaab at 0xa00080a8
[66080.567016] PUF Read:0xaaaa8aea at 0xa00080ac
[66080.567016] PUF Read:0xaaaaaaaa at 0xa00080b0
[66080.567016] PUF Read:0x2a2aaaaa at 0xa00080b4
[66080.567108] PUF Read:0xaaaaeaaa at 0xa00080b8
[66080.567108] PUF Read:0x8aaaaaaa at 0xa00080bc
[66080.567108] PUF Read:0xaaaaaaaa at 0xa00080c0
[66080.567108] PUF Read:0xaaaaaaaa at 0xa00080c4
[66080.567108] PUF Read:0xaaa2aaaa at 0xa00080c8
[66080.567108] PUF Read:0xabaaaaaa at 0xa00080cc
[66080.567260] PUF Read:0xeaaeeaaa at 0xa00080d0
[66080.567260] PUF Read:0xaaaa2aaa at 0xa00080d4
[66080.567260] PUF Read:0xaaaa3aaa at 0xa00080d8
[66080.567260] PUF Read:0xaaaaaaaa at 0xa00080dc
[66080.567352] PUF Read:0xabaaaaaa at 0xa00080e0
[66080.567352] PUF Read:0xaaaaaaaa at 0xa00080e4
[66080.567413] PUF Read:0xaaaaaaaa at 0xa00080e8
[66080.567443] PUF Read:0xaaaaaaab at 0xa00080ec
[66080.567443] PUF Read:0x8aaaaaaa at 0xa00080f0
[66080.567443] PUF Read:0xaaaaaaaa at 0xa00080f4
[66080.567504] PUF Read:0xaaaaabaa at 0xa00080f8
[66080.567504] PUF Read:0xaa8aaaaa at 0xa00080fc
[66080.567565] PUF Read:0xaaaaaaaa at 0xa0008100
[66080.567596] PUF Read:0xaaaaaaaa at 0xa0008104
[66080.567596] PUF Read:0xaaa2aaaa at 0xa0008108
[66080.567596] PUF Read:0xaaaaaaaa at 0xa000810c
[66080.567657] PUF Read:0xaaaaaaaa at 0xa0008110
[66080.567657] PUF Read:0xaaea2aaa at 0xa0008114
[66080.567718] PUF Read:0xaaaaaaaa at 0xa0008118
[66080.567749] PUF Read:0xa8aaaaaa at 0xa000811c
[66080.567749] PUF Read:0xaaaaaaaa at 0xa0008120
[66080.567749] PUF Read:0xaaaaaeaa at 0xa0008124
[66080.567749] PUF Read:0xaaaaaaaa at 0xa0008128
[66080.567749] PUF Read:0xaaaaaaaa at 0xa000812c
[66080.567749] PUF Read:0xaaaaaaaa at 0xa0008130
[66080.567901] PUF Read:0xaaaaaa2a at 0xa0008134
[66080.567901] PUF Read:0xaa8baaaa at 0xa0008138
[66080.567901] PUF Read:0xaaaaaaaa at 0xa000813c
[66080.567901] PUF Read:0xaaaaaeaa at 0xa0008140
[66080.567993] PUF Read:0xaaaaaaaa at 0xa0008144
[66080.567993] PUF Read:0xaabaaeaa at 0xa0008148
[66080.568054] PUF Read:0xaaaaaaaa at 0xa000814c
[66080.568084] PUF Read:0xaaaaaaaa at 0xa0008150
[66080.568084] PUF Read:0xaaaaaaaa at 0xa0008154
[66080.568084] PUF Read:0xaaaaaaaa at 0xa0008158
[66080.568145] PUF Read:0xaaaaaaea at 0xa000815c
[66080.568145] PUF Read:0xaaaaaaaa at 0xa0008160
[66080.568206] PUF Read:0xaaaaaaaa at 0xa0008164
[66080.568237] PUF Read:0xaeaaaaaa at 0xa0008168
[66080.568237] PUF Read:0xaaeaaaaa at 0xa000816c
[66080.568237] PUF Read:0x2aaaaaaa at 0xa0008170
[66080.568298] PUF Read:0xaabaaaaa at 0xa0008174
[66080.568298] PUF Read:0xaaaaaaaa at 0xa0008178
[66080.568359] PUF Read:0xaaaaaaaa at 0xa000817c
[66080.568389] PUF Read:0xaaaa2a2a at 0xa0008180
[66080.568389] PUF Read:0xaaaaaaaa at 0xa0008184
[66080.568389] PUF Read:0xaa2aaaaa at 0xa0008188
[66080.568450] PUF Read:0xaaaaaaea at 0xa000818c
[66080.568450] PUF Read:0x2aaaaaaa at 0xa0008190
[66080.568511] PUF Read:0xeaaaaaaa at 0xa0008194
[66080.568542] PUF Read:0xaaaaaaaa at 0xa0008198
[66080.568542] PUF Read:0xaaaaaaaa at 0xa000819c
[66080.568542] PUF Read:0xaaaaaaaa at 0xa00081a0
[66080.568603] PUF Read:0xaaaaaaaa at 0xa00081a4
[66080.568603] PUF Read:0xaaa2aaaa at 0xa00081a8
[66080.568664] PUF Read:0xaaaaaaaa at 0xa00081ac
[66080.568695] PUF Read:0xaaebaaaa at 0xa00081b0
[66080.568695] PUF Read:0xaaaaaaaa at 0xa00081b4
[66080.568756] PUF Read:0xaaaaaaaa at 0xa00081b8
[66080.568756] PUF Read:0xa2baaaaa at 0xa00081bc
[66080.568756] PUF Read:0xaaa88aaa at 0xa00081c0
[66080.568817] PUF Read:0xaaaaaaae at 0xa00081c4
[66080.568847] PUF Read:0xaaaaaaaa at 0xa00081c8
[66080.568847] PUF Read:0xaa2baaaa at 0xa00081cc
[66080.568908] PUF Read:0xbaaaaaaa at 0xa00081d0
[66080.568908] PUF Read:0xaaaaaa2a at 0xa00081d4
[66080.568908] PUF Read:0xaaaaaaaa at 0xa00081d8
[66080.568908] PUF Read:0xaaaaaaaa at 0xa00081dc
[66080.569000] PUF Read:0xaaaaaaaa at 0xa00081e0
[66080.569000] PUF Read:0xaaaaaaea at 0xa00081e4
[66080.569000] PUF Read:0xaaaaaaaa at 0xa00081e8
[66080.569000] PUF Read:0xaa2aaaaa at 0xa00081ec
[66080.569000] PUF Read:0xaaaaaaab at 0xa00081f0
[66080.569000] PUF Read:0xaaaaaeaa at 0xa00081f4
[66080.569000] PUF Read:0xaaaaaaa2 at 0xa00081f8
[66080.569183] PUF Read:0xaaaaaaaa at 0xa00081fc
[66080.569183] PUF Read:0xaaaaaaaa at 0xa0008200
[66080.569183] PUF Read:0xaaaaaaaa at 0xa0008204
[66080.569183] PUF Read:0xaaaaaaba at 0xa0008208
[66080.569183] PUF Read:0xa8aaaaaa at 0xa000820c
[66080.569183] PUF Read:0xaaaaa2a8 at 0xa0008210
[66080.569335] PUF Read:0xaaaaaaaa at 0xa0008214
[66080.569366] PUF Read:0xaaaaaeaa at 0xa0008218
[66080.569366] PUF Read:0xaaaaaaaa at 0xa000821c
[66080.569366] PUF Read:0xaaaaaaaa at 0xa0008220
[66080.569427] PUF Read:0xaabaaaaa at 0xa0008224
[66080.569427] PUF Read:0xaaaaaaaa at 0xa0008228
[66080.569488] PUF Read:0xaaaaaaaa at 0xa000822c
[66080.569519] PUF Read:0xaaaaaeaa at 0xa0008230
[66080.569519] PUF Read:0x286aaaaa at 0xa0008234
[66080.569519] PUF Read:0xaaaaaaaa at 0xa0008238
[66080.569580] PUF Read:0xaaaaaaaa at 0xa000823c
[66080.569580] PUF Read:0xaaaaaaaa at 0xa0008240
[66080.569641] PUF Read:0xaaaaaaaa at 0xa0008244
[66080.569671] PUF Read:0xaaaaaaaa at 0xa0008248
[66080.569671] PUF Read:0xaaaaaaaa at 0xa000824c
[66080.569671] PUF Read:0xaaaaaaaa at 0xa0008250
[66080.569732] PUF Read:0xaabaaaaa at 0xa0008254
[66080.569732] PUF Read:0xaaaaaaaa at 0xa0008258
[66080.569793] PUF Read:0xaaaeaaaa at 0xa000825c
[66080.569824] PUF Read:0xaaaaaaaa at 0xa0008260
[66080.569824] PUF Read:0xaaaaaaaa at 0xa0008264
[66080.569824] PUF Read:0xaaaa8caa at 0xa0008268
[66080.569885] PUF Read:0xaaaaaaaa at 0xa000826c
[66080.569885] PUF Read:0xaaaaaaaa at 0xa0008270
[66080.569946] PUF Read:0xaaaaaaaa at 0xa0008274
[66080.569976] PUF Read:0xaaaaaaea at 0xa0008278
[66080.569976] PUF Read:0xaaaaaaaa at 0xa000827c
[66080.569976] PUF Read:0xeaaaaaaa at 0xa0008280
[66080.570037] PUF Read:0xa2aaaaaa at 0xa0008284
[66080.570037] PUF Read:0xaaeaaaaa at 0xa0008288
[66080.570098] PUF Read:0xaaaaaaaa at 0xa000828c
[66080.570129] PUF Read:0xaaaaaaa8 at 0xa0008290
[66080.570129] PUF Read:0xa8aaaaaa at 0xa0008294
[66080.570129] PUF Read:0xaaaaaaaa at 0xa0008298
[66080.570190] PUF Read:0xaaaaaaaa at 0xa000829c
[66080.570190] PUF Read:0xaaaaaaaa at 0xa00082a0
[66080.570251] PUF Read:0xaaaabaaa at 0xa00082a4
[66080.570281] PUF Read:0xaaaaaaaa at 0xa00082a8
[66080.570281] PUF Read:0xaaaaaaaa at 0xa00082ac
[66080.570281] PUF Read:0xaaaaaaaa at 0xa00082b0
[66080.570281] PUF Read:0xaaaaaaaa at 0xa00082b4
[66080.570281] PUF Read:0xaaa8aaea at 0xa00082b8
[66080.570281] PUF Read:0xaaaaaaaa at 0xa00082bc
[66080.570434] PUF Read:0xaaaaaaaa at 0xa00082c0
[66080.570434] PUF Read:0xaaaaaaaa at 0xa00082c4
[66080.570434] PUF Read:0xbaaaaaaa at 0xa00082c8
[66080.570434] PUF Read:0xaaaaaaaa at 0xa00082cc
[66080.570434] PUF Read:0xaabaaaaa at 0xa00082d0
[66080.570434] PUF Read:0xaaaaaaaa at 0xa00082d4
[66080.570587] PUF Read:0xaaaaaaaa at 0xa00082d8
[66080.570587] PUF Read:0xaaaaeaaa at 0xa00082dc
[66080.570587] PUF Read:0xaaaaaaaa at 0xa00082e0
[66080.570587] PUF Read:0xaaaaaeaa at 0xa00082e4
[66080.570587] PUF Read:0xaaaaaaaa at 0xa00082e8
[66080.570587] PUF Read:0xaaaaaaab at 0xa00082ec
[66080.570587] PUF Read:0xaaaaaaaa at 0xa00082f0
[66080.570770] PUF Read:0xaaaaaaaa at 0xa00082f4
[66080.570800] PUF Read:0xaaaaaaaa at 0xa00082f8
[66080.570800] PUF Read:0xaaaaaaaa at 0xa00082fc
[66080.570800] PUF Read:0xaaaaaaaa at 0xa0008300
[66080.570861] PUF Read:0xaaaaaaaa at 0xa0008304
[66080.570861] PUF Read:0xaaaa8aaa at 0xa0008308
[66080.570922] PUF Read:0xaaaaaaaa at 0xa000830c
[66080.570953] PUF Read:0xaaaaaa8a at 0xa0008310
[66080.570953] PUF Read:0xaaaaaaaa at 0xa0008314
[66080.570953] PUF Read:0x2baaaaaa at 0xa0008318
[66080.571014] PUF Read:0xbaaaaaaa at 0xa000831c
[66080.571014] PUF Read:0xaaaaaaaa at 0xa0008320
[66080.571075] PUF Read:0xaaaaaaaa at 0xa0008324
[66080.571105] PUF Read:0xaaaaaaaa at 0xa0008328
[66080.571105] PUF Read:0xaaabaaaa at 0xa000832c
[66080.571166] PUF Read:0xaaaaaaae at 0xa0008330
[66080.571166] PUF Read:0xaaaaaaaa at 0xa0008334
[66080.571166] PUF Read:0xaaaabaaa at 0xa0008338
[66080.571228] PUF Read:0xaaaaaaaa at 0xa000833c
[66080.571258] PUF Read:0xbaaaaaaa at 0xa0008340
[66080.571258] PUF Read:0xaaaaaa2b at 0xa0008344
[66080.571319] PUF Read:0xaaaaaaaa at 0xa0008348
[66080.571319] PUF Read:0xaaaaabaa at 0xa000834c
[66080.571319] PUF Read:0xaaaa8a8a at 0xa0008350
[66080.571380] PUF Read:0x8aaaaaaa at 0xa0008354
[66080.571411] PUF Read:0xaaaaaaaa at 0xa0008358
[66080.571411] PUF Read:0xaaaaaaaa at 0xa000835c
[66080.571472] PUF Read:0xaaabaaaa at 0xa0008360
[66080.571472] PUF Read:0xaaaaaa2a at 0xa0008364
[66080.571472] PUF Read:0xaaaaaaaa at 0xa0008368
[66080.571472] PUF Read:0xaaaaaeaa at 0xa000836c
[66080.571563] PUF Read:0xaaaaaaaa at 0xa0008370
[66080.571563] PUF Read:0xaaaaaaaa at 0xa0008374
[66080.571563] PUF Read:0xaaaa8aaa at 0xa0008378
[66080.571563] PUF Read:0xaaaaaaaa at 0xa000837c
[66080.571563] PUF Read:0xaaaaaaaa at 0xa0008380
[66080.571563] PUF Read:0xaaaaaaaa at 0xa0008384
[66080.571716] PUF Read:0xaaaaaaaa at 0xa0008388
[66080.571716] PUF Read:0xaaaaaaaa at 0xa000838c
[66080.571716] PUF Read:0xaaaaaaab at 0xa0008390
[66080.571716] PUF Read:0xaaaaabaa at 0xa0008394
[66080.571807] PUF Read:0xaaaaaaaa at 0xa0008398
[66080.571807] PUF Read:0xaaa2aaaa at 0xa000839c
[66080.571868] PUF Read:0xaaaaaaaa at 0xa00083a0
[66080.571899] PUF Read:0xaaaaaaaa at 0xa00083a4
[66080.571899] PUF Read:0xaaaaaaaa at 0xa00083a8
[66080.571899] PUF Read:0xaaaabaaa at 0xa00083ac
[66080.571960] PUF Read:0xaaaaaaa2 at 0xa00083b0
[66080.571960] PUF Read:0xaaaaaaaa at 0xa00083b4
[66080.572021] PUF Read:0xaaaaaaaa at 0xa00083b8
[66080.572052] PUF Read:0xaaaaaaaa at 0xa00083bc
[66080.572052] PUF Read:0xaaaaaaaa at 0xa00083c0
[66080.572113] PUF Read:0xaeaaaaaa at 0xa00083c4
[66080.572113] PUF Read:0xaaaaaaaa at 0xa00083c8
[66080.572113] PUF Read:0xaaa2aaaa at 0xa00083cc
[66080.572113] PUF Read:0xaaaaaaaa at 0xa00083d0
[66080.572204] PUF Read:0xaaabaaaa at 0xa00083d4
[66080.572235] PUF Read:0xaa2aaaaa at 0xa00083d8
[66080.572235] PUF Read:0xaaaaaaaa at 0xa00083dc
[66080.572296] PUF Read:0xaabeaaaa at 0xa00083e0
[66080.572296] PUF Read:0xba2aa8aa at 0xa00083e4
[66080.572296] PUF Read:0xaaaaaa2a at 0xa00083e8
[66080.572357] PUF Read:0xaaaaaaaa at 0xa00083ec
[66080.572387] PUF Read:0xaaa8aeaa at 0xa00083f0
[66080.572387] PUF Read:0xaaaaaaaa at 0xa00083f4
[66080.572387] PUF Read:0xaaaaaaae at 0xa00083f8
[66080.572387] PUF Read:0x8aaeaaaa at 0xa00083fc
[66080.572479] [i] Finished PUF read-out
[66080.572479] <6>[i] Finished PUF query for decaytime: 15360
[66080.572509] End measurement:5
[66080.572509] [i] Start measurement: 6
[66080.572509] [i] Start decaytime: 60
[66080.572540] EMIF 2 REG Write 0x80000000 at 0x4d000010
[66080.572540] EMIF 2 REG Read 0x80000000 at 0x4d000010
[66080.572570] EMIF 2 REG Write 0x80000000 at 0x4d000014
[66080.572570] EMIF 2 REG Read 0x00000000 at 0x4d000014
[66080.572601] EMIF 2 REG Write 0x08016893 at 0x4d0000cc
[66080.572601] EMIF 2 REG Read 0x08016893 at 0x4d0000cc
[66080.572601] Temp polling alert disabled
[66080.572631] Refresh Disabled at EMIF2
[66080.572631] [i] Initialiting PUF & hammer rows
[66080.572631] [i] Single-Sided Rowhammer (SSRH)
[66080.572784] [i] Finished initialiting PUF & hammer rows
[66080.572784] [i]	Timer elapsed since its reset 0 sec
[66080.579406] [i] Decay: 60 sec
[66080.579406] [i]	Relative Decay: 0 msec
