[66260.580657] [i] Total hammer attempts per row: 3727833
[66260.580657] EMIF 2 REG Write 0x00000618 at 0x4d000010
[66260.580688] EMIF 2 REG Read 0x00000618 at 0x4d000010
[66260.580688] EMIF 2 REG Write 0x00000618 at 0x4d000014
[66260.580718] EMIF 2 REG Read 0x00000618 at 0x4d000014
[66260.580718] EMIF 2 REG Write 0x58016893 at 0x4d0000cc
[66260.580749] EMIF 2 REG Read 0x58016893 at 0x4d0000cc
[66260.580749] Temp polling alert enabled
[66260.580749] Refresh enabled at EMIF2
[66260.580780] [i] Starting PUF read-out
[66260.580780] [i] Single-Sided Rowhammer (SSRH)
[66260.580810] PUF Read:0xaaaa2aaa at 0xa0008000
[66260.580810] PUF Read:0xaaaaaaaa at 0xa0008004
[66260.580841] PUF Read:0xaaaaaaaa at 0xa0008008
[66260.580841] PUF Read:0xa2aaaa2a at 0xa000800c
[66260.580841] PUF Read:0xaaaaaaaa at 0xa0008010
[66260.580932] PUF Read:0x8aaaabaa at 0xa0008014
[66260.580963] PUF Read:0xaaaa2aaa at 0xa0008018
[66260.580963] PUF Read:0xaaa2aaaa at 0xa000801c
[66260.580963] PUF Read:0xaaaaaaaa at 0xa0008020
[66260.581024] PUF Read:0xeaaaeaaa at 0xa0008024
[66260.581024] PUF Read:0xaaaaaaaa at 0xa0008028
[66260.581085] PUF Read:0xaaaaaaba at 0xa000802c
[66260.581115] PUF Read:0xaaaaaaa8 at 0xa0008030
[66260.581115] PUF Read:0xaaaaaaaa at 0xa0008034
[66260.581115] PUF Read:0xaaaaaaaa at 0xa0008038
[66260.581115] PUF Read:0xaaaaaaaa at 0xa000803c
[66260.581115] PUF Read:0xaaaaaaab at 0xa0008040
[66260.581115] PUF Read:0xaaaaeaaa at 0xa0008044
[66260.581268] PUF Read:0xaaaaaaaa at 0xa0008048
[66260.581268] PUF Read:0xaaaaaaa8 at 0xa000804c
[66260.581268] PUF Read:0xa2aaaaaa at 0xa0008050
[66260.581268] PUF Read:0xaaaaa8aa at 0xa0008054
[66260.581359] PUF Read:0xaaaaaa8a at 0xa0008058
[66260.581359] PUF Read:0xaaaaaaaa at 0xa000805c
[66260.581420] PUF Read:0xaaaaaaaa at 0xa0008060
[66260.581451] PUF Read:0xaaaa2aaa at 0xa0008064
[66260.581451] PUF Read:0xaaaaaaaa at 0xa0008068
[66260.581451] PUF Read:0xaaaaaaaa at 0xa000806c
[66260.581512] PUF Read:0xaaaaaaaa at 0xa0008070
[66260.581512] PUF Read:0xaaaaaaaa at 0xa0008074
[66260.581573] PUF Read:0xaaaaaaaa at 0xa0008078
[66260.581604] PUF Read:0xaaabaaaa at 0xa000807c
[66260.581604] PUF Read:0xaaabaaaa at 0xa0008080
[66260.581604] PUF Read:0xaaaaaaaa at 0xa0008084
[66260.581665] PUF Read:0xaaaaaaaa at 0xa0008088
[66260.581665] PUF Read:0xaaaaaaaa at 0xa000808c
[66260.581726] PUF Read:0xaaaa8aaa at 0xa0008090
[66260.581756] PUF Read:0xaaaaaaaa at 0xa0008094
[66260.581756] PUF Read:0x2aabaaab at 0xa0008098
[66260.581756] PUF Read:0xaaaaaaaa at 0xa000809c
[66260.581756] PUF Read:0x8aaaaa2a at 0xa00080a0
[66260.581756] PUF Read:0xaaabaaaa at 0xa00080a4
[66260.581756] PUF Read:0xaa8aaaab at 0xa00080a8
[66260.581909] PUF Read:0xaaaa8aea at 0xa00080ac
[66260.581939] PUF Read:0xaaaaaaaa at 0xa00080b0
[66260.581939] PUF Read:0x2a2aaaaa at 0xa00080b4
[66260.581939] PUF Read:0xaaaaeaaa at 0xa00080b8
[66260.582000] PUF Read:0x8aaaaaaa at 0xa00080bc
[66260.582000] PUF Read:0xaaaaaaaa at 0xa00080c0
[66260.582061] PUF Read:0xaaaaaaaa at 0xa00080c4
[66260.582092] PUF Read:0xaaa2aaaa at 0xa00080c8
[66260.582092] PUF Read:0xabaaaaaa at 0xa00080cc
[66260.582092] PUF Read:0xeaaeeaaa at 0xa00080d0
[66260.582092] PUF Read:0xaaaa2aaa at 0xa00080d4
[66260.582183] PUF Read:0xaaaa3aaa at 0xa00080d8
[66260.582183] PUF Read:0xaaaaaaaa at 0xa00080dc
[66260.582244] PUF Read:0xabaaaaaa at 0xa00080e0
[66260.582275] PUF Read:0xaaaaaaaa at 0xa00080e4
[66260.582275] PUF Read:0xaaaaaaaa at 0xa00080e8
[66260.582275] PUF Read:0xaaaaaaab at 0xa00080ec
[66260.582275] PUF Read:0x8aaaaaaa at 0xa00080f0
[66260.582275] PUF Read:0xaaaaaaaa at 0xa00080f4
[66260.582275] PUF Read:0xaaaaabaa at 0xa00080f8
[66260.582427] PUF Read:0xaa8aaaaa at 0xa00080fc
[66260.582427] PUF Read:0xaaaaaaaa at 0xa0008100
[66260.582427] PUF Read:0xaaaaaaaa at 0xa0008104
[66260.582427] PUF Read:0xaaa2aaaa at 0xa0008108
[66260.582519] PUF Read:0xaaaaaaaa at 0xa000810c
[66260.582519] PUF Read:0xaaaaaaaa at 0xa0008110
[66260.582580] PUF Read:0xaaea2aaa at 0xa0008114
[66260.582611] PUF Read:0xaaaaaaaa at 0xa0008118
[66260.582611] PUF Read:0xa8aaaaaa at 0xa000811c
[66260.582611] PUF Read:0xaaaaaaaa at 0xa0008120
[66260.582672] PUF Read:0xaaaaaeaa at 0xa0008124
[66260.582672] PUF Read:0xaaaaaaaa at 0xa0008128
[66260.582733] PUF Read:0xaaaaaaaa at 0xa000812c
[66260.582763] PUF Read:0xaaaaaaaa at 0xa0008130
[66260.582763] PUF Read:0xaaaaaa2a at 0xa0008134
[66260.582763] PUF Read:0xaa8baaaa at 0xa0008138
[66260.582763] PUF Read:0xaaaaaaaa at 0xa000813c
[66260.582763] PUF Read:0xaaaaaeaa at 0xa0008140
[66260.582763] PUF Read:0xaaaaaaaa at 0xa0008144
[66260.582916] PUF Read:0xaabaaeaa at 0xa0008148
[66260.582916] PUF Read:0xaaaaaaaa at 0xa000814c
[66260.582916] PUF Read:0xaaaaaaaa at 0xa0008150
[66260.582916] PUF Read:0xaaaaaaaa at 0xa0008154
[66260.583007] PUF Read:0xaaaaaaaa at 0xa0008158
[66260.583007] PUF Read:0xaaaaaaea at 0xa000815c
[66260.583068] PUF Read:0xaaaaaaaa at 0xa0008160
[66260.583099] PUF Read:0xaaaaaaaa at 0xa0008164
[66260.583099] PUF Read:0xaeaaaaaa at 0xa0008168
[66260.583099] PUF Read:0xaaeaaaaa at 0xa000816c
[66260.583160] PUF Read:0x2aaaaaaa at 0xa0008170
[66260.583160] PUF Read:0xaabaaaaa at 0xa0008174
[66260.583221] PUF Read:0xaaaaaaaa at 0xa0008178
[66260.583251] PUF Read:0xaaaaaaaa at 0xa000817c
[66260.583251] PUF Read:0xaaaa2a2a at 0xa0008180
[66260.583312] PUF Read:0xaaaaaaaa at 0xa0008184
[66260.583312] PUF Read:0xaa2aaaaa at 0xa0008188
[66260.583312] PUF Read:0xaaaaaaea at 0xa000818c
[66260.583312] PUF Read:0x2aaaaaaa at 0xa0008190
[66260.583404] PUF Read:0xeaaaaaaa at 0xa0008194
[66260.583404] PUF Read:0xaaaaaaaa at 0xa0008198
[66260.583404] PUF Read:0xaaaaaaaa at 0xa000819c
[66260.583404] PUF Read:0xaaaaaaaa at 0xa00081a0
[66260.583404] PUF Read:0xaaaaaaaa at 0xa00081a4
[66260.583404] PUF Read:0xaaa2aaaa at 0xa00081a8
[66260.583557] PUF Read:0xaaaaaaaa at 0xa00081ac
[66260.583587] PUF Read:0xaaebaaaa at 0xa00081b0
[66260.583587] PUF Read:0xaaaaaaaa at 0xa00081b4
[66260.583587] PUF Read:0xaaaaaaaa at 0xa00081b8
[66260.583648] PUF Read:0xa2baaaaa at 0xa00081bc
[66260.583679] PUF Read:0xaaa88aaa at 0xa00081c0
[66260.583679] PUF Read:0xaaaaaaae at 0xa00081c4
[66260.583740] PUF Read:0xaaaaaaaa at 0xa00081c8
[66260.583770] PUF Read:0xaa2baaaa at 0xa00081cc
[66260.583770] PUF Read:0xbaaaaaaa at 0xa00081d0
[66260.583770] PUF Read:0xaaaaaa2a at 0xa00081d4
[66260.583831] PUF Read:0xaaaaaaaa at 0xa00081d8
[66260.583831] PUF Read:0xaaaaaaaa at 0xa00081dc
[66260.583892] PUF Read:0xaaaaaaaa at 0xa00081e0
[66260.583923] PUF Read:0xaaaaaaea at 0xa00081e4
[66260.583923] PUF Read:0xaaaaaaaa at 0xa00081e8
[66260.583923] PUF Read:0xaa2aaaaa at 0xa00081ec
[66260.583923] PUF Read:0xaaaaaaab at 0xa00081f0
[66260.583923] PUF Read:0xaaaaaeaa at 0xa00081f4
[66260.583923] PUF Read:0xaaaaaaa2 at 0xa00081f8
[66260.584075] PUF Read:0xaaaaaaaa at 0xa00081fc
[66260.584106] PUF Read:0xaaaaaaaa at 0xa0008200
[66260.584106] PUF Read:0xaaaaaaaa at 0xa0008204
[66260.584106] PUF Read:0xaaaaaaba at 0xa0008208
[66260.584167] PUF Read:0xa8aaaaaa at 0xa000820c
[66260.584167] PUF Read:0xaaaaa2a8 at 0xa0008210
[66260.584228] PUF Read:0xaaaaaaaa at 0xa0008214
[66260.584259] PUF Read:0xaaaaaeaa at 0xa0008218
[66260.584259] PUF Read:0xaaaaaaaa at 0xa000821c
[66260.584320] PUF Read:0xaaaaaaaa at 0xa0008220
[66260.584320] PUF Read:0xaabaaaaa at 0xa0008224
[66260.584320] PUF Read:0xaaaaaaaa at 0xa0008228
[66260.584320] PUF Read:0xaaaaaaaa at 0xa000822c
[66260.584411] PUF Read:0xaaaaaeaa at 0xa0008230
[66260.584411] PUF Read:0x286aaaaa at 0xa0008234
[66260.584411] PUF Read:0xaaaaaaaa at 0xa0008238
[66260.584411] PUF Read:0xaaaaaaaa at 0xa000823c
[66260.584503] PUF Read:0xaaaaaaaa at 0xa0008240
[66260.584503] PUF Read:0xaaaaaaaa at 0xa0008244
[66260.584564] PUF Read:0xaaaaaaaa at 0xa0008248
[66260.584594] PUF Read:0xaaaaaaaa at 0xa000824c
[66260.584594] PUF Read:0xaaaaaaaa at 0xa0008250
[66260.584594] PUF Read:0xaabaaaaa at 0xa0008254
[66260.584655] PUF Read:0xaaaaaaaa at 0xa0008258
[66260.584655] PUF Read:0xaaaeaaaa at 0xa000825c
[66260.584716] PUF Read:0xaaaaaaaa at 0xa0008260
[66260.584747] PUF Read:0xaaaaaaaa at 0xa0008264
[66260.584747] PUF Read:0xaaaa8caa at 0xa0008268
[66260.584747] PUF Read:0xaaaaaaaa at 0xa000826c
[66260.584747] PUF Read:0xaaaaaaaa at 0xa0008270
[66260.584747] PUF Read:0xaaaaaaaa at 0xa0008274
[66260.584747] PUF Read:0xaaaaaaea at 0xa0008278
[66260.584899] PUF Read:0xaaaaaaaa at 0xa000827c
[66260.584930] PUF Read:0xeaaaaaaa at 0xa0008280
[66260.584930] PUF Read:0xa2aaaaaa at 0xa0008284
[66260.584930] PUF Read:0xaaeaaaaa at 0xa0008288
[66260.584930] PUF Read:0xaaaaaaaa at 0xa000828c
[66260.584930] PUF Read:0xaaaaaaa8 at 0xa0008290
[66260.585052] PUF Read:0xa8aaaaaa at 0xa0008294
[66260.585083] PUF Read:0xaaaaaaaa at 0xa0008298
[66260.585083] PUF Read:0xaaaaaaaa at 0xa000829c
[66260.585083] PUF Read:0xaaaaaaaa at 0xa00082a0
[66260.585144] PUF Read:0xaaaabaaa at 0xa00082a4
[66260.585144] PUF Read:0xaaaaaaaa at 0xa00082a8
[66260.585144] PUF Read:0xaaaaaaaa at 0xa00082ac
[66260.585235] PUF Read:0xaaaaaaaa at 0xa00082b0
[66260.585266] PUF Read:0xaaaaaaaa at 0xa00082b4
[66260.585266] PUF Read:0xaaa8aaea at 0xa00082b8
[66260.585266] PUF Read:0xaaaaaaaa at 0xa00082bc
[66260.585327] PUF Read:0xaaaaaaaa at 0xa00082c0
[66260.585327] PUF Read:0xaaaaaaaa at 0xa00082c4
[66260.585388] PUF Read:0xbaaaaaaa at 0xa00082c8
[66260.585418] PUF Read:0xaaaaaaaa at 0xa00082cc
[66260.585418] PUF Read:0xaabaaaaa at 0xa00082d0
[66260.585418] PUF Read:0xaaaaaaaa at 0xa00082d4
[66260.585418] PUF Read:0xaaaaaaaa at 0xa00082d8
[66260.585418] PUF Read:0xaaaaeaaa at 0xa00082dc
[66260.585418] PUF Read:0xaaaaaaaa at 0xa00082e0
[66260.585571] PUF Read:0xaaaaaeaa at 0xa00082e4
[66260.585571] PUF Read:0xaaaaaaaa at 0xa00082e8
[66260.585571] PUF Read:0xaaaaaaab at 0xa00082ec
[66260.585571] PUF Read:0xaaaaaaaa at 0xa00082f0
[66260.585662] PUF Read:0xaaa8aaaa at 0xa00082f4
[66260.585662] PUF Read:0xaaaaaaaa at 0xa00082f8
[66260.585723] PUF Read:0xaaaaaaaa at 0xa00082fc
[66260.585754] PUF Read:0xaaaaaaaa at 0xa0008300
[66260.585754] PUF Read:0xaaaaaaaa at 0xa0008304
[66260.585754] PUF Read:0xaaaa8aaa at 0xa0008308
[66260.585815] PUF Read:0xaaaaaaaa at 0xa000830c
[66260.585815] PUF Read:0xaaaaaa8a at 0xa0008310
[66260.585876] PUF Read:0xaaaaaaaa at 0xa0008314
[66260.585906] PUF Read:0x2baaaaaa at 0xa0008318
[66260.585906] PUF Read:0xbaaaaaaa at 0xa000831c
[66260.585906] PUF Read:0xaaaaaaaa at 0xa0008320
[66260.585906] PUF Read:0xaaaaaaaa at 0xa0008324
[66260.585998] PUF Read:0xaaaaaaaa at 0xa0008328
[66260.585998] PUF Read:0xaaabaaaa at 0xa000832c
[66260.586059] PUF Read:0xaaaaaaae at 0xa0008330
[66260.586090] PUF Read:0xaaaaaaaa at 0xa0008334
[66260.586090] PUF Read:0xaaaabaaa at 0xa0008338
[66260.586090] PUF Read:0xaaaaaaaa at 0xa000833c
[66260.586151] PUF Read:0xbaaaaaaa at 0xa0008340
[66260.586151] PUF Read:0xaaaaaa2b at 0xa0008344
[66260.586151] PUF Read:0xaaaaaaaa at 0xa0008348
[66260.586242] PUF Read:0xaaaaabaa at 0xa000834c
[66260.586242] PUF Read:0xaaaa8a8a at 0xa0008350
[66260.586242] PUF Read:0x8aaaaaaa at 0xa0008354
[66260.586242] PUF Read:0xaaaaaaaa at 0xa0008358
[66260.586242] PUF Read:0xaaaaaaaa at 0xa000835c
[66260.586242] PUF Read:0xaaabaaaa at 0xa0008360
[66260.586395] PUF Read:0xaaaaaa2a at 0xa0008364
[66260.586395] PUF Read:0xaaaaaaaa at 0xa0008368
[66260.586395] PUF Read:0xaaaaaeaa at 0xa000836c
[66260.586395] PUF Read:0xaaaaaaaa at 0xa0008370
[66260.586486] PUF Read:0xaaaaaaaa at 0xa0008374
[66260.586486] PUF Read:0xaaaa8aaa at 0xa0008378
[66260.586547] PUF Read:0xaaaaaaaa at 0xa000837c
[66260.586578] PUF Read:0xaaaaaaaa at 0xa0008380
[66260.586578] PUF Read:0xaaaaaaaa at 0xa0008384
[66260.586578] PUF Read:0xaaaaaaaa at 0xa0008388
[66260.586639] PUF Read:0xaaaaaaaa at 0xa000838c
[66260.586639] PUF Read:0xaaaaaaab at 0xa0008390
[66260.586700] PUF Read:0xaaaaabaa at 0xa0008394
[66260.586730] PUF Read:0xaaaaaaaa at 0xa0008398
[66260.586730] PUF Read:0xaaa2aaaa at 0xa000839c
[66260.586730] PUF Read:0xaaaaaaaa at 0xa00083a0
[66260.586730] PUF Read:0xaaaaaaaa at 0xa00083a4
[66260.586822] PUF Read:0xaaaaaaaa at 0xa00083a8
[66260.586822] PUF Read:0xaaaabaaa at 0xa00083ac
[66260.586883] PUF Read:0xaaaaaaa2 at 0xa00083b0
[66260.586914] PUF Read:0xaaaaaaaa at 0xa00083b4
[66260.586914] PUF Read:0xaaaaaaaa at 0xa00083b8
[66260.586914] PUF Read:0xaaaaaaaa at 0xa00083bc
[66260.586914] PUF Read:0xaaaaaaaa at 0xa00083c0
[66260.586914] PUF Read:0xaeaaaaaa at 0xa00083c4
[66260.586914] PUF Read:0xaaaaaaaa at 0xa00083c8
[66260.587066] PUF Read:0xaaa2aaaa at 0xa00083cc
[66260.587097] PUF Read:0xaaaaaaaa at 0xa00083d0
[66260.587097] PUF Read:0xaaabaaaa at 0xa00083d4
[66260.587097] PUF Read:0xaa2aaaaa at 0xa00083d8
[66260.587158] PUF Read:0xaaaaaaaa at 0xa00083dc
[66260.587158] PUF Read:0xaabeaaaa at 0xa00083e0
[66260.587158] PUF Read:0xba2aa8aa at 0xa00083e4
[66260.587249] PUF Read:0xaaaaaa2a at 0xa00083e8
[66260.587249] PUF Read:0xaaaaaaaa at 0xa00083ec
[66260.587249] PUF Read:0xaaa8aeaa at 0xa00083f0
[66260.587249] PUF Read:0xaaaaaaaa at 0xa00083f4
[66260.587249] PUF Read:0xaaaaaaae at 0xa00083f8
[66260.587249] PUF Read:0x8aaeaaaa at 0xa00083fc
[66260.587402] [i] Finished PUF read-out
[66260.587402] <6>[i] Finished PUF query for decaytime: 15360
[66260.587402] End measurement:6
[66260.587432] [i] Start measurement: 7
[66260.587432] [i] Start decaytime: 60
[66260.587432] EMIF 2 REG Write 0x80000000 at 0x4d000010
[66260.587463] EMIF 2 REG Read 0x80000000 at 0x4d000010
[66260.587463] EMIF 2 REG Write 0x80000000 at 0x4d000014
[66260.587493] EMIF 2 REG Read 0x00000000 at 0x4d000014
[66260.587493] EMIF 2 REG Write 0x08016893 at 0x4d0000cc
[66260.587524] EMIF 2 REG Read 0x08016893 at 0x4d0000cc
[66260.587524] Temp polling alert disabled
[66260.587524] Refresh Disabled at EMIF2
[66260.587554] [i] Initialiting PUF & hammer rows
[66260.587554] [i] Single-Sided Rowhammer (SSRH)
[66260.589233] [i] Finished initialiting PUF & hammer rows
[66260.595336] [i]	Timer elapsed since its reset 0 sec
[66260.595336] [i] Decay: 60 sec
[66260.595336] [i]	Relative Decay: 0 msec
