[22866.760986] [i] Total hammer attempts per row: 1863726
[22866.760986] EMIF 2 REG Write 0x00000618 at 0x4d000010
[22866.760986] EMIF 2 REG Read 0x00000618 at 0x4d000010
[22866.761077] EMIF 2 REG Write 0x00000618 at 0x4d000014
[22866.761077] EMIF 2 REG Read 0x00000618 at 0x4d000014
[22866.761108] EMIF 2 REG Write 0x58016893 at 0x4d0000cc
[22866.761108] EMIF 2 REG Read 0x58016893 at 0x4d0000cc
[22866.761138] Temp polling alert enabled
[22866.761138] Refresh enabled at EMIF2
[22866.761138] [i] Starting PUF read-out
[22866.761169] [i] Single-Sided Rowhammer (SSRH)
[22866.761169] PUF Read:0x00000000 at 0xa0008000
[22866.761169] PUF Read:0x00000000 at 0xa0008004
[22866.761169] PUF Read:0x00000000 at 0xa0008008
[22866.761260] PUF Read:0x00000000 at 0xa000800c
[22866.761260] PUF Read:0x00000000 at 0xa0008010
[22866.761260] PUF Read:0x00000100 at 0xa0008014
[22866.761260] PUF Read:0x00000000 at 0xa0008018
[22866.761352] PUF Read:0x00000000 at 0xa000801c
[22866.761352] PUF Read:0x00000000 at 0xa0008020
[22866.761352] PUF Read:0x00004000 at 0xa0008024
[22866.761444] PUF Read:0x00000000 at 0xa0008028
[22866.761444] PUF Read:0x00000000 at 0xa000802c
[22866.761444] PUF Read:0x00000000 at 0xa0008030
[22866.761444] PUF Read:0x00000000 at 0xa0008034
[22866.761444] PUF Read:0x00000000 at 0xa0008038
[22866.761566] PUF Read:0x00000000 at 0xa000803c
[22866.761566] PUF Read:0x00000001 at 0xa0008040
[22866.761627] PUF Read:0x00004000 at 0xa0008044
[22866.761657] PUF Read:0x00000000 at 0xa0008048
[22866.761657] PUF Read:0x00000000 at 0xa000804c
[22866.761657] PUF Read:0x00000000 at 0xa0008050
[22866.761718] PUF Read:0x00000000 at 0xa0008054
[22866.761718] PUF Read:0x00000000 at 0xa0008058
[22866.761779] PUF Read:0x00000000 at 0xa000805c
[22866.761810] PUF Read:0x00000000 at 0xa0008060
[22866.761810] PUF Read:0x00000000 at 0xa0008064
[22866.761810] PUF Read:0x00000000 at 0xa0008068
[22866.761871] PUF Read:0x00000000 at 0xa000806c
[22866.761871] PUF Read:0x00000000 at 0xa0008070
[22866.761932] PUF Read:0x00000000 at 0xa0008074
[22866.761962] PUF Read:0x00000000 at 0xa0008078
[22866.761962] PUF Read:0x00000000 at 0xa000807c
[22866.761962] PUF Read:0x00000000 at 0xa0008080
[22866.761962] PUF Read:0x00000000 at 0xa0008084
[22866.761962] PUF Read:0x00000000 at 0xa0008088
[22866.762084] PUF Read:0x00000000 at 0xa000808c
[22866.762115] PUF Read:0x00000000 at 0xa0008090
[22866.762115] PUF Read:0x00000000 at 0xa0008094
[22866.762176] PUF Read:0x00010000 at 0xa0008098
[22866.762176] PUF Read:0x00000000 at 0xa000809c
[22866.762176] PUF Read:0x00000000 at 0xa00080a0
[22866.762237] PUF Read:0x00000000 at 0xa00080a4
[22866.762268] PUF Read:0x00000000 at 0xa00080a8
[22866.762268] PUF Read:0x00000040 at 0xa00080ac
[22866.762268] PUF Read:0x00000000 at 0xa00080b0
[22866.762329] PUF Read:0x00000000 at 0xa00080b4
[22866.762329] PUF Read:0x00000000 at 0xa00080b8
[22866.762390] PUF Read:0x00000000 at 0xa00080bc
[22866.762420] PUF Read:0x00000000 at 0xa00080c0
[22866.762420] PUF Read:0x00000000 at 0xa00080c4
[22866.762481] PUF Read:0x00000000 at 0xa00080c8
[22866.762481] PUF Read:0x00000000 at 0xa00080cc
[22866.762481] PUF Read:0x40004000 at 0xa00080d0
[22866.762481] PUF Read:0x00000000 at 0xa00080d4
[22866.762573] PUF Read:0x00000000 at 0xa00080d8
[22866.762573] PUF Read:0x00000000 at 0xa00080dc
[22866.762573] PUF Read:0x01000000 at 0xa00080e0
[22866.762573] PUF Read:0x00000000 at 0xa00080e4
[22866.762573] PUF Read:0x00000000 at 0xa00080e8
[22866.762573] PUF Read:0x00000001 at 0xa00080ec
[22866.762725] PUF Read:0x00000000 at 0xa00080f0
[22866.762725] PUF Read:0x00000000 at 0xa00080f4
[22866.762725] PUF Read:0x00000000 at 0xa00080f8
[22866.762725] PUF Read:0x00000000 at 0xa00080fc
[22866.762725] PUF Read:0x00000000 at 0xa0008100
[22866.762847] PUF Read:0x00000000 at 0xa0008104
[22866.762878] PUF Read:0x00000000 at 0xa0008108
[22866.762878] PUF Read:0x00000000 at 0xa000810c
[22866.762939] PUF Read:0x00000000 at 0xa0008110
[22866.762939] PUF Read:0x00000000 at 0xa0008114
[22866.762939] PUF Read:0x00000000 at 0xa0008118
[22866.763000] PUF Read:0x00000000 at 0xa000811c
[22866.763031] PUF Read:0x00000000 at 0xa0008120
[22866.763061] PUF Read:0x00000000 at 0xa0008124
[22866.763061] PUF Read:0x00000000 at 0xa0008128
[22866.763061] PUF Read:0x00000000 at 0xa000812c
[22866.763122] PUF Read:0x00000000 at 0xa0008130
[22866.763122] PUF Read:0x00000000 at 0xa0008134
[22866.763183] PUF Read:0x00000000 at 0xa0008138
[22866.763214] PUF Read:0x00000000 at 0xa000813c
[22866.763214] PUF Read:0x00000000 at 0xa0008140
[22866.763214] PUF Read:0x00000000 at 0xa0008144
[22866.763275] PUF Read:0x00100400 at 0xa0008148
[22866.763275] PUF Read:0x00000000 at 0xa000814c
[22866.763336] PUF Read:0x00000000 at 0xa0008150
[22866.763366] PUF Read:0x00000000 at 0xa0008154
[22866.763366] PUF Read:0x00000000 at 0xa0008158
[22866.763366] PUF Read:0x00000040 at 0xa000815c
[22866.763427] PUF Read:0x00000000 at 0xa0008160
[22866.763427] PUF Read:0x00000000 at 0xa0008164
[22866.763488] PUF Read:0x00000000 at 0xa0008168
[22866.763519] PUF Read:0x00400000 at 0xa000816c
[22866.763519] PUF Read:0x00000000 at 0xa0008170
[22866.763519] PUF Read:0x00000000 at 0xa0008174
[22866.763580] PUF Read:0x00000000 at 0xa0008178
[22866.763580] PUF Read:0x00000000 at 0xa000817c
[22866.763641] PUF Read:0x00000000 at 0xa0008180
[22866.763671] PUF Read:0x00000000 at 0xa0008184
[22866.763671] PUF Read:0x00000000 at 0xa0008188
[22866.763671] PUF Read:0x00000000 at 0xa000818c
[22866.763732] PUF Read:0x00000000 at 0xa0008190
[22866.763732] PUF Read:0x00000000 at 0xa0008194
[22866.763793] PUF Read:0x00000000 at 0xa0008198
[22866.763824] PUF Read:0x00000000 at 0xa000819c
[22866.763824] PUF Read:0x00000000 at 0xa00081a0
[22866.763824] PUF Read:0x00000000 at 0xa00081a4
[22866.763885] PUF Read:0x00000000 at 0xa00081a8
[22866.763885] PUF Read:0x00000000 at 0xa00081ac
[22866.763946] PUF Read:0x00400000 at 0xa00081b0
[22866.763977] PUF Read:0x00000000 at 0xa00081b4
[22866.763977] PUF Read:0x00000000 at 0xa00081b8
[22866.764038] PUF Read:0x00000000 at 0xa00081bc
[22866.764038] PUF Read:0x00000000 at 0xa00081c0
[22866.764038] PUF Read:0x00000004 at 0xa00081c4
[22866.764099] PUF Read:0x00000000 at 0xa00081c8
[22866.764129] PUF Read:0x00000000 at 0xa00081cc
[22866.764129] PUF Read:0x10000000 at 0xa00081d0
[22866.764190] PUF Read:0x00000000 at 0xa00081d4
[22866.764190] PUF Read:0x00000000 at 0xa00081d8
[22866.764190] PUF Read:0x00000000 at 0xa00081dc
[22866.764251] PUF Read:0x00000000 at 0xa00081e0
[22866.764282] PUF Read:0x00000040 at 0xa00081e4
[22866.764282] PUF Read:0x00000000 at 0xa00081e8
[22866.764282] PUF Read:0x00000000 at 0xa00081ec
[22866.764282] PUF Read:0x00000000 at 0xa00081f0
[22866.764282] PUF Read:0x00000400 at 0xa00081f4
[22866.764282] PUF Read:0x00000000 at 0xa00081f8
[22866.764434] PUF Read:0x00000000 at 0xa00081fc
[22866.764434] PUF Read:0x00000000 at 0xa0008200
[22866.764434] PUF Read:0x00000000 at 0xa0008204
[22866.764434] PUF Read:0x00000000 at 0xa0008208
[22866.764434] PUF Read:0x00000000 at 0xa000820c
[22866.764434] PUF Read:0x00000000 at 0xa0008210
[22866.764587] PUF Read:0x00000000 at 0xa0008214
[22866.764617] PUF Read:0x00000000 at 0xa0008218
[22866.764617] PUF Read:0x00000000 at 0xa000821c
[22866.764617] PUF Read:0x00000000 at 0xa0008220
[22866.764678] PUF Read:0x00000000 at 0xa0008224
[22866.764678] PUF Read:0x00000000 at 0xa0008228
[22866.764739] PUF Read:0x00000000 at 0xa000822c
[22866.764770] PUF Read:0x00000000 at 0xa0008230
[22866.764770] PUF Read:0x00400000 at 0xa0008234
[22866.764831] PUF Read:0x00000000 at 0xa0008238
[22866.764831] PUF Read:0x00000000 at 0xa000823c
[22866.764831] PUF Read:0x00000000 at 0xa0008240
[22866.764892] PUF Read:0x00000000 at 0xa0008244
[22866.764923] PUF Read:0x00000000 at 0xa0008248
[22866.764923] PUF Read:0x00000000 at 0xa000824c
[22866.764984] PUF Read:0x00000000 at 0xa0008250
[22866.764984] PUF Read:0x00100000 at 0xa0008254
[22866.764984] PUF Read:0x00000000 at 0xa0008258
[22866.765045] PUF Read:0x00000000 at 0xa000825c
[22866.765075] PUF Read:0x00000000 at 0xa0008260
[22866.765075] PUF Read:0x00000000 at 0xa0008264
[22866.765075] PUF Read:0x00000000 at 0xa0008268
[22866.765136] PUF Read:0x00000000 at 0xa000826c
[22866.765136] PUF Read:0x00000000 at 0xa0008270
[22866.765197] PUF Read:0x00000000 at 0xa0008274
[22866.765228] PUF Read:0x00000000 at 0xa0008278
[22866.765228] PUF Read:0x00000000 at 0xa000827c
[22866.765228] PUF Read:0x00000000 at 0xa0008280
[22866.765289] PUF Read:0x00000000 at 0xa0008284
[22866.765289] PUF Read:0x00000000 at 0xa0008288
[22866.765350] PUF Read:0x00000000 at 0xa000828c
[22866.765380] PUF Read:0x00000000 at 0xa0008290
[22866.765380] PUF Read:0x00000000 at 0xa0008294
[22866.765380] PUF Read:0x00000000 at 0xa0008298
[22866.765380] PUF Read:0x00000000 at 0xa000829c
[22866.765380] PUF Read:0x00000000 at 0xa00082a0
[22866.765502] PUF Read:0x00000000 at 0xa00082a4
[22866.765502] PUF Read:0x00000000 at 0xa00082a8
[22866.765502] PUF Read:0x00000000 at 0xa00082ac
[22866.765502] PUF Read:0x00000000 at 0xa00082b0
[22866.765502] PUF Read:0x00000000 at 0xa00082b4
[22866.765502] PUF Read:0x00000040 at 0xa00082b8
[22866.765655] PUF Read:0x00000000 at 0xa00082bc
[22866.765655] PUF Read:0x00000000 at 0xa00082c0
[22866.765655] PUF Read:0x00000000 at 0xa00082c4
[22866.765655] PUF Read:0x10000000 at 0xa00082c8
[22866.765655] PUF Read:0x00000000 at 0xa00082cc
[22866.765655] PUF Read:0x00000000 at 0xa00082d0
[22866.765808] PUF Read:0x00000000 at 0xa00082d4
[22866.765808] PUF Read:0x00000000 at 0xa00082d8
[22866.765808] PUF Read:0x00000000 at 0xa00082dc
[22866.765808] PUF Read:0x00000000 at 0xa00082e0
[22866.765808] PUF Read:0x00000400 at 0xa00082e4
[22866.765808] PUF Read:0x00000000 at 0xa00082e8
[22866.765960] PUF Read:0x00000000 at 0xa00082ec
[22866.765960] PUF Read:0x00000000 at 0xa00082f0
[22866.765960] PUF Read:0x00000000 at 0xa00082f4
[22866.765960] PUF Read:0x00000000 at 0xa00082f8
[22866.765960] PUF Read:0x00000000 at 0xa00082fc
[22866.765960] PUF Read:0x00000000 at 0xa0008300
[22866.766113] PUF Read:0x00000000 at 0xa0008304
[22866.766143] PUF Read:0x00000000 at 0xa0008308
[22866.766143] PUF Read:0x00000000 at 0xa000830c
[22866.766204] PUF Read:0x00000000 at 0xa0008310
[22866.766204] PUF Read:0x00000000 at 0xa0008314
[22866.766204] PUF Read:0x01000000 at 0xa0008318
[22866.766204] PUF Read:0x10000000 at 0xa000831c
[22866.766296] PUF Read:0x00000000 at 0xa0008320
[22866.766296] PUF Read:0x00000000 at 0xa0008324
[22866.766296] PUF Read:0x00000000 at 0xa0008328
[22866.766296] PUF Read:0x00000000 at 0xa000832c
[22866.766296] PUF Read:0x00000004 at 0xa0008330
[22866.766296] PUF Read:0x00000000 at 0xa0008334
[22866.766448] PUF Read:0x00000000 at 0xa0008338
[22866.766448] PUF Read:0x00000000 at 0xa000833c
[22866.766448] PUF Read:0x00000000 at 0xa0008340
[22866.766448] PUF Read:0x00000000 at 0xa0008344
[22866.766448] PUF Read:0x00000000 at 0xa0008348
[22866.766448] PUF Read:0x00000000 at 0xa000834c
[22866.766601] PUF Read:0x00000000 at 0xa0008350
[22866.766601] PUF Read:0x00000000 at 0xa0008354
[22866.766601] PUF Read:0x00000000 at 0xa0008358
[22866.766601] PUF Read:0x00000000 at 0xa000835c
[22866.766601] PUF Read:0x00010000 at 0xa0008360
[22866.766601] PUF Read:0x00000000 at 0xa0008364
[22866.766754] PUF Read:0x00000000 at 0xa0008368
[22866.766754] PUF Read:0x00000000 at 0xa000836c
[22866.766754] PUF Read:0x00000000 at 0xa0008370
[22866.766754] PUF Read:0x00000000 at 0xa0008374
[22866.766845] PUF Read:0x00000000 at 0xa0008378
[22866.766845] PUF Read:0x00000000 at 0xa000837c
[22866.766906] PUF Read:0x00000000 at 0xa0008380
[22866.766906] PUF Read:0x00000000 at 0xa0008384
[22866.766906] PUF Read:0x00000000 at 0xa0008388
[22866.766906] PUF Read:0x00000000 at 0xa000838c
[22866.766906] PUF Read:0x00000000 at 0xa0008390
[22866.766906] PUF Read:0x00000000 at 0xa0008394
[22866.767059] PUF Read:0x00000000 at 0xa0008398
[22866.767089] PUF Read:0x00000000 at 0xa000839c
[22866.767089] PUF Read:0x00000000 at 0xa00083a0
[22866.767089] PUF Read:0x00000000 at 0xa00083a4
[22866.767089] PUF Read:0x00000000 at 0xa00083a8
[22866.767089] PUF Read:0x00000000 at 0xa00083ac
[22866.767211] PUF Read:0x00000000 at 0xa00083b0
[22866.767211] PUF Read:0x00000000 at 0xa00083b4
[22866.767211] PUF Read:0x00000000 at 0xa00083b8
[22866.767211] PUF Read:0x00000000 at 0xa00083bc
[22866.767211] PUF Read:0x00000000 at 0xa00083c0
[22866.767211] PUF Read:0x00000000 at 0xa00083c4
[22866.767364] PUF Read:0x00000000 at 0xa00083c8
[22866.767364] PUF Read:0x00000000 at 0xa00083cc
[22866.767364] PUF Read:0x00000000 at 0xa00083d0
[22866.767364] PUF Read:0x00010000 at 0xa00083d4
[22866.767364] PUF Read:0x00000000 at 0xa00083d8
[22866.767486] PUF Read:0x00000000 at 0xa00083dc
[22866.767517] PUF Read:0x00000004 at 0xa00083e0
[22866.767517] PUF Read:0x00000000 at 0xa00083e4
[22866.767517] PUF Read:0x00000000 at 0xa00083e8
[22866.767517] PUF Read:0x00000000 at 0xa00083ec
[22866.767517] PUF Read:0x00000000 at 0xa00083f0
[22866.767517] PUF Read:0x00000000 at 0xa00083f4
[22866.767669] PUF Read:0x00000004 at 0xa00083f8
[22866.767700] PUF Read:0x00040000 at 0xa00083fc
[22866.767700] [i] Finished PUF read-out
[22866.767730] <6>[i] Finished PUF query for decaytime: 7680
[22866.767730] [i] Start decaytime: 120
[22866.767761] EMIF 2 REG Write 0x80000000 at 0x4d000010
[22866.767761] EMIF 2 REG Read 0x80000000 at 0x4d000010
[22866.767791] EMIF 2 REG Write 0x80000000 at 0x4d000014
[22866.767791] EMIF 2 REG Read 0x00000000 at 0x4d000014
[22866.767791] EMIF 2 REG Write 0x08016893 at 0x4d0000cc
[22866.767822] EMIF 2 REG Read 0x08016893 at 0x4d0000cc
[22866.767822] Temp polling alert disabled
[22866.767822] Refresh Disabled at EMIF2
[22866.767852] [i] Initialiting PUF & hammer rows
[22866.767852] [i] Single-Sided Rowhammer (SSRH)
[22866.768096] [i] Finished initialiting PUF & hammer rows
[22866.768096] [i]	Timer elapsed since its reset 0 sec
[22866.774597] [i] Decay: 120 sec
[22866.774597] [i]	Relative Decay: 0 msec
