[12048.244689] [i] Total hammer attempts per row: 1863575
[12048.244689] EMIF 2 REG Write 0x00000618 at 0x4d000010
[12048.244689] EMIF 2 REG Read 0x00000618 at 0x4d000010
[12048.244750] EMIF 2 REG Write 0x00000618 at 0x4d000014
[12048.244750] EMIF 2 REG Read 0x00000618 at 0x4d000014
[12048.244781] EMIF 2 REG Write 0x58016893 at 0x4d0000cc
[12048.244781] EMIF 2 REG Read 0x58016893 at 0x4d0000cc
[12048.244812] Temp polling alert enabled
[12048.244812] Refresh enabled at EMIF2
[12048.244812] [i] Starting PUF read-out
[12048.244842] [i] Single-Sided Rowhammer (SSRH)
[12048.244842] PUF Read:0x00000000 at 0xa0008000
[12048.244842] PUF Read:0x00000000 at 0xa0008004
[12048.244842] PUF Read:0x00000000 at 0xa0008008
[12048.244842] PUF Read:0x00000000 at 0xa000800c
[12048.244964] PUF Read:0x00000000 at 0xa0008010
[12048.244964] PUF Read:0x00000100 at 0xa0008014
[12048.244964] PUF Read:0x00000000 at 0xa0008018
[12048.244964] PUF Read:0x00000000 at 0xa000801c
[12048.245056] PUF Read:0x00000000 at 0xa0008020
[12048.245056] PUF Read:0x40004000 at 0xa0008024
[12048.245117] PUF Read:0x00000000 at 0xa0008028
[12048.245147] PUF Read:0x00000000 at 0xa000802c
[12048.245147] PUF Read:0x00000000 at 0xa0008030
[12048.245147] PUF Read:0x00000000 at 0xa0008034
[12048.245147] PUF Read:0x00000000 at 0xa0008038
[12048.245147] PUF Read:0x00000000 at 0xa000803c
[12048.245147] PUF Read:0x00000001 at 0xa0008040
[12048.245300] PUF Read:0x00004000 at 0xa0008044
[12048.245330] PUF Read:0x00000000 at 0xa0008048
[12048.245330] PUF Read:0x00000000 at 0xa000804c
[12048.245330] PUF Read:0x00000000 at 0xa0008050
[12048.245391] PUF Read:0x00000000 at 0xa0008054
[12048.245391] PUF Read:0x00000000 at 0xa0008058
[12048.245452] PUF Read:0x00000000 at 0xa000805c
[12048.245483] PUF Read:0x00000000 at 0xa0008060
[12048.245483] PUF Read:0x00000000 at 0xa0008064
[12048.245483] PUF Read:0x00000000 at 0xa0008068
[12048.245544] PUF Read:0x00000000 at 0xa000806c
[12048.245544] PUF Read:0x00000000 at 0xa0008070
[12048.245605] PUF Read:0x00000000 at 0xa0008074
[12048.245635] PUF Read:0x00000000 at 0xa0008078
[12048.245635] PUF Read:0x00000000 at 0xa000807c
[12048.245635] PUF Read:0x00000000 at 0xa0008080
[12048.245697] PUF Read:0x00000000 at 0xa0008084
[12048.245697] PUF Read:0x00000000 at 0xa0008088
[12048.245758] PUF Read:0x00000000 at 0xa000808c
[12048.245788] PUF Read:0x00000000 at 0xa0008090
[12048.245788] PUF Read:0x00000000 at 0xa0008094
[12048.245788] PUF Read:0x00010000 at 0xa0008098
[12048.245849] PUF Read:0x00000000 at 0xa000809c
[12048.245849] PUF Read:0x00000000 at 0xa00080a0
[12048.245910] PUF Read:0x00000000 at 0xa00080a4
[12048.245941] PUF Read:0x00000000 at 0xa00080a8
[12048.245941] PUF Read:0x00000040 at 0xa00080ac
[12048.246002] PUF Read:0x00000000 at 0xa00080b0
[12048.246002] PUF Read:0x00000000 at 0xa00080b4
[12048.246002] PUF Read:0x00004000 at 0xa00080b8
[12048.246002] PUF Read:0x00000000 at 0xa00080bc
[12048.246093] PUF Read:0x00000000 at 0xa00080c0
[12048.246093] PUF Read:0x00000000 at 0xa00080c4
[12048.246093] PUF Read:0x00000000 at 0xa00080c8
[12048.246093] PUF Read:0x00000000 at 0xa00080cc
[12048.246093] PUF Read:0x40044000 at 0xa00080d0
[12048.246093] PUF Read:0x00000000 at 0xa00080d4
[12048.246246] PUF Read:0x00000000 at 0xa00080d8
[12048.246246] PUF Read:0x00000000 at 0xa00080dc
[12048.246246] PUF Read:0x01000000 at 0xa00080e0
[12048.246246] PUF Read:0x00000000 at 0xa00080e4
[12048.246246] PUF Read:0x00000000 at 0xa00080e8
[12048.246246] PUF Read:0x00000001 at 0xa00080ec
[12048.246398] PUF Read:0x00000000 at 0xa00080f0
[12048.246398] PUF Read:0x00000000 at 0xa00080f4
[12048.246398] PUF Read:0x00000100 at 0xa00080f8
[12048.246398] PUF Read:0x00000000 at 0xa00080fc
[12048.246490] PUF Read:0x00000000 at 0xa0008100
[12048.246490] PUF Read:0x00000000 at 0xa0008104
[12048.246551] PUF Read:0x00000000 at 0xa0008108
[12048.246582] PUF Read:0x00000000 at 0xa000810c
[12048.246582] PUF Read:0x00000000 at 0xa0008110
[12048.246582] PUF Read:0x00000000 at 0xa0008114
[12048.246643] PUF Read:0x00000000 at 0xa0008118
[12048.246643] PUF Read:0x00000000 at 0xa000811c
[12048.246704] PUF Read:0x00000000 at 0xa0008120
[12048.246734] PUF Read:0x00000000 at 0xa0008124
[12048.246734] PUF Read:0x00000040 at 0xa0008128
[12048.246734] PUF Read:0x00000000 at 0xa000812c
[12048.246734] PUF Read:0x00000000 at 0xa0008130
[12048.246734] PUF Read:0x00000000 at 0xa0008134
[12048.246734] PUF Read:0x00000000 at 0xa0008138
[12048.246887] PUF Read:0x00000000 at 0xa000813c
[12048.246887] PUF Read:0x00000400 at 0xa0008140
[12048.246887] PUF Read:0x00000000 at 0xa0008144
[12048.246887] PUF Read:0x00100400 at 0xa0008148
[12048.246887] PUF Read:0x00000000 at 0xa000814c
[12048.246887] PUF Read:0x00000000 at 0xa0008150
[12048.247039] PUF Read:0x00000000 at 0xa0008154
[12048.247070] PUF Read:0x00000000 at 0xa0008158
[12048.247070] PUF Read:0x00000000 at 0xa000815c
[12048.247070] PUF Read:0x00000000 at 0xa0008160
[12048.247131] PUF Read:0x00000000 at 0xa0008164
[12048.247131] PUF Read:0x00000000 at 0xa0008168
[12048.247192] PUF Read:0x00400000 at 0xa000816c
[12048.247222] PUF Read:0x00000000 at 0xa0008170
[12048.247222] PUF Read:0x00000000 at 0xa0008174
[12048.247222] PUF Read:0x00000000 at 0xa0008178
[12048.247283] PUF Read:0x00000000 at 0xa000817c
[12048.247283] PUF Read:0x00000000 at 0xa0008180
[12048.247344] PUF Read:0x00000000 at 0xa0008184
[12048.247375] PUF Read:0x00000000 at 0xa0008188
[12048.247375] PUF Read:0x00000000 at 0xa000818c
[12048.247375] PUF Read:0x00000000 at 0xa0008190
[12048.247436] PUF Read:0x40000000 at 0xa0008194
[12048.247436] PUF Read:0x00000000 at 0xa0008198
[12048.247497] PUF Read:0x00000000 at 0xa000819c
[12048.247528] PUF Read:0x00000000 at 0xa00081a0
[12048.247528] PUF Read:0x00000000 at 0xa00081a4
[12048.247528] PUF Read:0x00000000 at 0xa00081a8
[12048.247589] PUF Read:0x00000000 at 0xa00081ac
[12048.247589] PUF Read:0x00410000 at 0xa00081b0
[12048.247650] PUF Read:0x00000000 at 0xa00081b4
[12048.247680] PUF Read:0x00000000 at 0xa00081b8
[12048.247680] PUF Read:0x00000000 at 0xa00081bc
[12048.247680] PUF Read:0x00000000 at 0xa00081c0
[12048.247741] PUF Read:0x00000004 at 0xa00081c4
[12048.247741] PUF Read:0x00000000 at 0xa00081c8
[12048.247802] PUF Read:0x00000000 at 0xa00081cc
[12048.247833] PUF Read:0x10000000 at 0xa00081d0
[12048.247833] PUF Read:0x00000000 at 0xa00081d4
[12048.247833] PUF Read:0x00000000 at 0xa00081d8
[12048.247894] PUF Read:0x00000000 at 0xa00081dc
[12048.247894] PUF Read:0x00000000 at 0xa00081e0
[12048.247955] PUF Read:0x00000040 at 0xa00081e4
[12048.247985] PUF Read:0x00000000 at 0xa00081e8
[12048.247985] PUF Read:0x00000000 at 0xa00081ec
[12048.247985] PUF Read:0x00000000 at 0xa00081f0
[12048.247985] PUF Read:0x00000400 at 0xa00081f4
[12048.248077] PUF Read:0x00000000 at 0xa00081f8
[12048.248077] PUF Read:0x00000000 at 0xa00081fc
[12048.248138] PUF Read:0x00000000 at 0xa0008200
[12048.248168] PUF Read:0x00000000 at 0xa0008204
[12048.248168] PUF Read:0x00000000 at 0xa0008208
[12048.248168] PUF Read:0x00000000 at 0xa000820c
[12048.248229] PUF Read:0x00000000 at 0xa0008210
[12048.248229] PUF Read:0x00000000 at 0xa0008214
[12048.248291] PUF Read:0x00000000 at 0xa0008218
[12048.248321] PUF Read:0x00000000 at 0xa000821c
[12048.248321] PUF Read:0x00000000 at 0xa0008220
[12048.248321] PUF Read:0x00000000 at 0xa0008224
[12048.248382] PUF Read:0x00000000 at 0xa0008228
[12048.248382] PUF Read:0x00000000 at 0xa000822c
[12048.248443] PUF Read:0x00000000 at 0xa0008230
[12048.248474] PUF Read:0x00400000 at 0xa0008234
[12048.248474] PUF Read:0x00000000 at 0xa0008238
[12048.248474] PUF Read:0x00000000 at 0xa000823c
[12048.248535] PUF Read:0x00000000 at 0xa0008240
[12048.248535] PUF Read:0x00000000 at 0xa0008244
[12048.248596] PUF Read:0x00000000 at 0xa0008248
[12048.248626] PUF Read:0x00000000 at 0xa000824c
[12048.248626] PUF Read:0x00000000 at 0xa0008250
[12048.248687] PUF Read:0x00100000 at 0xa0008254
[12048.248687] PUF Read:0x00000000 at 0xa0008258
[12048.248687] PUF Read:0x00040000 at 0xa000825c
[12048.248748] PUF Read:0x00000000 at 0xa0008260
[12048.248779] PUF Read:0x00000000 at 0xa0008264
[12048.248779] PUF Read:0x00000000 at 0xa0008268
[12048.248840] PUF Read:0x00000000 at 0xa000826c
[12048.248840] PUF Read:0x00000000 at 0xa0008270
[12048.248840] PUF Read:0x00000000 at 0xa0008274
[12048.248901] PUF Read:0x00000000 at 0xa0008278
[12048.248931] PUF Read:0x00000000 at 0xa000827c
[12048.248931] PUF Read:0x00000000 at 0xa0008280
[12048.248931] PUF Read:0x00000000 at 0xa0008284
[12048.248992] PUF Read:0x00000000 at 0xa0008288
[12048.248992] PUF Read:0x00000000 at 0xa000828c
[12048.249053] PUF Read:0x00000000 at 0xa0008290
[12048.249084] PUF Read:0x00000000 at 0xa0008294
[12048.249084] PUF Read:0x00000000 at 0xa0008298
[12048.249084] PUF Read:0x00000000 at 0xa000829c
[12048.249145] PUF Read:0x00000000 at 0xa00082a0
[12048.249145] PUF Read:0x00001000 at 0xa00082a4
[12048.249206] PUF Read:0x00000000 at 0xa00082a8
[12048.249237] PUF Read:0x00000000 at 0xa00082ac
[12048.249237] PUF Read:0x00000000 at 0xa00082b0
[12048.249237] PUF Read:0x00000000 at 0xa00082b4
[12048.249298] PUF Read:0x00000040 at 0xa00082b8
[12048.249298] PUF Read:0x00000000 at 0xa00082bc
[12048.249359] PUF Read:0x00000000 at 0xa00082c0
[12048.249389] PUF Read:0x00000000 at 0xa00082c4
[12048.249389] PUF Read:0x10000000 at 0xa00082c8
[12048.249389] PUF Read:0x00000000 at 0xa00082cc
[12048.249450] PUF Read:0x00100000 at 0xa00082d0
[12048.249450] PUF Read:0x00000000 at 0xa00082d4
[12048.249511] PUF Read:0x00000000 at 0xa00082d8
[12048.249542] PUF Read:0x00000000 at 0xa00082dc
[12048.249572] PUF Read:0x00000000 at 0xa00082e0
[12048.249572] PUF Read:0x00000400 at 0xa00082e4
[12048.249572] PUF Read:0x00000000 at 0xa00082e8
[12048.249633] PUF Read:0x00000001 at 0xa00082ec
[12048.249633] PUF Read:0x00000000 at 0xa00082f0
[12048.249694] PUF Read:0x00000000 at 0xa00082f4
[12048.249725] PUF Read:0x00000000 at 0xa00082f8
[12048.249725] PUF Read:0x00000000 at 0xa00082fc
[12048.249786] PUF Read:0x00000000 at 0xa0008300
[12048.249786] PUF Read:0x00000000 at 0xa0008304
[12048.249786] PUF Read:0x00000000 at 0xa0008308
[12048.249847] PUF Read:0x00000000 at 0xa000830c
[12048.249877] PUF Read:0x00000000 at 0xa0008310
[12048.249877] PUF Read:0x00000000 at 0xa0008314
[12048.249877] PUF Read:0x01000000 at 0xa0008318
[12048.249877] PUF Read:0x10000000 at 0xa000831c
[12048.249877] PUF Read:0x00000000 at 0xa0008320
[12048.249877] PUF Read:0x00000000 at 0xa0008324
[12048.250030] PUF Read:0x00000000 at 0xa0008328
[12048.250030] PUF Read:0x00000000 at 0xa000832c
[12048.250091] PUF Read:0x00000004 at 0xa0008330
[12048.250091] PUF Read:0x00000000 at 0xa0008334
[12048.250091] PUF Read:0x00000000 at 0xa0008338
[12048.250152] PUF Read:0x00000000 at 0xa000833c
[12048.250183] PUF Read:0x00000000 at 0xa0008340
[12048.250183] PUF Read:0x00000000 at 0xa0008344
[12048.250183] PUF Read:0x00000000 at 0xa0008348
[12048.250244] PUF Read:0x00000000 at 0xa000834c
[12048.250244] PUF Read:0x00000000 at 0xa0008350
[12048.250305] PUF Read:0x00000000 at 0xa0008354
[12048.250335] PUF Read:0x00000000 at 0xa0008358
[12048.250335] PUF Read:0x00000000 at 0xa000835c
[12048.250396] PUF Read:0x00010000 at 0xa0008360
[12048.250396] PUF Read:0x00000000 at 0xa0008364
[12048.250396] PUF Read:0x00000000 at 0xa0008368
[12048.250457] PUF Read:0x00000000 at 0xa000836c
[12048.250488] PUF Read:0x00000000 at 0xa0008370
[12048.250488] PUF Read:0x00000000 at 0xa0008374
[12048.250488] PUF Read:0x00000000 at 0xa0008378
[12048.250549] PUF Read:0x00000000 at 0xa000837c
[12048.250549] PUF Read:0x00000000 at 0xa0008380
[12048.250610] PUF Read:0x00000000 at 0xa0008384
[12048.250640] PUF Read:0x00000000 at 0xa0008388
[12048.250640] PUF Read:0x00000000 at 0xa000838c
[12048.250640] PUF Read:0x00000001 at 0xa0008390
[12048.250701] PUF Read:0x00000100 at 0xa0008394
[12048.250701] PUF Read:0x00000000 at 0xa0008398
[12048.250762] PUF Read:0x00000000 at 0xa000839c
[12048.250793] PUF Read:0x00000000 at 0xa00083a0
[12048.250793] PUF Read:0x00000000 at 0xa00083a4
[12048.250793] PUF Read:0x00000000 at 0xa00083a8
[12048.250854] PUF Read:0x00000000 at 0xa00083ac
[12048.250854] PUF Read:0x00000000 at 0xa00083b0
[12048.250915] PUF Read:0x00000000 at 0xa00083b4
[12048.250946] PUF Read:0x00000000 at 0xa00083b8
[12048.250946] PUF Read:0x00000000 at 0xa00083bc
[12048.250946] PUF Read:0x00000000 at 0xa00083c0
[12048.251007] PUF Read:0x04000000 at 0xa00083c4
[12048.251007] PUF Read:0x00000000 at 0xa00083c8
[12048.251007] PUF Read:0x00000000 at 0xa00083cc
[12048.251098] PUF Read:0x00000000 at 0xa00083d0
[12048.251129] PUF Read:0x00010000 at 0xa00083d4
[12048.251129] PUF Read:0x00000000 at 0xa00083d8
[12048.251129] PUF Read:0x00000000 at 0xa00083dc
[12048.251190] PUF Read:0x00100004 at 0xa00083e0
[12048.251190] PUF Read:0x10000000 at 0xa00083e4
[12048.251251] PUF Read:0x00000000 at 0xa00083e8
[12048.251281] PUF Read:0x00000000 at 0xa00083ec
[12048.251281] PUF Read:0x00000000 at 0xa00083f0
[12048.251281] PUF Read:0x00000000 at 0xa00083f4
[12048.251342] PUF Read:0x00000004 at 0xa00083f8
[12048.251342] PUF Read:0x00040000 at 0xa00083fc
[12048.251403] [i] Finished PUF read-out
[12048.251403] <6>[i] Finished PUF query for decaytime: 7680
[12048.251403] [i] Start decaytime: 120
[12048.251434] EMIF 2 REG Write 0x80000000 at 0x4d000010
[12048.251434] EMIF 2 REG Read 0x80000000 at 0x4d000010
[12048.251464] EMIF 2 REG Write 0x80000000 at 0x4d000014
[12048.251464] EMIF 2 REG Read 0x00000000 at 0x4d000014
[12048.251495] EMIF 2 REG Write 0x08016893 at 0x4d0000cc
[12048.251495] EMIF 2 REG Read 0x08016893 at 0x4d0000cc
[12048.251495] Temp polling alert disabled
[12048.251525] Refresh Disabled at EMIF2
[12048.251525] [i] Initialiting PUF & hammer rows
[12048.251525] [i] Single-Sided Rowhammer (SSRH)
[12048.253356] [i] Finished initialiting PUF & hammer rows
[12048.258300] [i]	Timer elapsed since its reset 0 sec
[12048.258300] [i] Decay: 120 sec
[12048.258300] [i]	Relative Decay: 0 msec
