[77079.018127] [i] Total hammer attempts per row: 3728906
[77079.018157] EMIF 2 REG Write 0x00000618 at 0x4d000010
[77079.018157] EMIF 2 REG Read 0x00000618 at 0x4d000010
[77079.018188] EMIF 2 REG Write 0x00000618 at 0x4d000014
[77079.018188] EMIF 2 REG Read 0x00000618 at 0x4d000014
[77079.018218] EMIF 2 REG Write 0x58016893 at 0x4d0000cc
[77079.018218] EMIF 2 REG Read 0x58016893 at 0x4d0000cc
[77079.018218] Temp polling alert enabled
[77079.018249] Refresh enabled at EMIF2
[77079.018249] [i] Starting PUF read-out
[77079.018249] [i] Single-Sided Rowhammer (SSRH)
[77079.018280] PUF Read:0xaaaa2aba at 0xa0008000
[77079.018280] PUF Read:0xaaaaaeaa at 0xa0008004
[77079.018280] PUF Read:0xaaaaaaaa at 0xa0008008
[77079.018280] PUF Read:0xa2aaaa2a at 0xa000800c
[77079.018280] PUF Read:0xaaaaaaaa at 0xa0008010
[77079.018280] PUF Read:0x8aaaabaa at 0xa0008014
[77079.018280] PUF Read:0xaaaa2aaa at 0xa0008018
[77079.018463] PUF Read:0xaaa0aaaa at 0xa000801c
[77079.018493] PUF Read:0xaaaaaaaa at 0xa0008020
[77079.018493] PUF Read:0xeaaaeaaa at 0xa0008024
[77079.018493] PUF Read:0xaaaaeaaa at 0xa0008028
[77079.018554] PUF Read:0xaaaaaaba at 0xa000802c
[77079.018554] PUF Read:0xeaaaaaa8 at 0xa0008030
[77079.018615] PUF Read:0xaeaaaaaa at 0xa0008034
[77079.018646] PUF Read:0xaaaaeaaa at 0xa0008038
[77079.018646] PUF Read:0xaaaaaaaa at 0xa000803c
[77079.018646] PUF Read:0xaaaaaaab at 0xa0008040
[77079.018646] PUF Read:0xaaaaeaaa at 0xa0008044
[77079.018646] PUF Read:0xaaaaaaaa at 0xa0008048
[77079.018646] PUF Read:0xaaaaaaa9 at 0xa000804c
[77079.018798] PUF Read:0xa2aaaaaa at 0xa0008050
[77079.018829] PUF Read:0xaaaaa8aa at 0xa0008054
[77079.018829] PUF Read:0xaaaaaa8a at 0xa0008058
[77079.018829] PUF Read:0xaaaaaaaa at 0xa000805c
[77079.018890] PUF Read:0xaaaaaaaa at 0xa0008060
[77079.018890] PUF Read:0xaaaa2aaa at 0xa0008064
[77079.018951] PUF Read:0xaaaaaaaa at 0xa0008068
[77079.018981] PUF Read:0xaaaaaaaa at 0xa000806c
[77079.018981] PUF Read:0xaaaaaaaa at 0xa0008070
[77079.018981] PUF Read:0xaaaaaaaa at 0xa0008074
[77079.018981] PUF Read:0xaaaaaaaa at 0xa0008078
[77079.018981] PUF Read:0xaaabaaaa at 0xa000807c
[77079.018981] PUF Read:0xaaabaaaa at 0xa0008080
[77079.019134] PUF Read:0xaaaaaaaa at 0xa0008084
[77079.019134] PUF Read:0xaaaaaaaa at 0xa0008088
[77079.019134] PUF Read:0xaaaaaaaa at 0xa000808c
[77079.019134] PUF Read:0xaaaa8aaa at 0xa0008090
[77079.019134] PUF Read:0xbaaaaaaa at 0xa0008094
[77079.019134] PUF Read:0x2aebaaab at 0xa0008098
[77079.019287] PUF Read:0xaaaaaaaa at 0xa000809c
[77079.019317] PUF Read:0x8aaaaa2a at 0xa00080a0
[77079.019317] PUF Read:0xaaabaaaa at 0xa00080a4
[77079.019317] PUF Read:0xaa8aaaab at 0xa00080a8
[77079.019317] PUF Read:0xaaaa8aeb at 0xa00080ac
[77079.019317] PUF Read:0xaaaaaaaa at 0xa00080b0
[77079.019317] PUF Read:0x2a2aaaaa at 0xa00080b4
[77079.019470] PUF Read:0xaaaaeaaa at 0xa00080b8
[77079.019500] PUF Read:0x8aaaaaaa at 0xa00080bc
[77079.019500] PUF Read:0xaaaaaeaa at 0xa00080c0
[77079.019500] PUF Read:0xaaaaaaaa at 0xa00080c4
[77079.019561] PUF Read:0xbaa2aaaa at 0xa00080c8
[77079.019561] PUF Read:0xabaaaaaa at 0xa00080cc
[77079.019622] PUF Read:0xeaaeeaaa at 0xa00080d0
[77079.019653] PUF Read:0xaaaa2aa8 at 0xa00080d4
[77079.019653] PUF Read:0xaaaa3aaa at 0xa00080d8
[77079.019653] PUF Read:0xaaaaaaaa at 0xa00080dc
[77079.019714] PUF Read:0xabaaaaaa at 0xa00080e0
[77079.019714] PUF Read:0xaaaaaaaa at 0xa00080e4
[77079.019775] PUF Read:0xaaaaaaaa at 0xa00080e8
[77079.019805] PUF Read:0xaaaaaaab at 0xa00080ec
[77079.019805] PUF Read:0x8aaaaaaa at 0xa00080f0
[77079.019866] PUF Read:0xaaaaaaaa at 0xa00080f4
[77079.019866] PUF Read:0xaaaaabaa at 0xa00080f8
[77079.019866] PUF Read:0xaa8aaaaa at 0xa00080fc
[77079.019927] PUF Read:0xaaaaaaaa at 0xa0008100
[77079.019958] PUF Read:0xaaaaaaaa at 0xa0008104
[77079.019958] PUF Read:0xaaa2aaaa at 0xa0008108
[77079.020019] PUF Read:0xaaaaaaaa at 0xa000810c
[77079.020019] PUF Read:0xaaaaaaaa at 0xa0008110
[77079.020019] PUF Read:0xa8ea2aaa at 0xa0008114
[77079.020080] PUF Read:0xaaaaaaaa at 0xa0008118
[77079.020111] PUF Read:0xa8aa2aaa at 0xa000811c
[77079.020111] PUF Read:0xaaaaaaaa at 0xa0008120
[77079.020111] PUF Read:0xaaaaaeaa at 0xa0008124
[77079.020111] PUF Read:0xaaaaaaea at 0xa0008128
[77079.020111] PUF Read:0xaaaaaaaa at 0xa000812c
[77079.020111] PUF Read:0xaaaaaaaa at 0xa0008130
[77079.020263] PUF Read:0xaaaaaa2a at 0xa0008134
[77079.020263] PUF Read:0xaa8baaaa at 0xa0008138
[77079.020263] PUF Read:0xaaaaaaaa at 0xa000813c
[77079.020263] PUF Read:0xeaaaaeaa at 0xa0008140
[77079.020355] PUF Read:0xaaaaaaaa at 0xa0008144
[77079.020355] PUF Read:0xaabaaeaa at 0xa0008148
[77079.020416] PUF Read:0xaaaaaaaa at 0xa000814c
[77079.020446] PUF Read:0xaaaaaaaa at 0xa0008150
[77079.020446] PUF Read:0xaaaaaaaa at 0xa0008154
[77079.020446] PUF Read:0xaaaaaaaa at 0xa0008158
[77079.020507] PUF Read:0xaabaaaea at 0xa000815c
[77079.020507] PUF Read:0xaaaabaaa at 0xa0008160
[77079.020568] PUF Read:0xaaaaaaaa at 0xa0008164
[77079.020599] PUF Read:0xaeaaaaaa at 0xa0008168
[77079.020599] PUF Read:0xaaeaaaaa at 0xa000816c
[77079.020599] PUF Read:0x2aaaaaaa at 0xa0008170
[77079.020660] PUF Read:0xaabaaaaa at 0xa0008174
[77079.020660] PUF Read:0xaaaaaaaa at 0xa0008178
[77079.020721] PUF Read:0xaaaaaaaa at 0xa000817c
[77079.020751] PUF Read:0xaaaa2a2a at 0xa0008180
[77079.020751] PUF Read:0xaaaaaaaa at 0xa0008184
[77079.020751] PUF Read:0xaa2eaaaa at 0xa0008188
[77079.020812] PUF Read:0xaaaaaaea at 0xa000818c
[77079.020812] PUF Read:0x2aaaaaaa at 0xa0008190
[77079.020812] PUF Read:0xeaaaaaaa at 0xa0008194
[77079.020904] PUF Read:0xaaaaaaaa at 0xa0008198
[77079.020904] PUF Read:0xaaaaaaaa at 0xa000819c
[77079.020904] PUF Read:0xaaaaaaaa at 0xa00081a0
[77079.020904] PUF Read:0xaaaaaaaa at 0xa00081a4
[77079.020904] PUF Read:0xaaa2aaaa at 0xa00081a8
[77079.020904] PUF Read:0xaaaaaaaa at 0xa00081ac
[77079.021057] PUF Read:0xaaebaaaa at 0xa00081b0
[77079.021057] PUF Read:0xaaaaaaaa at 0xa00081b4
[77079.021057] PUF Read:0xaaaaaaaa at 0xa00081b8
[77079.021057] PUF Read:0xa2baaaaa at 0xa00081bc
[77079.021057] PUF Read:0xaaa88aaa at 0xa00081c0
[77079.021057] PUF Read:0xaaaaaaae at 0xa00081c4
[77079.021209] PUF Read:0xaaaaaaaa at 0xa00081c8
[77079.021209] PUF Read:0xaa2baaaa at 0xa00081cc
[77079.021209] PUF Read:0xbaaaaaaa at 0xa00081d0
[77079.021209] PUF Read:0xaaaaaa2a at 0xa00081d4
[77079.021209] PUF Read:0xaaaaaaaa at 0xa00081d8
[77079.021209] PUF Read:0xaaaaaaaa at 0xa00081dc
[77079.021362] PUF Read:0xaaaaaaaa at 0xa00081e0
[77079.021362] PUF Read:0xaaaaaaea at 0xa00081e4
[77079.021362] PUF Read:0xaaaaaaaa at 0xa00081e8
[77079.021362] PUF Read:0xaa2aaaaa at 0xa00081ec
[77079.021362] PUF Read:0xaa8aaaab at 0xa00081f0
[77079.021362] PUF Read:0xaaaaaeaa at 0xa00081f4
[77079.021514] PUF Read:0xaaaaaaa2 at 0xa00081f8
[77079.021514] PUF Read:0xaaaaaaea at 0xa00081fc
[77079.021514] PUF Read:0xaaaaaaaa at 0xa0008200
[77079.021514] PUF Read:0xaaaaaaaa at 0xa0008204
[77079.021514] PUF Read:0xaaaaa2ba at 0xa0008208
[77079.021514] PUF Read:0xa8aaaaaa at 0xa000820c
[77079.021667] PUF Read:0xaaaaa2a8 at 0xa0008210
[77079.021667] PUF Read:0xaaaaaaaa at 0xa0008214
[77079.021667] PUF Read:0xaaaaaeaa at 0xa0008218
[77079.021667] PUF Read:0xaaaaaaaa at 0xa000821c
[77079.021667] PUF Read:0xaaaaaaaa at 0xa0008220
[77079.021667] PUF Read:0xaabaaaaa at 0xa0008224
[77079.021820] PUF Read:0xaaaaaaaa at 0xa0008228
[77079.021820] PUF Read:0xaaaaaaaa at 0xa000822c
[77079.021820] PUF Read:0xaaaaafaa at 0xa0008230
[77079.021820] PUF Read:0x286aaaaa at 0xa0008234
[77079.021820] PUF Read:0xaaaaaaaa at 0xa0008238
[77079.021820] PUF Read:0xaaaaaaaa at 0xa000823c
[77079.021972] PUF Read:0xaaaaaaaa at 0xa0008240
[77079.021972] PUF Read:0xaaaaaaaa at 0xa0008244
[77079.021972] PUF Read:0xaaaaaaaa at 0xa0008248
[77079.021972] PUF Read:0xaaaaaaaa at 0xa000824c
[77079.022064] PUF Read:0xaaaaaaaa at 0xa0008250
[77079.022064] PUF Read:0xaabaaaaa at 0xa0008254
[77079.022125] PUF Read:0xaaaaaaaa at 0xa0008258
[77079.022155] PUF Read:0xaeaeaaaa at 0xa000825c
[77079.022155] PUF Read:0xaaaaaaaa at 0xa0008260
[77079.022155] PUF Read:0xaaaaaaaa at 0xa0008264
[77079.022216] PUF Read:0xaaaa8caa at 0xa0008268
[77079.022216] PUF Read:0xaaaaaaaa at 0xa000826c
[77079.022277] PUF Read:0xaaaaaaaa at 0xa0008270
[77079.022308] PUF Read:0xaaaaaaaa at 0xa0008274
[77079.022308] PUF Read:0xaaaaaaea at 0xa0008278
[77079.022308] PUF Read:0xaabaaaaa at 0xa000827c
[77079.022369] PUF Read:0xeaaaaaaa at 0xa0008280
[77079.022399] PUF Read:0xa2aaaaaa at 0xa0008284
[77079.022399] PUF Read:0xaaeaaaaa at 0xa0008288
[77079.022460] PUF Read:0xaaaaaaaa at 0xa000828c
[77079.022491] PUF Read:0xaaaaaaa8 at 0xa0008290
[77079.022491] PUF Read:0xa8aaaaaa at 0xa0008294
[77079.022491] PUF Read:0xaaaaaaaa at 0xa0008298
[77079.022552] PUF Read:0xaaaaaaaa at 0xa000829c
[77079.022552] PUF Read:0xaaaaaaaa at 0xa00082a0
[77079.022613] PUF Read:0xaaaabaaa at 0xa00082a4
[77079.022644] PUF Read:0xaaaaaaaa at 0xa00082a8
[77079.022644] PUF Read:0xaaaaaaaa at 0xa00082ac
[77079.022644] PUF Read:0xaaaaaaaa at 0xa00082b0
[77079.022705] PUF Read:0xaaaaaaaa at 0xa00082b4
[77079.022705] PUF Read:0xaaa8aaea at 0xa00082b8
[77079.022766] PUF Read:0xaaaaaaaa at 0xa00082bc
[77079.022796] PUF Read:0xaaaaaaaa at 0xa00082c0
[77079.022796] PUF Read:0xaaaaaaaa at 0xa00082c4
[77079.022796] PUF Read:0xbaaaaaaa at 0xa00082c8
[77079.022857] PUF Read:0xaaaaaaaa at 0xa00082cc
[77079.022857] PUF Read:0xaabaaaaa at 0xa00082d0
[77079.022918] PUF Read:0xaaaaaaaa at 0xa00082d4
[77079.022949] PUF Read:0xaaaaaaaa at 0xa00082d8
[77079.022949] PUF Read:0xaaaaeaaa at 0xa00082dc
[77079.022949] PUF Read:0xaaaaaaaa at 0xa00082e0
[77079.023010] PUF Read:0xaaaaaeaa at 0xa00082e4
[77079.023010] PUF Read:0xaaaaabaa at 0xa00082e8
[77079.023071] PUF Read:0xaaaaaaab at 0xa00082ec
[77079.023101] PUF Read:0xaaaaaaab at 0xa00082f0
[77079.023101] PUF Read:0xaaa8aaaa at 0xa00082f4
[77079.023162] PUF Read:0xaaaaaaaa at 0xa00082f8
[77079.023162] PUF Read:0xaaaaaaaa at 0xa00082fc
[77079.023162] PUF Read:0xaaaaaaaa at 0xa0008300
[77079.023223] PUF Read:0xaaaaaaaa at 0xa0008304
[77079.023254] PUF Read:0xaaaa8aaa at 0xa0008308
[77079.023254] PUF Read:0xaaaaaaaa at 0xa000830c
[77079.023254] PUF Read:0xaaaaaa8a at 0xa0008310
[77079.023254] PUF Read:0xaaaaaaaa at 0xa0008314
[77079.023254] PUF Read:0x2bfaaaaa at 0xa0008318
[77079.023254] PUF Read:0xbaaaaaaa at 0xa000831c
[77079.023406] PUF Read:0xaaaa8aaa at 0xa0008320
[77079.023437] PUF Read:0xaaaaaaaa at 0xa0008324
[77079.023437] PUF Read:0xaaaaaaaa at 0xa0008328
[77079.023437] PUF Read:0xaaabaaa8 at 0xa000832c
[77079.023498] PUF Read:0xaaaaaaae at 0xa0008330
[77079.023498] PUF Read:0xaaaaaaaa at 0xa0008334
[77079.023559] PUF Read:0xaaaabaaa at 0xa0008338
[77079.023590] PUF Read:0xaaaaaaaa at 0xa000833c
[77079.023590] PUF Read:0xbaaaabaa at 0xa0008340
[77079.023590] PUF Read:0xaaaaaa2b at 0xa0008344
[77079.023651] PUF Read:0xaaaaaaaa at 0xa0008348
[77079.023651] PUF Read:0xaaaaabaa at 0xa000834c
[77079.023712] PUF Read:0xaaaa8a8a at 0xa0008350
[77079.023742] PUF Read:0x8aaaaaaa at 0xa0008354
[77079.023742] PUF Read:0xaaaaaaaa at 0xa0008358
[77079.023742] PUF Read:0xaaaaaaaa at 0xa000835c
[77079.023803] PUF Read:0xaaabeaaa at 0xa0008360
[77079.023803] PUF Read:0xaaaaaa2a at 0xa0008364
[77079.023864] PUF Read:0xaaaaaaaa at 0xa0008368
[77079.023895] PUF Read:0xaaaaaeaa at 0xa000836c
[77079.023895] PUF Read:0xaaaaaaaa at 0xa0008370
[77079.023895] PUF Read:0xaaaaaaaa at 0xa0008374
[77079.023895] PUF Read:0xeaaa8aaa at 0xa0008378
[77079.023986] PUF Read:0xaaaaaaaa at 0xa000837c
[77079.023986] PUF Read:0xaaaaaaa8 at 0xa0008380
[77079.024047] PUF Read:0xaaaaaaaa at 0xa0008384
[77079.024078] PUF Read:0xaaaaaaaa at 0xa0008388
[77079.024078] PUF Read:0xaaaaaaaa at 0xa000838c
[77079.024078] PUF Read:0xaaaaaaab at 0xa0008390
[77079.024139] PUF Read:0xaaaaabaa at 0xa0008394
[77079.024139] PUF Read:0xaaaaaaaa at 0xa0008398
[77079.024200] PUF Read:0xaaa2aaaa at 0xa000839c
[77079.024230] PUF Read:0xaaaaaaaa at 0xa00083a0
[77079.024230] PUF Read:0xaaaaaaaa at 0xa00083a4
[77079.024230] PUF Read:0xaaaaaaaa at 0xa00083a8
[77079.024291] PUF Read:0xaaaabaaa at 0xa00083ac
[77079.024291] PUF Read:0xaaaaaaa2 at 0xa00083b0
[77079.024353] PUF Read:0xaaaaaaaa at 0xa00083b4
[77079.024383] PUF Read:0xaaaaaaaa at 0xa00083b8
[77079.024383] PUF Read:0xaaaaaaaa at 0xa00083bc
[77079.024383] PUF Read:0xaaaaaaea at 0xa00083c0
[77079.024444] PUF Read:0xaeaaaaaa at 0xa00083c4
[77079.024444] PUF Read:0xaaaaaaaa at 0xa00083c8
[77079.024505] PUF Read:0xaaa2aaaa at 0xa00083cc
[77079.024536] PUF Read:0xaaaaaaaa at 0xa00083d0
[77079.024536] PUF Read:0xaaabaaaa at 0xa00083d4
[77079.024597] PUF Read:0xaa2aaaaa at 0xa00083d8
[77079.024597] PUF Read:0xaaaaaaaa at 0xa00083dc
[77079.024597] PUF Read:0xaabeaaaa at 0xa00083e0
[77079.024658] PUF Read:0xb22aa8aa at 0xa00083e4
[77079.024688] PUF Read:0xaaaaaa2a at 0xa00083e8
[77079.024688] PUF Read:0xaaaaaaaa at 0xa00083ec
[77079.024688] PUF Read:0xaaa8aeaa at 0xa00083f0
[77079.024688] PUF Read:0xaeaaaaaa at 0xa00083f4
[77079.024688] PUF Read:0xaaaaaaae at 0xa00083f8
[77079.024688] PUF Read:0x8aaeaaaa at 0xa00083fc
[77079.024841] [i] Finished PUF read-out
[77079.024841] <6>[i] Finished PUF query for decaytime: 15360
[77079.024841] End measurement:6
[77079.024871] [i] Start measurement: 7
[77079.024871] [i] Start decaytime: 60
[77079.024871] EMIF 2 REG Write 0x80000000 at 0x4d000010
[77079.024902] EMIF 2 REG Read 0x80000000 at 0x4d000010
[77079.024902] EMIF 2 REG Write 0x80000000 at 0x4d000014
[77079.024932] EMIF 2 REG Read 0x00000000 at 0x4d000014
[77079.024932] EMIF 2 REG Write 0x08016893 at 0x4d0000cc
[77079.024963] EMIF 2 REG Read 0x08016893 at 0x4d0000cc
[77079.024963] Temp polling alert disabled
[77079.024963] Refresh Disabled at EMIF2
[77079.024993] [i] Initialiting PUF & hammer rows
[77079.024993] [i] Single-Sided Rowhammer (SSRH)
[77079.025909] [i] Finished initialiting PUF & hammer rows
[77079.031738] [i]	Timer elapsed since its reset 0 sec
[77079.031738] [i] Decay: 60 sec
[77079.031738] [i]	Relative Decay: 0 msec
