[66440.596618] [i] Total hammer attempts per row: 3728714
[66440.596649] EMIF 2 REG Write 0x00000618 at 0x4d000010
[66440.596649] EMIF 2 REG Read 0x00000618 at 0x4d000010
[66440.596679] EMIF 2 REG Write 0x00000618 at 0x4d000014
[66440.596679] EMIF 2 REG Read 0x00000618 at 0x4d000014
[66440.596710] EMIF 2 REG Write 0x58016893 at 0x4d0000cc
[66440.596710] EMIF 2 REG Read 0x58016893 at 0x4d0000cc
[66440.596710] Temp polling alert enabled
[66440.596740] Refresh enabled at EMIF2
[66440.596740] [i] Starting PUF read-out
[66440.596740] [i] Single-Sided Rowhammer (SSRH)
[66440.596771] PUF Read:0xaaaa2aaa at 0xa0008000
[66440.596801] PUF Read:0xaaaaaaaa at 0xa0008004
[66440.596832] PUF Read:0xaaaaaaaa at 0xa0008008
[66440.596832] PUF Read:0xa2aaaa2a at 0xa000800c
[66440.596832] PUF Read:0xaaaaaaaa at 0xa0008010
[66440.596832] PUF Read:0x8aaaabaa at 0xa0008014
[66440.596832] PUF Read:0xaaaa2aaa at 0xa0008018
[66440.596832] PUF Read:0xaaa2aaaa at 0xa000801c
[66440.596984] PUF Read:0xaaaaaaaa at 0xa0008020
[66440.597015] PUF Read:0xeaaaeaaa at 0xa0008024
[66440.597015] PUF Read:0xaaaaaaaa at 0xa0008028
[66440.597015] PUF Read:0xaaaaaaba at 0xa000802c
[66440.597015] PUF Read:0xaaaaaaa8 at 0xa0008030
[66440.597015] PUF Read:0xaaaaaaaa at 0xa0008034
[66440.597015] PUF Read:0xaaaaaaaa at 0xa0008038
[66440.597167] PUF Read:0xaaaaaaaa at 0xa000803c
[66440.597167] PUF Read:0xaaaaaaab at 0xa0008040
[66440.597167] PUF Read:0xaaaaeaaa at 0xa0008044
[66440.597167] PUF Read:0xaaaaaaaa at 0xa0008048
[66440.597259] PUF Read:0xaaaaaaa8 at 0xa000804c
[66440.597290] PUF Read:0xa2aaaaaa at 0xa0008050
[66440.597290] PUF Read:0xaaaaa8aa at 0xa0008054
[66440.597351] PUF Read:0xaaaaaa8a at 0xa0008058
[66440.597381] PUF Read:0xaaaaaaaa at 0xa000805c
[66440.597381] PUF Read:0xaaaaaaaa at 0xa0008060
[66440.597381] PUF Read:0xaaaa2aaa at 0xa0008064
[66440.597381] PUF Read:0xaaaaaaaa at 0xa0008068
[66440.597381] PUF Read:0xaaaaaaaa at 0xa000806c
[66440.597381] PUF Read:0xaaaaaaaa at 0xa0008070
[66440.597534] PUF Read:0xaaaaaaaa at 0xa0008074
[66440.597534] PUF Read:0xaaaaaaaa at 0xa0008078
[66440.597534] PUF Read:0xaaabaaaa at 0xa000807c
[66440.597534] PUF Read:0xaaabaaaa at 0xa0008080
[66440.597625] PUF Read:0xaaaaaaaa at 0xa0008084
[66440.597625] PUF Read:0xaaaaaaaa at 0xa0008088
[66440.597686] PUF Read:0xaaaaaaaa at 0xa000808c
[66440.597717] PUF Read:0xaaaa8aaa at 0xa0008090
[66440.597717] PUF Read:0xaaaaaaaa at 0xa0008094
[66440.597717] PUF Read:0x2aabaaab at 0xa0008098
[66440.597778] PUF Read:0xaaaaaaaa at 0xa000809c
[66440.597778] PUF Read:0x8aaaaa2a at 0xa00080a0
[66440.597778] PUF Read:0xaaabaaaa at 0xa00080a4
[66440.597869] PUF Read:0xaa8aaaab at 0xa00080a8
[66440.597869] PUF Read:0xaaaa8aea at 0xa00080ac
[66440.597869] PUF Read:0xaaaaaaaa at 0xa00080b0
[66440.597869] PUF Read:0x2a2aaaaa at 0xa00080b4
[66440.597869] PUF Read:0xaaaaeaaa at 0xa00080b8
[66440.597869] PUF Read:0x8aaaaaaa at 0xa00080bc
[66440.598022] PUF Read:0xaaaaaaaa at 0xa00080c0
[66440.598052] PUF Read:0xaaaaaaaa at 0xa00080c4
[66440.598052] PUF Read:0xaaa2aaaa at 0xa00080c8
[66440.598052] PUF Read:0xabaaaaaa at 0xa00080cc
[66440.598114] PUF Read:0xeaaeeaaa at 0xa00080d0
[66440.598114] PUF Read:0xaaaa2aaa at 0xa00080d4
[66440.598175] PUF Read:0xaaaa3aaa at 0xa00080d8
[66440.598205] PUF Read:0xaaaaaaaa at 0xa00080dc
[66440.598205] PUF Read:0xabaaaaaa at 0xa00080e0
[66440.598205] PUF Read:0xaaaaaaaa at 0xa00080e4
[66440.598266] PUF Read:0xaaaaaaaa at 0xa00080e8
[66440.598266] PUF Read:0xaaaaaaab at 0xa00080ec
[66440.598327] PUF Read:0x8aaaaaaa at 0xa00080f0
[66440.598358] PUF Read:0xaaaaaaaa at 0xa00080f4
[66440.598358] PUF Read:0xaaaaabaa at 0xa00080f8
[66440.598419] PUF Read:0xaa8aaaaa at 0xa00080fc
[66440.598419] PUF Read:0xaaaaaaaa at 0xa0008100
[66440.598419] PUF Read:0xaaaaaaaa at 0xa0008104
[66440.598419] PUF Read:0xaaa2aaaa at 0xa0008108
[66440.598510] PUF Read:0xaaaaaaaa at 0xa000810c
[66440.598510] PUF Read:0xaaaaaaaa at 0xa0008110
[66440.598510] PUF Read:0xaaea2aaa at 0xa0008114
[66440.598510] PUF Read:0xaaaaaaaa at 0xa0008118
[66440.598602] PUF Read:0xa8aaaaaa at 0xa000811c
[66440.598602] PUF Read:0xaaaaaaaa at 0xa0008120
[66440.598663] PUF Read:0xaaaaaeaa at 0xa0008124
[66440.598693] PUF Read:0xaaaaaaaa at 0xa0008128
[66440.598693] PUF Read:0xaaaaaaaa at 0xa000812c
[66440.598693] PUF Read:0xaaaaaaaa at 0xa0008130
[66440.598754] PUF Read:0xaaaaaa2a at 0xa0008134
[66440.598754] PUF Read:0xaa8baaaa at 0xa0008138
[66440.598754] PUF Read:0xaaaaaaaa at 0xa000813c
[66440.598846] PUF Read:0xaaaaaeaa at 0xa0008140
[66440.598876] PUF Read:0xaaaaaaaa at 0xa0008144
[66440.598876] PUF Read:0xaabaaeaa at 0xa0008148
[66440.598937] PUF Read:0xaaaaaaaa at 0xa000814c
[66440.598937] PUF Read:0xaaaaaaaa at 0xa0008150
[66440.598937] PUF Read:0xaaaaaaaa at 0xa0008154
[66440.598937] PUF Read:0xaaaaaaaa at 0xa0008158
[66440.599029] PUF Read:0xaaaaaaea at 0xa000815c
[66440.599029] PUF Read:0xaaaaaaaa at 0xa0008160
[66440.599029] PUF Read:0xaaaaaaaa at 0xa0008164
[66440.599029] PUF Read:0xaeaaaaaa at 0xa0008168
[66440.599029] PUF Read:0xaaeaaaaa at 0xa000816c
[66440.599029] PUF Read:0x2aaaaaaa at 0xa0008170
[66440.599182] PUF Read:0xaabaaaaa at 0xa0008174
[66440.599212] PUF Read:0xaaaaaaaa at 0xa0008178
[66440.599212] PUF Read:0xaaaaaaaa at 0xa000817c
[66440.599212] PUF Read:0xaaaa2a2a at 0xa0008180
[66440.599273] PUF Read:0xaaaaaaaa at 0xa0008184
[66440.599273] PUF Read:0xaa2aaaaa at 0xa0008188
[66440.599334] PUF Read:0xaaaaaaea at 0xa000818c
[66440.599365] PUF Read:0x2aaaaaaa at 0xa0008190
[66440.599365] PUF Read:0xeaaaaaaa at 0xa0008194
[66440.599426] PUF Read:0xaaaaaaaa at 0xa0008198
[66440.599426] PUF Read:0xaaaaaaaa at 0xa000819c
[66440.599426] PUF Read:0xaaaaaaaa at 0xa00081a0
[66440.599426] PUF Read:0xaaaaaaaa at 0xa00081a4
[66440.599517] PUF Read:0xaaa2aaaa at 0xa00081a8
[66440.599517] PUF Read:0xaaaaaaaa at 0xa00081ac
[66440.599517] PUF Read:0xaaebaaaa at 0xa00081b0
[66440.599517] PUF Read:0xaaaaaaaa at 0xa00081b4
[66440.599609] PUF Read:0xaaaaaaaa at 0xa00081b8
[66440.599609] PUF Read:0xa2baaaaa at 0xa00081bc
[66440.599670] PUF Read:0xaaa88aaa at 0xa00081c0
[66440.599700] PUF Read:0xaaaaaaae at 0xa00081c4
[66440.599700] PUF Read:0xaaaaaaaa at 0xa00081c8
[66440.599700] PUF Read:0xaa2baaaa at 0xa00081cc
[66440.599700] PUF Read:0xbaaaaaaa at 0xa00081d0
[66440.599700] PUF Read:0xaaaaaa2a at 0xa00081d4
[66440.599700] PUF Read:0xaaaaaaaa at 0xa00081d8
[66440.599853] PUF Read:0xaaaaaaaa at 0xa00081dc
[66440.599853] PUF Read:0xaaaaaaaa at 0xa00081e0
[66440.599853] PUF Read:0xaaaaaaea at 0xa00081e4
[66440.599853] PUF Read:0xaaaaaaaa at 0xa00081e8
[66440.599945] PUF Read:0xaa2aaaaa at 0xa00081ec
[66440.599945] PUF Read:0xaaaaaaab at 0xa00081f0
[66440.600006] PUF Read:0xaaaaaeaa at 0xa00081f4
[66440.600036] PUF Read:0xaaaaaaa2 at 0xa00081f8
[66440.600036] PUF Read:0xaaaaaaaa at 0xa00081fc
[66440.600097] PUF Read:0xaaaaaaaa at 0xa0008200
[66440.600097] PUF Read:0xaaaaaaaa at 0xa0008204
[66440.600097] PUF Read:0xaaaaaaba at 0xa0008208
[66440.600097] PUF Read:0xa8aaaaaa at 0xa000820c
[66440.600189] PUF Read:0xaaaaa2a8 at 0xa0008210
[66440.600189] PUF Read:0xaaaaaaaa at 0xa0008214
[66440.600189] PUF Read:0xaaaaaeaa at 0xa0008218
[66440.600189] PUF Read:0xaaaaaaaa at 0xa000821c
[66440.600280] PUF Read:0xaaaaaaaa at 0xa0008220
[66440.600280] PUF Read:0xaabaaaaa at 0xa0008224
[66440.600341] PUF Read:0xaaaaaaaa at 0xa0008228
[66440.600372] PUF Read:0xaaaaaaaa at 0xa000822c
[66440.600402] PUF Read:0xaaaaaeaa at 0xa0008230
[66440.600402] PUF Read:0x286aaaaa at 0xa0008234
[66440.600402] PUF Read:0xaaaaaaaa at 0xa0008238
[66440.600463] PUF Read:0xaaaaaaaa at 0xa000823c
[66440.600463] PUF Read:0xaaaaaaaa at 0xa0008240
[66440.600524] PUF Read:0xaaaaaaaa at 0xa0008244
[66440.600555] PUF Read:0xaaaaaaaa at 0xa0008248
[66440.600555] PUF Read:0xaaaaaaaa at 0xa000824c
[66440.600555] PUF Read:0xaaaaaaaa at 0xa0008250
[66440.600555] PUF Read:0xaabaaaaa at 0xa0008254
[66440.600555] PUF Read:0xaaaaaaaa at 0xa0008258
[66440.600555] PUF Read:0xaaaeaaaa at 0xa000825c
[66440.600708] PUF Read:0xaaaaaaaa at 0xa0008260
[66440.600738] PUF Read:0xaaaaaaaa at 0xa0008264
[66440.600738] PUF Read:0xaaaa8caa at 0xa0008268
[66440.600738] PUF Read:0xaaaaaaaa at 0xa000826c
[66440.600799] PUF Read:0xaaaaaaaa at 0xa0008270
[66440.600799] PUF Read:0xaaaaaaaa at 0xa0008274
[66440.600860] PUF Read:0xaaaaaaea at 0xa0008278
[66440.600891] PUF Read:0xaaaaaaaa at 0xa000827c
[66440.600891] PUF Read:0xeaaaaaaa at 0xa0008280
[66440.600891] PUF Read:0xa2aaaaaa at 0xa0008284
[66440.600952] PUF Read:0xaaeaaaaa at 0xa0008288
[66440.600952] PUF Read:0xaaaaaaaa at 0xa000828c
[66440.601013] PUF Read:0xaaaaaaa8 at 0xa0008290
[66440.601043] PUF Read:0xa8aaaaaa at 0xa0008294
[66440.601043] PUF Read:0xaaaaaaaa at 0xa0008298
[66440.601104] PUF Read:0xaaaaaaaa at 0xa000829c
[66440.601104] PUF Read:0xaaaaaaaa at 0xa00082a0
[66440.601104] PUF Read:0xaaaabaaa at 0xa00082a4
[66440.601104] PUF Read:0xaaaaaaaa at 0xa00082a8
[66440.601196] PUF Read:0xaaaaaaaa at 0xa00082ac
[66440.601196] PUF Read:0xaaaaaaaa at 0xa00082b0
[66440.601196] PUF Read:0xaaaaaaaa at 0xa00082b4
[66440.601196] PUF Read:0xaaa8aaea at 0xa00082b8
[66440.601287] PUF Read:0xaaaaaaaa at 0xa00082bc
[66440.601287] PUF Read:0xaaaaaaaa at 0xa00082c0
[66440.601348] PUF Read:0xaaaaaaaa at 0xa00082c4
[66440.601379] PUF Read:0xbaaaaaaa at 0xa00082c8
[66440.601379] PUF Read:0xaaaaaaaa at 0xa00082cc
[66440.601379] PUF Read:0xaabaaaaa at 0xa00082d0
[66440.601440] PUF Read:0xaaaaaaaa at 0xa00082d4
[66440.601440] PUF Read:0xaaaaaaaa at 0xa00082d8
[66440.601501] PUF Read:0xaaaaeaaa at 0xa00082dc
[66440.601531] PUF Read:0xaaaaaaaa at 0xa00082e0
[66440.601531] PUF Read:0xaaaaaeaa at 0xa00082e4
[66440.601531] PUF Read:0xaaaaaaaa at 0xa00082e8
[66440.601531] PUF Read:0xaaaaaaab at 0xa00082ec
[66440.601531] PUF Read:0xaaaaaaaa at 0xa00082f0
[66440.601531] PUF Read:0xaaaaaaaa at 0xa00082f4
[66440.601684] PUF Read:0xaaaaaaaa at 0xa00082f8
[66440.601715] PUF Read:0xaaaaaaaa at 0xa00082fc
[66440.601715] PUF Read:0xaaaaaaaa at 0xa0008300
[66440.601715] PUF Read:0xaaaaaaaa at 0xa0008304
[66440.601776] PUF Read:0xaaaa8aaa at 0xa0008308
[66440.601776] PUF Read:0xaaaaaaaa at 0xa000830c
[66440.601837] PUF Read:0xaaaaaa8a at 0xa0008310
[66440.601867] PUF Read:0xaaaaaaaa at 0xa0008314
[66440.601867] PUF Read:0x2baaaaaa at 0xa0008318
[66440.601867] PUF Read:0xbaaaaaaa at 0xa000831c
[66440.601867] PUF Read:0xaaaaaaaa at 0xa0008320
[66440.601959] PUF Read:0xaaaaaaaa at 0xa0008324
[66440.601959] PUF Read:0xaaaaaaaa at 0xa0008328
[66440.602020] PUF Read:0xaaabaaaa at 0xa000832c
[66440.602050] PUF Read:0xaaaaaaae at 0xa0008330
[66440.602050] PUF Read:0xaaaaaaaa at 0xa0008334
[66440.602050] PUF Read:0xaaaabaaa at 0xa0008338
[66440.602050] PUF Read:0xaaaaaaaa at 0xa000833c
[66440.602050] PUF Read:0xbaaaaaaa at 0xa0008340
[66440.602050] PUF Read:0xaaaaaa2b at 0xa0008344
[66440.602203] PUF Read:0xaaaaaaaa at 0xa0008348
[66440.602203] PUF Read:0xaaaaabaa at 0xa000834c
[66440.602203] PUF Read:0xaaaa8a8a at 0xa0008350
[66440.602203] PUF Read:0x8aaaaaaa at 0xa0008354
[66440.602203] PUF Read:0xaaaaaaaa at 0xa0008358
[66440.602203] PUF Read:0xaaaaaaaa at 0xa000835c
[66440.602355] PUF Read:0xaaabaaaa at 0xa0008360
[66440.602386] PUF Read:0xaaaaaa2a at 0xa0008364
[66440.602386] PUF Read:0xaaaaaaaa at 0xa0008368
[66440.602386] PUF Read:0xaaaaaeaa at 0xa000836c
[66440.602447] PUF Read:0xaaaaaaaa at 0xa0008370
[66440.602447] PUF Read:0xaaaaaaaa at 0xa0008374
[66440.602508] PUF Read:0xaaaa8aaa at 0xa0008378
[66440.602539] PUF Read:0xaaaaaaaa at 0xa000837c
[66440.602539] PUF Read:0xaaaaaaaa at 0xa0008380
[66440.602539] PUF Read:0xaaaaaaaa at 0xa0008384
[66440.602539] PUF Read:0xaaaaaaaa at 0xa0008388
[66440.602539] PUF Read:0xaaaaaaaa at 0xa000838c
[66440.602539] PUF Read:0xaaaaaaab at 0xa0008390
[66440.602691] PUF Read:0xaaaaabaa at 0xa0008394
[66440.602691] PUF Read:0xaaaaaaaa at 0xa0008398
[66440.602691] PUF Read:0xaaa2aaaa at 0xa000839c
[66440.602691] PUF Read:0xaaaaaaaa at 0xa00083a0
[66440.602783] PUF Read:0xaaaaaaaa at 0xa00083a4
[66440.602783] PUF Read:0xaaaaaaaa at 0xa00083a8
[66440.602844] PUF Read:0xaaaabaaa at 0xa00083ac
[66440.602874] PUF Read:0xaaaaaaa2 at 0xa00083b0
[66440.602874] PUF Read:0xaaaaaaaa at 0xa00083b4
[66440.602874] PUF Read:0xaaaaaaaa at 0xa00083b8
[66440.602935] PUF Read:0xaaaaaaaa at 0xa00083bc
[66440.602935] PUF Read:0xaaaaaaaa at 0xa00083c0
[66440.602996] PUF Read:0xaeaaaaaa at 0xa00083c4
[66440.603027] PUF Read:0xaaaaaaaa at 0xa00083c8
[66440.603027] PUF Read:0xaaa2aaaa at 0xa00083cc
[66440.603027] PUF Read:0xaaaaaaaa at 0xa00083d0
[66440.603027] PUF Read:0xaaabaaaa at 0xa00083d4
[66440.603027] PUF Read:0xaa2aaaaa at 0xa00083d8
[66440.603027] PUF Read:0xaaaaaaaa at 0xa00083dc
[66440.603179] PUF Read:0xaabeaaaa at 0xa00083e0
[66440.603210] PUF Read:0xba2aa8aa at 0xa00083e4
[66440.603210] PUF Read:0xaaaaaa2a at 0xa00083e8
[66440.603210] PUF Read:0xaaaaaaaa at 0xa00083ec
[66440.603271] PUF Read:0xaaaaaeaa at 0xa00083f0
[66440.603271] PUF Read:0xaaaaaaaa at 0xa00083f4
[66440.603332] PUF Read:0xaaaaaaae at 0xa00083f8
[66440.603363] PUF Read:0x8aaeaaaa at 0xa00083fc
[66440.603363] [i] Finished PUF read-out
[66440.603393] <6>[i] Finished PUF query for decaytime: 15360
[66440.603393] End measurement:7
[66440.603393] [i] Start measurement: 8
[66440.603424] [i] Start decaytime: 60
[66440.603424] EMIF 2 REG Write 0x80000000 at 0x4d000010
[66440.603454] EMIF 2 REG Read 0x80000000 at 0x4d000010
[66440.603454] EMIF 2 REG Write 0x80000000 at 0x4d000014
[66440.603454] EMIF 2 REG Read 0x00000000 at 0x4d000014
[66440.603485] EMIF 2 REG Write 0x08016893 at 0x4d0000cc
[66440.603485] EMIF 2 REG Read 0x08016893 at 0x4d0000cc
[66440.603515] Temp polling alert disabled
[66440.603515] Refresh Disabled at EMIF2
[66440.603515] [i] Initialiting PUF & hammer rows
[66440.603546] [i] Single-Sided Rowhammer (SSRH)
[66440.610290] [i] Finished initialiting PUF & hammer rows
[66440.610290] [i]	Timer elapsed since its reset 0 sec
[66440.610290] [i] Decay: 60 sec
[66440.610321] [i]	Relative Decay: 0 msec
