[55502.174377] [i] Total hammer attempts per row: 1864466
[55502.174377] EMIF 2 REG Write 0x00000618 at 0x4d000010
[55502.174377] EMIF 2 REG Read 0x00000618 at 0x4d000010
[55502.174438] EMIF 2 REG Write 0x00000618 at 0x4d000014
[55502.174438] EMIF 2 REG Read 0x00000618 at 0x4d000014
[55502.174468] EMIF 2 REG Write 0x58016893 at 0x4d0000cc
[55502.174468] EMIF 2 REG Read 0x58016893 at 0x4d0000cc
[55502.174468] Temp polling alert enabled
[55502.174468] Refresh enabled at EMIF2
[55502.174499] [i] Starting PUF read-out
[55502.174499] [i] Single-Sided Rowhammer (SSRH)
[55502.174530] PUF Read:0xaaaaaaaa at 0xa0008000
[55502.174530] PUF Read:0xaaaaaaaa at 0xa0008004
[55502.174530] PUF Read:0xaaaaaaaa at 0xa0008008
[55502.174530] PUF Read:0xaaaaaaaa at 0xa000800c
[55502.174621] PUF Read:0xaaaaaaaa at 0xa0008010
[55502.174621] PUF Read:0xaaaaabaa at 0xa0008014
[55502.174621] PUF Read:0xaaaaaaaa at 0xa0008018
[55502.174621] PUF Read:0xaaaaaaaa at 0xa000801c
[55502.174743] PUF Read:0xaaaaaaaa at 0xa0008020
[55502.174774] PUF Read:0xaaaaaaaa at 0xa0008024
[55502.174774] PUF Read:0xaaaaaaaa at 0xa0008028
[55502.174774] PUF Read:0xaaaaaaaa at 0xa000802c
[55502.174835] PUF Read:0xaaaaaaaa at 0xa0008030
[55502.174835] PUF Read:0xaaaaaaaa at 0xa0008034
[55502.174835] PUF Read:0xaaaaaaaa at 0xa0008038
[55502.174926] PUF Read:0xaaaaaaaa at 0xa000803c
[55502.174926] PUF Read:0xaaaaaaab at 0xa0008040
[55502.174926] PUF Read:0xaaaaeaaa at 0xa0008044
[55502.174926] PUF Read:0xaaaaaaaa at 0xa0008048
[55502.174926] PUF Read:0xaaaaaaaa at 0xa000804c
[55502.174926] PUF Read:0xaaaaaaaa at 0xa0008050
[55502.175079] PUF Read:0xaaaaaaaa at 0xa0008054
[55502.175109] PUF Read:0xaaaaaaaa at 0xa0008058
[55502.175109] PUF Read:0xaaaaaaaa at 0xa000805c
[55502.175109] PUF Read:0xaaaaaaaa at 0xa0008060
[55502.175170] PUF Read:0xaaaaaaaa at 0xa0008064
[55502.175170] PUF Read:0xaaaaaaaa at 0xa0008068
[55502.175170] PUF Read:0xaaaaaaaa at 0xa000806c
[55502.175262] PUF Read:0xaaaaaaaa at 0xa0008070
[55502.175262] PUF Read:0xaaaaaaaa at 0xa0008074
[55502.175262] PUF Read:0xaaaaaaaa at 0xa0008078
[55502.175262] PUF Read:0xaaaaaaaa at 0xa000807c
[55502.175354] PUF Read:0xaaaaaaaa at 0xa0008080
[55502.175354] PUF Read:0xaaaaaaaa at 0xa0008084
[55502.175415] PUF Read:0xaaaaaaaa at 0xa0008088
[55502.175445] PUF Read:0xaaaaaaaa at 0xa000808c
[55502.175445] PUF Read:0xaaaa8aaa at 0xa0008090
[55502.175445] PUF Read:0xaaaaaaaa at 0xa0008094
[55502.175506] PUF Read:0x2aabaaaa at 0xa0008098
[55502.175506] PUF Read:0xaaaaaaaa at 0xa000809c
[55502.175567] PUF Read:0xaaaaaaaa at 0xa00080a0
[55502.175598] PUF Read:0xaaaaaaaa at 0xa00080a4
[55502.175598] PUF Read:0xaaaaaaaa at 0xa00080a8
[55502.175659] PUF Read:0xaaaaaaaa at 0xa00080ac
[55502.175659] PUF Read:0xaaaaaaaa at 0xa00080b0
[55502.175659] PUF Read:0xaa2aaaaa at 0xa00080b4
[55502.175659] PUF Read:0xaaaaaaaa at 0xa00080b8
[55502.175750] PUF Read:0x8aaaaaaa at 0xa00080bc
[55502.175750] PUF Read:0xaaaaaaaa at 0xa00080c0
[55502.175750] PUF Read:0xaaaaaaaa at 0xa00080c4
[55502.175750] PUF Read:0xaaa2aaaa at 0xa00080c8
[55502.175842] PUF Read:0xaaaaaaaa at 0xa00080cc
[55502.175842] PUF Read:0xaaaaaaaa at 0xa00080d0
[55502.175903] PUF Read:0xaaaaaaaa at 0xa00080d4
[55502.175933] PUF Read:0xaaaaaaaa at 0xa00080d8
[55502.175933] PUF Read:0xaaaaaaaa at 0xa00080dc
[55502.175933] PUF Read:0xaaaaaaaa at 0xa00080e0
[55502.175933] PUF Read:0xaaaaaaaa at 0xa00080e4
[55502.175933] PUF Read:0xaaaaaaaa at 0xa00080e8
[55502.176055] PUF Read:0xaaaaaaab at 0xa00080ec
[55502.176086] PUF Read:0x8aaaaaaa at 0xa00080f0
[55502.176086] PUF Read:0xaaaaaaaa at 0xa00080f4
[55502.176086] PUF Read:0xaaaaaaaa at 0xa00080f8
[55502.176147] PUF Read:0xaaaaaaaa at 0xa00080fc
[55502.176147] PUF Read:0xaaaaaaaa at 0xa0008100
[55502.176147] PUF Read:0xaaaaaaaa at 0xa0008104
[55502.176239] PUF Read:0xaaaaaaaa at 0xa0008108
[55502.176269] PUF Read:0xaaaaaaaa at 0xa000810c
[55502.176269] PUF Read:0xaaaaaaaa at 0xa0008110
[55502.176269] PUF Read:0xaaaaaaaa at 0xa0008114
[55502.176330] PUF Read:0xaaaaaaaa at 0xa0008118
[55502.176330] PUF Read:0xaaaaaaaa at 0xa000811c
[55502.176391] PUF Read:0xaaaaaaaa at 0xa0008120
[55502.176422] PUF Read:0xaaaaaaaa at 0xa0008124
[55502.176422] PUF Read:0xaaaaaaaa at 0xa0008128
[55502.176483] PUF Read:0xaaaaaaaa at 0xa000812c
[55502.176483] PUF Read:0xaaaaaaaa at 0xa0008130
[55502.176483] PUF Read:0xaaaaaaaa at 0xa0008134
[55502.176483] PUF Read:0xaa8aaaaa at 0xa0008138
[55502.176574] PUF Read:0xaaaaaaaa at 0xa000813c
[55502.176574] PUF Read:0xaaaaaaaa at 0xa0008140
[55502.176574] PUF Read:0xaaaaaaaa at 0xa0008144
[55502.176574] PUF Read:0xaabaaeaa at 0xa0008148
[55502.176666] PUF Read:0xaaaaaaaa at 0xa000814c
[55502.176666] PUF Read:0xaaaaaaaa at 0xa0008150
[55502.176727] PUF Read:0xaaaaaaaa at 0xa0008154
[55502.176757] PUF Read:0xaaaaaaaa at 0xa0008158
[55502.176757] PUF Read:0xaaaaaaea at 0xa000815c
[55502.176757] PUF Read:0xaaaaaaaa at 0xa0008160
[55502.176818] PUF Read:0xaaaaaaaa at 0xa0008164
[55502.176818] PUF Read:0xaaaaaaaa at 0xa0008168
[55502.176879] PUF Read:0xaaaaaaaa at 0xa000816c
[55502.176910] PUF Read:0xaaaaaaaa at 0xa0008170
[55502.176910] PUF Read:0xaaaaaaaa at 0xa0008174
[55502.176910] PUF Read:0xaaaaaaaa at 0xa0008178
[55502.176910] PUF Read:0xaaaaaaaa at 0xa000817c
[55502.176910] PUF Read:0xaaaaaa2a at 0xa0008180
[55502.176910] PUF Read:0xaaaaaaaa at 0xa0008184
[55502.177062] PUF Read:0xaaaaaaaa at 0xa0008188
[55502.177062] PUF Read:0xaaaaaaaa at 0xa000818c
[55502.177062] PUF Read:0xaaaaaaaa at 0xa0008190
[55502.177062] PUF Read:0xaaaaaaaa at 0xa0008194
[55502.177062] PUF Read:0xaaaaaaaa at 0xa0008198
[55502.177062] PUF Read:0xaaaaaaaa at 0xa000819c
[55502.177215] PUF Read:0xaaaaaaaa at 0xa00081a0
[55502.177215] PUF Read:0xaaaaaaaa at 0xa00081a4
[55502.177215] PUF Read:0xaaaaaaaa at 0xa00081a8
[55502.177215] PUF Read:0xaaaaaaaa at 0xa00081ac
[55502.177215] PUF Read:0xaaeaaaaa at 0xa00081b0
[55502.177215] PUF Read:0xaaaaaaaa at 0xa00081b4
[55502.177368] PUF Read:0xaaaaaaaa at 0xa00081b8
[55502.177398] PUF Read:0xaaaaaaaa at 0xa00081bc
[55502.177398] PUF Read:0xaaaaaaaa at 0xa00081c0
[55502.177398] PUF Read:0xaaaaaaae at 0xa00081c4
[55502.177459] PUF Read:0xaaaaaaaa at 0xa00081c8
[55502.177459] PUF Read:0xaaaaaaaa at 0xa00081cc
[55502.177520] PUF Read:0xbaaaaaaa at 0xa00081d0
[55502.177551] PUF Read:0xaaaaaaaa at 0xa00081d4
[55502.177551] PUF Read:0xaaaaaaaa at 0xa00081d8
[55502.177551] PUF Read:0xaaaaaaaa at 0xa00081dc
[55502.177612] PUF Read:0xaaaaaaaa at 0xa00081e0
[55502.177612] PUF Read:0xaaaaaaaa at 0xa00081e4
[55502.177673] PUF Read:0xaaaaaaaa at 0xa00081e8
[55502.177703] PUF Read:0xaa2aaaaa at 0xa00081ec
[55502.177703] PUF Read:0xaaaaaaaa at 0xa00081f0
[55502.177703] PUF Read:0xaaaaaaaa at 0xa00081f4
[55502.177703] PUF Read:0xaaaaaaa2 at 0xa00081f8
[55502.177795] PUF Read:0xaaaaaaaa at 0xa00081fc
[55502.177795] PUF Read:0xaaaaaaaa at 0xa0008200
[55502.177856] PUF Read:0xaaaaaaaa at 0xa0008204
[55502.177886] PUF Read:0xaaaaaaaa at 0xa0008208
[55502.177886] PUF Read:0xa8aaaaaa at 0xa000820c
[55502.177886] PUF Read:0xaaaaaaaa at 0xa0008210
[55502.177886] PUF Read:0xaaaaaaaa at 0xa0008214
[55502.177886] PUF Read:0xaaaaaaaa at 0xa0008218
[55502.177886] PUF Read:0xaaaaaaaa at 0xa000821c
[55502.178039] PUF Read:0xaaaaaaaa at 0xa0008220
[55502.178039] PUF Read:0xaaaaaaaa at 0xa0008224
[55502.178039] PUF Read:0xaaaaaaaa at 0xa0008228
[55502.178039] PUF Read:0xaaaaaaaa at 0xa000822c
[55502.178131] PUF Read:0xaaaaaaaa at 0xa0008230
[55502.178131] PUF Read:0xaaaaaaaa at 0xa0008234
[55502.178192] PUF Read:0xaaaaaaaa at 0xa0008238
[55502.178222] PUF Read:0xaaaaaaaa at 0xa000823c
[55502.178222] PUF Read:0xaaaaaaaa at 0xa0008240
[55502.178222] PUF Read:0xaaaaaaaa at 0xa0008244
[55502.178283] PUF Read:0xaaaaaaaa at 0xa0008248
[55502.178283] PUF Read:0xaaaaaaaa at 0xa000824c
[55502.178344] PUF Read:0xaaaaaaaa at 0xa0008250
[55502.178375] PUF Read:0xaaaaaaaa at 0xa0008254
[55502.178375] PUF Read:0xaaaaaaaa at 0xa0008258
[55502.178436] PUF Read:0xaaaaaaaa at 0xa000825c
[55502.178436] PUF Read:0xaaaaaaaa at 0xa0008260
[55502.178436] PUF Read:0xaaaaaaaa at 0xa0008264
[55502.178436] PUF Read:0xaaaaaaaa at 0xa0008268
[55502.178527] PUF Read:0xaaaaaaaa at 0xa000826c
[55502.178527] PUF Read:0xaaaaaaaa at 0xa0008270
[55502.178527] PUF Read:0xaaaaaaaa at 0xa0008274
[55502.178527] PUF Read:0xaaaaaaaa at 0xa0008278
[55502.178527] PUF Read:0xaaaaaaaa at 0xa000827c
[55502.178527] PUF Read:0xaaaaaaaa at 0xa0008280
[55502.178680] PUF Read:0xaaaaaaaa at 0xa0008284
[55502.178680] PUF Read:0xaaaaaaaa at 0xa0008288
[55502.178680] PUF Read:0xaaaaaaaa at 0xa000828c
[55502.178680] PUF Read:0xaaaaaaaa at 0xa0008290
[55502.178771] PUF Read:0xaaaaaaaa at 0xa0008294
[55502.178771] PUF Read:0xaaaaaaaa at 0xa0008298
[55502.178833] PUF Read:0xaaaaaaaa at 0xa000829c
[55502.178863] PUF Read:0xaaaaaaaa at 0xa00082a0
[55502.178863] PUF Read:0xaaaaaaaa at 0xa00082a4
[55502.178863] PUF Read:0xaaaaaaaa at 0xa00082a8
[55502.178924] PUF Read:0xaaaaaaaa at 0xa00082ac
[55502.178924] PUF Read:0xaaaaaaaa at 0xa00082b0
[55502.178985] PUF Read:0xaaaaaaaa at 0xa00082b4
[55502.179016] PUF Read:0xaaaaaaea at 0xa00082b8
[55502.179016] PUF Read:0xaaaaaaaa at 0xa00082bc
[55502.179016] PUF Read:0xaaaaaaaa at 0xa00082c0
[55502.179016] PUF Read:0xaaaaaaaa at 0xa00082c4
[55502.179016] PUF Read:0xaaaaaaaa at 0xa00082c8
[55502.179016] PUF Read:0xaaaaaaaa at 0xa00082cc
[55502.179168] PUF Read:0xaaaaaaaa at 0xa00082d0
[55502.179168] PUF Read:0xaaaaaaaa at 0xa00082d4
[55502.179168] PUF Read:0xaaaaaaaa at 0xa00082d8
[55502.179168] PUF Read:0xaaaaaaaa at 0xa00082dc
[55502.179260] PUF Read:0xaaaaaaaa at 0xa00082e0
[55502.179260] PUF Read:0xaaaaaeaa at 0xa00082e4
[55502.179260] PUF Read:0xaaaaaaaa at 0xa00082e8
[55502.179351] PUF Read:0xaaaaaaaa at 0xa00082ec
[55502.179351] PUF Read:0xaaaaaaaa at 0xa00082f0
[55502.179351] PUF Read:0xaaaaaaaa at 0xa00082f4
[55502.179351] PUF Read:0xaaaaaaaa at 0xa00082f8
[55502.179443] PUF Read:0xaaaaaaaa at 0xa00082fc
[55502.179443] PUF Read:0xaaaaaaaa at 0xa0008300
[55502.179504] PUF Read:0xaaaaaaaa at 0xa0008304
[55502.179534] PUF Read:0xaaaaaaaa at 0xa0008308
[55502.179534] PUF Read:0xaaaaaaaa at 0xa000830c
[55502.179534] PUF Read:0xaaaaaaaa at 0xa0008310
[55502.179595] PUF Read:0xaaaaaaaa at 0xa0008314
[55502.179595] PUF Read:0xaaaaaaaa at 0xa0008318
[55502.179656] PUF Read:0xbaaaaaaa at 0xa000831c
[55502.179687] PUF Read:0xaaaaaaaa at 0xa0008320
[55502.179687] PUF Read:0xaaaaaaaa at 0xa0008324
[55502.179687] PUF Read:0xaaaaaaaa at 0xa0008328
[55502.179748] PUF Read:0xaaaaaaaa at 0xa000832c
[55502.179748] PUF Read:0xaaaaaaae at 0xa0008330
[55502.179809] PUF Read:0xaaaaaaaa at 0xa0008334
[55502.179840] PUF Read:0xaaaaaaaa at 0xa0008338
[55502.179840] PUF Read:0xaaaaaaaa at 0xa000833c
[55502.179840] PUF Read:0xaaaaaaaa at 0xa0008340
[55502.179840] PUF Read:0xaaaaaaaa at 0xa0008344
[55502.179840] PUF Read:0xaaaaaaaa at 0xa0008348
[55502.179840] PUF Read:0xaaaaaaaa at 0xa000834c
[55502.179992] PUF Read:0xaaaaaaaa at 0xa0008350
[55502.179992] PUF Read:0xaaaaaaaa at 0xa0008354
[55502.179992] PUF Read:0xaaaaaaaa at 0xa0008358
[55502.179992] PUF Read:0xaaaaaaaa at 0xa000835c
[55502.179992] PUF Read:0xaaabaaaa at 0xa0008360
[55502.179992] PUF Read:0xaaaaaaaa at 0xa0008364
[55502.180145] PUF Read:0xaaaaaaaa at 0xa0008368
[55502.180145] PUF Read:0xaaaaaaaa at 0xa000836c
[55502.180145] PUF Read:0xaaaaaaaa at 0xa0008370
[55502.180145] PUF Read:0xaaaaaaaa at 0xa0008374
[55502.180145] PUF Read:0xaaaaaaaa at 0xa0008378
[55502.180145] PUF Read:0xaaaaaaaa at 0xa000837c
[55502.180297] PUF Read:0xaaaaaaaa at 0xa0008380
[55502.180328] PUF Read:0xaaaaaaaa at 0xa0008384
[55502.180328] PUF Read:0xaaaaaaaa at 0xa0008388
[55502.180328] PUF Read:0xaaaaaaaa at 0xa000838c
[55502.180389] PUF Read:0xaaaaaaaa at 0xa0008390
[55502.180389] PUF Read:0xaaaaaaaa at 0xa0008394
[55502.180450] PUF Read:0xaaaaaaaa at 0xa0008398
[55502.180480] PUF Read:0xaaa2aaaa at 0xa000839c
[55502.180480] PUF Read:0xaaaaaaaa at 0xa00083a0
[55502.180480] PUF Read:0xaaaaaaaa at 0xa00083a4
[55502.180541] PUF Read:0xaaaaaaaa at 0xa00083a8
[55502.180541] PUF Read:0xaaaaaaaa at 0xa00083ac
[55502.180603] PUF Read:0xaaaaaaa2 at 0xa00083b0
[55502.180633] PUF Read:0xaaaaaaaa at 0xa00083b4
[55502.180633] PUF Read:0xaaaaaaaa at 0xa00083b8
[55502.180694] PUF Read:0xaaaaaaaa at 0xa00083bc
[55502.180694] PUF Read:0xaaaaaaaa at 0xa00083c0
[55502.180694] PUF Read:0xaaaaaaaa at 0xa00083c4
[55502.180694] PUF Read:0xaaaaaaaa at 0xa00083c8
[55502.180786] PUF Read:0xaaaaaaaa at 0xa00083cc
[55502.180786] PUF Read:0xaaaaaaaa at 0xa00083d0
[55502.180786] PUF Read:0xaaabaaaa at 0xa00083d4
[55502.180877] PUF Read:0xaaaaaaaa at 0xa00083d8
[55502.180877] PUF Read:0xaaaaaaaa at 0xa00083dc
[55502.180877] PUF Read:0xaaaaaaaa at 0xa00083e0
[55502.180877] PUF Read:0xaaaaaaaa at 0xa00083e4
[55502.180969] PUF Read:0xaaaaaaaa at 0xa00083e8
[55502.180969] PUF Read:0xaaaaaaaa at 0xa00083ec
[55502.180969] PUF Read:0xaaaaaaaa at 0xa00083f0
[55502.180969] PUF Read:0xaaaaaaaa at 0xa00083f4
[55502.180969] PUF Read:0xaaaaaaae at 0xa00083f8
[55502.180969] PUF Read:0xaaaeaaaa at 0xa00083fc
[55502.181121] [i] Finished PUF read-out
[55502.181121] <6>[i] Finished PUF query for decaytime: 7680
[55502.181121] [i] Start decaytime: 120
[55502.181152] EMIF 2 REG Write 0x80000000 at 0x4d000010
[55502.181152] EMIF 2 REG Read 0x80000000 at 0x4d000010
[55502.181182] EMIF 2 REG Write 0x80000000 at 0x4d000014
[55502.181182] EMIF 2 REG Read 0x00000000 at 0x4d000014
[55502.181213] EMIF 2 REG Write 0x08016893 at 0x4d0000cc
[55502.181213] EMIF 2 REG Read 0x08016893 at 0x4d0000cc
[55502.181213] Temp polling alert disabled
[55502.181243] Refresh Disabled at EMIF2
[55502.181243] [i] Initialiting PUF & hammer rows
[55502.181243] [i] Single-Sided Rowhammer (SSRH)
[55502.188934] [i] Finished initialiting PUF & hammer rows
[55502.188934] [i]	Timer elapsed since its reset 0 sec
[55502.188964] [i] Decay: 120 sec
[55502.188964] [i]	Relative Decay: 0 msec
