[33865.369720] [i] Total hammer attempts per row: 1864140
[33865.369781] EMIF 2 REG Write 0x00000618 at 0x4d000010
[33865.369812] EMIF 2 REG Read 0x00000618 at 0x4d000010
[33865.369812] EMIF 2 REG Write 0x00000618 at 0x4d000014
[33865.369842] EMIF 2 REG Read 0x00000618 at 0x4d000014
[33865.369842] EMIF 2 REG Write 0x58016893 at 0x4d0000cc
[33865.369842] EMIF 2 REG Read 0x58016893 at 0x4d0000cc
[33865.369873] Temp polling alert enabled
[33865.369873] Refresh enabled at EMIF2
[33865.369873] [i] Starting PUF read-out
[33865.369903] [i] Single-Sided Rowhammer (SSRH)
[33865.369903] PUF Read:0x00000000 at 0xa0008000
[33865.369903] PUF Read:0x00000000 at 0xa0008004
[33865.369903] PUF Read:0x00000000 at 0xa0008008
[33865.369903] PUF Read:0x00000000 at 0xa000800c
[33865.370025] PUF Read:0x00000000 at 0xa0008010
[33865.370056] PUF Read:0x00000100 at 0xa0008014
[33865.370056] PUF Read:0x00000000 at 0xa0008018
[33865.370056] PUF Read:0x00000000 at 0xa000801c
[33865.370117] PUF Read:0x00000000 at 0xa0008020
[33865.370117] PUF Read:0x00004000 at 0xa0008024
[33865.370178] PUF Read:0x00000000 at 0xa0008028
[33865.370208] PUF Read:0x00000000 at 0xa000802c
[33865.370208] PUF Read:0x00000000 at 0xa0008030
[33865.370208] PUF Read:0x00000000 at 0xa0008034
[33865.370269] PUF Read:0x00000000 at 0xa0008038
[33865.370269] PUF Read:0x00000000 at 0xa000803c
[33865.370330] PUF Read:0x00000001 at 0xa0008040
[33865.370361] PUF Read:0x00004000 at 0xa0008044
[33865.370361] PUF Read:0x00000000 at 0xa0008048
[33865.370361] PUF Read:0x00000000 at 0xa000804c
[33865.370361] PUF Read:0x00000000 at 0xa0008050
[33865.370361] PUF Read:0x00000000 at 0xa0008054
[33865.370483] PUF Read:0x00000000 at 0xa0008058
[33865.370513] PUF Read:0x00000000 at 0xa000805c
[33865.370513] PUF Read:0x00000000 at 0xa0008060
[33865.370513] PUF Read:0x00000000 at 0xa0008064
[33865.370574] PUF Read:0x00000000 at 0xa0008068
[33865.370574] PUF Read:0x00000000 at 0xa000806c
[33865.370635] PUF Read:0x00000000 at 0xa0008070
[33865.370666] PUF Read:0x00000000 at 0xa0008074
[33865.370666] PUF Read:0x00000000 at 0xa0008078
[33865.370666] PUF Read:0x00000000 at 0xa000807c
[33865.370727] PUF Read:0x00000000 at 0xa0008080
[33865.370727] PUF Read:0x00000000 at 0xa0008084
[33865.370727] PUF Read:0x00000000 at 0xa0008088
[33865.370819] PUF Read:0x00000000 at 0xa000808c
[33865.370849] PUF Read:0x00000000 at 0xa0008090
[33865.370849] PUF Read:0x00000000 at 0xa0008094
[33865.370849] PUF Read:0x00010000 at 0xa0008098
[33865.370910] PUF Read:0x00000000 at 0xa000809c
[33865.370910] PUF Read:0x00000000 at 0xa00080a0
[33865.370971] PUF Read:0x00000000 at 0xa00080a4
[33865.371002] PUF Read:0x00000000 at 0xa00080a8
[33865.371002] PUF Read:0x00000000 at 0xa00080ac
[33865.371002] PUF Read:0x00000000 at 0xa00080b0
[33865.371063] PUF Read:0x00000000 at 0xa00080b4
[33865.371063] PUF Read:0x00004000 at 0xa00080b8
[33865.371124] PUF Read:0x00000000 at 0xa00080bc
[33865.371154] PUF Read:0x00000000 at 0xa00080c0
[33865.371154] PUF Read:0x00000000 at 0xa00080c4
[33865.371215] PUF Read:0x00000000 at 0xa00080c8
[33865.371215] PUF Read:0x00000000 at 0xa00080cc
[33865.371215] PUF Read:0x40000000 at 0xa00080d0
[33865.371276] PUF Read:0x00000000 at 0xa00080d4
[33865.371307] PUF Read:0x00000000 at 0xa00080d8
[33865.371307] PUF Read:0x00000000 at 0xa00080dc
[33865.371307] PUF Read:0x01000000 at 0xa00080e0
[33865.371307] PUF Read:0x00000000 at 0xa00080e4
[33865.371307] PUF Read:0x00000000 at 0xa00080e8
[33865.371307] PUF Read:0x00000001 at 0xa00080ec
[33865.371459] PUF Read:0x00000000 at 0xa00080f0
[33865.371459] PUF Read:0x00000000 at 0xa00080f4
[33865.371459] PUF Read:0x00000000 at 0xa00080f8
[33865.371459] PUF Read:0x00000000 at 0xa00080fc
[33865.371459] PUF Read:0x00000000 at 0xa0008100
[33865.371459] PUF Read:0x00000000 at 0xa0008104
[33865.371612] PUF Read:0x00000000 at 0xa0008108
[33865.371612] PUF Read:0x00000000 at 0xa000810c
[33865.371612] PUF Read:0x00000000 at 0xa0008110
[33865.371612] PUF Read:0x00000000 at 0xa0008114
[33865.371612] PUF Read:0x00000000 at 0xa0008118
[33865.371612] PUF Read:0x00000000 at 0xa000811c
[33865.371765] PUF Read:0x00000000 at 0xa0008120
[33865.371765] PUF Read:0x00000000 at 0xa0008124
[33865.371765] PUF Read:0x00000000 at 0xa0008128
[33865.371765] PUF Read:0x00000000 at 0xa000812c
[33865.371765] PUF Read:0x00000000 at 0xa0008130
[33865.371765] PUF Read:0x00000000 at 0xa0008134
[33865.371917] PUF Read:0x00000000 at 0xa0008138
[33865.371917] PUF Read:0x00000000 at 0xa000813c
[33865.371917] PUF Read:0x00000000 at 0xa0008140
[33865.371917] PUF Read:0x00000000 at 0xa0008144
[33865.371917] PUF Read:0x00100400 at 0xa0008148
[33865.371917] PUF Read:0x00000000 at 0xa000814c
[33865.372070] PUF Read:0x00000000 at 0xa0008150
[33865.372070] PUF Read:0x00000000 at 0xa0008154
[33865.372070] PUF Read:0x00000000 at 0xa0008158
[33865.372070] PUF Read:0x00000040 at 0xa000815c
[33865.372161] PUF Read:0x00000000 at 0xa0008160
[33865.372161] PUF Read:0x00000000 at 0xa0008164
[33865.372222] PUF Read:0x00000000 at 0xa0008168
[33865.372253] PUF Read:0x00400000 at 0xa000816c
[33865.372253] PUF Read:0x00000000 at 0xa0008170
[33865.372253] PUF Read:0x00000000 at 0xa0008174
[33865.372314] PUF Read:0x00000000 at 0xa0008178
[33865.372314] PUF Read:0x00000000 at 0xa000817c
[33865.372375] PUF Read:0x00000000 at 0xa0008180
[33865.372406] PUF Read:0x00000000 at 0xa0008184
[33865.372406] PUF Read:0x00000000 at 0xa0008188
[33865.372406] PUF Read:0x00000000 at 0xa000818c
[33865.372467] PUF Read:0x00000000 at 0xa0008190
[33865.372467] PUF Read:0x00000000 at 0xa0008194
[33865.372528] PUF Read:0x00000000 at 0xa0008198
[33865.372558] PUF Read:0x00000000 at 0xa000819c
[33865.372558] PUF Read:0x00000000 at 0xa00081a0
[33865.372558] PUF Read:0x00000000 at 0xa00081a4
[33865.372619] PUF Read:0x00000000 at 0xa00081a8
[33865.372619] PUF Read:0x00000000 at 0xa00081ac
[33865.372680] PUF Read:0x00400000 at 0xa00081b0
[33865.372711] PUF Read:0x00000000 at 0xa00081b4
[33865.372711] PUF Read:0x00000000 at 0xa00081b8
[33865.372711] PUF Read:0x00000000 at 0xa00081bc
[33865.372772] PUF Read:0x00000000 at 0xa00081c0
[33865.372772] PUF Read:0x00000004 at 0xa00081c4
[33865.372833] PUF Read:0x00000000 at 0xa00081c8
[33865.372863] PUF Read:0x00000000 at 0xa00081cc
[33865.372863] PUF Read:0x10000000 at 0xa00081d0
[33865.372863] PUF Read:0x00000000 at 0xa00081d4
[33865.372924] PUF Read:0x00000000 at 0xa00081d8
[33865.372924] PUF Read:0x00000000 at 0xa00081dc
[33865.372985] PUF Read:0x00000000 at 0xa00081e0
[33865.373016] PUF Read:0x00000040 at 0xa00081e4
[33865.373016] PUF Read:0x00000000 at 0xa00081e8
[33865.373016] PUF Read:0x00000000 at 0xa00081ec
[33865.373077] PUF Read:0x00000000 at 0xa00081f0
[33865.373077] PUF Read:0x00000400 at 0xa00081f4
[33865.373138] PUF Read:0x00000000 at 0xa00081f8
[33865.373168] PUF Read:0x00000000 at 0xa00081fc
[33865.373168] PUF Read:0x00000000 at 0xa0008200
[33865.373168] PUF Read:0x00000000 at 0xa0008204
[33865.373229] PUF Read:0x00000000 at 0xa0008208
[33865.373229] PUF Read:0x00000000 at 0xa000820c
[33865.373291] PUF Read:0x00000000 at 0xa0008210
[33865.373321] PUF Read:0x00000000 at 0xa0008214
[33865.373321] PUF Read:0x00000000 at 0xa0008218
[33865.373321] PUF Read:0x00000000 at 0xa000821c
[33865.373382] PUF Read:0x00000000 at 0xa0008220
[33865.373382] PUF Read:0x00000000 at 0xa0008224
[33865.373443] PUF Read:0x00000000 at 0xa0008228
[33865.373474] PUF Read:0x00000000 at 0xa000822c
[33865.373474] PUF Read:0x00000000 at 0xa0008230
[33865.373474] PUF Read:0x00400000 at 0xa0008234
[33865.373535] PUF Read:0x00000000 at 0xa0008238
[33865.373535] PUF Read:0x00000000 at 0xa000823c
[33865.373596] PUF Read:0x00000000 at 0xa0008240
[33865.373626] PUF Read:0x00000000 at 0xa0008244
[33865.373626] PUF Read:0x00000000 at 0xa0008248
[33865.373687] PUF Read:0x00000000 at 0xa000824c
[33865.373687] PUF Read:0x00000000 at 0xa0008250
[33865.373687] PUF Read:0x00100000 at 0xa0008254
[33865.373748] PUF Read:0x00000000 at 0xa0008258
[33865.373779] PUF Read:0x00000000 at 0xa000825c
[33865.373779] PUF Read:0x00000000 at 0xa0008260
[33865.373779] PUF Read:0x00000000 at 0xa0008264
[33865.373779] PUF Read:0x00000000 at 0xa0008268
[33865.373870] PUF Read:0x00000000 at 0xa000826c
[33865.373870] PUF Read:0x00000000 at 0xa0008270
[33865.373931] PUF Read:0x00000000 at 0xa0008274
[33865.373962] PUF Read:0x00000000 at 0xa0008278
[33865.373962] PUF Read:0x00000000 at 0xa000827c
[33865.373962] PUF Read:0x00000000 at 0xa0008280
[33865.374023] PUF Read:0x00000000 at 0xa0008284
[33865.374023] PUF Read:0x00000000 at 0xa0008288
[33865.374084] PUF Read:0x00000000 at 0xa000828c
[33865.374114] PUF Read:0x00000000 at 0xa0008290
[33865.374114] PUF Read:0x00000000 at 0xa0008294
[33865.374114] PUF Read:0x00000000 at 0xa0008298
[33865.374176] PUF Read:0x00000000 at 0xa000829c
[33865.374176] PUF Read:0x00000000 at 0xa00082a0
[33865.374237] PUF Read:0x00000000 at 0xa00082a4
[33865.374267] PUF Read:0x00000000 at 0xa00082a8
[33865.374267] PUF Read:0x00000000 at 0xa00082ac
[33865.374267] PUF Read:0x00000000 at 0xa00082b0
[33865.374328] PUF Read:0x00000000 at 0xa00082b4
[33865.374328] PUF Read:0x00000040 at 0xa00082b8
[33865.374389] PUF Read:0x00000000 at 0xa00082bc
[33865.374420] PUF Read:0x00000000 at 0xa00082c0
[33865.374420] PUF Read:0x00000000 at 0xa00082c4
[33865.374420] PUF Read:0x10000000 at 0xa00082c8
[33865.374481] PUF Read:0x00000000 at 0xa00082cc
[33865.374481] PUF Read:0x00000000 at 0xa00082d0
[33865.374542] PUF Read:0x00000000 at 0xa00082d4
[33865.374572] PUF Read:0x00000000 at 0xa00082d8
[33865.374572] PUF Read:0x00000000 at 0xa00082dc
[33865.374572] PUF Read:0x00000000 at 0xa00082e0
[33865.374633] PUF Read:0x00000400 at 0xa00082e4
[33865.374633] PUF Read:0x00000000 at 0xa00082e8
[33865.374694] PUF Read:0x00000000 at 0xa00082ec
[33865.374725] PUF Read:0x00000000 at 0xa00082f0
[33865.374725] PUF Read:0x00000000 at 0xa00082f4
[33865.374725] PUF Read:0x00000000 at 0xa00082f8
[33865.374786] PUF Read:0x00000000 at 0xa00082fc
[33865.374786] PUF Read:0x00000000 at 0xa0008300
[33865.374847] PUF Read:0x00000000 at 0xa0008304
[33865.374877] PUF Read:0x00000000 at 0xa0008308
[33865.374877] PUF Read:0x00000000 at 0xa000830c
[33865.374877] PUF Read:0x00000000 at 0xa0008310
[33865.374938] PUF Read:0x00000000 at 0xa0008314
[33865.374938] PUF Read:0x00000000 at 0xa0008318
[33865.375000] PUF Read:0x10000000 at 0xa000831c
[33865.375030] PUF Read:0x00000000 at 0xa0008320
[33865.375030] PUF Read:0x00000000 at 0xa0008324
[33865.375030] PUF Read:0x00000000 at 0xa0008328
[33865.375091] PUF Read:0x00000000 at 0xa000832c
[33865.375091] PUF Read:0x00000004 at 0xa0008330
[33865.375152] PUF Read:0x00000000 at 0xa0008334
[33865.375183] PUF Read:0x00000000 at 0xa0008338
[33865.375183] PUF Read:0x00000000 at 0xa000833c
[33865.375183] PUF Read:0x00000000 at 0xa0008340
[33865.375244] PUF Read:0x00000000 at 0xa0008344
[33865.375244] PUF Read:0x00000000 at 0xa0008348
[33865.375305] PUF Read:0x00000000 at 0xa000834c
[33865.375335] PUF Read:0x00000000 at 0xa0008350
[33865.375335] PUF Read:0x00000000 at 0xa0008354
[33865.375335] PUF Read:0x00000000 at 0xa0008358
[33865.375335] PUF Read:0x00000000 at 0xa000835c
[33865.375335] PUF Read:0x00010000 at 0xa0008360
[33865.375335] PUF Read:0x00000000 at 0xa0008364
[33865.375488] PUF Read:0x00000000 at 0xa0008368
[33865.375488] PUF Read:0x00000000 at 0xa000836c
[33865.375488] PUF Read:0x00000000 at 0xa0008370
[33865.375488] PUF Read:0x00000000 at 0xa0008374
[33865.375488] PUF Read:0x00000000 at 0xa0008378
[33865.375488] PUF Read:0x00000000 at 0xa000837c
[33865.375640] PUF Read:0x00000000 at 0xa0008380
[33865.375640] PUF Read:0x00000000 at 0xa0008384
[33865.375640] PUF Read:0x00000000 at 0xa0008388
[33865.375640] PUF Read:0x00000000 at 0xa000838c
[33865.375640] PUF Read:0x00000000 at 0xa0008390
[33865.375640] PUF Read:0x00000000 at 0xa0008394
[33865.375793] PUF Read:0x00000000 at 0xa0008398
[33865.375793] PUF Read:0x00000000 at 0xa000839c
[33865.375793] PUF Read:0x00000000 at 0xa00083a0
[33865.375793] PUF Read:0x00000000 at 0xa00083a4
[33865.375793] PUF Read:0x00000000 at 0xa00083a8
[33865.375915] PUF Read:0x00000000 at 0xa00083ac
[33865.375946] PUF Read:0x00000000 at 0xa00083b0
[33865.375946] PUF Read:0x00000000 at 0xa00083b4
[33865.375946] PUF Read:0x00000000 at 0xa00083b8
[33865.376007] PUF Read:0x00000000 at 0xa00083bc
[33865.376007] PUF Read:0x00000000 at 0xa00083c0
[33865.376068] PUF Read:0x00000000 at 0xa00083c4
[33865.376098] PUF Read:0x00000000 at 0xa00083c8
[33865.376098] PUF Read:0x00000000 at 0xa00083cc
[33865.376098] PUF Read:0x00000000 at 0xa00083d0
[33865.376159] PUF Read:0x00010000 at 0xa00083d4
[33865.376159] PUF Read:0x00000000 at 0xa00083d8
[33865.376220] PUF Read:0x00000000 at 0xa00083dc
[33865.376251] PUF Read:0x00000000 at 0xa00083e0
[33865.376251] PUF Read:0x00000000 at 0xa00083e4
[33865.376251] PUF Read:0x00000000 at 0xa00083e8
[33865.376312] PUF Read:0x00000000 at 0xa00083ec
[33865.376312] PUF Read:0x00000000 at 0xa00083f0
[33865.376373] PUF Read:0x00000000 at 0xa00083f4
[33865.376403] PUF Read:0x00000004 at 0xa00083f8
[33865.376403] PUF Read:0x00040000 at 0xa00083fc
[33865.376403] [i] Finished PUF read-out
[33865.376464] <6>[i] Finished PUF query for decaytime: 7680
[33865.376464] [i] Start decaytime: 120
[33865.376464] EMIF 2 REG Write 0x80000000 at 0x4d000010
[33865.376495] EMIF 2 REG Read 0x80000000 at 0x4d000010
[33865.376495] EMIF 2 REG Write 0x80000000 at 0x4d000014
[33865.376525] EMIF 2 REG Read 0x00000000 at 0x4d000014
[33865.376525] EMIF 2 REG Write 0x08016893 at 0x4d0000cc
[33865.376556] EMIF 2 REG Read 0x08016893 at 0x4d0000cc
[33865.376556] Temp polling alert disabled
[33865.376556] Refresh Disabled at EMIF2
[33865.376586] [i] Initialiting PUF & hammer rows
[33865.376586] [i] Single-Sided Rowhammer (SSRH)
[33865.383300] [i] Finished initialiting PUF & hammer rows
[33865.383300] [i]	Timer elapsed since its reset 0 sec
[33865.383300] [i] Decay: 120 sec
[33865.383331] [i]	Relative Decay: 0 msec
