[44683.815002] [i] Total hammer attempts per row: 1863583
[44683.815002] EMIF 2 REG Write 0x00000618 at 0x4d000010
[44683.815032] EMIF 2 REG Read 0x00000618 at 0x4d000010
[44683.815032] EMIF 2 REG Write 0x00000618 at 0x4d000014
[44683.815063] EMIF 2 REG Read 0x00000618 at 0x4d000014
[44683.815063] EMIF 2 REG Write 0x58016893 at 0x4d0000cc
[44683.815093] EMIF 2 REG Read 0x58016893 at 0x4d0000cc
[44683.815093] Temp polling alert enabled
[44683.815093] Refresh enabled at EMIF2
[44683.815124] [i] Starting PUF read-out
[44683.815124] [i] Single-Sided Rowhammer (SSRH)
[44683.815155] PUF Read:0xaaaaaaaa at 0xa0008000
[44683.815155] PUF Read:0xaaaaaaaa at 0xa0008004
[44683.815155] PUF Read:0xaaaaaaaa at 0xa0008008
[44683.815216] PUF Read:0xaaaaaaaa at 0xa000800c
[44683.815216] PUF Read:0xaaaaaaaa at 0xa0008010
[44683.815216] PUF Read:0xaaaaabaa at 0xa0008014
[44683.815307] PUF Read:0xaaaaaaaa at 0xa0008018
[44683.815338] PUF Read:0xaaaaaaaa at 0xa000801c
[44683.815338] PUF Read:0xaaaaaaaa at 0xa0008020
[44683.815399] PUF Read:0xaaaaaaaa at 0xa0008024
[44683.815399] PUF Read:0xaaaaaaaa at 0xa0008028
[44683.815399] PUF Read:0xaaaaaaaa at 0xa000802c
[44683.815399] PUF Read:0xaaaaaaaa at 0xa0008030
[44683.815490] PUF Read:0xaaaaaaaa at 0xa0008034
[44683.815490] PUF Read:0xaaaaaaaa at 0xa0008038
[44683.815490] PUF Read:0xaaaaaaaa at 0xa000803c
[44683.815490] PUF Read:0xaaaaaaab at 0xa0008040
[44683.815490] PUF Read:0xaaaaeaaa at 0xa0008044
[44683.815490] PUF Read:0xaaaaaaaa at 0xa0008048
[44683.815643] PUF Read:0xaaaaaaaa at 0xa000804c
[44683.815643] PUF Read:0xaaaaaaaa at 0xa0008050
[44683.815643] PUF Read:0xaaaaaaaa at 0xa0008054
[44683.815643] PUF Read:0xaaaaaaaa at 0xa0008058
[44683.815734] PUF Read:0xaaaaaaaa at 0xa000805c
[44683.815734] PUF Read:0xaaaaaaaa at 0xa0008060
[44683.815795] PUF Read:0xaaaa2aaa at 0xa0008064
[44683.815826] PUF Read:0xaaaaaaaa at 0xa0008068
[44683.815826] PUF Read:0xaaaaaaaa at 0xa000806c
[44683.815826] PUF Read:0xaaaaaaaa at 0xa0008070
[44683.815887] PUF Read:0xaaaaaaaa at 0xa0008074
[44683.815887] PUF Read:0xaaaaaaaa at 0xa0008078
[44683.815948] PUF Read:0xaaaaaaaa at 0xa000807c
[44683.815979] PUF Read:0xaaaaaaaa at 0xa0008080
[44683.815979] PUF Read:0xaaaaaaaa at 0xa0008084
[44683.816040] PUF Read:0xaaaaaaaa at 0xa0008088
[44683.816040] PUF Read:0xaaaaaaaa at 0xa000808c
[44683.816040] PUF Read:0xaaaa8aaa at 0xa0008090
[44683.816101] PUF Read:0xaaaaaaaa at 0xa0008094
[44683.816131] PUF Read:0x2aabaaaa at 0xa0008098
[44683.816131] PUF Read:0xaaaaaaaa at 0xa000809c
[44683.816131] PUF Read:0xaaaaaaaa at 0xa00080a0
[44683.816131] PUF Read:0xaaaaaaaa at 0xa00080a4
[44683.816131] PUF Read:0xaaaaaaaa at 0xa00080a8
[44683.816131] PUF Read:0xaaaaaaaa at 0xa00080ac
[44683.816284] PUF Read:0xaaaaaaaa at 0xa00080b0
[44683.816284] PUF Read:0xaa2aaaaa at 0xa00080b4
[44683.816284] PUF Read:0xaaaaaaaa at 0xa00080b8
[44683.816284] PUF Read:0x8aaaaaaa at 0xa00080bc
[44683.816284] PUF Read:0xaaaaaaaa at 0xa00080c0
[44683.816284] PUF Read:0xaaaaaaaa at 0xa00080c4
[44683.816436] PUF Read:0xaaa2aaaa at 0xa00080c8
[44683.816436] PUF Read:0xaaaaaaaa at 0xa00080cc
[44683.816436] PUF Read:0xaaaaaaaa at 0xa00080d0
[44683.816436] PUF Read:0xaaaaaaaa at 0xa00080d4
[44683.816436] PUF Read:0xaaaaaaaa at 0xa00080d8
[44683.816436] PUF Read:0xaaaaaaaa at 0xa00080dc
[44683.816436] PUF Read:0xaaaaaaaa at 0xa00080e0
[44683.816619] PUF Read:0xaaaaaaaa at 0xa00080e4
[44683.816650] PUF Read:0xaaaaaaaa at 0xa00080e8
[44683.816650] PUF Read:0xaaaaaaab at 0xa00080ec
[44683.816650] PUF Read:0x8aaaaaaa at 0xa00080f0
[44683.816711] PUF Read:0xaaaaaaaa at 0xa00080f4
[44683.816711] PUF Read:0xaaaaaaaa at 0xa00080f8
[44683.816772] PUF Read:0xaaaaaaaa at 0xa00080fc
[44683.816802] PUF Read:0xaaaaaaaa at 0xa0008100
[44683.816802] PUF Read:0xaaaaaaaa at 0xa0008104
[44683.816802] PUF Read:0xaaaaaaaa at 0xa0008108
[44683.816864] PUF Read:0xaaaaaaaa at 0xa000810c
[44683.816864] PUF Read:0xaaaaaaaa at 0xa0008110
[44683.816925] PUF Read:0xaaaaaaaa at 0xa0008114
[44683.816955] PUF Read:0xaaaaaaaa at 0xa0008118
[44683.816955] PUF Read:0xaaaaaaaa at 0xa000811c
[44683.817016] PUF Read:0xaaaaaaaa at 0xa0008120
[44683.817016] PUF Read:0xaaaaaaaa at 0xa0008124
[44683.817016] PUF Read:0xaaaaaaaa at 0xa0008128
[44683.817016] PUF Read:0xaaaaaaaa at 0xa000812c
[44683.817108] PUF Read:0xaaaaaaaa at 0xa0008130
[44683.817108] PUF Read:0xaaaaaaaa at 0xa0008134
[44683.817108] PUF Read:0xaa8aaaaa at 0xa0008138
[44683.817108] PUF Read:0xaaaaaaaa at 0xa000813c
[44683.817108] PUF Read:0xaaaaaaaa at 0xa0008140
[44683.817108] PUF Read:0xaaaaaaaa at 0xa0008144
[44683.817260] PUF Read:0xaabaaeaa at 0xa0008148
[44683.817260] PUF Read:0xaaaaaaaa at 0xa000814c
[44683.817260] PUF Read:0xaaaaaaaa at 0xa0008150
[44683.817260] PUF Read:0xaaaaaaaa at 0xa0008154
[44683.817260] PUF Read:0xaaaaaaaa at 0xa0008158
[44683.817260] PUF Read:0xaaaaaaea at 0xa000815c
[44683.817413] PUF Read:0xaaaaaaaa at 0xa0008160
[44683.817443] PUF Read:0xaaaaaaaa at 0xa0008164
[44683.817443] PUF Read:0xaaaaaaaa at 0xa0008168
[44683.817443] PUF Read:0xaaaaaaaa at 0xa000816c
[44683.817504] PUF Read:0xaaaaaaaa at 0xa0008170
[44683.817504] PUF Read:0xaaaaaaaa at 0xa0008174
[44683.817565] PUF Read:0xaaaaaaaa at 0xa0008178
[44683.817596] PUF Read:0xaaaaaaaa at 0xa000817c
[44683.817596] PUF Read:0xaaaa2a2a at 0xa0008180
[44683.817596] PUF Read:0xaaaaaaaa at 0xa0008184
[44683.817657] PUF Read:0xaaaaaaaa at 0xa0008188
[44683.817657] PUF Read:0xaaaaaaaa at 0xa000818c
[44683.817718] PUF Read:0xaaaaaaaa at 0xa0008190
[44683.817749] PUF Read:0xaaaaaaaa at 0xa0008194
[44683.817749] PUF Read:0xaaaaaaaa at 0xa0008198
[44683.817749] PUF Read:0xaaaaaaaa at 0xa000819c
[44683.817810] PUF Read:0xaaaaaaaa at 0xa00081a0
[44683.817810] PUF Read:0xaaaaaaaa at 0xa00081a4
[44683.817871] PUF Read:0xaaaaaaaa at 0xa00081a8
[44683.817901] PUF Read:0xaaaaaaaa at 0xa00081ac
[44683.817901] PUF Read:0xaaeaaaaa at 0xa00081b0
[44683.817901] PUF Read:0xaaaaaaaa at 0xa00081b4
[44683.817962] PUF Read:0xaaaaaaaa at 0xa00081b8
[44683.817962] PUF Read:0xaaaaaaaa at 0xa00081bc
[44683.818023] PUF Read:0xaaaaaaaa at 0xa00081c0
[44683.818054] PUF Read:0xaaaaaaae at 0xa00081c4
[44683.818084] PUF Read:0xaaaaaaaa at 0xa00081c8
[44683.818084] PUF Read:0xaaaaaaaa at 0xa00081cc
[44683.818084] PUF Read:0xbaaaaaaa at 0xa00081d0
[44683.818145] PUF Read:0xaaaaaaaa at 0xa00081d4
[44683.818145] PUF Read:0xaaaaaaaa at 0xa00081d8
[44683.818206] PUF Read:0xaaaaaaaa at 0xa00081dc
[44683.818237] PUF Read:0xaaaaaaaa at 0xa00081e0
[44683.818237] PUF Read:0xaaaaaaea at 0xa00081e4
[44683.818298] PUF Read:0xaaaaaaaa at 0xa00081e8
[44683.818298] PUF Read:0xaa2aaaaa at 0xa00081ec
[44683.818298] PUF Read:0xaaaaaaaa at 0xa00081f0
[44683.818298] PUF Read:0xaaaaaeaa at 0xa00081f4
[44683.818389] PUF Read:0xaaaaaaa2 at 0xa00081f8
[44683.818389] PUF Read:0xaaaaaaaa at 0xa00081fc
[44683.818389] PUF Read:0xaaaaaaaa at 0xa0008200
[44683.818389] PUF Read:0xaaaaaaaa at 0xa0008204
[44683.818389] PUF Read:0xaaaaaaaa at 0xa0008208
[44683.818389] PUF Read:0xa8aaaaaa at 0xa000820c
[44683.818542] PUF Read:0xaaaaaaaa at 0xa0008210
[44683.818572] PUF Read:0xaaaaaaaa at 0xa0008214
[44683.818572] PUF Read:0xaaaaaaaa at 0xa0008218
[44683.818572] PUF Read:0xaaaaaaaa at 0xa000821c
[44683.818634] PUF Read:0xaaaaaaaa at 0xa0008220
[44683.818634] PUF Read:0xaaaaaaaa at 0xa0008224
[44683.818695] PUF Read:0xaaaaaaaa at 0xa0008228
[44683.818725] PUF Read:0xaaaaaaaa at 0xa000822c
[44683.818725] PUF Read:0xaaaaaaaa at 0xa0008230
[44683.818725] PUF Read:0xa8aaaaaa at 0xa0008234
[44683.818786] PUF Read:0xaaaaaaaa at 0xa0008238
[44683.818786] PUF Read:0xaaaaaaaa at 0xa000823c
[44683.818847] PUF Read:0xaaaaaaaa at 0xa0008240
[44683.818878] PUF Read:0xaaaaaaaa at 0xa0008244
[44683.818878] PUF Read:0xaaaaaaaa at 0xa0008248
[44683.818878] PUF Read:0xaaaaaaaa at 0xa000824c
[44683.818939] PUF Read:0xaaaaaaaa at 0xa0008250
[44683.818939] PUF Read:0xaaaaaaaa at 0xa0008254
[44683.819000] PUF Read:0xaaaaaaaa at 0xa0008258
[44683.819030] PUF Read:0xaaaaaaaa at 0xa000825c
[44683.819030] PUF Read:0xaaaaaaaa at 0xa0008260
[44683.819091] PUF Read:0xaaaaaaaa at 0xa0008264
[44683.819091] PUF Read:0xaaaaaaaa at 0xa0008268
[44683.819091] PUF Read:0xaaaaaaaa at 0xa000826c
[44683.819091] PUF Read:0xaaaaaaaa at 0xa0008270
[44683.819183] PUF Read:0xaaaaaaaa at 0xa0008274
[44683.819183] PUF Read:0xaaaaaaaa at 0xa0008278
[44683.819183] PUF Read:0xaaaaaaaa at 0xa000827c
[44683.819183] PUF Read:0xaaaaaaaa at 0xa0008280
[44683.819183] PUF Read:0xaaaaaaaa at 0xa0008284
[44683.819183] PUF Read:0xaaaaaaaa at 0xa0008288
[44683.819335] PUF Read:0xaaaaaaaa at 0xa000828c
[44683.819335] PUF Read:0xaaaaaaaa at 0xa0008290
[44683.819335] PUF Read:0xaaaaaaaa at 0xa0008294
[44683.819335] PUF Read:0xaaaaaaaa at 0xa0008298
[44683.819335] PUF Read:0xaaaaaaaa at 0xa000829c
[44683.819335] PUF Read:0xaaaaaaaa at 0xa00082a0
[44683.819488] PUF Read:0xaaaaaaaa at 0xa00082a4
[44683.819488] PUF Read:0xaaaaaaaa at 0xa00082a8
[44683.819488] PUF Read:0xaaaaaaaa at 0xa00082ac
[44683.819488] PUF Read:0xaaaaaaaa at 0xa00082b0
[44683.819580] PUF Read:0xaaaaaaaa at 0xa00082b4
[44683.819580] PUF Read:0xaaaaaaea at 0xa00082b8
[44683.819580] PUF Read:0xaaaaaaaa at 0xa00082bc
[44683.819671] PUF Read:0xaaaaaaaa at 0xa00082c0
[44683.819702] PUF Read:0xaaaaaaaa at 0xa00082c4
[44683.819702] PUF Read:0xbaaaaaaa at 0xa00082c8
[44683.819702] PUF Read:0xaaaaaaaa at 0xa00082cc
[44683.819763] PUF Read:0xaaaaaaaa at 0xa00082d0
[44683.819763] PUF Read:0xaaaaaaaa at 0xa00082d4
[44683.819824] PUF Read:0xaaaaaaaa at 0xa00082d8
[44683.819854] PUF Read:0xaaaaaaaa at 0xa00082dc
[44683.819854] PUF Read:0xaaaaaaaa at 0xa00082e0
[44683.819854] PUF Read:0xaaaaaeaa at 0xa00082e4
[44683.819915] PUF Read:0xaaaaaaaa at 0xa00082e8
[44683.819915] PUF Read:0xaaaaaaaa at 0xa00082ec
[44683.819976] PUF Read:0xaaaaaaaa at 0xa00082f0
[44683.820007] PUF Read:0xaaaaaaaa at 0xa00082f4
[44683.820007] PUF Read:0xaaaaaaaa at 0xa00082f8
[44683.820007] PUF Read:0xaaaaaaaa at 0xa00082fc
[44683.820068] PUF Read:0xaaaaaaaa at 0xa0008300
[44683.820068] PUF Read:0xaaaaaaaa at 0xa0008304
[44683.820129] PUF Read:0xaaaaaaaa at 0xa0008308
[44683.820159] PUF Read:0xaaaaaaaa at 0xa000830c
[44683.820159] PUF Read:0xaaaaaaaa at 0xa0008310
[44683.820159] PUF Read:0xaaaaaaaa at 0xa0008314
[44683.820159] PUF Read:0xaaaaaaaa at 0xa0008318
[44683.820159] PUF Read:0xbaaaaaaa at 0xa000831c
[44683.820159] PUF Read:0xaaaaaaaa at 0xa0008320
[44683.820312] PUF Read:0xaaaaaaaa at 0xa0008324
[44683.820312] PUF Read:0xaaaaaaaa at 0xa0008328
[44683.820312] PUF Read:0xaaaaaaaa at 0xa000832c
[44683.820312] PUF Read:0xaaaaaaae at 0xa0008330
[44683.820312] PUF Read:0xaaaaaaaa at 0xa0008334
[44683.820312] PUF Read:0xaaaaaaaa at 0xa0008338
[44683.820465] PUF Read:0xaaaaaaaa at 0xa000833c
[44683.820495] PUF Read:0xaaaaaaaa at 0xa0008340
[44683.820495] PUF Read:0xaaaaaaaa at 0xa0008344
[44683.820495] PUF Read:0xaaaaaaaa at 0xa0008348
[44683.820556] PUF Read:0xaaaaaaaa at 0xa000834c
[44683.820556] PUF Read:0xaaaaaa8a at 0xa0008350
[44683.820617] PUF Read:0xaaaaaaaa at 0xa0008354
[44683.820648] PUF Read:0xaaaaaaaa at 0xa0008358
[44683.820648] PUF Read:0xaaaaaaaa at 0xa000835c
[44683.820648] PUF Read:0xaaabaaaa at 0xa0008360
[44683.820709] PUF Read:0xaaaaaaaa at 0xa0008364
[44683.820709] PUF Read:0xaaaaaaaa at 0xa0008368
[44683.820770] PUF Read:0xaaaaaaaa at 0xa000836c
[44683.820800] PUF Read:0xaaaaaaaa at 0xa0008370
[44683.820800] PUF Read:0xaaaaaaaa at 0xa0008374
[44683.820800] PUF Read:0xaaaaaaaa at 0xa0008378
[44683.820861] PUF Read:0xaaaaaaaa at 0xa000837c
[44683.820861] PUF Read:0xaaaaaaaa at 0xa0008380
[44683.820922] PUF Read:0xaaaaaaaa at 0xa0008384
[44683.820953] PUF Read:0xaaaaaaaa at 0xa0008388
[44683.820953] PUF Read:0xaaaaaaaa at 0xa000838c
[44683.821014] PUF Read:0xaaaaaaaa at 0xa0008390
[44683.821014] PUF Read:0xaaaaaaaa at 0xa0008394
[44683.821014] PUF Read:0xaaaaaaaa at 0xa0008398
[44683.821075] PUF Read:0xaaa2aaaa at 0xa000839c
[44683.821105] PUF Read:0xaaaaaaaa at 0xa00083a0
[44683.821105] PUF Read:0xaaaaaaaa at 0xa00083a4
[44683.821105] PUF Read:0xaaaaaaaa at 0xa00083a8
[44683.821105] PUF Read:0xaaaaaaaa at 0xa00083ac
[44683.821197] PUF Read:0xaaaaaaa2 at 0xa00083b0
[44683.821197] PUF Read:0xaaaaaaaa at 0xa00083b4
[44683.821258] PUF Read:0xaaaaaaaa at 0xa00083b8
[44683.821289] PUF Read:0xaaaaaaaa at 0xa00083bc
[44683.821289] PUF Read:0xaaaaaaaa at 0xa00083c0
[44683.821350] PUF Read:0xaaaaaaaa at 0xa00083c4
[44683.821350] PUF Read:0xaaaaaaaa at 0xa00083c8
[44683.821350] PUF Read:0xaaaaaaaa at 0xa00083cc
[44683.821411] PUF Read:0xaaaaaaaa at 0xa00083d0
[44683.821441] PUF Read:0xaaabaaaa at 0xa00083d4
[44683.821441] PUF Read:0xaaaaaaaa at 0xa00083d8
[44683.821441] PUF Read:0xaaaaaaaa at 0xa00083dc
[44683.821441] PUF Read:0xaaaaaaaa at 0xa00083e0
[44683.821441] PUF Read:0xaaaaaaaa at 0xa00083e4
[44683.821441] PUF Read:0xaaaaaaaa at 0xa00083e8
[44683.821594] PUF Read:0xaaaaaaaa at 0xa00083ec
[44683.821594] PUF Read:0xaaaaaaaa at 0xa00083f0
[44683.821594] PUF Read:0xaaaaaaaa at 0xa00083f4
[44683.821594] PUF Read:0xaaaaaaae at 0xa00083f8
[44683.821594] PUF Read:0xaaaeaaaa at 0xa00083fc
[44683.821716] [i] Finished PUF read-out
[44683.821716] <6>[i] Finished PUF query for decaytime: 7680
[44683.821746] [i] Start decaytime: 120
[44683.821746] EMIF 2 REG Write 0x80000000 at 0x4d000010
[44683.821746] EMIF 2 REG Read 0x80000000 at 0x4d000010
[44683.821777] EMIF 2 REG Write 0x80000000 at 0x4d000014
[44683.821777] EMIF 2 REG Read 0x00000000 at 0x4d000014
[44683.821807] EMIF 2 REG Write 0x08016893 at 0x4d0000cc
[44683.821807] EMIF 2 REG Read 0x08016893 at 0x4d0000cc
[44683.821838] Temp polling alert disabled
[44683.821838] Refresh Disabled at EMIF2
[44683.821838] [i] Initialiting PUF & hammer rows
[44683.821838] [i] Single-Sided Rowhammer (SSRH)
[44683.822784] [i] Finished initialiting PUF & hammer rows
[44683.829498] [i]	Timer elapsed since its reset 0 sec
[44683.829498] [i] Decay: 120 sec
[44683.829498] [i]	Relative Decay: 0 msec
