[23046.776062] [i] Total hammer attempts per row: 1863502
[23046.776062] EMIF 2 REG Write 0x00000618 at 0x4d000010
[23046.776062] EMIF 2 REG Read 0x00000618 at 0x4d000010
[23046.776153] EMIF 2 REG Write 0x00000618 at 0x4d000014
[23046.776153] EMIF 2 REG Read 0x00000618 at 0x4d000014
[23046.776184] EMIF 2 REG Write 0x58016893 at 0x4d0000cc
[23046.776184] EMIF 2 REG Read 0x58016893 at 0x4d0000cc
[23046.776214] Temp polling alert enabled
[23046.776214] Refresh enabled at EMIF2
[23046.776214] [i] Starting PUF read-out
[23046.776245] [i] Single-Sided Rowhammer (SSRH)
[23046.776245] PUF Read:0x00000000 at 0xa0008000
[23046.776245] PUF Read:0x00000000 at 0xa0008004
[23046.776245] PUF Read:0x00000000 at 0xa0008008
[23046.776336] PUF Read:0x00000000 at 0xa000800c
[23046.776367] PUF Read:0x00000000 at 0xa0008010
[23046.776367] PUF Read:0x00000100 at 0xa0008014
[23046.776367] PUF Read:0x00000000 at 0xa0008018
[23046.776367] PUF Read:0x00000000 at 0xa000801c
[23046.776458] PUF Read:0x00000000 at 0xa0008020
[23046.776458] PUF Read:0x40004000 at 0xa0008024
[23046.776519] PUF Read:0x00000000 at 0xa0008028
[23046.776550] PUF Read:0x00000000 at 0xa000802c
[23046.776550] PUF Read:0x00000000 at 0xa0008030
[23046.776550] PUF Read:0x00000000 at 0xa0008034
[23046.776611] PUF Read:0x00000000 at 0xa0008038
[23046.776611] PUF Read:0x00000000 at 0xa000803c
[23046.776672] PUF Read:0x00000001 at 0xa0008040
[23046.776702] PUF Read:0x00004000 at 0xa0008044
[23046.776702] PUF Read:0x00000000 at 0xa0008048
[23046.776763] PUF Read:0x00000000 at 0xa000804c
[23046.776763] PUF Read:0x00000000 at 0xa0008050
[23046.776763] PUF Read:0x00000000 at 0xa0008054
[23046.776824] PUF Read:0x00000000 at 0xa0008058
[23046.776855] PUF Read:0x00000000 at 0xa000805c
[23046.776855] PUF Read:0x00000000 at 0xa0008060
[23046.776916] PUF Read:0x00000000 at 0xa0008064
[23046.776916] PUF Read:0x00000000 at 0xa0008068
[23046.776916] PUF Read:0x00000000 at 0xa000806c
[23046.776977] PUF Read:0x00000000 at 0xa0008070
[23046.777008] PUF Read:0x00000000 at 0xa0008074
[23046.777008] PUF Read:0x00000000 at 0xa0008078
[23046.777008] PUF Read:0x00000000 at 0xa000807c
[23046.777008] PUF Read:0x00000000 at 0xa0008080
[23046.777008] PUF Read:0x00000000 at 0xa0008084
[23046.777008] PUF Read:0x00000000 at 0xa0008088
[23046.777160] PUF Read:0x00000000 at 0xa000808c
[23046.777160] PUF Read:0x00000000 at 0xa0008090
[23046.777160] PUF Read:0x00000000 at 0xa0008094
[23046.777160] PUF Read:0x00010000 at 0xa0008098
[23046.777160] PUF Read:0x00000000 at 0xa000809c
[23046.777160] PUF Read:0x00000000 at 0xa00080a0
[23046.777160] PUF Read:0x00000000 at 0xa00080a4
[23046.777343] PUF Read:0x00000000 at 0xa00080a8
[23046.777374] PUF Read:0x00000040 at 0xa00080ac
[23046.777374] PUF Read:0x00000000 at 0xa00080b0
[23046.777374] PUF Read:0x00000000 at 0xa00080b4
[23046.777435] PUF Read:0x00000000 at 0xa00080b8
[23046.777435] PUF Read:0x00000000 at 0xa00080bc
[23046.777496] PUF Read:0x00000000 at 0xa00080c0
[23046.777496] PUF Read:0x00000000 at 0xa00080c4
[23046.777496] PUF Read:0x00000000 at 0xa00080c8
[23046.777496] PUF Read:0x00000000 at 0xa00080cc
[23046.777587] PUF Read:0x40004000 at 0xa00080d0
[23046.777587] PUF Read:0x00000000 at 0xa00080d4
[23046.777648] PUF Read:0x00000000 at 0xa00080d8
[23046.777679] PUF Read:0x00000000 at 0xa00080dc
[23046.777679] PUF Read:0x01000000 at 0xa00080e0
[23046.777679] PUF Read:0x00000000 at 0xa00080e4
[23046.777740] PUF Read:0x00000000 at 0xa00080e8
[23046.777740] PUF Read:0x00000001 at 0xa00080ec
[23046.777801] PUF Read:0x00000000 at 0xa00080f0
[23046.777832] PUF Read:0x00000000 at 0xa00080f4
[23046.777832] PUF Read:0x00000000 at 0xa00080f8
[23046.777832] PUF Read:0x00000000 at 0xa00080fc
[23046.777893] PUF Read:0x00000000 at 0xa0008100
[23046.777893] PUF Read:0x00000000 at 0xa0008104
[23046.777954] PUF Read:0x00000000 at 0xa0008108
[23046.777984] PUF Read:0x00000000 at 0xa000810c
[23046.777984] PUF Read:0x00000000 at 0xa0008110
[23046.778045] PUF Read:0x00000000 at 0xa0008114
[23046.778045] PUF Read:0x00000000 at 0xa0008118
[23046.778045] PUF Read:0x00000000 at 0xa000811c
[23046.778106] PUF Read:0x00000000 at 0xa0008120
[23046.778137] PUF Read:0x00000000 at 0xa0008124
[23046.778137] PUF Read:0x00000000 at 0xa0008128
[23046.778198] PUF Read:0x00000000 at 0xa000812c
[23046.778198] PUF Read:0x00000000 at 0xa0008130
[23046.778198] PUF Read:0x00000000 at 0xa0008134
[23046.778259] PUF Read:0x00000000 at 0xa0008138
[23046.778289] PUF Read:0x00000000 at 0xa000813c
[23046.778289] PUF Read:0x00000000 at 0xa0008140
[23046.778289] PUF Read:0x00000000 at 0xa0008144
[23046.778289] PUF Read:0x00100400 at 0xa0008148
[23046.778289] PUF Read:0x00000000 at 0xa000814c
[23046.778289] PUF Read:0x00000000 at 0xa0008150
[23046.778442] PUF Read:0x00000000 at 0xa0008154
[23046.778442] PUF Read:0x00000000 at 0xa0008158
[23046.778442] PUF Read:0x00000040 at 0xa000815c
[23046.778442] PUF Read:0x00000000 at 0xa0008160
[23046.778442] PUF Read:0x00000000 at 0xa0008164
[23046.778442] PUF Read:0x00000000 at 0xa0008168
[23046.778594] PUF Read:0x00400000 at 0xa000816c
[23046.778594] PUF Read:0x00000000 at 0xa0008170
[23046.778594] PUF Read:0x00000000 at 0xa0008174
[23046.778594] PUF Read:0x00000000 at 0xa0008178
[23046.778594] PUF Read:0x00000000 at 0xa000817c
[23046.778594] PUF Read:0x00000000 at 0xa0008180
[23046.778747] PUF Read:0x00000000 at 0xa0008184
[23046.778778] PUF Read:0x00000000 at 0xa0008188
[23046.778778] PUF Read:0x00000000 at 0xa000818c
[23046.778778] PUF Read:0x00000000 at 0xa0008190
[23046.778778] PUF Read:0x40000000 at 0xa0008194
[23046.778778] PUF Read:0x00000000 at 0xa0008198
[23046.778778] PUF Read:0x00000000 at 0xa000819c
[23046.778930] PUF Read:0x00000000 at 0xa00081a0
[23046.778930] PUF Read:0x00000000 at 0xa00081a4
[23046.778930] PUF Read:0x00000000 at 0xa00081a8
[23046.778930] PUF Read:0x00000000 at 0xa00081ac
[23046.778930] PUF Read:0x00400000 at 0xa00081b0
[23046.778930] PUF Read:0x00000000 at 0xa00081b4
[23046.779083] PUF Read:0x00000000 at 0xa00081b8
[23046.779083] PUF Read:0x00000000 at 0xa00081bc
[23046.779083] PUF Read:0x00000000 at 0xa00081c0
[23046.779083] PUF Read:0x00000004 at 0xa00081c4
[23046.779083] PUF Read:0x00000000 at 0xa00081c8
[23046.779083] PUF Read:0x00000000 at 0xa00081cc
[23046.779235] PUF Read:0x10000000 at 0xa00081d0
[23046.779266] PUF Read:0x00000000 at 0xa00081d4
[23046.779266] PUF Read:0x00000000 at 0xa00081d8
[23046.779266] PUF Read:0x00000000 at 0xa00081dc
[23046.779327] PUF Read:0x00000000 at 0xa00081e0
[23046.779327] PUF Read:0x00000040 at 0xa00081e4
[23046.779388] PUF Read:0x00000000 at 0xa00081e8
[23046.779418] PUF Read:0x00000000 at 0xa00081ec
[23046.779418] PUF Read:0x00000000 at 0xa00081f0
[23046.779418] PUF Read:0x00000400 at 0xa00081f4
[23046.779479] PUF Read:0x00000000 at 0xa00081f8
[23046.779479] PUF Read:0x00000000 at 0xa00081fc
[23046.779541] PUF Read:0x00000000 at 0xa0008200
[23046.779571] PUF Read:0x00000000 at 0xa0008204
[23046.779571] PUF Read:0x00000000 at 0xa0008208
[23046.779571] PUF Read:0x00000000 at 0xa000820c
[23046.779632] PUF Read:0x00000000 at 0xa0008210
[23046.779632] PUF Read:0x00000000 at 0xa0008214
[23046.779693] PUF Read:0x00000000 at 0xa0008218
[23046.779724] PUF Read:0x00000000 at 0xa000821c
[23046.779724] PUF Read:0x00000000 at 0xa0008220
[23046.779724] PUF Read:0x00000000 at 0xa0008224
[23046.779785] PUF Read:0x00000000 at 0xa0008228
[23046.779785] PUF Read:0x00000000 at 0xa000822c
[23046.779846] PUF Read:0x00000000 at 0xa0008230
[23046.779876] PUF Read:0x00400000 at 0xa0008234
[23046.779876] PUF Read:0x00000000 at 0xa0008238
[23046.779876] PUF Read:0x00000000 at 0xa000823c
[23046.779937] PUF Read:0x00000000 at 0xa0008240
[23046.779937] PUF Read:0x00000000 at 0xa0008244
[23046.779998] PUF Read:0x00000000 at 0xa0008248
[23046.780029] PUF Read:0x00000000 at 0xa000824c
[23046.780029] PUF Read:0x00000000 at 0xa0008250
[23046.780029] PUF Read:0x00100000 at 0xa0008254
[23046.780029] PUF Read:0x00000000 at 0xa0008258
[23046.780029] PUF Read:0x00000000 at 0xa000825c
[23046.780029] PUF Read:0x00000000 at 0xa0008260
[23046.780181] PUF Read:0x00000000 at 0xa0008264
[23046.780181] PUF Read:0x00000000 at 0xa0008268
[23046.780181] PUF Read:0x00000000 at 0xa000826c
[23046.780181] PUF Read:0x00000000 at 0xa0008270
[23046.780181] PUF Read:0x00000000 at 0xa0008274
[23046.780181] PUF Read:0x00000000 at 0xa0008278
[23046.780334] PUF Read:0x00000000 at 0xa000827c
[23046.780364] PUF Read:0x00000000 at 0xa0008280
[23046.780364] PUF Read:0x00000000 at 0xa0008284
[23046.780426] PUF Read:0x00000000 at 0xa0008288
[23046.780426] PUF Read:0x00000000 at 0xa000828c
[23046.780426] PUF Read:0x00000000 at 0xa0008290
[23046.780487] PUF Read:0x00000000 at 0xa0008294
[23046.780517] PUF Read:0x00000000 at 0xa0008298
[23046.780517] PUF Read:0x00000000 at 0xa000829c
[23046.780578] PUF Read:0x00000000 at 0xa00082a0
[23046.780578] PUF Read:0x00001000 at 0xa00082a4
[23046.780578] PUF Read:0x00000000 at 0xa00082a8
[23046.780639] PUF Read:0x00000000 at 0xa00082ac
[23046.780670] PUF Read:0x00000000 at 0xa00082b0
[23046.780670] PUF Read:0x00000000 at 0xa00082b4
[23046.780731] PUF Read:0x00000040 at 0xa00082b8
[23046.780731] PUF Read:0x00000000 at 0xa00082bc
[23046.780731] PUF Read:0x00000000 at 0xa00082c0
[23046.780792] PUF Read:0x00000000 at 0xa00082c4
[23046.780822] PUF Read:0x10000000 at 0xa00082c8
[23046.780822] PUF Read:0x00000000 at 0xa00082cc
[23046.780883] PUF Read:0x00000000 at 0xa00082d0
[23046.780883] PUF Read:0x00000000 at 0xa00082d4
[23046.780883] PUF Read:0x00000000 at 0xa00082d8
[23046.780944] PUF Read:0x00000000 at 0xa00082dc
[23046.780975] PUF Read:0x00000000 at 0xa00082e0
[23046.780975] PUF Read:0x00000400 at 0xa00082e4
[23046.780975] PUF Read:0x00000000 at 0xa00082e8
[23046.780975] PUF Read:0x00000000 at 0xa00082ec
[23046.780975] PUF Read:0x00000000 at 0xa00082f0
[23046.780975] PUF Read:0x00000000 at 0xa00082f4
[23046.781127] PUF Read:0x00000000 at 0xa00082f8
[23046.781127] PUF Read:0x00000000 at 0xa00082fc
[23046.781127] PUF Read:0x00000000 at 0xa0008300
[23046.781127] PUF Read:0x00000000 at 0xa0008304
[23046.781127] PUF Read:0x00000000 at 0xa0008308
[23046.781250] PUF Read:0x00000000 at 0xa000830c
[23046.781280] PUF Read:0x00000000 at 0xa0008310
[23046.781280] PUF Read:0x00000000 at 0xa0008314
[23046.781280] PUF Read:0x01000000 at 0xa0008318
[23046.781280] PUF Read:0x10000000 at 0xa000831c
[23046.781280] PUF Read:0x00000000 at 0xa0008320
[23046.781280] PUF Read:0x00000000 at 0xa0008324
[23046.781433] PUF Read:0x00000000 at 0xa0008328
[23046.781463] PUF Read:0x00000000 at 0xa000832c
[23046.781463] PUF Read:0x00000004 at 0xa0008330
[23046.781463] PUF Read:0x00000000 at 0xa0008334
[23046.781524] PUF Read:0x00000000 at 0xa0008338
[23046.781524] PUF Read:0x00000000 at 0xa000833c
[23046.781585] PUF Read:0x00000000 at 0xa0008340
[23046.781616] PUF Read:0x00000000 at 0xa0008344
[23046.781616] PUF Read:0x00000000 at 0xa0008348
[23046.781616] PUF Read:0x00000000 at 0xa000834c
[23046.781616] PUF Read:0x00000000 at 0xa0008350
[23046.781616] PUF Read:0x00000000 at 0xa0008354
[23046.781738] PUF Read:0x00000000 at 0xa0008358
[23046.781738] PUF Read:0x00000000 at 0xa000835c
[23046.781738] PUF Read:0x00010000 at 0xa0008360
[23046.781738] PUF Read:0x00000000 at 0xa0008364
[23046.781738] PUF Read:0x00000000 at 0xa0008368
[23046.781738] PUF Read:0x00000000 at 0xa000836c
[23046.781890] PUF Read:0x00000000 at 0xa0008370
[23046.781921] PUF Read:0x00000000 at 0xa0008374
[23046.781921] PUF Read:0x00000000 at 0xa0008378
[23046.781921] PUF Read:0x00000000 at 0xa000837c
[23046.781921] PUF Read:0x00000000 at 0xa0008380
[23046.781921] PUF Read:0x00000000 at 0xa0008384
[23046.781921] PUF Read:0x00000000 at 0xa0008388
[23046.782073] PUF Read:0x00000000 at 0xa000838c
[23046.782073] PUF Read:0x00000000 at 0xa0008390
[23046.782073] PUF Read:0x00000000 at 0xa0008394
[23046.782073] PUF Read:0x00000000 at 0xa0008398
[23046.782073] PUF Read:0x00000000 at 0xa000839c
[23046.782073] PUF Read:0x00000000 at 0xa00083a0
[23046.782226] PUF Read:0x00000000 at 0xa00083a4
[23046.782226] PUF Read:0x00000000 at 0xa00083a8
[23046.782226] PUF Read:0x00000000 at 0xa00083ac
[23046.782226] PUF Read:0x00000000 at 0xa00083b0
[23046.782226] PUF Read:0x00000000 at 0xa00083b4
[23046.782226] PUF Read:0x00000000 at 0xa00083b8
[23046.782379] PUF Read:0x00000000 at 0xa00083bc
[23046.782379] PUF Read:0x00000000 at 0xa00083c0
[23046.782379] PUF Read:0x00000000 at 0xa00083c4
[23046.782379] PUF Read:0x00000000 at 0xa00083c8
[23046.782379] PUF Read:0x00000000 at 0xa00083cc
[23046.782501] PUF Read:0x00000000 at 0xa00083d0
[23046.782531] PUF Read:0x00010000 at 0xa00083d4
[23046.782531] PUF Read:0x00000000 at 0xa00083d8
[23046.782592] PUF Read:0x00000000 at 0xa00083dc
[23046.782592] PUF Read:0x00100004 at 0xa00083e0
[23046.782592] PUF Read:0x00000000 at 0xa00083e4
[23046.782653] PUF Read:0x00000000 at 0xa00083e8
[23046.782684] PUF Read:0x00000000 at 0xa00083ec
[23046.782684] PUF Read:0x00000000 at 0xa00083f0
[23046.782684] PUF Read:0x00000000 at 0xa00083f4
[23046.782745] PUF Read:0x00000004 at 0xa00083f8
[23046.782745] PUF Read:0x00040000 at 0xa00083fc
[23046.782806] [i] Finished PUF read-out
[23046.782806] <6>[i] Finished PUF query for decaytime: 7680
[23046.782806] [i] Start decaytime: 120
[23046.782836] EMIF 2 REG Write 0x80000000 at 0x4d000010
[23046.782836] EMIF 2 REG Read 0x80000000 at 0x4d000010
[23046.782867] EMIF 2 REG Write 0x80000000 at 0x4d000014
[23046.782867] EMIF 2 REG Read 0x00000000 at 0x4d000014
[23046.782897] EMIF 2 REG Write 0x08016893 at 0x4d0000cc
[23046.782897] EMIF 2 REG Read 0x08016893 at 0x4d0000cc
[23046.782897] Temp polling alert disabled
[23046.782928] Refresh Disabled at EMIF2
[23046.782928] [i] Initialiting PUF & hammer rows
[23046.782928] [i] Single-Sided Rowhammer (SSRH)
[23046.789703] [i] Finished initialiting PUF & hammer rows
[23046.789703] [i]	Timer elapsed since its reset 0 sec
[23046.789733] [i] Decay: 120 sec
[23046.789733] [i]	Relative Decay: 0 msec
