[77259.033905] [i] Total hammer attempts per row: 3728133
[77259.033935] EMIF 2 REG Write 0x00000618 at 0x4d000010
[77259.033935] EMIF 2 REG Read 0x00000618 at 0x4d000010
[77259.033966] EMIF 2 REG Write 0x00000618 at 0x4d000014
[77259.033966] EMIF 2 REG Read 0x00000618 at 0x4d000014
[77259.033996] EMIF 2 REG Write 0x58016893 at 0x4d0000cc
[77259.033996] EMIF 2 REG Read 0x58016893 at 0x4d0000cc
[77259.034027] Temp polling alert enabled
[77259.034027] Refresh enabled at EMIF2
[77259.034027] [i] Starting PUF read-out
[77259.034027] [i] Single-Sided Rowhammer (SSRH)
[77259.034057] PUF Read:0xaaaa2aba at 0xa0008000
[77259.034057] PUF Read:0xaaaaaeaa at 0xa0008004
[77259.034118] PUF Read:0xaaaaaaaa at 0xa0008008
[77259.034149] PUF Read:0xa2aaaa2a at 0xa000800c
[77259.034149] PUF Read:0xaaaaaaaa at 0xa0008010
[77259.034149] PUF Read:0x8aaaabaa at 0xa0008014
[77259.034149] PUF Read:0xaaaa2aaa at 0xa0008018
[77259.034149] PUF Read:0xaaa0aaaa at 0xa000801c
[77259.034149] PUF Read:0xaaaaaaaa at 0xa0008020
[77259.034149] PUF Read:0xeaaaeaaa at 0xa0008024
[77259.034332] PUF Read:0xaaaaeaaa at 0xa0008028
[77259.034362] PUF Read:0xaaaaaaba at 0xa000802c
[77259.034362] PUF Read:0xeaaaaaa8 at 0xa0008030
[77259.034362] PUF Read:0xaeaaaaaa at 0xa0008034
[77259.034423] PUF Read:0xaaaaeaaa at 0xa0008038
[77259.034423] PUF Read:0xaaaaaaaa at 0xa000803c
[77259.034484] PUF Read:0xaaaaaaab at 0xa0008040
[77259.034515] PUF Read:0xaaaaeaaa at 0xa0008044
[77259.034515] PUF Read:0xaaaaaaaa at 0xa0008048
[77259.034515] PUF Read:0xaaaaaaa9 at 0xa000804c
[77259.034576] PUF Read:0xa2aaaaaa at 0xa0008050
[77259.034576] PUF Read:0xaaaaa8aa at 0xa0008054
[77259.034576] PUF Read:0xaaaaaa8a at 0xa0008058
[77259.034667] PUF Read:0xaaaaaaaa at 0xa000805c
[77259.034667] PUF Read:0xaaaaaaaa at 0xa0008060
[77259.034667] PUF Read:0xaaaa2aaa at 0xa0008064
[77259.034667] PUF Read:0xaaaaaaaa at 0xa0008068
[77259.034667] PUF Read:0xaaaaaaaa at 0xa000806c
[77259.034667] PUF Read:0xaaaaaaaa at 0xa0008070
[77259.034820] PUF Read:0xaaaaaaaa at 0xa0008074
[77259.034851] PUF Read:0xaaaaaaaa at 0xa0008078
[77259.034851] PUF Read:0xaaabaaaa at 0xa000807c
[77259.034851] PUF Read:0xaaabaaaa at 0xa0008080
[77259.034912] PUF Read:0xaaaaaaaa at 0xa0008084
[77259.034912] PUF Read:0xaaaaaaaa at 0xa0008088
[77259.034973] PUF Read:0xaaaaaaaa at 0xa000808c
[77259.035003] PUF Read:0xaaaa8aaa at 0xa0008090
[77259.035003] PUF Read:0xbaaaaaaa at 0xa0008094
[77259.035003] PUF Read:0x2aebaaab at 0xa0008098
[77259.035064] PUF Read:0xaaaaaaaa at 0xa000809c
[77259.035064] PUF Read:0x8aaaaa2a at 0xa00080a0
[77259.035125] PUF Read:0xaaabaaaa at 0xa00080a4
[77259.035156] PUF Read:0xaa8aaaab at 0xa00080a8
[77259.035156] PUF Read:0xaaaa8aeb at 0xa00080ac
[77259.035156] PUF Read:0xaaaaaaaa at 0xa00080b0
[77259.035156] PUF Read:0x2a2aaaaa at 0xa00080b4
[77259.035156] PUF Read:0xaaaaeaaa at 0xa00080b8
[77259.035156] PUF Read:0x8aaaaaaa at 0xa00080bc
[77259.035308] PUF Read:0xaaaaaeaa at 0xa00080c0
[77259.035308] PUF Read:0xaaaaaaaa at 0xa00080c4
[77259.035308] PUF Read:0xbaa2aaaa at 0xa00080c8
[77259.035308] PUF Read:0xabaaaaaa at 0xa00080cc
[77259.035308] PUF Read:0xeaaeeaaa at 0xa00080d0
[77259.035308] PUF Read:0xaaaa2aa8 at 0xa00080d4
[77259.035461] PUF Read:0xaaaa3aaa at 0xa00080d8
[77259.035491] PUF Read:0xaaaaaaaa at 0xa00080dc
[77259.035491] PUF Read:0xabaaaaaa at 0xa00080e0
[77259.035491] PUF Read:0xaaaaaaaa at 0xa00080e4
[77259.035552] PUF Read:0xaaaaaaaa at 0xa00080e8
[77259.035552] PUF Read:0xaaaaaaab at 0xa00080ec
[77259.035614] PUF Read:0x8aaaaaaa at 0xa00080f0
[77259.035644] PUF Read:0xaaaaaaaa at 0xa00080f4
[77259.035644] PUF Read:0xaaaaabaa at 0xa00080f8
[77259.035644] PUF Read:0xaa8aaaaa at 0xa00080fc
[77259.035705] PUF Read:0xaaaaaaaa at 0xa0008100
[77259.035705] PUF Read:0xaaaaaaaa at 0xa0008104
[77259.035705] PUF Read:0xaaa2aaaa at 0xa0008108
[77259.035797] PUF Read:0xaaaaaaaa at 0xa000810c
[77259.035827] PUF Read:0xaaaaaaaa at 0xa0008110
[77259.035827] PUF Read:0xa8ea2aaa at 0xa0008114
[77259.035888] PUF Read:0xaaaaaaaa at 0xa0008118
[77259.035888] PUF Read:0xa8aaaaaa at 0xa000811c
[77259.035888] PUF Read:0xaaaaaaaa at 0xa0008120
[77259.035888] PUF Read:0xaaaaaeaa at 0xa0008124
[77259.035980] PUF Read:0xaaaaaaea at 0xa0008128
[77259.035980] PUF Read:0xaaaaaaaa at 0xa000812c
[77259.035980] PUF Read:0xaaaaaaaa at 0xa0008130
[77259.035980] PUF Read:0xaaaaaa2a at 0xa0008134
[77259.035980] PUF Read:0xaa8baaaa at 0xa0008138
[77259.035980] PUF Read:0xaaaaaaaa at 0xa000813c
[77259.036132] PUF Read:0xeaaaaeaa at 0xa0008140
[77259.036132] PUF Read:0xaaaaaaaa at 0xa0008144
[77259.036132] PUF Read:0xaabaaeaa at 0xa0008148
[77259.036132] PUF Read:0xaaaaaaaa at 0xa000814c
[77259.036132] PUF Read:0xaaaaaaaa at 0xa0008150
[77259.036132] PUF Read:0xaaaaaaaa at 0xa0008154
[77259.036285] PUF Read:0xaaaaaaaa at 0xa0008158
[77259.036285] PUF Read:0xaabaaaea at 0xa000815c
[77259.036285] PUF Read:0xaaaabaaa at 0xa0008160
[77259.036285] PUF Read:0xaaaaaaaa at 0xa0008164
[77259.036376] PUF Read:0xaeaaaaaa at 0xa0008168
[77259.036376] PUF Read:0xaaeaaaaa at 0xa000816c
[77259.036437] PUF Read:0x2aaaaaaa at 0xa0008170
[77259.036468] PUF Read:0xaabaaaaa at 0xa0008174
[77259.036468] PUF Read:0xaaaaaaaa at 0xa0008178
[77259.036468] PUF Read:0xaaaaaaaa at 0xa000817c
[77259.036529] PUF Read:0xaaaa2a2a at 0xa0008180
[77259.036529] PUF Read:0xaaaaaaaa at 0xa0008184
[77259.036590] PUF Read:0xaa2eaaaa at 0xa0008188
[77259.036621] PUF Read:0xaaaaaaea at 0xa000818c
[77259.036621] PUF Read:0x2aaaaaaa at 0xa0008190
[77259.036621] PUF Read:0xeaaaaaaa at 0xa0008194
[77259.036682] PUF Read:0xaaaaaaaa at 0xa0008198
[77259.036682] PUF Read:0xaaaaaaaa at 0xa000819c
[77259.036743] PUF Read:0xaaaaaaaa at 0xa00081a0
[77259.036773] PUF Read:0xaaaaaaaa at 0xa00081a4
[77259.036773] PUF Read:0xaaa2aaaa at 0xa00081a8
[77259.036773] PUF Read:0xaaaaaaaa at 0xa00081ac
[77259.036834] PUF Read:0xaaebaaaa at 0xa00081b0
[77259.036834] PUF Read:0xaaaaaaaa at 0xa00081b4
[77259.036895] PUF Read:0xaaaaaaaa at 0xa00081b8
[77259.036926] PUF Read:0xa2baaaaa at 0xa00081bc
[77259.036926] PUF Read:0xaaa88aaa at 0xa00081c0
[77259.036926] PUF Read:0xaaaaaaae at 0xa00081c4
[77259.036987] PUF Read:0xaaaaaaaa at 0xa00081c8
[77259.036987] PUF Read:0xaa2baaaa at 0xa00081cc
[77259.037048] PUF Read:0xbaaaaaaa at 0xa00081d0
[77259.037078] PUF Read:0xaaaaaa2a at 0xa00081d4
[77259.037078] PUF Read:0xaaaaaaaa at 0xa00081d8
[77259.037078] PUF Read:0xaaaaaaaa at 0xa00081dc
[77259.037078] PUF Read:0xaaaaaaaa at 0xa00081e0
[77259.037078] PUF Read:0xaaaaaaea at 0xa00081e4
[77259.037200] PUF Read:0xaaaaaaaa at 0xa00081e8
[77259.037231] PUF Read:0xaa2aaaaa at 0xa00081ec
[77259.037231] PUF Read:0xaa8aaaab at 0xa00081f0
[77259.037231] PUF Read:0xaaaaaeaa at 0xa00081f4
[77259.037231] PUF Read:0xaaaaaaa2 at 0xa00081f8
[77259.037322] PUF Read:0xaaaaaaea at 0xa00081fc
[77259.037322] PUF Read:0xaaaaaaaa at 0xa0008200
[77259.037384] PUF Read:0xaaaaaaaa at 0xa0008204
[77259.037414] PUF Read:0xaaaaaaba at 0xa0008208
[77259.037414] PUF Read:0xa8aaaaaa at 0xa000820c
[77259.037475] PUF Read:0xaaaaa2a8 at 0xa0008210
[77259.037475] PUF Read:0xaaaaaaaa at 0xa0008214
[77259.037475] PUF Read:0xaaaaaeaa at 0xa0008218
[77259.037475] PUF Read:0xaaaaaaaa at 0xa000821c
[77259.037567] PUF Read:0xaaaaaaaa at 0xa0008220
[77259.037567] PUF Read:0xaabaaaaa at 0xa0008224
[77259.037567] PUF Read:0xaaaaaaaa at 0xa0008228
[77259.037567] PUF Read:0xaaaaaaaa at 0xa000822c
[77259.037567] PUF Read:0xaaaaafaa at 0xa0008230
[77259.037567] PUF Read:0x286aaaaa at 0xa0008234
[77259.037719] PUF Read:0xaaaaaaaa at 0xa0008238
[77259.037719] PUF Read:0xaaaaaaaa at 0xa000823c
[77259.037719] PUF Read:0xaaaaaaaa at 0xa0008240
[77259.037719] PUF Read:0xaaaaaaaa at 0xa0008244
[77259.037719] PUF Read:0xaaaaaaaa at 0xa0008248
[77259.037719] PUF Read:0xaaaaaaaa at 0xa000824c
[77259.037872] PUF Read:0xaaaaaaaa at 0xa0008250
[77259.037902] PUF Read:0xaabaaaaa at 0xa0008254
[77259.037902] PUF Read:0xaaaaaaaa at 0xa0008258
[77259.037902] PUF Read:0xaeaeaaaa at 0xa000825c
[77259.037963] PUF Read:0xaaaaaaaa at 0xa0008260
[77259.037963] PUF Read:0xaaaaaaaa at 0xa0008264
[77259.038024] PUF Read:0xaaaa8caa at 0xa0008268
[77259.038055] PUF Read:0xaaaaaaaa at 0xa000826c
[77259.038055] PUF Read:0xaaaaaaaa at 0xa0008270
[77259.038055] PUF Read:0xaaaaaaaa at 0xa0008274
[77259.038116] PUF Read:0xaaaaaaea at 0xa0008278
[77259.038116] PUF Read:0xaabaaaaa at 0xa000827c
[77259.038177] PUF Read:0xeaaaaaaa at 0xa0008280
[77259.038208] PUF Read:0xa2aaaaaa at 0xa0008284
[77259.038208] PUF Read:0xaaeaaaaa at 0xa0008288
[77259.038208] PUF Read:0xaaaaaaaa at 0xa000828c
[77259.038269] PUF Read:0xaaaaaaa8 at 0xa0008290
[77259.038269] PUF Read:0xa8aaaaaa at 0xa0008294
[77259.038330] PUF Read:0xaaaaaaaa at 0xa0008298
[77259.038360] PUF Read:0xaaaaaaaa at 0xa000829c
[77259.038360] PUF Read:0xaaaaaaaa at 0xa00082a0
[77259.038360] PUF Read:0xaaaabaaa at 0xa00082a4
[77259.038421] PUF Read:0xaaaaaaaa at 0xa00082a8
[77259.038421] PUF Read:0xaaaaaaaa at 0xa00082ac
[77259.038482] PUF Read:0xaaaaaaaa at 0xa00082b0
[77259.038513] PUF Read:0xaaaaaaaa at 0xa00082b4
[77259.038513] PUF Read:0xaaa8aaea at 0xa00082b8
[77259.038513] PUF Read:0xaaaaaaaa at 0xa00082bc
[77259.038513] PUF Read:0xaaaaaaaa at 0xa00082c0
[77259.038513] PUF Read:0xaaaaaaaa at 0xa00082c4
[77259.038513] PUF Read:0xbaaaaaaa at 0xa00082c8
[77259.038665] PUF Read:0xaaaaaaaa at 0xa00082cc
[77259.038696] PUF Read:0xaabaaaaa at 0xa00082d0
[77259.038696] PUF Read:0xaaaaaaaa at 0xa00082d4
[77259.038696] PUF Read:0xeaaaaaaa at 0xa00082d8
[77259.038757] PUF Read:0xaaaaeaaa at 0xa00082dc
[77259.038757] PUF Read:0xaaaaaaaa at 0xa00082e0
[77259.038757] PUF Read:0xaaaaaeaa at 0xa00082e4
[77259.038848] PUF Read:0xaaaaabaa at 0xa00082e8
[77259.038848] PUF Read:0xaaaaaaab at 0xa00082ec
[77259.038848] PUF Read:0xaaaaaaab at 0xa00082f0
[77259.038848] PUF Read:0xaaaaaaaa at 0xa00082f4
[77259.038848] PUF Read:0xaaaaaaaa at 0xa00082f8
[77259.038848] PUF Read:0xaaaaaaaa at 0xa00082fc
[77259.039001] PUF Read:0xaaaaaaaa at 0xa0008300
[77259.039031] PUF Read:0xaaaaaaaa at 0xa0008304
[77259.039031] PUF Read:0xaaaa8aaa at 0xa0008308
[77259.039031] PUF Read:0xaaaaaaaa at 0xa000830c
[77259.039093] PUF Read:0xaaaaaa8a at 0xa0008310
[77259.039093] PUF Read:0xaaaaaaaa at 0xa0008314
[77259.039154] PUF Read:0x2bfaaaaa at 0xa0008318
[77259.039184] PUF Read:0xbaaaaaaa at 0xa000831c
[77259.039184] PUF Read:0xaaaa8aaa at 0xa0008320
[77259.039184] PUF Read:0xaaaaabaa at 0xa0008324
[77259.039245] PUF Read:0xaaaaaaaa at 0xa0008328
[77259.039245] PUF Read:0xaaabaaa8 at 0xa000832c
[77259.039306] PUF Read:0xaaaaaaae at 0xa0008330
[77259.039337] PUF Read:0xaaaaaaaa at 0xa0008334
[77259.039337] PUF Read:0xaaaabaaa at 0xa0008338
[77259.039337] PUF Read:0xaaaaaaaa at 0xa000833c
[77259.039337] PUF Read:0xbaaaabaa at 0xa0008340
[77259.039337] PUF Read:0xaaaaaa2b at 0xa0008344
[77259.039337] PUF Read:0xaaaaaaaa at 0xa0008348
[77259.039489] PUF Read:0xaaaaabaa at 0xa000834c
[77259.039489] PUF Read:0xaaaa8a8a at 0xa0008350
[77259.039489] PUF Read:0x8aaaaaaa at 0xa0008354
[77259.039489] PUF Read:0xaaaaaaaa at 0xa0008358
[77259.039489] PUF Read:0xaaaaaaaa at 0xa000835c
[77259.039489] PUF Read:0xaaabeaaa at 0xa0008360
[77259.039642] PUF Read:0xaaaaaa2a at 0xa0008364
[77259.039672] PUF Read:0xaaaaaaaa at 0xa0008368
[77259.039672] PUF Read:0xaaaaaeaa at 0xa000836c
[77259.039672] PUF Read:0xaaaaaaaa at 0xa0008370
[77259.039672] PUF Read:0xaaaaaaaa at 0xa0008374
[77259.039672] PUF Read:0xeaaa8aaa at 0xa0008378
[77259.039794] PUF Read:0xaaaaaaaa at 0xa000837c
[77259.039825] PUF Read:0xaaaaaaa8 at 0xa0008380
[77259.039825] PUF Read:0xaaaaaaaa at 0xa0008384
[77259.039825] PUF Read:0xaaaaaaaa at 0xa0008388
[77259.039886] PUF Read:0xaaaaaaaa at 0xa000838c
[77259.039886] PUF Read:0xaaaaaaab at 0xa0008390
[77259.039947] PUF Read:0xaaaaabaa at 0xa0008394
[77259.039978] PUF Read:0xaaaaaaaa at 0xa0008398
[77259.039978] PUF Read:0xaaa2aaaa at 0xa000839c
[77259.039978] PUF Read:0xaaaaaaaa at 0xa00083a0
[77259.040039] PUF Read:0xaaaaaaaa at 0xa00083a4
[77259.040039] PUF Read:0xaaaaaaaa at 0xa00083a8
[77259.040100] PUF Read:0xaaaabaaa at 0xa00083ac
[77259.040130] PUF Read:0xaaaaaaa2 at 0xa00083b0
[77259.040130] PUF Read:0xaaaaaaaa at 0xa00083b4
[77259.040191] PUF Read:0xaaaaaaaa at 0xa00083b8
[77259.040191] PUF Read:0xaaaaaaaa at 0xa00083bc
[77259.040191] PUF Read:0xaaaaaaea at 0xa00083c0
[77259.040252] PUF Read:0xaeaaaaaa at 0xa00083c4
[77259.040283] PUF Read:0xaaaaaaaa at 0xa00083c8
[77259.040283] PUF Read:0xaaa2aaaa at 0xa00083cc
[77259.040344] PUF Read:0xaaaaaaaa at 0xa00083d0
[77259.040344] PUF Read:0xaaabaaaa at 0xa00083d4
[77259.040374] PUF Read:0xaa2aaaaa at 0xa00083d8
[77259.040374] PUF Read:0xaaaaaaaa at 0xa00083dc
[77259.040435] PUF Read:0xaabeaaaa at 0xa00083e0
[77259.040466] PUF Read:0xb22aa8aa at 0xa00083e4
[77259.040466] PUF Read:0xaaaaaa2a at 0xa00083e8
[77259.040527] PUF Read:0xaaaaaaaa at 0xa00083ec
[77259.040527] PUF Read:0xaaa8aeaa at 0xa00083f0
[77259.040527] PUF Read:0xaeaaaaaa at 0xa00083f4
[77259.040588] PUF Read:0xaaaaaaae at 0xa00083f8
[77259.040618] PUF Read:0x8aaeaaaa at 0xa00083fc
[77259.040618] [i] Finished PUF read-out
[77259.040649] <6>[i] Finished PUF query for decaytime: 15360
[77259.040649] End measurement:7
[77259.040649] [i] Start measurement: 8
[77259.040679] [i] Start decaytime: 60
[77259.040679] EMIF 2 REG Write 0x80000000 at 0x4d000010
[77259.040710] EMIF 2 REG Read 0x80000000 at 0x4d000010
[77259.040710] EMIF 2 REG Write 0x80000000 at 0x4d000014
[77259.040710] EMIF 2 REG Read 0x00000000 at 0x4d000014
[77259.040740] EMIF 2 REG Write 0x08016893 at 0x4d0000cc
[77259.040740] EMIF 2 REG Read 0x08016893 at 0x4d0000cc
[77259.040771] Temp polling alert disabled
[77259.040771] Refresh Disabled at EMIF2
[77259.040771] [i] Initialiting PUF & hammer rows
[77259.040802] [i] Single-Sided Rowhammer (SSRH)
[77259.042938] [i] Finished initialiting PUF & hammer rows
[77259.048706] [i]	Timer elapsed since its reset 0 sec
[77259.048706] [i] Decay: 60 sec
[77259.048706] [i]	Relative Decay: 0 msec
