[23226.791564] [i] Total hammer attempts per row: 1863901
[23226.791564] EMIF 2 REG Write 0x00000618 at 0x4d000010
[23226.791564] EMIF 2 REG Read 0x00000618 at 0x4d000010
[23226.791625] EMIF 2 REG Write 0x00000618 at 0x4d000014
[23226.791625] EMIF 2 REG Read 0x00000618 at 0x4d000014
[23226.791656] EMIF 2 REG Write 0x58016893 at 0x4d0000cc
[23226.791656] EMIF 2 REG Read 0x58016893 at 0x4d0000cc
[23226.791656] Temp polling alert enabled
[23226.791687] Refresh enabled at EMIF2
[23226.791687] [i] Starting PUF read-out
[23226.791687] [i] Single-Sided Rowhammer (SSRH)
[23226.791717] PUF Read:0x00000000 at 0xa0008000
[23226.791717] PUF Read:0x00000000 at 0xa0008004
[23226.791717] PUF Read:0x00000000 at 0xa0008008
[23226.791717] PUF Read:0x00000000 at 0xa000800c
[23226.791717] PUF Read:0x00000000 at 0xa0008010
[23226.791839] PUF Read:0x00000100 at 0xa0008014
[23226.791839] PUF Read:0x00000000 at 0xa0008018
[23226.791900] PUF Read:0x00000000 at 0xa000801c
[23226.791931] PUF Read:0x00000000 at 0xa0008020
[23226.791931] PUF Read:0x40004000 at 0xa0008024
[23226.791931] PUF Read:0x00000000 at 0xa0008028
[23226.791931] PUF Read:0x00000000 at 0xa000802c
[23226.791931] PUF Read:0x00000000 at 0xa0008030
[23226.791931] PUF Read:0x00000000 at 0xa0008034
[23226.792083] PUF Read:0x00000000 at 0xa0008038
[23226.792083] PUF Read:0x00000000 at 0xa000803c
[23226.792083] PUF Read:0x00000001 at 0xa0008040
[23226.792083] PUF Read:0x00004000 at 0xa0008044
[23226.792175] PUF Read:0x00000000 at 0xa0008048
[23226.792175] PUF Read:0x00000000 at 0xa000804c
[23226.792236] PUF Read:0x00000000 at 0xa0008050
[23226.792266] PUF Read:0x00000000 at 0xa0008054
[23226.792266] PUF Read:0x00000000 at 0xa0008058
[23226.792266] PUF Read:0x00000000 at 0xa000805c
[23226.792327] PUF Read:0x00000000 at 0xa0008060
[23226.792327] PUF Read:0x00000000 at 0xa0008064
[23226.792388] PUF Read:0x00000000 at 0xa0008068
[23226.792419] PUF Read:0x00000000 at 0xa000806c
[23226.792419] PUF Read:0x00000000 at 0xa0008070
[23226.792419] PUF Read:0x00000000 at 0xa0008074
[23226.792480] PUF Read:0x00000000 at 0xa0008078
[23226.792480] PUF Read:0x00000000 at 0xa000807c
[23226.792541] PUF Read:0x00000000 at 0xa0008080
[23226.792572] PUF Read:0x00000000 at 0xa0008084
[23226.792572] PUF Read:0x00000000 at 0xa0008088
[23226.792572] PUF Read:0x00000000 at 0xa000808c
[23226.792633] PUF Read:0x00000000 at 0xa0008090
[23226.792633] PUF Read:0x00000000 at 0xa0008094
[23226.792694] PUF Read:0x00010000 at 0xa0008098
[23226.792724] PUF Read:0x00000000 at 0xa000809c
[23226.792724] PUF Read:0x00000000 at 0xa00080a0
[23226.792724] PUF Read:0x00000000 at 0xa00080a4
[23226.792785] PUF Read:0x00000000 at 0xa00080a8
[23226.792785] PUF Read:0x00000040 at 0xa00080ac
[23226.792846] PUF Read:0x00000000 at 0xa00080b0
[23226.792877] PUF Read:0x00000000 at 0xa00080b4
[23226.792877] PUF Read:0x00000000 at 0xa00080b8
[23226.792877] PUF Read:0x00000000 at 0xa00080bc
[23226.792877] PUF Read:0x00000000 at 0xa00080c0
[23226.792968] PUF Read:0x00000000 at 0xa00080c4
[23226.792968] PUF Read:0x00000000 at 0xa00080c8
[23226.792968] PUF Read:0x00000000 at 0xa00080cc
[23226.793060] PUF Read:0x40004000 at 0xa00080d0
[23226.793060] PUF Read:0x00000000 at 0xa00080d4
[23226.793060] PUF Read:0x00000000 at 0xa00080d8
[23226.793060] PUF Read:0x00000000 at 0xa00080dc
[23226.793060] PUF Read:0x01000000 at 0xa00080e0
[23226.793060] PUF Read:0x00000000 at 0xa00080e4
[23226.793212] PUF Read:0x00000000 at 0xa00080e8
[23226.793212] PUF Read:0x00000001 at 0xa00080ec
[23226.793212] PUF Read:0x00000000 at 0xa00080f0
[23226.793212] PUF Read:0x00000000 at 0xa00080f4
[23226.793304] PUF Read:0x00000000 at 0xa00080f8
[23226.793304] PUF Read:0x00000000 at 0xa00080fc
[23226.793365] PUF Read:0x00000000 at 0xa0008100
[23226.793395] PUF Read:0x00000000 at 0xa0008104
[23226.793395] PUF Read:0x00000000 at 0xa0008108
[23226.793395] PUF Read:0x00000000 at 0xa000810c
[23226.793457] PUF Read:0x00000000 at 0xa0008110
[23226.793457] PUF Read:0x00000000 at 0xa0008114
[23226.793518] PUF Read:0x00000000 at 0xa0008118
[23226.793548] PUF Read:0x00000000 at 0xa000811c
[23226.793548] PUF Read:0x00000000 at 0xa0008120
[23226.793548] PUF Read:0x00000000 at 0xa0008124
[23226.793609] PUF Read:0x00000000 at 0xa0008128
[23226.793609] PUF Read:0x00000000 at 0xa000812c
[23226.793670] PUF Read:0x00000000 at 0xa0008130
[23226.793701] PUF Read:0x00000000 at 0xa0008134
[23226.793701] PUF Read:0x00000000 at 0xa0008138
[23226.793701] PUF Read:0x00000000 at 0xa000813c
[23226.793762] PUF Read:0x00000400 at 0xa0008140
[23226.793762] PUF Read:0x00000000 at 0xa0008144
[23226.793823] PUF Read:0x00100400 at 0xa0008148
[23226.793853] PUF Read:0x00000000 at 0xa000814c
[23226.793853] PUF Read:0x00000000 at 0xa0008150
[23226.793853] PUF Read:0x00000000 at 0xa0008154
[23226.793914] PUF Read:0x00000000 at 0xa0008158
[23226.793914] PUF Read:0x00000040 at 0xa000815c
[23226.793975] PUF Read:0x00000000 at 0xa0008160
[23226.794006] PUF Read:0x00000000 at 0xa0008164
[23226.794006] PUF Read:0x00000000 at 0xa0008168
[23226.794006] PUF Read:0x00400000 at 0xa000816c
[23226.794067] PUF Read:0x00000000 at 0xa0008170
[23226.794067] PUF Read:0x00000000 at 0xa0008174
[23226.794128] PUF Read:0x00000000 at 0xa0008178
[23226.794158] PUF Read:0x00000000 at 0xa000817c
[23226.794158] PUF Read:0x00000000 at 0xa0008180
[23226.794158] PUF Read:0x00000000 at 0xa0008184
[23226.794219] PUF Read:0x00000000 at 0xa0008188
[23226.794219] PUF Read:0x00000000 at 0xa000818c
[23226.794281] PUF Read:0x00000000 at 0xa0008190
[23226.794311] PUF Read:0x40000000 at 0xa0008194
[23226.794311] PUF Read:0x00000000 at 0xa0008198
[23226.794311] PUF Read:0x00000000 at 0xa000819c
[23226.794372] PUF Read:0x00000000 at 0xa00081a0
[23226.794372] PUF Read:0x00000000 at 0xa00081a4
[23226.794433] PUF Read:0x00000000 at 0xa00081a8
[23226.794464] PUF Read:0x00000000 at 0xa00081ac
[23226.794494] PUF Read:0x00400000 at 0xa00081b0
[23226.794494] PUF Read:0x00000000 at 0xa00081b4
[23226.794494] PUF Read:0x00000000 at 0xa00081b8
[23226.794555] PUF Read:0x00000000 at 0xa00081bc
[23226.794555] PUF Read:0x00000000 at 0xa00081c0
[23226.794616] PUF Read:0x00000004 at 0xa00081c4
[23226.794647] PUF Read:0x00000000 at 0xa00081c8
[23226.794647] PUF Read:0x00000000 at 0xa00081cc
[23226.794647] PUF Read:0x10000000 at 0xa00081d0
[23226.794708] PUF Read:0x00000000 at 0xa00081d4
[23226.794708] PUF Read:0x00000000 at 0xa00081d8
[23226.794769] PUF Read:0x00000000 at 0xa00081dc
[23226.794799] PUF Read:0x00000000 at 0xa00081e0
[23226.794799] PUF Read:0x00000040 at 0xa00081e4
[23226.794860] PUF Read:0x00000000 at 0xa00081e8
[23226.794860] PUF Read:0x00000000 at 0xa00081ec
[23226.794860] PUF Read:0x00000000 at 0xa00081f0
[23226.794860] PUF Read:0x00000400 at 0xa00081f4
[23226.794952] PUF Read:0x00000000 at 0xa00081f8
[23226.794952] PUF Read:0x00000000 at 0xa00081fc
[23226.794952] PUF Read:0x00000000 at 0xa0008200
[23226.794952] PUF Read:0x00000000 at 0xa0008204
[23226.794952] PUF Read:0x00000000 at 0xa0008208
[23226.794952] PUF Read:0x00000000 at 0xa000820c
[23226.795104] PUF Read:0x00000000 at 0xa0008210
[23226.795104] PUF Read:0x00000000 at 0xa0008214
[23226.795104] PUF Read:0x00000000 at 0xa0008218
[23226.795104] PUF Read:0x00000000 at 0xa000821c
[23226.795104] PUF Read:0x00000000 at 0xa0008220
[23226.795104] PUF Read:0x00000000 at 0xa0008224
[23226.795257] PUF Read:0x00000000 at 0xa0008228
[23226.795257] PUF Read:0x00000000 at 0xa000822c
[23226.795257] PUF Read:0x00000000 at 0xa0008230
[23226.795257] PUF Read:0x00400000 at 0xa0008234
[23226.795257] PUF Read:0x00000000 at 0xa0008238
[23226.795257] PUF Read:0x00000000 at 0xa000823c
[23226.795410] PUF Read:0x00000000 at 0xa0008240
[23226.795410] PUF Read:0x00000000 at 0xa0008244
[23226.795471] PUF Read:0x00000000 at 0xa0008248
[23226.795471] PUF Read:0x00000000 at 0xa000824c
[23226.795471] PUF Read:0x00000000 at 0xa0008250
[23226.795471] PUF Read:0x00100000 at 0xa0008254
[23226.795562] PUF Read:0x00000000 at 0xa0008258
[23226.795562] PUF Read:0x00040000 at 0xa000825c
[23226.795562] PUF Read:0x00000000 at 0xa0008260
[23226.795562] PUF Read:0x00000000 at 0xa0008264
[23226.795562] PUF Read:0x00000000 at 0xa0008268
[23226.795562] PUF Read:0x00000000 at 0xa000826c
[23226.795715] PUF Read:0x00000000 at 0xa0008270
[23226.795715] PUF Read:0x00000000 at 0xa0008274
[23226.795715] PUF Read:0x00000040 at 0xa0008278
[23226.795715] PUF Read:0x00000000 at 0xa000827c
[23226.795715] PUF Read:0x00000000 at 0xa0008280
[23226.795715] PUF Read:0x00000000 at 0xa0008284
[23226.795867] PUF Read:0x00000000 at 0xa0008288
[23226.795867] PUF Read:0x00000000 at 0xa000828c
[23226.795867] PUF Read:0x00000000 at 0xa0008290
[23226.795867] PUF Read:0x00000000 at 0xa0008294
[23226.795867] PUF Read:0x00000000 at 0xa0008298
[23226.795867] PUF Read:0x00000000 at 0xa000829c
[23226.796020] PUF Read:0x00000000 at 0xa00082a0
[23226.796051] PUF Read:0x00001000 at 0xa00082a4
[23226.796051] PUF Read:0x00000000 at 0xa00082a8
[23226.796112] PUF Read:0x00000000 at 0xa00082ac
[23226.796112] PUF Read:0x00000000 at 0xa00082b0
[23226.796112] PUF Read:0x00000000 at 0xa00082b4
[23226.796112] PUF Read:0x00000040 at 0xa00082b8
[23226.796203] PUF Read:0x00000000 at 0xa00082bc
[23226.796203] PUF Read:0x00000000 at 0xa00082c0
[23226.796203] PUF Read:0x00000000 at 0xa00082c4
[23226.796203] PUF Read:0x10000000 at 0xa00082c8
[23226.796203] PUF Read:0x00000000 at 0xa00082cc
[23226.796203] PUF Read:0x00100000 at 0xa00082d0
[23226.796356] PUF Read:0x00000000 at 0xa00082d4
[23226.796356] PUF Read:0x00000000 at 0xa00082d8
[23226.796356] PUF Read:0x00000000 at 0xa00082dc
[23226.796356] PUF Read:0x00000000 at 0xa00082e0
[23226.796356] PUF Read:0x00000400 at 0xa00082e4
[23226.796356] PUF Read:0x00000000 at 0xa00082e8
[23226.796508] PUF Read:0x00000001 at 0xa00082ec
[23226.796539] PUF Read:0x00000000 at 0xa00082f0
[23226.796539] PUF Read:0x00000000 at 0xa00082f4
[23226.796539] PUF Read:0x00000000 at 0xa00082f8
[23226.796600] PUF Read:0x00000000 at 0xa00082fc
[23226.796600] PUF Read:0x00000000 at 0xa0008300
[23226.796661] PUF Read:0x00000000 at 0xa0008304
[23226.796691] PUF Read:0x00000000 at 0xa0008308
[23226.796691] PUF Read:0x00000000 at 0xa000830c
[23226.796691] PUF Read:0x00000000 at 0xa0008310
[23226.796752] PUF Read:0x00000000 at 0xa0008314
[23226.796752] PUF Read:0x01000000 at 0xa0008318
[23226.796813] PUF Read:0x10000000 at 0xa000831c
[23226.796813] PUF Read:0x00000000 at 0xa0008320
[23226.796813] PUF Read:0x00000000 at 0xa0008324
[23226.796813] PUF Read:0x00000000 at 0xa0008328
[23226.796813] PUF Read:0x00000000 at 0xa000832c
[23226.796813] PUF Read:0x00000004 at 0xa0008330
[23226.796966] PUF Read:0x00000000 at 0xa0008334
[23226.796997] PUF Read:0x00000000 at 0xa0008338
[23226.796997] PUF Read:0x00000000 at 0xa000833c
[23226.796997] PUF Read:0x00000000 at 0xa0008340
[23226.797058] PUF Read:0x00000000 at 0xa0008344
[23226.797058] PUF Read:0x00000000 at 0xa0008348
[23226.797119] PUF Read:0x00000000 at 0xa000834c
[23226.797149] PUF Read:0x00000000 at 0xa0008350
[23226.797149] PUF Read:0x00000000 at 0xa0008354
[23226.797149] PUF Read:0x00000000 at 0xa0008358
[23226.797210] PUF Read:0x00000000 at 0xa000835c
[23226.797210] PUF Read:0x00010000 at 0xa0008360
[23226.797271] PUF Read:0x00000000 at 0xa0008364
[23226.797302] PUF Read:0x00000000 at 0xa0008368
[23226.797302] PUF Read:0x00000000 at 0xa000836c
[23226.797302] PUF Read:0x00000000 at 0xa0008370
[23226.797302] PUF Read:0x00000000 at 0xa0008374
[23226.797302] PUF Read:0x00000000 at 0xa0008378
[23226.797424] PUF Read:0x00000000 at 0xa000837c
[23226.797424] PUF Read:0x00000000 at 0xa0008380
[23226.797424] PUF Read:0x00000000 at 0xa0008384
[23226.797424] PUF Read:0x00000000 at 0xa0008388
[23226.797515] PUF Read:0x00000000 at 0xa000838c
[23226.797515] PUF Read:0x00000000 at 0xa0008390
[23226.797515] PUF Read:0x00000000 at 0xa0008394
[23226.797607] PUF Read:0x00000000 at 0xa0008398
[23226.797607] PUF Read:0x00000000 at 0xa000839c
[23226.797607] PUF Read:0x00000000 at 0xa00083a0
[23226.797607] PUF Read:0x00000000 at 0xa00083a4
[23226.797607] PUF Read:0x00000000 at 0xa00083a8
[23226.797607] PUF Read:0x00000000 at 0xa00083ac
[23226.797760] PUF Read:0x00000000 at 0xa00083b0
[23226.797760] PUF Read:0x00000000 at 0xa00083b4
[23226.797760] PUF Read:0x00000000 at 0xa00083b8
[23226.797760] PUF Read:0x00000000 at 0xa00083bc
[23226.797851] PUF Read:0x00000000 at 0xa00083c0
[23226.797851] PUF Read:0x04000000 at 0xa00083c4
[23226.797912] PUF Read:0x00000000 at 0xa00083c8
[23226.797943] PUF Read:0x00000000 at 0xa00083cc
[23226.797943] PUF Read:0x00000000 at 0xa00083d0
[23226.797943] PUF Read:0x00010000 at 0xa00083d4
[23226.798004] PUF Read:0x00000000 at 0xa00083d8
[23226.798004] PUF Read:0x00000000 at 0xa00083dc
[23226.798065] PUF Read:0x00100004 at 0xa00083e0
[23226.798095] PUF Read:0x10000000 at 0xa00083e4
[23226.798095] PUF Read:0x00000000 at 0xa00083e8
[23226.798095] PUF Read:0x00000000 at 0xa00083ec
[23226.798156] PUF Read:0x00000000 at 0xa00083f0
[23226.798156] PUF Read:0x00000000 at 0xa00083f4
[23226.798217] PUF Read:0x00000004 at 0xa00083f8
[23226.798217] PUF Read:0x00040000 at 0xa00083fc
[23226.798217] [i] Finished PUF read-out
[23226.798278] <6>[i] Finished PUF query for decaytime: 7680
[23226.798278] [i] Start decaytime: 120
[23226.798309] EMIF 2 REG Write 0x80000000 at 0x4d000010
[23226.798309] EMIF 2 REG Read 0x80000000 at 0x4d000010
[23226.798309] EMIF 2 REG Write 0x80000000 at 0x4d000014
[23226.798339] EMIF 2 REG Read 0x00000000 at 0x4d000014
[23226.798339] EMIF 2 REG Write 0x08016893 at 0x4d0000cc
[23226.798370] EMIF 2 REG Read 0x08016893 at 0x4d0000cc
[23226.798370] Temp polling alert disabled
[23226.798370] Refresh Disabled at EMIF2
[23226.798400] [i] Initialiting PUF & hammer rows
[23226.798400] [i] Single-Sided Rowhammer (SSRH)
[23226.805145] [i] Finished initialiting PUF & hammer rows
[23226.805145] [i]	Timer elapsed since its reset 0 sec
[23226.805175] [i] Decay: 120 sec
[23226.805175] [i]	Relative Decay: 0 msec
