[55682.190002] [i] Total hammer attempts per row: 1864429
[55682.190002] EMIF 2 REG Write 0x00000618 at 0x4d000010
[55682.190032] EMIF 2 REG Read 0x00000618 at 0x4d000010
[55682.190032] EMIF 2 REG Write 0x00000618 at 0x4d000014
[55682.190063] EMIF 2 REG Read 0x00000618 at 0x4d000014
[55682.190063] EMIF 2 REG Write 0x58016893 at 0x4d0000cc
[55682.190093] EMIF 2 REG Read 0x58016893 at 0x4d0000cc
[55682.190093] Temp polling alert enabled
[55682.190093] Refresh enabled at EMIF2
[55682.190124] [i] Starting PUF read-out
[55682.190124] [i] Single-Sided Rowhammer (SSRH)
[55682.190124] PUF Read:0xaaaaaaaa at 0xa0008000
[55682.190155] PUF Read:0xaaaaaaaa at 0xa0008004
[55682.190155] PUF Read:0xaaaaaaaa at 0xa0008008
[55682.190155] PUF Read:0xaaaaaaaa at 0xa000800c
[55682.190155] PUF Read:0xaaaaaaaa at 0xa0008010
[55682.190277] PUF Read:0xaaaaabaa at 0xa0008014
[55682.190277] PUF Read:0xaaaaaaaa at 0xa0008018
[55682.190277] PUF Read:0xaaaaaaaa at 0xa000801c
[55682.190277] PUF Read:0xaaaaaaaa at 0xa0008020
[55682.190368] PUF Read:0xaaaaaaaa at 0xa0008024
[55682.190368] PUF Read:0xaaaaaaaa at 0xa0008028
[55682.190429] PUF Read:0xaaaaaaaa at 0xa000802c
[55682.190460] PUF Read:0xaaaaaaaa at 0xa0008030
[55682.190460] PUF Read:0xaaaaaaaa at 0xa0008034
[55682.190460] PUF Read:0xaaaaaaaa at 0xa0008038
[55682.190460] PUF Read:0xaaaaaaaa at 0xa000803c
[55682.190460] PUF Read:0xaaaaaaab at 0xa0008040
[55682.190460] PUF Read:0xaaaaeaaa at 0xa0008044
[55682.190612] PUF Read:0xaaaaaaaa at 0xa0008048
[55682.190643] PUF Read:0xaaaaaaaa at 0xa000804c
[55682.190643] PUF Read:0xaaaaaaaa at 0xa0008050
[55682.190643] PUF Read:0xaaaaaaaa at 0xa0008054
[55682.190704] PUF Read:0xaaaaaaaa at 0xa0008058
[55682.190704] PUF Read:0xaaaaaaaa at 0xa000805c
[55682.190765] PUF Read:0xaaaaaaaa at 0xa0008060
[55682.190795] PUF Read:0xaaaaaaaa at 0xa0008064
[55682.190795] PUF Read:0xaaaaaaaa at 0xa0008068
[55682.190795] PUF Read:0xaaaaaaaa at 0xa000806c
[55682.190795] PUF Read:0xaaaaaaaa at 0xa0008070
[55682.190795] PUF Read:0xaaaaaaaa at 0xa0008074
[55682.190795] PUF Read:0xaaaaaaaa at 0xa0008078
[55682.190948] PUF Read:0xaaaaaaaa at 0xa000807c
[55682.190948] PUF Read:0xaaaaaaaa at 0xa0008080
[55682.190948] PUF Read:0xaaaaaaaa at 0xa0008084
[55682.190948] PUF Read:0xaaaaaaaa at 0xa0008088
[55682.191040] PUF Read:0xaaaaaaaa at 0xa000808c
[55682.191040] PUF Read:0xaaaa8aaa at 0xa0008090
[55682.191101] PUF Read:0xaaaaaaaa at 0xa0008094
[55682.191131] PUF Read:0x2aabaaaa at 0xa0008098
[55682.191131] PUF Read:0xaaaaaaaa at 0xa000809c
[55682.191131] PUF Read:0xaaaaaaaa at 0xa00080a0
[55682.191131] PUF Read:0xaaaaaaaa at 0xa00080a4
[55682.191223] PUF Read:0xaaaaaaaa at 0xa00080a8
[55682.191223] PUF Read:0xaaaaaaaa at 0xa00080ac
[55682.191284] PUF Read:0xaaaaaaaa at 0xa00080b0
[55682.191314] PUF Read:0xaa2aaaaa at 0xa00080b4
[55682.191314] PUF Read:0xaaaaaaaa at 0xa00080b8
[55682.191314] PUF Read:0x8aaaaaaa at 0xa00080bc
[55682.191314] PUF Read:0xaaaaaaaa at 0xa00080c0
[55682.191314] PUF Read:0xaaaaaaaa at 0xa00080c4
[55682.191314] PUF Read:0xaaa2aaaa at 0xa00080c8
[55682.191467] PUF Read:0xaaaaaaaa at 0xa00080cc
[55682.191467] PUF Read:0xaaaaaaaa at 0xa00080d0
[55682.191467] PUF Read:0xaaaaaaaa at 0xa00080d4
[55682.191467] PUF Read:0xaaaaaaaa at 0xa00080d8
[55682.191558] PUF Read:0xaaaaaaaa at 0xa00080dc
[55682.191558] PUF Read:0xaaaaaaaa at 0xa00080e0
[55682.191619] PUF Read:0xaaaaaaaa at 0xa00080e4
[55682.191650] PUF Read:0xaaaaaaaa at 0xa00080e8
[55682.191650] PUF Read:0xaaaaaaab at 0xa00080ec
[55682.191650] PUF Read:0x8aaaaaaa at 0xa00080f0
[55682.191711] PUF Read:0xaaaaaaaa at 0xa00080f4
[55682.191711] PUF Read:0xaaaaaaaa at 0xa00080f8
[55682.191772] PUF Read:0xaaaaaaaa at 0xa00080fc
[55682.191802] PUF Read:0xaaaaaaaa at 0xa0008100
[55682.191802] PUF Read:0xaaaaaaaa at 0xa0008104
[55682.191802] PUF Read:0xaaaaaaaa at 0xa0008108
[55682.191802] PUF Read:0xaaaaaaaa at 0xa000810c
[55682.191802] PUF Read:0xaaaaaaaa at 0xa0008110
[55682.191802] PUF Read:0xaaaaaaaa at 0xa0008114
[55682.191955] PUF Read:0xaaaaaaaa at 0xa0008118
[55682.191955] PUF Read:0xaaaaaaaa at 0xa000811c
[55682.191955] PUF Read:0xaaaaaaaa at 0xa0008120
[55682.191955] PUF Read:0xaaaaaaaa at 0xa0008124
[55682.191955] PUF Read:0xaaaaaaaa at 0xa0008128
[55682.191955] PUF Read:0xaaaaaaaa at 0xa000812c
[55682.192108] PUF Read:0xaaaaaaaa at 0xa0008130
[55682.192138] PUF Read:0xaaaaaaaa at 0xa0008134
[55682.192138] PUF Read:0xaa8aaaaa at 0xa0008138
[55682.192138] PUF Read:0xaaaaaaaa at 0xa000813c
[55682.192199] PUF Read:0xaaaaaaaa at 0xa0008140
[55682.192199] PUF Read:0xaaaaaaaa at 0xa0008144
[55682.192260] PUF Read:0xaabaaeaa at 0xa0008148
[55682.192291] PUF Read:0xaaaaaaaa at 0xa000814c
[55682.192291] PUF Read:0xaaaaaaaa at 0xa0008150
[55682.192291] PUF Read:0xaaaaaaaa at 0xa0008154
[55682.192352] PUF Read:0xaaaaaaaa at 0xa0008158
[55682.192352] PUF Read:0xaaaaaaea at 0xa000815c
[55682.192413] PUF Read:0xaaaaaaaa at 0xa0008160
[55682.192443] PUF Read:0xaaaaaaaa at 0xa0008164
[55682.192443] PUF Read:0xaaaaaaaa at 0xa0008168
[55682.192443] PUF Read:0xaaaaaaaa at 0xa000816c
[55682.192504] PUF Read:0xaaaaaaaa at 0xa0008170
[55682.192504] PUF Read:0xaaaaaaaa at 0xa0008174
[55682.192565] PUF Read:0xaaaaaaaa at 0xa0008178
[55682.192596] PUF Read:0xaaaaaaaa at 0xa000817c
[55682.192596] PUF Read:0xaaaaaa2a at 0xa0008180
[55682.192657] PUF Read:0xaaaaaaaa at 0xa0008184
[55682.192657] PUF Read:0xaaaaaaaa at 0xa0008188
[55682.192657] PUF Read:0xaaaaaaaa at 0xa000818c
[55682.192657] PUF Read:0xaaaaaaaa at 0xa0008190
[55682.192657] PUF Read:0xaaaaaaaa at 0xa0008194
[55682.192779] PUF Read:0xaaaaaaaa at 0xa0008198
[55682.192779] PUF Read:0xaaaaaaaa at 0xa000819c
[55682.192779] PUF Read:0xaaaaaaaa at 0xa00081a0
[55682.192779] PUF Read:0xaaaaaaaa at 0xa00081a4
[55682.192871] PUF Read:0xaaaaaaaa at 0xa00081a8
[55682.192871] PUF Read:0xaaaaaaaa at 0xa00081ac
[55682.192932] PUF Read:0xaaeaaaaa at 0xa00081b0
[55682.192962] PUF Read:0xaaaaaaaa at 0xa00081b4
[55682.192962] PUF Read:0xaaaaaaaa at 0xa00081b8
[55682.192962] PUF Read:0xaaaaaaaa at 0xa00081bc
[55682.193023] PUF Read:0xaaaaaaaa at 0xa00081c0
[55682.193023] PUF Read:0xaaaaaaae at 0xa00081c4
[55682.193084] PUF Read:0xaaaaaaaa at 0xa00081c8
[55682.193115] PUF Read:0xaaaaaaaa at 0xa00081cc
[55682.193115] PUF Read:0xaaaaaaaa at 0xa00081d0
[55682.193115] PUF Read:0xaaaaaaaa at 0xa00081d4
[55682.193176] PUF Read:0xaaaaaaaa at 0xa00081d8
[55682.193176] PUF Read:0xaaaaaaaa at 0xa00081dc
[55682.193237] PUF Read:0xaaaaaaaa at 0xa00081e0
[55682.193267] PUF Read:0xaaaaaaaa at 0xa00081e4
[55682.193267] PUF Read:0xaaaaaaaa at 0xa00081e8
[55682.193328] PUF Read:0xaa2aaaaa at 0xa00081ec
[55682.193328] PUF Read:0xaaaaaaaa at 0xa00081f0
[55682.193328] PUF Read:0xaaaaaaaa at 0xa00081f4
[55682.193389] PUF Read:0xaaaaaaa2 at 0xa00081f8
[55682.193420] PUF Read:0xaaaaaaaa at 0xa00081fc
[55682.193420] PUF Read:0xaaaaaaaa at 0xa0008200
[55682.193420] PUF Read:0xaaaaaaaa at 0xa0008204
[55682.193420] PUF Read:0xaaaaaaaa at 0xa0008208
[55682.193420] PUF Read:0xa8aaaaaa at 0xa000820c
[55682.193420] PUF Read:0xaaaaaaaa at 0xa0008210
[55682.193572] PUF Read:0xaaaaaaaa at 0xa0008214
[55682.193572] PUF Read:0xaaaaaaaa at 0xa0008218
[55682.193572] PUF Read:0xaaaaaaaa at 0xa000821c
[55682.193572] PUF Read:0xaaaaaaaa at 0xa0008220
[55682.193572] PUF Read:0xaaaaaaaa at 0xa0008224
[55682.193572] PUF Read:0xaaaaaaaa at 0xa0008228
[55682.193725] PUF Read:0xaaaaaaaa at 0xa000822c
[55682.193725] PUF Read:0xaaaaaaaa at 0xa0008230
[55682.193725] PUF Read:0xaaaaaaaa at 0xa0008234
[55682.193725] PUF Read:0xaaaaaaaa at 0xa0008238
[55682.193725] PUF Read:0xaaaaaaaa at 0xa000823c
[55682.193725] PUF Read:0xaaaaaaaa at 0xa0008240
[55682.193878] PUF Read:0xaaaaaaaa at 0xa0008244
[55682.193908] PUF Read:0xaaaaaaaa at 0xa0008248
[55682.193908] PUF Read:0xaaaaaaaa at 0xa000824c
[55682.193908] PUF Read:0xaaaaaaaa at 0xa0008250
[55682.193969] PUF Read:0xaaaaaaaa at 0xa0008254
[55682.193969] PUF Read:0xaaaaaaaa at 0xa0008258
[55682.194030] PUF Read:0xaaaaaaaa at 0xa000825c
[55682.194061] PUF Read:0xaaaaaaaa at 0xa0008260
[55682.194061] PUF Read:0xaaaaaaaa at 0xa0008264
[55682.194061] PUF Read:0xaaaaaaaa at 0xa0008268
[55682.194122] PUF Read:0xaaaaaaaa at 0xa000826c
[55682.194122] PUF Read:0xaaaaaaaa at 0xa0008270
[55682.194183] PUF Read:0xaaaaaaaa at 0xa0008274
[55682.194213] PUF Read:0xaaaaaaaa at 0xa0008278
[55682.194213] PUF Read:0xaaaaaaaa at 0xa000827c
[55682.194213] PUF Read:0xaaaaaaaa at 0xa0008280
[55682.194213] PUF Read:0xaaaaaaaa at 0xa0008284
[55682.194213] PUF Read:0xaaaaaaaa at 0xa0008288
[55682.194213] PUF Read:0xaaaaaaaa at 0xa000828c
[55682.194213] PUF Read:0xaaaaaaaa at 0xa0008290
[55682.194396] PUF Read:0xaaaaaaaa at 0xa0008294
[55682.194396] PUF Read:0xaaaaaaaa at 0xa0008298
[55682.194396] PUF Read:0xaaaaaaaa at 0xa000829c
[55682.194396] PUF Read:0xaaaaaaaa at 0xa00082a0
[55682.194396] PUF Read:0xaaaaaaaa at 0xa00082a4
[55682.194396] PUF Read:0xaaaaaaaa at 0xa00082a8
[55682.194549] PUF Read:0xaaaaaaaa at 0xa00082ac
[55682.194549] PUF Read:0xaaaaaaaa at 0xa00082b0
[55682.194549] PUF Read:0xaaaaaaaa at 0xa00082b4
[55682.194549] PUF Read:0xaaaaaaea at 0xa00082b8
[55682.194641] PUF Read:0xaaaaaaaa at 0xa00082bc
[55682.194641] PUF Read:0xaaaaaaaa at 0xa00082c0
[55682.194702] PUF Read:0xaaaaaaaa at 0xa00082c4
[55682.194732] PUF Read:0xaaaaaaaa at 0xa00082c8
[55682.194732] PUF Read:0xaaaaaaaa at 0xa00082cc
[55682.194732] PUF Read:0xaaaaaaaa at 0xa00082d0
[55682.194793] PUF Read:0xaaaaaaaa at 0xa00082d4
[55682.194793] PUF Read:0xaaaaaaaa at 0xa00082d8
[55682.194854] PUF Read:0xaaaaaaaa at 0xa00082dc
[55682.194885] PUF Read:0xaaaaaaaa at 0xa00082e0
[55682.194885] PUF Read:0xaaaaaaaa at 0xa00082e4
[55682.194885] PUF Read:0xaaaaaaaa at 0xa00082e8
[55682.194946] PUF Read:0xaaaaaaaa at 0xa00082ec
[55682.194946] PUF Read:0xaaaaaaaa at 0xa00082f0
[55682.195007] PUF Read:0xaaaaaaaa at 0xa00082f4
[55682.195037] PUF Read:0xaaaaaaaa at 0xa00082f8
[55682.195037] PUF Read:0xaaaaaaaa at 0xa00082fc
[55682.195037] PUF Read:0xaaaaaaaa at 0xa0008300
[55682.195037] PUF Read:0xaaaaaaaa at 0xa0008304
[55682.195037] PUF Read:0xaaaaaaaa at 0xa0008308
[55682.195037] PUF Read:0xaaaaaaaa at 0xa000830c
[55682.195190] PUF Read:0xaaaaaaaa at 0xa0008310
[55682.195190] PUF Read:0xaaaaaaaa at 0xa0008314
[55682.195190] PUF Read:0xaaaaaaaa at 0xa0008318
[55682.195190] PUF Read:0xbaaaaaaa at 0xa000831c
[55682.195281] PUF Read:0xaaaaaaaa at 0xa0008320
[55682.195281] PUF Read:0xaaaaaaaa at 0xa0008324
[55682.195343] PUF Read:0xaaaaaaaa at 0xa0008328
[55682.195373] PUF Read:0xaaaaaaaa at 0xa000832c
[55682.195373] PUF Read:0xaaaaaaae at 0xa0008330
[55682.195373] PUF Read:0xaaaaaaaa at 0xa0008334
[55682.195434] PUF Read:0xaaaaaaaa at 0xa0008338
[55682.195434] PUF Read:0xaaaaaaaa at 0xa000833c
[55682.195495] PUF Read:0xaaaaaaaa at 0xa0008340
[55682.195526] PUF Read:0xaaaaaaaa at 0xa0008344
[55682.195526] PUF Read:0xaaaaaaaa at 0xa0008348
[55682.195526] PUF Read:0xaaaaaaaa at 0xa000834c
[55682.195587] PUF Read:0xaaaaaaaa at 0xa0008350
[55682.195587] PUF Read:0xaaaaaaaa at 0xa0008354
[55682.195648] PUF Read:0xaaaaaaaa at 0xa0008358
[55682.195678] PUF Read:0xaaaaaaaa at 0xa000835c
[55682.195678] PUF Read:0xaaabaaaa at 0xa0008360
[55682.195739] PUF Read:0xaaaaaaaa at 0xa0008364
[55682.195739] PUF Read:0xaaaaaaaa at 0xa0008368
[55682.195739] PUF Read:0xaaaaaaaa at 0xa000836c
[55682.195739] PUF Read:0xaaaaaaaa at 0xa0008370
[55682.195739] PUF Read:0xaaaaaaaa at 0xa0008374
[55682.195861] PUF Read:0xaaaaaaaa at 0xa0008378
[55682.195861] PUF Read:0xaaaaaaaa at 0xa000837c
[55682.195861] PUF Read:0xaaaaaaaa at 0xa0008380
[55682.195861] PUF Read:0xaaaaaaaa at 0xa0008384
[55682.195953] PUF Read:0xaaaaaaaa at 0xa0008388
[55682.195953] PUF Read:0xaaaaaaaa at 0xa000838c
[55682.196014] PUF Read:0xaaaaaaaa at 0xa0008390
[55682.196044] PUF Read:0xaaaaaaaa at 0xa0008394
[55682.196044] PUF Read:0xaaaaaaaa at 0xa0008398
[55682.196044] PUF Read:0xaaa2aaaa at 0xa000839c
[55682.196105] PUF Read:0xaaaaaaaa at 0xa00083a0
[55682.196105] PUF Read:0xaaaaaaaa at 0xa00083a4
[55682.196166] PUF Read:0xaaaaaaaa at 0xa00083a8
[55682.196197] PUF Read:0xaaaaaaaa at 0xa00083ac
[55682.196197] PUF Read:0xaaaaaaa2 at 0xa00083b0
[55682.196258] PUF Read:0xaaaaaaaa at 0xa00083b4
[55682.196258] PUF Read:0xaaaaaaaa at 0xa00083b8
[55682.196258] PUF Read:0xaaaaaaaa at 0xa00083bc
[55682.196258] PUF Read:0xaaaaaaaa at 0xa00083c0
[55682.196350] PUF Read:0xaaaaaaaa at 0xa00083c4
[55682.196350] PUF Read:0xaaaaaaaa at 0xa00083c8
[55682.196350] PUF Read:0xaaaaaaaa at 0xa00083cc
[55682.196350] PUF Read:0xaaaaaaaa at 0xa00083d0
[55682.196441] PUF Read:0xaaabaaaa at 0xa00083d4
[55682.196441] PUF Read:0xaaaaaaaa at 0xa00083d8
[55682.196502] PUF Read:0xaaaaaaaa at 0xa00083dc
[55682.196533] PUF Read:0xaaaaaaaa at 0xa00083e0
[55682.196533] PUF Read:0xaaaaaaaa at 0xa00083e4
[55682.196533] PUF Read:0xaaaaaaaa at 0xa00083e8
[55682.196594] PUF Read:0xaaaaaaaa at 0xa00083ec
[55682.196594] PUF Read:0xaaaaaaaa at 0xa00083f0
[55682.196655] PUF Read:0xaaaaaaaa at 0xa00083f4
[55682.196685] PUF Read:0xaaaaaaae at 0xa00083f8
[55682.196685] PUF Read:0xaaaeaaaa at 0xa00083fc
[55682.196685] [i] Finished PUF read-out
[55682.196746] <6>[i] Finished PUF query for decaytime: 7680
[55682.196746] [i] Start decaytime: 120
[55682.196746] EMIF 2 REG Write 0x80000000 at 0x4d000010
[55682.196777] EMIF 2 REG Read 0x80000000 at 0x4d000010
[55682.196777] EMIF 2 REG Write 0x80000000 at 0x4d000014
[55682.196807] EMIF 2 REG Read 0x00000000 at 0x4d000014
[55682.196807] EMIF 2 REG Write 0x08016893 at 0x4d0000cc
[55682.196838] EMIF 2 REG Read 0x08016893 at 0x4d0000cc
[55682.196838] Temp polling alert disabled
[55682.196838] Refresh Disabled at EMIF2
[55682.196868] [i] Initialiting PUF & hammer rows
[55682.196868] [i] Single-Sided Rowhammer (SSRH)
[55682.203643] [i] Finished initialiting PUF & hammer rows
[55682.203643] [i]	Timer elapsed since its reset 0 sec
[55682.203674] [i] Decay: 120 sec
[55682.203674] [i]	Relative Decay: 0 msec
