[ 1589.768127] [i] Total hammer attempts per row: 1859589
[ 1589.768157] EMIF 2 REG Write 0x00000618 at 0x4d000010
[ 1589.768157] EMIF 2 REG Read 0x00000618 at 0x4d000010
[ 1589.768188] EMIF 2 REG Write 0x00000618 at 0x4d000014
[ 1589.768188] EMIF 2 REG Read 0x00000618 at 0x4d000014
[ 1589.768218] EMIF 2 REG Write 0x58016893 at 0x4d0000cc
[ 1589.768218] EMIF 2 REG Read 0x58016893 at 0x4d0000cc
[ 1589.768218] Temp polling alert enabled
[ 1589.768249] Refresh enabled at EMIF2
[ 1589.768249] [i] Starting PUF read-out
[ 1589.768249] [i] Single-Sided Rowhammer (SSRH)
[ 1589.768280] PUF Read:0x00000000 at 0xa0008000
[ 1589.768280] PUF Read:0x00000000 at 0xa0008004
[ 1589.768280] PUF Read:0x00000000 at 0xa0008008
[ 1589.768280] PUF Read:0x00000000 at 0xa000800c
[ 1589.768371] PUF Read:0x00000000 at 0xa0008010
[ 1589.768371] PUF Read:0x00000100 at 0xa0008014
[ 1589.768371] PUF Read:0x00000000 at 0xa0008018
[ 1589.768463] PUF Read:0x00000000 at 0xa000801c
[ 1589.768493] PUF Read:0x00000000 at 0xa0008020
[ 1589.768493] PUF Read:0x00000000 at 0xa0008024
[ 1589.768493] PUF Read:0x00000000 at 0xa0008028
[ 1589.768554] PUF Read:0x00000000 at 0xa000802c
[ 1589.768554] PUF Read:0x00000000 at 0xa0008030
[ 1589.768615] PUF Read:0x00000000 at 0xa0008034
[ 1589.768646] PUF Read:0x00000000 at 0xa0008038
[ 1589.768646] PUF Read:0x00000000 at 0xa000803c
[ 1589.768646] PUF Read:0x00000001 at 0xa0008040
[ 1589.768646] PUF Read:0x00004000 at 0xa0008044
[ 1589.768737] PUF Read:0x00000000 at 0xa0008048
[ 1589.768737] PUF Read:0x00000000 at 0xa000804c
[ 1589.768798] PUF Read:0x00000000 at 0xa0008050
[ 1589.768829] PUF Read:0x00000000 at 0xa0008054
[ 1589.768829] PUF Read:0x00000000 at 0xa0008058
[ 1589.768890] PUF Read:0x00000000 at 0xa000805c
[ 1589.768890] PUF Read:0x00000000 at 0xa0008060
[ 1589.768890] PUF Read:0x00000000 at 0xa0008064
[ 1589.768951] PUF Read:0x00000000 at 0xa0008068
[ 1589.768981] PUF Read:0x00000000 at 0xa000806c
[ 1589.768981] PUF Read:0x00000000 at 0xa0008070
[ 1589.768981] PUF Read:0x00000000 at 0xa0008074
[ 1589.768981] PUF Read:0x00000000 at 0xa0008078
[ 1589.768981] PUF Read:0x00000000 at 0xa000807c
[ 1589.768981] PUF Read:0x00000000 at 0xa0008080
[ 1589.769134] PUF Read:0x00000000 at 0xa0008084
[ 1589.769134] PUF Read:0x00000000 at 0xa0008088
[ 1589.769134] PUF Read:0x00000000 at 0xa000808c
[ 1589.769134] PUF Read:0x00000000 at 0xa0008090
[ 1589.769134] PUF Read:0x00000000 at 0xa0008094
[ 1589.769134] PUF Read:0x00010000 at 0xa0008098
[ 1589.769287] PUF Read:0x00000000 at 0xa000809c
[ 1589.769287] PUF Read:0x00000000 at 0xa00080a0
[ 1589.769287] PUF Read:0x00000000 at 0xa00080a4
[ 1589.769287] PUF Read:0x00000000 at 0xa00080a8
[ 1589.769287] PUF Read:0x00000040 at 0xa00080ac
[ 1589.769287] PUF Read:0x00000000 at 0xa00080b0
[ 1589.769439] PUF Read:0x00000000 at 0xa00080b4
[ 1589.769439] PUF Read:0x00000000 at 0xa00080b8
[ 1589.769439] PUF Read:0x00000000 at 0xa00080bc
[ 1589.769439] PUF Read:0x00000000 at 0xa00080c0
[ 1589.769439] PUF Read:0x00000000 at 0xa00080c4
[ 1589.769439] PUF Read:0x00000000 at 0xa00080c8
[ 1589.769592] PUF Read:0x00000000 at 0xa00080cc
[ 1589.769592] PUF Read:0x40000000 at 0xa00080d0
[ 1589.769592] PUF Read:0x00000000 at 0xa00080d4
[ 1589.769592] PUF Read:0x00000000 at 0xa00080d8
[ 1589.769592] PUF Read:0x00000000 at 0xa00080dc
[ 1589.769592] PUF Read:0x01000000 at 0xa00080e0
[ 1589.769744] PUF Read:0x00000000 at 0xa00080e4
[ 1589.769744] PUF Read:0x00000000 at 0xa00080e8
[ 1589.769744] PUF Read:0x00000001 at 0xa00080ec
[ 1589.769744] PUF Read:0x00000000 at 0xa00080f0
[ 1589.769836] PUF Read:0x00000000 at 0xa00080f4
[ 1589.769836] PUF Read:0x00000000 at 0xa00080f8
[ 1589.769897] PUF Read:0x00000000 at 0xa00080fc
[ 1589.769927] PUF Read:0x00000000 at 0xa0008100
[ 1589.769927] PUF Read:0x00000000 at 0xa0008104
[ 1589.769927] PUF Read:0x00000000 at 0xa0008108
[ 1589.769989] PUF Read:0x00000000 at 0xa000810c
[ 1589.769989] PUF Read:0x00000000 at 0xa0008110
[ 1589.770050] PUF Read:0x00000000 at 0xa0008114
[ 1589.770050] PUF Read:0x00000000 at 0xa0008118
[ 1589.770050] PUF Read:0x00000000 at 0xa000811c
[ 1589.770050] PUF Read:0x00000000 at 0xa0008120
[ 1589.770050] PUF Read:0x00000000 at 0xa0008124
[ 1589.770050] PUF Read:0x00000000 at 0xa0008128
[ 1589.770202] PUF Read:0x00000000 at 0xa000812c
[ 1589.770233] PUF Read:0x00000000 at 0xa0008130
[ 1589.770233] PUF Read:0x00000000 at 0xa0008134
[ 1589.770233] PUF Read:0x00000000 at 0xa0008138
[ 1589.770294] PUF Read:0x00000000 at 0xa000813c
[ 1589.770294] PUF Read:0x00000000 at 0xa0008140
[ 1589.770355] PUF Read:0x00000000 at 0xa0008144
[ 1589.770385] PUF Read:0x00100400 at 0xa0008148
[ 1589.770385] PUF Read:0x00000000 at 0xa000814c
[ 1589.770385] PUF Read:0x00000000 at 0xa0008150
[ 1589.770446] PUF Read:0x00000000 at 0xa0008154
[ 1589.770446] PUF Read:0x00000000 at 0xa0008158
[ 1589.770507] PUF Read:0x00000040 at 0xa000815c
[ 1589.770538] PUF Read:0x00000000 at 0xa0008160
[ 1589.770538] PUF Read:0x00000000 at 0xa0008164
[ 1589.770538] PUF Read:0x00000000 at 0xa0008168
[ 1589.770599] PUF Read:0x00400000 at 0xa000816c
[ 1589.770599] PUF Read:0x00000000 at 0xa0008170
[ 1589.770660] PUF Read:0x00000000 at 0xa0008174
[ 1589.770690] PUF Read:0x00000000 at 0xa0008178
[ 1589.770690] PUF Read:0x00000000 at 0xa000817c
[ 1589.770690] PUF Read:0x00000000 at 0xa0008180
[ 1589.770751] PUF Read:0x00000000 at 0xa0008184
[ 1589.770751] PUF Read:0x00000000 at 0xa0008188
[ 1589.770812] PUF Read:0x00000000 at 0xa000818c
[ 1589.770843] PUF Read:0x00000000 at 0xa0008190
[ 1589.770843] PUF Read:0x00000000 at 0xa0008194
[ 1589.770843] PUF Read:0x00000000 at 0xa0008198
[ 1589.770904] PUF Read:0x00000000 at 0xa000819c
[ 1589.770904] PUF Read:0x00000000 at 0xa00081a0
[ 1589.770965] PUF Read:0x00000000 at 0xa00081a4
[ 1589.770996] PUF Read:0x00000000 at 0xa00081a8
[ 1589.770996] PUF Read:0x00000000 at 0xa00081ac
[ 1589.770996] PUF Read:0x00400000 at 0xa00081b0
[ 1589.771057] PUF Read:0x00000000 at 0xa00081b4
[ 1589.771057] PUF Read:0x00000000 at 0xa00081b8
[ 1589.771118] PUF Read:0x00000000 at 0xa00081bc
[ 1589.771148] PUF Read:0x00000000 at 0xa00081c0
[ 1589.771148] PUF Read:0x00000004 at 0xa00081c4
[ 1589.771148] PUF Read:0x00000000 at 0xa00081c8
[ 1589.771209] PUF Read:0x00000000 at 0xa00081cc
[ 1589.771209] PUF Read:0x10000000 at 0xa00081d0
[ 1589.771270] PUF Read:0x00000000 at 0xa00081d4
[ 1589.771301] PUF Read:0x00000000 at 0xa00081d8
[ 1589.771301] PUF Read:0x00000000 at 0xa00081dc
[ 1589.771301] PUF Read:0x00000000 at 0xa00081e0
[ 1589.771301] PUF Read:0x00000040 at 0xa00081e4
[ 1589.771301] PUF Read:0x00000000 at 0xa00081e8
[ 1589.771423] PUF Read:0x00000000 at 0xa00081ec
[ 1589.771423] PUF Read:0x00000000 at 0xa00081f0
[ 1589.771423] PUF Read:0x00000400 at 0xa00081f4
[ 1589.771423] PUF Read:0x00000000 at 0xa00081f8
[ 1589.771423] PUF Read:0x00000000 at 0xa00081fc
[ 1589.771423] PUF Read:0x00000000 at 0xa0008200
[ 1589.771575] PUF Read:0x00000000 at 0xa0008204
[ 1589.771575] PUF Read:0x00000000 at 0xa0008208
[ 1589.771575] PUF Read:0x00000000 at 0xa000820c
[ 1589.771575] PUF Read:0x00000000 at 0xa0008210
[ 1589.771575] PUF Read:0x00000000 at 0xa0008214
[ 1589.771575] PUF Read:0x00000000 at 0xa0008218
[ 1589.771728] PUF Read:0x00000000 at 0xa000821c
[ 1589.771759] PUF Read:0x00000000 at 0xa0008220
[ 1589.771759] PUF Read:0x00000000 at 0xa0008224
[ 1589.771759] PUF Read:0x00000000 at 0xa0008228
[ 1589.771820] PUF Read:0x00000000 at 0xa000822c
[ 1589.771820] PUF Read:0x00000000 at 0xa0008230
[ 1589.771881] PUF Read:0x00400000 at 0xa0008234
[ 1589.771911] PUF Read:0x00000000 at 0xa0008238
[ 1589.771911] PUF Read:0x00000000 at 0xa000823c
[ 1589.771911] PUF Read:0x00000000 at 0xa0008240
[ 1589.771972] PUF Read:0x00000000 at 0xa0008244
[ 1589.771972] PUF Read:0x00000000 at 0xa0008248
[ 1589.772033] PUF Read:0x00000000 at 0xa000824c
[ 1589.772064] PUF Read:0x00000000 at 0xa0008250
[ 1589.772064] PUF Read:0x00000000 at 0xa0008254
[ 1589.772064] PUF Read:0x00000000 at 0xa0008258
[ 1589.772125] PUF Read:0x00000000 at 0xa000825c
[ 1589.772125] PUF Read:0x00000000 at 0xa0008260
[ 1589.772186] PUF Read:0x00000000 at 0xa0008264
[ 1589.772216] PUF Read:0x00000000 at 0xa0008268
[ 1589.772216] PUF Read:0x00000000 at 0xa000826c
[ 1589.772216] PUF Read:0x00000000 at 0xa0008270
[ 1589.772277] PUF Read:0x00000000 at 0xa0008274
[ 1589.772277] PUF Read:0x00000000 at 0xa0008278
[ 1589.772338] PUF Read:0x00000000 at 0xa000827c
[ 1589.772369] PUF Read:0x00000000 at 0xa0008280
[ 1589.772369] PUF Read:0x00000000 at 0xa0008284
[ 1589.772369] PUF Read:0x00000000 at 0xa0008288
[ 1589.772369] PUF Read:0x00000000 at 0xa000828c
[ 1589.772369] PUF Read:0x00000000 at 0xa0008290
[ 1589.772491] PUF Read:0x00000000 at 0xa0008294
[ 1589.772491] PUF Read:0x00000000 at 0xa0008298
[ 1589.772491] PUF Read:0x00000000 at 0xa000829c
[ 1589.772491] PUF Read:0x00000000 at 0xa00082a0
[ 1589.772491] PUF Read:0x00000000 at 0xa00082a4
[ 1589.772613] PUF Read:0x00000000 at 0xa00082a8
[ 1589.772644] PUF Read:0x00000000 at 0xa00082ac
[ 1589.772644] PUF Read:0x00000000 at 0xa00082b0
[ 1589.772705] PUF Read:0x00000000 at 0xa00082b4
[ 1589.772705] PUF Read:0x00000040 at 0xa00082b8
[ 1589.772705] PUF Read:0x00000000 at 0xa00082bc
[ 1589.772766] PUF Read:0x00000000 at 0xa00082c0
[ 1589.772796] PUF Read:0x00000000 at 0xa00082c4
[ 1589.772796] PUF Read:0x10000000 at 0xa00082c8
[ 1589.772857] PUF Read:0x00000000 at 0xa00082cc
[ 1589.772857] PUF Read:0x00000000 at 0xa00082d0
[ 1589.772857] PUF Read:0x00000000 at 0xa00082d4
[ 1589.772918] PUF Read:0x00000000 at 0xa00082d8
[ 1589.772949] PUF Read:0x00000000 at 0xa00082dc
[ 1589.772949] PUF Read:0x00000000 at 0xa00082e0
[ 1589.772949] PUF Read:0x00000400 at 0xa00082e4
[ 1589.773010] PUF Read:0x00000000 at 0xa00082e8
[ 1589.773010] PUF Read:0x00000000 at 0xa00082ec
[ 1589.773071] PUF Read:0x00000000 at 0xa00082f0
[ 1589.773101] PUF Read:0x00000000 at 0xa00082f4
[ 1589.773101] PUF Read:0x00000000 at 0xa00082f8
[ 1589.773101] PUF Read:0x00000000 at 0xa00082fc
[ 1589.773162] PUF Read:0x00000000 at 0xa0008300
[ 1589.773162] PUF Read:0x00000000 at 0xa0008304
[ 1589.773223] PUF Read:0x00000000 at 0xa0008308
[ 1589.773254] PUF Read:0x00000000 at 0xa000830c
[ 1589.773254] PUF Read:0x00000000 at 0xa0008310
[ 1589.773254] PUF Read:0x00000000 at 0xa0008314
[ 1589.773254] PUF Read:0x00000000 at 0xa0008318
[ 1589.773254] PUF Read:0x10000000 at 0xa000831c
[ 1589.773254] PUF Read:0x00000000 at 0xa0008320
[ 1589.773406] PUF Read:0x00000000 at 0xa0008324
[ 1589.773406] PUF Read:0x00000000 at 0xa0008328
[ 1589.773406] PUF Read:0x00000000 at 0xa000832c
[ 1589.773406] PUF Read:0x00000004 at 0xa0008330
[ 1589.773406] PUF Read:0x00000000 at 0xa0008334
[ 1589.773406] PUF Read:0x00000000 at 0xa0008338
[ 1589.773559] PUF Read:0x00000000 at 0xa000833c
[ 1589.773559] PUF Read:0x00000000 at 0xa0008340
[ 1589.773559] PUF Read:0x00000000 at 0xa0008344
[ 1589.773559] PUF Read:0x00000000 at 0xa0008348
[ 1589.773559] PUF Read:0x00000000 at 0xa000834c
[ 1589.773559] PUF Read:0x00000000 at 0xa0008350
[ 1589.773712] PUF Read:0x00000000 at 0xa0008354
[ 1589.773712] PUF Read:0x00000000 at 0xa0008358
[ 1589.773712] PUF Read:0x00000000 at 0xa000835c
[ 1589.773712] PUF Read:0x00010000 at 0xa0008360
[ 1589.773712] PUF Read:0x00000000 at 0xa0008364
[ 1589.773712] PUF Read:0x00000000 at 0xa0008368
[ 1589.773864] PUF Read:0x00000000 at 0xa000836c
[ 1589.773864] PUF Read:0x00000000 at 0xa0008370
[ 1589.773864] PUF Read:0x00000000 at 0xa0008374
[ 1589.773864] PUF Read:0x00000000 at 0xa0008378
[ 1589.773864] PUF Read:0x00000000 at 0xa000837c
[ 1589.773864] PUF Read:0x00000000 at 0xa0008380
[ 1589.774017] PUF Read:0x00000000 at 0xa0008384
[ 1589.774017] PUF Read:0x00000000 at 0xa0008388
[ 1589.774078] PUF Read:0x00000000 at 0xa000838c
[ 1589.774078] PUF Read:0x00000000 at 0xa0008390
[ 1589.774078] PUF Read:0x00000000 at 0xa0008394
[ 1589.774139] PUF Read:0x00000000 at 0xa0008398
[ 1589.774169] PUF Read:0x00000000 at 0xa000839c
[ 1589.774169] PUF Read:0x00000000 at 0xa00083a0
[ 1589.774169] PUF Read:0x00000000 at 0xa00083a4
[ 1589.774230] PUF Read:0x00000000 at 0xa00083a8
[ 1589.774230] PUF Read:0x00000000 at 0xa00083ac
[ 1589.774291] PUF Read:0x00000000 at 0xa00083b0
[ 1589.774322] PUF Read:0x00000000 at 0xa00083b4
[ 1589.774322] PUF Read:0x00000000 at 0xa00083b8
[ 1589.774322] PUF Read:0x00000000 at 0xa00083bc
[ 1589.774383] PUF Read:0x00000000 at 0xa00083c0
[ 1589.774383] PUF Read:0x00000000 at 0xa00083c4
[ 1589.774444] PUF Read:0x00000000 at 0xa00083c8
[ 1589.774475] PUF Read:0x00000000 at 0xa00083cc
[ 1589.774475] PUF Read:0x00000000 at 0xa00083d0
[ 1589.774475] PUF Read:0x00010000 at 0xa00083d4
[ 1589.774536] PUF Read:0x00000000 at 0xa00083d8
[ 1589.774536] PUF Read:0x00000000 at 0xa00083dc
[ 1589.774597] PUF Read:0x00000000 at 0xa00083e0
[ 1589.774597] PUF Read:0x00000000 at 0xa00083e4
[ 1589.774597] PUF Read:0x00000000 at 0xa00083e8
[ 1589.774597] PUF Read:0x00000000 at 0xa00083ec
[ 1589.774597] PUF Read:0x00000000 at 0xa00083f0
[ 1589.774597] PUF Read:0x00000000 at 0xa00083f4
[ 1589.774749] PUF Read:0x00000004 at 0xa00083f8
[ 1589.774749] PUF Read:0x00040000 at 0xa00083fc
[ 1589.774749] [i] Finished PUF read-out
[ 1589.774810] <6>[i] Finished PUF query for decaytime: 7680
[ 1589.774810] [i] Start decaytime: 120
[ 1589.774841] EMIF 2 REG Write 0x80000000 at 0x4d000010
[ 1589.774841] EMIF 2 REG Read 0x80000000 at 0x4d000010
[ 1589.774871] EMIF 2 REG Write 0x80000000 at 0x4d000014
[ 1589.774871] EMIF 2 REG Read 0x00000000 at 0x4d000014
[ 1589.774871] EMIF 2 REG Write 0x08016893 at 0x4d0000cc
[ 1589.774902] EMIF 2 REG Read 0x08016893 at 0x4d0000cc
[ 1589.774902] Temp polling alert disabled
[ 1589.774902] Refresh Disabled at EMIF2
[ 1589.774932] [i] Initialiting PUF & hammer rows
[ 1589.774932] [i] Single-Sided Rowhammer (SSRH)
[ 1589.775909] [i] Finished initialiting PUF & hammer rows
[ 1589.782806] [i]	Timer elapsed since its reset 0 sec
[ 1589.782806] [i] Decay: 120 sec
[ 1589.782806] [i]	Relative Decay: 0 msec
