[  148.714843] [i] Finished initialiting PUF & hammer rows
[  148.722137] [i]	Timer elapsed since its reset 0 sec
[  148.722137] [i] Decay: 120 sec
[  148.722167] [i]	Relative Decay: 0 msec
[  268.713531] [i] Total hammer attempts per row: 3728102
[  268.713531] EMIF 2 REG Write 0x00000618 at 0x4d000010
[  268.713562] EMIF 2 REG Read 0x00000618 at 0x4d000010
[  268.713562] EMIF 2 REG Write 0x00000618 at 0x4d000014
[  268.713592] EMIF 2 REG Read 0x00000618 at 0x4d000014
[  268.713592] EMIF 2 REG Write 0x58016893 at 0x4d0000cc
[  268.713623] EMIF 2 REG Read 0x58016893 at 0x4d0000cc
[  268.713623] Temp polling alert enabled
[  268.713623] Refresh enabled at EMIF2
[  268.713653] [i] Starting PUF read-out
[  268.713653] [i] Single-Sided Rowhammer (SSRH)
[  268.713684] PUF Read:0x00000000 at 0xa0008000
[  268.713684] PUF Read:0x00000000 at 0xa0008004
[  268.713684] PUF Read:0x00000000 at 0xa0008008
[  268.713745] PUF Read:0x00000000 at 0xa000800c
[  268.713745] PUF Read:0x00000000 at 0xa0008010
[  268.713745] PUF Read:0x00000100 at 0xa0008014
[  268.713836] PUF Read:0x00000000 at 0xa0008018
[  268.713836] PUF Read:0x00000000 at 0xa000801c
[  268.713836] PUF Read:0x00000000 at 0xa0008020
[  268.713836] PUF Read:0x40004000 at 0xa0008024
[  268.713836] PUF Read:0x00000000 at 0xa0008028
[  268.713836] PUF Read:0x00000010 at 0xa000802c
[  268.713989] PUF Read:0x00000000 at 0xa0008030
[  268.713989] PUF Read:0x00000000 at 0xa0008034
[  268.713989] PUF Read:0x00000000 at 0xa0008038
[  268.713989] PUF Read:0x00000000 at 0xa000803c
[  268.713989] PUF Read:0x00000001 at 0xa0008040
[  268.713989] PUF Read:0x00004000 at 0xa0008044
[  268.714141] PUF Read:0x00000000 at 0xa0008048
[  268.714141] PUF Read:0x00000000 at 0xa000804c
[  268.714141] PUF Read:0x00000000 at 0xa0008050
[  268.714141] PUF Read:0x00000000 at 0xa0008054
[  268.714141] PUF Read:0x00000000 at 0xa0008058
[  268.714263] PUF Read:0x00000000 at 0xa000805c
[  268.714263] PUF Read:0x00000000 at 0xa0008060
[  268.714324] PUF Read:0x00000000 at 0xa0008064
[  268.714324] PUF Read:0x00000000 at 0xa0008068
[  268.714324] PUF Read:0x00000000 at 0xa000806c
[  268.714324] PUF Read:0x00000000 at 0xa0008070
[  268.714324] PUF Read:0x00000000 at 0xa0008074
[  268.714324] PUF Read:0x00000000 at 0xa0008078
[  268.714477] PUF Read:0x00010000 at 0xa000807c
[  268.714477] PUF Read:0x00010000 at 0xa0008080
[  268.714477] PUF Read:0x00000000 at 0xa0008084
[  268.714477] PUF Read:0x00000000 at 0xa0008088
[  268.714477] PUF Read:0x00000000 at 0xa000808c
[  268.714599] PUF Read:0x00000000 at 0xa0008090
[  268.714630] PUF Read:0x00000000 at 0xa0008094
[  268.714630] PUF Read:0x00010001 at 0xa0008098
[  268.714630] PUF Read:0x00000000 at 0xa000809c
[  268.714691] PUF Read:0x00000000 at 0xa00080a0
[  268.714691] PUF Read:0x00010000 at 0xa00080a4
[  268.714752] PUF Read:0x00000000 at 0xa00080a8
[  268.714782] PUF Read:0x00000040 at 0xa00080ac
[  268.714782] PUF Read:0x00000000 at 0xa00080b0
[  268.714782] PUF Read:0x00000000 at 0xa00080b4
[  268.714843] PUF Read:0x00004000 at 0xa00080b8
[  268.714843] PUF Read:0x00000000 at 0xa00080bc
[  268.714904] PUF Read:0x00000000 at 0xa00080c0
[  268.714935] PUF Read:0x00000000 at 0xa00080c4
[  268.714935] PUF Read:0x00000000 at 0xa00080c8
[  268.714935] PUF Read:0x01000000 at 0xa00080cc
[  268.714935] PUF Read:0x40044000 at 0xa00080d0
[  268.714935] PUF Read:0x00000000 at 0xa00080d4
[  268.715057] PUF Read:0x00001000 at 0xa00080d8
[  268.715087] PUF Read:0x00000000 at 0xa00080dc
[  268.715087] PUF Read:0x01000000 at 0xa00080e0
[  268.715087] PUF Read:0x00000000 at 0xa00080e4
[  268.715087] PUF Read:0x00000000 at 0xa00080e8
[  268.715087] PUF Read:0x00000001 at 0xa00080ec
[  268.715209] PUF Read:0x00000000 at 0xa00080f0
[  268.715209] PUF Read:0x00000000 at 0xa00080f4
[  268.715270] PUF Read:0x00000100 at 0xa00080f8
[  268.715270] PUF Read:0x00000000 at 0xa00080fc
[  268.715270] PUF Read:0x00000000 at 0xa0008100
[  268.715332] PUF Read:0x00000000 at 0xa0008104
[  268.715362] PUF Read:0x00000000 at 0xa0008108
[  268.715362] PUF Read:0x00000000 at 0xa000810c
[  268.715362] PUF Read:0x00000000 at 0xa0008110
[  268.715423] PUF Read:0x00400000 at 0xa0008114
[  268.715423] PUF Read:0x00000000 at 0xa0008118
[  268.715484] PUF Read:0x00000000 at 0xa000811c
[  268.715515] PUF Read:0x00000000 at 0xa0008120
[  268.715515] PUF Read:0x00000400 at 0xa0008124
[  268.715515] PUF Read:0x00000000 at 0xa0008128
[  268.715576] PUF Read:0x00000000 at 0xa000812c
[  268.715576] PUF Read:0x00000000 at 0xa0008130
[  268.715637] PUF Read:0x00000000 at 0xa0008134
[  268.715637] PUF Read:0x00010000 at 0xa0008138
[  268.715637] PUF Read:0x00000000 at 0xa000813c
[  268.715637] PUF Read:0x00000400 at 0xa0008140
[  268.715637] PUF Read:0x00000000 at 0xa0008144
[  268.715637] PUF Read:0x00100400 at 0xa0008148
[  268.715637] PUF Read:0x00000000 at 0xa000814c
[  268.715820] PUF Read:0x00000000 at 0xa0008150
[  268.715820] PUF Read:0x00000000 at 0xa0008154
[  268.715881] PUF Read:0x00000000 at 0xa0008158
[  268.715881] PUF Read:0x00000000 at 0xa000815c
[  268.715881] PUF Read:0x00000000 at 0xa0008160
[  268.715942] PUF Read:0x00000000 at 0xa0008164
[  268.715972] PUF Read:0x04000000 at 0xa0008168
[  268.715972] PUF Read:0x00400000 at 0xa000816c
[  268.715972] PUF Read:0x00000000 at 0xa0008170
[  268.716033] PUF Read:0x00000000 at 0xa0008174
[  268.716033] PUF Read:0x00000000 at 0xa0008178
[  268.716094] PUF Read:0x00000000 at 0xa000817c
[  268.716125] PUF Read:0x00000000 at 0xa0008180
[  268.716125] PUF Read:0x00000000 at 0xa0008184
[  268.716125] PUF Read:0x00000000 at 0xa0008188
[  268.716186] PUF Read:0x00000040 at 0xa000818c
[  268.716186] PUF Read:0x00000000 at 0xa0008190
[  268.716247] PUF Read:0x40000000 at 0xa0008194
[  268.716278] PUF Read:0x00000000 at 0xa0008198
[  268.716278] PUF Read:0x00000000 at 0xa000819c
[  268.716278] PUF Read:0x00000000 at 0xa00081a0
[  268.716339] PUF Read:0x00000000 at 0xa00081a4
[  268.716339] PUF Read:0x00000000 at 0xa00081a8
[  268.716400] PUF Read:0x00000000 at 0xa00081ac
[  268.716400] PUF Read:0x00410000 at 0xa00081b0
[  268.716400] PUF Read:0x00000000 at 0xa00081b4
[  268.716400] PUF Read:0x00000000 at 0xa00081b8
[  268.716400] PUF Read:0x00000000 at 0xa00081bc
[  268.716400] PUF Read:0x00000000 at 0xa00081c0
[  268.716552] PUF Read:0x00000004 at 0xa00081c4
[  268.716552] PUF Read:0x00000000 at 0xa00081c8
[  268.716613] PUF Read:0x00010000 at 0xa00081cc
[  268.716613] PUF Read:0x10000000 at 0xa00081d0
[  268.716613] PUF Read:0x00000000 at 0xa00081d4
[  268.716674] PUF Read:0x00000000 at 0xa00081d8
[  268.716705] PUF Read:0x00000000 at 0xa00081dc
[  268.716705] PUF Read:0x00000000 at 0xa00081e0
[  268.716705] PUF Read:0x00000040 at 0xa00081e4
[  268.716766] PUF Read:0x00000000 at 0xa00081e8
[  268.716766] PUF Read:0x00000000 at 0xa00081ec
[  268.716827] PUF Read:0x00000000 at 0xa00081f0
[  268.716857] PUF Read:0x00000400 at 0xa00081f4
[  268.716857] PUF Read:0x00000000 at 0xa00081f8
[  268.716857] PUF Read:0x00000000 at 0xa00081fc
[  268.716918] PUF Read:0x00000000 at 0xa0008200
[  268.716918] PUF Read:0x00000000 at 0xa0008204
[  268.716979] PUF Read:0x00000010 at 0xa0008208
[  268.716979] PUF Read:0x00000000 at 0xa000820c
[  268.716979] PUF Read:0x00000000 at 0xa0008210
[  268.716979] PUF Read:0x00000000 at 0xa0008214
[  268.716979] PUF Read:0x00000400 at 0xa0008218
[  268.717102] PUF Read:0x00000000 at 0xa000821c
[  268.717132] PUF Read:0x00000000 at 0xa0008220
[  268.717132] PUF Read:0x00100000 at 0xa0008224
[  268.717132] PUF Read:0x00000000 at 0xa0008228
[  268.717193] PUF Read:0x00000000 at 0xa000822c
[  268.717193] PUF Read:0x00000000 at 0xa0008230
[  268.717193] PUF Read:0x00400000 at 0xa0008234
[  268.717285] PUF Read:0x00000000 at 0xa0008238
[  268.717315] PUF Read:0x00000000 at 0xa000823c
[  268.717315] PUF Read:0x00000000 at 0xa0008240
[  268.717315] PUF Read:0x00000000 at 0xa0008244
[  268.717376] PUF Read:0x00000000 at 0xa0008248
[  268.717376] PUF Read:0x00000000 at 0xa000824c
[  268.717437] PUF Read:0x00000000 at 0xa0008250
[  268.717437] PUF Read:0x00100000 at 0xa0008254
[  268.717437] PUF Read:0x00000000 at 0xa0008258
[  268.717437] PUF Read:0x00040000 at 0xa000825c
[  268.717437] PUF Read:0x00000000 at 0xa0008260
[  268.717437] PUF Read:0x00000000 at 0xa0008264
[  268.717590] PUF Read:0x00000400 at 0xa0008268
[  268.717590] PUF Read:0x00000000 at 0xa000826c
[  268.717651] PUF Read:0x00000000 at 0xa0008270
[  268.717651] PUF Read:0x00000000 at 0xa0008274
[  268.717651] PUF Read:0x00000040 at 0xa0008278
[  268.717712] PUF Read:0x00000000 at 0xa000827c
[  268.717742] PUF Read:0x40000000 at 0xa0008280
[  268.717742] PUF Read:0x00000000 at 0xa0008284
[  268.717742] PUF Read:0x00400000 at 0xa0008288
[  268.717803] PUF Read:0x00000000 at 0xa000828c
[  268.717803] PUF Read:0x00000000 at 0xa0008290
[  268.717864] PUF Read:0x00000000 at 0xa0008294
[  268.717895] PUF Read:0x00000000 at 0xa0008298
[  268.717895] PUF Read:0x00000000 at 0xa000829c
[  268.717895] PUF Read:0x00000000 at 0xa00082a0
[  268.717895] PUF Read:0x00001000 at 0xa00082a4
[  268.717895] PUF Read:0x00000000 at 0xa00082a8
[  268.718017] PUF Read:0x00000000 at 0xa00082ac
[  268.718017] PUF Read:0x00000000 at 0xa00082b0
[  268.718017] PUF Read:0x00000000 at 0xa00082b4
[  268.718017] PUF Read:0x00000040 at 0xa00082b8
[  268.718017] PUF Read:0x00000000 at 0xa00082bc
[  268.718139] PUF Read:0x00000000 at 0xa00082c0
[  268.718170] PUF Read:0x00000000 at 0xa00082c4
[  268.718170] PUF Read:0x10000000 at 0xa00082c8
[  268.718170] PUF Read:0x00000000 at 0xa00082cc
[  268.718231] PUF Read:0x00100000 at 0xa00082d0
[  268.718231] PUF Read:0x00000000 at 0xa00082d4
[  268.718292] PUF Read:0x00000000 at 0xa00082d8
[  268.718322] PUF Read:0x00004000 at 0xa00082dc
[  268.718322] PUF Read:0x00000000 at 0xa00082e0
[  268.718322] PUF Read:0x00000400 at 0xa00082e4
[  268.718383] PUF Read:0x00000000 at 0xa00082e8
[  268.718383] PUF Read:0x00000001 at 0xa00082ec
[  268.718444] PUF Read:0x00000000 at 0xa00082f0
[  268.718475] PUF Read:0x00000000 at 0xa00082f4
[  268.718475] PUF Read:0x00000000 at 0xa00082f8
[  268.718475] PUF Read:0x00000000 at 0xa00082fc
[  268.718475] PUF Read:0x00000000 at 0xa0008300
[  268.718475] PUF Read:0x00000000 at 0xa0008304
[  268.718597] PUF Read:0x00000000 at 0xa0008308
[  268.718597] PUF Read:0x00000000 at 0xa000830c
[  268.718658] PUF Read:0x00000000 at 0xa0008310
[  268.718658] PUF Read:0x00000000 at 0xa0008314
[  268.718658] PUF Read:0x01000000 at 0xa0008318
[  268.718719] PUF Read:0x10000000 at 0xa000831c
[  268.718749] PUF Read:0x00000000 at 0xa0008320
[  268.718780] PUF Read:0x00000000 at 0xa0008324
[  268.718780] PUF Read:0x00000000 at 0xa0008328
[  268.718780] PUF Read:0x00000000 at 0xa000832c
[  268.718841] PUF Read:0x00000004 at 0xa0008330
[  268.718841] PUF Read:0x00000000 at 0xa0008334
[  268.718902] PUF Read:0x00000000 at 0xa0008338
[  268.718902] PUF Read:0x00000000 at 0xa000833c
[  268.718902] PUF Read:0x00000000 at 0xa0008340
[  268.718902] PUF Read:0x00000001 at 0xa0008344
[  268.718902] PUF Read:0x00000000 at 0xa0008348
[  268.719024] PUF Read:0x00000000 at 0xa000834c
[  268.719055] PUF Read:0x00000000 at 0xa0008350
[  268.719055] PUF Read:0x00000000 at 0xa0008354
[  268.719055] PUF Read:0x00000000 at 0xa0008358
[  268.719116] PUF Read:0x00000000 at 0xa000835c
[  268.719116] PUF Read:0x00010000 at 0xa0008360
[  268.719177] PUF Read:0x00000000 at 0xa0008364
[  268.719207] PUF Read:0x00000000 at 0xa0008368
[  268.719207] PUF Read:0x00000000 at 0xa000836c
[  268.719207] PUF Read:0x00000000 at 0xa0008370
[  268.719207] PUF Read:0x00000000 at 0xa0008374
[  268.719207] PUF Read:0x00000000 at 0xa0008378
[  268.719329] PUF Read:0x00000000 at 0xa000837c
[  268.719329] PUF Read:0x00000000 at 0xa0008380
[  268.719329] PUF Read:0x00000000 at 0xa0008384
[  268.719329] PUF Read:0x00000000 at 0xa0008388
[  268.719329] PUF Read:0x00000000 at 0xa000838c
[  268.719451] PUF Read:0x00000001 at 0xa0008390
[  268.719482] PUF Read:0x00000100 at 0xa0008394
[  268.719482] PUF Read:0x00000000 at 0xa0008398
[  268.719482] PUF Read:0x00000000 at 0xa000839c
[  268.719543] PUF Read:0x00000000 at 0xa00083a0
[  268.719543] PUF Read:0x00000000 at 0xa00083a4
[  268.719604] PUF Read:0x00000000 at 0xa00083a8
[  268.719635] PUF Read:0x00001000 at 0xa00083ac
[  268.719635] PUF Read:0x00000000 at 0xa00083b0
[  268.719635] PUF Read:0x00000000 at 0xa00083b4
[  268.719696] PUF Read:0x00000000 at 0xa00083b8
[  268.719696] PUF Read:0x00000000 at 0xa00083bc
[  268.719757] PUF Read:0x00000000 at 0xa00083c0
[  268.719757] PUF Read:0x04000000 at 0xa00083c4
[  268.719757] PUF Read:0x00000000 at 0xa00083c8
[  268.719757] PUF Read:0x00000000 at 0xa00083cc
[  268.719757] PUF Read:0x00000000 at 0xa00083d0
[  268.719757] PUF Read:0x00010000 at 0xa00083d4
[  268.719909] PUF Read:0x00000000 at 0xa00083d8
[  268.719909] PUF Read:0x00000000 at 0xa00083dc
[  268.719970] PUF Read:0x00140000 at 0xa00083e0
[  268.719970] PUF Read:0x10000000 at 0xa00083e4
[  268.719970] PUF Read:0x00000000 at 0xa00083e8
[  268.720031] PUF Read:0x00000000 at 0xa00083ec
[  268.720062] PUF Read:0x00000400 at 0xa00083f0
[  268.720062] PUF Read:0x00000000 at 0xa00083f4
[  268.720062] PUF Read:0x00000004 at 0xa00083f8
[  268.720123] PUF Read:0x00040000 at 0xa00083fc
[  268.720153] [i] Finished PUF read-out
[  268.720153] <6>[i] Finished PUF query for decaytime: 15360
[  268.720184] End measurement:0
[  268.720184] [i] Starting the Rowhammer PUF for PandaBoard
[  268.720184] Number of PUF rows: 8 PUF init Value :0 Rowhammer rows init Value:0
[  268.720214] [i] Start measurement: 0
[  268.720214] [i] Start decaytime: 60
[  268.720214] EMIF 2 REG Write 0x80000000 at 0x4d000010
[  268.720245] EMIF 2 REG Read 0x80000000 at 0x4d000010
[  268.720245] EMIF 2 REG Write 0x80000000 at 0x4d000014
[  268.720275] EMIF 2 REG Read 0x00000000 at 0x4d000014
[  268.720275] EMIF 2 REG Write 0x08016893 at 0x4d0000cc
[  268.720306] EMIF 2 REG Read 0x08016893 at 0x4d0000cc
[  268.720306] Temp polling alert disabled
[  268.720306] Refresh Disabled at EMIF2
[  268.720336] [i] Initialiting PUF & hammer rows
[  268.720336] [i] Single-Sided Rowhammer (SSRH)
