[  809.658813] [i] Total hammer attempts per row: 3726518
[  809.658843] EMIF 2 REG Write 0x00000618 at 0x4d000010
[  809.658874] EMIF 2 REG Read 0x00000618 at 0x4d000010
[  809.658874] EMIF 2 REG Write 0x00000618 at 0x4d000014
[  809.658905] EMIF 2 REG Read 0x00000618 at 0x4d000014
[  809.658905] EMIF 2 REG Write 0x58016893 at 0x4d0000cc
[  809.658905] EMIF 2 REG Read 0x58016893 at 0x4d0000cc
[  809.658935] Temp polling alert enabled
[  809.658935] Refresh enabled at EMIF2
[  809.658935] [i] Starting PUF read-out
[  809.658966] [i] Single-Sided Rowhammer (SSRH)
[  809.658966] PUF Read:0x00000010 at 0xa0008000
[  809.658966] PUF Read:0x00000400 at 0xa0008004
[  809.658966] PUF Read:0x00000000 at 0xa0008008
[  809.658966] PUF Read:0x00000000 at 0xa000800c
[  809.659088] PUF Read:0x00000000 at 0xa0008010
[  809.659118] PUF Read:0x00000100 at 0xa0008014
[  809.659118] PUF Read:0x00000000 at 0xa0008018
[  809.659118] PUF Read:0x10400000 at 0xa000801c
[  809.659179] PUF Read:0x00000000 at 0xa0008020
[  809.659179] PUF Read:0x40004000 at 0xa0008024
[  809.659240] PUF Read:0x00004000 at 0xa0008028
[  809.659271] PUF Read:0x00000010 at 0xa000802c
[  809.659271] PUF Read:0x40000000 at 0xa0008030
[  809.659271] PUF Read:0x04000000 at 0xa0008034
[  809.659271] PUF Read:0x00004000 at 0xa0008038
[  809.659271] PUF Read:0x00000000 at 0xa000803c
[  809.659271] PUF Read:0x00000001 at 0xa0008040
[  809.659423] PUF Read:0x00004000 at 0xa0008044
[  809.659454] PUF Read:0x00000000 at 0xa0008048
[  809.659454] PUF Read:0x00000001 at 0xa000804c
[  809.659454] PUF Read:0x00000000 at 0xa0008050
[  809.659515] PUF Read:0x00000000 at 0xa0008054
[  809.659515] PUF Read:0x00000000 at 0xa0008058
[  809.659576] PUF Read:0x00000000 at 0xa000805c
[  809.659606] PUF Read:0x00000000 at 0xa0008060
[  809.659606] PUF Read:0x00100000 at 0xa0008064
[  809.659606] PUF Read:0x00000000 at 0xa0008068
[  809.659667] PUF Read:0x00000000 at 0xa000806c
[  809.659667] PUF Read:0x00000000 at 0xa0008070
[  809.659729] PUF Read:0x00000000 at 0xa0008074
[  809.659759] PUF Read:0x00000000 at 0xa0008078
[  809.659759] PUF Read:0x00010000 at 0xa000807c
[  809.659759] PUF Read:0x00010000 at 0xa0008080
[  809.659820] PUF Read:0x00000000 at 0xa0008084
[  809.659820] PUF Read:0x00000000 at 0xa0008088
[  809.659881] PUF Read:0x00000000 at 0xa000808c
[  809.659912] PUF Read:0x00000000 at 0xa0008090
[  809.659912] PUF Read:0x10000000 at 0xa0008094
[  809.659912] PUF Read:0x00410001 at 0xa0008098
[  809.659973] PUF Read:0x00000000 at 0xa000809c
[  809.659973] PUF Read:0x00000000 at 0xa00080a0
[  809.659973] PUF Read:0x00010000 at 0xa00080a4
[  809.660064] PUF Read:0x00000001 at 0xa00080a8
[  809.660064] PUF Read:0x00000041 at 0xa00080ac
[  809.660064] PUF Read:0x00000000 at 0xa00080b0
[  809.660064] PUF Read:0x00000000 at 0xa00080b4
[  809.660064] PUF Read:0x00004000 at 0xa00080b8
[  809.660186] PUF Read:0x00000000 at 0xa00080bc
[  809.660217] PUF Read:0x00000400 at 0xa00080c0
[  809.660217] PUF Read:0x00000000 at 0xa00080c4
[  809.660278] PUF Read:0x10100000 at 0xa00080c8
[  809.660278] PUF Read:0x01000000 at 0xa00080cc
[  809.660278] PUF Read:0x40044000 at 0xa00080d0
[  809.660339] PUF Read:0x00000000 at 0xa00080d4
[  809.660369] PUF Read:0x00001000 at 0xa00080d8
[  809.660369] PUF Read:0x00000000 at 0xa00080dc
[  809.660369] PUF Read:0x01000000 at 0xa00080e0
[  809.660369] PUF Read:0x00000000 at 0xa00080e4
[  809.660369] PUF Read:0x00000000 at 0xa00080e8
[  809.660491] PUF Read:0x00000001 at 0xa00080ec
[  809.660522] PUF Read:0x00000000 at 0xa00080f0
[  809.660522] PUF Read:0x00000000 at 0xa00080f4
[  809.660522] PUF Read:0x00000100 at 0xa00080f8
[  809.660583] PUF Read:0x00000000 at 0xa00080fc
[  809.660583] PUF Read:0x00000000 at 0xa0008100
[  809.660644] PUF Read:0x00000000 at 0xa0008104
[  809.660675] PUF Read:0x00000000 at 0xa0008108
[  809.660675] PUF Read:0x00000000 at 0xa000810c
[  809.660736] PUF Read:0x00000000 at 0xa0008110
[  809.660736] PUF Read:0x00400000 at 0xa0008114
[  809.660736] PUF Read:0x00000000 at 0xa0008118
[  809.660797] PUF Read:0x00000000 at 0xa000811c
[  809.660827] PUF Read:0x00000000 at 0xa0008120
[  809.660827] PUF Read:0x00000400 at 0xa0008124
[  809.660888] PUF Read:0x00000040 at 0xa0008128
[  809.660888] PUF Read:0x00000000 at 0xa000812c
[  809.660888] PUF Read:0x00000000 at 0xa0008130
[  809.660949] PUF Read:0x00000000 at 0xa0008134
[  809.660980] PUF Read:0x00010000 at 0xa0008138
[  809.660980] PUF Read:0x00000000 at 0xa000813c
[  809.660980] PUF Read:0x40000400 at 0xa0008140
[  809.661041] PUF Read:0x00000000 at 0xa0008144
[  809.661041] PUF Read:0x00100400 at 0xa0008148
[  809.661102] PUF Read:0x00000000 at 0xa000814c
[  809.661132] PUF Read:0x00000000 at 0xa0008150
[  809.661132] PUF Read:0x00000000 at 0xa0008154
[  809.661132] PUF Read:0x00000000 at 0xa0008158
[  809.661193] PUF Read:0x00100000 at 0xa000815c
[  809.661193] PUF Read:0x00001000 at 0xa0008160
[  809.661254] PUF Read:0x00000000 at 0xa0008164
[  809.661285] PUF Read:0x04000000 at 0xa0008168
[  809.661285] PUF Read:0x00400000 at 0xa000816c
[  809.661285] PUF Read:0x00000000 at 0xa0008170
[  809.661346] PUF Read:0x00100000 at 0xa0008174
[  809.661346] PUF Read:0x00000000 at 0xa0008178
[  809.661407] PUF Read:0x00004000 at 0xa000817c
[  809.661437] PUF Read:0x00000000 at 0xa0008180
[  809.661437] PUF Read:0x00000000 at 0xa0008184
[  809.661437] PUF Read:0x00040000 at 0xa0008188
[  809.661499] PUF Read:0x00000440 at 0xa000818c
[  809.661499] PUF Read:0x00000000 at 0xa0008190
[  809.661499] PUF Read:0x40000000 at 0xa0008194
[  809.661590] PUF Read:0x00000000 at 0xa0008198
[  809.661590] PUF Read:0x00000000 at 0xa000819c
[  809.661590] PUF Read:0x00000000 at 0xa00081a0
[  809.661590] PUF Read:0x00000000 at 0xa00081a4
[  809.661590] PUF Read:0x00000000 at 0xa00081a8
[  809.661712] PUF Read:0x00000000 at 0xa00081ac
[  809.661743] PUF Read:0x00410000 at 0xa00081b0
[  809.661743] PUF Read:0x00000000 at 0xa00081b4
[  809.661743] PUF Read:0x00000000 at 0xa00081b8
[  809.661804] PUF Read:0x00100000 at 0xa00081bc
[  809.661804] PUF Read:0x00000000 at 0xa00081c0
[  809.661865] PUF Read:0x00000004 at 0xa00081c4
[  809.661895] PUF Read:0x00000000 at 0xa00081c8
[  809.661895] PUF Read:0x00010000 at 0xa00081cc
[  809.661895] PUF Read:0x10000000 at 0xa00081d0
[  809.661956] PUF Read:0x00000000 at 0xa00081d4
[  809.661956] PUF Read:0x10000000 at 0xa00081d8
[  809.662017] PUF Read:0x00000000 at 0xa00081dc
[  809.662048] PUF Read:0x00000000 at 0xa00081e0
[  809.662048] PUF Read:0x00000040 at 0xa00081e4
[  809.662048] PUF Read:0x00000000 at 0xa00081e8
[  809.662109] PUF Read:0x00000000 at 0xa00081ec
[  809.662109] PUF Read:0x00000001 at 0xa00081f0
[  809.662170] PUF Read:0x00010400 at 0xa00081f4
[  809.662200] PUF Read:0x00000000 at 0xa00081f8
[  809.662200] PUF Read:0x00000040 at 0xa00081fc
[  809.662200] PUF Read:0x00000000 at 0xa0008200
[  809.662261] PUF Read:0x00000000 at 0xa0008204
[  809.662261] PUF Read:0x00000010 at 0xa0008208
[  809.662322] PUF Read:0x00000000 at 0xa000820c
[  809.662322] PUF Read:0x00400000 at 0xa0008210
[  809.662322] PUF Read:0x00000000 at 0xa0008214
[  809.662322] PUF Read:0x00000400 at 0xa0008218
[  809.662322] PUF Read:0x00000000 at 0xa000821c
[  809.662322] PUF Read:0x00000000 at 0xa0008220
[  809.662475] PUF Read:0x00100000 at 0xa0008224
[  809.662475] PUF Read:0x00000000 at 0xa0008228
[  809.662475] PUF Read:0x00000000 at 0xa000822c
[  809.662475] PUF Read:0x00000500 at 0xa0008230
[  809.662475] PUF Read:0x00400000 at 0xa0008234
[  809.662475] PUF Read:0x00000000 at 0xa0008238
[  809.662628] PUF Read:0x00000400 at 0xa000823c
[  809.662628] PUF Read:0x00000000 at 0xa0008240
[  809.662689] PUF Read:0x00000000 at 0xa0008244
[  809.662689] PUF Read:0x00040000 at 0xa0008248
[  809.662689] PUF Read:0x00000000 at 0xa000824c
[  809.662750] PUF Read:0x04000000 at 0xa0008250
[  809.662780] PUF Read:0x00100000 at 0xa0008254
[  809.662780] PUF Read:0x00000000 at 0xa0008258
[  809.662841] PUF Read:0x04040000 at 0xa000825c
[  809.662841] PUF Read:0x00000000 at 0xa0008260
[  809.662841] PUF Read:0x00000000 at 0xa0008264
[  809.662902] PUF Read:0x00000400 at 0xa0008268
[  809.662933] PUF Read:0x00001000 at 0xa000826c
[  809.662933] PUF Read:0x00000000 at 0xa0008270
[  809.662933] PUF Read:0x00000000 at 0xa0008274
[  809.662994] PUF Read:0x00000040 at 0xa0008278
[  809.662994] PUF Read:0x00100000 at 0xa000827c
[  809.662994] PUF Read:0x40000000 at 0xa0008280
[  809.663085] PUF Read:0x00000000 at 0xa0008284
[  809.663116] PUF Read:0x00400000 at 0xa0008288
[  809.663116] PUF Read:0x00000000 at 0xa000828c
[  809.663116] PUF Read:0x00000000 at 0xa0008290
[  809.663177] PUF Read:0x00000000 at 0xa0008294
[  809.663177] PUF Read:0x00000000 at 0xa0008298
[  809.663238] PUF Read:0x00000000 at 0xa000829c
[  809.663269] PUF Read:0x00000000 at 0xa00082a0
[  809.663269] PUF Read:0x00001000 at 0xa00082a4
[  809.663269] PUF Read:0x00000000 at 0xa00082a8
[  809.663330] PUF Read:0x00000000 at 0xa00082ac
[  809.663330] PUF Read:0x00000000 at 0xa00082b0
[  809.663391] PUF Read:0x00000000 at 0xa00082b4
[  809.663421] PUF Read:0x00000040 at 0xa00082b8
[  809.663421] PUF Read:0x00000000 at 0xa00082bc
[  809.663421] PUF Read:0x00000000 at 0xa00082c0
[  809.663482] PUF Read:0x00000000 at 0xa00082c4
[  809.663482] PUF Read:0x10000000 at 0xa00082c8
[  809.663543] PUF Read:0x00000000 at 0xa00082cc
[  809.663574] PUF Read:0x00100000 at 0xa00082d0
[  809.663574] PUF Read:0x00000000 at 0xa00082d4
[  809.663574] PUF Read:0x40000000 at 0xa00082d8
[  809.663635] PUF Read:0x00004000 at 0xa00082dc
[  809.663635] PUF Read:0x00000000 at 0xa00082e0
[  809.663696] PUF Read:0x00000400 at 0xa00082e4
[  809.663726] PUF Read:0x00000100 at 0xa00082e8
[  809.663726] PUF Read:0x00000001 at 0xa00082ec
[  809.663726] PUF Read:0x00000001 at 0xa00082f0
[  809.663787] PUF Read:0x00000000 at 0xa00082f4
[  809.663787] PUF Read:0x00000000 at 0xa00082f8
[  809.663848] PUF Read:0x00000000 at 0xa00082fc
[  809.663848] PUF Read:0x00000100 at 0xa0008300
[  809.663848] PUF Read:0x00000000 at 0xa0008304
[  809.663848] PUF Read:0x00000000 at 0xa0008308
[  809.663848] PUF Read:0x00000000 at 0xa000830c
[  809.663848] PUF Read:0x00000000 at 0xa0008310
[  809.664001] PUF Read:0x00000000 at 0xa0008314
[  809.664001] PUF Read:0x01500000 at 0xa0008318
[  809.664001] PUF Read:0x10000000 at 0xa000831c
[  809.664001] PUF Read:0x00000000 at 0xa0008320
[  809.664001] PUF Read:0x00000100 at 0xa0008324
[  809.664123] PUF Read:0x00000000 at 0xa0008328
[  809.664154] PUF Read:0x00010000 at 0xa000832c
[  809.664154] PUF Read:0x00000004 at 0xa0008330
[  809.664154] PUF Read:0x00000000 at 0xa0008334
[  809.664215] PUF Read:0x00001000 at 0xa0008338
[  809.664215] PUF Read:0x00000000 at 0xa000833c
[  809.664276] PUF Read:0x10000100 at 0xa0008340
[  809.664306] PUF Read:0x00000001 at 0xa0008344
[  809.664306] PUF Read:0x00000000 at 0xa0008348
[  809.664306] PUF Read:0x00000100 at 0xa000834c
[  809.664367] PUF Read:0x00000000 at 0xa0008350
[  809.664367] PUF Read:0x00000000 at 0xa0008354
[  809.664428] PUF Read:0x00000000 at 0xa0008358
[  809.664459] PUF Read:0x00000000 at 0xa000835c
[  809.664459] PUF Read:0x00014000 at 0xa0008360
[  809.664459] PUF Read:0x00000000 at 0xa0008364
[  809.664520] PUF Read:0x00000000 at 0xa0008368
[  809.664520] PUF Read:0x00000400 at 0xa000836c
[  809.664520] PUF Read:0x00000000 at 0xa0008370
[  809.664611] PUF Read:0x00000000 at 0xa0008374
[  809.664642] PUF Read:0x40000000 at 0xa0008378
[  809.664642] PUF Read:0x00000000 at 0xa000837c
[  809.664642] PUF Read:0x00000000 at 0xa0008380
[  809.664703] PUF Read:0x00000000 at 0xa0008384
[  809.664703] PUF Read:0x00000000 at 0xa0008388
[  809.664764] PUF Read:0x00000000 at 0xa000838c
[  809.664794] PUF Read:0x00000001 at 0xa0008390
[  809.664794] PUF Read:0x00000100 at 0xa0008394
[  809.664794] PUF Read:0x00000000 at 0xa0008398
[  809.664794] PUF Read:0x00000000 at 0xa000839c
[  809.664794] PUF Read:0x00000000 at 0xa00083a0
[  809.664916] PUF Read:0x00000000 at 0xa00083a4
[  809.664916] PUF Read:0x00000000 at 0xa00083a8
[  809.664916] PUF Read:0x00001000 at 0xa00083ac
[  809.664916] PUF Read:0x00000000 at 0xa00083b0
[  809.664916] PUF Read:0x00000000 at 0xa00083b4
[  809.665039] PUF Read:0x00000000 at 0xa00083b8
[  809.665069] PUF Read:0x00000000 at 0xa00083bc
[  809.665069] PUF Read:0x00000040 at 0xa00083c0
[  809.665130] PUF Read:0x04000000 at 0xa00083c4
[  809.665130] PUF Read:0x00000000 at 0xa00083c8
[  809.665130] PUF Read:0x00000000 at 0xa00083cc
[  809.665191] PUF Read:0x00000000 at 0xa00083d0
[  809.665222] PUF Read:0x00010000 at 0xa00083d4
[  809.665222] PUF Read:0x00000000 at 0xa00083d8
[  809.665222] PUF Read:0x00000000 at 0xa00083dc
[  809.665283] PUF Read:0x00140000 at 0xa00083e0
[  809.665283] PUF Read:0x10000000 at 0xa00083e4
[  809.665344] PUF Read:0x00000000 at 0xa00083e8
[  809.665374] PUF Read:0x00000000 at 0xa00083ec
[  809.665374] PUF Read:0x00000400 at 0xa00083f0
[  809.665374] PUF Read:0x04000000 at 0xa00083f4
[  809.665435] PUF Read:0x00000004 at 0xa00083f8
[  809.665435] PUF Read:0x00040000 at 0xa00083fc
[  809.665496] [i] Finished PUF read-out
[  809.665496] <6>[i] Finished PUF query for decaytime: 15360
[  809.665496] End measurement:0
[  809.665527] [i] Starting the Rowhammer PUF for PandaBoard
[  809.665527] Number of PUF rows: 8 PUF init Value :0 Rowhammer rows init Value:55555555
[  809.665527] [i] Start measurement: 0
[  809.665557] [i] Start decaytime: 60
[  809.665557] EMIF 2 REG Write 0x80000000 at 0x4d000010
[  809.665588] EMIF 2 REG Read 0x80000000 at 0x4d000010
[  809.665588] EMIF 2 REG Write 0x80000000 at 0x4d000014
[  809.665618] EMIF 2 REG Read 0x00000000 at 0x4d000014
[  809.665618] EMIF 2 REG Write 0x08016893 at 0x4d0000cc
[  809.665618] EMIF 2 REG Read 0x08016893 at 0x4d0000cc
[  809.665649] Temp polling alert disabled
[  809.665649] Refresh Disabled at EMIF2
[  809.665649] [i] Initialiting PUF & hammer rows
[  809.665679] [i] Single-Sided Rowhammer (SSRH)
[  809.705657] [i] Finished initialiting PUF & hammer rows
[  809.710449] [i]	Timer elapsed since its reset 0 sec
[  809.710449] [i] Decay: 60 sec
[  809.710479] [i]	Relative Decay: 0 msec
