[ 1350.565582] [i] Total hammer attempts per row: 3727150
[ 1350.565612] EMIF 2 REG Write 0x00000618 at 0x4d000010
[ 1350.565612] EMIF 2 REG Read 0x00000618 at 0x4d000010
[ 1350.565643] EMIF 2 REG Write 0x00000618 at 0x4d000014
[ 1350.565643] EMIF 2 REG Read 0x00000618 at 0x4d000014
[ 1350.565673] EMIF 2 REG Write 0x58016893 at 0x4d0000cc
[ 1350.565673] EMIF 2 REG Read 0x58016893 at 0x4d0000cc
[ 1350.565704] Temp polling alert enabled
[ 1350.565704] Refresh enabled at EMIF2
[ 1350.565704] [i] Starting PUF read-out
[ 1350.565734] [i] Single-Sided Rowhammer (SSRH)
[ 1350.565734] PUF Read:0x00000000 at 0xa0008000
[ 1350.565734] PUF Read:0x00000000 at 0xa0008004
[ 1350.565795] PUF Read:0x00000000 at 0xa0008008
[ 1350.565826] PUF Read:0x00000000 at 0xa000800c
[ 1350.565826] PUF Read:0x00000000 at 0xa0008010
[ 1350.565826] PUF Read:0x00000100 at 0xa0008014
[ 1350.565826] PUF Read:0x00000000 at 0xa0008018
[ 1350.565917] PUF Read:0x00000000 at 0xa000801c
[ 1350.565917] PUF Read:0x00000000 at 0xa0008020
[ 1350.565979] PUF Read:0x40004000 at 0xa0008024
[ 1350.566009] PUF Read:0x00000000 at 0xa0008028
[ 1350.566009] PUF Read:0x00000010 at 0xa000802c
[ 1350.566009] PUF Read:0x00000000 at 0xa0008030
[ 1350.566070] PUF Read:0x00000000 at 0xa0008034
[ 1350.566070] PUF Read:0x00000000 at 0xa0008038
[ 1350.566131] PUF Read:0x00000000 at 0xa000803c
[ 1350.566162] PUF Read:0x00000001 at 0xa0008040
[ 1350.566162] PUF Read:0x00004000 at 0xa0008044
[ 1350.566162] PUF Read:0x00000000 at 0xa0008048
[ 1350.566162] PUF Read:0x00000000 at 0xa000804c
[ 1350.566162] PUF Read:0x00000000 at 0xa0008050
[ 1350.566284] PUF Read:0x00000000 at 0xa0008054
[ 1350.566284] PUF Read:0x00000000 at 0xa0008058
[ 1350.566284] PUF Read:0x00000000 at 0xa000805c
[ 1350.566284] PUF Read:0x00000000 at 0xa0008060
[ 1350.566375] PUF Read:0x00000000 at 0xa0008064
[ 1350.566375] PUF Read:0x00000000 at 0xa0008068
[ 1350.566436] PUF Read:0x00000000 at 0xa000806c
[ 1350.566467] PUF Read:0x00000000 at 0xa0008070
[ 1350.566467] PUF Read:0x00000000 at 0xa0008074
[ 1350.566467] PUF Read:0x00000000 at 0xa0008078
[ 1350.566528] PUF Read:0x00010000 at 0xa000807c
[ 1350.566528] PUF Read:0x00010000 at 0xa0008080
[ 1350.566589] PUF Read:0x00000000 at 0xa0008084
[ 1350.566619] PUF Read:0x00000000 at 0xa0008088
[ 1350.566619] PUF Read:0x00000000 at 0xa000808c
[ 1350.566619] PUF Read:0x00000000 at 0xa0008090
[ 1350.566680] PUF Read:0x00000000 at 0xa0008094
[ 1350.566680] PUF Read:0x00010001 at 0xa0008098
[ 1350.566741] PUF Read:0x00000000 at 0xa000809c
[ 1350.566772] PUF Read:0x00000000 at 0xa00080a0
[ 1350.566772] PUF Read:0x00010000 at 0xa00080a4
[ 1350.566772] PUF Read:0x00000001 at 0xa00080a8
[ 1350.566833] PUF Read:0x00000040 at 0xa00080ac
[ 1350.566833] PUF Read:0x00000000 at 0xa00080b0
[ 1350.566894] PUF Read:0x00000000 at 0xa00080b4
[ 1350.566925] PUF Read:0x00004000 at 0xa00080b8
[ 1350.566925] PUF Read:0x00000000 at 0xa00080bc
[ 1350.566925] PUF Read:0x00000000 at 0xa00080c0
[ 1350.566986] PUF Read:0x00000000 at 0xa00080c4
[ 1350.566986] PUF Read:0x00000000 at 0xa00080c8
[ 1350.567047] PUF Read:0x01000000 at 0xa00080cc
[ 1350.567077] PUF Read:0x40044000 at 0xa00080d0
[ 1350.567077] PUF Read:0x00000000 at 0xa00080d4
[ 1350.567077] PUF Read:0x00001000 at 0xa00080d8
[ 1350.567138] PUF Read:0x00000000 at 0xa00080dc
[ 1350.567138] PUF Read:0x01000000 at 0xa00080e0
[ 1350.567199] PUF Read:0x00000000 at 0xa00080e4
[ 1350.567230] PUF Read:0x00000000 at 0xa00080e8
[ 1350.567230] PUF Read:0x00000001 at 0xa00080ec
[ 1350.567230] PUF Read:0x00000000 at 0xa00080f0
[ 1350.567291] PUF Read:0x00000000 at 0xa00080f4
[ 1350.567291] PUF Read:0x00000100 at 0xa00080f8
[ 1350.567352] PUF Read:0x00000000 at 0xa00080fc
[ 1350.567382] PUF Read:0x00000000 at 0xa0008100
[ 1350.567382] PUF Read:0x00000000 at 0xa0008104
[ 1350.567382] PUF Read:0x00000000 at 0xa0008108
[ 1350.567443] PUF Read:0x00000000 at 0xa000810c
[ 1350.567443] PUF Read:0x00000000 at 0xa0008110
[ 1350.567504] PUF Read:0x00400000 at 0xa0008114
[ 1350.567535] PUF Read:0x00000000 at 0xa0008118
[ 1350.567535] PUF Read:0x00000000 at 0xa000811c
[ 1350.567535] PUF Read:0x00000000 at 0xa0008120
[ 1350.567596] PUF Read:0x00000400 at 0xa0008124
[ 1350.567596] PUF Read:0x00000000 at 0xa0008128
[ 1350.567657] PUF Read:0x00000000 at 0xa000812c
[ 1350.567657] PUF Read:0x00000000 at 0xa0008130
[ 1350.567657] PUF Read:0x00000000 at 0xa0008134
[ 1350.567657] PUF Read:0x00010000 at 0xa0008138
[ 1350.567657] PUF Read:0x00000000 at 0xa000813c
[ 1350.567657] PUF Read:0x00000400 at 0xa0008140
[ 1350.567810] PUF Read:0x00000000 at 0xa0008144
[ 1350.567810] PUF Read:0x00100400 at 0xa0008148
[ 1350.567810] PUF Read:0x00000000 at 0xa000814c
[ 1350.567901] PUF Read:0x00000000 at 0xa0008150
[ 1350.567901] PUF Read:0x00000000 at 0xa0008154
[ 1350.567901] PUF Read:0x00000000 at 0xa0008158
[ 1350.567901] PUF Read:0x00100040 at 0xa000815c
[ 1350.567993] PUF Read:0x00000000 at 0xa0008160
[ 1350.567993] PUF Read:0x00000000 at 0xa0008164
[ 1350.568054] PUF Read:0x04000000 at 0xa0008168
[ 1350.568054] PUF Read:0x00400000 at 0xa000816c
[ 1350.568054] PUF Read:0x00000000 at 0xa0008170
[ 1350.568115] PUF Read:0x00100000 at 0xa0008174
[ 1350.568145] PUF Read:0x00000000 at 0xa0008178
[ 1350.568145] PUF Read:0x00000000 at 0xa000817c
[ 1350.568145] PUF Read:0x00000000 at 0xa0008180
[ 1350.568206] PUF Read:0x00000000 at 0xa0008184
[ 1350.568206] PUF Read:0x00040000 at 0xa0008188
[ 1350.568267] PUF Read:0x00000040 at 0xa000818c
[ 1350.568298] PUF Read:0x00000000 at 0xa0008190
[ 1350.568298] PUF Read:0x40000000 at 0xa0008194
[ 1350.568298] PUF Read:0x00000000 at 0xa0008198
[ 1350.568359] PUF Read:0x00000000 at 0xa000819c
[ 1350.568359] PUF Read:0x00000000 at 0xa00081a0
[ 1350.568420] PUF Read:0x00000000 at 0xa00081a4
[ 1350.568420] PUF Read:0x00000000 at 0xa00081a8
[ 1350.568420] PUF Read:0x00000000 at 0xa00081ac
[ 1350.568420] PUF Read:0x00410000 at 0xa00081b0
[ 1350.568420] PUF Read:0x00000000 at 0xa00081b4
[ 1350.568420] PUF Read:0x00000000 at 0xa00081b8
[ 1350.568572] PUF Read:0x00100000 at 0xa00081bc
[ 1350.568572] PUF Read:0x00000000 at 0xa00081c0
[ 1350.568572] PUF Read:0x00000004 at 0xa00081c4
[ 1350.568572] PUF Read:0x00000000 at 0xa00081c8
[ 1350.568572] PUF Read:0x00010000 at 0xa00081cc
[ 1350.568572] PUF Read:0x10000000 at 0xa00081d0
[ 1350.568725] PUF Read:0x00000000 at 0xa00081d4
[ 1350.568725] PUF Read:0x00000000 at 0xa00081d8
[ 1350.568725] PUF Read:0x00000000 at 0xa00081dc
[ 1350.568725] PUF Read:0x00000000 at 0xa00081e0
[ 1350.568725] PUF Read:0x00000040 at 0xa00081e4
[ 1350.568847] PUF Read:0x00000000 at 0xa00081e8
[ 1350.568878] PUF Read:0x00000000 at 0xa00081ec
[ 1350.568878] PUF Read:0x00000001 at 0xa00081f0
[ 1350.568878] PUF Read:0x00000400 at 0xa00081f4
[ 1350.568939] PUF Read:0x00000000 at 0xa00081f8
[ 1350.568939] PUF Read:0x00000000 at 0xa00081fc
[ 1350.569000] PUF Read:0x00000000 at 0xa0008200
[ 1350.569030] PUF Read:0x00000000 at 0xa0008204
[ 1350.569030] PUF Read:0x00000010 at 0xa0008208
[ 1350.569030] PUF Read:0x00000000 at 0xa000820c
[ 1350.569091] PUF Read:0x00000000 at 0xa0008210
[ 1350.569091] PUF Read:0x00000000 at 0xa0008214
[ 1350.569152] PUF Read:0x00000400 at 0xa0008218
[ 1350.569152] PUF Read:0x00000000 at 0xa000821c
[ 1350.569152] PUF Read:0x00000000 at 0xa0008220
[ 1350.569152] PUF Read:0x00100000 at 0xa0008224
[ 1350.569152] PUF Read:0x00000000 at 0xa0008228
[ 1350.569274] PUF Read:0x00000000 at 0xa000822c
[ 1350.569305] PUF Read:0x00000400 at 0xa0008230
[ 1350.569305] PUF Read:0x00400000 at 0xa0008234
[ 1350.569305] PUF Read:0x00000000 at 0xa0008238
[ 1350.569305] PUF Read:0x00000000 at 0xa000823c
[ 1350.569396] PUF Read:0x00000000 at 0xa0008240
[ 1350.569396] PUF Read:0x00000000 at 0xa0008244
[ 1350.569458] PUF Read:0x00000000 at 0xa0008248
[ 1350.569488] PUF Read:0x00000000 at 0xa000824c
[ 1350.569488] PUF Read:0x00000000 at 0xa0008250
[ 1350.569488] PUF Read:0x00100000 at 0xa0008254
[ 1350.569549] PUF Read:0x00000000 at 0xa0008258
[ 1350.569549] PUF Read:0x04040000 at 0xa000825c
[ 1350.569610] PUF Read:0x00000000 at 0xa0008260
[ 1350.569641] PUF Read:0x00000000 at 0xa0008264
[ 1350.569641] PUF Read:0x00000400 at 0xa0008268
[ 1350.569641] PUF Read:0x00000000 at 0xa000826c
[ 1350.569702] PUF Read:0x00000000 at 0xa0008270
[ 1350.569702] PUF Read:0x00000000 at 0xa0008274
[ 1350.569763] PUF Read:0x00000040 at 0xa0008278
[ 1350.569793] PUF Read:0x00000000 at 0xa000827c
[ 1350.569793] PUF Read:0x40000000 at 0xa0008280
[ 1350.569793] PUF Read:0x00000000 at 0xa0008284
[ 1350.569854] PUF Read:0x00400000 at 0xa0008288
[ 1350.569854] PUF Read:0x00000000 at 0xa000828c
[ 1350.569915] PUF Read:0x00000000 at 0xa0008290
[ 1350.569946] PUF Read:0x00000000 at 0xa0008294
[ 1350.569946] PUF Read:0x00000000 at 0xa0008298
[ 1350.569946] PUF Read:0x00000000 at 0xa000829c
[ 1350.570007] PUF Read:0x00000000 at 0xa00082a0
[ 1350.570007] PUF Read:0x00001000 at 0xa00082a4
[ 1350.570068] PUF Read:0x00000000 at 0xa00082a8
[ 1350.570098] PUF Read:0x00000000 at 0xa00082ac
[ 1350.570098] PUF Read:0x00000000 at 0xa00082b0
[ 1350.570098] PUF Read:0x00000000 at 0xa00082b4
[ 1350.570098] PUF Read:0x00000040 at 0xa00082b8
[ 1350.570190] PUF Read:0x00000000 at 0xa00082bc
[ 1350.570220] PUF Read:0x00000000 at 0xa00082c0
[ 1350.570220] PUF Read:0x00000000 at 0xa00082c4
[ 1350.570220] PUF Read:0x10000000 at 0xa00082c8
[ 1350.570281] PUF Read:0x00000000 at 0xa00082cc
[ 1350.570281] PUF Read:0x00100000 at 0xa00082d0
[ 1350.570343] PUF Read:0x00000000 at 0xa00082d4
[ 1350.570373] PUF Read:0x00000000 at 0xa00082d8
[ 1350.570373] PUF Read:0x00004000 at 0xa00082dc
[ 1350.570373] PUF Read:0x00000000 at 0xa00082e0
[ 1350.570434] PUF Read:0x00000400 at 0xa00082e4
[ 1350.570434] PUF Read:0x00000000 at 0xa00082e8
[ 1350.570495] PUF Read:0x00000001 at 0xa00082ec
[ 1350.570526] PUF Read:0x00000000 at 0xa00082f0
[ 1350.570526] PUF Read:0x00000000 at 0xa00082f4
[ 1350.570526] PUF Read:0x00000000 at 0xa00082f8
[ 1350.570587] PUF Read:0x00000000 at 0xa00082fc
[ 1350.570587] PUF Read:0x00000000 at 0xa0008300
[ 1350.570648] PUF Read:0x00000000 at 0xa0008304
[ 1350.570648] PUF Read:0x00000000 at 0xa0008308
[ 1350.570709] PUF Read:0x00000000 at 0xa000830c
[ 1350.570709] PUF Read:0x00000000 at 0xa0008310
[ 1350.570709] PUF Read:0x00000000 at 0xa0008314
[ 1350.570770] PUF Read:0x01000000 at 0xa0008318
[ 1350.570800] PUF Read:0x10000000 at 0xa000831c
[ 1350.570800] PUF Read:0x00000000 at 0xa0008320
[ 1350.570800] PUF Read:0x00000000 at 0xa0008324
[ 1350.570861] PUF Read:0x00000000 at 0xa0008328
[ 1350.570861] PUF Read:0x00010000 at 0xa000832c
[ 1350.570861] PUF Read:0x00000004 at 0xa0008330
[ 1350.570953] PUF Read:0x00000000 at 0xa0008334
[ 1350.570983] PUF Read:0x00001000 at 0xa0008338
[ 1350.570983] PUF Read:0x00000000 at 0xa000833c
[ 1350.570983] PUF Read:0x10000000 at 0xa0008340
[ 1350.571044] PUF Read:0x00000001 at 0xa0008344
[ 1350.571044] PUF Read:0x00000000 at 0xa0008348
[ 1350.571105] PUF Read:0x00000100 at 0xa000834c
[ 1350.571105] PUF Read:0x00000000 at 0xa0008350
[ 1350.571105] PUF Read:0x00000000 at 0xa0008354
[ 1350.571105] PUF Read:0x00000000 at 0xa0008358
[ 1350.571105] PUF Read:0x00000000 at 0xa000835c
[ 1350.571105] PUF Read:0x00010000 at 0xa0008360
[ 1350.571258] PUF Read:0x00000000 at 0xa0008364
[ 1350.571258] PUF Read:0x00000000 at 0xa0008368
[ 1350.571258] PUF Read:0x00000400 at 0xa000836c
[ 1350.571258] PUF Read:0x00000000 at 0xa0008370
[ 1350.571258] PUF Read:0x00000000 at 0xa0008374
[ 1350.571380] PUF Read:0x00000000 at 0xa0008378
[ 1350.571411] PUF Read:0x00000000 at 0xa000837c
[ 1350.571411] PUF Read:0x00000000 at 0xa0008380
[ 1350.571411] PUF Read:0x00000000 at 0xa0008384
[ 1350.571472] PUF Read:0x00000000 at 0xa0008388
[ 1350.571472] PUF Read:0x00000000 at 0xa000838c
[ 1350.571533] PUF Read:0x00000001 at 0xa0008390
[ 1350.571563] PUF Read:0x00000100 at 0xa0008394
[ 1350.571563] PUF Read:0x00000000 at 0xa0008398
[ 1350.571563] PUF Read:0x00000000 at 0xa000839c
[ 1350.571624] PUF Read:0x00000000 at 0xa00083a0
[ 1350.571624] PUF Read:0x00000000 at 0xa00083a4
[ 1350.571685] PUF Read:0x00000000 at 0xa00083a8
[ 1350.571716] PUF Read:0x00001000 at 0xa00083ac
[ 1350.571716] PUF Read:0x00000000 at 0xa00083b0
[ 1350.571716] PUF Read:0x00000000 at 0xa00083b4
[ 1350.571777] PUF Read:0x00000000 at 0xa00083b8
[ 1350.571777] PUF Read:0x00000000 at 0xa00083bc
[ 1350.571838] PUF Read:0x00000000 at 0xa00083c0
[ 1350.571868] PUF Read:0x04000000 at 0xa00083c4
[ 1350.571868] PUF Read:0x00000000 at 0xa00083c8
[ 1350.571868] PUF Read:0x00000000 at 0xa00083cc
[ 1350.571929] PUF Read:0x00000000 at 0xa00083d0
[ 1350.571929] PUF Read:0x00010000 at 0xa00083d4
[ 1350.571990] PUF Read:0x00000000 at 0xa00083d8
[ 1350.572021] PUF Read:0x00000000 at 0xa00083dc
[ 1350.572021] PUF Read:0x00140000 at 0xa00083e0
[ 1350.572021] PUF Read:0x10000000 at 0xa00083e4
[ 1350.572082] PUF Read:0x00000000 at 0xa00083e8
[ 1350.572082] PUF Read:0x00000000 at 0xa00083ec
[ 1350.572143] PUF Read:0x00000400 at 0xa00083f0
[ 1350.572174] PUF Read:0x04000000 at 0xa00083f4
[ 1350.572174] PUF Read:0x00000004 at 0xa00083f8
[ 1350.572174] PUF Read:0x00040000 at 0xa00083fc
[ 1350.572235] [i] Finished PUF read-out
[ 1350.572235] <6>[i] Finished PUF query for decaytime: 15360
[ 1350.572265] End measurement:0
[ 1350.572265] [i] Starting the Rowhammer PUF for PandaBoard
[ 1350.572265] Number of PUF rows: 8 PUF init Value :0 Rowhammer rows init Value:aaaaaaaa
[ 1350.572296] [i] Start measurement: 0
[ 1350.572296] [i] Start decaytime: 60
[ 1350.572326] EMIF 2 REG Write 0x80000000 at 0x4d000010
[ 1350.572326] EMIF 2 REG Read 0x80000000 at 0x4d000010
[ 1350.572326] EMIF 2 REG Write 0x80000000 at 0x4d000014
[ 1350.572357] EMIF 2 REG Read 0x00000000 at 0x4d000014
[ 1350.572357] EMIF 2 REG Write 0x08016893 at 0x4d0000cc
[ 1350.572387] EMIF 2 REG Read 0x08016893 at 0x4d0000cc
[ 1350.572387] Temp polling alert disabled
[ 1350.572387] Refresh Disabled at EMIF2
[ 1350.572418] [i] Initialiting PUF & hammer rows
[ 1350.572418] [i] Single-Sided Rowhammer (SSRH)
[ 1350.605316] [i] Finished initialiting PUF & hammer rows
[ 1350.617370] [i]	Timer elapsed since its reset 0 sec
[ 1350.617370] [i] Decay: 60 sec
[ 1350.617401] [i]	Relative Decay: 0 msec
