[  448.881195] PUF Read:0x00000000 at 0xa00403d4
[  448.881195] PUF Read:0x00000000 at 0xa00403d8
[  448.881195] PUF Read:0x10000000 at 0xa00403dc
[  448.881439] PUF Read:0x00000000 at 0xa00403e0
[  448.881469] PUF Read:0x00000000 at 0xa00403e4
[  448.881469] PUF Read:0x04000004 at 0xa00403e8
[  448.881469] PUF Read:0x00000000 at 0xa00403ec
[  448.881469] PUF Read:0x00000000 at 0xa00403f0
[  448.881469] PUF Read:0x00000000 at 0xa00403f4
[  448.881469] PUF Read:0x00000000 at 0xa00403f8
[  448.881622] PUF Read:0x00010000 at 0xa00403fc
[  448.881652] PUF Read:0x00000000 at 0xa0050000
[  448.881652] PUF Read:0x00000000 at 0xa0050004
[  448.881652] PUF Read:0x00000000 at 0xa0050008
[  448.881713] PUF Read:0x00000000 at 0xa005000c
[  448.881713] PUF Read:0x00000000 at 0xa0050010
[  448.881713] PUF Read:0x04000010 at 0xa0050014
[  448.881805] PUF Read:0x00000000 at 0xa0050018
[  448.881835] PUF Read:0x00000000 at 0xa005001c
[  448.881835] PUF Read:0x00040000 at 0xa0050020
[  448.881835] PUF Read:0x00000000 at 0xa0050024
[  448.881835] PUF Read:0x00000000 at 0xa0050028
[  448.881927] PUF Read:0x01001000 at 0xa005002c
[  448.881927] PUF Read:0x10000000 at 0xa0050030
[  448.881988] PUF Read:0x00000400 at 0xa0050034
[  448.882019] PUF Read:0x00004010 at 0xa0050038
[  448.882019] PUF Read:0x00000000 at 0xa005003c
[  448.882019] PUF Read:0x00000000 at 0xa0050040
[  448.882019] PUF Read:0x00001001 at 0xa0050044
[  448.882110] PUF Read:0x00000000 at 0xa0050048
[  448.882110] PUF Read:0x00000000 at 0xa005004c
[  448.882171] PUF Read:0x00000040 at 0xa0050050
[  448.882202] PUF Read:0x00400100 at 0xa0050054
[  448.882202] PUF Read:0x00000000 at 0xa0050058
[  448.882202] PUF Read:0x00000000 at 0xa005005c
[  448.882202] PUF Read:0x00000000 at 0xa0050060
[  448.882202] PUF Read:0x00004000 at 0xa0050064
[  448.882202] PUF Read:0x00000000 at 0xa0050068
[  448.882354] PUF Read:0x00000000 at 0xa005006c
[  448.882385] PUF Read:0x00040000 at 0xa0050070
[  448.882385] PUF Read:0x00000000 at 0xa0050074
[  448.882385] PUF Read:0x00000000 at 0xa0050078
[  448.882385] PUF Read:0x00000040 at 0xa005007c
[  448.882385] PUF Read:0x00000000 at 0xa0050080
[  448.882385] PUF Read:0x40000000 at 0xa0050084
[  448.882537] PUF Read:0x00000000 at 0xa0050088
[  448.882568] PUF Read:0x00010000 at 0xa005008c
[  448.882568] PUF Read:0x00000001 at 0xa0050090
[  448.882629] PUF Read:0x40000400 at 0xa0050094
[  448.882629] PUF Read:0x00400000 at 0xa0050098
[  448.882629] PUF Read:0x00000000 at 0xa005009c
[  448.882629] PUF Read:0x00000000 at 0xa00500a0
[  448.882720] PUF Read:0x00000000 at 0xa00500a4
[  448.882720] PUF Read:0x00000000 at 0xa00500a8
[  448.882720] PUF Read:0x00400000 at 0xa00500ac
[  448.882720] PUF Read:0x00000001 at 0xa00500b0
[  448.882812] PUF Read:0x00000000 at 0xa00500b4
[  448.882812] PUF Read:0x00000000 at 0xa00500b8
[  448.882873] PUF Read:0x00000000 at 0xa00500bc
[  448.882904] PUF Read:0x00000000 at 0xa00500c0
[  448.882904] PUF Read:0x00000004 at 0xa00500c4
[  448.882904] PUF Read:0x00000000 at 0xa00500c8
[  448.882904] PUF Read:0x00000000 at 0xa00500cc
[  448.882904] PUF Read:0x00000000 at 0xa00500d0
[  448.882904] PUF Read:0x00000000 at 0xa00500d4
[  448.883056] PUF Read:0x00000000 at 0xa00500d8
[  448.883087] PUF Read:0x00000000 at 0xa00500dc
[  448.883087] PUF Read:0x00000000 at 0xa00500e0
[  448.883087] PUF Read:0x00040000 at 0xa00500e4
[  448.883148] PUF Read:0x00000040 at 0xa00500e8
[  448.883148] PUF Read:0x00000000 at 0xa00500ec
[  448.883148] PUF Read:0x00000101 at 0xa00500f0
[  448.883239] PUF Read:0x01000000 at 0xa00500f4
[  448.883270] PUF Read:0x00000400 at 0xa00500f8
[  448.883270] PUF Read:0x40000000 at 0xa00500fc
[  448.883270] PUF Read:0x10000000 at 0xa0050100
[  448.883331] PUF Read:0x00000000 at 0xa0050104
[  448.883331] PUF Read:0x00000000 at 0xa0050108
[  448.883331] PUF Read:0x00000000 at 0xa005010c
[  448.883422] PUF Read:0x00000000 at 0xa0050110
[  448.883453] PUF Read:0x04000000 at 0xa0050114
[  448.883453] PUF Read:0x10000000 at 0xa0050118
[  448.883453] PUF Read:0x00000000 at 0xa005011c
[  448.883514] PUF Read:0x00000000 at 0xa0050120
[  448.883514] PUF Read:0x00000000 at 0xa0050124
[  448.883514] PUF Read:0x00000001 at 0xa0050128
[  448.883605] PUF Read:0x00000040 at 0xa005012c
[  448.883605] PUF Read:0x00000000 at 0xa0050130
[  448.883605] PUF Read:0x00000000 at 0xa0050134
[  448.883605] PUF Read:0x40004000 at 0xa0050138
[  448.883697] PUF Read:0x00000000 at 0xa005013c
[  448.883697] PUF Read:0x00000400 at 0xa0050140
[  448.883758] PUF Read:0x00001000 at 0xa0050144
[  448.883789] PUF Read:0x00000000 at 0xa0050148
[  448.883789] PUF Read:0x00000000 at 0xa005014c
[  448.883789] PUF Read:0x00000000 at 0xa0050150
[  448.883789] PUF Read:0x00000050 at 0xa0050154
[  448.883789] PUF Read:0x00000000 at 0xa0050158
[  448.883789] PUF Read:0x00000000 at 0xa005015c
[  448.883941] PUF Read:0x00000000 at 0xa0050160
[  448.883972] PUF Read:0x00000000 at 0xa0050164
[  448.883972] PUF Read:0x10000000 at 0xa0050168
[  448.883972] PUF Read:0x04000000 at 0xa005016c
[  448.884033] PUF Read:0x00000000 at 0xa0050170
[  448.884033] PUF Read:0x00000004 at 0xa0050174
[  448.884094] PUF Read:0x00000000 at 0xa0050178
[  448.884124] PUF Read:0x00000000 at 0xa005017c
[  448.884124] PUF Read:0x00040004 at 0xa0050180
[  448.884124] PUF Read:0x00000000 at 0xa0050184
[  448.884124] PUF Read:0x00000000 at 0xa0050188
[  448.884124] PUF Read:0x00000100 at 0xa005018c
[  448.884124] PUF Read:0x00000000 at 0xa0050190
[  448.884277] PUF Read:0x00001000 at 0xa0050194
[  448.884307] PUF Read:0x00000000 at 0xa0050198
[  448.884307] PUF Read:0x00000000 at 0xa005019c
[  448.884307] PUF Read:0x00000000 at 0xa00501a0
[  448.884368] PUF Read:0x40000000 at 0xa00501a4
[  448.884368] PUF Read:0x00400000 at 0xa00501a8
[  448.884429] PUF Read:0x00000000 at 0xa00501ac
[  448.884460] PUF Read:0x00000000 at 0xa00501b0
[  448.884460] PUF Read:0x00000000 at 0xa00501b4
[  448.884460] PUF Read:0x00400000 at 0xa00501b8
[  448.884460] PUF Read:0x01000000 at 0xa00501bc
[  448.884460] PUF Read:0x00000100 at 0xa00501c0
[  448.884460] PUF Read:0x00100000 at 0xa00501c4
[  448.884613] PUF Read:0x00000000 at 0xa00501c8
[  448.884643] PUF Read:0x00000000 at 0xa00501cc
[  448.884643] PUF Read:0x00001000 at 0xa00501d0
[  448.884643] PUF Read:0x00040000 at 0xa00501d4
[  448.884704] PUF Read:0x00100000 at 0xa00501d8
[  448.884704] PUF Read:0x00000000 at 0xa00501dc
[  448.884704] PUF Read:0x04005000 at 0xa00501e0
[  448.884796] PUF Read:0x00400000 at 0xa00501e4
[  448.884796] PUF Read:0x00000000 at 0xa00501e8
[  448.884796] PUF Read:0x00000000 at 0xa00501ec
[  448.884796] PUF Read:0x00000000 at 0xa00501f0
[  448.884887] PUF Read:0x00000000 at 0xa00501f4
[  448.884887] PUF Read:0x40000000 at 0xa00501f8
[  448.884887] PUF Read:0x40000000 at 0xa00501fc
[  448.884979] PUF Read:0x00000000 at 0xa0050200
[  448.884979] PUF Read:0x01000000 at 0xa0050204
[  448.884979] PUF Read:0x00000000 at 0xa0050208
[  448.884979] PUF Read:0x44000000 at 0xa005020c
[  448.885070] PUF Read:0x00000000 at 0xa0050210
[  448.885070] PUF Read:0x00000000 at 0xa0050214
[  448.885070] PUF Read:0x00000000 at 0xa0050218
[  448.885162] PUF Read:0x00000000 at 0xa005021c
[  448.885162] PUF Read:0x10000000 at 0xa0050220
[  448.885162] PUF Read:0x10000000 at 0xa0050224
[  448.885162] PUF Read:0x00000000 at 0xa0050228
[  448.885253] PUF Read:0x40000000 at 0xa005022c
[  448.885253] PUF Read:0x50000000 at 0xa0050230
[  448.885314] PUF Read:0x00000010 at 0xa0050234
[  448.885345] PUF Read:0x00001000 at 0xa0050238
[  448.885406] PUF Read:0x00001100 at 0xa005023c
[  448.885437] PUF Read:0x10010000 at 0xa0050240
[  448.885437] PUF Read:0x00000000 at 0xa0050244
[  448.885437] PUF Read:0x00000000 at 0xa0050248
[  448.885437] PUF Read:0x00000000 at 0xa005024c
[  448.885528] PUF Read:0x00000000 at 0xa0050250
[  448.885528] PUF Read:0x01000000 at 0xa0050254
[  448.885528] PUF Read:0x00004000 at 0xa0050258
[  448.885620] PUF Read:0x00000000 at 0xa005025c
[  448.885620] PUF Read:0x00000000 at 0xa0050260
[  448.885620] PUF Read:0x00000000 at 0xa0050264
[  448.885620] PUF Read:0x00000000 at 0xa0050268
[  448.885711] PUF Read:0x00000000 at 0xa005026c
[  448.885711] PUF Read:0x00000100 at 0xa0050270
[  448.885772] PUF Read:0x00000104 at 0xa0050274
[  448.885803] PUF Read:0x00000100 at 0xa0050278
[  448.885803] PUF Read:0x00000000 at 0xa005027c
[  448.885803] PUF Read:0x10000400 at 0xa0050280
[  448.885803] PUF Read:0x00000000 at 0xa0050284
[  448.885894] PUF Read:0x00000000 at 0xa0050288
[  448.885894] PUF Read:0x00101000 at 0xa005028c
[  448.885955] PUF Read:0x00000400 at 0xa0050290
[  448.885986] PUF Read:0x00040010 at 0xa0050294
[  448.885986] PUF Read:0x00000000 at 0xa0050298
[  448.885986] PUF Read:0x40000001 at 0xa005029c
[  448.885986] PUF Read:0x00000000 at 0xa00502a0
[  448.886077] PUF Read:0x01000000 at 0xa00502a4
[  448.886077] PUF Read:0x00000000 at 0xa00502a8
[  448.886077] PUF Read:0x01100000 at 0xa00502ac
[  448.886169] PUF Read:0x00000000 at 0xa00502b0
[  448.886199] PUF Read:0x00000000 at 0xa00502b4
[  448.886199] PUF Read:0x00000000 at 0xa00502b8
[  448.886199] PUF Read:0x00000000 at 0xa00502bc
[  448.886199] PUF Read:0x00100000 at 0xa00502c0
[  448.886199] PUF Read:0x00000000 at 0xa00502c4
[  448.886199] PUF Read:0x00000000 at 0xa00502c8
[  448.886352] PUF Read:0x00000000 at 0xa00502cc
[  448.886383] PUF Read:0x00100000 at 0xa00502d0
[  448.886383] PUF Read:0x00000000 at 0xa00502d4
[  448.886444] PUF Read:0x00000000 at 0xa00502d8
[  448.886444] PUF Read:0x00000000 at 0xa00502dc
[  448.886444] PUF Read:0x01000000 at 0xa00502e0
[  448.886444] PUF Read:0x00000000 at 0xa00502e4
[  448.886535] PUF Read:0x00010000 at 0xa00502e8
[  448.886566] PUF Read:0x00001001 at 0xa00502ec
[  448.886566] PUF Read:0x00001000 at 0xa00502f0
[  448.886566] PUF Read:0x00000000 at 0xa00502f4
[  448.886627] PUF Read:0x00000000 at 0xa00502f8
[  448.886627] PUF Read:0x00000100 at 0xa00502fc
[  448.886627] PUF Read:0x00000000 at 0xa0050300
[  448.886718] PUF Read:0x10000000 at 0xa0050304
[  448.886718] PUF Read:0x00000000 at 0xa0050308
[  448.886718] PUF Read:0x40000000 at 0xa005030c
[  448.886718] PUF Read:0x00000000 at 0xa0050310
[  448.886810] PUF Read:0x00000000 at 0xa0050314
[  448.886810] PUF Read:0x00100000 at 0xa0050318
[  448.886871] PUF Read:0x00000000 at 0xa005031c
[  448.886901] PUF Read:0x00000000 at 0xa0050320
[  448.886901] PUF Read:0x00000000 at 0xa0050324
[  448.886962] PUF Read:0x00000000 at 0xa0050328
[  448.886962] PUF Read:0x40000000 at 0xa005032c
[  448.886962] PUF Read:0x00000000 at 0xa0050330
[  448.886962] PUF Read:0x04000000 at 0xa0050334
[  448.887054] PUF Read:0x00000000 at 0xa0050338
[  448.887084] PUF Read:0x00000010 at 0xa005033c
[  448.887084] PUF Read:0x00400500 at 0xa0050340
[  448.887084] PUF Read:0x00000000 at 0xa0050344
[  448.887145] PUF Read:0x00000000 at 0xa0050348
[  448.887145] PUF Read:0x00000000 at 0xa005034c
[  448.887207] PUF Read:0x00100000 at 0xa0050350
[  448.887237] PUF Read:0x00000101 at 0xa0050354
[  448.887237] PUF Read:0x00000000 at 0xa0050358
[  448.887237] PUF Read:0x00000040 at 0xa005035c
[  448.887237] PUF Read:0x00000000 at 0xa0050360
[  448.887237] PUF Read:0x00000000 at 0xa0050364
[  448.887237] PUF Read:0x00000000 at 0xa0050368
[  448.887390] PUF Read:0x00000000 at 0xa005036c
[  448.887420] PUF Read:0x00000000 at 0xa0050370
[  448.887420] PUF Read:0x01010000 at 0xa0050374
[  448.887420] PUF Read:0x00000001 at 0xa0050378
[  448.887481] PUF Read:0x00000000 at 0xa005037c
[  448.887481] PUF Read:0x01001000 at 0xa0050380
[  448.887542] PUF Read:0x00004000 at 0xa0050384
[  448.887573] PUF Read:0x00000001 at 0xa0050388
[  448.887573] PUF Read:0x00000000 at 0xa005038c
[  448.887573] PUF Read:0x00000000 at 0xa0050390
[  448.887573] PUF Read:0x00000000 at 0xa0050394
[  448.887573] PUF Read:0x01000000 at 0xa0050398
[  448.887573] PUF Read:0x00000000 at 0xa005039c
[  448.887573] PUF Read:0x00000040 at 0xa00503a0
[  448.887756] PUF Read:0x00000000 at 0xa00503a4
[  448.887786] PUF Read:0x01000000 at 0xa00503a8
[  448.887786] PUF Read:0x00000040 at 0xa00503ac
[  448.887786] PUF Read:0x00000000 at 0xa00503b0
[  448.887786] PUF Read:0x00000000 at 0xa00503b4
[  448.887786] PUF Read:0x00000000 at 0xa00503b8
[  448.887786] PUF Read:0x00000000 at 0xa00503bc
[  448.887939] PUF Read:0x00000100 at 0xa00503c0
[  448.887969] PUF Read:0x00000000 at 0xa00503c4
[  448.887969] PUF Read:0x00000000 at 0xa00503c8
[  448.887969] PUF Read:0x00101000 at 0xa00503cc
[  448.888031] PUF Read:0x00000000 at 0xa00503d0
[  448.888031] PUF Read:0x00000000 at 0xa00503d4
[  448.888092] PUF Read:0x00000100 at 0xa00503d8
[  448.888122] PUF Read:0x10000000 at 0xa00503dc
[  448.888122] PUF Read:0x00000010 at 0xa00503e0
[  448.888122] PUF Read:0x00000000 at 0xa00503e4
[  448.888122] PUF Read:0x00000000 at 0xa00503e8
[  448.888122] PUF Read:0x00000000 at 0xa00503ec
[  448.888122] PUF Read:0x00000000 at 0xa00503f0
[  448.888275] PUF Read:0x00000000 at 0xa00503f4
[  448.888305] PUF Read:0x40000000 at 0xa00503f8
[  448.888305] PUF Read:0x00000000 at 0xa00503fc
[  448.888305] PUF Read:0x00000100 at 0xa0058000
[  448.888366] PUF Read:0x00000000 at 0xa0058004
[  448.888366] PUF Read:0x00000000 at 0xa0058008
[  448.888366] PUF Read:0x00000000 at 0xa005800c
[  448.888458] PUF Read:0x00000000 at 0xa0058010
[  448.888458] PUF Read:0x00000000 at 0xa0058014
[  448.888458] PUF Read:0x00000000 at 0xa0058018
[  448.888458] PUF Read:0x40000000 at 0xa005801c
[  448.888549] PUF Read:0x00000000 at 0xa0058020
[  448.888549] PUF Read:0x00000000 at 0xa0058024
[  448.888610] PUF Read:0x00000000 at 0xa0058028
[  448.888641] PUF Read:0x00000000 at 0xa005802c
[  448.888641] PUF Read:0x00000000 at 0xa0058030
[  448.888641] PUF Read:0x00000004 at 0xa0058034
[  448.888702] PUF Read:0x00000400 at 0xa0058038
[  448.888702] PUF Read:0x40000000 at 0xa005803c
[  448.888702] PUF Read:0x00000000 at 0xa0058040
[  448.888793] PUF Read:0x00000000 at 0xa0058044
[  448.888793] PUF Read:0x10000000 at 0xa0058048
[  448.888793] PUF Read:0x00000000 at 0xa005804c
[  448.888793] PUF Read:0x00000000 at 0xa0058050
[  448.888885] PUF Read:0x00000010 at 0xa0058054
[  448.888885] PUF Read:0x00000000 at 0xa0058058
[  448.888946] PUF Read:0x00000040 at 0xa005805c
[  448.888977] PUF Read:0x00000000 at 0xa0058060
[  448.888977] PUF Read:0x00000000 at 0xa0058064
[  448.889038] PUF Read:0x00000000 at 0xa0058068
[  448.889038] PUF Read:0x00000400 at 0xa005806c
[  448.889038] PUF Read:0x00000000 at 0xa0058070
[  448.889038] PUF Read:0x00000000 at 0xa0058074
[  448.889129] PUF Read:0x00000000 at 0xa0058078
[  448.889160] PUF Read:0x00000000 at 0xa005807c
[  448.889160] PUF Read:0x01000004 at 0xa0058080
[  448.889160] PUF Read:0x01440000 at 0xa0058084
[  448.889221] PUF Read:0x00000000 at 0xa0058088
[  448.889251] PUF Read:0x00000000 at 0xa005808c
[  448.889251] PUF Read:0x00000000 at 0xa0058090
[  448.889251] PUF Read:0x00000000 at 0xa0058094
[  448.889343] PUF Read:0x00040000 at 0xa0058098
[  448.889343] PUF Read:0x00000000 at 0xa005809c
[  448.889343] PUF Read:0x00000140 at 0xa00580a0
[  448.889343] PUF Read:0x00000000 at 0xa00580a4
[  448.889434] PUF Read:0x00000000 at 0xa00580a8
[  448.889434] PUF Read:0x04000010 at 0xa00580ac
[  448.889495] PUF Read:0x00000000 at 0xa00580b0
[  448.889526] PUF Read:0x10000000 at 0xa00580b4
[  448.889526] PUF Read:0x00000000 at 0xa00580b8
[  448.889526] PUF Read:0x00000000 at 0xa00580bc
[  448.889526] PUF Read:0x04000000 at 0xa00580c0
[  448.889526] PUF Read:0x00000000 at 0xa00580c4
[  448.889526] PUF Read:0x00000100 at 0xa00580c8
[  448.889678] PUF Read:0x00000000 at 0xa00580cc
[  448.889709] PUF Read:0x00000000 at 0xa00580d0
[  448.889709] PUF Read:0x00000000 at 0xa00580d4
[  448.889709] PUF Read:0x00100000 at 0xa00580d8
[  448.889770] PUF Read:0x00000000 at 0xa00580dc
[  448.889770] PUF Read:0x00000040 at 0xa00580e0
[  448.889831] PUF Read:0x00000000 at 0xa00580e4
[  448.889862] PUF Read:0x00000000 at 0xa00580e8
[  448.889862] PUF Read:0x00000000 at 0xa00580ec
[  448.889923] PUF Read:0x00001000 at 0xa00580f0
[  448.889923] PUF Read:0x00000000 at 0xa00580f4
[  448.889923] PUF Read:0x00040000 at 0xa00580f8
[  448.889923] PUF Read:0x00000000 at 0xa00580fc
[  448.890014] PUF Read:0x00000000 at 0xa0058100
[  448.890045] PUF Read:0x00000000 at 0xa0058104
[  448.890045] PUF Read:0x00000000 at 0xa0058108
[  448.890045] PUF Read:0x00000000 at 0xa005810c
[  448.890106] PUF Read:0x00000000 at 0xa0058110
[  448.890106] PUF Read:0x00000000 at 0xa0058114
[  448.890167] PUF Read:0x00000000 at 0xa0058118
[  448.890197] PUF Read:0x00000000 at 0xa005811c
[  448.890197] PUF Read:0x00000000 at 0xa0058120
[  448.890197] PUF Read:0x10004004 at 0xa0058124
[  448.890197] PUF Read:0x00000000 at 0xa0058128
[  448.890289] PUF Read:0x00000400 at 0xa005812c
[  448.890289] PUF Read:0x00000000 at 0xa0058130
[  448.890350] PUF Read:0x00000000 at 0xa0058134
[  448.890380] PUF Read:0x00000000 at 0xa0058138
[  448.890380] PUF Read:0x00001010 at 0xa005813c
[  448.890380] PUF Read:0x00000000 at 0xa0058140
[  448.890441] PUF Read:0x00000000 at 0xa0058144
[  448.890441] PUF Read:0x00000000 at 0xa0058148
[  448.890441] PUF Read:0x00000000 at 0xa005814c
[  448.890533] PUF Read:0x00000100 at 0xa0058150
[  448.890533] PUF Read:0x00000000 at 0xa0058154
[  448.890533] PUF Read:0x00000000 at 0xa0058158
[  448.890533] PUF Read:0x00000040 at 0xa005815c
[  448.890624] PUF Read:0x00005000 at 0xa0058160
[  448.890624] PUF Read:0x00000000 at 0xa0058164
[  448.890686] PUF Read:0x00000000 at 0xa0058168
[  448.890716] PUF Read:0x00000000 at 0xa005816c
[  448.890716] PUF Read:0x00000000 at 0xa0058170
[  448.890716] PUF Read:0x00000004 at 0xa0058174
[  448.890716] PUF Read:0x00000000 at 0xa0058178
[  448.890716] PUF Read:0x00000100 at 0xa005817c
[  448.890716] PUF Read:0x00000000 at 0xa0058180
[  448.890716] PUF Read:0x00000000 at 0xa0058184
[  448.890899] PUF Read:0x00000000 at 0xa0058188
[  448.890930] PUF Read:0x40000000 at 0xa005818c
[  448.890930] PUF Read:0x00000000 at 0xa0058190
[  448.890930] PUF Read:0x00000000 at 0xa0058194
[  448.890991] PUF Read:0x00000000 at 0xa0058198
[  448.890991] PUF Read:0x00000000 at 0xa005819c
[  448.891052] PUF Read:0x00000000 at 0xa00581a0
[  448.891082] PUF Read:0x00000000 at 0xa00581a4
[  448.891082] PUF Read:0x00000000 at 0xa00581a8
[  448.891082] PUF Read:0x00000000 at 0xa00581ac
[  448.891082] PUF Read:0x40000000 at 0xa00581b0
[  448.891082] PUF Read:0x00000000 at 0xa00581b4
[  448.891082] PUF Read:0x00000000 at 0xa00581b8
[  448.891235] PUF Read:0x00000000 at 0xa00581bc
[  448.891265] PUF Read:0x00100000 at 0xa00581c0
[  448.891265] PUF Read:0x00100000 at 0xa00581c4
[  448.891326] PUF Read:0x00000000 at 0xa00581c8
[  448.891326] PUF Read:0x00000000 at 0xa00581cc
[  448.891326] PUF Read:0x00000000 at 0xa00581d0
[  448.891326] PUF Read:0x00000000 at 0xa00581d4
[  448.891418] PUF Read:0x00000000 at 0xa00581d8
[  448.891418] PUF Read:0x00000000 at 0xa00581dc
[  448.891418] PUF Read:0x00000000 at 0xa00581e0
[  448.891418] PUF Read:0x00000000 at 0xa00581e4
[  448.891510] PUF Read:0x00010000 at 0xa00581e8
[  448.891510] PUF Read:0x00000000 at 0xa00581ec
[  448.891571] PUF Read:0x00000000 at 0xa00581f0
[  448.891601] PUF Read:0x10000000 at 0xa00581f4
[  448.891601] PUF Read:0x00000000 at 0xa00581f8
[  448.891601] PUF Read:0x00000000 at 0xa00581fc
[  448.891662] PUF Read:0x00000000 at 0xa0058200
[  448.891662] PUF Read:0x00000100 at 0xa0058204
[  448.891662] PUF Read:0x40000000 at 0xa0058208
[  448.891754] PUF Read:0x00010001 at 0xa005820c
[  448.891754] PUF Read:0x00100100 at 0xa0058210
[  448.891754] PUF Read:0x00000000 at 0xa0058214
[  448.891754] PUF Read:0x00000000 at 0xa0058218
[  448.891754] PUF Read:0x00000000 at 0xa005821c
[  448.891754] PUF Read:0x00000014 at 0xa0058220
[  448.891906] PUF Read:0x00000000 at 0xa0058224
[  448.891937] PUF Read:0x00000000 at 0xa0058228
[  448.891937] PUF Read:0x00004000 at 0xa005822c
[  448.891937] PUF Read:0x00000000 at 0xa0058230
[  448.891998] PUF Read:0x00000000 at 0xa0058234
[  448.891998] PUF Read:0x00000010 at 0xa0058238
[  448.891998] PUF Read:0x00000010 at 0xa005823c
[  448.892089] PUF Read:0x01000000 at 0xa0058240
[  448.892089] PUF Read:0x00000004 at 0xa0058244
[  448.892089] PUF Read:0x01000000 at 0xa0058248
[  448.892089] PUF Read:0x00000000 at 0xa005824c
[  448.892181] PUF Read:0x00000000 at 0xa0058250
[  448.892181] PUF Read:0x00000000 at 0xa0058254
[  448.892242] PUF Read:0x00000000 at 0xa0058258
[  448.892272] PUF Read:0x00000000 at 0xa005825c
[  448.892272] PUF Read:0x00000000 at 0xa0058260
[  448.892272] PUF Read:0x00000000 at 0xa0058264
[  448.892333] PUF Read:0x00000000 at 0xa0058268
[  448.892364] PUF Read:0x00000000 at 0xa005826c
[  448.892364] PUF Read:0x00000000 at 0xa0058270
[  448.892364] PUF Read:0x00000000 at 0xa0058274
[  448.892456] PUF Read:0x00000000 at 0xa0058278
[  448.892456] PUF Read:0x00000000 at 0xa005827c
[  448.892456] PUF Read:0x00004000 at 0xa0058280
[  448.892456] PUF Read:0x00000000 at 0xa0058284
[  448.892547] PUF Read:0x00000000 at 0xa0058288
[  448.892547] PUF Read:0x00000000 at 0xa005828c
[  448.892608] PUF Read:0x00000000 at 0xa0058290
[  448.892639] PUF Read:0x00000000 at 0xa0058294
[  448.892639] PUF Read:0x00000000 at 0xa0058298
[  448.892639] PUF Read:0x00000000 at 0xa005829c
[  448.892639] PUF Read:0x00010000 at 0xa00582a0
[  448.892730] PUF Read:0x00000001 at 0xa00582a4
[  448.892730] PUF Read:0x00400010 at 0xa00582a8
[  448.892791] PUF Read:0x00000000 at 0xa00582ac
[  448.892822] PUF Read:0x04000000 at 0xa00582b0
[  448.892822] PUF Read:0x00000000 at 0xa00582b4
[  448.892822] PUF Read:0x00000000 at 0xa00582b8
[  448.892883] PUF Read:0x00010000 at 0xa00582bc
[  448.892883] PUF Read:0x00000000 at 0xa00582c0
[  448.892944] PUF Read:0x00000000 at 0xa00582c4
[  448.892974] PUF Read:0x00000000 at 0xa00582c8
[  448.892974] PUF Read:0x00000000 at 0xa00582cc
[  448.892974] PUF Read:0x00000000 at 0xa00582d0
[  448.892974] PUF Read:0x00000004 at 0xa00582d4
[  448.892974] PUF Read:0x00000000 at 0xa00582d8
[  448.892974] PUF Read:0x00000000 at 0xa00582dc
[  448.893127] PUF Read:0x00004000 at 0xa00582e0
[  448.893157] PUF Read:0x00000000 at 0xa00582e4
[  448.893157] PUF Read:0x00000001 at 0xa00582e8
[  448.893157] PUF Read:0x00000000 at 0xa00582ec
[  448.893157] PUF Read:0x00000000 at 0xa00582f0
[  448.893280] PUF Read:0x00100000 at 0xa00582f4
[  448.893280] PUF Read:0x00000000 at 0xa00582f8
[  448.893341] PUF Read:0x00000000 at 0xa00582fc
[  448.893371] PUF Read:0x00000000 at 0xa0058300
[  448.893371] PUF Read:0x10000000 at 0xa0058304
[  448.893371] PUF Read:0x00000000 at 0xa0058308
[  448.893371] PUF Read:0x00000040 at 0xa005830c
[  448.893463] PUF Read:0x01000000 at 0xa0058310
[  448.893463] PUF Read:0x00000000 at 0xa0058314
[  448.893524] PUF Read:0x10000000 at 0xa0058318
[  448.893554] PUF Read:0x00000000 at 0xa005831c
[  448.893554] PUF Read:0x00000000 at 0xa0058320
[  448.893554] PUF Read:0x00004000 at 0xa0058324
[  448.893554] PUF Read:0x00000000 at 0xa0058328
[  448.893554] PUF Read:0x00000000 at 0xa005832c
[  448.893554] PUF Read:0x00000010 at 0xa0058330
[  448.893707] PUF Read:0x00000000 at 0xa0058334
[  448.893737] PUF Read:0x04000010 at 0xa0058338
[  448.893737] PUF Read:0x00000100 at 0xa005833c
[  448.893798] PUF Read:0x00000010 at 0xa0058340
[  448.893798] PUF Read:0x00000000 at 0xa0058344
[  448.893798] PUF Read:0x00000000 at 0xa0058348
[  448.893798] PUF Read:0x00004000 at 0xa005834c
[  448.893890] PUF Read:0x40000000 at 0xa0058350
[  448.893920] PUF Read:0x00000000 at 0xa0058354
[  448.893920] PUF Read:0x00000000 at 0xa0058358
[  448.893920] PUF Read:0x00000010 at 0xa005835c
[  448.893920] PUF Read:0x00000000 at 0xa0058360
[  448.893920] PUF Read:0x00100000 at 0xa0058364
[  448.893920] PUF Read:0x00000100 at 0xa0058368
[  448.893920] PUF Read:0x00000000 at 0xa005836c
[  448.894104] PUF Read:0x00000400 at 0xa0058370
[  448.894134] PUF Read:0x00000000 at 0xa0058374
[  448.894134] PUF Read:0x00000001 at 0xa0058378
[  448.894134] PUF Read:0x00000000 at 0xa005837c
[  448.894195] PUF Read:0x00000000 at 0xa0058380
[  448.894195] PUF Read:0x00040000 at 0xa0058384
[  448.894195] PUF Read:0x00000000 at 0xa0058388
[  448.894287] PUF Read:0x00000000 at 0xa005838c
[  448.894287] PUF Read:0x00010000 at 0xa0058390
[  448.894287] PUF Read:0x00400000 at 0xa0058394
[  448.894287] PUF Read:0x00100000 at 0xa0058398
[  448.894378] PUF Read:0x00000004 at 0xa005839c
[  448.894378] PUF Read:0x00000000 at 0xa00583a0
[  448.894439] PUF Read:0x00000000 at 0xa00583a4
[  448.894470] PUF Read:0x00000040 at 0xa00583a8
[  448.894470] PUF Read:0x00000010 at 0xa00583ac
[  448.894470] PUF Read:0x00000000 at 0xa00583b0
[  448.894470] PUF Read:0x00000000 at 0xa00583b4
[  448.894470] PUF Read:0x00000000 at 0xa00583b8
[  448.894470] PUF Read:0x40040000 at 0xa00583bc
[  448.894622] PUF Read:0x00000000 at 0xa00583c0
[  448.894653] PUF Read:0x00000000 at 0xa00583c4
[  448.894653] PUF Read:0x00001000 at 0xa00583c8
[  448.894653] PUF Read:0x00000000 at 0xa00583cc
[  448.894714] PUF Read:0x00000000 at 0xa00583d0
[  448.894714] PUF Read:0x00000400 at 0xa00583d4
[  448.894775] PUF Read:0x00000000 at 0xa00583d8
[  448.894805] PUF Read:0x00000000 at 0xa00583dc
[  448.894805] PUF Read:0x00000000 at 0xa00583e0
[  448.894805] PUF Read:0x00000000 at 0xa00583e4
[  448.894805] PUF Read:0x00000010 at 0xa00583e8
[  448.894897] PUF Read:0x00000000 at 0xa00583ec
[  448.894897] PUF Read:0x00000041 at 0xa00583f0
[  448.894958] PUF Read:0x00000000 at 0xa00583f4
[  448.894989] PUF Read:0x00000000 at 0xa00583f8
[  448.894989] PUF Read:0x00000000 at 0xa00583fc
[  448.894989] [i] Finished PUF read-out
[  448.895050] <6>[i] Finished PUF query for decaytime: 15360
[  448.895050] End measurement:0
[  448.895050] [i] Starting the Rowhammer PUF for PandaBoard
[  448.895080] Number of PUF rows: 32 PUF init Value :0 Rowhammer rows init Value:0
[  448.895080] [i] Start measurement: 0
[  448.895111] [i] Start decaytime: 60
[  448.895111] EMIF 2 REG Write 0x80000000 at 0x4d000010
[  448.895111] EMIF 2 REG Read 0x80000000 at 0x4d000010
[  448.895141] EMIF 2 REG Write 0x80000000 at 0x4d000014
[  448.895141] EMIF 2 REG Read 0x00000000 at 0x4d000014
[  448.895172] EMIF 2 REG Write 0x08016893 at 0x4d0000cc
[  448.895172] EMIF 2 REG Read 0x08016893 at 0x4d0000cc
[  448.895202] Temp polling alert disabled
[  448.895202] Refresh Disabled at EMIF2
[  448.895202] [i] Initialiting PUF & hammer rows
[  448.895233] [i] Single-Sided Rowhammer (SSRH)
[  449.062316] [i] Finished initialiting PUF & hammer rows
[  449.062316] [i]	Timer elapsed since its reset 0 sec
[  449.062347] [i] Decay: 60 sec
[  449.062347] [i]	Relative Decay: 0 msec
[  509.058074] [i] Total hammer attempts per row: 253208
[  509.058074] EMIF 2 REG Write 0x00000618 at 0x4d000010
[  509.058074] EMIF 2 REG Read 0x00000618 at 0x4d000010
[  509.058135] EMIF 2 REG Write 0x00000618 at 0x4d000014
[  509.058135] EMIF 2 REG Read 0x00000618 at 0x4d000014
[  509.058166] EMIF 2 REG Write 0x58016893 at 0x4d0000cc
[  509.058166] EMIF 2 REG Read 0x58016893 at 0x4d0000cc
[  509.058166] Temp polling alert enabled
[  509.058197] Refresh enabled at EMIF2
[  509.058197] [i] Starting PUF read-out
[  509.058197] [i] Single-Sided Rowhammer (SSRH)
[  509.058227] PUF Read:0x00000000 at 0xa0008000
[  509.058227] PUF Read:0x00000000 at 0xa0008004
[  509.058227] PUF Read:0x00000000 at 0xa0008008
[  509.058227] PUF Read:0x00000000 at 0xa000800c
[  509.058227] PUF Read:0x00000000 at 0xa0008010
[  509.058227] PUF Read:0x00000100 at 0xa0008014
[  509.058227] PUF Read:0x00000000 at 0xa0008018
[  509.058227] PUF Read:0x00000000 at 0xa000801c
[  509.058227] PUF Read:0x00000000 at 0xa0008020
[  509.058502] PUF Read:0x00000000 at 0xa0008024
[  509.058502] PUF Read:0x00000000 at 0xa0008028
[  509.058502] PUF Read:0x00000000 at 0xa000802c
[  509.058502] PUF Read:0x00000000 at 0xa0008030
[  509.058502] PUF Read:0x00000000 at 0xa0008034
[  509.058502] PUF Read:0x00000000 at 0xa0008038
[  509.058746] PUF Read:0x00000000 at 0xa000803c
[  509.058746] PUF Read:0x00000001 at 0xa0008040
[  509.058746] PUF Read:0x00004000 at 0xa0008044
[  509.058746] PUF Read:0x00000000 at 0xa0008048
[  509.058868] PUF Read:0x00000000 at 0xa000804c
[  509.058868] PUF Read:0x00000000 at 0xa0008050
[  509.058868] PUF Read:0x00000000 at 0xa0008054
[  509.058868] PUF Read:0x00000000 at 0xa0008058
[  509.058868] PUF Read:0x00000000 at 0xa000805c
[  509.058868] PUF Read:0x00000000 at 0xa0008060
[  509.058868] PUF Read:0x00000000 at 0xa0008064
[  509.058868] PUF Read:0x00000000 at 0xa0008068
[  509.058868] PUF Read:0x00000000 at 0xa000806c
[  509.059143] PUF Read:0x00000000 at 0xa0008070
[  509.059143] PUF Read:0x00000000 at 0xa0008074
[  509.059143] PUF Read:0x00000000 at 0xa0008078
[  509.059143] PUF Read:0x00000000 at 0xa000807c
[  509.059143] PUF Read:0x00000000 at 0xa0008080
[  509.059143] PUF Read:0x00000000 at 0xa0008084
[  509.059356] PUF Read:0x00000000 at 0xa0008088
[  509.059356] PUF Read:0x00000000 at 0xa000808c
[  509.059356] PUF Read:0x00000000 at 0xa0008090
[  509.059356] PUF Read:0x00000000 at 0xa0008094
[  509.059478] PUF Read:0x00010000 at 0xa0008098
[  509.059509] PUF Read:0x00000000 at 0xa000809c
[  509.059509] PUF Read:0x00000000 at 0xa00080a0
[  509.059509] PUF Read:0x00000000 at 0xa00080a4
[  509.059600] PUF Read:0x00000000 at 0xa00080a8
[  509.059600] PUF Read:0x00000000 at 0xa00080ac
[  509.059600] PUF Read:0x00000000 at 0xa00080b0
[  509.059692] PUF Read:0x00000000 at 0xa00080b4
[  509.059692] PUF Read:0x00004000 at 0xa00080b8
[  509.059692] PUF Read:0x00000000 at 0xa00080bc
[  509.059692] PUF Read:0x00000000 at 0xa00080c0
[  509.059692] PUF Read:0x00000000 at 0xa00080c4
