[ 1230.559020] [i] Total hammer attempts per row: 1862856
[ 1230.559020] EMIF 2 REG Write 0x00000618 at 0x4d000010
[ 1230.559051] EMIF 2 REG Read 0x00000618 at 0x4d000010
[ 1230.559051] EMIF 2 REG Write 0x00000618 at 0x4d000014
[ 1230.559082] EMIF 2 REG Read 0x00000618 at 0x4d000014
[ 1230.559082] EMIF 2 REG Write 0x58016893 at 0x4d0000cc
[ 1230.559112] EMIF 2 REG Read 0x58016893 at 0x4d0000cc
[ 1230.559112] Temp polling alert enabled
[ 1230.559112] Refresh enabled at EMIF2
[ 1230.559143] [i] Starting PUF read-out
[ 1230.559143] [i] Single-Sided Rowhammer (SSRH)
[ 1230.559143] PUF Read:0x00000000 at 0xa0008000
[ 1230.559173] PUF Read:0x00000000 at 0xa0008004
[ 1230.559204] PUF Read:0x00000000 at 0xa0008008
[ 1230.559204] PUF Read:0x00000000 at 0xa000800c
[ 1230.559265] PUF Read:0x00000000 at 0xa0008010
[ 1230.559295] PUF Read:0x00000100 at 0xa0008014
[ 1230.559295] PUF Read:0x00000000 at 0xa0008018
[ 1230.559295] PUF Read:0x00000000 at 0xa000801c
[ 1230.559295] PUF Read:0x00000000 at 0xa0008020
[ 1230.559387] PUF Read:0x00000000 at 0xa0008024
[ 1230.559387] PUF Read:0x00000000 at 0xa0008028
[ 1230.559448] PUF Read:0x00000000 at 0xa000802c
[ 1230.559448] PUF Read:0x00000000 at 0xa0008030
[ 1230.559448] PUF Read:0x00000000 at 0xa0008034
[ 1230.559448] PUF Read:0x00000000 at 0xa0008038
[ 1230.559448] PUF Read:0x00000000 at 0xa000803c
[ 1230.559448] PUF Read:0x00000001 at 0xa0008040
[ 1230.559600] PUF Read:0x00004000 at 0xa0008044
[ 1230.559600] PUF Read:0x00000000 at 0xa0008048
[ 1230.559600] PUF Read:0x00000000 at 0xa000804c
[ 1230.559600] PUF Read:0x00000000 at 0xa0008050
[ 1230.559600] PUF Read:0x00000000 at 0xa0008054
[ 1230.559600] PUF Read:0x00000000 at 0xa0008058
[ 1230.559753] PUF Read:0x00000000 at 0xa000805c
[ 1230.559753] PUF Read:0x00000000 at 0xa0008060
[ 1230.559753] PUF Read:0x00000000 at 0xa0008064
[ 1230.559753] PUF Read:0x00000000 at 0xa0008068
[ 1230.559753] PUF Read:0x00000000 at 0xa000806c
[ 1230.559753] PUF Read:0x00000000 at 0xa0008070
[ 1230.559906] PUF Read:0x00000000 at 0xa0008074
[ 1230.559906] PUF Read:0x00000000 at 0xa0008078
[ 1230.559967] PUF Read:0x00000000 at 0xa000807c
[ 1230.559967] PUF Read:0x00000000 at 0xa0008080
[ 1230.559967] PUF Read:0x00000000 at 0xa0008084
[ 1230.560028] PUF Read:0x00000000 at 0xa0008088
[ 1230.560058] PUF Read:0x00000000 at 0xa000808c
[ 1230.560058] PUF Read:0x00000000 at 0xa0008090
[ 1230.560058] PUF Read:0x00000000 at 0xa0008094
[ 1230.560119] PUF Read:0x00010000 at 0xa0008098
[ 1230.560119] PUF Read:0x00000000 at 0xa000809c
[ 1230.560180] PUF Read:0x00000000 at 0xa00080a0
[ 1230.560211] PUF Read:0x00000000 at 0xa00080a4
[ 1230.560211] PUF Read:0x00000000 at 0xa00080a8
[ 1230.560211] PUF Read:0x00000000 at 0xa00080ac
[ 1230.560272] PUF Read:0x00000000 at 0xa00080b0
[ 1230.560272] PUF Read:0x00000000 at 0xa00080b4
[ 1230.560333] PUF Read:0x00000000 at 0xa00080b8
[ 1230.560363] PUF Read:0x00000000 at 0xa00080bc
[ 1230.560363] PUF Read:0x00000000 at 0xa00080c0
[ 1230.560363] PUF Read:0x00000000 at 0xa00080c4
[ 1230.560424] PUF Read:0x00000000 at 0xa00080c8
[ 1230.560424] PUF Read:0x00000000 at 0xa00080cc
[ 1230.560485] PUF Read:0x00000000 at 0xa00080d0
[ 1230.560485] PUF Read:0x00000000 at 0xa00080d4
[ 1230.560485] PUF Read:0x00000000 at 0xa00080d8
[ 1230.560485] PUF Read:0x00000000 at 0xa00080dc
[ 1230.560485] PUF Read:0x00000000 at 0xa00080e0
[ 1230.560485] PUF Read:0x00000000 at 0xa00080e4
[ 1230.560638] PUF Read:0x00000000 at 0xa00080e8
[ 1230.560638] PUF Read:0x00000001 at 0xa00080ec
[ 1230.560638] PUF Read:0x00000000 at 0xa00080f0
[ 1230.560638] PUF Read:0x00000000 at 0xa00080f4
[ 1230.560638] PUF Read:0x00000000 at 0xa00080f8
[ 1230.560638] PUF Read:0x00000000 at 0xa00080fc
[ 1230.560791] PUF Read:0x00000000 at 0xa0008100
[ 1230.560791] PUF Read:0x00000000 at 0xa0008104
[ 1230.560852] PUF Read:0x00000000 at 0xa0008108
[ 1230.560852] PUF Read:0x00000000 at 0xa000810c
[ 1230.560852] PUF Read:0x00000000 at 0xa0008110
[ 1230.560913] PUF Read:0x00000000 at 0xa0008114
[ 1230.560943] PUF Read:0x00000000 at 0xa0008118
[ 1230.560943] PUF Read:0x00000000 at 0xa000811c
[ 1230.560943] PUF Read:0x00000000 at 0xa0008120
[ 1230.561004] PUF Read:0x00000000 at 0xa0008124
[ 1230.561004] PUF Read:0x00000000 at 0xa0008128
[ 1230.561065] PUF Read:0x00000000 at 0xa000812c
[ 1230.561096] PUF Read:0x00000000 at 0xa0008130
[ 1230.561096] PUF Read:0x00000000 at 0xa0008134
[ 1230.561096] PUF Read:0x00000000 at 0xa0008138
[ 1230.561157] PUF Read:0x00000000 at 0xa000813c
[ 1230.561157] PUF Read:0x00000000 at 0xa0008140
[ 1230.561218] PUF Read:0x00000000 at 0xa0008144
[ 1230.561248] PUF Read:0x00100400 at 0xa0008148
[ 1230.561248] PUF Read:0x00000000 at 0xa000814c
[ 1230.561248] PUF Read:0x00000000 at 0xa0008150
[ 1230.561309] PUF Read:0x00000000 at 0xa0008154
[ 1230.561309] PUF Read:0x00000000 at 0xa0008158
[ 1230.561370] PUF Read:0x00000040 at 0xa000815c
[ 1230.561401] PUF Read:0x00000000 at 0xa0008160
[ 1230.561401] PUF Read:0x00000000 at 0xa0008164
[ 1230.561401] PUF Read:0x00000000 at 0xa0008168
[ 1230.561401] PUF Read:0x00000000 at 0xa000816c
[ 1230.561401] PUF Read:0x00000000 at 0xa0008170
[ 1230.561523] PUF Read:0x00000000 at 0xa0008174
[ 1230.561523] PUF Read:0x00000000 at 0xa0008178
[ 1230.561523] PUF Read:0x00000000 at 0xa000817c
[ 1230.561584] PUF Read:0x00000000 at 0xa0008180
[ 1230.561584] PUF Read:0x00000000 at 0xa0008184
[ 1230.561645] PUF Read:0x00000000 at 0xa0008188
[ 1230.561676] PUF Read:0x00000000 at 0xa000818c
[ 1230.561676] PUF Read:0x00000000 at 0xa0008190
[ 1230.561737] PUF Read:0x00000000 at 0xa0008194
[ 1230.561737] PUF Read:0x00000000 at 0xa0008198
[ 1230.561737] PUF Read:0x00000000 at 0xa000819c
[ 1230.561798] PUF Read:0x00000000 at 0xa00081a0
[ 1230.561828] PUF Read:0x00000000 at 0xa00081a4
[ 1230.561828] PUF Read:0x00000000 at 0xa00081a8
[ 1230.561828] PUF Read:0x00000000 at 0xa00081ac
[ 1230.561889] PUF Read:0x00400000 at 0xa00081b0
[ 1230.561889] PUF Read:0x00000000 at 0xa00081b4
[ 1230.561950] PUF Read:0x00000000 at 0xa00081b8
[ 1230.561981] PUF Read:0x00000000 at 0xa00081bc
[ 1230.561981] PUF Read:0x00000000 at 0xa00081c0
[ 1230.561981] PUF Read:0x00000004 at 0xa00081c4
[ 1230.562042] PUF Read:0x00000000 at 0xa00081c8
[ 1230.562042] PUF Read:0x00000000 at 0xa00081cc
[ 1230.562103] PUF Read:0x10000000 at 0xa00081d0
[ 1230.562133] PUF Read:0x00000000 at 0xa00081d4
[ 1230.562133] PUF Read:0x00000000 at 0xa00081d8
[ 1230.562133] PUF Read:0x00000000 at 0xa00081dc
[ 1230.562194] PUF Read:0x00000000 at 0xa00081e0
[ 1230.562194] PUF Read:0x00000040 at 0xa00081e4
[ 1230.562255] PUF Read:0x00000000 at 0xa00081e8
[ 1230.562286] PUF Read:0x00000000 at 0xa00081ec
[ 1230.562286] PUF Read:0x00000000 at 0xa00081f0
[ 1230.562286] PUF Read:0x00000400 at 0xa00081f4
[ 1230.562347] PUF Read:0x00000000 at 0xa00081f8
[ 1230.562347] PUF Read:0x00000000 at 0xa00081fc
[ 1230.562408] PUF Read:0x00000000 at 0xa0008200
[ 1230.562438] PUF Read:0x00000000 at 0xa0008204
[ 1230.562438] PUF Read:0x00000000 at 0xa0008208
[ 1230.562438] PUF Read:0x00000000 at 0xa000820c
[ 1230.562499] PUF Read:0x00000000 at 0xa0008210
[ 1230.562499] PUF Read:0x00000000 at 0xa0008214
[ 1230.562561] PUF Read:0x00000000 at 0xa0008218
[ 1230.562561] PUF Read:0x00000000 at 0xa000821c
[ 1230.562561] PUF Read:0x00000000 at 0xa0008220
[ 1230.562561] PUF Read:0x00000000 at 0xa0008224
[ 1230.562561] PUF Read:0x00000000 at 0xa0008228
[ 1230.562561] PUF Read:0x00000000 at 0xa000822c
[ 1230.562713] PUF Read:0x00000000 at 0xa0008230
[ 1230.562713] PUF Read:0x00000000 at 0xa0008234
[ 1230.562713] PUF Read:0x00000000 at 0xa0008238
[ 1230.562713] PUF Read:0x00000000 at 0xa000823c
[ 1230.562713] PUF Read:0x00000000 at 0xa0008240
[ 1230.562835] PUF Read:0x00000000 at 0xa0008244
[ 1230.562866] PUF Read:0x00000000 at 0xa0008248
[ 1230.562866] PUF Read:0x00000000 at 0xa000824c
[ 1230.562927] PUF Read:0x00000000 at 0xa0008250
[ 1230.562927] PUF Read:0x00000000 at 0xa0008254
[ 1230.562927] PUF Read:0x00000000 at 0xa0008258
[ 1230.562988] PUF Read:0x00000000 at 0xa000825c
[ 1230.563018] PUF Read:0x00000000 at 0xa0008260
[ 1230.563018] PUF Read:0x00000000 at 0xa0008264
[ 1230.563018] PUF Read:0x00000000 at 0xa0008268
[ 1230.563079] PUF Read:0x00000000 at 0xa000826c
[ 1230.563079] PUF Read:0x00000000 at 0xa0008270
[ 1230.563140] PUF Read:0x00000000 at 0xa0008274
[ 1230.563171] PUF Read:0x00000000 at 0xa0008278
[ 1230.563171] PUF Read:0x00000000 at 0xa000827c
[ 1230.563171] PUF Read:0x00000000 at 0xa0008280
[ 1230.563232] PUF Read:0x00000000 at 0xa0008284
[ 1230.563232] PUF Read:0x00000000 at 0xa0008288
[ 1230.563232] PUF Read:0x00000000 at 0xa000828c
[ 1230.563323] PUF Read:0x00000000 at 0xa0008290
[ 1230.563323] PUF Read:0x00000000 at 0xa0008294
[ 1230.563323] PUF Read:0x00000000 at 0xa0008298
[ 1230.563323] PUF Read:0x00000000 at 0xa000829c
[ 1230.563323] PUF Read:0x00000000 at 0xa00082a0
[ 1230.563323] PUF Read:0x00000000 at 0xa00082a4
[ 1230.563476] PUF Read:0x00000000 at 0xa00082a8
[ 1230.563476] PUF Read:0x00000000 at 0xa00082ac
[ 1230.563476] PUF Read:0x00000000 at 0xa00082b0
[ 1230.563476] PUF Read:0x00000000 at 0xa00082b4
[ 1230.563476] PUF Read:0x00000040 at 0xa00082b8
[ 1230.563598] PUF Read:0x00000000 at 0xa00082bc
[ 1230.563629] PUF Read:0x00000000 at 0xa00082c0
[ 1230.563629] PUF Read:0x00000000 at 0xa00082c4
[ 1230.563629] PUF Read:0x10000000 at 0xa00082c8
[ 1230.563629] PUF Read:0x00000000 at 0xa00082cc
[ 1230.563629] PUF Read:0x00000000 at 0xa00082d0
[ 1230.563751] PUF Read:0x00000000 at 0xa00082d4
[ 1230.563781] PUF Read:0x00000000 at 0xa00082d8
[ 1230.563781] PUF Read:0x00000000 at 0xa00082dc
[ 1230.563781] PUF Read:0x00000000 at 0xa00082e0
[ 1230.563842] PUF Read:0x00000400 at 0xa00082e4
[ 1230.563842] PUF Read:0x00000000 at 0xa00082e8
[ 1230.563903] PUF Read:0x00000000 at 0xa00082ec
[ 1230.563934] PUF Read:0x00000000 at 0xa00082f0
[ 1230.563934] PUF Read:0x00000000 at 0xa00082f4
[ 1230.563934] PUF Read:0x00000000 at 0xa00082f8
[ 1230.563995] PUF Read:0x00000000 at 0xa00082fc
[ 1230.563995] PUF Read:0x00000000 at 0xa0008300
[ 1230.564056] PUF Read:0x00000000 at 0xa0008304
[ 1230.564086] PUF Read:0x00000000 at 0xa0008308
[ 1230.564086] PUF Read:0x00000000 at 0xa000830c
[ 1230.564086] PUF Read:0x00000000 at 0xa0008310
[ 1230.564147] PUF Read:0x00000000 at 0xa0008314
[ 1230.564147] PUF Read:0x00000000 at 0xa0008318
[ 1230.564208] PUF Read:0x10000000 at 0xa000831c
[ 1230.564239] PUF Read:0x00000000 at 0xa0008320
[ 1230.564239] PUF Read:0x00000000 at 0xa0008324
[ 1230.564239] PUF Read:0x00000000 at 0xa0008328
[ 1230.564300] PUF Read:0x00000000 at 0xa000832c
[ 1230.564300] PUF Read:0x00000004 at 0xa0008330
[ 1230.564361] PUF Read:0x00000000 at 0xa0008334
[ 1230.564392] PUF Read:0x00000000 at 0xa0008338
[ 1230.564392] PUF Read:0x00000000 at 0xa000833c
[ 1230.564392] PUF Read:0x00000000 at 0xa0008340
[ 1230.564453] PUF Read:0x00000000 at 0xa0008344
[ 1230.564453] PUF Read:0x00000000 at 0xa0008348
[ 1230.564514] PUF Read:0x00000000 at 0xa000834c
[ 1230.564514] PUF Read:0x00000000 at 0xa0008350
[ 1230.564514] PUF Read:0x00000000 at 0xa0008354
[ 1230.564514] PUF Read:0x00000000 at 0xa0008358
[ 1230.564514] PUF Read:0x00000000 at 0xa000835c
[ 1230.564514] PUF Read:0x00010000 at 0xa0008360
[ 1230.564666] PUF Read:0x00000000 at 0xa0008364
[ 1230.564697] PUF Read:0x00000000 at 0xa0008368
[ 1230.564697] PUF Read:0x00000000 at 0xa000836c
[ 1230.564697] PUF Read:0x00000000 at 0xa0008370
[ 1230.564758] PUF Read:0x00000000 at 0xa0008374
[ 1230.564758] PUF Read:0x00000000 at 0xa0008378
[ 1230.564819] PUF Read:0x00000000 at 0xa000837c
[ 1230.564849] PUF Read:0x00000000 at 0xa0008380
[ 1230.564849] PUF Read:0x00000000 at 0xa0008384
[ 1230.564849] PUF Read:0x00000000 at 0xa0008388
[ 1230.564910] PUF Read:0x00000000 at 0xa000838c
[ 1230.564910] PUF Read:0x00000000 at 0xa0008390
[ 1230.564971] PUF Read:0x00000000 at 0xa0008394
[ 1230.565002] PUF Read:0x00000000 at 0xa0008398
[ 1230.565032] PUF Read:0x00000000 at 0xa000839c
[ 1230.565032] PUF Read:0x00000000 at 0xa00083a0
[ 1230.565032] PUF Read:0x00000000 at 0xa00083a4
[ 1230.565032] PUF Read:0x00000000 at 0xa00083a8
[ 1230.565155] PUF Read:0x00000000 at 0xa00083ac
[ 1230.565155] PUF Read:0x00000000 at 0xa00083b0
[ 1230.565216] PUF Read:0x00000000 at 0xa00083b4
[ 1230.565246] PUF Read:0x00000000 at 0xa00083b8
[ 1230.565246] PUF Read:0x00000000 at 0xa00083bc
[ 1230.565246] PUF Read:0x00000000 at 0xa00083c0
[ 1230.565307] PUF Read:0x00000000 at 0xa00083c4
[ 1230.565307] PUF Read:0x00000000 at 0xa00083c8
[ 1230.565368] PUF Read:0x00000000 at 0xa00083cc
[ 1230.565368] PUF Read:0x00000000 at 0xa00083d0
[ 1230.565368] PUF Read:0x00010000 at 0xa00083d4
[ 1230.565368] PUF Read:0x00000000 at 0xa00083d8
[ 1230.565368] PUF Read:0x00000000 at 0xa00083dc
[ 1230.565368] PUF Read:0x00000000 at 0xa00083e0
[ 1230.565521] PUF Read:0x00000000 at 0xa00083e4
[ 1230.565521] PUF Read:0x00000000 at 0xa00083e8
[ 1230.565582] PUF Read:0x00000000 at 0xa00083ec
[ 1230.565582] PUF Read:0x00000000 at 0xa00083f0
[ 1230.565582] PUF Read:0x00000000 at 0xa00083f4
[ 1230.565643] PUF Read:0x00000004 at 0xa00083f8
[ 1230.565673] PUF Read:0x00040000 at 0xa00083fc
[ 1230.565673] [i] Finished PUF read-out
[ 1230.565704] <6>[i] Finished PUF query for decaytime: 7680
[ 1230.565704] [i] Start decaytime: 120
[ 1230.565734] EMIF 2 REG Write 0x80000000 at 0x4d000010
[ 1230.565734] EMIF 2 REG Read 0x80000000 at 0x4d000010
[ 1230.565765] EMIF 2 REG Write 0x80000000 at 0x4d000014
[ 1230.565765] EMIF 2 REG Read 0x00000000 at 0x4d000014
[ 1230.565765] EMIF 2 REG Write 0x08016893 at 0x4d0000cc
[ 1230.565795] EMIF 2 REG Read 0x08016893 at 0x4d0000cc
[ 1230.565795] Temp polling alert disabled
[ 1230.565795] Refresh Disabled at EMIF2
[ 1230.565826] [i] Initialiting PUF & hammer rows
[ 1230.565826] [i] Single-Sided Rowhammer (SSRH)
[ 1230.565826] [i] Finished initialiting PUF & hammer rows
[ 1230.572509] [i]	Timer elapsed since its reset 0 sec
[ 1230.572509] [i] Decay: 120 sec
[ 1230.572540] [i]	Relative Decay: 0 msec
