[  268.766357] [i] Finished initialiting PUF & hammer rows
[  268.766357] [i]	Timer elapsed since its reset 0 sec
[  268.766387] [i] Decay: 60 sec
[  268.766387] [i]	Relative Decay: 0 msec
[  328.760559] [i] Total hammer attempts per row: 818654
[  328.760559] EMIF 2 REG Write 0x00000618 at 0x4d000010
[  328.760589] EMIF 2 REG Read 0x00000618 at 0x4d000010
[  328.760589] EMIF 2 REG Write 0x00000618 at 0x4d000014
[  328.760620] EMIF 2 REG Read 0x00000618 at 0x4d000014
[  328.760620] EMIF 2 REG Write 0x58016893 at 0x4d0000cc
[  328.760650] EMIF 2 REG Read 0x58016893 at 0x4d0000cc
[  328.760650] Temp polling alert enabled
[  328.760650] Refresh enabled at EMIF2
[  328.760681] [i] Starting PUF read-out
[  328.760681] [i] Single-Sided Rowhammer (SSRH)
[  328.760711] PUF Read:0x00000000 at 0xa0008000
[  328.760711] PUF Read:0x00000000 at 0xa0008004
[  328.760742] PUF Read:0x00000000 at 0xa0008008
[  328.760742] PUF Read:0x00000000 at 0xa000800c
[  328.760742] PUF Read:0x00000000 at 0xa0008010
[  328.760833] PUF Read:0x00000100 at 0xa0008014
[  328.760864] PUF Read:0x00000000 at 0xa0008018
[  328.760864] PUF Read:0x00000000 at 0xa000801c
[  328.760864] PUF Read:0x00000000 at 0xa0008020
[  328.760925] PUF Read:0x00000000 at 0xa0008024
[  328.760925] PUF Read:0x00000000 at 0xa0008028
[  328.760986] PUF Read:0x00000000 at 0xa000802c
[  328.761016] PUF Read:0x00000000 at 0xa0008030
[  328.761016] PUF Read:0x00000000 at 0xa0008034
[  328.761016] PUF Read:0x00000000 at 0xa0008038
[  328.761077] PUF Read:0x00000000 at 0xa000803c
[  328.761077] PUF Read:0x00000001 at 0xa0008040
[  328.761138] PUF Read:0x00004000 at 0xa0008044
[  328.761169] PUF Read:0x00000000 at 0xa0008048
[  328.761169] PUF Read:0x00000000 at 0xa000804c
[  328.761169] PUF Read:0x00000000 at 0xa0008050
[  328.761230] PUF Read:0x00000000 at 0xa0008054
[  328.761230] PUF Read:0x00000000 at 0xa0008058
[  328.761291] PUF Read:0x00000000 at 0xa000805c
[  328.761291] PUF Read:0x00000000 at 0xa0008060
[  328.761291] PUF Read:0x00000000 at 0xa0008064
[  328.761291] PUF Read:0x00000000 at 0xa0008068
[  328.761291] PUF Read:0x00000000 at 0xa000806c
[  328.761291] PUF Read:0x00000000 at 0xa0008070
[  328.761444] PUF Read:0x00000000 at 0xa0008074
[  328.761444] PUF Read:0x00000000 at 0xa0008078
[  328.761444] PUF Read:0x00000000 at 0xa000807c
[  328.761444] PUF Read:0x00000000 at 0xa0008080
[  328.761444] PUF Read:0x00000000 at 0xa0008084
[  328.761566] PUF Read:0x00000000 at 0xa0008088
[  328.761596] PUF Read:0x00000000 at 0xa000808c
[  328.761596] PUF Read:0x00000000 at 0xa0008090
[  328.761596] PUF Read:0x00000000 at 0xa0008094
[  328.761657] PUF Read:0x00010000 at 0xa0008098
[  328.761657] PUF Read:0x00000000 at 0xa000809c
[  328.761657] PUF Read:0x00000000 at 0xa00080a0
[  328.761749] PUF Read:0x00000000 at 0xa00080a4
[  328.761779] PUF Read:0x00000000 at 0xa00080a8
[  328.761779] PUF Read:0x00000000 at 0xa00080ac
[  328.761779] PUF Read:0x00000000 at 0xa00080b0
[  328.761840] PUF Read:0x00000000 at 0xa00080b4
[  328.761840] PUF Read:0x00000000 at 0xa00080b8
[  328.761901] PUF Read:0x00000000 at 0xa00080bc
[  328.761932] PUF Read:0x00000000 at 0xa00080c0
[  328.761932] PUF Read:0x00000000 at 0xa00080c4
[  328.761932] PUF Read:0x00000000 at 0xa00080c8
[  328.761993] PUF Read:0x00000000 at 0xa00080cc
[  328.761993] PUF Read:0x00000000 at 0xa00080d0
[  328.762054] PUF Read:0x00000000 at 0xa00080d4
[  328.762084] PUF Read:0x00000000 at 0xa00080d8
[  328.762084] PUF Read:0x00000000 at 0xa00080dc
[  328.762084] PUF Read:0x00000000 at 0xa00080e0
[  328.762145] PUF Read:0x00000000 at 0xa00080e4
[  328.762145] PUF Read:0x00000000 at 0xa00080e8
[  328.762207] PUF Read:0x00000001 at 0xa00080ec
[  328.762237] PUF Read:0x00000000 at 0xa00080f0
[  328.762237] PUF Read:0x00000000 at 0xa00080f4
[  328.762237] PUF Read:0x00000100 at 0xa00080f8
[  328.762298] PUF Read:0x00000000 at 0xa00080fc
[  328.762298] PUF Read:0x00000000 at 0xa0008100
[  328.762359] PUF Read:0x00000000 at 0xa0008104
[  328.762390] PUF Read:0x00000000 at 0xa0008108
[  328.762390] PUF Read:0x00000000 at 0xa000810c
[  328.762390] PUF Read:0x00000000 at 0xa0008110
[  328.762451] PUF Read:0x00000000 at 0xa0008114
[  328.762451] PUF Read:0x00000000 at 0xa0008118
[  328.762512] PUF Read:0x00000000 at 0xa000811c
[  328.762542] PUF Read:0x00000000 at 0xa0008120
[  328.762542] PUF Read:0x00000000 at 0xa0008124
[  328.762542] PUF Read:0x00000040 at 0xa0008128
[  328.762542] PUF Read:0x00000000 at 0xa000812c
[  328.762542] PUF Read:0x00000000 at 0xa0008130
[  328.762664] PUF Read:0x00000000 at 0xa0008134
[  328.762664] PUF Read:0x00000000 at 0xa0008138
[  328.762664] PUF Read:0x00000000 at 0xa000813c
[  328.762664] PUF Read:0x00000000 at 0xa0008140
[  328.762756] PUF Read:0x00000000 at 0xa0008144
[  328.762756] PUF Read:0x00100400 at 0xa0008148
[  328.762817] PUF Read:0x00000000 at 0xa000814c
[  328.762817] PUF Read:0x00000000 at 0xa0008150
[  328.762817] PUF Read:0x00000000 at 0xa0008154
[  328.762817] PUF Read:0x00000000 at 0xa0008158
[  328.762817] PUF Read:0x00000000 at 0xa000815c
[  328.762817] PUF Read:0x00000000 at 0xa0008160
[  328.762969] PUF Read:0x00000000 at 0xa0008164
[  328.762969] PUF Read:0x00000000 at 0xa0008168
[  328.763031] PUF Read:0x00000000 at 0xa000816c
[  328.763031] PUF Read:0x00000000 at 0xa0008170
[  328.763031] PUF Read:0x00000000 at 0xa0008174
[  328.763092] PUF Read:0x00000000 at 0xa0008178
[  328.763122] PUF Read:0x00000000 at 0xa000817c
[  328.763122] PUF Read:0x00000000 at 0xa0008180
[  328.763122] PUF Read:0x00000000 at 0xa0008184
[  328.763183] PUF Read:0x00000000 at 0xa0008188
[  328.763183] PUF Read:0x00000000 at 0xa000818c
[  328.763183] PUF Read:0x00000000 at 0xa0008190
[  328.763275] PUF Read:0x00000000 at 0xa0008194
[  328.763305] PUF Read:0x00000000 at 0xa0008198
[  328.763305] PUF Read:0x00000000 at 0xa000819c
[  328.763305] PUF Read:0x00000000 at 0xa00081a0
[  328.763366] PUF Read:0x00000000 at 0xa00081a4
[  328.763366] PUF Read:0x00000000 at 0xa00081a8
[  328.763427] PUF Read:0x00000000 at 0xa00081ac
[  328.763458] PUF Read:0x00400000 at 0xa00081b0
[  328.763458] PUF Read:0x00000000 at 0xa00081b4
[  328.763458] PUF Read:0x00000000 at 0xa00081b8
[  328.763519] PUF Read:0x00000000 at 0xa00081bc
[  328.763519] PUF Read:0x00000000 at 0xa00081c0
[  328.763580] PUF Read:0x00000004 at 0xa00081c4
[  328.763610] PUF Read:0x00000000 at 0xa00081c8
[  328.763610] PUF Read:0x00000000 at 0xa00081cc
[  328.763610] PUF Read:0x10000000 at 0xa00081d0
[  328.763671] PUF Read:0x00000000 at 0xa00081d4
[  328.763671] PUF Read:0x00000000 at 0xa00081d8
[  328.763732] PUF Read:0x00000000 at 0xa00081dc
[  328.763732] PUF Read:0x00000000 at 0xa00081e0
[  328.763732] PUF Read:0x00000040 at 0xa00081e4
[  328.763732] PUF Read:0x00000000 at 0xa00081e8
[  328.763732] PUF Read:0x00000000 at 0xa00081ec
[  328.763732] PUF Read:0x00000000 at 0xa00081f0
[  328.763885] PUF Read:0x00000400 at 0xa00081f4
[  328.763885] PUF Read:0x00000000 at 0xa00081f8
[  328.763885] PUF Read:0x00000000 at 0xa00081fc
[  328.763885] PUF Read:0x00000000 at 0xa0008200
[  328.763885] PUF Read:0x00000000 at 0xa0008204
[  328.764007] PUF Read:0x00000000 at 0xa0008208
[  328.764038] PUF Read:0x00000000 at 0xa000820c
[  328.764038] PUF Read:0x00000000 at 0xa0008210
[  328.764038] PUF Read:0x00000000 at 0xa0008214
[  328.764099] PUF Read:0x00000000 at 0xa0008218
[  328.764099] PUF Read:0x00000000 at 0xa000821c
[  328.764160] PUF Read:0x00000000 at 0xa0008220
[  328.764190] PUF Read:0x00000000 at 0xa0008224
[  328.764190] PUF Read:0x00000000 at 0xa0008228
[  328.764190] PUF Read:0x00000000 at 0xa000822c
[  328.764251] PUF Read:0x00000000 at 0xa0008230
[  328.764251] PUF Read:0x00000000 at 0xa0008234
[  328.764312] PUF Read:0x00000000 at 0xa0008238
[  328.764312] PUF Read:0x00000000 at 0xa000823c
[  328.764312] PUF Read:0x00000000 at 0xa0008240
[  328.764312] PUF Read:0x00000000 at 0xa0008244
[  328.764312] PUF Read:0x00000000 at 0xa0008248
[  328.764312] PUF Read:0x00000000 at 0xa000824c
[  328.764465] PUF Read:0x00000000 at 0xa0008250
[  328.764465] PUF Read:0x00000000 at 0xa0008254
[  328.764526] PUF Read:0x00000000 at 0xa0008258
[  328.764526] PUF Read:0x00000000 at 0xa000825c
[  328.764526] PUF Read:0x00000000 at 0xa0008260
[  328.764587] PUF Read:0x00000000 at 0xa0008264
[  328.764617] PUF Read:0x00000000 at 0xa0008268
[  328.764617] PUF Read:0x00000000 at 0xa000826c
[  328.764617] PUF Read:0x00000000 at 0xa0008270
[  328.764678] PUF Read:0x00000000 at 0xa0008274
[  328.764678] PUF Read:0x00000000 at 0xa0008278
[  328.764678] PUF Read:0x00000000 at 0xa000827c
[  328.764770] PUF Read:0x00000000 at 0xa0008280
[  328.764801] PUF Read:0x00000000 at 0xa0008284
[  328.764801] PUF Read:0x00000000 at 0xa0008288
[  328.764801] PUF Read:0x00000000 at 0xa000828c
[  328.764862] PUF Read:0x00000000 at 0xa0008290
[  328.764862] PUF Read:0x00000000 at 0xa0008294
[  328.764923] PUF Read:0x00000000 at 0xa0008298
[  328.764923] PUF Read:0x00000000 at 0xa000829c
[  328.764923] PUF Read:0x00000000 at 0xa00082a0
[  328.764923] PUF Read:0x00000000 at 0xa00082a4
[  328.764923] PUF Read:0x00000000 at 0xa00082a8
[  328.765045] PUF Read:0x00000000 at 0xa00082ac
[  328.765075] PUF Read:0x00000000 at 0xa00082b0
[  328.765075] PUF Read:0x00000000 at 0xa00082b4
[  328.765075] PUF Read:0x00000040 at 0xa00082b8
[  328.765136] PUF Read:0x00000000 at 0xa00082bc
[  328.765136] PUF Read:0x00000000 at 0xa00082c0
[  328.765197] PUF Read:0x00000000 at 0xa00082c4
[  328.765228] PUF Read:0x00000000 at 0xa00082c8
[  328.765228] PUF Read:0x00000000 at 0xa00082cc
[  328.765228] PUF Read:0x00000000 at 0xa00082d0
[  328.765289] PUF Read:0x00000000 at 0xa00082d4
[  328.765289] PUF Read:0x00000000 at 0xa00082d8
[  328.765350] PUF Read:0x00000000 at 0xa00082dc
[  328.765350] PUF Read:0x00000000 at 0xa00082e0
[  328.765350] PUF Read:0x00000400 at 0xa00082e4
[  328.765350] PUF Read:0x00000000 at 0xa00082e8
[  328.765350] PUF Read:0x00000000 at 0xa00082ec
[  328.765350] PUF Read:0x00000000 at 0xa00082f0
[  328.765502] PUF Read:0x00000000 at 0xa00082f4
[  328.765502] PUF Read:0x00000000 at 0xa00082f8
[  328.765502] PUF Read:0x00000000 at 0xa00082fc
[  328.765502] PUF Read:0x00000000 at 0xa0008300
[  328.765502] PUF Read:0x00000000 at 0xa0008304
[  328.765624] PUF Read:0x00000000 at 0xa0008308
[  328.765655] PUF Read:0x00000000 at 0xa000830c
[  328.765655] PUF Read:0x00000000 at 0xa0008310
[  328.765655] PUF Read:0x00000000 at 0xa0008314
[  328.765716] PUF Read:0x00000000 at 0xa0008318
[  328.765716] PUF Read:0x10000000 at 0xa000831c
[  328.765777] PUF Read:0x00000000 at 0xa0008320
[  328.765808] PUF Read:0x00000000 at 0xa0008324
[  328.765808] PUF Read:0x00000000 at 0xa0008328
[  328.765808] PUF Read:0x00000000 at 0xa000832c
[  328.765869] PUF Read:0x00000004 at 0xa0008330
[  328.765869] PUF Read:0x00000000 at 0xa0008334
[  328.765930] PUF Read:0x00000000 at 0xa0008338
[  328.765930] PUF Read:0x00000000 at 0xa000833c
[  328.765930] PUF Read:0x00000000 at 0xa0008340
[  328.765930] PUF Read:0x00000000 at 0xa0008344
[  328.765930] PUF Read:0x00000000 at 0xa0008348
[  328.766052] PUF Read:0x00000000 at 0xa000834c
[  328.766082] PUF Read:0x00000000 at 0xa0008350
[  328.766082] PUF Read:0x00000000 at 0xa0008354
[  328.766082] PUF Read:0x00000000 at 0xa0008358
[  328.766143] PUF Read:0x00000000 at 0xa000835c
[  328.766143] PUF Read:0x00010000 at 0xa0008360
[  328.766204] PUF Read:0x00000000 at 0xa0008364
[  328.766235] PUF Read:0x00000000 at 0xa0008368
[  328.766235] PUF Read:0x00000000 at 0xa000836c
[  328.766235] PUF Read:0x00000000 at 0xa0008370
[  328.766235] PUF Read:0x00000000 at 0xa0008374
[  328.766235] PUF Read:0x00000000 at 0xa0008378
[  328.766235] PUF Read:0x00000000 at 0xa000837c
[  328.766387] PUF Read:0x00000000 at 0xa0008380
[  328.766387] PUF Read:0x00000000 at 0xa0008384
[  328.766387] PUF Read:0x00000000 at 0xa0008388
[  328.766387] PUF Read:0x00000000 at 0xa000838c
[  328.766387] PUF Read:0x00000000 at 0xa0008390
[  328.766510] PUF Read:0x00000000 at 0xa0008394
[  328.766540] PUF Read:0x00000000 at 0xa0008398
[  328.766540] PUF Read:0x00000000 at 0xa000839c
[  328.766540] PUF Read:0x00000000 at 0xa00083a0
[  328.766601] PUF Read:0x00000000 at 0xa00083a4
[  328.766601] PUF Read:0x00000000 at 0xa00083a8
[  328.766662] PUF Read:0x00000000 at 0xa00083ac
[  328.766693] PUF Read:0x00000000 at 0xa00083b0
[  328.766693] PUF Read:0x00000000 at 0xa00083b4
[  328.766693] PUF Read:0x00000000 at 0xa00083b8
[  328.766754] PUF Read:0x00000000 at 0xa00083bc
[  328.766754] PUF Read:0x00000000 at 0xa00083c0
[  328.766815] PUF Read:0x00000000 at 0xa00083c4
[  328.766845] PUF Read:0x00000000 at 0xa00083c8
[  328.766845] PUF Read:0x00000000 at 0xa00083cc
[  328.766845] PUF Read:0x00000000 at 0xa00083d0
[  328.766906] PUF Read:0x00010000 at 0xa00083d4
[  328.766906] PUF Read:0x00000000 at 0xa00083d8
[  328.766967] PUF Read:0x00000000 at 0xa00083dc
[  328.766967] PUF Read:0x00000000 at 0xa00083e0
[  328.766967] PUF Read:0x00000000 at 0xa00083e4
[  328.766967] PUF Read:0x00000000 at 0xa00083e8
[  328.766967] PUF Read:0x00000000 at 0xa00083ec
[  328.766967] PUF Read:0x00000000 at 0xa00083f0
[  328.767120] PUF Read:0x00000000 at 0xa00083f4
[  328.767120] PUF Read:0x00000004 at 0xa00083f8
[  328.767181] PUF Read:0x00040000 at 0xa00083fc
[  328.767181] PUF Read:0x00000400 at 0xa0010000
[  328.767181] PUF Read:0x00000000 at 0xa0010004
[  328.767242] PUF Read:0x00000000 at 0xa0010008
[  328.767272] PUF Read:0x00000000 at 0xa001000c
[  328.767272] PUF Read:0x00000000 at 0xa0010010
[  328.767272] PUF Read:0x00000000 at 0xa0010014
[  328.767333] PUF Read:0x01000000 at 0xa0010018
[  328.767333] PUF Read:0x04000000 at 0xa001001c
[  328.767395] PUF Read:0x00000000 at 0xa0010020
[  328.767425] PUF Read:0x00000000 at 0xa0010024
[  328.767425] PUF Read:0x00000000 at 0xa0010028
[  328.767425] PUF Read:0x00000000 at 0xa001002c
[  328.767486] PUF Read:0x00000000 at 0xa0010030
[  328.767486] PUF Read:0x00000000 at 0xa0010034
[  328.767547] PUF Read:0x00000000 at 0xa0010038
[  328.767547] PUF Read:0x00000000 at 0xa001003c
[  328.767547] PUF Read:0x00000000 at 0xa0010040
[  328.767547] PUF Read:0x04000000 at 0xa0010044
[  328.767547] PUF Read:0x00000000 at 0xa0010048
[  328.767547] PUF Read:0x01000000 at 0xa001004c
[  328.767700] PUF Read:0x00000000 at 0xa0010050
[  328.767700] PUF Read:0x00000000 at 0xa0010054
[  328.767700] PUF Read:0x00000000 at 0xa0010058
[  328.767700] PUF Read:0x00100400 at 0xa001005c
[  328.767791] PUF Read:0x00000000 at 0xa0010060
[  328.767791] PUF Read:0x00000000 at 0xa0010064
[  328.767852] PUF Read:0x00000000 at 0xa0010068
[  328.767883] PUF Read:0x00000000 at 0xa001006c
[  328.767883] PUF Read:0x00000000 at 0xa0010070
[  328.767883] PUF Read:0x00000000 at 0xa0010074
[  328.767944] PUF Read:0x00000000 at 0xa0010078
[  328.767944] PUF Read:0x00000000 at 0xa001007c
[  328.768005] PUF Read:0x00000000 at 0xa0010080
[  328.768035] PUF Read:0x00000000 at 0xa0010084
[  328.768035] PUF Read:0x00000000 at 0xa0010088
[  328.768035] PUF Read:0x00000000 at 0xa001008c
[  328.768096] PUF Read:0x00000000 at 0xa0010090
[  328.768096] PUF Read:0x00000000 at 0xa0010094
[  328.768096] PUF Read:0x00000000 at 0xa0010098
[  328.768188] PUF Read:0x00000000 at 0xa001009c
[  328.768249] PUF Read:0x00000000 at 0xa00100a0
[  328.768280] PUF Read:0x00000000 at 0xa00100a4
[  328.768280] PUF Read:0x00000000 at 0xa00100a8
[  328.768280] PUF Read:0x00000000 at 0xa00100ac
[  328.768341] PUF Read:0x04000000 at 0xa00100b0
[  328.768341] PUF Read:0x00000000 at 0xa00100b4
[  328.768402] PUF Read:0x00000000 at 0xa00100b8
[  328.768432] PUF Read:0x00000000 at 0xa00100bc
[  328.768432] PUF Read:0x00000000 at 0xa00100c0
[  328.768432] PUF Read:0x00000000 at 0xa00100c4
[  328.768493] PUF Read:0x00000000 at 0xa00100c8
[  328.768493] PUF Read:0x00000000 at 0xa00100cc
[  328.768554] PUF Read:0x00000000 at 0xa00100d0
[  328.768585] PUF Read:0x00000000 at 0xa00100d4
[  328.768585] PUF Read:0x00000000 at 0xa00100d8
[  328.768585] PUF Read:0x00000000 at 0xa00100dc
[  328.768646] PUF Read:0x00000000 at 0xa00100e0
[  328.768646] PUF Read:0x00000000 at 0xa00100e4
[  328.768707] PUF Read:0x00000000 at 0xa00100e8
[  328.768737] PUF Read:0x00000000 at 0xa00100ec
[  328.768737] PUF Read:0x00000000 at 0xa00100f0
[  328.768737] PUF Read:0x00000000 at 0xa00100f4
[  328.768798] PUF Read:0x00000000 at 0xa00100f8
[  328.768798] PUF Read:0x00000000 at 0xa00100fc
[  328.768859] PUF Read:0x00000000 at 0xa0010100
[  328.768890] PUF Read:0x00000000 at 0xa0010104
[  328.768890] PUF Read:0x00000000 at 0xa0010108
[  328.768890] PUF Read:0x00000000 at 0xa001010c
[  328.768951] PUF Read:0x00000000 at 0xa0010110
[  328.768951] PUF Read:0x00000000 at 0xa0010114
[  328.769012] PUF Read:0x00000000 at 0xa0010118
[  328.769012] PUF Read:0x00000000 at 0xa001011c
[  328.769012] PUF Read:0x00000000 at 0xa0010120
[  328.769012] PUF Read:0x00040000 at 0xa0010124
[  328.769012] PUF Read:0x00000000 at 0xa0010128
[  328.769134] PUF Read:0x00000000 at 0xa001012c
[  328.769165] PUF Read:0x00000000 at 0xa0010130
[  328.769165] PUF Read:0x00000000 at 0xa0010134
[  328.769165] PUF Read:0x00000000 at 0xa0010138
[  328.769226] PUF Read:0x00000000 at 0xa001013c
[  328.769226] PUF Read:0x04000000 at 0xa0010140
[  328.769287] PUF Read:0x00000000 at 0xa0010144
[  328.769317] PUF Read:0x00000000 at 0xa0010148
[  328.769317] PUF Read:0x00000000 at 0xa001014c
[  328.769317] PUF Read:0x00000000 at 0xa0010150
[  328.769317] PUF Read:0x00000000 at 0xa0010154
[  328.769409] PUF Read:0x00000000 at 0xa0010158
[  328.769409] PUF Read:0x00000000 at 0xa001015c
[  328.769470] PUF Read:0x00000000 at 0xa0010160
[  328.769500] PUF Read:0x00000000 at 0xa0010164
[  328.769500] PUF Read:0x00000000 at 0xa0010168
[  328.769500] PUF Read:0x00000000 at 0xa001016c
[  328.769561] PUF Read:0x00000000 at 0xa0010170
[  328.769561] PUF Read:0x00000000 at 0xa0010174
[  328.769622] PUF Read:0x00000000 at 0xa0010178
[  328.769653] PUF Read:0x00000000 at 0xa001017c
[  328.769653] PUF Read:0x00000000 at 0xa0010180
[  328.769653] PUF Read:0x00000000 at 0xa0010184
[  328.769653] PUF Read:0x00000000 at 0xa0010188
[  328.769744] PUF Read:0x00000000 at 0xa001018c
[  328.769775] PUF Read:0x00000000 at 0xa0010190
[  328.769775] PUF Read:0x00000000 at 0xa0010194
[  328.769775] PUF Read:0x00000000 at 0xa0010198
[  328.769836] PUF Read:0x00000000 at 0xa001019c
[  328.769836] PUF Read:0x00000000 at 0xa00101a0
[  328.769897] PUF Read:0x00000000 at 0xa00101a4
[  328.769927] PUF Read:0x00000000 at 0xa00101a8
[  328.769927] PUF Read:0x00000000 at 0xa00101ac
[  328.769927] PUF Read:0x00000000 at 0xa00101b0
[  328.769989] PUF Read:0x00000000 at 0xa00101b4
[  328.769989] PUF Read:0x00000000 at 0xa00101b8
[  328.770050] PUF Read:0x00000000 at 0xa00101bc
[  328.770050] PUF Read:0x00000000 at 0xa00101c0
[  328.770050] PUF Read:0x00000000 at 0xa00101c4
[  328.770050] PUF Read:0x00000000 at 0xa00101c8
[  328.770050] PUF Read:0x00000000 at 0xa00101cc
[  328.770050] PUF Read:0x00000000 at 0xa00101d0
[  328.770202] PUF Read:0x00000000 at 0xa00101d4
[  328.770202] PUF Read:0x00000000 at 0xa00101d8
[  328.770263] PUF Read:0x00000000 at 0xa00101dc
[  328.770263] PUF Read:0x00000001 at 0xa00101e0
[  328.770263] PUF Read:0x00000000 at 0xa00101e4
[  328.770324] PUF Read:0x00000000 at 0xa00101e8
[  328.770355] PUF Read:0x00000000 at 0xa00101ec
[  328.770355] PUF Read:0x00000000 at 0xa00101f0
[  328.770355] PUF Read:0x00000000 at 0xa00101f4
[  328.770416] PUF Read:0x00000000 at 0xa00101f8
[  328.770416] PUF Read:0x00000000 at 0xa00101fc
[  328.770477] PUF Read:0x00000000 at 0xa0010200
[  328.770507] PUF Read:0x00000000 at 0xa0010204
[  328.770507] PUF Read:0x00000000 at 0xa0010208
[  328.770507] PUF Read:0x00000000 at 0xa001020c
[  328.770568] PUF Read:0x00000000 at 0xa0010210
[  328.770568] PUF Read:0x00000000 at 0xa0010214
[  328.770629] PUF Read:0x00000000 at 0xa0010218
[  328.770660] PUF Read:0x00000000 at 0xa001021c
[  328.770660] PUF Read:0x00000000 at 0xa0010220
[  328.770660] PUF Read:0x00000000 at 0xa0010224
[  328.770660] PUF Read:0x00000000 at 0xa0010228
[  328.770660] PUF Read:0x00000000 at 0xa001022c
[  328.770782] PUF Read:0x00000000 at 0xa0010230
[  328.770782] PUF Read:0x00000000 at 0xa0010234
[  328.770843] PUF Read:0x00000000 at 0xa0010238
[  328.770843] PUF Read:0x00000000 at 0xa001023c
[  328.770874] PUF Read:0x00000000 at 0xa0010240
[  328.770874] PUF Read:0x00000000 at 0xa0010244
[  328.770935] PUF Read:0x00000000 at 0xa0010248
[  328.770965] PUF Read:0x00000000 at 0xa001024c
[  328.770965] PUF Read:0x00000000 at 0xa0010250
[  328.770965] PUF Read:0x00000000 at 0xa0010254
[  328.771026] PUF Read:0x00000000 at 0xa0010258
[  328.771026] PUF Read:0x00000000 at 0xa001025c
[  328.771087] PUF Read:0x00000000 at 0xa0010260
[  328.771118] PUF Read:0x00000040 at 0xa0010264
[  328.771118] PUF Read:0x00000000 at 0xa0010268
[  328.771118] PUF Read:0x00000000 at 0xa001026c
[  328.771179] PUF Read:0x00000000 at 0xa0010270
[  328.771179] PUF Read:0x00000000 at 0xa0010274
[  328.771240] PUF Read:0x00000000 at 0xa0010278
[  328.771270] PUF Read:0x00000000 at 0xa001027c
[  328.771270] PUF Read:0x00000000 at 0xa0010280
[  328.771270] PUF Read:0x00000000 at 0xa0010284
[  328.771331] PUF Read:0x00000000 at 0xa0010288
[  328.771331] PUF Read:0x00000000 at 0xa001028c
[  328.771392] PUF Read:0x00000000 at 0xa0010290
[  328.771392] PUF Read:0x00000000 at 0xa0010294
[  328.771392] PUF Read:0x00000000 at 0xa0010298
[  328.771392] PUF Read:0x00000000 at 0xa001029c
[  328.771392] PUF Read:0x00000000 at 0xa00102a0
[  328.771514] PUF Read:0x00000000 at 0xa00102a4
[  328.771545] PUF Read:0x00000000 at 0xa00102a8
[  328.771545] PUF Read:0x00000000 at 0xa00102ac
[  328.771545] PUF Read:0x01000000 at 0xa00102b0
[  328.771606] PUF Read:0x00000000 at 0xa00102b4
[  328.771606] PUF Read:0x00000000 at 0xa00102b8
[  328.771667] PUF Read:0x00000000 at 0xa00102bc
[  328.771697] PUF Read:0x00000000 at 0xa00102c0
[  328.771697] PUF Read:0x00000000 at 0xa00102c4
[  328.771697] PUF Read:0x00000000 at 0xa00102c8
[  328.771759] PUF Read:0x00000000 at 0xa00102cc
[  328.771759] PUF Read:0x00000000 at 0xa00102d0
[  328.771820] PUF Read:0x00000000 at 0xa00102d4
[  328.771820] PUF Read:0x00000000 at 0xa00102d8
[  328.771820] PUF Read:0x00000000 at 0xa00102dc
[  328.771820] PUF Read:0x00000000 at 0xa00102e0
[  328.771820] PUF Read:0x00000000 at 0xa00102e4
[  328.771820] PUF Read:0x00000000 at 0xa00102e8
[  328.771972] PUF Read:0x00000000 at 0xa00102ec
[  328.771972] PUF Read:0x00000000 at 0xa00102f0
[  328.772033] PUF Read:0x00000000 at 0xa00102f4
[  328.772033] PUF Read:0x00000000 at 0xa00102f8
[  328.772033] PUF Read:0x00004000 at 0xa00102fc
[  328.772094] PUF Read:0x00000000 at 0xa0010300
[  328.772125] PUF Read:0x00000000 at 0xa0010304
[  328.772125] PUF Read:0x00000000 at 0xa0010308
[  328.772125] PUF Read:0x00000000 at 0xa001030c
[  328.772186] PUF Read:0x01000004 at 0xa0010310
[  328.772186] PUF Read:0x00000000 at 0xa0010314
[  328.772247] PUF Read:0x00000000 at 0xa0010318
[  328.772277] PUF Read:0x00000000 at 0xa001031c
[  328.772277] PUF Read:0x00000000 at 0xa0010320
[  328.772277] PUF Read:0x00000000 at 0xa0010324
[  328.772338] PUF Read:0x10000000 at 0xa0010328
[  328.772338] PUF Read:0x00000000 at 0xa001032c
[  328.772338] PUF Read:0x00000000 at 0xa0010330
[  328.772430] PUF Read:0x00000000 at 0xa0010334
[  328.772430] PUF Read:0x00000000 at 0xa0010338
[  328.772430] PUF Read:0x00000000 at 0xa001033c
[  328.772430] PUF Read:0x00000000 at 0xa0010340
[  328.772430] PUF Read:0x00000000 at 0xa0010344
[  328.772552] PUF Read:0x00000000 at 0xa0010348
[  328.772583] PUF Read:0x00000000 at 0xa001034c
[  328.772583] PUF Read:0x00000000 at 0xa0010350
[  328.772583] PUF Read:0x00000000 at 0xa0010354
[  328.772644] PUF Read:0x00000000 at 0xa0010358
[  328.772644] PUF Read:0x10000000 at 0xa001035c
[  328.772705] PUF Read:0x00000000 at 0xa0010360
[  328.772735] PUF Read:0x00000000 at 0xa0010364
[  328.772735] PUF Read:0x00000000 at 0xa0010368
[  328.772735] PUF Read:0x00000000 at 0xa001036c
[  328.772796] PUF Read:0x00000000 at 0xa0010370
[  328.772796] PUF Read:0x00000000 at 0xa0010374
[  328.772857] PUF Read:0x00000000 at 0xa0010378
[  328.772857] PUF Read:0x00000000 at 0xa001037c
[  328.772857] PUF Read:0x00000000 at 0xa0010380
[  328.772857] PUF Read:0x00000000 at 0xa0010384
[  328.772857] PUF Read:0x00000000 at 0xa0010388
[  328.772979] PUF Read:0x00000000 at 0xa001038c
[  328.773010] PUF Read:0x00000000 at 0xa0010390
[  328.773010] PUF Read:0x00000000 at 0xa0010394
[  328.773010] PUF Read:0x00000000 at 0xa0010398
[  328.773071] PUF Read:0x00000000 at 0xa001039c
[  328.773071] PUF Read:0x00000000 at 0xa00103a0
[  328.773132] PUF Read:0x00000000 at 0xa00103a4
[  328.773162] PUF Read:0x00000000 at 0xa00103a8
[  328.773162] PUF Read:0x00000000 at 0xa00103ac
[  328.773162] PUF Read:0x00000000 at 0xa00103b0
[  328.773223] PUF Read:0x00000000 at 0xa00103b4
[  328.773223] PUF Read:0x00000000 at 0xa00103b8
[  328.773284] PUF Read:0x00000000 at 0xa00103bc
[  328.773315] PUF Read:0x00000000 at 0xa00103c0
[  328.773315] PUF Read:0x00000000 at 0xa00103c4
[  328.773315] PUF Read:0x00000000 at 0xa00103c8
[  328.773376] PUF Read:0x00000000 at 0xa00103cc
[  328.773376] PUF Read:0x00000000 at 0xa00103d0
[  328.773437] PUF Read:0x00000000 at 0xa00103d4
[  328.773437] PUF Read:0x00000000 at 0xa00103d8
[  328.773437] PUF Read:0x00000000 at 0xa00103dc
[  328.773437] PUF Read:0x00000000 at 0xa00103e0
[  328.773437] PUF Read:0x00000000 at 0xa00103e4
[  328.773437] PUF Read:0x00000000 at 0xa00103e8
[  328.773590] PUF Read:0x00000000 at 0xa00103ec
[  328.773590] PUF Read:0x00000000 at 0xa00103f0
[  328.773590] PUF Read:0x00000000 at 0xa00103f4
[  328.773590] PUF Read:0x00000000 at 0xa00103f8
[  328.773590] PUF Read:0x00000000 at 0xa00103fc
[  328.773712] PUF Read:0x00000000 at 0xa0020000
[  328.773742] PUF Read:0x00000000 at 0xa0020004
[  328.773742] PUF Read:0x00000000 at 0xa0020008
[  328.773742] PUF Read:0x00000000 at 0xa002000c
[  328.773803] PUF Read:0x00000000 at 0xa0020010
[  328.773803] PUF Read:0x00000000 at 0xa0020014
[  328.773864] PUF Read:0x00000000 at 0xa0020018
[  328.773895] PUF Read:0x00000000 at 0xa002001c
[  328.773925] PUF Read:0x00000000 at 0xa0020020
[  328.773925] PUF Read:0x00000000 at 0xa0020024
[  328.773925] PUF Read:0x00000000 at 0xa0020028
[  328.773986] PUF Read:0x00000000 at 0xa002002c
[  328.773986] PUF Read:0x00100000 at 0xa0020030
[  328.774047] PUF Read:0x00000000 at 0xa0020034
[  328.774047] PUF Read:0x00000000 at 0xa0020038
[  328.774047] PUF Read:0x00000000 at 0xa002003c
[  328.774047] PUF Read:0x00000000 at 0xa0020040
[  328.774047] PUF Read:0x00000000 at 0xa0020044
[  328.774047] PUF Read:0x00000000 at 0xa0020048
[  328.774200] PUF Read:0x00000000 at 0xa002004c
[  328.774200] PUF Read:0x00000001 at 0xa0020050
[  328.774200] PUF Read:0x00000000 at 0xa0020054
[  328.774200] PUF Read:0x00000000 at 0xa0020058
[  328.774200] PUF Read:0x00000000 at 0xa002005c
[  328.774200] PUF Read:0x00000000 at 0xa0020060
[  328.774353] PUF Read:0x00000000 at 0xa0020064
[  328.774353] PUF Read:0x00000000 at 0xa0020068
[  328.774353] PUF Read:0x00000000 at 0xa002006c
[  328.774414] PUF Read:0x00000000 at 0xa0020070
[  328.774414] PUF Read:0x00000000 at 0xa0020074
[  328.774475] PUF Read:0x00000000 at 0xa0020078
[  328.774505] PUF Read:0x00000000 at 0xa002007c
[  328.774505] PUF Read:0x00000000 at 0xa0020080
[  328.774505] PUF Read:0x00000000 at 0xa0020084
[  328.774566] PUF Read:0x00000000 at 0xa0020088
[  328.774566] PUF Read:0x00000000 at 0xa002008c
[  328.774627] PUF Read:0x00000000 at 0xa0020090
[  328.774658] PUF Read:0x00000000 at 0xa0020094
[  328.774658] PUF Read:0x00000000 at 0xa0020098
[  328.774658] PUF Read:0x00000000 at 0xa002009c
[  328.774658] PUF Read:0x00000000 at 0xa00200a0
[  328.774658] PUF Read:0x00000000 at 0xa00200a4
[  328.774780] PUF Read:0x00000000 at 0xa00200a8
[  328.774780] PUF Read:0x00000000 at 0xa00200ac
[  328.774780] PUF Read:0x00000000 at 0xa00200b0
[  328.774780] PUF Read:0x00000000 at 0xa00200b4
[  328.774780] PUF Read:0x00000000 at 0xa00200b8
[  328.774902] PUF Read:0x00000000 at 0xa00200bc
[  328.774932] PUF Read:0x00000000 at 0xa00200c0
[  328.774932] PUF Read:0x00000000 at 0xa00200c4
[  328.774932] PUF Read:0x00000000 at 0xa00200c8
[  328.774993] PUF Read:0x00000000 at 0xa00200cc
[  328.774993] PUF Read:0x00000000 at 0xa00200d0
[  328.775054] PUF Read:0x00000000 at 0xa00200d4
[  328.775085] PUF Read:0x00000000 at 0xa00200d8
[  328.775085] PUF Read:0x00000000 at 0xa00200dc
[  328.775085] PUF Read:0x00000000 at 0xa00200e0
[  328.775146] PUF Read:0x00000000 at 0xa00200e4
[  328.775146] PUF Read:0x00000000 at 0xa00200e8
[  328.775207] PUF Read:0x00000000 at 0xa00200ec
[  328.775238] PUF Read:0x00000000 at 0xa00200f0
[  328.775238] PUF Read:0x00000000 at 0xa00200f4
[  328.775238] PUF Read:0x00000000 at 0xa00200f8
[  328.775299] PUF Read:0x00000000 at 0xa00200fc
[  328.775299] PUF Read:0x04000001 at 0xa0020100
[  328.775360] PUF Read:0x00000000 at 0xa0020104
[  328.775360] PUF Read:0x00000000 at 0xa0020108
[  328.775360] PUF Read:0x00000000 at 0xa002010c
[  328.775451] PUF Read:0x00000000 at 0xa0020110
[  328.775451] PUF Read:0x00010000 at 0xa0020114
[  328.775451] PUF Read:0x00000000 at 0xa0020118
[  328.775512] PUF Read:0x00000000 at 0xa002011c
[  328.775543] PUF Read:0x00000100 at 0xa0020120
[  328.775543] PUF Read:0x00000000 at 0xa0020124
[  328.775604] PUF Read:0x00000000 at 0xa0020128
[  328.775604] PUF Read:0x00000004 at 0xa002012c
[  328.775604] PUF Read:0x00000000 at 0xa0020130
[  328.775665] PUF Read:0x00100000 at 0xa0020134
[  328.775695] PUF Read:0x00000000 at 0xa0020138
[  328.775695] PUF Read:0x00000000 at 0xa002013c
[  328.775695] PUF Read:0x00000000 at 0xa0020140
[  328.775756] PUF Read:0x00000000 at 0xa0020144
[  328.775756] PUF Read:0x00000000 at 0xa0020148
[  328.775817] PUF Read:0x00000000 at 0xa002014c
[  328.775848] PUF Read:0x00000000 at 0xa0020150
[  328.775848] PUF Read:0x00000000 at 0xa0020154
[  328.775848] PUF Read:0x00000000 at 0xa0020158
[  328.775909] PUF Read:0x00000000 at 0xa002015c
[  328.775909] PUF Read:0x00000000 at 0xa0020160
[  328.777099] PUF Read:0x00000000 at 0xa0020164
[  328.777099] PUF Read:0x00000000 at 0xa0020168
[  328.777099] PUF Read:0x00000000 at 0xa002016c
[  328.777099] PUF Read:0x00000000 at 0xa0020170
[  328.777099] PUF Read:0x00000000 at 0xa0020174
[  328.777221] PUF Read:0x00000000 at 0xa0020178
[  328.777252] PUF Read:0x00000000 at 0xa002017c
[  328.777252] PUF Read:0x00000000 at 0xa0020180
[  328.777252] PUF Read:0x00000000 at 0xa0020184
[  328.777313] PUF Read:0x00000000 at 0xa0020188
[  328.777313] PUF Read:0x00000000 at 0xa002018c
[  328.777374] PUF Read:0x00000000 at 0xa0020190
[  328.777404] PUF Read:0x00000000 at 0xa0020194
[  328.777404] PUF Read:0x00000000 at 0xa0020198
[  328.777404] PUF Read:0x00000000 at 0xa002019c
[  328.777465] PUF Read:0x00000000 at 0xa00201a0
[  328.777465] PUF Read:0x00000000 at 0xa00201a4
[  328.777526] PUF Read:0x00000000 at 0xa00201a8
[  328.777557] PUF Read:0x00000000 at 0xa00201ac
[  328.777557] PUF Read:0x00000000 at 0xa00201b0
[  328.777557] PUF Read:0x00000000 at 0xa00201b4
[  328.777557] PUF Read:0x00000000 at 0xa00201b8
[  328.777557] PUF Read:0x00000000 at 0xa00201bc
[  328.777679] PUF Read:0x01000000 at 0xa00201c0
[  328.777679] PUF Read:0x00000000 at 0xa00201c4
[  328.777679] PUF Read:0x00040000 at 0xa00201c8
[  328.777679] PUF Read:0x00000000 at 0xa00201cc
[  328.777679] PUF Read:0x00000000 at 0xa00201d0
[  328.777801] PUF Read:0x00000000 at 0xa00201d4
[  328.777832] PUF Read:0x00000000 at 0xa00201d8
[  328.777832] PUF Read:0x00000000 at 0xa00201dc
[  328.777832] PUF Read:0x00000000 at 0xa00201e0
[  328.777893] PUF Read:0x00000000 at 0xa00201e4
[  328.777893] PUF Read:0x00000000 at 0xa00201e8
[  328.777954] PUF Read:0x00000000 at 0xa00201ec
[  328.777984] PUF Read:0x00000000 at 0xa00201f0
[  328.777984] PUF Read:0x00000000 at 0xa00201f4
[  328.777984] PUF Read:0x00000000 at 0xa00201f8
[  328.778045] PUF Read:0x00000000 at 0xa00201fc
[  328.778045] PUF Read:0x00000000 at 0xa0020200
[  328.778106] PUF Read:0x00000000 at 0xa0020204
[  328.778106] PUF Read:0x00000000 at 0xa0020208
[  328.778106] PUF Read:0x00000000 at 0xa002020c
[  328.778106] PUF Read:0x00000000 at 0xa0020210
[  328.778106] PUF Read:0x00000000 at 0xa0020214
[  328.778228] PUF Read:0x00000000 at 0xa0020218
[  328.778259] PUF Read:0x00000000 at 0xa002021c
[  328.778259] PUF Read:0x00000000 at 0xa0020220
[  328.778259] PUF Read:0x00000000 at 0xa0020224
[  328.778320] PUF Read:0x00000000 at 0xa0020228
[  328.778320] PUF Read:0x00000000 at 0xa002022c
[  328.778381] PUF Read:0x00000000 at 0xa0020230
[  328.778411] PUF Read:0x00000000 at 0xa0020234
[  328.778411] PUF Read:0x00000000 at 0xa0020238
[  328.778411] PUF Read:0x00000000 at 0xa002023c
[  328.778472] PUF Read:0x00000000 at 0xa0020240
[  328.778472] PUF Read:0x00000000 at 0xa0020244
[  328.778533] PUF Read:0x00000000 at 0xa0020248
[  328.778564] PUF Read:0x00000000 at 0xa002024c
[  328.778564] PUF Read:0x00000010 at 0xa0020250
[  328.778564] PUF Read:0x00000000 at 0xa0020254
[  328.778625] PUF Read:0x00000000 at 0xa0020258
[  328.778625] PUF Read:0x00000000 at 0xa002025c
[  328.778686] PUF Read:0x00000000 at 0xa0020260
[  328.778686] PUF Read:0x00000000 at 0xa0020264
[  328.778686] PUF Read:0x00000000 at 0xa0020268
[  328.778686] PUF Read:0x00000000 at 0xa002026c
[  328.778778] PUF Read:0x00000000 at 0xa0020270
[  328.778778] PUF Read:0x00000000 at 0xa0020274
[  328.778839] PUF Read:0x00000000 at 0xa0020278
[  328.778869] PUF Read:0x00001000 at 0xa002027c
[  328.778869] PUF Read:0x00000000 at 0xa0020280
[  328.778869] PUF Read:0x00000000 at 0xa0020284
[  328.778869] PUF Read:0x00000000 at 0xa0020288
[  328.778869] PUF Read:0x00000000 at 0xa002028c
[  328.778991] PUF Read:0x00000000 at 0xa0020290
[  328.778991] PUF Read:0x00000000 at 0xa0020294
[  328.778991] PUF Read:0x00000000 at 0xa0020298
[  328.778991] PUF Read:0x00000000 at 0xa002029c
[  328.778991] PUF Read:0x00000000 at 0xa00202a0
[  328.778991] PUF Read:0x00000000 at 0xa00202a4
[  328.779144] PUF Read:0x00000000 at 0xa00202a8
[  328.779144] PUF Read:0x00000000 at 0xa00202ac
[  328.779144] PUF Read:0x04000000 at 0xa00202b0
[  328.779144] PUF Read:0x00000000 at 0xa00202b4
[  328.779144] PUF Read:0x00000000 at 0xa00202b8
[  328.779144] PUF Read:0x00000000 at 0xa00202bc
[  328.779296] PUF Read:0x00000000 at 0xa00202c0
[  328.779296] PUF Read:0x00000000 at 0xa00202c4
[  328.779357] PUF Read:0x00000000 at 0xa00202c8
[  328.779357] PUF Read:0x00000000 at 0xa00202cc
[  328.779357] PUF Read:0x00000000 at 0xa00202d0
[  328.779418] PUF Read:0x00000000 at 0xa00202d4
[  328.779449] PUF Read:0x00000000 at 0xa00202d8
[  328.779449] PUF Read:0x00000000 at 0xa00202dc
[  328.779449] PUF Read:0x00000000 at 0xa00202e0
[  328.779510] PUF Read:0x00000000 at 0xa00202e4
[  328.779510] PUF Read:0x00000000 at 0xa00202e8
[  328.779571] PUF Read:0x00001000 at 0xa00202ec
[  328.779602] PUF Read:0x00000000 at 0xa00202f0
[  328.779602] PUF Read:0x00000000 at 0xa00202f4
[  328.779602] PUF Read:0x00000000 at 0xa00202f8
[  328.779663] PUF Read:0x00000000 at 0xa00202fc
[  328.779663] PUF Read:0x00000000 at 0xa0020300
[  328.779724] PUF Read:0x00000000 at 0xa0020304
[  328.779754] PUF Read:0x00000000 at 0xa0020308
[  328.779754] PUF Read:0x00000000 at 0xa002030c
[  328.779754] PUF Read:0x00000000 at 0xa0020310
[  328.779815] PUF Read:0x00000004 at 0xa0020314
[  328.779815] PUF Read:0x00000000 at 0xa0020318
[  328.779876] PUF Read:0x00000000 at 0xa002031c
[  328.779907] PUF Read:0x00000000 at 0xa0020320
[  328.779907] PUF Read:0x00000000 at 0xa0020324
[  328.779907] PUF Read:0x00000000 at 0xa0020328
[  328.779907] PUF Read:0x00000000 at 0xa002032c
[  328.779907] PUF Read:0x00000000 at 0xa0020330
[  328.780029] PUF Read:0x00000000 at 0xa0020334
[  328.780029] PUF Read:0x00000000 at 0xa0020338
[  328.780029] PUF Read:0x00000000 at 0xa002033c
[  328.780090] PUF Read:0x00000000 at 0xa0020340
[  328.780090] PUF Read:0x00000000 at 0xa0020344
[  328.780151] PUF Read:0x00000000 at 0xa0020348
[  328.780181] PUF Read:0x00000000 at 0xa002034c
[  328.780181] PUF Read:0x00000000 at 0xa0020350
[  328.780242] PUF Read:0x00000000 at 0xa0020354
[  328.780242] PUF Read:0x00000000 at 0xa0020358
[  328.780242] PUF Read:0x00000000 at 0xa002035c
[  328.780303] PUF Read:0x00000000 at 0xa0020360
[  328.780334] PUF Read:0x00000000 at 0xa0020364
[  328.780334] PUF Read:0x00000000 at 0xa0020368
[  328.780334] PUF Read:0x00000000 at 0xa002036c
[  328.780395] PUF Read:0x00000000 at 0xa0020370
[  328.780395] PUF Read:0x00000000 at 0xa0020374
[  328.780456] PUF Read:0x00000000 at 0xa0020378
[  328.780487] PUF Read:0x00000000 at 0xa002037c
[  328.780487] PUF Read:0x00000000 at 0xa0020380
[  328.780487] PUF Read:0x00000000 at 0xa0020384
[  328.780548] PUF Read:0x00000000 at 0xa0020388
[  328.780548] PUF Read:0x00000000 at 0xa002038c
[  328.780609] PUF Read:0x00000000 at 0xa0020390
[  328.780609] PUF Read:0x00000000 at 0xa0020394
[  328.780609] PUF Read:0x00000000 at 0xa0020398
[  328.780609] PUF Read:0x00000000 at 0xa002039c
[  328.780609] PUF Read:0x00000000 at 0xa00203a0
[  328.780731] PUF Read:0x00000001 at 0xa00203a4
[  328.780761] PUF Read:0x00000000 at 0xa00203a8
[  328.780761] PUF Read:0x00000000 at 0xa00203ac
[  328.780761] PUF Read:0x00000000 at 0xa00203b0
[  328.780822] PUF Read:0x00000000 at 0xa00203b4
[  328.780822] PUF Read:0x00000000 at 0xa00203b8
[  328.780883] PUF Read:0x00000000 at 0xa00203bc
[  328.780914] PUF Read:0x00000000 at 0xa00203c0
[  328.780914] PUF Read:0x00000000 at 0xa00203c4
[  328.780914] PUF Read:0x00000000 at 0xa00203c8
[  328.780975] PUF Read:0x00000000 at 0xa00203cc
[  328.780975] PUF Read:0x00000000 at 0xa00203d0
[  328.781036] PUF Read:0x00000000 at 0xa00203d4
[  328.781066] PUF Read:0x00000000 at 0xa00203d8
[  328.781066] PUF Read:0x00000000 at 0xa00203dc
[  328.781066] PUF Read:0x00000000 at 0xa00203e0
[  328.781127] PUF Read:0x00000000 at 0xa00203e4
[  328.781127] PUF Read:0x00000000 at 0xa00203e8
[  328.781188] PUF Read:0x00000000 at 0xa00203ec
[  328.781219] PUF Read:0x00000000 at 0xa00203f0
[  328.781219] PUF Read:0x00000000 at 0xa00203f4
[  328.781219] PUF Read:0x00000004 at 0xa00203f8
[  328.781219] PUF Read:0x00000000 at 0xa00203fc
[  328.781219] PUF Read:0x00000000 at 0xa0028000
[  328.781341] PUF Read:0x00000000 at 0xa0028004
[  328.781341] PUF Read:0x00000000 at 0xa0028008
[  328.781341] PUF Read:0x00000000 at 0xa002800c
[  328.781341] PUF Read:0x00000000 at 0xa0028010
[  328.781341] PUF Read:0x00000000 at 0xa0028014
[  328.781463] PUF Read:0x00000000 at 0xa0028018
[  328.781494] PUF Read:0x01000000 at 0xa002801c
[  328.781494] PUF Read:0x00000000 at 0xa0028020
[  328.781494] PUF Read:0x00000000 at 0xa0028024
[  328.781555] PUF Read:0x00000000 at 0xa0028028
[  328.781555] PUF Read:0x00000000 at 0xa002802c
[  328.781616] PUF Read:0x00000000 at 0xa0028030
[  328.781646] PUF Read:0x00000000 at 0xa0028034
[  328.781646] PUF Read:0x00000000 at 0xa0028038
[  328.781646] PUF Read:0x00000000 at 0xa002803c
[  328.781707] PUF Read:0x00000000 at 0xa0028040
[  328.781707] PUF Read:0x00000000 at 0xa0028044
[  328.781768] PUF Read:0x00000000 at 0xa0028048
[  328.781799] PUF Read:0x00000000 at 0xa002804c
[  328.781799] PUF Read:0x00000000 at 0xa0028050
[  328.781799] PUF Read:0x00000000 at 0xa0028054
[  328.781860] PUF Read:0x00000000 at 0xa0028058
[  328.781860] PUF Read:0x00000000 at 0xa002805c
[  328.781921] PUF Read:0x00000000 at 0xa0028060
[  328.781951] PUF Read:0x00000000 at 0xa0028064
[  328.781951] PUF Read:0x00000000 at 0xa0028068
[  328.781951] PUF Read:0x00000000 at 0xa002806c
[  328.782012] PUF Read:0x00000000 at 0xa0028070
[  328.782012] PUF Read:0x00000000 at 0xa0028074
[  328.782073] PUF Read:0x00000000 at 0xa0028078
[  328.782104] PUF Read:0x00000000 at 0xa002807c
[  328.782104] PUF Read:0x00000000 at 0xa0028080
[  328.782104] PUF Read:0x00000000 at 0xa0028084
[  328.782104] PUF Read:0x00000000 at 0xa0028088
[  328.782104] PUF Read:0x00000000 at 0xa002808c
[  328.782226] PUF Read:0x00000000 at 0xa0028090
[  328.782226] PUF Read:0x00000000 at 0xa0028094
[  328.782226] PUF Read:0x00000000 at 0xa0028098
[  328.782226] PUF Read:0x00000000 at 0xa002809c
[  328.782226] PUF Read:0x04000000 at 0xa00280a0
[  328.782226] PUF Read:0x00000000 at 0xa00280a4
[  328.782379] PUF Read:0x00000000 at 0xa00280a8
[  328.782379] PUF Read:0x00000000 at 0xa00280ac
[  328.782379] PUF Read:0x00000000 at 0xa00280b0
[  328.782379] PUF Read:0x00000000 at 0xa00280b4
[  328.782379] PUF Read:0x00000000 at 0xa00280b8
[  328.782501] PUF Read:0x00000000 at 0xa00280bc
[  328.782531] PUF Read:0x00000000 at 0xa00280c0
[  328.782531] PUF Read:0x00000000 at 0xa00280c4
[  328.782531] PUF Read:0x00000000 at 0xa00280c8
[  328.782592] PUF Read:0x00000000 at 0xa00280cc
[  328.782592] PUF Read:0x00000000 at 0xa00280d0
[  328.782653] PUF Read:0x00000000 at 0xa00280d4
[  328.782684] PUF Read:0x00000000 at 0xa00280d8
[  328.782684] PUF Read:0x00000000 at 0xa00280dc
[  328.782684] PUF Read:0x00000000 at 0xa00280e0
[  328.782745] PUF Read:0x00000000 at 0xa00280e4
[  328.782745] PUF Read:0x01000000 at 0xa00280e8
[  328.782745] PUF Read:0x00000000 at 0xa00280ec
[  328.782836] PUF Read:0x00000000 at 0xa00280f0
[  328.782836] PUF Read:0x00000000 at 0xa00280f4
[  328.782836] PUF Read:0x00000000 at 0xa00280f8
[  328.782836] PUF Read:0x00000000 at 0xa00280fc
[  328.782958] PUF Read:0x00000000 at 0xa0028100
[  328.782958] PUF Read:0x00000000 at 0xa0028104
[  328.783020] PUF Read:0x00000000 at 0xa0028108
[  328.783050] PUF Read:0x00000000 at 0xa002810c
[  328.783050] PUF Read:0x00000000 at 0xa0028110
[  328.783111] PUF Read:0x00000000 at 0xa0028114
[  328.783111] PUF Read:0x00000000 at 0xa0028118
[  328.783111] PUF Read:0x00000000 at 0xa002811c
[  328.783172] PUF Read:0x00000000 at 0xa0028120
[  328.783203] PUF Read:0x00000000 at 0xa0028124
[  328.783203] PUF Read:0x00000000 at 0xa0028128
[  328.783203] PUF Read:0x00000000 at 0xa002812c
[  328.783264] PUF Read:0x00000000 at 0xa0028130
[  328.783264] PUF Read:0x00000000 at 0xa0028134
[  328.783264] PUF Read:0x00000000 at 0xa0028138
[  328.783355] PUF Read:0x00000000 at 0xa002813c
[  328.783386] PUF Read:0x00000000 at 0xa0028140
[  328.783386] PUF Read:0x00000000 at 0xa0028144
[  328.783447] PUF Read:0x00000000 at 0xa0028148
[  328.783447] PUF Read:0x00000000 at 0xa002814c
[  328.783447] PUF Read:0x00000000 at 0xa0028150
[  328.783508] PUF Read:0x00000000 at 0xa0028154
[  328.783538] PUF Read:0x00000000 at 0xa0028158
[  328.783538] PUF Read:0x00000000 at 0xa002815c
[  328.783538] PUF Read:0x00000000 at 0xa0028160
[  328.783538] PUF Read:0x00000000 at 0xa0028164
[  328.783538] PUF Read:0x00000000 at 0xa0028168
[  328.783538] PUF Read:0x00000000 at 0xa002816c
[  328.783691] PUF Read:0x00000000 at 0xa0028170
[  328.783691] PUF Read:0x00000000 at 0xa0028174
[  328.783752] PUF Read:0x00000000 at 0xa0028178
[  328.783813] PUF Read:0x00000000 at 0xa002817c
[  328.783843] PUF Read:0x00000000 at 0xa0028180
[  328.783843] PUF Read:0x00000000 at 0xa0028184
[  328.783905] PUF Read:0x00000004 at 0xa0028188
[  328.783935] PUF Read:0x00000000 at 0xa002818c
[  328.783935] PUF Read:0x00000000 at 0xa0028190
[  328.783935] PUF Read:0x00000000 at 0xa0028194
[  328.783996] PUF Read:0x00000000 at 0xa0028198
[  328.783996] PUF Read:0x00000000 at 0xa002819c
[  328.784057] PUF Read:0x00000000 at 0xa00281a0
[  328.784088] PUF Read:0x00000000 at 0xa00281a4
[  328.784088] PUF Read:0x00000000 at 0xa00281a8
[  328.784088] PUF Read:0x00000000 at 0xa00281ac
[  328.784149] PUF Read:0x00000000 at 0xa00281b0
[  328.784149] PUF Read:0x00000000 at 0xa00281b4
[  328.784210] PUF Read:0x00000000 at 0xa00281b8
[  328.784210] PUF Read:0x00000000 at 0xa00281bc
[  328.784210] PUF Read:0x00000000 at 0xa00281c0
[  328.784210] PUF Read:0x00000000 at 0xa00281c4
[  328.784301] PUF Read:0x00000000 at 0xa00281c8
[  328.784301] PUF Read:0x00000000 at 0xa00281cc
[  328.784362] PUF Read:0x00000000 at 0xa00281d0
[  328.784393] PUF Read:0x00000000 at 0xa00281d4
[  328.784393] PUF Read:0x00000000 at 0xa00281d8
[  328.784393] PUF Read:0x00000000 at 0xa00281dc
[  328.784393] PUF Read:0x00000000 at 0xa00281e0
[  328.784393] PUF Read:0x00000000 at 0xa00281e4
[  328.784393] PUF Read:0x00000000 at 0xa00281e8
[  328.784545] PUF Read:0x00000000 at 0xa00281ec
[  328.784576] PUF Read:0x00000000 at 0xa00281f0
[  328.784576] PUF Read:0x00000000 at 0xa00281f4
[  328.784576] PUF Read:0x00000000 at 0xa00281f8
[  328.784576] PUF Read:0x00000000 at 0xa00281fc
[  328.784576] PUF Read:0x00000000 at 0xa0028200
[  328.784576] PUF Read:0x00004000 at 0xa0028204
[  328.784729] PUF Read:0x00000000 at 0xa0028208
[  328.784729] PUF Read:0x00001000 at 0xa002820c
[  328.784729] PUF Read:0x00000000 at 0xa0028210
[  328.784729] PUF Read:0x00000000 at 0xa0028214
[  328.784729] PUF Read:0x00000000 at 0xa0028218
[  328.784729] PUF Read:0x00000000 at 0xa002821c
[  328.784881] PUF Read:0x00000000 at 0xa0028220
[  328.784881] PUF Read:0x00000000 at 0xa0028224
[  328.784881] PUF Read:0x00000000 at 0xa0028228
[  328.784881] PUF Read:0x00000000 at 0xa002822c
[  328.784881] PUF Read:0x00000000 at 0xa0028230
[  328.785064] PUF Read:0x00000000 at 0xa0028234
[  328.785064] PUF Read:0x00000000 at 0xa0028238
[  328.785064] PUF Read:0x00000000 at 0xa002823c
[  328.785064] PUF Read:0x00000000 at 0xa0028240
[  328.785064] PUF Read:0x00000000 at 0xa0028244
[  328.785064] PUF Read:0x00000000 at 0xa0028248
[  328.785308] PUF Read:0x00000000 at 0xa002824c
[  328.785308] PUF Read:0x00000000 at 0xa0028250
[  328.785308] PUF Read:0x00000000 at 0xa0028254
[  328.785308] PUF Read:0x00040000 at 0xa0028258
[  328.785308] PUF Read:0x00000000 at 0xa002825c
[  328.785308] PUF Read:0x00000000 at 0xa0028260
[  328.785491] PUF Read:0x00000000 at 0xa0028264
[  328.785491] PUF Read:0x00000000 at 0xa0028268
[  328.785491] PUF Read:0x01000000 at 0xa002826c
[  328.785491] PUF Read:0x00000000 at 0xa0028270
[  328.785675] PUF Read:0x00000000 at 0xa0028274
[  328.785675] PUF Read:0x00000000 at 0xa0028278
[  328.785675] PUF Read:0x00000000 at 0xa002827c
[  328.785797] PUF Read:0x00000000 at 0xa0028280
[  328.785797] PUF Read:0x00000000 at 0xa0028284
[  328.785797] PUF Read:0x00000000 at 0xa0028288
[  328.785797] PUF Read:0x00000000 at 0xa002828c
[  328.785949] PUF Read:0x00000000 at 0xa0028290
[  328.785949] PUF Read:0x00000000 at 0xa0028294
[  328.785949] PUF Read:0x00000000 at 0xa0028298
[  328.785949] PUF Read:0x00000000 at 0xa002829c
[  328.786041] PUF Read:0x00000000 at 0xa00282a0
[  328.786071] PUF Read:0x00000000 at 0xa00282a4
[  328.786071] PUF Read:0x00400000 at 0xa00282a8
[  328.786132] PUF Read:0x00000000 at 0xa00282ac
[  328.786163] PUF Read:0x00000000 at 0xa00282b0
[  328.786163] PUF Read:0x00000000 at 0xa00282b4
[  328.786163] PUF Read:0x00000000 at 0xa00282b8
[  328.786163] PUF Read:0x00000000 at 0xa00282bc
[  328.786163] PUF Read:0x00000000 at 0xa00282c0
[  328.786163] PUF Read:0x00000000 at 0xa00282c4
[  328.786346] PUF Read:0x00000000 at 0xa00282c8
[  328.786346] PUF Read:0x00000000 at 0xa00282cc
[  328.786346] PUF Read:0x00000000 at 0xa00282d0
[  328.786499] PUF Read:0x00000000 at 0xa00282d4
[  328.786499] PUF Read:0x00000000 at 0xa00282d8
[  328.786499] PUF Read:0x00000000 at 0xa00282dc
[  328.786499] PUF Read:0x00000000 at 0xa00282e0
[  328.786621] PUF Read:0x00000000 at 0xa00282e4
[  328.786621] PUF Read:0x00000000 at 0xa00282e8
[  328.786621] PUF Read:0x00000000 at 0xa00282ec
[  328.786621] PUF Read:0x00000000 at 0xa00282f0
[  328.786621] PUF Read:0x00000000 at 0xa00282f4
[  328.786621] PUF Read:0x00000000 at 0xa00282f8
[  328.786621] PUF Read:0x00000000 at 0xa00282fc
[  328.786621] PUF Read:0x00004000 at 0xa0028300
[  328.786621] PUF Read:0x00000000 at 0xa0028304
[  328.786621] PUF Read:0x00000000 at 0xa0028308
[  328.786956] PUF Read:0x00000000 at 0xa002830c
[  328.786956] PUF Read:0x00000000 at 0xa0028310
[  328.786956] PUF Read:0x00000000 at 0xa0028314
[  328.786956] PUF Read:0x00000000 at 0xa0028318
[  328.786956] PUF Read:0x00000000 at 0xa002831c
[  328.786956] PUF Read:0x04000000 at 0xa0028320
[  328.786956] PUF Read:0x00000000 at 0xa0028324
[  328.787139] PUF Read:0x00000000 at 0xa0028328
[  328.787139] PUF Read:0x00000000 at 0xa002832c
[  328.787139] PUF Read:0x00000000 at 0xa0028330
[  328.787139] PUF Read:0x00000000 at 0xa0028334
[  328.787139] PUF Read:0x00000000 at 0xa0028338
[  328.787139] PUF Read:0x00000000 at 0xa002833c
[  328.787292] PUF Read:0x00000000 at 0xa0028340
[  328.787292] PUF Read:0x00000000 at 0xa0028344
[  328.787292] PUF Read:0x00000000 at 0xa0028348
[  328.787292] PUF Read:0x00000000 at 0xa002834c
[  328.787292] PUF Read:0x00000000 at 0xa0028350
[  328.787292] PUF Read:0x00000000 at 0xa0028354
[  328.787445] PUF Read:0x00000000 at 0xa0028358
[  328.787475] PUF Read:0x00000000 at 0xa002835c
[  328.787475] PUF Read:0x00000000 at 0xa0028360
[  328.787475] PUF Read:0x00000000 at 0xa0028364
[  328.787536] PUF Read:0x00000000 at 0xa0028368
[  328.787536] PUF Read:0x00000000 at 0xa002836c
[  328.787597] PUF Read:0x00000000 at 0xa0028370
[  328.787628] PUF Read:0x00000000 at 0xa0028374
[  328.787628] PUF Read:0x00000000 at 0xa0028378
[  328.787628] PUF Read:0x00000000 at 0xa002837c
[  328.787719] PUF Read:0x00000000 at 0xa0028380
[  328.787719] PUF Read:0x00000000 at 0xa0028384
[  328.787719] PUF Read:0x00000000 at 0xa0028388
[  328.787841] PUF Read:0x00000000 at 0xa002838c
[  328.787841] PUF Read:0x00000000 at 0xa0028390
[  328.787841] PUF Read:0x00000000 at 0xa0028394
[  328.787841] PUF Read:0x00000000 at 0xa0028398
[  328.787841] PUF Read:0x00000000 at 0xa002839c
[  328.787994] PUF Read:0x10000100 at 0xa00283a0
[  328.787994] PUF Read:0x00000000 at 0xa00283a4
[  328.787994] PUF Read:0x00000000 at 0xa00283a8
[  328.787994] PUF Read:0x00000000 at 0xa00283ac
[  328.787994] PUF Read:0x00000000 at 0xa00283b0
[  328.788177] PUF Read:0x00000000 at 0xa00283b4
[  328.788208] PUF Read:0x00000000 at 0xa00283b8
[  328.788208] PUF Read:0x00400000 at 0xa00283bc
[  328.788269] PUF Read:0x00000000 at 0xa00283c0
[  328.788269] PUF Read:0x00000000 at 0xa00283c4
[  328.788269] PUF Read:0x00100000 at 0xa00283c8
[  328.788360] PUF Read:0x00000000 at 0xa00283cc
[  328.788360] PUF Read:0x00000000 at 0xa00283d0
[  328.788360] PUF Read:0x00000000 at 0xa00283d4
[  328.788360] PUF Read:0x00000000 at 0xa00283d8
[  328.788360] PUF Read:0x00000000 at 0xa00283dc
[  328.788360] PUF Read:0x00000000 at 0xa00283e0
[  328.788543] PUF Read:0x00000000 at 0xa00283e4
[  328.788543] PUF Read:0x00000000 at 0xa00283e8
[  328.788543] PUF Read:0x00000000 at 0xa00283ec
[  328.788543] PUF Read:0x00000000 at 0xa00283f0
[  328.788635] PUF Read:0x00000000 at 0xa00283f4
[  328.788635] PUF Read:0x00000000 at 0xa00283f8
[  328.788635] PUF Read:0x00000001 at 0xa00283fc
[  328.788635] PUF Read:0x04000000 at 0xa0038000
[  328.788635] PUF Read:0x00000000 at 0xa0038004
[  328.788635] PUF Read:0x00000000 at 0xa0038008
[  328.788635] PUF Read:0x00000000 at 0xa003800c
[  328.788635] PUF Read:0x00000001 at 0xa0038010
[  328.788635] PUF Read:0x00000000 at 0xa0038014
[  328.788635] PUF Read:0x00000000 at 0xa0038018
[  328.788635] PUF Read:0x00000000 at 0xa003801c
[  328.788635] PUF Read:0x00000000 at 0xa0038020
[  328.789062] PUF Read:0x00000000 at 0xa0038024
[  328.789062] PUF Read:0x00000000 at 0xa0038028
[  328.789062] PUF Read:0x00000000 at 0xa003802c
[  328.789062] PUF Read:0x00000000 at 0xa0038030
[  328.789215] PUF Read:0x00000000 at 0xa0038034
[  328.789215] PUF Read:0x00000000 at 0xa0038038
[  328.789215] PUF Read:0x00000000 at 0xa003803c
[  328.789215] PUF Read:0x00000000 at 0xa0038040
[  328.789215] PUF Read:0x00000000 at 0xa0038044
[  328.789215] PUF Read:0x00000000 at 0xa0038048
[  328.789215] PUF Read:0x00000000 at 0xa003804c
[  328.789428] PUF Read:0x00000000 at 0xa0038050
[  328.789459] PUF Read:0x00000000 at 0xa0038054
[  328.789459] PUF Read:0x00000000 at 0xa0038058
[  328.789459] PUF Read:0x00000000 at 0xa003805c
[  328.789520] PUF Read:0x00000000 at 0xa0038060
[  328.789520] PUF Read:0x00000000 at 0xa0038064
[  328.789520] PUF Read:0x00000000 at 0xa0038068
[  328.789520] PUF Read:0x00000000 at 0xa003806c
[  328.789672] PUF Read:0x00000000 at 0xa0038070
[  328.789672] PUF Read:0x00000000 at 0xa0038074
[  328.789672] PUF Read:0x00000000 at 0xa0038078
[  328.789794] PUF Read:0x00000000 at 0xa003807c
[  328.789794] PUF Read:0x00000000 at 0xa0038080
[  328.789794] PUF Read:0x00000000 at 0xa0038084
[  328.789886] PUF Read:0x00000000 at 0xa0038088
[  328.789886] PUF Read:0x00000000 at 0xa003808c
[  328.789886] PUF Read:0x00000000 at 0xa0038090
[  328.789886] PUF Read:0x00000000 at 0xa0038094
[  328.789978] PUF Read:0x00000000 at 0xa0038098
[  328.790039] PUF Read:0x00000000 at 0xa003809c
[  328.790039] PUF Read:0x00000000 at 0xa00380a0
[  328.790100] PUF Read:0x00000000 at 0xa00380a4
[  328.790100] PUF Read:0x00000000 at 0xa00380a8
[  328.790100] PUF Read:0x00000000 at 0xa00380ac
[  328.790191] PUF Read:0x00000000 at 0xa00380b0
[  328.790191] PUF Read:0x00000000 at 0xa00380b4
