[   88.698699] in init
[   88.699188] in if
[   88.700592] Pandaboard PUF Kernel Module
[   88.700592] [i] Starting the Rowhammer PUF for PandaBoard
[   88.700622] Number of PUF rows: 1 PUF init Value :0 Rowhammer rows init Value:0
[   88.700622] [i] Start measurement: 0
[   88.700653] [i] Start decaytime: 60
[   88.700653] EMIF 2 REG Write 0x80000000 at 0x4d000010
[   88.700683] EMIF 2 REG Read 0x80000000 at 0x4d000010
[   88.700683] EMIF 2 REG Write 0x80000000 at 0x4d000014
[   88.700714] EMIF 2 REG Read 0x00000000 at 0x4d000014
[   88.700714] EMIF 2 REG Write 0x08016893 at 0x4d0000cc
[   88.700744] EMIF 2 REG Read 0x08016893 at 0x4d0000cc
[   88.700744] Temp polling alert disabled
[   88.700744] Refresh Disabled at EMIF2
[   88.700775] [i] Initialiting PUF & hammer rows
[   88.700775] [i] Single-Sided Rowhammer (SSRH)
[   88.706695] [i] Finished initialiting PUF & hammer rows
[   88.707061] [i]	Timer elapsed since its reset 0 sec
[   88.707061] [i] Decay: 60 sec
[   88.707092] [i]	Relative Decay: 0 msec
[  148.705993] [i] Total hammer attempts per row: 1864231
[  148.707275] EMIF 2 REG Write 0x00000618 at 0x4d000010
[  148.707275] EMIF 2 REG Read 0x00000618 at 0x4d000010
[  148.707305] EMIF 2 REG Write 0x00000618 at 0x4d000014
[  148.707305] EMIF 2 REG Read 0x00000618 at 0x4d000014
[  148.707336] EMIF 2 REG Write 0x58016893 at 0x4d0000cc
[  148.707336] EMIF 2 REG Read 0x58016893 at 0x4d0000cc
[  148.707366] Temp polling alert enabled
[  148.707366] Refresh enabled at EMIF2
[  148.707366] [i] Starting PUF read-out
[  148.707397] [i] Single-Sided Rowhammer (SSRH)
[  148.707397] PUF Read:0x00000000 at 0xa0008000
[  148.707397] PUF Read:0x00000000 at 0xa0008004
[  148.707458] PUF Read:0x00000000 at 0xa0008008
[  148.707489] PUF Read:0x00000000 at 0xa000800c
[  148.707489] PUF Read:0x00000000 at 0xa0008010
[  148.707489] PUF Read:0x00000100 at 0xa0008014
[  148.707489] PUF Read:0x00000000 at 0xa0008018
[  148.707489] PUF Read:0x00000000 at 0xa000801c
[  148.707489] PUF Read:0x00000000 at 0xa0008020
[  148.707641] PUF Read:0x00000000 at 0xa0008024
[  148.707672] PUF Read:0x00000000 at 0xa0008028
[  148.707672] PUF Read:0x00000000 at 0xa000802c
[  148.707672] PUF Read:0x00000000 at 0xa0008030
[  148.707733] PUF Read:0x00000000 at 0xa0008034
[  148.707733] PUF Read:0x00000000 at 0xa0008038
[  148.707733] PUF Read:0x00000000 at 0xa000803c
[  148.707733] PUF Read:0x00000000 at 0xa0008040
[  148.707855] PUF Read:0x00000000 at 0xa0008044
[  148.707855] PUF Read:0x00000000 at 0xa0008048
[  148.707855] PUF Read:0x00000000 at 0xa000804c
[  148.707855] PUF Read:0x00000000 at 0xa0008050
[  148.707977] PUF Read:0x00000000 at 0xa0008054
[  148.707977] PUF Read:0x00000000 at 0xa0008058
[  148.708038] PUF Read:0x00000000 at 0xa000805c
[  148.708068] PUF Read:0x00000000 at 0xa0008060
[  148.708068] PUF Read:0x00000000 at 0xa0008064
[  148.708068] PUF Read:0x00000000 at 0xa0008068
[  148.708129] PUF Read:0x00000000 at 0xa000806c
[  148.708129] PUF Read:0x00000000 at 0xa0008070
[  148.708190] PUF Read:0x00000000 at 0xa0008074
[  148.708221] PUF Read:0x00000000 at 0xa0008078
[  148.708221] PUF Read:0x00000000 at 0xa000807c
[  148.708221] PUF Read:0x00000000 at 0xa0008080
[  148.708221] PUF Read:0x00000000 at 0xa0008084
[  148.708221] PUF Read:0x00000000 at 0xa0008088
[  148.708221] PUF Read:0x00000000 at 0xa000808c
[  148.708374] PUF Read:0x00000000 at 0xa0008090
[  148.708404] PUF Read:0x00000000 at 0xa0008094
[  148.708404] PUF Read:0x00000000 at 0xa0008098
[  148.708404] PUF Read:0x00000000 at 0xa000809c
[  148.708465] PUF Read:0x00000000 at 0xa00080a0
[  148.708465] PUF Read:0x00000000 at 0xa00080a4
[  148.708526] PUF Read:0x00000000 at 0xa00080a8
[  148.708557] PUF Read:0x00000000 at 0xa00080ac
[  148.708557] PUF Read:0x00000000 at 0xa00080b0
[  148.708557] PUF Read:0x00000000 at 0xa00080b4
[  148.708557] PUF Read:0x00000000 at 0xa00080b8
[  148.708557] PUF Read:0x00000000 at 0xa00080bc
[  148.708557] PUF Read:0x00000000 at 0xa00080c0
[  148.708557] PUF Read:0x00000000 at 0xa00080c4
[  148.708557] PUF Read:0x00000000 at 0xa00080c8
[  148.708770] PUF Read:0x00000000 at 0xa00080cc
[  148.708801] PUF Read:0x00000000 at 0xa00080d0
[  148.708801] PUF Read:0x00000000 at 0xa00080d4
[  148.708801] PUF Read:0x00000000 at 0xa00080d8
[  148.708862] PUF Read:0x00000000 at 0xa00080dc
[  148.708862] PUF Read:0x00000000 at 0xa00080e0
[  148.708923] PUF Read:0x00000000 at 0xa00080e4
[  148.708953] PUF Read:0x00000000 at 0xa00080e8
[  148.708953] PUF Read:0x00000000 at 0xa00080ec
[  148.708953] PUF Read:0x00000000 at 0xa00080f0
[  148.709014] PUF Read:0x00000000 at 0xa00080f4
[  148.709014] PUF Read:0x00000000 at 0xa00080f8
[  148.709075] PUF Read:0x00000000 at 0xa00080fc
[  148.709106] PUF Read:0x00000000 at 0xa0008100
[  148.709106] PUF Read:0x00000000 at 0xa0008104
[  148.709167] PUF Read:0x00000000 at 0xa0008108
[  148.709167] PUF Read:0x00000000 at 0xa000810c
[  148.709167] PUF Read:0x00000000 at 0xa0008110
[  148.709167] PUF Read:0x00000000 at 0xa0008114
[  148.709259] PUF Read:0x00000000 at 0xa0008118
[  148.709289] PUF Read:0x00000000 at 0xa000811c
[  148.709289] PUF Read:0x00000000 at 0xa0008120
[  148.709289] PUF Read:0x00000000 at 0xa0008124
[  148.709381] PUF Read:0x00000000 at 0xa0008128
[  148.709381] PUF Read:0x00000000 at 0xa000812c
[  148.709381] PUF Read:0x00000000 at 0xa0008130
[  148.709381] PUF Read:0x00000000 at 0xa0008134
[  148.709472] PUF Read:0x00000000 at 0xa0008138
[  148.709503] PUF Read:0x00000000 at 0xa000813c
[  148.709503] PUF Read:0x00000000 at 0xa0008140
[  148.709503] PUF Read:0x00000000 at 0xa0008144
[  148.709503] PUF Read:0x00100400 at 0xa0008148
[  148.709503] PUF Read:0x00000000 at 0xa000814c
[  148.709686] PUF Read:0x00000000 at 0xa0008150
[  148.709686] PUF Read:0x00000000 at 0xa0008154
[  148.709686] PUF Read:0x00000000 at 0xa0008158
[  148.709686] PUF Read:0x00000000 at 0xa000815c
[  148.709686] PUF Read:0x00000000 at 0xa0008160
[  148.709686] PUF Read:0x00000000 at 0xa0008164
[  148.709686] PUF Read:0x00000000 at 0xa0008168
[  148.709930] PUF Read:0x00000000 at 0xa000816c
[  148.709930] PUF Read:0x00000000 at 0xa0008170
[  148.709930] PUF Read:0x00000000 at 0xa0008174
[  148.709930] PUF Read:0x00000000 at 0xa0008178
[  148.709930] PUF Read:0x00000000 at 0xa000817c
[  148.710113] PUF Read:0x00000000 at 0xa0008180
[  148.710113] PUF Read:0x00000000 at 0xa0008184
[  148.710113] PUF Read:0x00000000 at 0xa0008188
[  148.710113] PUF Read:0x00000000 at 0xa000818c
[  148.710266] PUF Read:0x00000000 at 0xa0008190
[  148.710266] PUF Read:0x00000000 at 0xa0008194
[  148.710266] PUF Read:0x00000000 at 0xa0008198
[  148.710266] PUF Read:0x00000000 at 0xa000819c
[  148.710418] PUF Read:0x00000000 at 0xa00081a0
[  148.710418] PUF Read:0x00000000 at 0xa00081a4
[  148.710418] PUF Read:0x00000000 at 0xa00081a8
[  148.710418] PUF Read:0x00000000 at 0xa00081ac
[  148.710540] PUF Read:0x00400000 at 0xa00081b0
[  148.710540] PUF Read:0x00000000 at 0xa00081b4
[  148.710540] PUF Read:0x00000000 at 0xa00081b8
[  148.710540] PUF Read:0x00000000 at 0xa00081bc
[  148.710693] PUF Read:0x00000000 at 0xa00081c0
[  148.710723] PUF Read:0x00000004 at 0xa00081c4
[  148.710723] PUF Read:0x00000000 at 0xa00081c8
[  148.710723] PUF Read:0x00000000 at 0xa00081cc
[  148.710723] PUF Read:0x00000000 at 0xa00081d0
[  148.710815] PUF Read:0x00000000 at 0xa00081d4
[  148.710815] PUF Read:0x00000000 at 0xa00081d8
[  148.710876] PUF Read:0x00000000 at 0xa00081dc
[  148.710906] PUF Read:0x00000000 at 0xa00081e0
[  148.710937] PUF Read:0x00000000 at 0xa00081e4
[  148.710937] PUF Read:0x00000000 at 0xa00081e8
[  148.710968] PUF Read:0x00000000 at 0xa00081ec
[  148.710998] PUF Read:0x00000000 at 0xa00081f0
[  148.710998] PUF Read:0x00000000 at 0xa00081f4
[  148.711059] PUF Read:0x00000000 at 0xa00081f8
[  148.711059] PUF Read:0x00000000 at 0xa00081fc
[  148.711059] PUF Read:0x00000000 at 0xa0008200
[  148.711151] PUF Read:0x00000000 at 0xa0008204
[  148.711151] PUF Read:0x00000000 at 0xa0008208
[  148.711151] PUF Read:0x00000000 at 0xa000820c
[  148.711151] PUF Read:0x00000000 at 0xa0008210
[  148.711151] PUF Read:0x00000000 at 0xa0008214
[  148.711151] PUF Read:0x00000000 at 0xa0008218
[  148.711303] PUF Read:0x00000000 at 0xa000821c
[  148.711334] PUF Read:0x00000000 at 0xa0008220
[  148.711334] PUF Read:0x00000000 at 0xa0008224
[  148.711334] PUF Read:0x00000000 at 0xa0008228
[  148.711395] PUF Read:0x00000000 at 0xa000822c
[  148.711395] PUF Read:0x00000000 at 0xa0008230
[  148.711456] PUF Read:0x00000000 at 0xa0008234
[  148.711486] PUF Read:0x00000000 at 0xa0008238
[  148.711486] PUF Read:0x00000000 at 0xa000823c
[  148.711486] PUF Read:0x00000000 at 0xa0008240
[  148.711547] PUF Read:0x00000000 at 0xa0008244
[  148.711547] PUF Read:0x00000000 at 0xa0008248
[  148.711608] PUF Read:0x00000000 at 0xa000824c
[  148.711639] PUF Read:0x00000000 at 0xa0008250
[  148.711639] PUF Read:0x00000000 at 0xa0008254
[  148.711639] PUF Read:0x00000000 at 0xa0008258
[  148.711639] PUF Read:0x00000000 at 0xa000825c
[  148.711639] PUF Read:0x00000000 at 0xa0008260
[  148.711761] PUF Read:0x00000000 at 0xa0008264
[  148.711761] PUF Read:0x00000000 at 0xa0008268
[  148.711761] PUF Read:0x00000000 at 0xa000826c
[  148.711761] PUF Read:0x00000000 at 0xa0008270
[  148.711761] PUF Read:0x00000000 at 0xa0008274
[  148.711883] PUF Read:0x00000000 at 0xa0008278
[  148.711914] PUF Read:0x00000000 at 0xa000827c
[  148.711914] PUF Read:0x00000000 at 0xa0008280
[  148.711914] PUF Read:0x00000000 at 0xa0008284
[  148.711975] PUF Read:0x00000000 at 0xa0008288
[  148.711975] PUF Read:0x00000000 at 0xa000828c
[  148.712036] PUF Read:0x00000000 at 0xa0008290
[  148.712066] PUF Read:0x00000000 at 0xa0008294
[  148.712066] PUF Read:0x00000000 at 0xa0008298
[  148.712066] PUF Read:0x00000000 at 0xa000829c
[  148.712127] PUF Read:0x00000000 at 0xa00082a0
[  148.712127] PUF Read:0x00000000 at 0xa00082a4
[  148.712188] PUF Read:0x00000000 at 0xa00082a8
[  148.712219] PUF Read:0x00000000 at 0xa00082ac
[  148.712219] PUF Read:0x00000000 at 0xa00082b0
[  148.712219] PUF Read:0x00000000 at 0xa00082b4
[  148.712219] PUF Read:0x00000040 at 0xa00082b8
[  148.712219] PUF Read:0x00000000 at 0xa00082bc
[  148.712341] PUF Read:0x00000000 at 0xa00082c0
[  148.712341] PUF Read:0x00000000 at 0xa00082c4
[  148.712341] PUF Read:0x00000000 at 0xa00082c8
[  148.712341] PUF Read:0x00000000 at 0xa00082cc
[  148.712341] PUF Read:0x00000000 at 0xa00082d0
[  148.712463] PUF Read:0x00000000 at 0xa00082d4
[  148.712493] PUF Read:0x00000000 at 0xa00082d8
[  148.712493] PUF Read:0x00000000 at 0xa00082dc
[  148.712493] PUF Read:0x00000000 at 0xa00082e0
[  148.712554] PUF Read:0x00000000 at 0xa00082e4
[  148.712554] PUF Read:0x00000000 at 0xa00082e8
[  148.712615] PUF Read:0x00000000 at 0xa00082ec
[  148.712646] PUF Read:0x00000000 at 0xa00082f0
[  148.712646] PUF Read:0x00000000 at 0xa00082f4
[  148.712646] PUF Read:0x00000000 at 0xa00082f8
[  148.712707] PUF Read:0x00000000 at 0xa00082fc
[  148.712707] PUF Read:0x00000000 at 0xa0008300
[  148.712799] PUF Read:0x00000000 at 0xa0008304
[  148.712829] PUF Read:0x00000000 at 0xa0008308
[  148.712860] PUF Read:0x00000000 at 0xa000830c
[  148.712890] PUF Read:0x00000000 at 0xa0008310
[  148.712921] PUF Read:0x00000000 at 0xa0008314
[  148.712921] PUF Read:0x00000000 at 0xa0008318
[  148.712921] PUF Read:0x00000000 at 0xa000831c
[  148.712921] PUF Read:0x00000000 at 0xa0008320
[  148.713012] PUF Read:0x00000000 at 0xa0008324
[  148.713043] PUF Read:0x00000000 at 0xa0008328
[  148.713043] PUF Read:0x00000000 at 0xa000832c
[  148.713043] PUF Read:0x00000004 at 0xa0008330
[  148.713165] PUF Read:0x00000000 at 0xa0008334
[  148.713165] PUF Read:0x00000000 at 0xa0008338
[  148.713165] PUF Read:0x00000000 at 0xa000833c
[  148.713165] PUF Read:0x00000000 at 0xa0008340
[  148.713317] PUF Read:0x00000000 at 0xa0008344
[  148.713317] PUF Read:0x00000000 at 0xa0008348
[  148.713317] PUF Read:0x00000000 at 0xa000834c
[  148.713317] PUF Read:0x00000000 at 0xa0008350
[  148.713470] PUF Read:0x00000000 at 0xa0008354
[  148.713470] PUF Read:0x00000000 at 0xa0008358
[  148.713562] PUF Read:0x00000000 at 0xa000835c
[  148.713592] PUF Read:0x00000000 at 0xa0008360
[  148.713592] PUF Read:0x00000000 at 0xa0008364
[  148.713592] PUF Read:0x00000000 at 0xa0008368
[  148.713592] PUF Read:0x00000000 at 0xa000836c
[  148.713592] PUF Read:0x00000000 at 0xa0008370
[  148.713592] PUF Read:0x00000000 at 0xa0008374
[  148.713745] PUF Read:0x00000000 at 0xa0008378
[  148.713745] PUF Read:0x00000000 at 0xa000837c
[  148.713745] PUF Read:0x00000000 at 0xa0008380
[  148.713745] PUF Read:0x00000000 at 0xa0008384
[  148.713745] PUF Read:0x00000000 at 0xa0008388
[  148.713745] PUF Read:0x00000000 at 0xa000838c
[  148.713745] PUF Read:0x00000000 at 0xa0008390
[  148.713745] PUF Read:0x00000000 at 0xa0008394
[  148.713958] PUF Read:0x00000000 at 0xa0008398
[  148.713989] PUF Read:0x00000000 at 0xa000839c
[  148.713989] PUF Read:0x00000000 at 0xa00083a0
[  148.714050] PUF Read:0x00000000 at 0xa00083a4
[  148.714050] PUF Read:0x00000000 at 0xa00083a8
[  148.714050] PUF Read:0x00000000 at 0xa00083ac
[  148.714050] PUF Read:0x00000000 at 0xa00083b0
[  148.714050] PUF Read:0x00000000 at 0xa00083b4
[  148.714050] PUF Read:0x00000000 at 0xa00083b8
[  148.714050] PUF Read:0x00000000 at 0xa00083bc
[  148.714050] PUF Read:0x00000000 at 0xa00083c0
[  148.714050] PUF Read:0x00000000 at 0xa00083c4
[  148.714050] PUF Read:0x00000000 at 0xa00083c8
[  148.714050] PUF Read:0x00000000 at 0xa00083cc
[  148.714385] PUF Read:0x00000000 at 0xa00083d0
[  148.714416] PUF Read:0x00000000 at 0xa00083d4
[  148.714416] PUF Read:0x00000000 at 0xa00083d8
[  148.714416] PUF Read:0x00000000 at 0xa00083dc
[  148.714477] PUF Read:0x00000000 at 0xa00083e0
[  148.714477] PUF Read:0x00000000 at 0xa00083e4
[  148.714538] PUF Read:0x00000000 at 0xa00083e8
[  148.714569] PUF Read:0x00000000 at 0xa00083ec
[  148.714569] PUF Read:0x00000000 at 0xa00083f0
[  148.714569] PUF Read:0x00000000 at 0xa00083f4
[  148.714569] PUF Read:0x00000004 at 0xa00083f8
[  148.714569] PUF Read:0x00000000 at 0xa00083fc
[  148.714691] [i] Finished PUF read-out
[  148.714691] <6>[i] Finished PUF query for decaytime: 7680
[  148.714721] [i] Start decaytime: 120
[  148.714721] EMIF 2 REG Write 0x80000000 at 0x4d000010
[  148.714721] EMIF 2 REG Read 0x80000000 at 0x4d000010
[  148.714752] EMIF 2 REG Write 0x80000000 at 0x4d000014
[  148.714752] EMIF 2 REG Read 0x00000000 at 0x4d000014
[  148.714782] EMIF 2 REG Write 0x08016893 at 0x4d0000cc
[  148.714782] EMIF 2 REG Read 0x08016893 at 0x4d0000cc
[  148.714813] Temp polling alert disabled
[  148.714813] Refresh Disabled at EMIF2
[  148.714813] [i] Initialiting PUF & hammer rows
[  148.714813] [i] Single-Sided Rowhammer (SSRH)
