[ 1771.486938] [i] Total hammer attempts per row: 1863319
[ 1771.486938] EMIF 2 REG Write 0x00000618 at 0x4d000010
[ 1771.486938] EMIF 2 REG Read 0x00000618 at 0x4d000010
[ 1771.486999] EMIF 2 REG Write 0x00000618 at 0x4d000014
[ 1771.486999] EMIF 2 REG Read 0x00000618 at 0x4d000014
[ 1771.487030] EMIF 2 REG Write 0x58016893 at 0x4d0000cc
[ 1771.487030] EMIF 2 REG Read 0x58016893 at 0x4d0000cc
[ 1771.487030] Temp polling alert enabled
[ 1771.487030] Refresh enabled at EMIF2
[ 1771.487060] [i] Starting PUF read-out
[ 1771.487060] [i] Single-Sided Rowhammer (SSRH)
[ 1771.487091] PUF Read:0x00000000 at 0xa0008000
[ 1771.487091] PUF Read:0x00000000 at 0xa0008004
[ 1771.487091] PUF Read:0x00000000 at 0xa0008008
[ 1771.487091] PUF Read:0x00000000 at 0xa000800c
[ 1771.487182] PUF Read:0x00000000 at 0xa0008010
[ 1771.487182] PUF Read:0x00000100 at 0xa0008014
[ 1771.487243] PUF Read:0x00000000 at 0xa0008018
[ 1771.487274] PUF Read:0x00000000 at 0xa000801c
[ 1771.487274] PUF Read:0x00000000 at 0xa0008020
[ 1771.487335] PUF Read:0x00000000 at 0xa0008024
[ 1771.487335] PUF Read:0x00000000 at 0xa0008028
[ 1771.487335] PUF Read:0x00000000 at 0xa000802c
[ 1771.487396] PUF Read:0x00000000 at 0xa0008030
[ 1771.487426] PUF Read:0x00000000 at 0xa0008034
[ 1771.487426] PUF Read:0x00000000 at 0xa0008038
[ 1771.487426] PUF Read:0x00000000 at 0xa000803c
[ 1771.487487] PUF Read:0x00000000 at 0xa0008040
[ 1771.487487] PUF Read:0x00000000 at 0xa0008044
[ 1771.487548] PUF Read:0x00000000 at 0xa0008048
[ 1771.487579] PUF Read:0x00000000 at 0xa000804c
[ 1771.487579] PUF Read:0x00000000 at 0xa0008050
[ 1771.487579] PUF Read:0x00000000 at 0xa0008054
[ 1771.487640] PUF Read:0x00000000 at 0xa0008058
[ 1771.487640] PUF Read:0x00000000 at 0xa000805c
[ 1771.487701] PUF Read:0x00000000 at 0xa0008060
[ 1771.487731] PUF Read:0x00000000 at 0xa0008064
[ 1771.487731] PUF Read:0x00000000 at 0xa0008068
[ 1771.487731] PUF Read:0x00000000 at 0xa000806c
[ 1771.487792] PUF Read:0x00000000 at 0xa0008070
[ 1771.487792] PUF Read:0x00000000 at 0xa0008074
[ 1771.487854] PUF Read:0x00000000 at 0xa0008078
[ 1771.487884] PUF Read:0x00000000 at 0xa000807c
[ 1771.487884] PUF Read:0x00000000 at 0xa0008080
[ 1771.487884] PUF Read:0x00000000 at 0xa0008084
[ 1771.487945] PUF Read:0x00000000 at 0xa0008088
[ 1771.487945] PUF Read:0x00000000 at 0xa000808c
[ 1771.488006] PUF Read:0x00000000 at 0xa0008090
[ 1771.488037] PUF Read:0x00000000 at 0xa0008094
[ 1771.488037] PUF Read:0x00000000 at 0xa0008098
[ 1771.488037] PUF Read:0x00000000 at 0xa000809c
[ 1771.488098] PUF Read:0x00000000 at 0xa00080a0
[ 1771.488098] PUF Read:0x00000000 at 0xa00080a4
[ 1771.488159] PUF Read:0x00000000 at 0xa00080a8
[ 1771.488159] PUF Read:0x00000000 at 0xa00080ac
[ 1771.488159] PUF Read:0x00000000 at 0xa00080b0
[ 1771.488159] PUF Read:0x00000000 at 0xa00080b4
[ 1771.488159] PUF Read:0x00000000 at 0xa00080b8
[ 1771.488159] PUF Read:0x00000000 at 0xa00080bc
[ 1771.488311] PUF Read:0x00000000 at 0xa00080c0
[ 1771.488311] PUF Read:0x00000000 at 0xa00080c4
[ 1771.488372] PUF Read:0x00000000 at 0xa00080c8
[ 1771.488372] PUF Read:0x00000000 at 0xa00080cc
[ 1771.488372] PUF Read:0x00000000 at 0xa00080d0
[ 1771.488433] PUF Read:0x00000000 at 0xa00080d4
[ 1771.488464] PUF Read:0x00000000 at 0xa00080d8
[ 1771.488464] PUF Read:0x00000000 at 0xa00080dc
[ 1771.488464] PUF Read:0x00000000 at 0xa00080e0
[ 1771.488464] PUF Read:0x00000000 at 0xa00080e4
[ 1771.488555] PUF Read:0x00000000 at 0xa00080e8
[ 1771.488555] PUF Read:0x00000001 at 0xa00080ec
[ 1771.488616] PUF Read:0x00000000 at 0xa00080f0
[ 1771.488647] PUF Read:0x00000000 at 0xa00080f4
[ 1771.488647] PUF Read:0x00000000 at 0xa00080f8
[ 1771.488647] PUF Read:0x00000000 at 0xa00080fc
[ 1771.488708] PUF Read:0x00000000 at 0xa0008100
[ 1771.488708] PUF Read:0x00000000 at 0xa0008104
[ 1771.488769] PUF Read:0x00000000 at 0xa0008108
[ 1771.488800] PUF Read:0x00000000 at 0xa000810c
[ 1771.488800] PUF Read:0x00000000 at 0xa0008110
[ 1771.488800] PUF Read:0x00000000 at 0xa0008114
[ 1771.488861] PUF Read:0x00000000 at 0xa0008118
[ 1771.488861] PUF Read:0x00000000 at 0xa000811c
[ 1771.488922] PUF Read:0x00000000 at 0xa0008120
[ 1771.488952] PUF Read:0x00000000 at 0xa0008124
[ 1771.488952] PUF Read:0x00000000 at 0xa0008128
[ 1771.488952] PUF Read:0x00000000 at 0xa000812c
[ 1771.489013] PUF Read:0x00000000 at 0xa0008130
[ 1771.489013] PUF Read:0x00000000 at 0xa0008134
[ 1771.489074] PUF Read:0x00000000 at 0xa0008138
[ 1771.489105] PUF Read:0x00000000 at 0xa000813c
[ 1771.489105] PUF Read:0x00000000 at 0xa0008140
[ 1771.489105] PUF Read:0x00000000 at 0xa0008144
[ 1771.489105] PUF Read:0x00100400 at 0xa0008148
[ 1771.489105] PUF Read:0x00000000 at 0xa000814c
[ 1771.489227] PUF Read:0x00000000 at 0xa0008150
[ 1771.489227] PUF Read:0x00000000 at 0xa0008154
[ 1771.489227] PUF Read:0x00000000 at 0xa0008158
[ 1771.489227] PUF Read:0x00000000 at 0xa000815c
[ 1771.489227] PUF Read:0x00000000 at 0xa0008160
[ 1771.489227] PUF Read:0x00000000 at 0xa0008164
[ 1771.489379] PUF Read:0x00000000 at 0xa0008168
[ 1771.489379] PUF Read:0x00000000 at 0xa000816c
[ 1771.489379] PUF Read:0x00000000 at 0xa0008170
[ 1771.489440] PUF Read:0x00000000 at 0xa0008174
[ 1771.489440] PUF Read:0x00000000 at 0xa0008178
[ 1771.489501] PUF Read:0x00000000 at 0xa000817c
[ 1771.489532] PUF Read:0x00000000 at 0xa0008180
[ 1771.489532] PUF Read:0x00000000 at 0xa0008184
[ 1771.489532] PUF Read:0x00000000 at 0xa0008188
[ 1771.489593] PUF Read:0x00000000 at 0xa000818c
[ 1771.489593] PUF Read:0x00000000 at 0xa0008190
[ 1771.489654] PUF Read:0x00000000 at 0xa0008194
[ 1771.489654] PUF Read:0x00000000 at 0xa0008198
[ 1771.489654] PUF Read:0x00000000 at 0xa000819c
[ 1771.489654] PUF Read:0x00000000 at 0xa00081a0
[ 1771.489654] PUF Read:0x00000000 at 0xa00081a4
[ 1771.489654] PUF Read:0x00000000 at 0xa00081a8
[ 1771.489807] PUF Read:0x00000000 at 0xa00081ac
[ 1771.489807] PUF Read:0x00400000 at 0xa00081b0
[ 1771.489807] PUF Read:0x00000000 at 0xa00081b4
[ 1771.489807] PUF Read:0x00000000 at 0xa00081b8
[ 1771.489807] PUF Read:0x00000000 at 0xa00081bc
[ 1771.489807] PUF Read:0x00000000 at 0xa00081c0
[ 1771.489959] PUF Read:0x00000004 at 0xa00081c4
[ 1771.489959] PUF Read:0x00000000 at 0xa00081c8
[ 1771.489959] PUF Read:0x00000000 at 0xa00081cc
[ 1771.489959] PUF Read:0x00000000 at 0xa00081d0
[ 1771.490051] PUF Read:0x00000000 at 0xa00081d4
[ 1771.490051] PUF Read:0x00000000 at 0xa00081d8
[ 1771.490112] PUF Read:0x00000000 at 0xa00081dc
[ 1771.490142] PUF Read:0x00000000 at 0xa00081e0
[ 1771.490142] PUF Read:0x00000000 at 0xa00081e4
[ 1771.490142] PUF Read:0x00000000 at 0xa00081e8
[ 1771.490203] PUF Read:0x00000000 at 0xa00081ec
[ 1771.490203] PUF Read:0x00000000 at 0xa00081f0
[ 1771.490264] PUF Read:0x00000000 at 0xa00081f4
[ 1771.490295] PUF Read:0x00000000 at 0xa00081f8
[ 1771.490295] PUF Read:0x00000000 at 0xa00081fc
[ 1771.490295] PUF Read:0x00000000 at 0xa0008200
[ 1771.490356] PUF Read:0x00000000 at 0xa0008204
[ 1771.490356] PUF Read:0x00000000 at 0xa0008208
[ 1771.490417] PUF Read:0x00000000 at 0xa000820c
[ 1771.490447] PUF Read:0x00000000 at 0xa0008210
[ 1771.490447] PUF Read:0x00000000 at 0xa0008214
[ 1771.490447] PUF Read:0x00000000 at 0xa0008218
[ 1771.490447] PUF Read:0x00000000 at 0xa000821c
[ 1771.490447] PUF Read:0x00000000 at 0xa0008220
[ 1771.490570] PUF Read:0x00000000 at 0xa0008224
[ 1771.490570] PUF Read:0x00000000 at 0xa0008228
[ 1771.490631] PUF Read:0x00000000 at 0xa000822c
[ 1771.490631] PUF Read:0x00000000 at 0xa0008230
[ 1771.490631] PUF Read:0x00000000 at 0xa0008234
[ 1771.490692] PUF Read:0x00000000 at 0xa0008238
[ 1771.490722] PUF Read:0x00000000 at 0xa000823c
[ 1771.490722] PUF Read:0x00000000 at 0xa0008240
[ 1771.490722] PUF Read:0x00000000 at 0xa0008244
[ 1771.490783] PUF Read:0x00000000 at 0xa0008248
[ 1771.490783] PUF Read:0x00000000 at 0xa000824c
[ 1771.490844] PUF Read:0x00000000 at 0xa0008250
[ 1771.490875] PUF Read:0x00000000 at 0xa0008254
[ 1771.490875] PUF Read:0x00000000 at 0xa0008258
[ 1771.490875] PUF Read:0x00000000 at 0xa000825c
[ 1771.490936] PUF Read:0x00000000 at 0xa0008260
[ 1771.490936] PUF Read:0x00000000 at 0xa0008264
[ 1771.490997] PUF Read:0x00000000 at 0xa0008268
[ 1771.491027] PUF Read:0x00000000 at 0xa000826c
[ 1771.491027] PUF Read:0x00000000 at 0xa0008270
[ 1771.491027] PUF Read:0x00000000 at 0xa0008274
[ 1771.491027] PUF Read:0x00000000 at 0xa0008278
[ 1771.491027] PUF Read:0x00000000 at 0xa000827c
[ 1771.491149] PUF Read:0x00000000 at 0xa0008280
[ 1771.491149] PUF Read:0x00000000 at 0xa0008284
[ 1771.491210] PUF Read:0x00000000 at 0xa0008288
[ 1771.491210] PUF Read:0x00000000 at 0xa000828c
[ 1771.491210] PUF Read:0x00000000 at 0xa0008290
[ 1771.491271] PUF Read:0x00000000 at 0xa0008294
[ 1771.491302] PUF Read:0x00000000 at 0xa0008298
[ 1771.491302] PUF Read:0x00000000 at 0xa000829c
[ 1771.491302] PUF Read:0x00000000 at 0xa00082a0
[ 1771.491363] PUF Read:0x00000000 at 0xa00082a4
[ 1771.491363] PUF Read:0x00000000 at 0xa00082a8
[ 1771.491424] PUF Read:0x00000000 at 0xa00082ac
[ 1771.491455] PUF Read:0x00000000 at 0xa00082b0
[ 1771.491455] PUF Read:0x00000000 at 0xa00082b4
[ 1771.491455] PUF Read:0x00000040 at 0xa00082b8
[ 1771.491455] PUF Read:0x00000000 at 0xa00082bc
[ 1771.491455] PUF Read:0x00000000 at 0xa00082c0
[ 1771.491455] PUF Read:0x00000000 at 0xa00082c4
[ 1771.491607] PUF Read:0x00000000 at 0xa00082c8
[ 1771.491607] PUF Read:0x00000000 at 0xa00082cc
[ 1771.491607] PUF Read:0x00000000 at 0xa00082d0
[ 1771.491607] PUF Read:0x00000000 at 0xa00082d4
[ 1771.491607] PUF Read:0x00000000 at 0xa00082d8
[ 1771.491607] PUF Read:0x00000000 at 0xa00082dc
[ 1771.491760] PUF Read:0x00000000 at 0xa00082e0
[ 1771.491760] PUF Read:0x00000000 at 0xa00082e4
[ 1771.491760] PUF Read:0x00000000 at 0xa00082e8
[ 1771.491760] PUF Read:0x00000000 at 0xa00082ec
[ 1771.491760] PUF Read:0x00000000 at 0xa00082f0
[ 1771.491882] PUF Read:0x00000000 at 0xa00082f4
[ 1771.491912] PUF Read:0x00000000 at 0xa00082f8
[ 1771.491912] PUF Read:0x00000000 at 0xa00082fc
[ 1771.491912] PUF Read:0x00000000 at 0xa0008300
[ 1771.491973] PUF Read:0x00000000 at 0xa0008304
[ 1771.491973] PUF Read:0x00000000 at 0xa0008308
[ 1771.492034] PUF Read:0x00000000 at 0xa000830c
[ 1771.492065] PUF Read:0x00000000 at 0xa0008310
[ 1771.492065] PUF Read:0x00000000 at 0xa0008314
[ 1771.492065] PUF Read:0x00000000 at 0xa0008318
[ 1771.492126] PUF Read:0x10000000 at 0xa000831c
[ 1771.492126] PUF Read:0x00000000 at 0xa0008320
[ 1771.492187] PUF Read:0x00000000 at 0xa0008324
[ 1771.492187] PUF Read:0x00000000 at 0xa0008328
[ 1771.492187] PUF Read:0x00000000 at 0xa000832c
[ 1771.492187] PUF Read:0x00000004 at 0xa0008330
[ 1771.492187] PUF Read:0x00000000 at 0xa0008334
[ 1771.492187] PUF Read:0x00000000 at 0xa0008338
[ 1771.492340] PUF Read:0x00000000 at 0xa000833c
[ 1771.492340] PUF Read:0x00000000 at 0xa0008340
[ 1771.492340] PUF Read:0x00000000 at 0xa0008344
[ 1771.492340] PUF Read:0x00000000 at 0xa0008348
[ 1771.492340] PUF Read:0x00000000 at 0xa000834c
[ 1771.492340] PUF Read:0x00000000 at 0xa0008350
[ 1771.492492] PUF Read:0x00000000 at 0xa0008354
[ 1771.492492] PUF Read:0x00000000 at 0xa0008358
[ 1771.492492] PUF Read:0x00000000 at 0xa000835c
[ 1771.492492] PUF Read:0x00010000 at 0xa0008360
[ 1771.492492] PUF Read:0x00000000 at 0xa0008364
[ 1771.492492] PUF Read:0x00000000 at 0xa0008368
[ 1771.492645] PUF Read:0x00000000 at 0xa000836c
[ 1771.492645] PUF Read:0x00000000 at 0xa0008370
[ 1771.492645] PUF Read:0x00000000 at 0xa0008374
[ 1771.492706] PUF Read:0x00000000 at 0xa0008378
[ 1771.492706] PUF Read:0x00000000 at 0xa000837c
[ 1771.492767] PUF Read:0x00000000 at 0xa0008380
[ 1771.492797] PUF Read:0x00000000 at 0xa0008384
[ 1771.492797] PUF Read:0x00000000 at 0xa0008388
[ 1771.492797] PUF Read:0x00000000 at 0xa000838c
[ 1771.492858] PUF Read:0x00000000 at 0xa0008390
[ 1771.492858] PUF Read:0x00000000 at 0xa0008394
[ 1771.492919] PUF Read:0x00000000 at 0xa0008398
[ 1771.492950] PUF Read:0x00000000 at 0xa000839c
[ 1771.492950] PUF Read:0x00000000 at 0xa00083a0
[ 1771.492950] PUF Read:0x00000000 at 0xa00083a4
[ 1771.493011] PUF Read:0x00000000 at 0xa00083a8
[ 1771.493011] PUF Read:0x00000000 at 0xa00083ac
[ 1771.493011] PUF Read:0x00000000 at 0xa00083b0
[ 1771.493103] PUF Read:0x00000000 at 0xa00083b4
[ 1771.493133] PUF Read:0x00000000 at 0xa00083b8
[ 1771.493133] PUF Read:0x00000000 at 0xa00083bc
[ 1771.493133] PUF Read:0x00000000 at 0xa00083c0
[ 1771.493133] PUF Read:0x00000000 at 0xa00083c4
[ 1771.493133] PUF Read:0x00000000 at 0xa00083c8
[ 1771.493255] PUF Read:0x00000000 at 0xa00083cc
[ 1771.493255] PUF Read:0x00000000 at 0xa00083d0
[ 1771.493255] PUF Read:0x00000000 at 0xa00083d4
[ 1771.493255] PUF Read:0x00000000 at 0xa00083d8
[ 1771.493255] PUF Read:0x00000000 at 0xa00083dc
[ 1771.493255] PUF Read:0x00000000 at 0xa00083e0
[ 1771.493408] PUF Read:0x00000000 at 0xa00083e4
[ 1771.493408] PUF Read:0x00000000 at 0xa00083e8
[ 1771.493408] PUF Read:0x00000000 at 0xa00083ec
[ 1771.493408] PUF Read:0x00000000 at 0xa00083f0
[ 1771.493408] PUF Read:0x00000000 at 0xa00083f4
[ 1771.493408] PUF Read:0x00000004 at 0xa00083f8
[ 1771.493560] PUF Read:0x00040000 at 0xa00083fc
[ 1771.493560] [i] Finished PUF read-out
[ 1771.493591] <6>[i] Finished PUF query for decaytime: 7680
[ 1771.493591] [i] Start decaytime: 120
[ 1771.493621] EMIF 2 REG Write 0x80000000 at 0x4d000010
[ 1771.493621] EMIF 2 REG Read 0x80000000 at 0x4d000010
[ 1771.493652] EMIF 2 REG Write 0x80000000 at 0x4d000014
[ 1771.493652] EMIF 2 REG Read 0x00000000 at 0x4d000014
[ 1771.493652] EMIF 2 REG Write 0x08016893 at 0x4d0000cc
[ 1771.493682] EMIF 2 REG Read 0x08016893 at 0x4d0000cc
[ 1771.493682] Temp polling alert disabled
[ 1771.493682] Refresh Disabled at EMIF2
[ 1771.493713] [i] Initialiting PUF & hammer rows
[ 1771.493713] [i] Single-Sided Rowhammer (SSRH)
[ 1771.495697] [i] Finished initialiting PUF & hammer rows
[ 1771.501770] [i]	Timer elapsed since its reset 0 sec
[ 1771.501770] [i] Decay: 120 sec
[ 1771.501770] [i]	Relative Decay: 0 msec
